[0.391s] Invoking command in '/media/ros/fedora/home/maylis/Dokumente/TeleNav/build/my_robot_interfaces': CMAKE_PREFIX_PATH=${CMAKE_PREFIX_PATH}:/media/ros/fedora/home/maylis/Dokumente/TeleNav/install/turtle_controller:/media/ros/fedora/home/maylis/Dokumente/TeleNav/install/turtle_spawner:/media/ros/fedora/home/maylis/Dokumente/TeleNav/install/my_robot_controller:/opt/ros/humble /usr/bin/cmake --build /media/ros/fedora/home/maylis/Dokumente/TeleNav/build/my_robot_interfaces -- -j6 -l6
[0.471s] [  1%] Built target my_robot_interfaces__cpp
[0.480s] [ 12%] Built target my_robot_interfaces__rosidl_generator_c
[0.500s] [ 12%] Built target ament_cmake_python_copy_my_robot_interfaces
[0.521s] [ 23%] Built target my_robot_interfaces__rosidl_typesupport_fastrtps_cpp
[0.524s] [ 34%] Built target my_robot_interfaces__rosidl_typesupport_cpp
[0.526s] [ 45%] Built target my_robot_interfaces__rosidl_typesupport_fastrtps_c
[0.527s] [ 56%] Built target my_robot_interfaces__rosidl_typesupport_introspection_cpp
[0.534s] [ 67%] Built target my_robot_interfaces__rosidl_typesupport_introspection_c
[0.536s] [ 78%] Built target my_robot_interfaces__rosidl_typesupport_c
[0.563s] [ 78%] Built target my_robot_interfaces
[0.589s] [ 80%] Built target my_robot_interfaces__py
[0.618s] [ 89%] Built target my_robot_interfaces__rosidl_generator_py
[0.650s] [ 94%] Built target my_robot_interfaces__rosidl_typesupport_c__pyext
[0.652s] [ 96%] Built target my_robot_interfaces__rosidl_typesupport_fastrtps_c__pyext
[0.652s] [100%] Built target my_robot_interfaces__rosidl_typesupport_introspection_c__pyext
[0.853s] running egg_info
[0.854s] writing my_robot_interfaces.egg-info/PKG-INFO
[0.854s] writing dependency_links to my_robot_interfaces.egg-info/dependency_links.txt
[0.854s] writing top-level names to my_robot_interfaces.egg-info/top_level.txt
[0.861s] reading manifest file 'my_robot_interfaces.egg-info/SOURCES.txt'
[0.863s] writing manifest file 'my_robot_interfaces.egg-info/SOURCES.txt'
[0.914s] [100%] Built target ament_cmake_python_build_my_robot_interfaces_egg
[0.943s] Invoked command in '/media/ros/fedora/home/maylis/Dokumente/TeleNav/build/my_robot_interfaces' returned '0': CMAKE_PREFIX_PATH=${CMAKE_PREFIX_PATH}:/media/ros/fedora/home/maylis/Dokumente/TeleNav/install/turtle_controller:/media/ros/fedora/home/maylis/Dokumente/TeleNav/install/turtle_spawner:/media/ros/fedora/home/maylis/Dokumente/TeleNav/install/my_robot_controller:/opt/ros/humble /usr/bin/cmake --build /media/ros/fedora/home/maylis/Dokumente/TeleNav/build/my_robot_interfaces -- -j6 -l6
[0.943s] Invoking command in '/media/ros/fedora/home/maylis/Dokumente/TeleNav/build/my_robot_interfaces': CMAKE_PREFIX_PATH=${CMAKE_PREFIX_PATH}:/media/ros/fedora/home/maylis/Dokumente/TeleNav/install/turtle_controller:/media/ros/fedora/home/maylis/Dokumente/TeleNav/install/turtle_spawner:/media/ros/fedora/home/maylis/Dokumente/TeleNav/install/my_robot_controller:/opt/ros/humble /usr/bin/cmake --install /media/ros/fedora/home/maylis/Dokumente/TeleNav/build/my_robot_interfaces
[0.966s] -- Install configuration: ""
[0.968s] -- Up-to-date: /media/ros/fedora/home/maylis/Dokumente/TeleNav/install/my_robot_interfaces/share/ament_index/resource_index/rosidl_interfaces/my_robot_interfaces
[0.969s] -- Up-to-date: /media/ros/fedora/home/maylis/Dokumente/TeleNav/install/my_robot_interfaces/include/my_robot_interfaces/my_robot_interfaces
[0.969s] -- Up-to-date: /media/ros/fedora/home/maylis/Dokumente/TeleNav/install/my_robot_interfaces/include/my_robot_interfaces/my_robot_interfaces/msg
[0.969s] -- Up-to-date: /media/ros/fedora/home/maylis/Dokumente/TeleNav/install/my_robot_interfaces/include/my_robot_interfaces/my_robot_interfaces/msg/rosidl_generator_c__visibility_control.h
[0.969s] -- Up-to-date: /media/ros/fedora/home/maylis/Dokumente/TeleNav/install/my_robot_interfaces/include/my_robot_interfaces/my_robot_interfaces/msg/hardware_status.h
[0.970s] -- Up-to-date: /media/ros/fedora/home/maylis/Dokumente/TeleNav/install/my_robot_interfaces/include/my_robot_interfaces/my_robot_interfaces/msg/detail
[0.970s] -- Up-to-date: /media/ros/fedora/home/maylis/Dokumente/TeleNav/install/my_robot_interfaces/include/my_robot_interfaces/my_robot_interfaces/msg/detail/hardware_status__functions.c
[0.970s] -- Up-to-date: /media/ros/fedora/home/maylis/Dokumente/TeleNav/install/my_robot_interfaces/include/my_robot_interfaces/my_robot_interfaces/msg/detail/hardware_status__functions.h
[0.970s] -- Up-to-date: /media/ros/fedora/home/maylis/Dokumente/TeleNav/install/my_robot_interfaces/include/my_robot_interfaces/my_robot_interfaces/msg/detail/hardware_status__struct.h
[0.971s] -- Up-to-date: /media/ros/fedora/home/maylis/Dokumente/TeleNav/install/my_robot_interfaces/include/my_robot_interfaces/my_robot_interfaces/msg/detail/hardware_status__type_support.h
[0.971s] -- Up-to-date: /media/ros/fedora/home/maylis/Dokumente/TeleNav/install/my_robot_interfaces/include/my_robot_interfaces/my_robot_interfaces/msg/detail/led_state__functions.c
[0.971s] -- Up-to-date: /media/ros/fedora/home/maylis/Dokumente/TeleNav/install/my_robot_interfaces/include/my_robot_interfaces/my_robot_interfaces/msg/detail/led_state__functions.h
[0.971s] -- Up-to-date: /media/ros/fedora/home/maylis/Dokumente/TeleNav/install/my_robot_interfaces/include/my_robot_interfaces/my_robot_interfaces/msg/detail/led_state__struct.h
[0.971s] -- Up-to-date: /media/ros/fedora/home/maylis/Dokumente/TeleNav/install/my_robot_interfaces/include/my_robot_interfaces/my_robot_interfaces/msg/detail/led_state__type_support.h
[0.971s] -- Up-to-date: /media/ros/fedora/home/maylis/Dokumente/TeleNav/install/my_robot_interfaces/include/my_robot_interfaces/my_robot_interfaces/msg/led_state.h
[0.971s] -- Up-to-date: /media/ros/fedora/home/maylis/Dokumente/TeleNav/install/my_robot_interfaces/include/my_robot_interfaces/my_robot_interfaces/srv
[0.976s] -- Up-to-date: /media/ros/fedora/home/maylis/Dokumente/TeleNav/install/my_robot_interfaces/include/my_robot_interfaces/my_robot_interfaces/srv/compute_rectangle_area.h
[0.976s] -- Up-to-date: /media/ros/fedora/home/maylis/Dokumente/TeleNav/install/my_robot_interfaces/include/my_robot_interfaces/my_robot_interfaces/srv/detail
[0.977s] -- Up-to-date: /media/ros/fedora/home/maylis/Dokumente/TeleNav/install/my_robot_interfaces/include/my_robot_interfaces/my_robot_interfaces/srv/detail/compute_rectangle_area__functions.c
[0.977s] -- Up-to-date: /media/ros/fedora/home/maylis/Dokumente/TeleNav/install/my_robot_interfaces/include/my_robot_interfaces/my_robot_interfaces/srv/detail/compute_rectangle_area__functions.h
[0.977s] -- Up-to-date: /media/ros/fedora/home/maylis/Dokumente/TeleNav/install/my_robot_interfaces/include/my_robot_interfaces/my_robot_interfaces/srv/detail/compute_rectangle_area__struct.h
[0.977s] -- Up-to-date: /media/ros/fedora/home/maylis/Dokumente/TeleNav/install/my_robot_interfaces/include/my_robot_interfaces/my_robot_interfaces/srv/detail/compute_rectangle_area__type_support.h
[0.977s] -- Up-to-date: /media/ros/fedora/home/maylis/Dokumente/TeleNav/install/my_robot_interfaces/include/my_robot_interfaces/my_robot_interfaces/srv/detail/set_led__functions.c
[0.977s] -- Up-to-date: /media/ros/fedora/home/maylis/Dokumente/TeleNav/install/my_robot_interfaces/include/my_robot_interfaces/my_robot_interfaces/srv/detail/set_led__functions.h
[0.977s] -- Up-to-date: /media/ros/fedora/home/maylis/Dokumente/TeleNav/install/my_robot_interfaces/include/my_robot_interfaces/my_robot_interfaces/srv/detail/set_led__struct.h
[0.977s] -- Up-to-date: /media/ros/fedora/home/maylis/Dokumente/TeleNav/install/my_robot_interfaces/include/my_robot_interfaces/my_robot_interfaces/srv/detail/set_led__type_support.h
[0.977s] -- Up-to-date: /media/ros/fedora/home/maylis/Dokumente/TeleNav/install/my_robot_interfaces/include/my_robot_interfaces/my_robot_interfaces/srv/set_led.h
[0.977s] -- Up-to-date: /media/ros/fedora/home/maylis/Dokumente/TeleNav/install/my_robot_interfaces/share/my_robot_interfaces/environment/library_path.sh
[0.977s] -- Up-to-date: /media/ros/fedora/home/maylis/Dokumente/TeleNav/install/my_robot_interfaces/share/my_robot_interfaces/environment/library_path.dsv
[0.978s] -- Up-to-date: /media/ros/fedora/home/maylis/Dokumente/TeleNav/install/my_robot_interfaces/lib/libmy_robot_interfaces__rosidl_generator_c.so
[0.978s] -- Up-to-date: /media/ros/fedora/home/maylis/Dokumente/TeleNav/install/my_robot_interfaces/include/my_robot_interfaces/my_robot_interfaces
[0.985s] -- Up-to-date: /media/ros/fedora/home/maylis/Dokumente/TeleNav/install/my_robot_interfaces/include/my_robot_interfaces/my_robot_interfaces/msg
[0.985s] -- Up-to-date: /media/ros/fedora/home/maylis/Dokumente/TeleNav/install/my_robot_interfaces/include/my_robot_interfaces/my_robot_interfaces/msg/rosidl_typesupport_fastrtps_c__visibility_control.h
[0.985s] -- Up-to-date: /media/ros/fedora/home/maylis/Dokumente/TeleNav/install/my_robot_interfaces/include/my_robot_interfaces/my_robot_interfaces/msg/detail
[0.985s] -- Up-to-date: /media/ros/fedora/home/maylis/Dokumente/TeleNav/install/my_robot_interfaces/include/my_robot_interfaces/my_robot_interfaces/msg/detail/hardware_status__rosidl_typesupport_fastrtps_c.h
[0.985s] -- Up-to-date: /media/ros/fedora/home/maylis/Dokumente/TeleNav/install/my_robot_interfaces/include/my_robot_interfaces/my_robot_interfaces/msg/detail/led_state__rosidl_typesupport_fastrtps_c.h
[0.986s] -- Up-to-date: /media/ros/fedora/home/maylis/Dokumente/TeleNav/install/my_robot_interfaces/include/my_robot_interfaces/my_robot_interfaces/srv
[0.986s] -- Up-to-date: /media/ros/fedora/home/maylis/Dokumente/TeleNav/install/my_robot_interfaces/include/my_robot_interfaces/my_robot_interfaces/srv/detail
[0.986s] -- Up-to-date: /media/ros/fedora/home/maylis/Dokumente/TeleNav/install/my_robot_interfaces/include/my_robot_interfaces/my_robot_interfaces/srv/detail/compute_rectangle_area__rosidl_typesupport_fastrtps_c.h
[0.986s] -- Up-to-date: /media/ros/fedora/home/maylis/Dokumente/TeleNav/install/my_robot_interfaces/include/my_robot_interfaces/my_robot_interfaces/srv/detail/set_led__rosidl_typesupport_fastrtps_c.h
[0.986s] -- Up-to-date: /media/ros/fedora/home/maylis/Dokumente/TeleNav/install/my_robot_interfaces/lib/libmy_robot_interfaces__rosidl_typesupport_fastrtps_c.so
[0.986s] -- Up-to-date: /media/ros/fedora/home/maylis/Dokumente/TeleNav/install/my_robot_interfaces/include/my_robot_interfaces/my_robot_interfaces
[0.986s] -- Up-to-date: /media/ros/fedora/home/maylis/Dokumente/TeleNav/install/my_robot_interfaces/include/my_robot_interfaces/my_robot_interfaces/msg
[0.986s] -- Up-to-date: /media/ros/fedora/home/maylis/Dokumente/TeleNav/install/my_robot_interfaces/include/my_robot_interfaces/my_robot_interfaces/msg/rosidl_typesupport_introspection_c__visibility_control.h
[0.992s] -- Up-to-date: /media/ros/fedora/home/maylis/Dokumente/TeleNav/install/my_robot_interfaces/include/my_robot_interfaces/my_robot_interfaces/msg/detail
[0.992s] -- Up-to-date: /media/ros/fedora/home/maylis/Dokumente/TeleNav/install/my_robot_interfaces/include/my_robot_interfaces/my_robot_interfaces/msg/detail/hardware_status__rosidl_typesupport_introspection_c.h
[0.992s] -- Up-to-date: /media/ros/fedora/home/maylis/Dokumente/TeleNav/install/my_robot_interfaces/include/my_robot_interfaces/my_robot_interfaces/msg/detail/hardware_status__type_support.c
[0.992s] -- Up-to-date: /media/ros/fedora/home/maylis/Dokumente/TeleNav/install/my_robot_interfaces/include/my_robot_interfaces/my_robot_interfaces/msg/detail/led_state__rosidl_typesupport_introspection_c.h
[0.993s] -- Up-to-date: /media/ros/fedora/home/maylis/Dokumente/TeleNav/install/my_robot_interfaces/include/my_robot_interfaces/my_robot_interfaces/msg/detail/led_state__type_support.c
[0.993s] -- Up-to-date: /media/ros/fedora/home/maylis/Dokumente/TeleNav/install/my_robot_interfaces/include/my_robot_interfaces/my_robot_interfaces/srv
[0.993s] -- Up-to-date: /media/ros/fedora/home/maylis/Dokumente/TeleNav/install/my_robot_interfaces/include/my_robot_interfaces/my_robot_interfaces/srv/detail
[0.993s] -- Up-to-date: /media/ros/fedora/home/maylis/Dokumente/TeleNav/install/my_robot_interfaces/include/my_robot_interfaces/my_robot_interfaces/srv/detail/compute_rectangle_area__rosidl_typesupport_introspection_c.h
[0.993s] -- Up-to-date: /media/ros/fedora/home/maylis/Dokumente/TeleNav/install/my_robot_interfaces/include/my_robot_interfaces/my_robot_interfaces/srv/detail/compute_rectangle_area__type_support.c
[0.993s] -- Up-to-date: /media/ros/fedora/home/maylis/Dokumente/TeleNav/install/my_robot_interfaces/include/my_robot_interfaces/my_robot_interfaces/srv/detail/set_led__rosidl_typesupport_introspection_c.h
[0.993s] -- Up-to-date: /media/ros/fedora/home/maylis/Dokumente/TeleNav/install/my_robot_interfaces/include/my_robot_interfaces/my_robot_interfaces/srv/detail/set_led__type_support.c
[0.993s] -- Up-to-date: /media/ros/fedora/home/maylis/Dokumente/TeleNav/install/my_robot_interfaces/lib/libmy_robot_interfaces__rosidl_typesupport_introspection_c.so
[0.993s] -- Up-to-date: /media/ros/fedora/home/maylis/Dokumente/TeleNav/install/my_robot_interfaces/lib/libmy_robot_interfaces__rosidl_typesupport_c.so
[0.993s] -- Up-to-date: /media/ros/fedora/home/maylis/Dokumente/TeleNav/install/my_robot_interfaces/include/my_robot_interfaces/my_robot_interfaces
[0.993s] -- Up-to-date: /media/ros/fedora/home/maylis/Dokumente/TeleNav/install/my_robot_interfaces/include/my_robot_interfaces/my_robot_interfaces/msg
[0.994s] -- Up-to-date: /media/ros/fedora/home/maylis/Dokumente/TeleNav/install/my_robot_interfaces/include/my_robot_interfaces/my_robot_interfaces/msg/rosidl_generator_cpp__visibility_control.hpp
[1.003s] -- Up-to-date: /media/ros/fedora/home/maylis/Dokumente/TeleNav/install/my_robot_interfaces/include/my_robot_interfaces/my_robot_interfaces/msg/detail
[1.003s] -- Up-to-date: /media/ros/fedora/home/maylis/Dokumente/TeleNav/install/my_robot_interfaces/include/my_robot_interfaces/my_robot_interfaces/msg/detail/hardware_status__builder.hpp
[1.003s] -- Up-to-date: /media/ros/fedora/home/maylis/Dokumente/TeleNav/install/my_robot_interfaces/include/my_robot_interfaces/my_robot_interfaces/msg/detail/hardware_status__struct.hpp
[1.003s] -- Up-to-date: /media/ros/fedora/home/maylis/Dokumente/TeleNav/install/my_robot_interfaces/include/my_robot_interfaces/my_robot_interfaces/msg/detail/hardware_status__traits.hpp
[1.003s] -- Up-to-date: /media/ros/fedora/home/maylis/Dokumente/TeleNav/install/my_robot_interfaces/include/my_robot_interfaces/my_robot_interfaces/msg/detail/hardware_status__type_support.hpp
[1.003s] -- Up-to-date: /media/ros/fedora/home/maylis/Dokumente/TeleNav/install/my_robot_interfaces/include/my_robot_interfaces/my_robot_interfaces/msg/detail/led_state__builder.hpp
[1.003s] -- Up-to-date: /media/ros/fedora/home/maylis/Dokumente/TeleNav/install/my_robot_interfaces/include/my_robot_interfaces/my_robot_interfaces/msg/detail/led_state__struct.hpp
[1.003s] -- Up-to-date: /media/ros/fedora/home/maylis/Dokumente/TeleNav/install/my_robot_interfaces/include/my_robot_interfaces/my_robot_interfaces/msg/detail/led_state__traits.hpp
[1.003s] -- Up-to-date: /media/ros/fedora/home/maylis/Dokumente/TeleNav/install/my_robot_interfaces/include/my_robot_interfaces/my_robot_interfaces/msg/detail/led_state__type_support.hpp
[1.003s] -- Up-to-date: /media/ros/fedora/home/maylis/Dokumente/TeleNav/install/my_robot_interfaces/include/my_robot_interfaces/my_robot_interfaces/msg/hardware_status.hpp
[1.003s] -- Up-to-date: /media/ros/fedora/home/maylis/Dokumente/TeleNav/install/my_robot_interfaces/include/my_robot_interfaces/my_robot_interfaces/msg/led_state.hpp
[1.004s] -- Up-to-date: /media/ros/fedora/home/maylis/Dokumente/TeleNav/install/my_robot_interfaces/include/my_robot_interfaces/my_robot_interfaces/srv
[1.004s] -- Up-to-date: /media/ros/fedora/home/maylis/Dokumente/TeleNav/install/my_robot_interfaces/include/my_robot_interfaces/my_robot_interfaces/srv/compute_rectangle_area.hpp
[1.004s] -- Up-to-date: /media/ros/fedora/home/maylis/Dokumente/TeleNav/install/my_robot_interfaces/include/my_robot_interfaces/my_robot_interfaces/srv/detail
[1.004s] -- Up-to-date: /media/ros/fedora/home/maylis/Dokumente/TeleNav/install/my_robot_interfaces/include/my_robot_interfaces/my_robot_interfaces/srv/detail/compute_rectangle_area__builder.hpp
[1.004s] -- Up-to-date: /media/ros/fedora/home/maylis/Dokumente/TeleNav/install/my_robot_interfaces/include/my_robot_interfaces/my_robot_interfaces/srv/detail/compute_rectangle_area__struct.hpp
[1.004s] -- Up-to-date: /media/ros/fedora/home/maylis/Dokumente/TeleNav/install/my_robot_interfaces/include/my_robot_interfaces/my_robot_interfaces/srv/detail/compute_rectangle_area__traits.hpp
[1.004s] -- Up-to-date: /media/ros/fedora/home/maylis/Dokumente/TeleNav/install/my_robot_interfaces/include/my_robot_interfaces/my_robot_interfaces/srv/detail/compute_rectangle_area__type_support.hpp
[1.004s] -- Up-to-date: /media/ros/fedora/home/maylis/Dokumente/TeleNav/install/my_robot_interfaces/include/my_robot_interfaces/my_robot_interfaces/srv/detail/set_led__builder.hpp
[1.004s] -- Up-to-date: /media/ros/fedora/home/maylis/Dokumente/TeleNav/install/my_robot_interfaces/include/my_robot_interfaces/my_robot_interfaces/srv/detail/set_led__struct.hpp
[1.004s] -- Up-to-date: /media/ros/fedora/home/maylis/Dokumente/TeleNav/install/my_robot_interfaces/include/my_robot_interfaces/my_robot_interfaces/srv/detail/set_led__traits.hpp
[1.004s] -- Up-to-date: /media/ros/fedora/home/maylis/Dokumente/TeleNav/install/my_robot_interfaces/include/my_robot_interfaces/my_robot_interfaces/srv/detail/set_led__type_support.hpp
[1.004s] -- Up-to-date: /media/ros/fedora/home/maylis/Dokumente/TeleNav/install/my_robot_interfaces/include/my_robot_interfaces/my_robot_interfaces/srv/set_led.hpp
[1.005s] -- Up-to-date: /media/ros/fedora/home/maylis/Dokumente/TeleNav/install/my_robot_interfaces/include/my_robot_interfaces/my_robot_interfaces
[1.005s] -- Up-to-date: /media/ros/fedora/home/maylis/Dokumente/TeleNav/install/my_robot_interfaces/include/my_robot_interfaces/my_robot_interfaces/msg
[1.012s] -- Up-to-date: /media/ros/fedora/home/maylis/Dokumente/TeleNav/install/my_robot_interfaces/include/my_robot_interfaces/my_robot_interfaces/msg/rosidl_typesupport_fastrtps_cpp__visibility_control.h
[1.013s] -- Up-to-date: /media/ros/fedora/home/maylis/Dokumente/TeleNav/install/my_robot_interfaces/include/my_robot_interfaces/my_robot_interfaces/msg/detail
[1.013s] -- Up-to-date: /media/ros/fedora/home/maylis/Dokumente/TeleNav/install/my_robot_interfaces/include/my_robot_interfaces/my_robot_interfaces/msg/detail/hardware_status__rosidl_typesupport_fastrtps_cpp.hpp
[1.013s] -- Up-to-date: /media/ros/fedora/home/maylis/Dokumente/TeleNav/install/my_robot_interfaces/include/my_robot_interfaces/my_robot_interfaces/msg/detail/dds_fastrtps
[1.013s] -- Up-to-date: /media/ros/fedora/home/maylis/Dokumente/TeleNav/install/my_robot_interfaces/include/my_robot_interfaces/my_robot_interfaces/msg/detail/led_state__rosidl_typesupport_fastrtps_cpp.hpp
[1.013s] -- Up-to-date: /media/ros/fedora/home/maylis/Dokumente/TeleNav/install/my_robot_interfaces/include/my_robot_interfaces/my_robot_interfaces/srv
[1.013s] -- Up-to-date: /media/ros/fedora/home/maylis/Dokumente/TeleNav/install/my_robot_interfaces/include/my_robot_interfaces/my_robot_interfaces/srv/detail
[1.013s] -- Up-to-date: /media/ros/fedora/home/maylis/Dokumente/TeleNav/install/my_robot_interfaces/include/my_robot_interfaces/my_robot_interfaces/srv/detail/compute_rectangle_area__rosidl_typesupport_fastrtps_cpp.hpp
[1.013s] -- Up-to-date: /media/ros/fedora/home/maylis/Dokumente/TeleNav/install/my_robot_interfaces/include/my_robot_interfaces/my_robot_interfaces/srv/detail/dds_fastrtps
[1.013s] -- Up-to-date: /media/ros/fedora/home/maylis/Dokumente/TeleNav/install/my_robot_interfaces/include/my_robot_interfaces/my_robot_interfaces/srv/detail/set_led__rosidl_typesupport_fastrtps_cpp.hpp
[1.013s] -- Up-to-date: /media/ros/fedora/home/maylis/Dokumente/TeleNav/install/my_robot_interfaces/lib/libmy_robot_interfaces__rosidl_typesupport_fastrtps_cpp.so
[1.013s] -- Up-to-date: /media/ros/fedora/home/maylis/Dokumente/TeleNav/install/my_robot_interfaces/include/my_robot_interfaces/my_robot_interfaces
[1.014s] -- Up-to-date: /media/ros/fedora/home/maylis/Dokumente/TeleNav/install/my_robot_interfaces/include/my_robot_interfaces/my_robot_interfaces/msg
[1.014s] -- Up-to-date: /media/ros/fedora/home/maylis/Dokumente/TeleNav/install/my_robot_interfaces/include/my_robot_interfaces/my_robot_interfaces/msg/detail
[1.014s] -- Up-to-date: /media/ros/fedora/home/maylis/Dokumente/TeleNav/install/my_robot_interfaces/include/my_robot_interfaces/my_robot_interfaces/msg/detail/hardware_status__rosidl_typesupport_introspection_cpp.hpp
[1.014s] -- Up-to-date: /media/ros/fedora/home/maylis/Dokumente/TeleNav/install/my_robot_interfaces/include/my_robot_interfaces/my_robot_interfaces/msg/detail/hardware_status__type_support.cpp
[1.014s] -- Up-to-date: /media/ros/fedora/home/maylis/Dokumente/TeleNav/install/my_robot_interfaces/include/my_robot_interfaces/my_robot_interfaces/msg/detail/led_state__rosidl_typesupport_introspection_cpp.hpp
[1.015s] -- Up-to-date: /media/ros/fedora/home/maylis/Dokumente/TeleNav/install/my_robot_interfaces/include/my_robot_interfaces/my_robot_interfaces/msg/detail/led_state__type_support.cpp
[1.015s] -- Up-to-date: /media/ros/fedora/home/maylis/Dokumente/TeleNav/install/my_robot_interfaces/include/my_robot_interfaces/my_robot_interfaces/srv
[1.015s] -- Up-to-date: /media/ros/fedora/home/maylis/Dokumente/TeleNav/install/my_robot_interfaces/include/my_robot_interfaces/my_robot_interfaces/srv/detail
[1.015s] -- Up-to-date: /media/ros/fedora/home/maylis/Dokumente/TeleNav/install/my_robot_interfaces/include/my_robot_interfaces/my_robot_interfaces/srv/detail/compute_rectangle_area__rosidl_typesupport_introspection_cpp.hpp
[1.015s] -- Up-to-date: /media/ros/fedora/home/maylis/Dokumente/TeleNav/install/my_robot_interfaces/include/my_robot_interfaces/my_robot_interfaces/srv/detail/compute_rectangle_area__type_support.cpp
[1.015s] -- Up-to-date: /media/ros/fedora/home/maylis/Dokumente/TeleNav/install/my_robot_interfaces/include/my_robot_interfaces/my_robot_interfaces/srv/detail/set_led__rosidl_typesupport_introspection_cpp.hpp
[1.015s] -- Up-to-date: /media/ros/fedora/home/maylis/Dokumente/TeleNav/install/my_robot_interfaces/include/my_robot_interfaces/my_robot_interfaces/srv/detail/set_led__type_support.cpp
[1.015s] -- Up-to-date: /media/ros/fedora/home/maylis/Dokumente/TeleNav/install/my_robot_interfaces/lib/libmy_robot_interfaces__rosidl_typesupport_introspection_cpp.so
[1.024s] -- Up-to-date: /media/ros/fedora/home/maylis/Dokumente/TeleNav/install/my_robot_interfaces/lib/libmy_robot_interfaces__rosidl_typesupport_cpp.so
[1.024s] -- Up-to-date: /media/ros/fedora/home/maylis/Dokumente/TeleNav/install/my_robot_interfaces/share/my_robot_interfaces/environment/pythonpath.sh
[1.024s] -- Up-to-date: /media/ros/fedora/home/maylis/Dokumente/TeleNav/install/my_robot_interfaces/share/my_robot_interfaces/environment/pythonpath.dsv
[1.024s] -- Up-to-date: /media/ros/fedora/home/maylis/Dokumente/TeleNav/install/my_robot_interfaces/local/lib/python3.10/dist-packages/my_robot_interfaces-0.0.0-py3.10.egg-info
[1.024s] -- Installing: /media/ros/fedora/home/maylis/Dokumente/TeleNav/install/my_robot_interfaces/local/lib/python3.10/dist-packages/my_robot_interfaces-0.0.0-py3.10.egg-info/PKG-INFO
[1.025s] -- Installing: /media/ros/fedora/home/maylis/Dokumente/TeleNav/install/my_robot_interfaces/local/lib/python3.10/dist-packages/my_robot_interfaces-0.0.0-py3.10.egg-info/dependency_links.txt
[1.025s] -- Installing: /media/ros/fedora/home/maylis/Dokumente/TeleNav/install/my_robot_interfaces/local/lib/python3.10/dist-packages/my_robot_interfaces-0.0.0-py3.10.egg-info/top_level.txt
[1.025s] -- Installing: /media/ros/fedora/home/maylis/Dokumente/TeleNav/install/my_robot_interfaces/local/lib/python3.10/dist-packages/my_robot_interfaces-0.0.0-py3.10.egg-info/SOURCES.txt
[1.025s] -- Up-to-date: /media/ros/fedora/home/maylis/Dokumente/TeleNav/install/my_robot_interfaces/local/lib/python3.10/dist-packages/my_robot_interfaces
[1.025s] -- Up-to-date: /media/ros/fedora/home/maylis/Dokumente/TeleNav/install/my_robot_interfaces/local/lib/python3.10/dist-packages/my_robot_interfaces/__init__.py
[1.025s] -- Up-to-date: /media/ros/fedora/home/maylis/Dokumente/TeleNav/install/my_robot_interfaces/local/lib/python3.10/dist-packages/my_robot_interfaces/msg
[1.025s] -- Up-to-date: /media/ros/fedora/home/maylis/Dokumente/TeleNav/install/my_robot_interfaces/local/lib/python3.10/dist-packages/my_robot_interfaces/msg/_hardware_status.py
[1.025s] -- Up-to-date: /media/ros/fedora/home/maylis/Dokumente/TeleNav/install/my_robot_interfaces/local/lib/python3.10/dist-packages/my_robot_interfaces/msg/_hardware_status_s.c
[1.026s] -- Up-to-date: /media/ros/fedora/home/maylis/Dokumente/TeleNav/install/my_robot_interfaces/local/lib/python3.10/dist-packages/my_robot_interfaces/msg/__init__.py
[1.026s] -- Up-to-date: /media/ros/fedora/home/maylis/Dokumente/TeleNav/install/my_robot_interfaces/local/lib/python3.10/dist-packages/my_robot_interfaces/msg/_led_state.py
[1.026s] -- Up-to-date: /media/ros/fedora/home/maylis/Dokumente/TeleNav/install/my_robot_interfaces/local/lib/python3.10/dist-packages/my_robot_interfaces/msg/_led_state_s.c
[1.026s] -- Up-to-date: /media/ros/fedora/home/maylis/Dokumente/TeleNav/install/my_robot_interfaces/local/lib/python3.10/dist-packages/my_robot_interfaces/srv
[1.026s] -- Up-to-date: /media/ros/fedora/home/maylis/Dokumente/TeleNav/install/my_robot_interfaces/local/lib/python3.10/dist-packages/my_robot_interfaces/srv/_compute_rectangle_area.py
[1.026s] -- Up-to-date: /media/ros/fedora/home/maylis/Dokumente/TeleNav/install/my_robot_interfaces/local/lib/python3.10/dist-packages/my_robot_interfaces/srv/_compute_rectangle_area_s.c
[1.026s] -- Up-to-date: /media/ros/fedora/home/maylis/Dokumente/TeleNav/install/my_robot_interfaces/local/lib/python3.10/dist-packages/my_robot_interfaces/srv/__init__.py
[1.026s] -- Up-to-date: /media/ros/fedora/home/maylis/Dokumente/TeleNav/install/my_robot_interfaces/local/lib/python3.10/dist-packages/my_robot_interfaces/srv/_set_led.py
[1.026s] -- Up-to-date: /media/ros/fedora/home/maylis/Dokumente/TeleNav/install/my_robot_interfaces/local/lib/python3.10/dist-packages/my_robot_interfaces/srv/_set_led_s.c
[1.026s] -- Up-to-date: /media/ros/fedora/home/maylis/Dokumente/TeleNav/install/my_robot_interfaces/local/lib/python3.10/dist-packages/my_robot_interfaces/_my_robot_interfaces_s.ep.rosidl_typesupport_introspection_c.c
[1.026s] -- Up-to-date: /media/ros/fedora/home/maylis/Dokumente/TeleNav/install/my_robot_interfaces/local/lib/python3.10/dist-packages/my_robot_interfaces/_my_robot_interfaces_s.ep.rosidl_typesupport_c.c
[1.026s] -- Up-to-date: /media/ros/fedora/home/maylis/Dokumente/TeleNav/install/my_robot_interfaces/local/lib/python3.10/dist-packages/my_robot_interfaces/_my_robot_interfaces_s.ep.rosidl_typesupport_fastrtps_c.c
[1.027s] -- Up-to-date: /media/ros/fedora/home/maylis/Dokumente/TeleNav/install/my_robot_interfaces/local/lib/python3.10/dist-packages/my_robot_interfaces/libmy_robot_interfaces__rosidl_generator_py.so
[1.027s] -- Up-to-date: /media/ros/fedora/home/maylis/Dokumente/TeleNav/install/my_robot_interfaces/local/lib/python3.10/dist-packages/my_robot_interfaces/my_robot_interfaces_s__rosidl_typesupport_introspection_c.cpython-310-x86_64-linux-gnu.so
[1.027s] -- Up-to-date: /media/ros/fedora/home/maylis/Dokumente/TeleNav/install/my_robot_interfaces/local/lib/python3.10/dist-packages/my_robot_interfaces/my_robot_interfaces_s__rosidl_typesupport_c.cpython-310-x86_64-linux-gnu.so
[1.027s] -- Up-to-date: /media/ros/fedora/home/maylis/Dokumente/TeleNav/install/my_robot_interfaces/local/lib/python3.10/dist-packages/my_robot_interfaces/my_robot_interfaces_s__rosidl_typesupport_fastrtps_c.cpython-310-x86_64-linux-gnu.so
[1.068s] Listing '/media/ros/fedora/home/maylis/Dokumente/TeleNav/install/my_robot_interfaces/local/lib/python3.10/dist-packages/my_robot_interfaces'...
[1.069s] Listing '/media/ros/fedora/home/maylis/Dokumente/TeleNav/install/my_robot_interfaces/local/lib/python3.10/dist-packages/my_robot_interfaces/msg'...
[1.069s] Listing '/media/ros/fedora/home/maylis/Dokumente/TeleNav/install/my_robot_interfaces/local/lib/python3.10/dist-packages/my_robot_interfaces/srv'...
[1.073s] -- Up-to-date: /media/ros/fedora/home/maylis/Dokumente/TeleNav/install/my_robot_interfaces/local/lib/python3.10/dist-packages/my_robot_interfaces/my_robot_interfaces_s__rosidl_typesupport_fastrtps_c.cpython-310-x86_64-linux-gnu.so
[1.074s] -- Up-to-date: /media/ros/fedora/home/maylis/Dokumente/TeleNav/install/my_robot_interfaces/local/lib/python3.10/dist-packages/my_robot_interfaces/my_robot_interfaces_s__rosidl_typesupport_introspection_c.cpython-310-x86_64-linux-gnu.so
[1.074s] -- Up-to-date: /media/ros/fedora/home/maylis/Dokumente/TeleNav/install/my_robot_interfaces/local/lib/python3.10/dist-packages/my_robot_interfaces/my_robot_interfaces_s__rosidl_typesupport_c.cpython-310-x86_64-linux-gnu.so
[1.075s] -- Up-to-date: /media/ros/fedora/home/maylis/Dokumente/TeleNav/install/my_robot_interfaces/lib/libmy_robot_interfaces__rosidl_generator_py.so
[1.075s] -- Up-to-date: /media/ros/fedora/home/maylis/Dokumente/TeleNav/install/my_robot_interfaces/share/my_robot_interfaces/msg/HardwareStatus.idl
[1.076s] -- Up-to-date: /media/ros/fedora/home/maylis/Dokumente/TeleNav/install/my_robot_interfaces/share/my_robot_interfaces/srv/ComputeRectangleArea.idl
[1.076s] -- Up-to-date: /media/ros/fedora/home/maylis/Dokumente/TeleNav/install/my_robot_interfaces/share/my_robot_interfaces/msg/LedState.idl
[1.076s] -- Up-to-date: /media/ros/fedora/home/maylis/Dokumente/TeleNav/install/my_robot_interfaces/share/my_robot_interfaces/srv/SetLed.idl
[1.077s] -- Up-to-date: /media/ros/fedora/home/maylis/Dokumente/TeleNav/install/my_robot_interfaces/share/my_robot_interfaces/msg/HardwareStatus.msg
[1.077s] -- Up-to-date: /media/ros/fedora/home/maylis/Dokumente/TeleNav/install/my_robot_interfaces/share/my_robot_interfaces/srv/ComputeRectangleArea.srv
[1.077s] -- Up-to-date: /media/ros/fedora/home/maylis/Dokumente/TeleNav/install/my_robot_interfaces/share/my_robot_interfaces/srv/ComputeRectangleArea_Request.msg
[1.078s] -- Up-to-date: /media/ros/fedora/home/maylis/Dokumente/TeleNav/install/my_robot_interfaces/share/my_robot_interfaces/srv/ComputeRectangleArea_Response.msg
[1.078s] -- Up-to-date: /media/ros/fedora/home/maylis/Dokumente/TeleNav/install/my_robot_interfaces/share/my_robot_interfaces/msg/LedState.msg
[1.078s] -- Up-to-date: /media/ros/fedora/home/maylis/Dokumente/TeleNav/install/my_robot_interfaces/share/my_robot_interfaces/srv/SetLed.srv
[1.079s] -- Up-to-date: /media/ros/fedora/home/maylis/Dokumente/TeleNav/install/my_robot_interfaces/share/my_robot_interfaces/srv/SetLed_Request.msg
[1.079s] -- Up-to-date: /media/ros/fedora/home/maylis/Dokumente/TeleNav/install/my_robot_interfaces/share/my_robot_interfaces/srv/SetLed_Response.msg
[1.079s] -- Up-to-date: /media/ros/fedora/home/maylis/Dokumente/TeleNav/install/my_robot_interfaces/share/ament_index/resource_index/package_run_dependencies/my_robot_interfaces
[1.080s] -- Up-to-date: /media/ros/fedora/home/maylis/Dokumente/TeleNav/install/my_robot_interfaces/share/ament_index/resource_index/parent_prefix_path/my_robot_interfaces
[1.080s] -- Up-to-date: /media/ros/fedora/home/maylis/Dokumente/TeleNav/install/my_robot_interfaces/share/my_robot_interfaces/environment/ament_prefix_path.sh
[1.080s] -- Up-to-date: /media/ros/fedora/home/maylis/Dokumente/TeleNav/install/my_robot_interfaces/share/my_robot_interfaces/environment/ament_prefix_path.dsv
[1.080s] -- Up-to-date: /media/ros/fedora/home/maylis/Dokumente/TeleNav/install/my_robot_interfaces/share/my_robot_interfaces/environment/path.sh
[1.081s] -- Up-to-date: /media/ros/fedora/home/maylis/Dokumente/TeleNav/install/my_robot_interfaces/share/my_robot_interfaces/environment/path.dsv
[1.081s] -- Up-to-date: /media/ros/fedora/home/maylis/Dokumente/TeleNav/install/my_robot_interfaces/share/my_robot_interfaces/local_setup.bash
[1.081s] -- Up-to-date: /media/ros/fedora/home/maylis/Dokumente/TeleNav/install/my_robot_interfaces/share/my_robot_interfaces/local_setup.sh
[1.081s] -- Up-to-date: /media/ros/fedora/home/maylis/Dokumente/TeleNav/install/my_robot_interfaces/share/my_robot_interfaces/local_setup.zsh
[1.081s] -- Up-to-date: /media/ros/fedora/home/maylis/Dokumente/TeleNav/install/my_robot_interfaces/share/my_robot_interfaces/local_setup.dsv
[1.083s] -- Installing: /media/ros/fedora/home/maylis/Dokumente/TeleNav/install/my_robot_interfaces/share/my_robot_interfaces/package.dsv
[1.084s] -- Up-to-date: /media/ros/fedora/home/maylis/Dokumente/TeleNav/install/my_robot_interfaces/share/ament_index/resource_index/packages/my_robot_interfaces
[1.084s] -- Up-to-date: /media/ros/fedora/home/maylis/Dokumente/TeleNav/install/my_robot_interfaces/share/my_robot_interfaces/cmake/export_my_robot_interfaces__rosidl_generator_cExport.cmake
[1.084s] -- Up-to-date: /media/ros/fedora/home/maylis/Dokumente/TeleNav/install/my_robot_interfaces/share/my_robot_interfaces/cmake/export_my_robot_interfaces__rosidl_generator_cExport-noconfig.cmake
[1.084s] -- Up-to-date: /media/ros/fedora/home/maylis/Dokumente/TeleNav/install/my_robot_interfaces/share/my_robot_interfaces/cmake/export_my_robot_interfaces__rosidl_typesupport_fastrtps_cExport.cmake
[1.084s] -- Up-to-date: /media/ros/fedora/home/maylis/Dokumente/TeleNav/install/my_robot_interfaces/share/my_robot_interfaces/cmake/export_my_robot_interfaces__rosidl_typesupport_fastrtps_cExport-noconfig.cmake
[1.084s] -- Up-to-date: /media/ros/fedora/home/maylis/Dokumente/TeleNav/install/my_robot_interfaces/share/my_robot_interfaces/cmake/my_robot_interfaces__rosidl_typesupport_introspection_cExport.cmake
[1.084s] -- Up-to-date: /media/ros/fedora/home/maylis/Dokumente/TeleNav/install/my_robot_interfaces/share/my_robot_interfaces/cmake/my_robot_interfaces__rosidl_typesupport_introspection_cExport-noconfig.cmake
[1.084s] -- Up-to-date: /media/ros/fedora/home/maylis/Dokumente/TeleNav/install/my_robot_interfaces/share/my_robot_interfaces/cmake/my_robot_interfaces__rosidl_typesupport_cExport.cmake
[1.084s] -- Up-to-date: /media/ros/fedora/home/maylis/Dokumente/TeleNav/install/my_robot_interfaces/share/my_robot_interfaces/cmake/my_robot_interfaces__rosidl_typesupport_cExport-noconfig.cmake
[1.084s] -- Up-to-date: /media/ros/fedora/home/maylis/Dokumente/TeleNav/install/my_robot_interfaces/share/my_robot_interfaces/cmake/export_my_robot_interfaces__rosidl_generator_cppExport.cmake
[1.084s] -- Up-to-date: /media/ros/fedora/home/maylis/Dokumente/TeleNav/install/my_robot_interfaces/share/my_robot_interfaces/cmake/export_my_robot_interfaces__rosidl_typesupport_fastrtps_cppExport.cmake
[1.084s] -- Up-to-date: /media/ros/fedora/home/maylis/Dokumente/TeleNav/install/my_robot_interfaces/share/my_robot_interfaces/cmake/export_my_robot_interfaces__rosidl_typesupport_fastrtps_cppExport-noconfig.cmake
[1.085s] -- Up-to-date: /media/ros/fedora/home/maylis/Dokumente/TeleNav/install/my_robot_interfaces/share/my_robot_interfaces/cmake/my_robot_interfaces__rosidl_typesupport_introspection_cppExport.cmake
[1.085s] -- Up-to-date: /media/ros/fedora/home/maylis/Dokumente/TeleNav/install/my_robot_interfaces/share/my_robot_interfaces/cmake/my_robot_interfaces__rosidl_typesupport_introspection_cppExport-noconfig.cmake
[1.085s] -- Up-to-date: /media/ros/fedora/home/maylis/Dokumente/TeleNav/install/my_robot_interfaces/share/my_robot_interfaces/cmake/my_robot_interfaces__rosidl_typesupport_cppExport.cmake
[1.085s] -- Up-to-date: /media/ros/fedora/home/maylis/Dokumente/TeleNav/install/my_robot_interfaces/share/my_robot_interfaces/cmake/my_robot_interfaces__rosidl_typesupport_cppExport-noconfig.cmake
[1.087s] -- Up-to-date: /media/ros/fedora/home/maylis/Dokumente/TeleNav/install/my_robot_interfaces/share/my_robot_interfaces/cmake/export_my_robot_interfaces__rosidl_generator_pyExport.cmake
[1.087s] -- Up-to-date: /media/ros/fedora/home/maylis/Dokumente/TeleNav/install/my_robot_interfaces/share/my_robot_interfaces/cmake/export_my_robot_interfaces__rosidl_generator_pyExport-noconfig.cmake
[1.088s] -- Up-to-date: /media/ros/fedora/home/maylis/Dokumente/TeleNav/install/my_robot_interfaces/share/my_robot_interfaces/cmake/rosidl_cmake-extras.cmake
[1.088s] -- Up-to-date: /media/ros/fedora/home/maylis/Dokumente/TeleNav/install/my_robot_interfaces/share/my_robot_interfaces/cmake/ament_cmake_export_include_directories-extras.cmake
[1.088s] -- Up-to-date: /media/ros/fedora/home/maylis/Dokumente/TeleNav/install/my_robot_interfaces/share/my_robot_interfaces/cmake/ament_cmake_export_libraries-extras.cmake
[1.088s] -- Up-to-date: /media/ros/fedora/home/maylis/Dokumente/TeleNav/install/my_robot_interfaces/share/my_robot_interfaces/cmake/ament_cmake_export_targets-extras.cmake
[1.088s] -- Up-to-date: /media/ros/fedora/home/maylis/Dokumente/TeleNav/install/my_robot_interfaces/share/my_robot_interfaces/cmake/rosidl_cmake_export_typesupport_targets-extras.cmake
[1.088s] -- Up-to-date: /media/ros/fedora/home/maylis/Dokumente/TeleNav/install/my_robot_interfaces/share/my_robot_interfaces/cmake/ament_cmake_export_dependencies-extras.cmake
[1.088s] -- Up-to-date: /media/ros/fedora/home/maylis/Dokumente/TeleNav/install/my_robot_interfaces/share/my_robot_interfaces/cmake/rosidl_cmake_export_typesupport_libraries-extras.cmake
[1.089s] -- Up-to-date: /media/ros/fedora/home/maylis/Dokumente/TeleNav/install/my_robot_interfaces/share/my_robot_interfaces/cmake/my_robot_interfacesConfig.cmake
[1.089s] -- Up-to-date: /media/ros/fedora/home/maylis/Dokumente/TeleNav/install/my_robot_interfaces/share/my_robot_interfaces/cmake/my_robot_interfacesConfig-version.cmake
[1.090s] -- Up-to-date: /media/ros/fedora/home/maylis/Dokumente/TeleNav/install/my_robot_interfaces/share/my_robot_interfaces/package.xml
[1.468s] Invoked command in '/media/ros/fedora/home/maylis/Dokumente/TeleNav/build/my_robot_interfaces' returned '0': CMAKE_PREFIX_PATH=${CMAKE_PREFIX_PATH}:/media/ros/fedora/home/maylis/Dokumente/TeleNav/install/turtle_controller:/media/ros/fedora/home/maylis/Dokumente/TeleNav/install/turtle_spawner:/media/ros/fedora/home/maylis/Dokumente/TeleNav/install/my_robot_controller:/opt/ros/humble /usr/bin/cmake --install /media/ros/fedora/home/maylis/Dokumente/TeleNav/build/my_robot_interfaces
