[0.147s] DEBUG:colcon:Command line arguments: ['/usr/bin/colcon', 'build']
[0.147s] DEBUG:colcon:Parsed command line arguments: Namespace(log_base=None, log_level=None, verb_name='build', build_base='build', install_base='install', merge_install=False, symlink_install=False, test_result_base=None, continue_on_error=False, executor='parallel', parallel_workers=6, event_handlers=None, ignore_user_meta=False, metas=['./colcon.meta'], base_paths=['.'], packages_ignore=None, packages_ignore_regex=None, paths=None, packages_up_to=None, packages_up_to_regex=None, packages_above=None, packages_above_and_dependencies=None, packages_above_depth=None, packages_select_by_dep=None, packages_skip_by_dep=None, packages_skip_up_to=None, packages_select_build_failed=False, packages_skip_build_finished=False, packages_select_test_failures=False, packages_skip_test_passed=False, packages_select=None, packages_skip=None, packages_select_regex=None, packages_skip_regex=None, packages_start=None, packages_end=None, allow_overriding=[], cmake_args=None, cmake_target=None, cmake_target_skip_unavailable=False, cmake_clean_cache=False, cmake_clean_first=False, cmake_force_configure=False, ament_cmake_args=None, catkin_cmake_args=None, catkin_skip_building_tests=False, mixin_files=None, mixin=None, verb_parser=<colcon_mixin.mixin.mixin_argument.MixinArgumentDecorator object at 0x718b37985690>, verb_extension=<colcon_core.verb.build.BuildVerb object at 0x718b37a99f90>, main=<bound method BuildVerb.main of <colcon_core.verb.build.BuildVerb object at 0x718b37a99f90>>, mixin_verb=('build',))
[0.201s] Level 1:colcon.colcon_core.package_discovery:discover_packages(colcon_meta) check parameters
[0.201s] Level 1:colcon.colcon_core.package_discovery:discover_packages(recursive) check parameters
[0.201s] Level 1:colcon.colcon_core.package_discovery:discover_packages(ignore) check parameters
[0.201s] Level 1:colcon.colcon_core.package_discovery:discover_packages(path) check parameters
[0.201s] Level 1:colcon.colcon_core.package_discovery:discover_packages(colcon_meta) discover
[0.201s] Level 1:colcon.colcon_core.package_discovery:discover_packages(recursive) discover
[0.201s] INFO:colcon.colcon_core.package_discovery:Crawling recursively for packages in '/media/ros/fedora/home/maylis/Dokumente/TeleNav'
[0.201s] Level 1:colcon.colcon_core.package_identification:_identify(.) by extensions ['ignore', 'ignore_ament_install']
[0.201s] Level 1:colcon.colcon_core.package_identification:_identify(.) by extension 'ignore'
[0.201s] Level 1:colcon.colcon_core.package_identification:_identify(.) by extension 'ignore_ament_install'
[0.201s] Level 1:colcon.colcon_core.package_identification:_identify(.) by extensions ['colcon_pkg']
[0.202s] Level 1:colcon.colcon_core.package_identification:_identify(.) by extension 'colcon_pkg'
[0.202s] Level 1:colcon.colcon_core.package_identification:_identify(.) by extensions ['colcon_meta']
[0.202s] Level 1:colcon.colcon_core.package_identification:_identify(.) by extension 'colcon_meta'
[0.202s] Level 1:colcon.colcon_core.package_identification:_identify(.) by extensions ['ros']
[0.202s] Level 1:colcon.colcon_core.package_identification:_identify(.) by extension 'ros'
[0.220s] Level 1:colcon.colcon_core.package_identification:_identify(.) by extensions ['cmake', 'python']
[0.221s] Level 1:colcon.colcon_core.package_identification:_identify(.) by extension 'cmake'
[0.221s] Level 1:colcon.colcon_core.package_identification:_identify(.) by extension 'python'
[0.221s] Level 1:colcon.colcon_core.package_identification:_identify(.) by extensions ['python_setup_py']
[0.221s] Level 1:colcon.colcon_core.package_identification:_identify(.) by extension 'python_setup_py'
[0.221s] Level 1:colcon.colcon_core.package_identification:_identify(build) by extensions ['ignore', 'ignore_ament_install']
[0.221s] Level 1:colcon.colcon_core.package_identification:_identify(build) by extension 'ignore'
[0.221s] Level 1:colcon.colcon_core.package_identification:_identify(build) ignored
[0.221s] Level 1:colcon.colcon_core.package_identification:_identify(doku) by extensions ['ignore', 'ignore_ament_install']
[0.221s] Level 1:colcon.colcon_core.package_identification:_identify(doku) by extension 'ignore'
[0.221s] Level 1:colcon.colcon_core.package_identification:_identify(doku) by extension 'ignore_ament_install'
[0.222s] Level 1:colcon.colcon_core.package_identification:_identify(doku) by extensions ['colcon_pkg']
[0.222s] Level 1:colcon.colcon_core.package_identification:_identify(doku) by extension 'colcon_pkg'
[0.222s] Level 1:colcon.colcon_core.package_identification:_identify(doku) by extensions ['colcon_meta']
[0.222s] Level 1:colcon.colcon_core.package_identification:_identify(doku) by extension 'colcon_meta'
[0.222s] Level 1:colcon.colcon_core.package_identification:_identify(doku) by extensions ['ros']
[0.222s] Level 1:colcon.colcon_core.package_identification:_identify(doku) by extension 'ros'
[0.222s] Level 1:colcon.colcon_core.package_identification:_identify(doku) by extensions ['cmake', 'python']
[0.222s] Level 1:colcon.colcon_core.package_identification:_identify(doku) by extension 'cmake'
[0.222s] Level 1:colcon.colcon_core.package_identification:_identify(doku) by extension 'python'
[0.222s] Level 1:colcon.colcon_core.package_identification:_identify(doku) by extensions ['python_setup_py']
[0.222s] Level 1:colcon.colcon_core.package_identification:_identify(doku) by extension 'python_setup_py'
[0.222s] Level 1:colcon.colcon_core.package_identification:_identify(install) by extensions ['ignore', 'ignore_ament_install']
[0.222s] Level 1:colcon.colcon_core.package_identification:_identify(install) by extension 'ignore'
[0.222s] Level 1:colcon.colcon_core.package_identification:_identify(install) ignored
[0.223s] Level 1:colcon.colcon_core.package_identification:_identify(log) by extensions ['ignore', 'ignore_ament_install']
[0.223s] Level 1:colcon.colcon_core.package_identification:_identify(log) by extension 'ignore'
[0.223s] Level 1:colcon.colcon_core.package_identification:_identify(log) ignored
[0.223s] Level 1:colcon.colcon_core.package_identification:_identify(navigation_ws) by extensions ['ignore', 'ignore_ament_install']
[0.223s] Level 1:colcon.colcon_core.package_identification:_identify(navigation_ws) by extension 'ignore'
[0.223s] Level 1:colcon.colcon_core.package_identification:_identify(navigation_ws) by extension 'ignore_ament_install'
[0.223s] Level 1:colcon.colcon_core.package_identification:_identify(navigation_ws) by extensions ['colcon_pkg']
[0.223s] Level 1:colcon.colcon_core.package_identification:_identify(navigation_ws) by extension 'colcon_pkg'
[0.223s] Level 1:colcon.colcon_core.package_identification:_identify(navigation_ws) by extensions ['colcon_meta']
[0.223s] Level 1:colcon.colcon_core.package_identification:_identify(navigation_ws) by extension 'colcon_meta'
[0.223s] Level 1:colcon.colcon_core.package_identification:_identify(navigation_ws) by extensions ['ros']
[0.223s] Level 1:colcon.colcon_core.package_identification:_identify(navigation_ws) by extension 'ros'
[0.224s] Level 1:colcon.colcon_core.package_identification:_identify(navigation_ws) by extensions ['cmake', 'python']
[0.224s] Level 1:colcon.colcon_core.package_identification:_identify(navigation_ws) by extension 'cmake'
[0.224s] Level 1:colcon.colcon_core.package_identification:_identify(navigation_ws) by extension 'python'
[0.224s] Level 1:colcon.colcon_core.package_identification:_identify(navigation_ws) by extensions ['python_setup_py']
[0.224s] Level 1:colcon.colcon_core.package_identification:_identify(navigation_ws) by extension 'python_setup_py'
[0.224s] Level 1:colcon.colcon_core.package_identification:_identify(navigation_ws/build) by extensions ['ignore', 'ignore_ament_install']
[0.224s] Level 1:colcon.colcon_core.package_identification:_identify(navigation_ws/build) by extension 'ignore'
[0.224s] Level 1:colcon.colcon_core.package_identification:_identify(navigation_ws/build) ignored
[0.224s] Level 1:colcon.colcon_core.package_identification:_identify(navigation_ws/install) by extensions ['ignore', 'ignore_ament_install']
[0.224s] Level 1:colcon.colcon_core.package_identification:_identify(navigation_ws/install) by extension 'ignore'
[0.224s] Level 1:colcon.colcon_core.package_identification:_identify(navigation_ws/install) ignored
[0.224s] Level 1:colcon.colcon_core.package_identification:_identify(navigation_ws/log) by extensions ['ignore', 'ignore_ament_install']
[0.225s] Level 1:colcon.colcon_core.package_identification:_identify(navigation_ws/log) by extension 'ignore'
[0.225s] Level 1:colcon.colcon_core.package_identification:_identify(navigation_ws/log) ignored
[0.225s] Level 1:colcon.colcon_core.package_identification:_identify(navigation_ws/src) by extensions ['ignore', 'ignore_ament_install']
[0.225s] Level 1:colcon.colcon_core.package_identification:_identify(navigation_ws/src) by extension 'ignore'
[0.225s] Level 1:colcon.colcon_core.package_identification:_identify(navigation_ws/src) by extension 'ignore_ament_install'
[0.225s] Level 1:colcon.colcon_core.package_identification:_identify(navigation_ws/src) by extensions ['colcon_pkg']
[0.225s] Level 1:colcon.colcon_core.package_identification:_identify(navigation_ws/src) by extension 'colcon_pkg'
[0.225s] Level 1:colcon.colcon_core.package_identification:_identify(navigation_ws/src) by extensions ['colcon_meta']
[0.225s] Level 1:colcon.colcon_core.package_identification:_identify(navigation_ws/src) by extension 'colcon_meta'
[0.225s] Level 1:colcon.colcon_core.package_identification:_identify(navigation_ws/src) by extensions ['ros']
[0.225s] Level 1:colcon.colcon_core.package_identification:_identify(navigation_ws/src) by extension 'ros'
[0.225s] Level 1:colcon.colcon_core.package_identification:_identify(navigation_ws/src) by extensions ['cmake', 'python']
[0.225s] Level 1:colcon.colcon_core.package_identification:_identify(navigation_ws/src) by extension 'cmake'
[0.225s] Level 1:colcon.colcon_core.package_identification:_identify(navigation_ws/src) by extension 'python'
[0.225s] Level 1:colcon.colcon_core.package_identification:_identify(navigation_ws/src) by extensions ['python_setup_py']
[0.226s] Level 1:colcon.colcon_core.package_identification:_identify(navigation_ws/src) by extension 'python_setup_py'
[0.226s] Level 1:colcon.colcon_core.package_identification:_identify(project_ws) by extensions ['ignore', 'ignore_ament_install']
[0.226s] Level 1:colcon.colcon_core.package_identification:_identify(project_ws) by extension 'ignore'
[0.226s] Level 1:colcon.colcon_core.package_identification:_identify(project_ws) by extension 'ignore_ament_install'
[0.226s] Level 1:colcon.colcon_core.package_identification:_identify(project_ws) by extensions ['colcon_pkg']
[0.226s] Level 1:colcon.colcon_core.package_identification:_identify(project_ws) by extension 'colcon_pkg'
[0.226s] Level 1:colcon.colcon_core.package_identification:_identify(project_ws) by extensions ['colcon_meta']
[0.226s] Level 1:colcon.colcon_core.package_identification:_identify(project_ws) by extension 'colcon_meta'
[0.226s] Level 1:colcon.colcon_core.package_identification:_identify(project_ws) by extensions ['ros']
[0.226s] Level 1:colcon.colcon_core.package_identification:_identify(project_ws) by extension 'ros'
[0.226s] Level 1:colcon.colcon_core.package_identification:_identify(project_ws) by extensions ['cmake', 'python']
[0.226s] Level 1:colcon.colcon_core.package_identification:_identify(project_ws) by extension 'cmake'
[0.226s] Level 1:colcon.colcon_core.package_identification:_identify(project_ws) by extension 'python'
[0.226s] Level 1:colcon.colcon_core.package_identification:_identify(project_ws) by extensions ['python_setup_py']
[0.226s] Level 1:colcon.colcon_core.package_identification:_identify(project_ws) by extension 'python_setup_py'
[0.227s] Level 1:colcon.colcon_core.package_identification:_identify(project_ws/build) by extensions ['ignore', 'ignore_ament_install']
[0.227s] Level 1:colcon.colcon_core.package_identification:_identify(project_ws/build) by extension 'ignore'
[0.227s] Level 1:colcon.colcon_core.package_identification:_identify(project_ws/build) ignored
[0.227s] Level 1:colcon.colcon_core.package_identification:_identify(project_ws/install) by extensions ['ignore', 'ignore_ament_install']
[0.227s] Level 1:colcon.colcon_core.package_identification:_identify(project_ws/install) by extension 'ignore'
[0.227s] Level 1:colcon.colcon_core.package_identification:_identify(project_ws/install) ignored
[0.227s] Level 1:colcon.colcon_core.package_identification:_identify(project_ws/log) by extensions ['ignore', 'ignore_ament_install']
[0.227s] Level 1:colcon.colcon_core.package_identification:_identify(project_ws/log) by extension 'ignore'
[0.227s] Level 1:colcon.colcon_core.package_identification:_identify(project_ws/log) ignored
[0.227s] Level 1:colcon.colcon_core.package_identification:_identify(project_ws/src) by extensions ['ignore', 'ignore_ament_install']
[0.227s] Level 1:colcon.colcon_core.package_identification:_identify(project_ws/src) by extension 'ignore'
[0.228s] Level 1:colcon.colcon_core.package_identification:_identify(project_ws/src) by extension 'ignore_ament_install'
[0.228s] Level 1:colcon.colcon_core.package_identification:_identify(project_ws/src) by extensions ['colcon_pkg']
[0.228s] Level 1:colcon.colcon_core.package_identification:_identify(project_ws/src) by extension 'colcon_pkg'
[0.228s] Level 1:colcon.colcon_core.package_identification:_identify(project_ws/src) by extensions ['colcon_meta']
[0.228s] Level 1:colcon.colcon_core.package_identification:_identify(project_ws/src) by extension 'colcon_meta'
[0.228s] Level 1:colcon.colcon_core.package_identification:_identify(project_ws/src) by extensions ['ros']
[0.228s] Level 1:colcon.colcon_core.package_identification:_identify(project_ws/src) by extension 'ros'
[0.228s] Level 1:colcon.colcon_core.package_identification:_identify(project_ws/src) by extensions ['cmake', 'python']
[0.228s] Level 1:colcon.colcon_core.package_identification:_identify(project_ws/src) by extension 'cmake'
[0.228s] Level 1:colcon.colcon_core.package_identification:_identify(project_ws/src) by extension 'python'
[0.228s] Level 1:colcon.colcon_core.package_identification:_identify(project_ws/src) by extensions ['python_setup_py']
[0.228s] Level 1:colcon.colcon_core.package_identification:_identify(project_ws/src) by extension 'python_setup_py'
[0.228s] Level 1:colcon.colcon_core.package_identification:_identify(project_ws/src/telerobot_bringup) by extensions ['ignore', 'ignore_ament_install']
[0.228s] Level 1:colcon.colcon_core.package_identification:_identify(project_ws/src/telerobot_bringup) by extension 'ignore'
[0.228s] Level 1:colcon.colcon_core.package_identification:_identify(project_ws/src/telerobot_bringup) by extension 'ignore_ament_install'
[0.228s] Level 1:colcon.colcon_core.package_identification:_identify(project_ws/src/telerobot_bringup) by extensions ['colcon_pkg']
[0.229s] Level 1:colcon.colcon_core.package_identification:_identify(project_ws/src/telerobot_bringup) by extension 'colcon_pkg'
[0.229s] Level 1:colcon.colcon_core.package_identification:_identify(project_ws/src/telerobot_bringup) by extensions ['colcon_meta']
[0.229s] Level 1:colcon.colcon_core.package_identification:_identify(project_ws/src/telerobot_bringup) by extension 'colcon_meta'
[0.229s] Level 1:colcon.colcon_core.package_identification:_identify(project_ws/src/telerobot_bringup) by extensions ['ros']
[0.229s] Level 1:colcon.colcon_core.package_identification:_identify(project_ws/src/telerobot_bringup) by extension 'ros'
[0.232s] DEBUG:colcon.colcon_core.package_identification:Package 'project_ws/src/telerobot_bringup' with type 'ros.ament_cmake' and name 'telerobot_bringup'
[0.232s] Level 1:colcon.colcon_core.package_identification:_identify(project_ws/src/telerobot_description) by extensions ['ignore', 'ignore_ament_install']
[0.233s] Level 1:colcon.colcon_core.package_identification:_identify(project_ws/src/telerobot_description) by extension 'ignore'
[0.233s] Level 1:colcon.colcon_core.package_identification:_identify(project_ws/src/telerobot_description) by extension 'ignore_ament_install'
[0.233s] Level 1:colcon.colcon_core.package_identification:_identify(project_ws/src/telerobot_description) by extensions ['colcon_pkg']
[0.233s] Level 1:colcon.colcon_core.package_identification:_identify(project_ws/src/telerobot_description) by extension 'colcon_pkg'
[0.233s] Level 1:colcon.colcon_core.package_identification:_identify(project_ws/src/telerobot_description) by extensions ['colcon_meta']
[0.233s] Level 1:colcon.colcon_core.package_identification:_identify(project_ws/src/telerobot_description) by extension 'colcon_meta'
[0.233s] Level 1:colcon.colcon_core.package_identification:_identify(project_ws/src/telerobot_description) by extensions ['ros']
[0.233s] Level 1:colcon.colcon_core.package_identification:_identify(project_ws/src/telerobot_description) by extension 'ros'
[0.234s] DEBUG:colcon.colcon_core.package_identification:Package 'project_ws/src/telerobot_description' with type 'ros.ament_cmake' and name 'telerobot_description'
[0.234s] Level 1:colcon.colcon_core.package_identification:_identify(ros2_udemy_ws) by extensions ['ignore', 'ignore_ament_install']
[0.234s] Level 1:colcon.colcon_core.package_identification:_identify(ros2_udemy_ws) by extension 'ignore'
[0.234s] Level 1:colcon.colcon_core.package_identification:_identify(ros2_udemy_ws) by extension 'ignore_ament_install'
[0.234s] Level 1:colcon.colcon_core.package_identification:_identify(ros2_udemy_ws) by extensions ['colcon_pkg']
[0.234s] Level 1:colcon.colcon_core.package_identification:_identify(ros2_udemy_ws) by extension 'colcon_pkg'
[0.234s] Level 1:colcon.colcon_core.package_identification:_identify(ros2_udemy_ws) by extensions ['colcon_meta']
[0.235s] Level 1:colcon.colcon_core.package_identification:_identify(ros2_udemy_ws) by extension 'colcon_meta'
[0.235s] Level 1:colcon.colcon_core.package_identification:_identify(ros2_udemy_ws) by extensions ['ros']
[0.235s] Level 1:colcon.colcon_core.package_identification:_identify(ros2_udemy_ws) by extension 'ros'
[0.235s] Level 1:colcon.colcon_core.package_identification:_identify(ros2_udemy_ws) by extensions ['cmake', 'python']
[0.235s] Level 1:colcon.colcon_core.package_identification:_identify(ros2_udemy_ws) by extension 'cmake'
[0.235s] Level 1:colcon.colcon_core.package_identification:_identify(ros2_udemy_ws) by extension 'python'
[0.235s] Level 1:colcon.colcon_core.package_identification:_identify(ros2_udemy_ws) by extensions ['python_setup_py']
[0.235s] Level 1:colcon.colcon_core.package_identification:_identify(ros2_udemy_ws) by extension 'python_setup_py'
[0.235s] Level 1:colcon.colcon_core.package_identification:_identify(ros2_udemy_ws/build) by extensions ['ignore', 'ignore_ament_install']
[0.235s] Level 1:colcon.colcon_core.package_identification:_identify(ros2_udemy_ws/build) by extension 'ignore'
[0.235s] Level 1:colcon.colcon_core.package_identification:_identify(ros2_udemy_ws/build) ignored
[0.235s] Level 1:colcon.colcon_core.package_identification:_identify(ros2_udemy_ws/install) by extensions ['ignore', 'ignore_ament_install']
[0.235s] Level 1:colcon.colcon_core.package_identification:_identify(ros2_udemy_ws/install) by extension 'ignore'
[0.236s] Level 1:colcon.colcon_core.package_identification:_identify(ros2_udemy_ws/install) ignored
[0.236s] Level 1:colcon.colcon_core.package_identification:_identify(ros2_udemy_ws/log) by extensions ['ignore', 'ignore_ament_install']
[0.236s] Level 1:colcon.colcon_core.package_identification:_identify(ros2_udemy_ws/log) by extension 'ignore'
[0.236s] Level 1:colcon.colcon_core.package_identification:_identify(ros2_udemy_ws/log) ignored
[0.236s] Level 1:colcon.colcon_core.package_identification:_identify(ros2_udemy_ws/src) by extensions ['ignore', 'ignore_ament_install']
[0.236s] Level 1:colcon.colcon_core.package_identification:_identify(ros2_udemy_ws/src) by extension 'ignore'
[0.236s] Level 1:colcon.colcon_core.package_identification:_identify(ros2_udemy_ws/src) by extension 'ignore_ament_install'
[0.236s] Level 1:colcon.colcon_core.package_identification:_identify(ros2_udemy_ws/src) by extensions ['colcon_pkg']
[0.236s] Level 1:colcon.colcon_core.package_identification:_identify(ros2_udemy_ws/src) by extension 'colcon_pkg'
[0.236s] Level 1:colcon.colcon_core.package_identification:_identify(ros2_udemy_ws/src) by extensions ['colcon_meta']
[0.236s] Level 1:colcon.colcon_core.package_identification:_identify(ros2_udemy_ws/src) by extension 'colcon_meta'
[0.236s] Level 1:colcon.colcon_core.package_identification:_identify(ros2_udemy_ws/src) by extensions ['ros']
[0.236s] Level 1:colcon.colcon_core.package_identification:_identify(ros2_udemy_ws/src) by extension 'ros'
[0.236s] Level 1:colcon.colcon_core.package_identification:_identify(ros2_udemy_ws/src) by extensions ['cmake', 'python']
[0.237s] Level 1:colcon.colcon_core.package_identification:_identify(ros2_udemy_ws/src) by extension 'cmake'
[0.237s] Level 1:colcon.colcon_core.package_identification:_identify(ros2_udemy_ws/src) by extension 'python'
[0.237s] Level 1:colcon.colcon_core.package_identification:_identify(ros2_udemy_ws/src) by extensions ['python_setup_py']
[0.237s] Level 1:colcon.colcon_core.package_identification:_identify(ros2_udemy_ws/src) by extension 'python_setup_py'
[0.237s] Level 1:colcon.colcon_core.package_identification:_identify(ros2_udemy_ws/src/build) by extensions ['ignore', 'ignore_ament_install']
[0.237s] Level 1:colcon.colcon_core.package_identification:_identify(ros2_udemy_ws/src/build) by extension 'ignore'
[0.237s] Level 1:colcon.colcon_core.package_identification:_identify(ros2_udemy_ws/src/build) ignored
[0.237s] Level 1:colcon.colcon_core.package_identification:_identify(ros2_udemy_ws/src/cpp_package) by extensions ['ignore', 'ignore_ament_install']
[0.237s] Level 1:colcon.colcon_core.package_identification:_identify(ros2_udemy_ws/src/cpp_package) by extension 'ignore'
[0.237s] Level 1:colcon.colcon_core.package_identification:_identify(ros2_udemy_ws/src/cpp_package) by extension 'ignore_ament_install'
[0.237s] Level 1:colcon.colcon_core.package_identification:_identify(ros2_udemy_ws/src/cpp_package) by extensions ['colcon_pkg']
[0.237s] Level 1:colcon.colcon_core.package_identification:_identify(ros2_udemy_ws/src/cpp_package) by extension 'colcon_pkg'
[0.237s] Level 1:colcon.colcon_core.package_identification:_identify(ros2_udemy_ws/src/cpp_package) by extensions ['colcon_meta']
[0.238s] Level 1:colcon.colcon_core.package_identification:_identify(ros2_udemy_ws/src/cpp_package) by extension 'colcon_meta'
[0.238s] Level 1:colcon.colcon_core.package_identification:_identify(ros2_udemy_ws/src/cpp_package) by extensions ['ros']
[0.238s] Level 1:colcon.colcon_core.package_identification:_identify(ros2_udemy_ws/src/cpp_package) by extension 'ros'
[0.238s] DEBUG:colcon.colcon_core.package_identification:Package 'ros2_udemy_ws/src/cpp_package' with type 'ros.ament_cmake' and name 'cpp_package'
[0.239s] Level 1:colcon.colcon_core.package_identification:_identify(ros2_udemy_ws/src/install) by extensions ['ignore', 'ignore_ament_install']
[0.239s] Level 1:colcon.colcon_core.package_identification:_identify(ros2_udemy_ws/src/install) by extension 'ignore'
[0.239s] Level 1:colcon.colcon_core.package_identification:_identify(ros2_udemy_ws/src/install) ignored
[0.239s] Level 1:colcon.colcon_core.package_identification:_identify(ros2_udemy_ws/src/log) by extensions ['ignore', 'ignore_ament_install']
[0.239s] Level 1:colcon.colcon_core.package_identification:_identify(ros2_udemy_ws/src/log) by extension 'ignore'
[0.239s] Level 1:colcon.colcon_core.package_identification:_identify(ros2_udemy_ws/src/log) ignored
[0.239s] Level 1:colcon.colcon_core.package_identification:_identify(ros2_udemy_ws/src/my_robot_bringup) by extensions ['ignore', 'ignore_ament_install']
[0.239s] Level 1:colcon.colcon_core.package_identification:_identify(ros2_udemy_ws/src/my_robot_bringup) by extension 'ignore'
[0.239s] Level 1:colcon.colcon_core.package_identification:_identify(ros2_udemy_ws/src/my_robot_bringup) by extension 'ignore_ament_install'
[0.239s] Level 1:colcon.colcon_core.package_identification:_identify(ros2_udemy_ws/src/my_robot_bringup) by extensions ['colcon_pkg']
[0.239s] Level 1:colcon.colcon_core.package_identification:_identify(ros2_udemy_ws/src/my_robot_bringup) by extension 'colcon_pkg'
[0.240s] Level 1:colcon.colcon_core.package_identification:_identify(ros2_udemy_ws/src/my_robot_bringup) by extensions ['colcon_meta']
[0.240s] Level 1:colcon.colcon_core.package_identification:_identify(ros2_udemy_ws/src/my_robot_bringup) by extension 'colcon_meta'
[0.240s] Level 1:colcon.colcon_core.package_identification:_identify(ros2_udemy_ws/src/my_robot_bringup) by extensions ['ros']
[0.240s] Level 1:colcon.colcon_core.package_identification:_identify(ros2_udemy_ws/src/my_robot_bringup) by extension 'ros'
[0.241s] DEBUG:colcon.colcon_core.package_identification:Package 'ros2_udemy_ws/src/my_robot_bringup' with type 'ros.ament_cmake' and name 'my_robot_bringup'
[0.241s] Level 1:colcon.colcon_core.package_identification:_identify(ros2_udemy_ws/src/my_robot_controller) by extensions ['ignore', 'ignore_ament_install']
[0.241s] Level 1:colcon.colcon_core.package_identification:_identify(ros2_udemy_ws/src/my_robot_controller) by extension 'ignore'
[0.241s] Level 1:colcon.colcon_core.package_identification:_identify(ros2_udemy_ws/src/my_robot_controller) by extension 'ignore_ament_install'
[0.241s] Level 1:colcon.colcon_core.package_identification:_identify(ros2_udemy_ws/src/my_robot_controller) by extensions ['colcon_pkg']
[0.241s] Level 1:colcon.colcon_core.package_identification:_identify(ros2_udemy_ws/src/my_robot_controller) by extension 'colcon_pkg'
[0.241s] Level 1:colcon.colcon_core.package_identification:_identify(ros2_udemy_ws/src/my_robot_controller) by extensions ['colcon_meta']
[0.241s] Level 1:colcon.colcon_core.package_identification:_identify(ros2_udemy_ws/src/my_robot_controller) by extension 'colcon_meta'
[0.241s] Level 1:colcon.colcon_core.package_identification:_identify(ros2_udemy_ws/src/my_robot_controller) by extensions ['ros']
[0.241s] Level 1:colcon.colcon_core.package_identification:_identify(ros2_udemy_ws/src/my_robot_controller) by extension 'ros'
[0.242s] DEBUG:colcon.colcon_core.package_identification:Package 'ros2_udemy_ws/src/my_robot_controller' with type 'ros.ament_python' and name 'my_robot_controller'
[0.242s] Level 1:colcon.colcon_core.package_identification:_identify(ros2_udemy_ws/src/my_robot_interfaces) by extensions ['ignore', 'ignore_ament_install']
[0.242s] Level 1:colcon.colcon_core.package_identification:_identify(ros2_udemy_ws/src/my_robot_interfaces) by extension 'ignore'
[0.242s] Level 1:colcon.colcon_core.package_identification:_identify(ros2_udemy_ws/src/my_robot_interfaces) by extension 'ignore_ament_install'
[0.242s] Level 1:colcon.colcon_core.package_identification:_identify(ros2_udemy_ws/src/my_robot_interfaces) by extensions ['colcon_pkg']
[0.242s] Level 1:colcon.colcon_core.package_identification:_identify(ros2_udemy_ws/src/my_robot_interfaces) by extension 'colcon_pkg'
[0.243s] Level 1:colcon.colcon_core.package_identification:_identify(ros2_udemy_ws/src/my_robot_interfaces) by extensions ['colcon_meta']
[0.243s] Level 1:colcon.colcon_core.package_identification:_identify(ros2_udemy_ws/src/my_robot_interfaces) by extension 'colcon_meta'
[0.243s] Level 1:colcon.colcon_core.package_identification:_identify(ros2_udemy_ws/src/my_robot_interfaces) by extensions ['ros']
[0.243s] Level 1:colcon.colcon_core.package_identification:_identify(ros2_udemy_ws/src/my_robot_interfaces) by extension 'ros'
[0.243s] DEBUG:colcon.colcon_core.package_identification:Package 'ros2_udemy_ws/src/my_robot_interfaces' with type 'ros.ament_cmake' and name 'my_robot_interfaces'
[0.244s] Level 1:colcon.colcon_core.package_identification:_identify(simulation_dtour_ws) by extensions ['ignore', 'ignore_ament_install']
[0.244s] Level 1:colcon.colcon_core.package_identification:_identify(simulation_dtour_ws) by extension 'ignore'
[0.244s] Level 1:colcon.colcon_core.package_identification:_identify(simulation_dtour_ws) by extension 'ignore_ament_install'
[0.244s] Level 1:colcon.colcon_core.package_identification:_identify(simulation_dtour_ws) by extensions ['colcon_pkg']
[0.244s] Level 1:colcon.colcon_core.package_identification:_identify(simulation_dtour_ws) by extension 'colcon_pkg'
[0.244s] Level 1:colcon.colcon_core.package_identification:_identify(simulation_dtour_ws) by extensions ['colcon_meta']
[0.244s] Level 1:colcon.colcon_core.package_identification:_identify(simulation_dtour_ws) by extension 'colcon_meta'
[0.244s] Level 1:colcon.colcon_core.package_identification:_identify(simulation_dtour_ws) by extensions ['ros']
[0.244s] Level 1:colcon.colcon_core.package_identification:_identify(simulation_dtour_ws) by extension 'ros'
[0.244s] Level 1:colcon.colcon_core.package_identification:_identify(simulation_dtour_ws) by extensions ['cmake', 'python']
[0.244s] Level 1:colcon.colcon_core.package_identification:_identify(simulation_dtour_ws) by extension 'cmake'
[0.244s] Level 1:colcon.colcon_core.package_identification:_identify(simulation_dtour_ws) by extension 'python'
[0.244s] Level 1:colcon.colcon_core.package_identification:_identify(simulation_dtour_ws) by extensions ['python_setup_py']
[0.244s] Level 1:colcon.colcon_core.package_identification:_identify(simulation_dtour_ws) by extension 'python_setup_py'
[0.244s] Level 1:colcon.colcon_core.package_identification:_identify(simulation_dtour_ws/build) by extensions ['ignore', 'ignore_ament_install']
[0.245s] Level 1:colcon.colcon_core.package_identification:_identify(simulation_dtour_ws/build) by extension 'ignore'
[0.245s] Level 1:colcon.colcon_core.package_identification:_identify(simulation_dtour_ws/build) ignored
[0.245s] Level 1:colcon.colcon_core.package_identification:_identify(simulation_dtour_ws/install) by extensions ['ignore', 'ignore_ament_install']
[0.245s] Level 1:colcon.colcon_core.package_identification:_identify(simulation_dtour_ws/install) by extension 'ignore'
[0.245s] Level 1:colcon.colcon_core.package_identification:_identify(simulation_dtour_ws/install) ignored
[0.245s] Level 1:colcon.colcon_core.package_identification:_identify(simulation_dtour_ws/log) by extensions ['ignore', 'ignore_ament_install']
[0.245s] Level 1:colcon.colcon_core.package_identification:_identify(simulation_dtour_ws/log) by extension 'ignore'
[0.245s] Level 1:colcon.colcon_core.package_identification:_identify(simulation_dtour_ws/log) ignored
[0.245s] Level 1:colcon.colcon_core.package_identification:_identify(simulation_dtour_ws/src) by extensions ['ignore', 'ignore_ament_install']
[0.245s] Level 1:colcon.colcon_core.package_identification:_identify(simulation_dtour_ws/src) by extension 'ignore'
[0.246s] Level 1:colcon.colcon_core.package_identification:_identify(simulation_dtour_ws/src) by extension 'ignore_ament_install'
[0.246s] Level 1:colcon.colcon_core.package_identification:_identify(simulation_dtour_ws/src) by extensions ['colcon_pkg']
[0.246s] Level 1:colcon.colcon_core.package_identification:_identify(simulation_dtour_ws/src) by extension 'colcon_pkg'
[0.246s] Level 1:colcon.colcon_core.package_identification:_identify(simulation_dtour_ws/src) by extensions ['colcon_meta']
[0.246s] Level 1:colcon.colcon_core.package_identification:_identify(simulation_dtour_ws/src) by extension 'colcon_meta'
[0.246s] Level 1:colcon.colcon_core.package_identification:_identify(simulation_dtour_ws/src) by extensions ['ros']
[0.246s] Level 1:colcon.colcon_core.package_identification:_identify(simulation_dtour_ws/src) by extension 'ros'
[0.246s] Level 1:colcon.colcon_core.package_identification:_identify(simulation_dtour_ws/src) by extensions ['cmake', 'python']
[0.246s] Level 1:colcon.colcon_core.package_identification:_identify(simulation_dtour_ws/src) by extension 'cmake'
[0.246s] Level 1:colcon.colcon_core.package_identification:_identify(simulation_dtour_ws/src) by extension 'python'
[0.246s] Level 1:colcon.colcon_core.package_identification:_identify(simulation_dtour_ws/src) by extensions ['python_setup_py']
[0.246s] Level 1:colcon.colcon_core.package_identification:_identify(simulation_dtour_ws/src) by extension 'python_setup_py'
[0.246s] Level 1:colcon.colcon_core.package_identification:_identify(simulation_dtour_ws/src/log) by extensions ['ignore', 'ignore_ament_install']
[0.246s] Level 1:colcon.colcon_core.package_identification:_identify(simulation_dtour_ws/src/log) by extension 'ignore'
[0.246s] Level 1:colcon.colcon_core.package_identification:_identify(simulation_dtour_ws/src/log) ignored
[0.247s] Level 1:colcon.colcon_core.package_identification:_identify(simulation_dtour_ws/src/turtlebot_description) by extensions ['ignore', 'ignore_ament_install']
[0.247s] Level 1:colcon.colcon_core.package_identification:_identify(simulation_dtour_ws/src/turtlebot_description) by extension 'ignore'
[0.247s] Level 1:colcon.colcon_core.package_identification:_identify(simulation_dtour_ws/src/turtlebot_description) by extension 'ignore_ament_install'
[0.247s] Level 1:colcon.colcon_core.package_identification:_identify(simulation_dtour_ws/src/turtlebot_description) by extensions ['colcon_pkg']
[0.247s] Level 1:colcon.colcon_core.package_identification:_identify(simulation_dtour_ws/src/turtlebot_description) by extension 'colcon_pkg'
[0.247s] Level 1:colcon.colcon_core.package_identification:_identify(simulation_dtour_ws/src/turtlebot_description) by extensions ['colcon_meta']
[0.247s] Level 1:colcon.colcon_core.package_identification:_identify(simulation_dtour_ws/src/turtlebot_description) by extension 'colcon_meta'
[0.247s] Level 1:colcon.colcon_core.package_identification:_identify(simulation_dtour_ws/src/turtlebot_description) by extensions ['ros']
[0.247s] Level 1:colcon.colcon_core.package_identification:_identify(simulation_dtour_ws/src/turtlebot_description) by extension 'ros'
[0.248s] DEBUG:colcon.colcon_core.package_identification:Package 'simulation_dtour_ws/src/turtlebot_description' with type 'ros.ament_cmake' and name 'turtlebot_description'
[0.248s] Level 1:colcon.colcon_core.package_identification:_identify(simulation_dtour_ws/src/udemy_robot_bringup) by extensions ['ignore', 'ignore_ament_install']
[0.248s] Level 1:colcon.colcon_core.package_identification:_identify(simulation_dtour_ws/src/udemy_robot_bringup) by extension 'ignore'
[0.248s] Level 1:colcon.colcon_core.package_identification:_identify(simulation_dtour_ws/src/udemy_robot_bringup) by extension 'ignore_ament_install'
[0.248s] Level 1:colcon.colcon_core.package_identification:_identify(simulation_dtour_ws/src/udemy_robot_bringup) by extensions ['colcon_pkg']
[0.248s] Level 1:colcon.colcon_core.package_identification:_identify(simulation_dtour_ws/src/udemy_robot_bringup) by extension 'colcon_pkg'
[0.248s] Level 1:colcon.colcon_core.package_identification:_identify(simulation_dtour_ws/src/udemy_robot_bringup) by extensions ['colcon_meta']
[0.248s] Level 1:colcon.colcon_core.package_identification:_identify(simulation_dtour_ws/src/udemy_robot_bringup) by extension 'colcon_meta'
[0.248s] Level 1:colcon.colcon_core.package_identification:_identify(simulation_dtour_ws/src/udemy_robot_bringup) by extensions ['ros']
[0.248s] Level 1:colcon.colcon_core.package_identification:_identify(simulation_dtour_ws/src/udemy_robot_bringup) by extension 'ros'
[0.249s] DEBUG:colcon.colcon_core.package_identification:Package 'simulation_dtour_ws/src/udemy_robot_bringup' with type 'ros.ament_cmake' and name 'udemy_robot_bringup'
[0.249s] Level 1:colcon.colcon_core.package_identification:_identify(simulation_ws) by extensions ['ignore', 'ignore_ament_install']
[0.250s] Level 1:colcon.colcon_core.package_identification:_identify(simulation_ws) by extension 'ignore'
[0.250s] Level 1:colcon.colcon_core.package_identification:_identify(simulation_ws) by extension 'ignore_ament_install'
[0.250s] Level 1:colcon.colcon_core.package_identification:_identify(simulation_ws) by extensions ['colcon_pkg']
[0.250s] Level 1:colcon.colcon_core.package_identification:_identify(simulation_ws) by extension 'colcon_pkg'
[0.250s] Level 1:colcon.colcon_core.package_identification:_identify(simulation_ws) by extensions ['colcon_meta']
[0.250s] Level 1:colcon.colcon_core.package_identification:_identify(simulation_ws) by extension 'colcon_meta'
[0.250s] Level 1:colcon.colcon_core.package_identification:_identify(simulation_ws) by extensions ['ros']
[0.250s] Level 1:colcon.colcon_core.package_identification:_identify(simulation_ws) by extension 'ros'
[0.250s] Level 1:colcon.colcon_core.package_identification:_identify(simulation_ws) by extensions ['cmake', 'python']
[0.250s] Level 1:colcon.colcon_core.package_identification:_identify(simulation_ws) by extension 'cmake'
[0.250s] Level 1:colcon.colcon_core.package_identification:_identify(simulation_ws) by extension 'python'
[0.250s] Level 1:colcon.colcon_core.package_identification:_identify(simulation_ws) by extensions ['python_setup_py']
[0.250s] Level 1:colcon.colcon_core.package_identification:_identify(simulation_ws) by extension 'python_setup_py'
[0.250s] Level 1:colcon.colcon_core.package_identification:_identify(simulation_ws/build) by extensions ['ignore', 'ignore_ament_install']
[0.251s] Level 1:colcon.colcon_core.package_identification:_identify(simulation_ws/build) by extension 'ignore'
[0.251s] Level 1:colcon.colcon_core.package_identification:_identify(simulation_ws/build) ignored
[0.251s] Level 1:colcon.colcon_core.package_identification:_identify(simulation_ws/install) by extensions ['ignore', 'ignore_ament_install']
[0.251s] Level 1:colcon.colcon_core.package_identification:_identify(simulation_ws/install) by extension 'ignore'
[0.251s] Level 1:colcon.colcon_core.package_identification:_identify(simulation_ws/install) ignored
[0.251s] Level 1:colcon.colcon_core.package_identification:_identify(simulation_ws/log) by extensions ['ignore', 'ignore_ament_install']
[0.251s] Level 1:colcon.colcon_core.package_identification:_identify(simulation_ws/log) by extension 'ignore'
[0.251s] Level 1:colcon.colcon_core.package_identification:_identify(simulation_ws/log) ignored
[0.251s] Level 1:colcon.colcon_core.package_identification:_identify(simulation_ws/src) by extensions ['ignore', 'ignore_ament_install']
[0.251s] Level 1:colcon.colcon_core.package_identification:_identify(simulation_ws/src) by extension 'ignore'
[0.252s] Level 1:colcon.colcon_core.package_identification:_identify(simulation_ws/src) by extension 'ignore_ament_install'
[0.252s] Level 1:colcon.colcon_core.package_identification:_identify(simulation_ws/src) by extensions ['colcon_pkg']
[0.252s] Level 1:colcon.colcon_core.package_identification:_identify(simulation_ws/src) by extension 'colcon_pkg'
[0.252s] Level 1:colcon.colcon_core.package_identification:_identify(simulation_ws/src) by extensions ['colcon_meta']
[0.252s] Level 1:colcon.colcon_core.package_identification:_identify(simulation_ws/src) by extension 'colcon_meta'
[0.252s] Level 1:colcon.colcon_core.package_identification:_identify(simulation_ws/src) by extensions ['ros']
[0.252s] Level 1:colcon.colcon_core.package_identification:_identify(simulation_ws/src) by extension 'ros'
[0.252s] Level 1:colcon.colcon_core.package_identification:_identify(simulation_ws/src) by extensions ['cmake', 'python']
[0.252s] Level 1:colcon.colcon_core.package_identification:_identify(simulation_ws/src) by extension 'cmake'
[0.252s] Level 1:colcon.colcon_core.package_identification:_identify(simulation_ws/src) by extension 'python'
[0.252s] Level 1:colcon.colcon_core.package_identification:_identify(simulation_ws/src) by extensions ['python_setup_py']
[0.252s] Level 1:colcon.colcon_core.package_identification:_identify(simulation_ws/src) by extension 'python_setup_py'
[0.252s] Level 1:colcon.colcon_core.package_identification:_identify(simulation_ws/src/build) by extensions ['ignore', 'ignore_ament_install']
[0.252s] Level 1:colcon.colcon_core.package_identification:_identify(simulation_ws/src/build) by extension 'ignore'
[0.252s] Level 1:colcon.colcon_core.package_identification:_identify(simulation_ws/src/build) ignored
[0.253s] Level 1:colcon.colcon_core.package_identification:_identify(simulation_ws/src/install) by extensions ['ignore', 'ignore_ament_install']
[0.253s] Level 1:colcon.colcon_core.package_identification:_identify(simulation_ws/src/install) by extension 'ignore'
[0.253s] Level 1:colcon.colcon_core.package_identification:_identify(simulation_ws/src/install) ignored
[0.253s] Level 1:colcon.colcon_core.package_identification:_identify(simulation_ws/src/log) by extensions ['ignore', 'ignore_ament_install']
[0.253s] Level 1:colcon.colcon_core.package_identification:_identify(simulation_ws/src/log) by extension 'ignore'
[0.253s] Level 1:colcon.colcon_core.package_identification:_identify(simulation_ws/src/log) ignored
[0.253s] Level 1:colcon.colcon_core.package_identification:_identify(simulation_ws/src/my_robot_bringup) by extensions ['ignore', 'ignore_ament_install']
[0.253s] Level 1:colcon.colcon_core.package_identification:_identify(simulation_ws/src/my_robot_bringup) by extension 'ignore'
[0.253s] Level 1:colcon.colcon_core.package_identification:_identify(simulation_ws/src/my_robot_bringup) by extension 'ignore_ament_install'
[0.253s] Level 1:colcon.colcon_core.package_identification:_identify(simulation_ws/src/my_robot_bringup) by extensions ['colcon_pkg']
[0.253s] Level 1:colcon.colcon_core.package_identification:_identify(simulation_ws/src/my_robot_bringup) by extension 'colcon_pkg'
[0.253s] Level 1:colcon.colcon_core.package_identification:_identify(simulation_ws/src/my_robot_bringup) by extensions ['colcon_meta']
[0.254s] Level 1:colcon.colcon_core.package_identification:_identify(simulation_ws/src/my_robot_bringup) by extension 'colcon_meta'
[0.254s] Level 1:colcon.colcon_core.package_identification:_identify(simulation_ws/src/my_robot_bringup) by extensions ['ros']
[0.254s] Level 1:colcon.colcon_core.package_identification:_identify(simulation_ws/src/my_robot_bringup) by extension 'ros'
[0.254s] DEBUG:colcon.colcon_core.package_identification:Package 'simulation_ws/src/my_robot_bringup' with type 'ros.ament_cmake' and name 'my_robot_bringup'
[0.255s] Level 1:colcon.colcon_core.package_identification:_identify(simulation_ws/src/my_robot_description) by extensions ['ignore', 'ignore_ament_install']
[0.255s] Level 1:colcon.colcon_core.package_identification:_identify(simulation_ws/src/my_robot_description) by extension 'ignore'
[0.255s] Level 1:colcon.colcon_core.package_identification:_identify(simulation_ws/src/my_robot_description) by extension 'ignore_ament_install'
[0.255s] Level 1:colcon.colcon_core.package_identification:_identify(simulation_ws/src/my_robot_description) by extensions ['colcon_pkg']
[0.255s] Level 1:colcon.colcon_core.package_identification:_identify(simulation_ws/src/my_robot_description) by extension 'colcon_pkg'
[0.255s] Level 1:colcon.colcon_core.package_identification:_identify(simulation_ws/src/my_robot_description) by extensions ['colcon_meta']
[0.255s] Level 1:colcon.colcon_core.package_identification:_identify(simulation_ws/src/my_robot_description) by extension 'colcon_meta'
[0.255s] Level 1:colcon.colcon_core.package_identification:_identify(simulation_ws/src/my_robot_description) by extensions ['ros']
[0.255s] Level 1:colcon.colcon_core.package_identification:_identify(simulation_ws/src/my_robot_description) by extension 'ros'
[0.256s] DEBUG:colcon.colcon_core.package_identification:Package 'simulation_ws/src/my_robot_description' with type 'ros.ament_cmake' and name 'my_robot_description'
[0.256s] Level 1:colcon.colcon_core.package_identification:_identify(turtle_follower_ws) by extensions ['ignore', 'ignore_ament_install']
[0.256s] Level 1:colcon.colcon_core.package_identification:_identify(turtle_follower_ws) by extension 'ignore'
[0.256s] Level 1:colcon.colcon_core.package_identification:_identify(turtle_follower_ws) by extension 'ignore_ament_install'
[0.256s] Level 1:colcon.colcon_core.package_identification:_identify(turtle_follower_ws) by extensions ['colcon_pkg']
[0.256s] Level 1:colcon.colcon_core.package_identification:_identify(turtle_follower_ws) by extension 'colcon_pkg'
[0.256s] Level 1:colcon.colcon_core.package_identification:_identify(turtle_follower_ws) by extensions ['colcon_meta']
[0.256s] Level 1:colcon.colcon_core.package_identification:_identify(turtle_follower_ws) by extension 'colcon_meta'
[0.257s] Level 1:colcon.colcon_core.package_identification:_identify(turtle_follower_ws) by extensions ['ros']
[0.257s] Level 1:colcon.colcon_core.package_identification:_identify(turtle_follower_ws) by extension 'ros'
[0.257s] Level 1:colcon.colcon_core.package_identification:_identify(turtle_follower_ws) by extensions ['cmake', 'python']
[0.257s] Level 1:colcon.colcon_core.package_identification:_identify(turtle_follower_ws) by extension 'cmake'
[0.257s] Level 1:colcon.colcon_core.package_identification:_identify(turtle_follower_ws) by extension 'python'
[0.257s] Level 1:colcon.colcon_core.package_identification:_identify(turtle_follower_ws) by extensions ['python_setup_py']
[0.257s] Level 1:colcon.colcon_core.package_identification:_identify(turtle_follower_ws) by extension 'python_setup_py'
[0.257s] Level 1:colcon.colcon_core.package_identification:_identify(turtle_follower_ws/build) by extensions ['ignore', 'ignore_ament_install']
[0.257s] Level 1:colcon.colcon_core.package_identification:_identify(turtle_follower_ws/build) by extension 'ignore'
[0.257s] Level 1:colcon.colcon_core.package_identification:_identify(turtle_follower_ws/build) ignored
[0.257s] Level 1:colcon.colcon_core.package_identification:_identify(turtle_follower_ws/install) by extensions ['ignore', 'ignore_ament_install']
[0.257s] Level 1:colcon.colcon_core.package_identification:_identify(turtle_follower_ws/install) by extension 'ignore'
[0.257s] Level 1:colcon.colcon_core.package_identification:_identify(turtle_follower_ws/install) ignored
[0.258s] Level 1:colcon.colcon_core.package_identification:_identify(turtle_follower_ws/log) by extensions ['ignore', 'ignore_ament_install']
[0.258s] Level 1:colcon.colcon_core.package_identification:_identify(turtle_follower_ws/log) by extension 'ignore'
[0.258s] Level 1:colcon.colcon_core.package_identification:_identify(turtle_follower_ws/log) ignored
[0.258s] Level 1:colcon.colcon_core.package_identification:_identify(turtle_follower_ws/src) by extensions ['ignore', 'ignore_ament_install']
[0.258s] Level 1:colcon.colcon_core.package_identification:_identify(turtle_follower_ws/src) by extension 'ignore'
[0.258s] Level 1:colcon.colcon_core.package_identification:_identify(turtle_follower_ws/src) by extension 'ignore_ament_install'
[0.258s] Level 1:colcon.colcon_core.package_identification:_identify(turtle_follower_ws/src) by extensions ['colcon_pkg']
[0.258s] Level 1:colcon.colcon_core.package_identification:_identify(turtle_follower_ws/src) by extension 'colcon_pkg'
[0.258s] Level 1:colcon.colcon_core.package_identification:_identify(turtle_follower_ws/src) by extensions ['colcon_meta']
[0.258s] Level 1:colcon.colcon_core.package_identification:_identify(turtle_follower_ws/src) by extension 'colcon_meta'
[0.258s] Level 1:colcon.colcon_core.package_identification:_identify(turtle_follower_ws/src) by extensions ['ros']
[0.258s] Level 1:colcon.colcon_core.package_identification:_identify(turtle_follower_ws/src) by extension 'ros'
[0.258s] Level 1:colcon.colcon_core.package_identification:_identify(turtle_follower_ws/src) by extensions ['cmake', 'python']
[0.258s] Level 1:colcon.colcon_core.package_identification:_identify(turtle_follower_ws/src) by extension 'cmake'
[0.258s] Level 1:colcon.colcon_core.package_identification:_identify(turtle_follower_ws/src) by extension 'python'
[0.258s] Level 1:colcon.colcon_core.package_identification:_identify(turtle_follower_ws/src) by extensions ['python_setup_py']
[0.259s] Level 1:colcon.colcon_core.package_identification:_identify(turtle_follower_ws/src) by extension 'python_setup_py'
[0.259s] Level 1:colcon.colcon_core.package_identification:_identify(turtle_follower_ws/src/build) by extensions ['ignore', 'ignore_ament_install']
[0.259s] Level 1:colcon.colcon_core.package_identification:_identify(turtle_follower_ws/src/build) by extension 'ignore'
[0.259s] Level 1:colcon.colcon_core.package_identification:_identify(turtle_follower_ws/src/build) ignored
[0.259s] Level 1:colcon.colcon_core.package_identification:_identify(turtle_follower_ws/src/install) by extensions ['ignore', 'ignore_ament_install']
[0.259s] Level 1:colcon.colcon_core.package_identification:_identify(turtle_follower_ws/src/install) by extension 'ignore'
[0.259s] Level 1:colcon.colcon_core.package_identification:_identify(turtle_follower_ws/src/install) ignored
[0.259s] Level 1:colcon.colcon_core.package_identification:_identify(turtle_follower_ws/src/log) by extensions ['ignore', 'ignore_ament_install']
[0.259s] Level 1:colcon.colcon_core.package_identification:_identify(turtle_follower_ws/src/log) by extension 'ignore'
[0.259s] Level 1:colcon.colcon_core.package_identification:_identify(turtle_follower_ws/src/log) ignored
[0.259s] Level 1:colcon.colcon_core.package_identification:_identify(turtle_follower_ws/src/turtle_bringup) by extensions ['ignore', 'ignore_ament_install']
[0.260s] Level 1:colcon.colcon_core.package_identification:_identify(turtle_follower_ws/src/turtle_bringup) by extension 'ignore'
[0.260s] Level 1:colcon.colcon_core.package_identification:_identify(turtle_follower_ws/src/turtle_bringup) by extension 'ignore_ament_install'
[0.260s] Level 1:colcon.colcon_core.package_identification:_identify(turtle_follower_ws/src/turtle_bringup) by extensions ['colcon_pkg']
[0.260s] Level 1:colcon.colcon_core.package_identification:_identify(turtle_follower_ws/src/turtle_bringup) by extension 'colcon_pkg'
[0.260s] Level 1:colcon.colcon_core.package_identification:_identify(turtle_follower_ws/src/turtle_bringup) by extensions ['colcon_meta']
[0.260s] Level 1:colcon.colcon_core.package_identification:_identify(turtle_follower_ws/src/turtle_bringup) by extension 'colcon_meta'
[0.260s] Level 1:colcon.colcon_core.package_identification:_identify(turtle_follower_ws/src/turtle_bringup) by extensions ['ros']
[0.260s] Level 1:colcon.colcon_core.package_identification:_identify(turtle_follower_ws/src/turtle_bringup) by extension 'ros'
[0.261s] DEBUG:colcon.colcon_core.package_identification:Package 'turtle_follower_ws/src/turtle_bringup' with type 'ros.ament_cmake' and name 'turtle_bringup'
[0.261s] Level 1:colcon.colcon_core.package_identification:_identify(turtle_follower_ws/src/turtle_controller) by extensions ['ignore', 'ignore_ament_install']
[0.261s] Level 1:colcon.colcon_core.package_identification:_identify(turtle_follower_ws/src/turtle_controller) by extension 'ignore'
[0.261s] Level 1:colcon.colcon_core.package_identification:_identify(turtle_follower_ws/src/turtle_controller) by extension 'ignore_ament_install'
[0.261s] Level 1:colcon.colcon_core.package_identification:_identify(turtle_follower_ws/src/turtle_controller) by extensions ['colcon_pkg']
[0.261s] Level 1:colcon.colcon_core.package_identification:_identify(turtle_follower_ws/src/turtle_controller) by extension 'colcon_pkg'
[0.261s] Level 1:colcon.colcon_core.package_identification:_identify(turtle_follower_ws/src/turtle_controller) by extensions ['colcon_meta']
[0.261s] Level 1:colcon.colcon_core.package_identification:_identify(turtle_follower_ws/src/turtle_controller) by extension 'colcon_meta'
[0.261s] Level 1:colcon.colcon_core.package_identification:_identify(turtle_follower_ws/src/turtle_controller) by extensions ['ros']
[0.261s] Level 1:colcon.colcon_core.package_identification:_identify(turtle_follower_ws/src/turtle_controller) by extension 'ros'
[0.262s] DEBUG:colcon.colcon_core.package_identification:Package 'turtle_follower_ws/src/turtle_controller' with type 'ros.ament_python' and name 'turtle_controller'
[0.262s] Level 1:colcon.colcon_core.package_identification:_identify(turtle_follower_ws/src/turtle_interfaces) by extensions ['ignore', 'ignore_ament_install']
[0.263s] Level 1:colcon.colcon_core.package_identification:_identify(turtle_follower_ws/src/turtle_interfaces) by extension 'ignore'
[0.263s] Level 1:colcon.colcon_core.package_identification:_identify(turtle_follower_ws/src/turtle_interfaces) by extension 'ignore_ament_install'
[0.263s] Level 1:colcon.colcon_core.package_identification:_identify(turtle_follower_ws/src/turtle_interfaces) by extensions ['colcon_pkg']
[0.263s] Level 1:colcon.colcon_core.package_identification:_identify(turtle_follower_ws/src/turtle_interfaces) by extension 'colcon_pkg'
[0.263s] Level 1:colcon.colcon_core.package_identification:_identify(turtle_follower_ws/src/turtle_interfaces) by extensions ['colcon_meta']
[0.263s] Level 1:colcon.colcon_core.package_identification:_identify(turtle_follower_ws/src/turtle_interfaces) by extension 'colcon_meta'
[0.263s] Level 1:colcon.colcon_core.package_identification:_identify(turtle_follower_ws/src/turtle_interfaces) by extensions ['ros']
[0.263s] Level 1:colcon.colcon_core.package_identification:_identify(turtle_follower_ws/src/turtle_interfaces) by extension 'ros'
[0.264s] DEBUG:colcon.colcon_core.package_identification:Package 'turtle_follower_ws/src/turtle_interfaces' with type 'ros.ament_cmake' and name 'turtle_interfaces'
[0.264s] Level 1:colcon.colcon_core.package_identification:_identify(turtle_follower_ws/src/turtle_spawner) by extensions ['ignore', 'ignore_ament_install']
[0.264s] Level 1:colcon.colcon_core.package_identification:_identify(turtle_follower_ws/src/turtle_spawner) by extension 'ignore'
[0.264s] Level 1:colcon.colcon_core.package_identification:_identify(turtle_follower_ws/src/turtle_spawner) by extension 'ignore_ament_install'
[0.264s] Level 1:colcon.colcon_core.package_identification:_identify(turtle_follower_ws/src/turtle_spawner) by extensions ['colcon_pkg']
[0.264s] Level 1:colcon.colcon_core.package_identification:_identify(turtle_follower_ws/src/turtle_spawner) by extension 'colcon_pkg'
[0.264s] Level 1:colcon.colcon_core.package_identification:_identify(turtle_follower_ws/src/turtle_spawner) by extensions ['colcon_meta']
[0.264s] Level 1:colcon.colcon_core.package_identification:_identify(turtle_follower_ws/src/turtle_spawner) by extension 'colcon_meta'
[0.264s] Level 1:colcon.colcon_core.package_identification:_identify(turtle_follower_ws/src/turtle_spawner) by extensions ['ros']
[0.265s] Level 1:colcon.colcon_core.package_identification:_identify(turtle_follower_ws/src/turtle_spawner) by extension 'ros'
[0.265s] DEBUG:colcon.colcon_core.package_identification:Package 'turtle_follower_ws/src/turtle_spawner' with type 'ros.ament_python' and name 'turtle_spawner'
[0.265s] Level 1:colcon.colcon_core.package_discovery:discover_packages(recursive) using defaults
[0.265s] Level 1:colcon.colcon_core.package_discovery:discover_packages(ignore) discover
[0.266s] Level 1:colcon.colcon_core.package_discovery:discover_packages(ignore) using defaults
[0.266s] Level 1:colcon.colcon_core.package_discovery:discover_packages(path) discover
[0.266s] Level 1:colcon.colcon_core.package_discovery:discover_packages(path) using defaults
[0.297s] Level 1:colcon.colcon_core.package_discovery:discover_packages(prefix_path) check parameters
[0.297s] Level 1:colcon.colcon_core.package_discovery:discover_packages(prefix_path) discover
[0.301s] DEBUG:colcon.colcon_installed_package_information.package_discovery:Found 477 installed packages in /opt/ros/humble
[0.304s] Level 1:colcon.colcon_core.package_discovery:discover_packages(prefix_path) using defaults
[0.395s] ERROR:colcon:colcon build: Duplicate package names not supported:
- my_robot_bringup:
  - ros2_udemy_ws/src/my_robot_bringup
  - simulation_ws/src/my_robot_bringup
