[0.032s] Invoking command in '/media/ros/fedora/home/maylis/Dokumente/TeleNav/build/cpp_package': CMAKE_PREFIX_PATH=${CMAKE_PREFIX_PATH}:/media/ros/fedora/home/maylis/Dokumente/TeleNav/install/my_robot_controller:/opt/ros/humble /usr/bin/cmake --build /media/ros/fedora/home/maylis/Dokumente/TeleNav/build/cpp_package -- -j6 -l6
[0.415s] [100%] Built target my_first_cpp_node
[0.417s] Invoked command in '/media/ros/fedora/home/maylis/Dokumente/TeleNav/build/cpp_package' returned '0': CMAKE_PREFIX_PATH=${CMAKE_PREFIX_PATH}:/media/ros/fedora/home/maylis/Dokumente/TeleNav/install/my_robot_controller:/opt/ros/humble /usr/bin/cmake --build /media/ros/fedora/home/maylis/Dokumente/TeleNav/build/cpp_package -- -j6 -l6
[0.434s] Invoking command in '/media/ros/fedora/home/maylis/Dokumente/TeleNav/build/cpp_package': CMAKE_PREFIX_PATH=${CMAKE_PREFIX_PATH}:/media/ros/fedora/home/maylis/Dokumente/TeleNav/install/my_robot_controller:/opt/ros/humble /usr/bin/cmake --install /media/ros/fedora/home/maylis/Dokumente/TeleNav/build/cpp_package
[0.448s] -- Install configuration: ""
[0.448s] -- Up-to-date: /media/ros/fedora/home/maylis/Dokumente/TeleNav/install/cpp_package/lib/cpp_package/my_first_cpp_node
[0.448s] -- Up-to-date: /media/ros/fedora/home/maylis/Dokumente/TeleNav/install/cpp_package/share/ament_index/resource_index/package_run_dependencies/cpp_package
[0.448s] -- Up-to-date: /media/ros/fedora/home/maylis/Dokumente/TeleNav/install/cpp_package/share/ament_index/resource_index/parent_prefix_path/cpp_package
[0.448s] -- Up-to-date: /media/ros/fedora/home/maylis/Dokumente/TeleNav/install/cpp_package/share/cpp_package/environment/ament_prefix_path.sh
[0.448s] -- Up-to-date: /media/ros/fedora/home/maylis/Dokumente/TeleNav/install/cpp_package/share/cpp_package/environment/ament_prefix_path.dsv
[0.448s] -- Up-to-date: /media/ros/fedora/home/maylis/Dokumente/TeleNav/install/cpp_package/share/cpp_package/environment/path.sh
[0.448s] -- Up-to-date: /media/ros/fedora/home/maylis/Dokumente/TeleNav/install/cpp_package/share/cpp_package/environment/path.dsv
[0.449s] -- Up-to-date: /media/ros/fedora/home/maylis/Dokumente/TeleNav/install/cpp_package/share/cpp_package/local_setup.bash
[0.449s] -- Up-to-date: /media/ros/fedora/home/maylis/Dokumente/TeleNav/install/cpp_package/share/cpp_package/local_setup.sh
[0.449s] -- Up-to-date: /media/ros/fedora/home/maylis/Dokumente/TeleNav/install/cpp_package/share/cpp_package/local_setup.zsh
[0.449s] -- Up-to-date: /media/ros/fedora/home/maylis/Dokumente/TeleNav/install/cpp_package/share/cpp_package/local_setup.dsv
[0.449s] -- Installing: /media/ros/fedora/home/maylis/Dokumente/TeleNav/install/cpp_package/share/cpp_package/package.dsv
[0.449s] -- Up-to-date: /media/ros/fedora/home/maylis/Dokumente/TeleNav/install/cpp_package/share/ament_index/resource_index/packages/cpp_package
[0.449s] -- Up-to-date: /media/ros/fedora/home/maylis/Dokumente/TeleNav/install/cpp_package/share/cpp_package/cmake/cpp_packageConfig.cmake
[0.449s] -- Up-to-date: /media/ros/fedora/home/maylis/Dokumente/TeleNav/install/cpp_package/share/cpp_package/cmake/cpp_packageConfig-version.cmake
[0.449s] -- Up-to-date: /media/ros/fedora/home/maylis/Dokumente/TeleNav/install/cpp_package/share/cpp_package/package.xml
[0.452s] Invoked command in '/media/ros/fedora/home/maylis/Dokumente/TeleNav/build/cpp_package' returned '0': CMAKE_PREFIX_PATH=${CMAKE_PREFIX_PATH}:/media/ros/fedora/home/maylis/Dokumente/TeleNav/install/my_robot_controller:/opt/ros/humble /usr/bin/cmake --install /media/ros/fedora/home/maylis/Dokumente/TeleNav/build/cpp_package
