[0.263s] Invoking command in '/media/ros/fedora/home/maylis/Dokumente/TeleNav/project_ws/build/telerobot_interfaces': CMAKE_PREFIX_PATH=${CMAKE_PREFIX_PATH}:/media/ros/fedora/home/maylis/Dokumente/TeleNav/project_ws/install/telerobot_controller:/media/ros/fedora/home/maylis/Dokumente/TeleNav/install/turtle_spawner:/media/ros/fedora/home/maylis/Dokumente/TeleNav/install/turtle_controller:/media/ros/fedora/home/maylis/Dokumente/TeleNav/install/my_robot_controller:/opt/ros/humble /usr/bin/cmake --build /media/ros/fedora/home/maylis/Dokumente/TeleNav/project_ws/build/telerobot_interfaces -- -j6 -l6
[0.305s] [35m[1mConsolidate compiler generated dependencies of target telerobot_interfaces__rosidl_generator_c[0m
[0.317s] [  3%] Built target telerobot_interfaces__cpp
[0.323s] [ 12%] Built target telerobot_interfaces__rosidl_generator_c
[0.324s] [ 12%] Built target ament_cmake_python_copy_telerobot_interfaces
[0.330s] [35m[1mConsolidate compiler generated dependencies of target telerobot_interfaces__rosidl_typesupport_cpp[0m
[0.332s] [35m[1mConsolidate compiler generated dependencies of target telerobot_interfaces__rosidl_typesupport_fastrtps_cpp[0m
[0.335s] [35m[1mConsolidate compiler generated dependencies of target telerobot_interfaces__rosidl_typesupport_introspection_c[0m
[0.340s] [35m[1mConsolidate compiler generated dependencies of target telerobot_interfaces__rosidl_typesupport_introspection_cpp[0m
[0.343s] [35m[1mConsolidate compiler generated dependencies of target telerobot_interfaces__rosidl_typesupport_fastrtps_c[0m
[0.343s] [35m[1mConsolidate compiler generated dependencies of target telerobot_interfaces__rosidl_typesupport_c[0m
[0.354s] [ 22%] Built target telerobot_interfaces__rosidl_typesupport_introspection_c
[0.355s] [ 32%] Built target telerobot_interfaces__rosidl_typesupport_fastrtps_cpp
[0.360s] [ 48%] Built target telerobot_interfaces__rosidl_typesupport_cpp
[0.361s] [ 51%] Built target telerobot_interfaces__rosidl_typesupport_introspection_cpp
[0.363s] [ 61%] Built target telerobot_interfaces__rosidl_typesupport_c
[0.364s] [ 70%] Built target telerobot_interfaces__rosidl_typesupport_fastrtps_c
[0.386s] [ 70%] Built target telerobot_interfaces
[0.407s] [ 74%] Built target telerobot_interfaces__py
[0.416s] [35m[1mConsolidate compiler generated dependencies of target telerobot_interfaces__rosidl_generator_py[0m
[0.428s] [ 80%] Built target telerobot_interfaces__rosidl_generator_py
[0.437s] [35m[1mConsolidate compiler generated dependencies of target telerobot_interfaces__rosidl_typesupport_c__pyext[0m
[0.439s] [35m[1mConsolidate compiler generated dependencies of target telerobot_interfaces__rosidl_typesupport_fastrtps_c__pyext[0m
[0.439s] [35m[1mConsolidate compiler generated dependencies of target telerobot_interfaces__rosidl_typesupport_introspection_c__pyext[0m
[0.455s] [ 87%] Built target telerobot_interfaces__rosidl_typesupport_fastrtps_c__pyext
[0.455s] [ 93%] Built target telerobot_interfaces__rosidl_typesupport_c__pyext
[0.455s] [100%] Built target telerobot_interfaces__rosidl_typesupport_introspection_c__pyext
[0.593s] running egg_info
[0.594s] writing telerobot_interfaces.egg-info/PKG-INFO
[0.594s] writing dependency_links to telerobot_interfaces.egg-info/dependency_links.txt
[0.594s] writing top-level names to telerobot_interfaces.egg-info/top_level.txt
[0.597s] reading manifest file 'telerobot_interfaces.egg-info/SOURCES.txt'
[0.598s] writing manifest file 'telerobot_interfaces.egg-info/SOURCES.txt'
[0.633s] [100%] Built target ament_cmake_python_build_telerobot_interfaces_egg
[0.646s] Invoked command in '/media/ros/fedora/home/maylis/Dokumente/TeleNav/project_ws/build/telerobot_interfaces' returned '0': CMAKE_PREFIX_PATH=${CMAKE_PREFIX_PATH}:/media/ros/fedora/home/maylis/Dokumente/TeleNav/project_ws/install/telerobot_controller:/media/ros/fedora/home/maylis/Dokumente/TeleNav/install/turtle_spawner:/media/ros/fedora/home/maylis/Dokumente/TeleNav/install/turtle_controller:/media/ros/fedora/home/maylis/Dokumente/TeleNav/install/my_robot_controller:/opt/ros/humble /usr/bin/cmake --build /media/ros/fedora/home/maylis/Dokumente/TeleNav/project_ws/build/telerobot_interfaces -- -j6 -l6
[0.647s] Invoking command in '/media/ros/fedora/home/maylis/Dokumente/TeleNav/project_ws/build/telerobot_interfaces': CMAKE_PREFIX_PATH=${CMAKE_PREFIX_PATH}:/media/ros/fedora/home/maylis/Dokumente/TeleNav/project_ws/install/telerobot_controller:/media/ros/fedora/home/maylis/Dokumente/TeleNav/install/turtle_spawner:/media/ros/fedora/home/maylis/Dokumente/TeleNav/install/turtle_controller:/media/ros/fedora/home/maylis/Dokumente/TeleNav/install/my_robot_controller:/opt/ros/humble /usr/bin/cmake --install /media/ros/fedora/home/maylis/Dokumente/TeleNav/project_ws/build/telerobot_interfaces
[0.652s] -- Install configuration: ""
[0.652s] -- Up-to-date: /media/ros/fedora/home/maylis/Dokumente/TeleNav/project_ws/install/telerobot_interfaces/share/ament_index/resource_index/rosidl_interfaces/telerobot_interfaces
[0.652s] -- Up-to-date: /media/ros/fedora/home/maylis/Dokumente/TeleNav/project_ws/install/telerobot_interfaces/include/telerobot_interfaces/telerobot_interfaces
[0.652s] -- Up-to-date: /media/ros/fedora/home/maylis/Dokumente/TeleNav/project_ws/install/telerobot_interfaces/include/telerobot_interfaces/telerobot_interfaces/msg
[0.652s] -- Up-to-date: /media/ros/fedora/home/maylis/Dokumente/TeleNav/project_ws/install/telerobot_interfaces/include/telerobot_interfaces/telerobot_interfaces/msg/rosidl_generator_c__visibility_control.h
[0.652s] -- Up-to-date: /media/ros/fedora/home/maylis/Dokumente/TeleNav/project_ws/install/telerobot_interfaces/include/telerobot_interfaces/telerobot_interfaces/msg/move_cmd.h
[0.652s] -- Up-to-date: /media/ros/fedora/home/maylis/Dokumente/TeleNav/project_ws/install/telerobot_interfaces/include/telerobot_interfaces/telerobot_interfaces/msg/detail
[0.653s] -- Up-to-date: /media/ros/fedora/home/maylis/Dokumente/TeleNav/project_ws/install/telerobot_interfaces/include/telerobot_interfaces/telerobot_interfaces/msg/detail/move_cmd__functions.c
[0.653s] -- Up-to-date: /media/ros/fedora/home/maylis/Dokumente/TeleNav/project_ws/install/telerobot_interfaces/include/telerobot_interfaces/telerobot_interfaces/msg/detail/move_cmd__functions.h
[0.653s] -- Up-to-date: /media/ros/fedora/home/maylis/Dokumente/TeleNav/project_ws/install/telerobot_interfaces/include/telerobot_interfaces/telerobot_interfaces/msg/detail/move_cmd__struct.h
[0.653s] -- Up-to-date: /media/ros/fedora/home/maylis/Dokumente/TeleNav/project_ws/install/telerobot_interfaces/include/telerobot_interfaces/telerobot_interfaces/msg/detail/move_cmd__type_support.h
[0.653s] -- Up-to-date: /media/ros/fedora/home/maylis/Dokumente/TeleNav/project_ws/install/telerobot_interfaces/share/telerobot_interfaces/environment/library_path.sh
[0.653s] -- Up-to-date: /media/ros/fedora/home/maylis/Dokumente/TeleNav/project_ws/install/telerobot_interfaces/share/telerobot_interfaces/environment/library_path.dsv
[0.653s] -- Up-to-date: /media/ros/fedora/home/maylis/Dokumente/TeleNav/project_ws/install/telerobot_interfaces/lib/libtelerobot_interfaces__rosidl_generator_c.so
[0.654s] -- Up-to-date: /media/ros/fedora/home/maylis/Dokumente/TeleNav/project_ws/install/telerobot_interfaces/include/telerobot_interfaces/telerobot_interfaces
[0.654s] -- Up-to-date: /media/ros/fedora/home/maylis/Dokumente/TeleNav/project_ws/install/telerobot_interfaces/include/telerobot_interfaces/telerobot_interfaces/msg
[0.654s] -- Up-to-date: /media/ros/fedora/home/maylis/Dokumente/TeleNav/project_ws/install/telerobot_interfaces/include/telerobot_interfaces/telerobot_interfaces/msg/rosidl_typesupport_fastrtps_c__visibility_control.h
[0.654s] -- Up-to-date: /media/ros/fedora/home/maylis/Dokumente/TeleNav/project_ws/install/telerobot_interfaces/include/telerobot_interfaces/telerobot_interfaces/msg/detail
[0.654s] -- Up-to-date: /media/ros/fedora/home/maylis/Dokumente/TeleNav/project_ws/install/telerobot_interfaces/include/telerobot_interfaces/telerobot_interfaces/msg/detail/move_cmd__rosidl_typesupport_fastrtps_c.h
[0.654s] -- Up-to-date: /media/ros/fedora/home/maylis/Dokumente/TeleNav/project_ws/install/telerobot_interfaces/lib/libtelerobot_interfaces__rosidl_typesupport_fastrtps_c.so
[0.654s] -- Up-to-date: /media/ros/fedora/home/maylis/Dokumente/TeleNav/project_ws/install/telerobot_interfaces/include/telerobot_interfaces/telerobot_interfaces
[0.655s] -- Up-to-date: /media/ros/fedora/home/maylis/Dokumente/TeleNav/project_ws/install/telerobot_interfaces/include/telerobot_interfaces/telerobot_interfaces/msg
[0.655s] -- Up-to-date: /media/ros/fedora/home/maylis/Dokumente/TeleNav/project_ws/install/telerobot_interfaces/include/telerobot_interfaces/telerobot_interfaces/msg/rosidl_typesupport_introspection_c__visibility_control.h
[0.655s] -- Up-to-date: /media/ros/fedora/home/maylis/Dokumente/TeleNav/project_ws/install/telerobot_interfaces/include/telerobot_interfaces/telerobot_interfaces/msg/detail
[0.655s] -- Up-to-date: /media/ros/fedora/home/maylis/Dokumente/TeleNav/project_ws/install/telerobot_interfaces/include/telerobot_interfaces/telerobot_interfaces/msg/detail/move_cmd__rosidl_typesupport_introspection_c.h
[0.655s] -- Up-to-date: /media/ros/fedora/home/maylis/Dokumente/TeleNav/project_ws/install/telerobot_interfaces/include/telerobot_interfaces/telerobot_interfaces/msg/detail/move_cmd__type_support.c
[0.655s] -- Up-to-date: /media/ros/fedora/home/maylis/Dokumente/TeleNav/project_ws/install/telerobot_interfaces/lib/libtelerobot_interfaces__rosidl_typesupport_introspection_c.so
[0.655s] -- Up-to-date: /media/ros/fedora/home/maylis/Dokumente/TeleNav/project_ws/install/telerobot_interfaces/lib/libtelerobot_interfaces__rosidl_typesupport_c.so
[0.655s] -- Up-to-date: /media/ros/fedora/home/maylis/Dokumente/TeleNav/project_ws/install/telerobot_interfaces/include/telerobot_interfaces/telerobot_interfaces
[0.656s] -- Up-to-date: /media/ros/fedora/home/maylis/Dokumente/TeleNav/project_ws/install/telerobot_interfaces/include/telerobot_interfaces/telerobot_interfaces/msg
[0.656s] -- Up-to-date: /media/ros/fedora/home/maylis/Dokumente/TeleNav/project_ws/install/telerobot_interfaces/include/telerobot_interfaces/telerobot_interfaces/msg/rosidl_generator_cpp__visibility_control.hpp
[0.656s] -- Up-to-date: /media/ros/fedora/home/maylis/Dokumente/TeleNav/project_ws/install/telerobot_interfaces/include/telerobot_interfaces/telerobot_interfaces/msg/move_cmd.hpp
[0.656s] -- Up-to-date: /media/ros/fedora/home/maylis/Dokumente/TeleNav/project_ws/install/telerobot_interfaces/include/telerobot_interfaces/telerobot_interfaces/msg/detail
[0.656s] -- Up-to-date: /media/ros/fedora/home/maylis/Dokumente/TeleNav/project_ws/install/telerobot_interfaces/include/telerobot_interfaces/telerobot_interfaces/msg/detail/move_cmd__builder.hpp
[0.657s] -- Up-to-date: /media/ros/fedora/home/maylis/Dokumente/TeleNav/project_ws/install/telerobot_interfaces/include/telerobot_interfaces/telerobot_interfaces/msg/detail/move_cmd__struct.hpp
[0.657s] -- Up-to-date: /media/ros/fedora/home/maylis/Dokumente/TeleNav/project_ws/install/telerobot_interfaces/include/telerobot_interfaces/telerobot_interfaces/msg/detail/move_cmd__traits.hpp
[0.657s] -- Up-to-date: /media/ros/fedora/home/maylis/Dokumente/TeleNav/project_ws/install/telerobot_interfaces/include/telerobot_interfaces/telerobot_interfaces/msg/detail/move_cmd__type_support.hpp
[0.657s] -- Up-to-date: /media/ros/fedora/home/maylis/Dokumente/TeleNav/project_ws/install/telerobot_interfaces/include/telerobot_interfaces/telerobot_interfaces
[0.657s] -- Up-to-date: /media/ros/fedora/home/maylis/Dokumente/TeleNav/project_ws/install/telerobot_interfaces/include/telerobot_interfaces/telerobot_interfaces/msg
[0.657s] -- Up-to-date: /media/ros/fedora/home/maylis/Dokumente/TeleNav/project_ws/install/telerobot_interfaces/include/telerobot_interfaces/telerobot_interfaces/msg/rosidl_typesupport_fastrtps_cpp__visibility_control.h
[0.657s] -- Up-to-date: /media/ros/fedora/home/maylis/Dokumente/TeleNav/project_ws/install/telerobot_interfaces/include/telerobot_interfaces/telerobot_interfaces/msg/detail
[0.657s] -- Up-to-date: /media/ros/fedora/home/maylis/Dokumente/TeleNav/project_ws/install/telerobot_interfaces/include/telerobot_interfaces/telerobot_interfaces/msg/detail/move_cmd__rosidl_typesupport_fastrtps_cpp.hpp
[0.657s] -- Up-to-date: /media/ros/fedora/home/maylis/Dokumente/TeleNav/project_ws/install/telerobot_interfaces/include/telerobot_interfaces/telerobot_interfaces/msg/detail/dds_fastrtps
[0.658s] -- Up-to-date: /media/ros/fedora/home/maylis/Dokumente/TeleNav/project_ws/install/telerobot_interfaces/lib/libtelerobot_interfaces__rosidl_typesupport_fastrtps_cpp.so
[0.658s] -- Up-to-date: /media/ros/fedora/home/maylis/Dokumente/TeleNav/project_ws/install/telerobot_interfaces/include/telerobot_interfaces/telerobot_interfaces
[0.658s] -- Up-to-date: /media/ros/fedora/home/maylis/Dokumente/TeleNav/project_ws/install/telerobot_interfaces/include/telerobot_interfaces/telerobot_interfaces/msg
[0.658s] -- Up-to-date: /media/ros/fedora/home/maylis/Dokumente/TeleNav/project_ws/install/telerobot_interfaces/include/telerobot_interfaces/telerobot_interfaces/msg/detail
[0.658s] -- Up-to-date: /media/ros/fedora/home/maylis/Dokumente/TeleNav/project_ws/install/telerobot_interfaces/include/telerobot_interfaces/telerobot_interfaces/msg/detail/move_cmd__rosidl_typesupport_introspection_cpp.hpp
[0.658s] -- Up-to-date: /media/ros/fedora/home/maylis/Dokumente/TeleNav/project_ws/install/telerobot_interfaces/include/telerobot_interfaces/telerobot_interfaces/msg/detail/move_cmd__type_support.cpp
[0.658s] -- Up-to-date: /media/ros/fedora/home/maylis/Dokumente/TeleNav/project_ws/install/telerobot_interfaces/lib/libtelerobot_interfaces__rosidl_typesupport_introspection_cpp.so
[0.659s] -- Up-to-date: /media/ros/fedora/home/maylis/Dokumente/TeleNav/project_ws/install/telerobot_interfaces/lib/libtelerobot_interfaces__rosidl_typesupport_cpp.so
[0.659s] -- Up-to-date: /media/ros/fedora/home/maylis/Dokumente/TeleNav/project_ws/install/telerobot_interfaces/share/telerobot_interfaces/environment/pythonpath.sh
[0.659s] -- Up-to-date: /media/ros/fedora/home/maylis/Dokumente/TeleNav/project_ws/install/telerobot_interfaces/share/telerobot_interfaces/environment/pythonpath.dsv
[0.659s] -- Up-to-date: /media/ros/fedora/home/maylis/Dokumente/TeleNav/project_ws/install/telerobot_interfaces/local/lib/python3.10/dist-packages/telerobot_interfaces-0.0.0-py3.10.egg-info
[0.659s] -- Installing: /media/ros/fedora/home/maylis/Dokumente/TeleNav/project_ws/install/telerobot_interfaces/local/lib/python3.10/dist-packages/telerobot_interfaces-0.0.0-py3.10.egg-info/PKG-INFO
[0.659s] -- Installing: /media/ros/fedora/home/maylis/Dokumente/TeleNav/project_ws/install/telerobot_interfaces/local/lib/python3.10/dist-packages/telerobot_interfaces-0.0.0-py3.10.egg-info/dependency_links.txt
[0.659s] -- Installing: /media/ros/fedora/home/maylis/Dokumente/TeleNav/project_ws/install/telerobot_interfaces/local/lib/python3.10/dist-packages/telerobot_interfaces-0.0.0-py3.10.egg-info/top_level.txt
[0.660s] -- Installing: /media/ros/fedora/home/maylis/Dokumente/TeleNav/project_ws/install/telerobot_interfaces/local/lib/python3.10/dist-packages/telerobot_interfaces-0.0.0-py3.10.egg-info/SOURCES.txt
[0.660s] -- Up-to-date: /media/ros/fedora/home/maylis/Dokumente/TeleNav/project_ws/install/telerobot_interfaces/local/lib/python3.10/dist-packages/telerobot_interfaces
[0.660s] -- Up-to-date: /media/ros/fedora/home/maylis/Dokumente/TeleNav/project_ws/install/telerobot_interfaces/local/lib/python3.10/dist-packages/telerobot_interfaces/__init__.py
[0.660s] -- Up-to-date: /media/ros/fedora/home/maylis/Dokumente/TeleNav/project_ws/install/telerobot_interfaces/local/lib/python3.10/dist-packages/telerobot_interfaces/msg
[0.660s] -- Up-to-date: /media/ros/fedora/home/maylis/Dokumente/TeleNav/project_ws/install/telerobot_interfaces/local/lib/python3.10/dist-packages/telerobot_interfaces/msg/_move_cmd.py
[0.660s] -- Up-to-date: /media/ros/fedora/home/maylis/Dokumente/TeleNav/project_ws/install/telerobot_interfaces/local/lib/python3.10/dist-packages/telerobot_interfaces/msg/_move_cmd_s.c
[0.660s] -- Up-to-date: /media/ros/fedora/home/maylis/Dokumente/TeleNav/project_ws/install/telerobot_interfaces/local/lib/python3.10/dist-packages/telerobot_interfaces/msg/__init__.py
[0.660s] -- Up-to-date: /media/ros/fedora/home/maylis/Dokumente/TeleNav/project_ws/install/telerobot_interfaces/local/lib/python3.10/dist-packages/telerobot_interfaces/_telerobot_interfaces_s.ep.rosidl_typesupport_fastrtps_c.c
[0.660s] -- Up-to-date: /media/ros/fedora/home/maylis/Dokumente/TeleNav/project_ws/install/telerobot_interfaces/local/lib/python3.10/dist-packages/telerobot_interfaces/_telerobot_interfaces_s.ep.rosidl_typesupport_introspection_c.c
[0.661s] -- Up-to-date: /media/ros/fedora/home/maylis/Dokumente/TeleNav/project_ws/install/telerobot_interfaces/local/lib/python3.10/dist-packages/telerobot_interfaces/_telerobot_interfaces_s.ep.rosidl_typesupport_c.c
[0.661s] -- Up-to-date: /media/ros/fedora/home/maylis/Dokumente/TeleNav/project_ws/install/telerobot_interfaces/local/lib/python3.10/dist-packages/telerobot_interfaces/libtelerobot_interfaces__rosidl_generator_py.so
[0.661s] -- Up-to-date: /media/ros/fedora/home/maylis/Dokumente/TeleNav/project_ws/install/telerobot_interfaces/local/lib/python3.10/dist-packages/telerobot_interfaces/telerobot_interfaces_s__rosidl_typesupport_introspection_c.cpython-310-x86_64-linux-gnu.so
[0.661s] -- Up-to-date: /media/ros/fedora/home/maylis/Dokumente/TeleNav/project_ws/install/telerobot_interfaces/local/lib/python3.10/dist-packages/telerobot_interfaces/telerobot_interfaces_s__rosidl_typesupport_c.cpython-310-x86_64-linux-gnu.so
[0.661s] -- Up-to-date: /media/ros/fedora/home/maylis/Dokumente/TeleNav/project_ws/install/telerobot_interfaces/local/lib/python3.10/dist-packages/telerobot_interfaces/telerobot_interfaces_s__rosidl_typesupport_fastrtps_c.cpython-310-x86_64-linux-gnu.so
[0.685s] Listing '/media/ros/fedora/home/maylis/Dokumente/TeleNav/project_ws/install/telerobot_interfaces/local/lib/python3.10/dist-packages/telerobot_interfaces'...
[0.685s] Listing '/media/ros/fedora/home/maylis/Dokumente/TeleNav/project_ws/install/telerobot_interfaces/local/lib/python3.10/dist-packages/telerobot_interfaces/msg'...
[0.691s] -- Up-to-date: /media/ros/fedora/home/maylis/Dokumente/TeleNav/project_ws/install/telerobot_interfaces/local/lib/python3.10/dist-packages/telerobot_interfaces/telerobot_interfaces_s__rosidl_typesupport_fastrtps_c.cpython-310-x86_64-linux-gnu.so
[0.691s] -- Up-to-date: /media/ros/fedora/home/maylis/Dokumente/TeleNav/project_ws/install/telerobot_interfaces/local/lib/python3.10/dist-packages/telerobot_interfaces/telerobot_interfaces_s__rosidl_typesupport_introspection_c.cpython-310-x86_64-linux-gnu.so
[0.691s] -- Up-to-date: /media/ros/fedora/home/maylis/Dokumente/TeleNav/project_ws/install/telerobot_interfaces/local/lib/python3.10/dist-packages/telerobot_interfaces/telerobot_interfaces_s__rosidl_typesupport_c.cpython-310-x86_64-linux-gnu.so
[0.691s] -- Up-to-date: /media/ros/fedora/home/maylis/Dokumente/TeleNav/project_ws/install/telerobot_interfaces/lib/libtelerobot_interfaces__rosidl_generator_py.so
[0.691s] -- Up-to-date: /media/ros/fedora/home/maylis/Dokumente/TeleNav/project_ws/install/telerobot_interfaces/share/telerobot_interfaces/msg/MoveCmd.idl
[0.691s] -- Up-to-date: /media/ros/fedora/home/maylis/Dokumente/TeleNav/project_ws/install/telerobot_interfaces/share/telerobot_interfaces/msg/MoveCmd.msg
[0.691s] -- Up-to-date: /media/ros/fedora/home/maylis/Dokumente/TeleNav/project_ws/install/telerobot_interfaces/share/ament_index/resource_index/package_run_dependencies/telerobot_interfaces
[0.691s] -- Up-to-date: /media/ros/fedora/home/maylis/Dokumente/TeleNav/project_ws/install/telerobot_interfaces/share/ament_index/resource_index/parent_prefix_path/telerobot_interfaces
[0.692s] -- Up-to-date: /media/ros/fedora/home/maylis/Dokumente/TeleNav/project_ws/install/telerobot_interfaces/share/telerobot_interfaces/environment/ament_prefix_path.sh
[0.692s] -- Up-to-date: /media/ros/fedora/home/maylis/Dokumente/TeleNav/project_ws/install/telerobot_interfaces/share/telerobot_interfaces/environment/ament_prefix_path.dsv
[0.692s] -- Up-to-date: /media/ros/fedora/home/maylis/Dokumente/TeleNav/project_ws/install/telerobot_interfaces/share/telerobot_interfaces/environment/path.sh
[0.692s] -- Up-to-date: /media/ros/fedora/home/maylis/Dokumente/TeleNav/project_ws/install/telerobot_interfaces/share/telerobot_interfaces/environment/path.dsv
[0.692s] -- Up-to-date: /media/ros/fedora/home/maylis/Dokumente/TeleNav/project_ws/install/telerobot_interfaces/share/telerobot_interfaces/local_setup.bash
[0.692s] -- Up-to-date: /media/ros/fedora/home/maylis/Dokumente/TeleNav/project_ws/install/telerobot_interfaces/share/telerobot_interfaces/local_setup.sh
[0.692s] -- Up-to-date: /media/ros/fedora/home/maylis/Dokumente/TeleNav/project_ws/install/telerobot_interfaces/share/telerobot_interfaces/local_setup.zsh
[0.692s] -- Up-to-date: /media/ros/fedora/home/maylis/Dokumente/TeleNav/project_ws/install/telerobot_interfaces/share/telerobot_interfaces/local_setup.dsv
[0.692s] -- Installing: /media/ros/fedora/home/maylis/Dokumente/TeleNav/project_ws/install/telerobot_interfaces/share/telerobot_interfaces/package.dsv
[0.692s] -- Up-to-date: /media/ros/fedora/home/maylis/Dokumente/TeleNav/project_ws/install/telerobot_interfaces/share/ament_index/resource_index/packages/telerobot_interfaces
[0.697s] -- Up-to-date: /media/ros/fedora/home/maylis/Dokumente/TeleNav/project_ws/install/telerobot_interfaces/share/telerobot_interfaces/cmake/export_telerobot_interfaces__rosidl_generator_cExport.cmake
[0.697s] -- Up-to-date: /media/ros/fedora/home/maylis/Dokumente/TeleNav/project_ws/install/telerobot_interfaces/share/telerobot_interfaces/cmake/export_telerobot_interfaces__rosidl_generator_cExport-noconfig.cmake
[0.697s] -- Up-to-date: /media/ros/fedora/home/maylis/Dokumente/TeleNav/project_ws/install/telerobot_interfaces/share/telerobot_interfaces/cmake/export_telerobot_interfaces__rosidl_typesupport_fastrtps_cExport.cmake
[0.697s] -- Up-to-date: /media/ros/fedora/home/maylis/Dokumente/TeleNav/project_ws/install/telerobot_interfaces/share/telerobot_interfaces/cmake/export_telerobot_interfaces__rosidl_typesupport_fastrtps_cExport-noconfig.cmake
[0.698s] -- Up-to-date: /media/ros/fedora/home/maylis/Dokumente/TeleNav/project_ws/install/telerobot_interfaces/share/telerobot_interfaces/cmake/telerobot_interfaces__rosidl_typesupport_introspection_cExport.cmake
[0.698s] -- Up-to-date: /media/ros/fedora/home/maylis/Dokumente/TeleNav/project_ws/install/telerobot_interfaces/share/telerobot_interfaces/cmake/telerobot_interfaces__rosidl_typesupport_introspection_cExport-noconfig.cmake
[0.699s] -- Up-to-date: /media/ros/fedora/home/maylis/Dokumente/TeleNav/project_ws/install/telerobot_interfaces/share/telerobot_interfaces/cmake/telerobot_interfaces__rosidl_typesupport_cExport.cmake
[0.699s] -- Up-to-date: /media/ros/fedora/home/maylis/Dokumente/TeleNav/project_ws/install/telerobot_interfaces/share/telerobot_interfaces/cmake/telerobot_interfaces__rosidl_typesupport_cExport-noconfig.cmake
[0.699s] -- Up-to-date: /media/ros/fedora/home/maylis/Dokumente/TeleNav/project_ws/install/telerobot_interfaces/share/telerobot_interfaces/cmake/export_telerobot_interfaces__rosidl_generator_cppExport.cmake
[0.699s] -- Up-to-date: /media/ros/fedora/home/maylis/Dokumente/TeleNav/project_ws/install/telerobot_interfaces/share/telerobot_interfaces/cmake/export_telerobot_interfaces__rosidl_typesupport_fastrtps_cppExport.cmake
[0.700s] -- Up-to-date: /media/ros/fedora/home/maylis/Dokumente/TeleNav/project_ws/install/telerobot_interfaces/share/telerobot_interfaces/cmake/export_telerobot_interfaces__rosidl_typesupport_fastrtps_cppExport-noconfig.cmake
[0.700s] -- Up-to-date: /media/ros/fedora/home/maylis/Dokumente/TeleNav/project_ws/install/telerobot_interfaces/share/telerobot_interfaces/cmake/telerobot_interfaces__rosidl_typesupport_introspection_cppExport.cmake
[0.700s] -- Up-to-date: /media/ros/fedora/home/maylis/Dokumente/TeleNav/project_ws/install/telerobot_interfaces/share/telerobot_interfaces/cmake/telerobot_interfaces__rosidl_typesupport_introspection_cppExport-noconfig.cmake
[0.700s] -- Up-to-date: /media/ros/fedora/home/maylis/Dokumente/TeleNav/project_ws/install/telerobot_interfaces/share/telerobot_interfaces/cmake/telerobot_interfaces__rosidl_typesupport_cppExport.cmake
[0.700s] -- Up-to-date: /media/ros/fedora/home/maylis/Dokumente/TeleNav/project_ws/install/telerobot_interfaces/share/telerobot_interfaces/cmake/telerobot_interfaces__rosidl_typesupport_cppExport-noconfig.cmake
[0.701s] -- Up-to-date: /media/ros/fedora/home/maylis/Dokumente/TeleNav/project_ws/install/telerobot_interfaces/share/telerobot_interfaces/cmake/export_telerobot_interfaces__rosidl_generator_pyExport.cmake
[0.701s] -- Up-to-date: /media/ros/fedora/home/maylis/Dokumente/TeleNav/project_ws/install/telerobot_interfaces/share/telerobot_interfaces/cmake/export_telerobot_interfaces__rosidl_generator_pyExport-noconfig.cmake
[0.701s] -- Up-to-date: /media/ros/fedora/home/maylis/Dokumente/TeleNav/project_ws/install/telerobot_interfaces/share/telerobot_interfaces/cmake/rosidl_cmake-extras.cmake
[0.701s] -- Up-to-date: /media/ros/fedora/home/maylis/Dokumente/TeleNav/project_ws/install/telerobot_interfaces/share/telerobot_interfaces/cmake/ament_cmake_export_include_directories-extras.cmake
[0.701s] -- Up-to-date: /media/ros/fedora/home/maylis/Dokumente/TeleNav/project_ws/install/telerobot_interfaces/share/telerobot_interfaces/cmake/ament_cmake_export_libraries-extras.cmake
[0.701s] -- Up-to-date: /media/ros/fedora/home/maylis/Dokumente/TeleNav/project_ws/install/telerobot_interfaces/share/telerobot_interfaces/cmake/ament_cmake_export_targets-extras.cmake
[0.701s] -- Up-to-date: /media/ros/fedora/home/maylis/Dokumente/TeleNav/project_ws/install/telerobot_interfaces/share/telerobot_interfaces/cmake/rosidl_cmake_export_typesupport_targets-extras.cmake
[0.701s] -- Up-to-date: /media/ros/fedora/home/maylis/Dokumente/TeleNav/project_ws/install/telerobot_interfaces/share/telerobot_interfaces/cmake/ament_cmake_export_dependencies-extras.cmake
[0.702s] -- Up-to-date: /media/ros/fedora/home/maylis/Dokumente/TeleNav/project_ws/install/telerobot_interfaces/share/telerobot_interfaces/cmake/rosidl_cmake_export_typesupport_libraries-extras.cmake
[0.702s] -- Up-to-date: /media/ros/fedora/home/maylis/Dokumente/TeleNav/project_ws/install/telerobot_interfaces/share/telerobot_interfaces/cmake/telerobot_interfacesConfig.cmake
[0.703s] -- Up-to-date: /media/ros/fedora/home/maylis/Dokumente/TeleNav/project_ws/install/telerobot_interfaces/share/telerobot_interfaces/cmake/telerobot_interfacesConfig-version.cmake
[0.704s] -- Up-to-date: /media/ros/fedora/home/maylis/Dokumente/TeleNav/project_ws/install/telerobot_interfaces/share/telerobot_interfaces/package.xml
[0.704s] Invoked command in '/media/ros/fedora/home/maylis/Dokumente/TeleNav/project_ws/build/telerobot_interfaces' returned '0': CMAKE_PREFIX_PATH=${CMAKE_PREFIX_PATH}:/media/ros/fedora/home/maylis/Dokumente/TeleNav/project_ws/install/telerobot_controller:/media/ros/fedora/home/maylis/Dokumente/TeleNav/install/turtle_spawner:/media/ros/fedora/home/maylis/Dokumente/TeleNav/install/turtle_controller:/media/ros/fedora/home/maylis/Dokumente/TeleNav/install/my_robot_controller:/opt/ros/humble /usr/bin/cmake --install /media/ros/fedora/home/maylis/Dokumente/TeleNav/project_ws/build/telerobot_interfaces
