[0.014s] Invoking command in '/media/ros/fedora/home/maylis/Dokumente/TeleNav/simulation_ws/build/simulation_bringup': CMAKE_PREFIX_PATH=/media/ros/fedora/home/maylis/Dokumente/TeleNav/simulation_ws/install/my_robot_description:/media/ros/fedora/home/maylis/Dokumente/TeleNav/simulation_ws/install/simulation_bringup:/media/ros/fedora/home/maylis/Dokumente/TeleNav/install/turtle_bringup:/media/ros/fedora/home/maylis/Dokumente/TeleNav/install/turtle_interfaces:/media/ros/fedora/home/maylis/Dokumente/TeleNav/install/my_robot_interfaces:/media/ros/fedora/home/maylis/Dokumente/TeleNav/install/my_robot_description:/media/ros/fedora/home/maylis/Dokumente/TeleNav/install/my_robot_bringup:/media/ros/fedora/home/maylis/Dokumente/TeleNav/install/cpp_package:/media/ros/fedora/home/maylis/Dokumente/TeleNav/install/turtle_spawner:/media/ros/fedora/home/maylis/Dokumente/TeleNav/install/turtle_controller:/media/ros/fedora/home/maylis/Dokumente/TeleNav/install/my_robot_controller:/opt/ros/humble /usr/bin/cmake --build /media/ros/fedora/home/maylis/Dokumente/TeleNav/simulation_ws/build/simulation_bringup -- -j6 -l6
[0.033s] -- Found ament_cmake: 1.3.11 (/opt/ros/humble/share/ament_cmake/cmake)
[0.148s] -- Override CMake install command with custom implementation using symlinks instead of copying resources
[0.232s] -- Configuring done
[0.237s] -- Generating done
[0.241s] -- Build files have been written to: /media/ros/fedora/home/maylis/Dokumente/TeleNav/simulation_ws/build/simulation_bringup
[0.267s] Invoked command in '/media/ros/fedora/home/maylis/Dokumente/TeleNav/simulation_ws/build/simulation_bringup' returned '0': CMAKE_PREFIX_PATH=/media/ros/fedora/home/maylis/Dokumente/TeleNav/simulation_ws/install/my_robot_description:/media/ros/fedora/home/maylis/Dokumente/TeleNav/simulation_ws/install/simulation_bringup:/media/ros/fedora/home/maylis/Dokumente/TeleNav/install/turtle_bringup:/media/ros/fedora/home/maylis/Dokumente/TeleNav/install/turtle_interfaces:/media/ros/fedora/home/maylis/Dokumente/TeleNav/install/my_robot_interfaces:/media/ros/fedora/home/maylis/Dokumente/TeleNav/install/my_robot_description:/media/ros/fedora/home/maylis/Dokumente/TeleNav/install/my_robot_bringup:/media/ros/fedora/home/maylis/Dokumente/TeleNav/install/cpp_package:/media/ros/fedora/home/maylis/Dokumente/TeleNav/install/turtle_spawner:/media/ros/fedora/home/maylis/Dokumente/TeleNav/install/turtle_controller:/media/ros/fedora/home/maylis/Dokumente/TeleNav/install/my_robot_controller:/opt/ros/humble /usr/bin/cmake --build /media/ros/fedora/home/maylis/Dokumente/TeleNav/simulation_ws/build/simulation_bringup -- -j6 -l6
[0.269s] Invoking command in '/media/ros/fedora/home/maylis/Dokumente/TeleNav/simulation_ws/build/simulation_bringup': CMAKE_PREFIX_PATH=/media/ros/fedora/home/maylis/Dokumente/TeleNav/simulation_ws/install/my_robot_description:/media/ros/fedora/home/maylis/Dokumente/TeleNav/simulation_ws/install/simulation_bringup:/media/ros/fedora/home/maylis/Dokumente/TeleNav/install/turtle_bringup:/media/ros/fedora/home/maylis/Dokumente/TeleNav/install/turtle_interfaces:/media/ros/fedora/home/maylis/Dokumente/TeleNav/install/my_robot_interfaces:/media/ros/fedora/home/maylis/Dokumente/TeleNav/install/my_robot_description:/media/ros/fedora/home/maylis/Dokumente/TeleNav/install/my_robot_bringup:/media/ros/fedora/home/maylis/Dokumente/TeleNav/install/cpp_package:/media/ros/fedora/home/maylis/Dokumente/TeleNav/install/turtle_spawner:/media/ros/fedora/home/maylis/Dokumente/TeleNav/install/turtle_controller:/media/ros/fedora/home/maylis/Dokumente/TeleNav/install/my_robot_controller:/opt/ros/humble /usr/bin/cmake --install /media/ros/fedora/home/maylis/Dokumente/TeleNav/simulation_ws/build/simulation_bringup
[0.279s] -- Install configuration: ""
[0.280s] -- Execute custom install script
[0.280s] -- Up-to-date symlink: /media/ros/fedora/home/maylis/Dokumente/TeleNav/simulation_ws/install/simulation_bringup/share/simulation_bringup/launch/simple.launch.xml
[0.280s] -- Up-to-date symlink: /media/ros/fedora/home/maylis/Dokumente/TeleNav/simulation_ws/install/simulation_bringup/share/ament_index/resource_index/package_run_dependencies/simulation_bringup
[0.281s] -- Up-to-date symlink: /media/ros/fedora/home/maylis/Dokumente/TeleNav/simulation_ws/install/simulation_bringup/share/ament_index/resource_index/parent_prefix_path/simulation_bringup
[0.281s] -- Up-to-date symlink: /media/ros/fedora/home/maylis/Dokumente/TeleNav/simulation_ws/install/simulation_bringup/share/simulation_bringup/environment/ament_prefix_path.sh
[0.281s] -- Up-to-date symlink: /media/ros/fedora/home/maylis/Dokumente/TeleNav/simulation_ws/install/simulation_bringup/share/simulation_bringup/environment/ament_prefix_path.dsv
[0.281s] -- Up-to-date symlink: /media/ros/fedora/home/maylis/Dokumente/TeleNav/simulation_ws/install/simulation_bringup/share/simulation_bringup/environment/path.sh
[0.281s] -- Up-to-date symlink: /media/ros/fedora/home/maylis/Dokumente/TeleNav/simulation_ws/install/simulation_bringup/share/simulation_bringup/environment/path.dsv
[0.282s] -- Up-to-date symlink: /media/ros/fedora/home/maylis/Dokumente/TeleNav/simulation_ws/install/simulation_bringup/share/simulation_bringup/local_setup.bash
[0.282s] -- Up-to-date symlink: /media/ros/fedora/home/maylis/Dokumente/TeleNav/simulation_ws/install/simulation_bringup/share/simulation_bringup/local_setup.sh
[0.282s] -- Up-to-date symlink: /media/ros/fedora/home/maylis/Dokumente/TeleNav/simulation_ws/install/simulation_bringup/share/simulation_bringup/local_setup.zsh
[0.282s] -- Up-to-date symlink: /media/ros/fedora/home/maylis/Dokumente/TeleNav/simulation_ws/install/simulation_bringup/share/simulation_bringup/local_setup.dsv
[0.282s] -- Symlinking: /media/ros/fedora/home/maylis/Dokumente/TeleNav/simulation_ws/install/simulation_bringup/share/simulation_bringup/package.dsv
[0.289s] -- Up-to-date symlink: /media/ros/fedora/home/maylis/Dokumente/TeleNav/simulation_ws/install/simulation_bringup/share/ament_index/resource_index/packages/simulation_bringup
[0.290s] -- Up-to-date symlink: /media/ros/fedora/home/maylis/Dokumente/TeleNav/simulation_ws/install/simulation_bringup/share/simulation_bringup/cmake/simulation_bringupConfig.cmake
[0.290s] -- Up-to-date symlink: /media/ros/fedora/home/maylis/Dokumente/TeleNav/simulation_ws/install/simulation_bringup/share/simulation_bringup/cmake/simulation_bringupConfig-version.cmake
[0.290s] -- Up-to-date symlink: /media/ros/fedora/home/maylis/Dokumente/TeleNav/simulation_ws/install/simulation_bringup/share/simulation_bringup/package.xml
[0.292s] Invoked command in '/media/ros/fedora/home/maylis/Dokumente/TeleNav/simulation_ws/build/simulation_bringup' returned '0': CMAKE_PREFIX_PATH=/media/ros/fedora/home/maylis/Dokumente/TeleNav/simulation_ws/install/my_robot_description:/media/ros/fedora/home/maylis/Dokumente/TeleNav/simulation_ws/install/simulation_bringup:/media/ros/fedora/home/maylis/Dokumente/TeleNav/install/turtle_bringup:/media/ros/fedora/home/maylis/Dokumente/TeleNav/install/turtle_interfaces:/media/ros/fedora/home/maylis/Dokumente/TeleNav/install/my_robot_interfaces:/media/ros/fedora/home/maylis/Dokumente/TeleNav/install/my_robot_description:/media/ros/fedora/home/maylis/Dokumente/TeleNav/install/my_robot_bringup:/media/ros/fedora/home/maylis/Dokumente/TeleNav/install/cpp_package:/media/ros/fedora/home/maylis/Dokumente/TeleNav/install/turtle_spawner:/media/ros/fedora/home/maylis/Dokumente/TeleNav/install/turtle_controller:/media/ros/fedora/home/maylis/Dokumente/TeleNav/install/my_robot_controller:/opt/ros/humble /usr/bin/cmake --install /media/ros/fedora/home/maylis/Dokumente/TeleNav/simulation_ws/build/simulation_bringup
