[0.030s] Invoking command in '/home/ros/Schreibtisch/Ros/TeleNav/simulation_dtour_ws/build/my_robot_bringup': CMAKE_PREFIX_PATH=${CMAKE_PREFIX_PATH}:/opt/ros/jazzy DEBUGINFOD_URLS=https://debuginfod.ubuntu.com /usr/bin/cmake --build /home/ros/Schreibtisch/Ros/TeleNav/simulation_dtour_ws/build/my_robot_bringup -- -j4 -l4
[0.139s] Invoked command in '/home/ros/Schreibtisch/Ros/TeleNav/simulation_dtour_ws/build/my_robot_bringup' returned '0': CMAKE_PREFIX_PATH=${CMAKE_PREFIX_PATH}:/opt/ros/jazzy DEBUGINFOD_URLS=https://debuginfod.ubuntu.com /usr/bin/cmake --build /home/ros/Schreibtisch/Ros/TeleNav/simulation_dtour_ws/build/my_robot_bringup -- -j4 -l4
[0.164s] Invoking command in '/home/ros/Schreibtisch/Ros/TeleNav/simulation_dtour_ws/build/my_robot_bringup': CMAKE_PREFIX_PATH=${CMAKE_PREFIX_PATH}:/opt/ros/jazzy DEBUGINFOD_URLS=https://debuginfod.ubuntu.com /usr/bin/cmake --install /home/ros/Schreibtisch/Ros/TeleNav/simulation_dtour_ws/build/my_robot_bringup
[0.196s] -- Install configuration: ""
[0.196s] -- Up-to-date: /home/ros/Schreibtisch/Ros/TeleNav/simulation_dtour_ws/install/my_robot_bringup/share/my_robot_bringup//launch
[0.197s] -- Up-to-date: /home/ros/Schreibtisch/Ros/TeleNav/simulation_dtour_ws/install/my_robot_bringup/share/my_robot_bringup//launch/my_robot_gazebo.launch.xml
[0.197s] -- Up-to-date: /home/ros/Schreibtisch/Ros/TeleNav/simulation_dtour_ws/install/my_robot_bringup/share/my_robot_bringup//config
[0.197s] -- Up-to-date: /home/ros/Schreibtisch/Ros/TeleNav/simulation_dtour_ws/install/my_robot_bringup/share/my_robot_bringup//config/gazebo_bridge.yaml
[0.197s] -- Up-to-date: /home/ros/Schreibtisch/Ros/TeleNav/simulation_dtour_ws/install/my_robot_bringup/share/ament_index/resource_index/package_run_dependencies/my_robot_bringup
[0.197s] -- Up-to-date: /home/ros/Schreibtisch/Ros/TeleNav/simulation_dtour_ws/install/my_robot_bringup/share/ament_index/resource_index/parent_prefix_path/my_robot_bringup
[0.197s] -- Up-to-date: /home/ros/Schreibtisch/Ros/TeleNav/simulation_dtour_ws/install/my_robot_bringup/share/my_robot_bringup/environment/ament_prefix_path.sh
[0.197s] -- Up-to-date: /home/ros/Schreibtisch/Ros/TeleNav/simulation_dtour_ws/install/my_robot_bringup/share/my_robot_bringup/environment/ament_prefix_path.dsv
[0.198s] -- Up-to-date: /home/ros/Schreibtisch/Ros/TeleNav/simulation_dtour_ws/install/my_robot_bringup/share/my_robot_bringup/environment/path.sh
[0.198s] -- Up-to-date: /home/ros/Schreibtisch/Ros/TeleNav/simulation_dtour_ws/install/my_robot_bringup/share/my_robot_bringup/environment/path.dsv
[0.218s] -- Up-to-date: /home/ros/Schreibtisch/Ros/TeleNav/simulation_dtour_ws/install/my_robot_bringup/share/my_robot_bringup/local_setup.bash
[0.218s] -- Up-to-date: /home/ros/Schreibtisch/Ros/TeleNav/simulation_dtour_ws/install/my_robot_bringup/share/my_robot_bringup/local_setup.sh
[0.218s] -- Up-to-date: /home/ros/Schreibtisch/Ros/TeleNav/simulation_dtour_ws/install/my_robot_bringup/share/my_robot_bringup/local_setup.zsh
[0.218s] -- Up-to-date: /home/ros/Schreibtisch/Ros/TeleNav/simulation_dtour_ws/install/my_robot_bringup/share/my_robot_bringup/local_setup.dsv
[0.218s] -- Installing: /home/ros/Schreibtisch/Ros/TeleNav/simulation_dtour_ws/install/my_robot_bringup/share/my_robot_bringup/package.dsv
[0.218s] -- Up-to-date: /home/ros/Schreibtisch/Ros/TeleNav/simulation_dtour_ws/install/my_robot_bringup/share/ament_index/resource_index/packages/my_robot_bringup
[0.218s] -- Up-to-date: /home/ros/Schreibtisch/Ros/TeleNav/simulation_dtour_ws/install/my_robot_bringup/share/my_robot_bringup/cmake/my_robot_bringupConfig.cmake
[0.219s] -- Up-to-date: /home/ros/Schreibtisch/Ros/TeleNav/simulation_dtour_ws/install/my_robot_bringup/share/my_robot_bringup/cmake/my_robot_bringupConfig-version.cmake
[0.219s] -- Up-to-date: /home/ros/Schreibtisch/Ros/TeleNav/simulation_dtour_ws/install/my_robot_bringup/share/my_robot_bringup/package.xml
[0.230s] Invoked command in '/home/ros/Schreibtisch/Ros/TeleNav/simulation_dtour_ws/build/my_robot_bringup' returned '0': CMAKE_PREFIX_PATH=${CMAKE_PREFIX_PATH}:/opt/ros/jazzy DEBUGINFOD_URLS=https://debuginfod.ubuntu.com /usr/bin/cmake --install /home/ros/Schreibtisch/Ros/TeleNav/simulation_dtour_ws/build/my_robot_bringup
