-- Found ament_cmake: 1.3.11 (/opt/ros/humble/share/ament_cmake/cmake)
-- Found rclcpp: 16.0.11 (/opt/ros/humble/share/rclcpp/cmake)
-- Found rosidl_generator_c: 3.1.6 (/opt/ros/humble/share/rosidl_generator_c/cmake)
-- Found rosidl_adapter: 3.1.6 (/opt/ros/humble/share/rosidl_adapter/cmake)
-- Found rosidl_generator_cpp: 3.1.6 (/opt/ros/humble/share/rosidl_generator_cpp/cmake)
-- Using all available rosidl_typesupport_c: rosidl_typesupport_fastrtps_c;rosidl_typesupport_introspection_c
-- Using all available rosidl_typesupport_cpp: rosidl_typesupport_fastrtps_cpp;rosidl_typesupport_introspection_cpp
-- Found rmw_implementation_cmake: 6.1.2 (/opt/ros/humble/share/rmw_implementation_cmake/cmake)
-- Found rmw_fastrtps_cpp: 6.2.7 (/opt/ros/humble/share/rmw_fastrtps_cpp/cmake)
-- Found OpenSSL: /usr/lib/x86_64-linux-gnu/libcrypto.so (found version "3.0.2")  
-- Found FastRTPS: /opt/ros/humble/include  
-- Using RMW implementation 'rmw_fastrtps_cpp' as default
-- Looking for pthread.h
-- Looking for pthread.h - found
-- Performing Test CMAKE_HAVE_LIBC_PTHREAD
-- Performing Test CMAKE_HAVE_LIBC_PTHREAD - Success
-- Found Threads: TRUE  
-- Configuring done
-- Generating done
-- Build files have been written to: /media/ros/fedora/home/maylis/Dokumente/TeleNav/build/cpp_package
[ 50%] [32mBuilding CXX object CMakeFiles/my_first_cpp_node.dir/src/my_first_cpp_note.cpp.o[0m
[100%] [32m[1mLinking CXX executable my_first_cpp_node[0m
[100%] Built target my_first_cpp_node
-- Install configuration: ""
-- Installing: /media/ros/fedora/home/maylis/Dokumente/TeleNav/install/cpp_package/lib/cpp_package/my_first_cpp_node
-- Set runtime path of "/media/ros/fedora/home/maylis/Dokumente/TeleNav/install/cpp_package/lib/cpp_package/my_first_cpp_node" to ""
-- Up-to-date: /media/ros/fedora/home/maylis/Dokumente/TeleNav/install/cpp_package/share/ament_index/resource_index/package_run_dependencies/cpp_package
-- Up-to-date: /media/ros/fedora/home/maylis/Dokumente/TeleNav/install/cpp_package/share/ament_index/resource_index/parent_prefix_path/cpp_package
-- Up-to-date: /media/ros/fedora/home/maylis/Dokumente/TeleNav/install/cpp_package/share/cpp_package/environment/ament_prefix_path.sh
-- Installing: /media/ros/fedora/home/maylis/Dokumente/TeleNav/install/cpp_package/share/cpp_package/environment/ament_prefix_path.dsv
-- Up-to-date: /media/ros/fedora/home/maylis/Dokumente/TeleNav/install/cpp_package/share/cpp_package/environment/path.sh
-- Installing: /media/ros/fedora/home/maylis/Dokumente/TeleNav/install/cpp_package/share/cpp_package/environment/path.dsv
-- Up-to-date: /media/ros/fedora/home/maylis/Dokumente/TeleNav/install/cpp_package/share/cpp_package/local_setup.bash
-- Up-to-date: /media/ros/fedora/home/maylis/Dokumente/TeleNav/install/cpp_package/share/cpp_package/local_setup.sh
-- Up-to-date: /media/ros/fedora/home/maylis/Dokumente/TeleNav/install/cpp_package/share/cpp_package/local_setup.zsh
-- Installing: /media/ros/fedora/home/maylis/Dokumente/TeleNav/install/cpp_package/share/cpp_package/local_setup.dsv
-- Installing: /media/ros/fedora/home/maylis/Dokumente/TeleNav/install/cpp_package/share/cpp_package/package.dsv
-- Up-to-date: /media/ros/fedora/home/maylis/Dokumente/TeleNav/install/cpp_package/share/ament_index/resource_index/packages/cpp_package
-- Up-to-date: /media/ros/fedora/home/maylis/Dokumente/TeleNav/install/cpp_package/share/cpp_package/cmake/cpp_packageConfig.cmake
-- Up-to-date: /media/ros/fedora/home/maylis/Dokumente/TeleNav/install/cpp_package/share/cpp_package/cmake/cpp_packageConfig-version.cmake
-- Up-to-date: /media/ros/fedora/home/maylis/Dokumente/TeleNav/install/cpp_package/share/cpp_package/package.xml
