[0.091s] DEBUG:colcon:Command line arguments: ['/usr/bin/colcon', 'build']
[0.091s] DEBUG:colcon:Parsed command line arguments: Namespace(log_base=None, log_level=None, verb_name='build', build_base='build', install_base='install', merge_install=False, symlink_install=False, test_result_base=None, continue_on_error=False, executor='parallel', parallel_workers=6, event_handlers=None, ignore_user_meta=False, metas=['./colcon.meta'], base_paths=['.'], packages_ignore=None, packages_ignore_regex=None, paths=None, packages_up_to=None, packages_up_to_regex=None, packages_above=None, packages_above_and_dependencies=None, packages_above_depth=None, packages_select_by_dep=None, packages_skip_by_dep=None, packages_skip_up_to=None, packages_select_build_failed=False, packages_skip_build_finished=False, packages_select_test_failures=False, packages_skip_test_passed=False, packages_select=None, packages_skip=None, packages_select_regex=None, packages_skip_regex=None, packages_start=None, packages_end=None, allow_overriding=[], cmake_args=None, cmake_target=None, cmake_target_skip_unavailable=False, cmake_clean_cache=False, cmake_clean_first=False, cmake_force_configure=False, ament_cmake_args=None, catkin_cmake_args=None, catkin_skip_building_tests=False, mixin_files=None, mixin=None, verb_parser=<colcon_mixin.mixin.mixin_argument.MixinArgumentDecorator object at 0x734574355690>, verb_extension=<colcon_core.verb.build.BuildVerb object at 0x7345744a1f90>, main=<bound method BuildVerb.main of <colcon_core.verb.build.BuildVerb object at 0x7345744a1f90>>, mixin_verb=('build',))
[0.123s] Level 1:colcon.colcon_core.package_discovery:discover_packages(colcon_meta) check parameters
[0.123s] Level 1:colcon.colcon_core.package_discovery:discover_packages(recursive) check parameters
[0.123s] Level 1:colcon.colcon_core.package_discovery:discover_packages(ignore) check parameters
[0.123s] Level 1:colcon.colcon_core.package_discovery:discover_packages(path) check parameters
[0.123s] Level 1:colcon.colcon_core.package_discovery:discover_packages(colcon_meta) discover
[0.123s] Level 1:colcon.colcon_core.package_discovery:discover_packages(recursive) discover
[0.123s] INFO:colcon.colcon_core.package_discovery:Crawling recursively for packages in '/media/ros/fedora/home/maylis/Dokumente/TeleNav'
[0.124s] Level 1:colcon.colcon_core.package_identification:_identify(.) by extensions ['ignore', 'ignore_ament_install']
[0.124s] Level 1:colcon.colcon_core.package_identification:_identify(.) by extension 'ignore'
[0.124s] Level 1:colcon.colcon_core.package_identification:_identify(.) by extension 'ignore_ament_install'
[0.124s] Level 1:colcon.colcon_core.package_identification:_identify(.) by extensions ['colcon_pkg']
[0.124s] Level 1:colcon.colcon_core.package_identification:_identify(.) by extension 'colcon_pkg'
[0.124s] Level 1:colcon.colcon_core.package_identification:_identify(.) by extensions ['colcon_meta']
[0.124s] Level 1:colcon.colcon_core.package_identification:_identify(.) by extension 'colcon_meta'
[0.124s] Level 1:colcon.colcon_core.package_identification:_identify(.) by extensions ['ros']
[0.124s] Level 1:colcon.colcon_core.package_identification:_identify(.) by extension 'ros'
[0.135s] Level 1:colcon.colcon_core.package_identification:_identify(.) by extensions ['cmake', 'python']
[0.135s] Level 1:colcon.colcon_core.package_identification:_identify(.) by extension 'cmake'
[0.136s] Level 1:colcon.colcon_core.package_identification:_identify(.) by extension 'python'
[0.136s] Level 1:colcon.colcon_core.package_identification:_identify(.) by extensions ['python_setup_py']
[0.136s] Level 1:colcon.colcon_core.package_identification:_identify(.) by extension 'python_setup_py'
[0.136s] Level 1:colcon.colcon_core.package_identification:_identify(build) by extensions ['ignore', 'ignore_ament_install']
[0.136s] Level 1:colcon.colcon_core.package_identification:_identify(build) by extension 'ignore'
[0.136s] Level 1:colcon.colcon_core.package_identification:_identify(build) ignored
[0.136s] Level 1:colcon.colcon_core.package_identification:_identify(doku) by extensions ['ignore', 'ignore_ament_install']
[0.136s] Level 1:colcon.colcon_core.package_identification:_identify(doku) by extension 'ignore'
[0.136s] Level 1:colcon.colcon_core.package_identification:_identify(doku) by extension 'ignore_ament_install'
[0.136s] Level 1:colcon.colcon_core.package_identification:_identify(doku) by extensions ['colcon_pkg']
[0.136s] Level 1:colcon.colcon_core.package_identification:_identify(doku) by extension 'colcon_pkg'
[0.136s] Level 1:colcon.colcon_core.package_identification:_identify(doku) by extensions ['colcon_meta']
[0.136s] Level 1:colcon.colcon_core.package_identification:_identify(doku) by extension 'colcon_meta'
[0.136s] Level 1:colcon.colcon_core.package_identification:_identify(doku) by extensions ['ros']
[0.136s] Level 1:colcon.colcon_core.package_identification:_identify(doku) by extension 'ros'
[0.136s] Level 1:colcon.colcon_core.package_identification:_identify(doku) by extensions ['cmake', 'python']
[0.136s] Level 1:colcon.colcon_core.package_identification:_identify(doku) by extension 'cmake'
[0.136s] Level 1:colcon.colcon_core.package_identification:_identify(doku) by extension 'python'
[0.136s] Level 1:colcon.colcon_core.package_identification:_identify(doku) by extensions ['python_setup_py']
[0.136s] Level 1:colcon.colcon_core.package_identification:_identify(doku) by extension 'python_setup_py'
[0.137s] Level 1:colcon.colcon_core.package_identification:_identify(install) by extensions ['ignore', 'ignore_ament_install']
[0.137s] Level 1:colcon.colcon_core.package_identification:_identify(install) by extension 'ignore'
[0.137s] Level 1:colcon.colcon_core.package_identification:_identify(install) ignored
[0.137s] Level 1:colcon.colcon_core.package_identification:_identify(log) by extensions ['ignore', 'ignore_ament_install']
[0.137s] Level 1:colcon.colcon_core.package_identification:_identify(log) by extension 'ignore'
[0.137s] Level 1:colcon.colcon_core.package_identification:_identify(log) ignored
[0.137s] Level 1:colcon.colcon_core.package_identification:_identify(navigation_ws) by extensions ['ignore', 'ignore_ament_install']
[0.137s] Level 1:colcon.colcon_core.package_identification:_identify(navigation_ws) by extension 'ignore'
[0.137s] Level 1:colcon.colcon_core.package_identification:_identify(navigation_ws) by extension 'ignore_ament_install'
[0.137s] Level 1:colcon.colcon_core.package_identification:_identify(navigation_ws) by extensions ['colcon_pkg']
[0.137s] Level 1:colcon.colcon_core.package_identification:_identify(navigation_ws) by extension 'colcon_pkg'
[0.137s] Level 1:colcon.colcon_core.package_identification:_identify(navigation_ws) by extensions ['colcon_meta']
[0.137s] Level 1:colcon.colcon_core.package_identification:_identify(navigation_ws) by extension 'colcon_meta'
[0.137s] Level 1:colcon.colcon_core.package_identification:_identify(navigation_ws) by extensions ['ros']
[0.137s] Level 1:colcon.colcon_core.package_identification:_identify(navigation_ws) by extension 'ros'
[0.137s] Level 1:colcon.colcon_core.package_identification:_identify(navigation_ws) by extensions ['cmake', 'python']
[0.137s] Level 1:colcon.colcon_core.package_identification:_identify(navigation_ws) by extension 'cmake'
[0.137s] Level 1:colcon.colcon_core.package_identification:_identify(navigation_ws) by extension 'python'
[0.137s] Level 1:colcon.colcon_core.package_identification:_identify(navigation_ws) by extensions ['python_setup_py']
[0.137s] Level 1:colcon.colcon_core.package_identification:_identify(navigation_ws) by extension 'python_setup_py'
[0.138s] Level 1:colcon.colcon_core.package_identification:_identify(navigation_ws/build) by extensions ['ignore', 'ignore_ament_install']
[0.138s] Level 1:colcon.colcon_core.package_identification:_identify(navigation_ws/build) by extension 'ignore'
[0.138s] Level 1:colcon.colcon_core.package_identification:_identify(navigation_ws/build) ignored
[0.138s] Level 1:colcon.colcon_core.package_identification:_identify(navigation_ws/install) by extensions ['ignore', 'ignore_ament_install']
[0.138s] Level 1:colcon.colcon_core.package_identification:_identify(navigation_ws/install) by extension 'ignore'
[0.138s] Level 1:colcon.colcon_core.package_identification:_identify(navigation_ws/install) ignored
[0.138s] Level 1:colcon.colcon_core.package_identification:_identify(navigation_ws/log) by extensions ['ignore', 'ignore_ament_install']
[0.138s] Level 1:colcon.colcon_core.package_identification:_identify(navigation_ws/log) by extension 'ignore'
[0.138s] Level 1:colcon.colcon_core.package_identification:_identify(navigation_ws/log) ignored
[0.138s] Level 1:colcon.colcon_core.package_identification:_identify(navigation_ws/src) by extensions ['ignore', 'ignore_ament_install']
[0.138s] Level 1:colcon.colcon_core.package_identification:_identify(navigation_ws/src) by extension 'ignore'
[0.138s] Level 1:colcon.colcon_core.package_identification:_identify(navigation_ws/src) by extension 'ignore_ament_install'
[0.138s] Level 1:colcon.colcon_core.package_identification:_identify(navigation_ws/src) by extensions ['colcon_pkg']
[0.138s] Level 1:colcon.colcon_core.package_identification:_identify(navigation_ws/src) by extension 'colcon_pkg'
[0.138s] Level 1:colcon.colcon_core.package_identification:_identify(navigation_ws/src) by extensions ['colcon_meta']
[0.138s] Level 1:colcon.colcon_core.package_identification:_identify(navigation_ws/src) by extension 'colcon_meta'
[0.138s] Level 1:colcon.colcon_core.package_identification:_identify(navigation_ws/src) by extensions ['ros']
[0.138s] Level 1:colcon.colcon_core.package_identification:_identify(navigation_ws/src) by extension 'ros'
[0.138s] Level 1:colcon.colcon_core.package_identification:_identify(navigation_ws/src) by extensions ['cmake', 'python']
[0.138s] Level 1:colcon.colcon_core.package_identification:_identify(navigation_ws/src) by extension 'cmake'
[0.138s] Level 1:colcon.colcon_core.package_identification:_identify(navigation_ws/src) by extension 'python'
[0.138s] Level 1:colcon.colcon_core.package_identification:_identify(navigation_ws/src) by extensions ['python_setup_py']
[0.139s] Level 1:colcon.colcon_core.package_identification:_identify(navigation_ws/src) by extension 'python_setup_py'
[0.139s] Level 1:colcon.colcon_core.package_identification:_identify(project_ws) by extensions ['ignore', 'ignore_ament_install']
[0.139s] Level 1:colcon.colcon_core.package_identification:_identify(project_ws) by extension 'ignore'
[0.139s] Level 1:colcon.colcon_core.package_identification:_identify(project_ws) by extension 'ignore_ament_install'
[0.139s] Level 1:colcon.colcon_core.package_identification:_identify(project_ws) by extensions ['colcon_pkg']
[0.139s] Level 1:colcon.colcon_core.package_identification:_identify(project_ws) by extension 'colcon_pkg'
[0.139s] Level 1:colcon.colcon_core.package_identification:_identify(project_ws) by extensions ['colcon_meta']
[0.139s] Level 1:colcon.colcon_core.package_identification:_identify(project_ws) by extension 'colcon_meta'
[0.139s] Level 1:colcon.colcon_core.package_identification:_identify(project_ws) by extensions ['ros']
[0.139s] Level 1:colcon.colcon_core.package_identification:_identify(project_ws) by extension 'ros'
[0.139s] Level 1:colcon.colcon_core.package_identification:_identify(project_ws) by extensions ['cmake', 'python']
[0.139s] Level 1:colcon.colcon_core.package_identification:_identify(project_ws) by extension 'cmake'
[0.139s] Level 1:colcon.colcon_core.package_identification:_identify(project_ws) by extension 'python'
[0.139s] Level 1:colcon.colcon_core.package_identification:_identify(project_ws) by extensions ['python_setup_py']
[0.139s] Level 1:colcon.colcon_core.package_identification:_identify(project_ws) by extension 'python_setup_py'
[0.139s] Level 1:colcon.colcon_core.package_identification:_identify(project_ws/build) by extensions ['ignore', 'ignore_ament_install']
[0.139s] Level 1:colcon.colcon_core.package_identification:_identify(project_ws/build) by extension 'ignore'
[0.139s] Level 1:colcon.colcon_core.package_identification:_identify(project_ws/build) ignored
[0.139s] Level 1:colcon.colcon_core.package_identification:_identify(project_ws/install) by extensions ['ignore', 'ignore_ament_install']
[0.139s] Level 1:colcon.colcon_core.package_identification:_identify(project_ws/install) by extension 'ignore'
[0.139s] Level 1:colcon.colcon_core.package_identification:_identify(project_ws/install) ignored
[0.139s] Level 1:colcon.colcon_core.package_identification:_identify(project_ws/log) by extensions ['ignore', 'ignore_ament_install']
[0.140s] Level 1:colcon.colcon_core.package_identification:_identify(project_ws/log) by extension 'ignore'
[0.140s] Level 1:colcon.colcon_core.package_identification:_identify(project_ws/log) ignored
[0.140s] Level 1:colcon.colcon_core.package_identification:_identify(project_ws/src) by extensions ['ignore', 'ignore_ament_install']
[0.140s] Level 1:colcon.colcon_core.package_identification:_identify(project_ws/src) by extension 'ignore'
[0.140s] Level 1:colcon.colcon_core.package_identification:_identify(project_ws/src) by extension 'ignore_ament_install'
[0.140s] Level 1:colcon.colcon_core.package_identification:_identify(project_ws/src) by extensions ['colcon_pkg']
[0.140s] Level 1:colcon.colcon_core.package_identification:_identify(project_ws/src) by extension 'colcon_pkg'
[0.140s] Level 1:colcon.colcon_core.package_identification:_identify(project_ws/src) by extensions ['colcon_meta']
[0.140s] Level 1:colcon.colcon_core.package_identification:_identify(project_ws/src) by extension 'colcon_meta'
[0.140s] Level 1:colcon.colcon_core.package_identification:_identify(project_ws/src) by extensions ['ros']
[0.140s] Level 1:colcon.colcon_core.package_identification:_identify(project_ws/src) by extension 'ros'
[0.140s] Level 1:colcon.colcon_core.package_identification:_identify(project_ws/src) by extensions ['cmake', 'python']
[0.140s] Level 1:colcon.colcon_core.package_identification:_identify(project_ws/src) by extension 'cmake'
[0.140s] Level 1:colcon.colcon_core.package_identification:_identify(project_ws/src) by extension 'python'
[0.140s] Level 1:colcon.colcon_core.package_identification:_identify(project_ws/src) by extensions ['python_setup_py']
[0.140s] Level 1:colcon.colcon_core.package_identification:_identify(project_ws/src) by extension 'python_setup_py'
[0.140s] Level 1:colcon.colcon_core.package_identification:_identify(project_ws/src/telerobot_description) by extensions ['ignore', 'ignore_ament_install']
[0.140s] Level 1:colcon.colcon_core.package_identification:_identify(project_ws/src/telerobot_description) by extension 'ignore'
[0.140s] Level 1:colcon.colcon_core.package_identification:_identify(project_ws/src/telerobot_description) by extension 'ignore_ament_install'
[0.140s] Level 1:colcon.colcon_core.package_identification:_identify(project_ws/src/telerobot_description) by extensions ['colcon_pkg']
[0.140s] Level 1:colcon.colcon_core.package_identification:_identify(project_ws/src/telerobot_description) by extension 'colcon_pkg'
[0.140s] Level 1:colcon.colcon_core.package_identification:_identify(project_ws/src/telerobot_description) by extensions ['colcon_meta']
[0.140s] Level 1:colcon.colcon_core.package_identification:_identify(project_ws/src/telerobot_description) by extension 'colcon_meta'
[0.140s] Level 1:colcon.colcon_core.package_identification:_identify(project_ws/src/telerobot_description) by extensions ['ros']
[0.140s] Level 1:colcon.colcon_core.package_identification:_identify(project_ws/src/telerobot_description) by extension 'ros'
[0.144s] DEBUG:colcon.colcon_core.package_identification:Package 'project_ws/src/telerobot_description' with type 'ros.ament_cmake' and name 'telerobot_description'
[0.144s] Level 1:colcon.colcon_core.package_identification:_identify(ros2_udemy_ws) by extensions ['ignore', 'ignore_ament_install']
[0.144s] Level 1:colcon.colcon_core.package_identification:_identify(ros2_udemy_ws) by extension 'ignore'
[0.144s] Level 1:colcon.colcon_core.package_identification:_identify(ros2_udemy_ws) by extension 'ignore_ament_install'
[0.144s] Level 1:colcon.colcon_core.package_identification:_identify(ros2_udemy_ws) by extensions ['colcon_pkg']
[0.144s] Level 1:colcon.colcon_core.package_identification:_identify(ros2_udemy_ws) by extension 'colcon_pkg'
[0.144s] Level 1:colcon.colcon_core.package_identification:_identify(ros2_udemy_ws) by extensions ['colcon_meta']
[0.144s] Level 1:colcon.colcon_core.package_identification:_identify(ros2_udemy_ws) by extension 'colcon_meta'
[0.144s] Level 1:colcon.colcon_core.package_identification:_identify(ros2_udemy_ws) by extensions ['ros']
[0.144s] Level 1:colcon.colcon_core.package_identification:_identify(ros2_udemy_ws) by extension 'ros'
[0.144s] Level 1:colcon.colcon_core.package_identification:_identify(ros2_udemy_ws) by extensions ['cmake', 'python']
[0.144s] Level 1:colcon.colcon_core.package_identification:_identify(ros2_udemy_ws) by extension 'cmake'
[0.144s] Level 1:colcon.colcon_core.package_identification:_identify(ros2_udemy_ws) by extension 'python'
[0.145s] Level 1:colcon.colcon_core.package_identification:_identify(ros2_udemy_ws) by extensions ['python_setup_py']
[0.145s] Level 1:colcon.colcon_core.package_identification:_identify(ros2_udemy_ws) by extension 'python_setup_py'
[0.145s] Level 1:colcon.colcon_core.package_identification:_identify(ros2_udemy_ws/build) by extensions ['ignore', 'ignore_ament_install']
[0.145s] Level 1:colcon.colcon_core.package_identification:_identify(ros2_udemy_ws/build) by extension 'ignore'
[0.145s] Level 1:colcon.colcon_core.package_identification:_identify(ros2_udemy_ws/build) ignored
[0.145s] Level 1:colcon.colcon_core.package_identification:_identify(ros2_udemy_ws/install) by extensions ['ignore', 'ignore_ament_install']
[0.145s] Level 1:colcon.colcon_core.package_identification:_identify(ros2_udemy_ws/install) by extension 'ignore'
[0.145s] Level 1:colcon.colcon_core.package_identification:_identify(ros2_udemy_ws/install) ignored
[0.145s] Level 1:colcon.colcon_core.package_identification:_identify(ros2_udemy_ws/log) by extensions ['ignore', 'ignore_ament_install']
[0.145s] Level 1:colcon.colcon_core.package_identification:_identify(ros2_udemy_ws/log) by extension 'ignore'
[0.145s] Level 1:colcon.colcon_core.package_identification:_identify(ros2_udemy_ws/log) ignored
[0.145s] Level 1:colcon.colcon_core.package_identification:_identify(ros2_udemy_ws/src) by extensions ['ignore', 'ignore_ament_install']
[0.145s] Level 1:colcon.colcon_core.package_identification:_identify(ros2_udemy_ws/src) by extension 'ignore'
[0.145s] Level 1:colcon.colcon_core.package_identification:_identify(ros2_udemy_ws/src) by extension 'ignore_ament_install'
[0.145s] Level 1:colcon.colcon_core.package_identification:_identify(ros2_udemy_ws/src) by extensions ['colcon_pkg']
[0.145s] Level 1:colcon.colcon_core.package_identification:_identify(ros2_udemy_ws/src) by extension 'colcon_pkg'
[0.145s] Level 1:colcon.colcon_core.package_identification:_identify(ros2_udemy_ws/src) by extensions ['colcon_meta']
[0.145s] Level 1:colcon.colcon_core.package_identification:_identify(ros2_udemy_ws/src) by extension 'colcon_meta'
[0.145s] Level 1:colcon.colcon_core.package_identification:_identify(ros2_udemy_ws/src) by extensions ['ros']
[0.145s] Level 1:colcon.colcon_core.package_identification:_identify(ros2_udemy_ws/src) by extension 'ros'
[0.146s] Level 1:colcon.colcon_core.package_identification:_identify(ros2_udemy_ws/src) by extensions ['cmake', 'python']
[0.146s] Level 1:colcon.colcon_core.package_identification:_identify(ros2_udemy_ws/src) by extension 'cmake'
[0.146s] Level 1:colcon.colcon_core.package_identification:_identify(ros2_udemy_ws/src) by extension 'python'
[0.146s] Level 1:colcon.colcon_core.package_identification:_identify(ros2_udemy_ws/src) by extensions ['python_setup_py']
[0.146s] Level 1:colcon.colcon_core.package_identification:_identify(ros2_udemy_ws/src) by extension 'python_setup_py'
[0.146s] Level 1:colcon.colcon_core.package_identification:_identify(ros2_udemy_ws/src/build) by extensions ['ignore', 'ignore_ament_install']
[0.146s] Level 1:colcon.colcon_core.package_identification:_identify(ros2_udemy_ws/src/build) by extension 'ignore'
[0.146s] Level 1:colcon.colcon_core.package_identification:_identify(ros2_udemy_ws/src/build) ignored
[0.146s] Level 1:colcon.colcon_core.package_identification:_identify(ros2_udemy_ws/src/cpp_package) by extensions ['ignore', 'ignore_ament_install']
[0.146s] Level 1:colcon.colcon_core.package_identification:_identify(ros2_udemy_ws/src/cpp_package) by extension 'ignore'
[0.146s] Level 1:colcon.colcon_core.package_identification:_identify(ros2_udemy_ws/src/cpp_package) by extension 'ignore_ament_install'
[0.146s] Level 1:colcon.colcon_core.package_identification:_identify(ros2_udemy_ws/src/cpp_package) by extensions ['colcon_pkg']
[0.146s] Level 1:colcon.colcon_core.package_identification:_identify(ros2_udemy_ws/src/cpp_package) by extension 'colcon_pkg'
[0.146s] Level 1:colcon.colcon_core.package_identification:_identify(ros2_udemy_ws/src/cpp_package) by extensions ['colcon_meta']
[0.146s] Level 1:colcon.colcon_core.package_identification:_identify(ros2_udemy_ws/src/cpp_package) by extension 'colcon_meta'
[0.146s] Level 1:colcon.colcon_core.package_identification:_identify(ros2_udemy_ws/src/cpp_package) by extensions ['ros']
[0.146s] Level 1:colcon.colcon_core.package_identification:_identify(ros2_udemy_ws/src/cpp_package) by extension 'ros'
[0.147s] DEBUG:colcon.colcon_core.package_identification:Package 'ros2_udemy_ws/src/cpp_package' with type 'ros.ament_cmake' and name 'cpp_package'
[0.147s] Level 1:colcon.colcon_core.package_identification:_identify(ros2_udemy_ws/src/install) by extensions ['ignore', 'ignore_ament_install']
[0.147s] Level 1:colcon.colcon_core.package_identification:_identify(ros2_udemy_ws/src/install) by extension 'ignore'
[0.147s] Level 1:colcon.colcon_core.package_identification:_identify(ros2_udemy_ws/src/install) ignored
[0.147s] Level 1:colcon.colcon_core.package_identification:_identify(ros2_udemy_ws/src/log) by extensions ['ignore', 'ignore_ament_install']
[0.147s] Level 1:colcon.colcon_core.package_identification:_identify(ros2_udemy_ws/src/log) by extension 'ignore'
[0.147s] Level 1:colcon.colcon_core.package_identification:_identify(ros2_udemy_ws/src/log) ignored
[0.147s] Level 1:colcon.colcon_core.package_identification:_identify(ros2_udemy_ws/src/my_robot_bringup) by extensions ['ignore', 'ignore_ament_install']
[0.147s] Level 1:colcon.colcon_core.package_identification:_identify(ros2_udemy_ws/src/my_robot_bringup) by extension 'ignore'
[0.147s] Level 1:colcon.colcon_core.package_identification:_identify(ros2_udemy_ws/src/my_robot_bringup) by extension 'ignore_ament_install'
[0.147s] Level 1:colcon.colcon_core.package_identification:_identify(ros2_udemy_ws/src/my_robot_bringup) by extensions ['colcon_pkg']
[0.147s] Level 1:colcon.colcon_core.package_identification:_identify(ros2_udemy_ws/src/my_robot_bringup) by extension 'colcon_pkg'
[0.147s] Level 1:colcon.colcon_core.package_identification:_identify(ros2_udemy_ws/src/my_robot_bringup) by extensions ['colcon_meta']
[0.147s] Level 1:colcon.colcon_core.package_identification:_identify(ros2_udemy_ws/src/my_robot_bringup) by extension 'colcon_meta'
[0.147s] Level 1:colcon.colcon_core.package_identification:_identify(ros2_udemy_ws/src/my_robot_bringup) by extensions ['ros']
[0.147s] Level 1:colcon.colcon_core.package_identification:_identify(ros2_udemy_ws/src/my_robot_bringup) by extension 'ros'
[0.148s] DEBUG:colcon.colcon_core.package_identification:Package 'ros2_udemy_ws/src/my_robot_bringup' with type 'ros.ament_cmake' and name 'my_robot_bringup'
[0.148s] Level 1:colcon.colcon_core.package_identification:_identify(ros2_udemy_ws/src/my_robot_controller) by extensions ['ignore', 'ignore_ament_install']
[0.148s] Level 1:colcon.colcon_core.package_identification:_identify(ros2_udemy_ws/src/my_robot_controller) by extension 'ignore'
[0.148s] Level 1:colcon.colcon_core.package_identification:_identify(ros2_udemy_ws/src/my_robot_controller) by extension 'ignore_ament_install'
[0.148s] Level 1:colcon.colcon_core.package_identification:_identify(ros2_udemy_ws/src/my_robot_controller) by extensions ['colcon_pkg']
[0.148s] Level 1:colcon.colcon_core.package_identification:_identify(ros2_udemy_ws/src/my_robot_controller) by extension 'colcon_pkg'
[0.148s] Level 1:colcon.colcon_core.package_identification:_identify(ros2_udemy_ws/src/my_robot_controller) by extensions ['colcon_meta']
[0.148s] Level 1:colcon.colcon_core.package_identification:_identify(ros2_udemy_ws/src/my_robot_controller) by extension 'colcon_meta'
[0.148s] Level 1:colcon.colcon_core.package_identification:_identify(ros2_udemy_ws/src/my_robot_controller) by extensions ['ros']
[0.148s] Level 1:colcon.colcon_core.package_identification:_identify(ros2_udemy_ws/src/my_robot_controller) by extension 'ros'
[0.149s] DEBUG:colcon.colcon_core.package_identification:Package 'ros2_udemy_ws/src/my_robot_controller' with type 'ros.ament_python' and name 'my_robot_controller'
[0.149s] Level 1:colcon.colcon_core.package_identification:_identify(ros2_udemy_ws/src/my_robot_interfaces) by extensions ['ignore', 'ignore_ament_install']
[0.149s] Level 1:colcon.colcon_core.package_identification:_identify(ros2_udemy_ws/src/my_robot_interfaces) by extension 'ignore'
[0.149s] Level 1:colcon.colcon_core.package_identification:_identify(ros2_udemy_ws/src/my_robot_interfaces) by extension 'ignore_ament_install'
[0.149s] Level 1:colcon.colcon_core.package_identification:_identify(ros2_udemy_ws/src/my_robot_interfaces) by extensions ['colcon_pkg']
[0.149s] Level 1:colcon.colcon_core.package_identification:_identify(ros2_udemy_ws/src/my_robot_interfaces) by extension 'colcon_pkg'
[0.149s] Level 1:colcon.colcon_core.package_identification:_identify(ros2_udemy_ws/src/my_robot_interfaces) by extensions ['colcon_meta']
[0.149s] Level 1:colcon.colcon_core.package_identification:_identify(ros2_udemy_ws/src/my_robot_interfaces) by extension 'colcon_meta'
[0.149s] Level 1:colcon.colcon_core.package_identification:_identify(ros2_udemy_ws/src/my_robot_interfaces) by extensions ['ros']
[0.149s] Level 1:colcon.colcon_core.package_identification:_identify(ros2_udemy_ws/src/my_robot_interfaces) by extension 'ros'
[0.150s] DEBUG:colcon.colcon_core.package_identification:Package 'ros2_udemy_ws/src/my_robot_interfaces' with type 'ros.ament_cmake' and name 'my_robot_interfaces'
[0.150s] Level 1:colcon.colcon_core.package_identification:_identify(simulation_dtour_ws) by extensions ['ignore', 'ignore_ament_install']
[0.150s] Level 1:colcon.colcon_core.package_identification:_identify(simulation_dtour_ws) by extension 'ignore'
[0.150s] Level 1:colcon.colcon_core.package_identification:_identify(simulation_dtour_ws) by extension 'ignore_ament_install'
[0.150s] Level 1:colcon.colcon_core.package_identification:_identify(simulation_dtour_ws) by extensions ['colcon_pkg']
[0.150s] Level 1:colcon.colcon_core.package_identification:_identify(simulation_dtour_ws) by extension 'colcon_pkg'
[0.150s] Level 1:colcon.colcon_core.package_identification:_identify(simulation_dtour_ws) by extensions ['colcon_meta']
[0.150s] Level 1:colcon.colcon_core.package_identification:_identify(simulation_dtour_ws) by extension 'colcon_meta'
[0.150s] Level 1:colcon.colcon_core.package_identification:_identify(simulation_dtour_ws) by extensions ['ros']
[0.150s] Level 1:colcon.colcon_core.package_identification:_identify(simulation_dtour_ws) by extension 'ros'
[0.150s] Level 1:colcon.colcon_core.package_identification:_identify(simulation_dtour_ws) by extensions ['cmake', 'python']
[0.150s] Level 1:colcon.colcon_core.package_identification:_identify(simulation_dtour_ws) by extension 'cmake'
[0.150s] Level 1:colcon.colcon_core.package_identification:_identify(simulation_dtour_ws) by extension 'python'
[0.150s] Level 1:colcon.colcon_core.package_identification:_identify(simulation_dtour_ws) by extensions ['python_setup_py']
[0.150s] Level 1:colcon.colcon_core.package_identification:_identify(simulation_dtour_ws) by extension 'python_setup_py'
[0.150s] Level 1:colcon.colcon_core.package_identification:_identify(simulation_dtour_ws/build) by extensions ['ignore', 'ignore_ament_install']
[0.150s] Level 1:colcon.colcon_core.package_identification:_identify(simulation_dtour_ws/build) by extension 'ignore'
[0.150s] Level 1:colcon.colcon_core.package_identification:_identify(simulation_dtour_ws/build) ignored
[0.150s] Level 1:colcon.colcon_core.package_identification:_identify(simulation_dtour_ws/install) by extensions ['ignore', 'ignore_ament_install']
[0.151s] Level 1:colcon.colcon_core.package_identification:_identify(simulation_dtour_ws/install) by extension 'ignore'
[0.151s] Level 1:colcon.colcon_core.package_identification:_identify(simulation_dtour_ws/install) ignored
[0.151s] Level 1:colcon.colcon_core.package_identification:_identify(simulation_dtour_ws/log) by extensions ['ignore', 'ignore_ament_install']
[0.151s] Level 1:colcon.colcon_core.package_identification:_identify(simulation_dtour_ws/log) by extension 'ignore'
[0.151s] Level 1:colcon.colcon_core.package_identification:_identify(simulation_dtour_ws/log) ignored
[0.151s] Level 1:colcon.colcon_core.package_identification:_identify(simulation_dtour_ws/src) by extensions ['ignore', 'ignore_ament_install']
[0.151s] Level 1:colcon.colcon_core.package_identification:_identify(simulation_dtour_ws/src) by extension 'ignore'
[0.151s] Level 1:colcon.colcon_core.package_identification:_identify(simulation_dtour_ws/src) by extension 'ignore_ament_install'
[0.151s] Level 1:colcon.colcon_core.package_identification:_identify(simulation_dtour_ws/src) by extensions ['colcon_pkg']
[0.151s] Level 1:colcon.colcon_core.package_identification:_identify(simulation_dtour_ws/src) by extension 'colcon_pkg'
[0.151s] Level 1:colcon.colcon_core.package_identification:_identify(simulation_dtour_ws/src) by extensions ['colcon_meta']
[0.151s] Level 1:colcon.colcon_core.package_identification:_identify(simulation_dtour_ws/src) by extension 'colcon_meta'
[0.151s] Level 1:colcon.colcon_core.package_identification:_identify(simulation_dtour_ws/src) by extensions ['ros']
[0.151s] Level 1:colcon.colcon_core.package_identification:_identify(simulation_dtour_ws/src) by extension 'ros'
[0.151s] Level 1:colcon.colcon_core.package_identification:_identify(simulation_dtour_ws/src) by extensions ['cmake', 'python']
[0.151s] Level 1:colcon.colcon_core.package_identification:_identify(simulation_dtour_ws/src) by extension 'cmake'
[0.151s] Level 1:colcon.colcon_core.package_identification:_identify(simulation_dtour_ws/src) by extension 'python'
[0.151s] Level 1:colcon.colcon_core.package_identification:_identify(simulation_dtour_ws/src) by extensions ['python_setup_py']
[0.151s] Level 1:colcon.colcon_core.package_identification:_identify(simulation_dtour_ws/src) by extension 'python_setup_py'
[0.151s] Level 1:colcon.colcon_core.package_identification:_identify(simulation_dtour_ws/src/log) by extensions ['ignore', 'ignore_ament_install']
[0.151s] Level 1:colcon.colcon_core.package_identification:_identify(simulation_dtour_ws/src/log) by extension 'ignore'
[0.152s] Level 1:colcon.colcon_core.package_identification:_identify(simulation_dtour_ws/src/log) ignored
[0.152s] Level 1:colcon.colcon_core.package_identification:_identify(simulation_dtour_ws/src/turtlebot_description) by extensions ['ignore', 'ignore_ament_install']
[0.152s] Level 1:colcon.colcon_core.package_identification:_identify(simulation_dtour_ws/src/turtlebot_description) by extension 'ignore'
[0.152s] Level 1:colcon.colcon_core.package_identification:_identify(simulation_dtour_ws/src/turtlebot_description) by extension 'ignore_ament_install'
[0.152s] Level 1:colcon.colcon_core.package_identification:_identify(simulation_dtour_ws/src/turtlebot_description) by extensions ['colcon_pkg']
[0.152s] Level 1:colcon.colcon_core.package_identification:_identify(simulation_dtour_ws/src/turtlebot_description) by extension 'colcon_pkg'
[0.152s] Level 1:colcon.colcon_core.package_identification:_identify(simulation_dtour_ws/src/turtlebot_description) by extensions ['colcon_meta']
[0.152s] Level 1:colcon.colcon_core.package_identification:_identify(simulation_dtour_ws/src/turtlebot_description) by extension 'colcon_meta'
[0.152s] Level 1:colcon.colcon_core.package_identification:_identify(simulation_dtour_ws/src/turtlebot_description) by extensions ['ros']
[0.152s] Level 1:colcon.colcon_core.package_identification:_identify(simulation_dtour_ws/src/turtlebot_description) by extension 'ros'
[0.152s] DEBUG:colcon.colcon_core.package_identification:Package 'simulation_dtour_ws/src/turtlebot_description' with type 'ros.ament_cmake' and name 'turtlebot_description'
[0.152s] Level 1:colcon.colcon_core.package_identification:_identify(simulation_dtour_ws/src/udemy_robot_bringup) by extensions ['ignore', 'ignore_ament_install']
[0.153s] Level 1:colcon.colcon_core.package_identification:_identify(simulation_dtour_ws/src/udemy_robot_bringup) by extension 'ignore'
[0.153s] Level 1:colcon.colcon_core.package_identification:_identify(simulation_dtour_ws/src/udemy_robot_bringup) by extension 'ignore_ament_install'
[0.153s] Level 1:colcon.colcon_core.package_identification:_identify(simulation_dtour_ws/src/udemy_robot_bringup) by extensions ['colcon_pkg']
[0.153s] Level 1:colcon.colcon_core.package_identification:_identify(simulation_dtour_ws/src/udemy_robot_bringup) by extension 'colcon_pkg'
[0.153s] Level 1:colcon.colcon_core.package_identification:_identify(simulation_dtour_ws/src/udemy_robot_bringup) by extensions ['colcon_meta']
[0.153s] Level 1:colcon.colcon_core.package_identification:_identify(simulation_dtour_ws/src/udemy_robot_bringup) by extension 'colcon_meta'
[0.153s] Level 1:colcon.colcon_core.package_identification:_identify(simulation_dtour_ws/src/udemy_robot_bringup) by extensions ['ros']
[0.153s] Level 1:colcon.colcon_core.package_identification:_identify(simulation_dtour_ws/src/udemy_robot_bringup) by extension 'ros'
[0.153s] DEBUG:colcon.colcon_core.package_identification:Package 'simulation_dtour_ws/src/udemy_robot_bringup' with type 'ros.ament_cmake' and name 'udemy_robot_bringup'
[0.153s] Level 1:colcon.colcon_core.package_identification:_identify(simulation_ws) by extensions ['ignore', 'ignore_ament_install']
[0.153s] Level 1:colcon.colcon_core.package_identification:_identify(simulation_ws) by extension 'ignore'
[0.154s] Level 1:colcon.colcon_core.package_identification:_identify(simulation_ws) by extension 'ignore_ament_install'
[0.154s] Level 1:colcon.colcon_core.package_identification:_identify(simulation_ws) by extensions ['colcon_pkg']
[0.154s] Level 1:colcon.colcon_core.package_identification:_identify(simulation_ws) by extension 'colcon_pkg'
[0.154s] Level 1:colcon.colcon_core.package_identification:_identify(simulation_ws) by extensions ['colcon_meta']
[0.154s] Level 1:colcon.colcon_core.package_identification:_identify(simulation_ws) by extension 'colcon_meta'
[0.154s] Level 1:colcon.colcon_core.package_identification:_identify(simulation_ws) by extensions ['ros']
[0.154s] Level 1:colcon.colcon_core.package_identification:_identify(simulation_ws) by extension 'ros'
[0.154s] Level 1:colcon.colcon_core.package_identification:_identify(simulation_ws) by extensions ['cmake', 'python']
[0.154s] Level 1:colcon.colcon_core.package_identification:_identify(simulation_ws) by extension 'cmake'
[0.154s] Level 1:colcon.colcon_core.package_identification:_identify(simulation_ws) by extension 'python'
[0.154s] Level 1:colcon.colcon_core.package_identification:_identify(simulation_ws) by extensions ['python_setup_py']
[0.154s] Level 1:colcon.colcon_core.package_identification:_identify(simulation_ws) by extension 'python_setup_py'
[0.154s] Level 1:colcon.colcon_core.package_identification:_identify(simulation_ws/build) by extensions ['ignore', 'ignore_ament_install']
[0.154s] Level 1:colcon.colcon_core.package_identification:_identify(simulation_ws/build) by extension 'ignore'
[0.154s] Level 1:colcon.colcon_core.package_identification:_identify(simulation_ws/build) ignored
[0.154s] Level 1:colcon.colcon_core.package_identification:_identify(simulation_ws/install) by extensions ['ignore', 'ignore_ament_install']
[0.154s] Level 1:colcon.colcon_core.package_identification:_identify(simulation_ws/install) by extension 'ignore'
[0.154s] Level 1:colcon.colcon_core.package_identification:_identify(simulation_ws/install) ignored
[0.154s] Level 1:colcon.colcon_core.package_identification:_identify(simulation_ws/log) by extensions ['ignore', 'ignore_ament_install']
[0.154s] Level 1:colcon.colcon_core.package_identification:_identify(simulation_ws/log) by extension 'ignore'
[0.154s] Level 1:colcon.colcon_core.package_identification:_identify(simulation_ws/log) ignored
[0.155s] Level 1:colcon.colcon_core.package_identification:_identify(simulation_ws/src) by extensions ['ignore', 'ignore_ament_install']
[0.155s] Level 1:colcon.colcon_core.package_identification:_identify(simulation_ws/src) by extension 'ignore'
[0.155s] Level 1:colcon.colcon_core.package_identification:_identify(simulation_ws/src) by extension 'ignore_ament_install'
[0.155s] Level 1:colcon.colcon_core.package_identification:_identify(simulation_ws/src) by extensions ['colcon_pkg']
[0.155s] Level 1:colcon.colcon_core.package_identification:_identify(simulation_ws/src) by extension 'colcon_pkg'
[0.155s] Level 1:colcon.colcon_core.package_identification:_identify(simulation_ws/src) by extensions ['colcon_meta']
[0.155s] Level 1:colcon.colcon_core.package_identification:_identify(simulation_ws/src) by extension 'colcon_meta'
[0.155s] Level 1:colcon.colcon_core.package_identification:_identify(simulation_ws/src) by extensions ['ros']
[0.155s] Level 1:colcon.colcon_core.package_identification:_identify(simulation_ws/src) by extension 'ros'
[0.155s] Level 1:colcon.colcon_core.package_identification:_identify(simulation_ws/src) by extensions ['cmake', 'python']
[0.155s] Level 1:colcon.colcon_core.package_identification:_identify(simulation_ws/src) by extension 'cmake'
[0.155s] Level 1:colcon.colcon_core.package_identification:_identify(simulation_ws/src) by extension 'python'
[0.155s] Level 1:colcon.colcon_core.package_identification:_identify(simulation_ws/src) by extensions ['python_setup_py']
[0.155s] Level 1:colcon.colcon_core.package_identification:_identify(simulation_ws/src) by extension 'python_setup_py'
[0.155s] Level 1:colcon.colcon_core.package_identification:_identify(simulation_ws/src/build) by extensions ['ignore', 'ignore_ament_install']
[0.155s] Level 1:colcon.colcon_core.package_identification:_identify(simulation_ws/src/build) by extension 'ignore'
[0.155s] Level 1:colcon.colcon_core.package_identification:_identify(simulation_ws/src/build) ignored
[0.155s] Level 1:colcon.colcon_core.package_identification:_identify(simulation_ws/src/install) by extensions ['ignore', 'ignore_ament_install']
[0.155s] Level 1:colcon.colcon_core.package_identification:_identify(simulation_ws/src/install) by extension 'ignore'
[0.155s] Level 1:colcon.colcon_core.package_identification:_identify(simulation_ws/src/install) ignored
[0.155s] Level 1:colcon.colcon_core.package_identification:_identify(simulation_ws/src/log) by extensions ['ignore', 'ignore_ament_install']
[0.155s] Level 1:colcon.colcon_core.package_identification:_identify(simulation_ws/src/log) by extension 'ignore'
[0.156s] Level 1:colcon.colcon_core.package_identification:_identify(simulation_ws/src/log) ignored
[0.156s] Level 1:colcon.colcon_core.package_identification:_identify(simulation_ws/src/my_robot_bringup) by extensions ['ignore', 'ignore_ament_install']
[0.156s] Level 1:colcon.colcon_core.package_identification:_identify(simulation_ws/src/my_robot_bringup) by extension 'ignore'
[0.156s] Level 1:colcon.colcon_core.package_identification:_identify(simulation_ws/src/my_robot_bringup) by extension 'ignore_ament_install'
[0.156s] Level 1:colcon.colcon_core.package_identification:_identify(simulation_ws/src/my_robot_bringup) by extensions ['colcon_pkg']
[0.156s] Level 1:colcon.colcon_core.package_identification:_identify(simulation_ws/src/my_robot_bringup) by extension 'colcon_pkg'
[0.156s] Level 1:colcon.colcon_core.package_identification:_identify(simulation_ws/src/my_robot_bringup) by extensions ['colcon_meta']
[0.156s] Level 1:colcon.colcon_core.package_identification:_identify(simulation_ws/src/my_robot_bringup) by extension 'colcon_meta'
[0.156s] Level 1:colcon.colcon_core.package_identification:_identify(simulation_ws/src/my_robot_bringup) by extensions ['ros']
[0.156s] Level 1:colcon.colcon_core.package_identification:_identify(simulation_ws/src/my_robot_bringup) by extension 'ros'
[0.156s] DEBUG:colcon.colcon_core.package_identification:Package 'simulation_ws/src/my_robot_bringup' with type 'ros.ament_cmake' and name 'my_robot_bringup'
[0.157s] Level 1:colcon.colcon_core.package_identification:_identify(simulation_ws/src/my_robot_description) by extensions ['ignore', 'ignore_ament_install']
[0.157s] Level 1:colcon.colcon_core.package_identification:_identify(simulation_ws/src/my_robot_description) by extension 'ignore'
[0.157s] Level 1:colcon.colcon_core.package_identification:_identify(simulation_ws/src/my_robot_description) by extension 'ignore_ament_install'
[0.157s] Level 1:colcon.colcon_core.package_identification:_identify(simulation_ws/src/my_robot_description) by extensions ['colcon_pkg']
[0.157s] Level 1:colcon.colcon_core.package_identification:_identify(simulation_ws/src/my_robot_description) by extension 'colcon_pkg'
[0.157s] Level 1:colcon.colcon_core.package_identification:_identify(simulation_ws/src/my_robot_description) by extensions ['colcon_meta']
[0.157s] Level 1:colcon.colcon_core.package_identification:_identify(simulation_ws/src/my_robot_description) by extension 'colcon_meta'
[0.157s] Level 1:colcon.colcon_core.package_identification:_identify(simulation_ws/src/my_robot_description) by extensions ['ros']
[0.157s] Level 1:colcon.colcon_core.package_identification:_identify(simulation_ws/src/my_robot_description) by extension 'ros'
[0.157s] DEBUG:colcon.colcon_core.package_identification:Package 'simulation_ws/src/my_robot_description' with type 'ros.ament_cmake' and name 'my_robot_description'
[0.157s] Level 1:colcon.colcon_core.package_identification:_identify(turtle_follower_ws) by extensions ['ignore', 'ignore_ament_install']
[0.157s] Level 1:colcon.colcon_core.package_identification:_identify(turtle_follower_ws) by extension 'ignore'
[0.157s] Level 1:colcon.colcon_core.package_identification:_identify(turtle_follower_ws) by extension 'ignore_ament_install'
[0.158s] Level 1:colcon.colcon_core.package_identification:_identify(turtle_follower_ws) by extensions ['colcon_pkg']
[0.158s] Level 1:colcon.colcon_core.package_identification:_identify(turtle_follower_ws) by extension 'colcon_pkg'
[0.158s] Level 1:colcon.colcon_core.package_identification:_identify(turtle_follower_ws) by extensions ['colcon_meta']
[0.158s] Level 1:colcon.colcon_core.package_identification:_identify(turtle_follower_ws) by extension 'colcon_meta'
[0.158s] Level 1:colcon.colcon_core.package_identification:_identify(turtle_follower_ws) by extensions ['ros']
[0.158s] Level 1:colcon.colcon_core.package_identification:_identify(turtle_follower_ws) by extension 'ros'
[0.158s] Level 1:colcon.colcon_core.package_identification:_identify(turtle_follower_ws) by extensions ['cmake', 'python']
[0.158s] Level 1:colcon.colcon_core.package_identification:_identify(turtle_follower_ws) by extension 'cmake'
[0.158s] Level 1:colcon.colcon_core.package_identification:_identify(turtle_follower_ws) by extension 'python'
[0.158s] Level 1:colcon.colcon_core.package_identification:_identify(turtle_follower_ws) by extensions ['python_setup_py']
[0.158s] Level 1:colcon.colcon_core.package_identification:_identify(turtle_follower_ws) by extension 'python_setup_py'
[0.158s] Level 1:colcon.colcon_core.package_identification:_identify(turtle_follower_ws/build) by extensions ['ignore', 'ignore_ament_install']
[0.158s] Level 1:colcon.colcon_core.package_identification:_identify(turtle_follower_ws/build) by extension 'ignore'
[0.158s] Level 1:colcon.colcon_core.package_identification:_identify(turtle_follower_ws/build) ignored
[0.158s] Level 1:colcon.colcon_core.package_identification:_identify(turtle_follower_ws/install) by extensions ['ignore', 'ignore_ament_install']
[0.158s] Level 1:colcon.colcon_core.package_identification:_identify(turtle_follower_ws/install) by extension 'ignore'
[0.158s] Level 1:colcon.colcon_core.package_identification:_identify(turtle_follower_ws/install) ignored
[0.158s] Level 1:colcon.colcon_core.package_identification:_identify(turtle_follower_ws/log) by extensions ['ignore', 'ignore_ament_install']
[0.158s] Level 1:colcon.colcon_core.package_identification:_identify(turtle_follower_ws/log) by extension 'ignore'
[0.158s] Level 1:colcon.colcon_core.package_identification:_identify(turtle_follower_ws/log) ignored
[0.158s] Level 1:colcon.colcon_core.package_identification:_identify(turtle_follower_ws/src) by extensions ['ignore', 'ignore_ament_install']
[0.158s] Level 1:colcon.colcon_core.package_identification:_identify(turtle_follower_ws/src) by extension 'ignore'
[0.159s] Level 1:colcon.colcon_core.package_identification:_identify(turtle_follower_ws/src) by extension 'ignore_ament_install'
[0.159s] Level 1:colcon.colcon_core.package_identification:_identify(turtle_follower_ws/src) by extensions ['colcon_pkg']
[0.159s] Level 1:colcon.colcon_core.package_identification:_identify(turtle_follower_ws/src) by extension 'colcon_pkg'
[0.159s] Level 1:colcon.colcon_core.package_identification:_identify(turtle_follower_ws/src) by extensions ['colcon_meta']
[0.159s] Level 1:colcon.colcon_core.package_identification:_identify(turtle_follower_ws/src) by extension 'colcon_meta'
[0.159s] Level 1:colcon.colcon_core.package_identification:_identify(turtle_follower_ws/src) by extensions ['ros']
[0.159s] Level 1:colcon.colcon_core.package_identification:_identify(turtle_follower_ws/src) by extension 'ros'
[0.159s] Level 1:colcon.colcon_core.package_identification:_identify(turtle_follower_ws/src) by extensions ['cmake', 'python']
[0.159s] Level 1:colcon.colcon_core.package_identification:_identify(turtle_follower_ws/src) by extension 'cmake'
[0.159s] Level 1:colcon.colcon_core.package_identification:_identify(turtle_follower_ws/src) by extension 'python'
[0.159s] Level 1:colcon.colcon_core.package_identification:_identify(turtle_follower_ws/src) by extensions ['python_setup_py']
[0.159s] Level 1:colcon.colcon_core.package_identification:_identify(turtle_follower_ws/src) by extension 'python_setup_py'
[0.159s] Level 1:colcon.colcon_core.package_identification:_identify(turtle_follower_ws/src/build) by extensions ['ignore', 'ignore_ament_install']
[0.159s] Level 1:colcon.colcon_core.package_identification:_identify(turtle_follower_ws/src/build) by extension 'ignore'
[0.159s] Level 1:colcon.colcon_core.package_identification:_identify(turtle_follower_ws/src/build) ignored
[0.159s] Level 1:colcon.colcon_core.package_identification:_identify(turtle_follower_ws/src/install) by extensions ['ignore', 'ignore_ament_install']
[0.159s] Level 1:colcon.colcon_core.package_identification:_identify(turtle_follower_ws/src/install) by extension 'ignore'
[0.159s] Level 1:colcon.colcon_core.package_identification:_identify(turtle_follower_ws/src/install) ignored
[0.159s] Level 1:colcon.colcon_core.package_identification:_identify(turtle_follower_ws/src/log) by extensions ['ignore', 'ignore_ament_install']
[0.159s] Level 1:colcon.colcon_core.package_identification:_identify(turtle_follower_ws/src/log) by extension 'ignore'
[0.159s] Level 1:colcon.colcon_core.package_identification:_identify(turtle_follower_ws/src/log) ignored
[0.159s] Level 1:colcon.colcon_core.package_identification:_identify(turtle_follower_ws/src/turtle_bringup) by extensions ['ignore', 'ignore_ament_install']
[0.160s] Level 1:colcon.colcon_core.package_identification:_identify(turtle_follower_ws/src/turtle_bringup) by extension 'ignore'
[0.160s] Level 1:colcon.colcon_core.package_identification:_identify(turtle_follower_ws/src/turtle_bringup) by extension 'ignore_ament_install'
[0.160s] Level 1:colcon.colcon_core.package_identification:_identify(turtle_follower_ws/src/turtle_bringup) by extensions ['colcon_pkg']
[0.160s] Level 1:colcon.colcon_core.package_identification:_identify(turtle_follower_ws/src/turtle_bringup) by extension 'colcon_pkg'
[0.160s] Level 1:colcon.colcon_core.package_identification:_identify(turtle_follower_ws/src/turtle_bringup) by extensions ['colcon_meta']
[0.160s] Level 1:colcon.colcon_core.package_identification:_identify(turtle_follower_ws/src/turtle_bringup) by extension 'colcon_meta'
[0.160s] Level 1:colcon.colcon_core.package_identification:_identify(turtle_follower_ws/src/turtle_bringup) by extensions ['ros']
[0.160s] Level 1:colcon.colcon_core.package_identification:_identify(turtle_follower_ws/src/turtle_bringup) by extension 'ros'
[0.160s] DEBUG:colcon.colcon_core.package_identification:Package 'turtle_follower_ws/src/turtle_bringup' with type 'ros.ament_cmake' and name 'turtle_bringup'
[0.160s] Level 1:colcon.colcon_core.package_identification:_identify(turtle_follower_ws/src/turtle_controller) by extensions ['ignore', 'ignore_ament_install']
[0.160s] Level 1:colcon.colcon_core.package_identification:_identify(turtle_follower_ws/src/turtle_controller) by extension 'ignore'
[0.160s] Level 1:colcon.colcon_core.package_identification:_identify(turtle_follower_ws/src/turtle_controller) by extension 'ignore_ament_install'
[0.160s] Level 1:colcon.colcon_core.package_identification:_identify(turtle_follower_ws/src/turtle_controller) by extensions ['colcon_pkg']
[0.160s] Level 1:colcon.colcon_core.package_identification:_identify(turtle_follower_ws/src/turtle_controller) by extension 'colcon_pkg'
[0.161s] Level 1:colcon.colcon_core.package_identification:_identify(turtle_follower_ws/src/turtle_controller) by extensions ['colcon_meta']
[0.161s] Level 1:colcon.colcon_core.package_identification:_identify(turtle_follower_ws/src/turtle_controller) by extension 'colcon_meta'
[0.161s] Level 1:colcon.colcon_core.package_identification:_identify(turtle_follower_ws/src/turtle_controller) by extensions ['ros']
[0.161s] Level 1:colcon.colcon_core.package_identification:_identify(turtle_follower_ws/src/turtle_controller) by extension 'ros'
[0.161s] DEBUG:colcon.colcon_core.package_identification:Package 'turtle_follower_ws/src/turtle_controller' with type 'ros.ament_python' and name 'turtle_controller'
[0.161s] Level 1:colcon.colcon_core.package_identification:_identify(turtle_follower_ws/src/turtle_interfaces) by extensions ['ignore', 'ignore_ament_install']
[0.161s] Level 1:colcon.colcon_core.package_identification:_identify(turtle_follower_ws/src/turtle_interfaces) by extension 'ignore'
[0.161s] Level 1:colcon.colcon_core.package_identification:_identify(turtle_follower_ws/src/turtle_interfaces) by extension 'ignore_ament_install'
[0.161s] Level 1:colcon.colcon_core.package_identification:_identify(turtle_follower_ws/src/turtle_interfaces) by extensions ['colcon_pkg']
[0.161s] Level 1:colcon.colcon_core.package_identification:_identify(turtle_follower_ws/src/turtle_interfaces) by extension 'colcon_pkg'
[0.161s] Level 1:colcon.colcon_core.package_identification:_identify(turtle_follower_ws/src/turtle_interfaces) by extensions ['colcon_meta']
[0.161s] Level 1:colcon.colcon_core.package_identification:_identify(turtle_follower_ws/src/turtle_interfaces) by extension 'colcon_meta'
[0.161s] Level 1:colcon.colcon_core.package_identification:_identify(turtle_follower_ws/src/turtle_interfaces) by extensions ['ros']
[0.161s] Level 1:colcon.colcon_core.package_identification:_identify(turtle_follower_ws/src/turtle_interfaces) by extension 'ros'
[0.162s] DEBUG:colcon.colcon_core.package_identification:Package 'turtle_follower_ws/src/turtle_interfaces' with type 'ros.ament_cmake' and name 'turtle_interfaces'
[0.162s] Level 1:colcon.colcon_core.package_identification:_identify(turtle_follower_ws/src/turtle_spawner) by extensions ['ignore', 'ignore_ament_install']
[0.162s] Level 1:colcon.colcon_core.package_identification:_identify(turtle_follower_ws/src/turtle_spawner) by extension 'ignore'
[0.162s] Level 1:colcon.colcon_core.package_identification:_identify(turtle_follower_ws/src/turtle_spawner) by extension 'ignore_ament_install'
[0.162s] Level 1:colcon.colcon_core.package_identification:_identify(turtle_follower_ws/src/turtle_spawner) by extensions ['colcon_pkg']
[0.162s] Level 1:colcon.colcon_core.package_identification:_identify(turtle_follower_ws/src/turtle_spawner) by extension 'colcon_pkg'
[0.162s] Level 1:colcon.colcon_core.package_identification:_identify(turtle_follower_ws/src/turtle_spawner) by extensions ['colcon_meta']
[0.162s] Level 1:colcon.colcon_core.package_identification:_identify(turtle_follower_ws/src/turtle_spawner) by extension 'colcon_meta'
[0.162s] Level 1:colcon.colcon_core.package_identification:_identify(turtle_follower_ws/src/turtle_spawner) by extensions ['ros']
[0.162s] Level 1:colcon.colcon_core.package_identification:_identify(turtle_follower_ws/src/turtle_spawner) by extension 'ros'
[0.163s] DEBUG:colcon.colcon_core.package_identification:Package 'turtle_follower_ws/src/turtle_spawner' with type 'ros.ament_python' and name 'turtle_spawner'
[0.163s] Level 1:colcon.colcon_core.package_discovery:discover_packages(recursive) using defaults
[0.163s] Level 1:colcon.colcon_core.package_discovery:discover_packages(ignore) discover
[0.163s] Level 1:colcon.colcon_core.package_discovery:discover_packages(ignore) using defaults
[0.163s] Level 1:colcon.colcon_core.package_discovery:discover_packages(path) discover
[0.163s] Level 1:colcon.colcon_core.package_discovery:discover_packages(path) using defaults
[0.182s] Level 1:colcon.colcon_core.package_discovery:discover_packages(prefix_path) check parameters
[0.182s] Level 1:colcon.colcon_core.package_discovery:discover_packages(prefix_path) discover
[0.184s] DEBUG:colcon.colcon_installed_package_information.package_discovery:Found 477 installed packages in /opt/ros/humble
[0.186s] Level 1:colcon.colcon_core.package_discovery:discover_packages(prefix_path) using defaults
[0.244s] ERROR:colcon:colcon build: Duplicate package names not supported:
- my_robot_bringup:
  - ros2_udemy_ws/src/my_robot_bringup
  - simulation_ws/src/my_robot_bringup
