[0.021s] Invoking command in '/media/ros/fedora/home/maylis/Dokumente/TeleNav/build/cpp_package': CMAKE_PREFIX_PATH=/opt/ros/humble /usr/bin/cmake --build /media/ros/fedora/home/maylis/Dokumente/TeleNav/build/cpp_package -- -j6 -l6
[0.074s] [35m[1mConsolidate compiler generated dependencies of target my_first_cpp_node[0m
[0.101s] [ 50%] [32mBuilding CXX object CMakeFiles/my_first_cpp_node.dir/src/my_first_cpp_note.cpp.o[0m
[3.795s] [100%] [32m[1mLinking CXX executable my_first_cpp_node[0m
[3.953s] [100%] Built target my_first_cpp_node
[3.969s] Invoked command in '/media/ros/fedora/home/maylis/Dokumente/TeleNav/build/cpp_package' returned '0': CMAKE_PREFIX_PATH=/opt/ros/humble /usr/bin/cmake --build /media/ros/fedora/home/maylis/Dokumente/TeleNav/build/cpp_package -- -j6 -l6
[3.983s] Invoking command in '/media/ros/fedora/home/maylis/Dokumente/TeleNav/build/cpp_package': CMAKE_PREFIX_PATH=/opt/ros/humble /usr/bin/cmake --install /media/ros/fedora/home/maylis/Dokumente/TeleNav/build/cpp_package
[3.992s] -- Install configuration: ""
[3.992s] -- Installing: /media/ros/fedora/home/maylis/Dokumente/TeleNav/install/cpp_package/lib/cpp_package/my_first_cpp_node
[3.999s] -- Set runtime path of "/media/ros/fedora/home/maylis/Dokumente/TeleNav/install/cpp_package/lib/cpp_package/my_first_cpp_node" to ""
[3.999s] -- Up-to-date: /media/ros/fedora/home/maylis/Dokumente/TeleNav/install/cpp_package/share/ament_index/resource_index/package_run_dependencies/cpp_package
[4.000s] -- Up-to-date: /media/ros/fedora/home/maylis/Dokumente/TeleNav/install/cpp_package/share/ament_index/resource_index/parent_prefix_path/cpp_package
[4.000s] -- Up-to-date: /media/ros/fedora/home/maylis/Dokumente/TeleNav/install/cpp_package/share/cpp_package/environment/ament_prefix_path.sh
[4.000s] -- Up-to-date: /media/ros/fedora/home/maylis/Dokumente/TeleNav/install/cpp_package/share/cpp_package/environment/ament_prefix_path.dsv
[4.000s] -- Up-to-date: /media/ros/fedora/home/maylis/Dokumente/TeleNav/install/cpp_package/share/cpp_package/environment/path.sh
[4.000s] -- Up-to-date: /media/ros/fedora/home/maylis/Dokumente/TeleNav/install/cpp_package/share/cpp_package/environment/path.dsv
[4.000s] -- Up-to-date: /media/ros/fedora/home/maylis/Dokumente/TeleNav/install/cpp_package/share/cpp_package/local_setup.bash
[4.000s] -- Up-to-date: /media/ros/fedora/home/maylis/Dokumente/TeleNav/install/cpp_package/share/cpp_package/local_setup.sh
[4.000s] -- Up-to-date: /media/ros/fedora/home/maylis/Dokumente/TeleNav/install/cpp_package/share/cpp_package/local_setup.zsh
[4.001s] -- Up-to-date: /media/ros/fedora/home/maylis/Dokumente/TeleNav/install/cpp_package/share/cpp_package/local_setup.dsv
[4.001s] -- Installing: /media/ros/fedora/home/maylis/Dokumente/TeleNav/install/cpp_package/share/cpp_package/package.dsv
[4.001s] -- Up-to-date: /media/ros/fedora/home/maylis/Dokumente/TeleNav/install/cpp_package/share/ament_index/resource_index/packages/cpp_package
[4.001s] -- Up-to-date: /media/ros/fedora/home/maylis/Dokumente/TeleNav/install/cpp_package/share/cpp_package/cmake/cpp_packageConfig.cmake
[4.001s] -- Up-to-date: /media/ros/fedora/home/maylis/Dokumente/TeleNav/install/cpp_package/share/cpp_package/cmake/cpp_packageConfig-version.cmake
[4.001s] -- Up-to-date: /media/ros/fedora/home/maylis/Dokumente/TeleNav/install/cpp_package/share/cpp_package/package.xml
[4.003s] Invoked command in '/media/ros/fedora/home/maylis/Dokumente/TeleNav/build/cpp_package' returned '0': CMAKE_PREFIX_PATH=/opt/ros/humble /usr/bin/cmake --install /media/ros/fedora/home/maylis/Dokumente/TeleNav/build/cpp_package
