[0.511s] Invoking command in '/media/ros/fedora/home/maylis/Dokumente/TeleNav/turtle_follower_ws/src/turtle_spawner': PYTHONPATH=/media/ros/fedora/home/maylis/Dokumente/TeleNav/turtle_follower_ws/src/build/turtle_spawner/prefix_override:/usr/lib/python3/dist-packages/colcon_core/task/python/colcon_distutils_commands:/media/ros/fedora/home/maylis/Dokumente/TeleNav/turtle_follower_ws/src/install/turtle_spawner/lib/python3.10/site-packages:${PYTHONPATH} /usr/bin/python3 -W ignore:setup.py install is deprecated -W ignore:easy_install command is deprecated setup.py egg_info --egg-base ../build/turtle_spawner build --build-base /media/ros/fedora/home/maylis/Dokumente/TeleNav/turtle_follower_ws/src/build/turtle_spawner/build install --record /media/ros/fedora/home/maylis/Dokumente/TeleNav/turtle_follower_ws/src/build/turtle_spawner/install.log --single-version-externally-managed install_data
[0.701s] running egg_info
[0.701s] creating ../build/turtle_spawner/turtle_spawner.egg-info
[0.702s] writing ../build/turtle_spawner/turtle_spawner.egg-info/PKG-INFO
[0.702s] writing dependency_links to ../build/turtle_spawner/turtle_spawner.egg-info/dependency_links.txt
[0.702s] writing entry points to ../build/turtle_spawner/turtle_spawner.egg-info/entry_points.txt
[0.702s] writing requirements to ../build/turtle_spawner/turtle_spawner.egg-info/requires.txt
[0.702s] writing top-level names to ../build/turtle_spawner/turtle_spawner.egg-info/top_level.txt
[0.702s] writing manifest file '../build/turtle_spawner/turtle_spawner.egg-info/SOURCES.txt'
[0.703s] reading manifest file '../build/turtle_spawner/turtle_spawner.egg-info/SOURCES.txt'
[0.704s] writing manifest file '../build/turtle_spawner/turtle_spawner.egg-info/SOURCES.txt'
[0.704s] running build
[0.704s] running build_py
[0.704s] creating /media/ros/fedora/home/maylis/Dokumente/TeleNav/turtle_follower_ws/src/build/turtle_spawner/build
[0.704s] creating /media/ros/fedora/home/maylis/Dokumente/TeleNav/turtle_follower_ws/src/build/turtle_spawner/build/lib
[0.704s] creating /media/ros/fedora/home/maylis/Dokumente/TeleNav/turtle_follower_ws/src/build/turtle_spawner/build/lib/turtle_spawner
[0.704s] copying turtle_spawner/__init__.py -> /media/ros/fedora/home/maylis/Dokumente/TeleNav/turtle_follower_ws/src/build/turtle_spawner/build/lib/turtle_spawner
[0.704s] copying turtle_spawner/spawner.py -> /media/ros/fedora/home/maylis/Dokumente/TeleNav/turtle_follower_ws/src/build/turtle_spawner/build/lib/turtle_spawner
[0.704s] running install
[0.705s] running install_lib
[0.705s] creating /media/ros/fedora/home/maylis/Dokumente/TeleNav/turtle_follower_ws/src/install/turtle_spawner/lib/python3.10/site-packages/turtle_spawner
[0.705s] copying /media/ros/fedora/home/maylis/Dokumente/TeleNav/turtle_follower_ws/src/build/turtle_spawner/build/lib/turtle_spawner/__init__.py -> /media/ros/fedora/home/maylis/Dokumente/TeleNav/turtle_follower_ws/src/install/turtle_spawner/lib/python3.10/site-packages/turtle_spawner
[0.705s] copying /media/ros/fedora/home/maylis/Dokumente/TeleNav/turtle_follower_ws/src/build/turtle_spawner/build/lib/turtle_spawner/spawner.py -> /media/ros/fedora/home/maylis/Dokumente/TeleNav/turtle_follower_ws/src/install/turtle_spawner/lib/python3.10/site-packages/turtle_spawner
[0.706s] byte-compiling /media/ros/fedora/home/maylis/Dokumente/TeleNav/turtle_follower_ws/src/install/turtle_spawner/lib/python3.10/site-packages/turtle_spawner/__init__.py to __init__.cpython-310.pyc
[0.706s] byte-compiling /media/ros/fedora/home/maylis/Dokumente/TeleNav/turtle_follower_ws/src/install/turtle_spawner/lib/python3.10/site-packages/turtle_spawner/spawner.py to spawner.cpython-310.pyc
[0.706s] running install_data
[0.706s] creating /media/ros/fedora/home/maylis/Dokumente/TeleNav/turtle_follower_ws/src/install/turtle_spawner/share/ament_index
[0.706s] creating /media/ros/fedora/home/maylis/Dokumente/TeleNav/turtle_follower_ws/src/install/turtle_spawner/share/ament_index/resource_index
[0.706s] creating /media/ros/fedora/home/maylis/Dokumente/TeleNav/turtle_follower_ws/src/install/turtle_spawner/share/ament_index/resource_index/packages
[0.706s] copying resource/turtle_spawner -> /media/ros/fedora/home/maylis/Dokumente/TeleNav/turtle_follower_ws/src/install/turtle_spawner/share/ament_index/resource_index/packages
[0.706s] copying package.xml -> /media/ros/fedora/home/maylis/Dokumente/TeleNav/turtle_follower_ws/src/install/turtle_spawner/share/turtle_spawner
[0.707s] running install_egg_info
[0.710s] Copying ../build/turtle_spawner/turtle_spawner.egg-info to /media/ros/fedora/home/maylis/Dokumente/TeleNav/turtle_follower_ws/src/install/turtle_spawner/lib/python3.10/site-packages/turtle_spawner-0.0.0-py3.10.egg-info
[0.710s] running install_scripts
[0.729s] writing list of installed files to '/media/ros/fedora/home/maylis/Dokumente/TeleNav/turtle_follower_ws/src/build/turtle_spawner/install.log'
[0.759s] Invoked command in '/media/ros/fedora/home/maylis/Dokumente/TeleNav/turtle_follower_ws/src/turtle_spawner' returned '0': PYTHONPATH=/media/ros/fedora/home/maylis/Dokumente/TeleNav/turtle_follower_ws/src/build/turtle_spawner/prefix_override:/usr/lib/python3/dist-packages/colcon_core/task/python/colcon_distutils_commands:/media/ros/fedora/home/maylis/Dokumente/TeleNav/turtle_follower_ws/src/install/turtle_spawner/lib/python3.10/site-packages:${PYTHONPATH} /usr/bin/python3 -W ignore:setup.py install is deprecated -W ignore:easy_install command is deprecated setup.py egg_info --egg-base ../build/turtle_spawner build --build-base /media/ros/fedora/home/maylis/Dokumente/TeleNav/turtle_follower_ws/src/build/turtle_spawner/build install --record /media/ros/fedora/home/maylis/Dokumente/TeleNav/turtle_follower_ws/src/build/turtle_spawner/install.log --single-version-externally-managed install_data
