[0.018s] Invoking command in '/media/ros/fedora/home/maylis/Dokumente/TeleNav/simulation_ws/src/simulation_bringup/build/simulation_bringup': CMAKE_PREFIX_PATH=${CMAKE_PREFIX_PATH}:/media/ros/fedora/home/maylis/Dokumente/TeleNav/install/turtle_spawner:/media/ros/fedora/home/maylis/Dokumente/TeleNav/install/turtle_controller:/media/ros/fedora/home/maylis/Dokumente/TeleNav/install/my_robot_controller:/opt/ros/humble /usr/bin/cmake --build /media/ros/fedora/home/maylis/Dokumente/TeleNav/simulation_ws/src/simulation_bringup/build/simulation_bringup -- -j6 -l6
[0.073s] Invoked command in '/media/ros/fedora/home/maylis/Dokumente/TeleNav/simulation_ws/src/simulation_bringup/build/simulation_bringup' returned '0': CMAKE_PREFIX_PATH=${CMAKE_PREFIX_PATH}:/media/ros/fedora/home/maylis/Dokumente/TeleNav/install/turtle_spawner:/media/ros/fedora/home/maylis/Dokumente/TeleNav/install/turtle_controller:/media/ros/fedora/home/maylis/Dokumente/TeleNav/install/my_robot_controller:/opt/ros/humble /usr/bin/cmake --build /media/ros/fedora/home/maylis/Dokumente/TeleNav/simulation_ws/src/simulation_bringup/build/simulation_bringup -- -j6 -l6
[0.088s] Invoking command in '/media/ros/fedora/home/maylis/Dokumente/TeleNav/simulation_ws/src/simulation_bringup/build/simulation_bringup': CMAKE_PREFIX_PATH=${CMAKE_PREFIX_PATH}:/media/ros/fedora/home/maylis/Dokumente/TeleNav/install/turtle_spawner:/media/ros/fedora/home/maylis/Dokumente/TeleNav/install/turtle_controller:/media/ros/fedora/home/maylis/Dokumente/TeleNav/install/my_robot_controller:/opt/ros/humble /usr/bin/cmake --install /media/ros/fedora/home/maylis/Dokumente/TeleNav/simulation_ws/src/simulation_bringup/build/simulation_bringup
[0.097s] -- Install configuration: ""
[0.098s] -- Execute custom install script
[0.098s] [33mCMake Warning (dev) at ament_cmake_symlink_install/ament_cmake_symlink_install.cmake:62 (file):
[0.099s]   Policy CMP0009 is not set: FILE GLOB_RECURSE calls should not follow
[0.099s]   symlinks by default.  Run "cmake --help-policy CMP0009" for policy details.
[0.099s]   Use the cmake_policy command to set the policy and suppress this warning.
[0.099s] Call Stack (most recent call first):
[0.099s]   ament_cmake_symlink_install/ament_cmake_symlink_install.cmake:314 (ament_cmake_symlink_install_directory)
[0.099s]   cmake_install.cmake:46 (include)
[0.099s] This warning is for project developers.  Use -Wno-dev to suppress it.
[0.099s] [0m
[0.099s] -- Up-to-date symlink: /media/ros/fedora/home/maylis/Dokumente/TeleNav/simulation_ws/src/simulation_bringup/install/simulation_bringup/share/simulation_bringup/launch/build/.built_by
[0.099s] -- Up-to-date symlink: /media/ros/fedora/home/maylis/Dokumente/TeleNav/simulation_ws/src/simulation_bringup/install/simulation_bringup/share/simulation_bringup/launch/build/COLCON_IGNORE
[0.100s] -- Up-to-date symlink: /media/ros/fedora/home/maylis/Dokumente/TeleNav/simulation_ws/src/simulation_bringup/install/simulation_bringup/share/simulation_bringup/launch/course_simple.launch.xml
[0.100s] -- Up-to-date symlink: /media/ros/fedora/home/maylis/Dokumente/TeleNav/simulation_ws/src/simulation_bringup/install/simulation_bringup/share/simulation_bringup/launch/install/.colcon_install_layout
[0.100s] -- Up-to-date symlink: /media/ros/fedora/home/maylis/Dokumente/TeleNav/simulation_ws/src/simulation_bringup/install/simulation_bringup/share/simulation_bringup/launch/install/COLCON_IGNORE
[0.100s] -- Up-to-date symlink: /media/ros/fedora/home/maylis/Dokumente/TeleNav/simulation_ws/src/simulation_bringup/install/simulation_bringup/share/simulation_bringup/launch/install/_local_setup_util_ps1.py
[0.100s] -- Up-to-date symlink: /media/ros/fedora/home/maylis/Dokumente/TeleNav/simulation_ws/src/simulation_bringup/install/simulation_bringup/share/simulation_bringup/launch/install/_local_setup_util_sh.py
[0.100s] -- Up-to-date symlink: /media/ros/fedora/home/maylis/Dokumente/TeleNav/simulation_ws/src/simulation_bringup/install/simulation_bringup/share/simulation_bringup/launch/install/local_setup.bash
[0.100s] -- Up-to-date symlink: /media/ros/fedora/home/maylis/Dokumente/TeleNav/simulation_ws/src/simulation_bringup/install/simulation_bringup/share/simulation_bringup/launch/install/local_setup.ps1
[0.101s] -- Up-to-date symlink: /media/ros/fedora/home/maylis/Dokumente/TeleNav/simulation_ws/src/simulation_bringup/install/simulation_bringup/share/simulation_bringup/launch/install/local_setup.sh
[0.101s] -- Up-to-date symlink: /media/ros/fedora/home/maylis/Dokumente/TeleNav/simulation_ws/src/simulation_bringup/install/simulation_bringup/share/simulation_bringup/launch/install/local_setup.zsh
[0.101s] -- Up-to-date symlink: /media/ros/fedora/home/maylis/Dokumente/TeleNav/simulation_ws/src/simulation_bringup/install/simulation_bringup/share/simulation_bringup/launch/install/setup.bash
[0.101s] -- Up-to-date symlink: /media/ros/fedora/home/maylis/Dokumente/TeleNav/simulation_ws/src/simulation_bringup/install/simulation_bringup/share/simulation_bringup/launch/install/setup.ps1
[0.101s] -- Up-to-date symlink: /media/ros/fedora/home/maylis/Dokumente/TeleNav/simulation_ws/src/simulation_bringup/install/simulation_bringup/share/simulation_bringup/launch/install/setup.sh
[0.101s] -- Up-to-date symlink: /media/ros/fedora/home/maylis/Dokumente/TeleNav/simulation_ws/src/simulation_bringup/install/simulation_bringup/share/simulation_bringup/launch/install/setup.zsh
[0.101s] -- Up-to-date symlink: /media/ros/fedora/home/maylis/Dokumente/TeleNav/simulation_ws/src/simulation_bringup/install/simulation_bringup/share/simulation_bringup/launch/log/COLCON_IGNORE
[0.101s] -- Up-to-date symlink: /media/ros/fedora/home/maylis/Dokumente/TeleNav/simulation_ws/src/simulation_bringup/install/simulation_bringup/share/simulation_bringup/launch/log/build_2025-07-08_14-21-47/events.log
[0.102s] -- Up-to-date symlink: /media/ros/fedora/home/maylis/Dokumente/TeleNav/simulation_ws/src/simulation_bringup/install/simulation_bringup/share/simulation_bringup/launch/log/build_2025-07-08_14-21-47/logger_all.log
[0.102s] -- Up-to-date symlink: /media/ros/fedora/home/maylis/Dokumente/TeleNav/simulation_ws/src/simulation_bringup/install/simulation_bringup/share/simulation_bringup/launch/log/latest/events.log
[0.102s] -- Up-to-date symlink: /media/ros/fedora/home/maylis/Dokumente/TeleNav/simulation_ws/src/simulation_bringup/install/simulation_bringup/share/simulation_bringup/launch/log/latest/logger_all.log
[0.102s] -- Up-to-date symlink: /media/ros/fedora/home/maylis/Dokumente/TeleNav/simulation_ws/src/simulation_bringup/install/simulation_bringup/share/simulation_bringup/launch/log/latest_build/events.log
[0.102s] -- Up-to-date symlink: /media/ros/fedora/home/maylis/Dokumente/TeleNav/simulation_ws/src/simulation_bringup/install/simulation_bringup/share/simulation_bringup/launch/log/latest_build/logger_all.log
[0.102s] -- Up-to-date symlink: /media/ros/fedora/home/maylis/Dokumente/TeleNav/simulation_ws/src/simulation_bringup/install/simulation_bringup/share/simulation_bringup/launch/simple.launch.xml
[0.102s] -- Up-to-date symlink: /media/ros/fedora/home/maylis/Dokumente/TeleNav/simulation_ws/src/simulation_bringup/install/simulation_bringup/share/simulation_bringup/launch/simulation_gazebo_launch.xml
[0.103s] -- Up-to-date symlink: /media/ros/fedora/home/maylis/Dokumente/TeleNav/simulation_ws/src/simulation_bringup/install/simulation_bringup/share/ament_index/resource_index/package_run_dependencies/simulation_bringup
[0.103s] -- Up-to-date symlink: /media/ros/fedora/home/maylis/Dokumente/TeleNav/simulation_ws/src/simulation_bringup/install/simulation_bringup/share/ament_index/resource_index/parent_prefix_path/simulation_bringup
[0.103s] -- Up-to-date symlink: /media/ros/fedora/home/maylis/Dokumente/TeleNav/simulation_ws/src/simulation_bringup/install/simulation_bringup/share/simulation_bringup/environment/ament_prefix_path.sh
[0.103s] -- Up-to-date symlink: /media/ros/fedora/home/maylis/Dokumente/TeleNav/simulation_ws/src/simulation_bringup/install/simulation_bringup/share/simulation_bringup/environment/ament_prefix_path.dsv
[0.103s] -- Up-to-date symlink: /media/ros/fedora/home/maylis/Dokumente/TeleNav/simulation_ws/src/simulation_bringup/install/simulation_bringup/share/simulation_bringup/environment/path.sh
[0.104s] -- Up-to-date symlink: /media/ros/fedora/home/maylis/Dokumente/TeleNav/simulation_ws/src/simulation_bringup/install/simulation_bringup/share/simulation_bringup/environment/path.dsv
[0.104s] -- Up-to-date symlink: /media/ros/fedora/home/maylis/Dokumente/TeleNav/simulation_ws/src/simulation_bringup/install/simulation_bringup/share/simulation_bringup/local_setup.bash
[0.104s] -- Up-to-date symlink: /media/ros/fedora/home/maylis/Dokumente/TeleNav/simulation_ws/src/simulation_bringup/install/simulation_bringup/share/simulation_bringup/local_setup.sh
[0.105s] -- Up-to-date symlink: /media/ros/fedora/home/maylis/Dokumente/TeleNav/simulation_ws/src/simulation_bringup/install/simulation_bringup/share/simulation_bringup/local_setup.zsh
[0.105s] -- Up-to-date symlink: /media/ros/fedora/home/maylis/Dokumente/TeleNav/simulation_ws/src/simulation_bringup/install/simulation_bringup/share/simulation_bringup/local_setup.dsv
[0.105s] -- Symlinking: /media/ros/fedora/home/maylis/Dokumente/TeleNav/simulation_ws/src/simulation_bringup/install/simulation_bringup/share/simulation_bringup/package.dsv
[0.117s] -- Up-to-date symlink: /media/ros/fedora/home/maylis/Dokumente/TeleNav/simulation_ws/src/simulation_bringup/install/simulation_bringup/share/ament_index/resource_index/packages/simulation_bringup
[0.117s] -- Up-to-date symlink: /media/ros/fedora/home/maylis/Dokumente/TeleNav/simulation_ws/src/simulation_bringup/install/simulation_bringup/share/simulation_bringup/cmake/simulation_bringupConfig.cmake
[0.118s] -- Up-to-date symlink: /media/ros/fedora/home/maylis/Dokumente/TeleNav/simulation_ws/src/simulation_bringup/install/simulation_bringup/share/simulation_bringup/cmake/simulation_bringupConfig-version.cmake
[0.118s] -- Up-to-date symlink: /media/ros/fedora/home/maylis/Dokumente/TeleNav/simulation_ws/src/simulation_bringup/install/simulation_bringup/share/simulation_bringup/package.xml
[0.121s] Invoked command in '/media/ros/fedora/home/maylis/Dokumente/TeleNav/simulation_ws/src/simulation_bringup/build/simulation_bringup' returned '0': CMAKE_PREFIX_PATH=${CMAKE_PREFIX_PATH}:/media/ros/fedora/home/maylis/Dokumente/TeleNav/install/turtle_spawner:/media/ros/fedora/home/maylis/Dokumente/TeleNav/install/turtle_controller:/media/ros/fedora/home/maylis/Dokumente/TeleNav/install/my_robot_controller:/opt/ros/humble /usr/bin/cmake --install /media/ros/fedora/home/maylis/Dokumente/TeleNav/simulation_ws/src/simulation_bringup/build/simulation_bringup
