[0.052s] Invoking command in '/media/ros/fedora/home/maylis/Dokumente/TeleNav/build/turtle_interfaces': CMAKE_PREFIX_PATH=${CMAKE_PREFIX_PATH}:/media/ros/fedora/home/maylis/Dokumente/TeleNav/install/turtle_controller:/media/ros/fedora/home/maylis/Dokumente/TeleNav/install/turtle_spawner:/media/ros/fedora/home/maylis/Dokumente/TeleNav/install/my_robot_controller:/opt/ros/humble /usr/bin/cmake --build /media/ros/fedora/home/maylis/Dokumente/TeleNav/build/turtle_interfaces -- -j6 -l6
[0.430s] [  2%] Built target turtle_interfaces__cpp
[0.431s] [ 12%] Built target turtle_interfaces__rosidl_generator_c
[0.431s] [ 12%] Built target ament_cmake_python_copy_turtle_interfaces
[0.431s] [ 23%] Built target turtle_interfaces__rosidl_typesupport_cpp
[0.431s] [ 34%] Built target turtle_interfaces__rosidl_typesupport_introspection_c
[0.431s] [ 44%] Built target turtle_interfaces__rosidl_typesupport_introspection_cpp
[0.431s] [ 55%] Built target turtle_interfaces__rosidl_typesupport_fastrtps_cpp
[0.431s] [ 65%] Built target turtle_interfaces__rosidl_typesupport_fastrtps_c
[0.432s] [ 76%] Built target turtle_interfaces__rosidl_typesupport_c
[0.432s] [ 76%] Built target turtle_interfaces
[0.432s] [ 78%] Built target turtle_interfaces__py
[0.432s] [ 87%] Built target turtle_interfaces__rosidl_generator_py
[0.432s] [ 93%] Built target turtle_interfaces__rosidl_typesupport_introspection_c__pyext
[0.432s] [ 95%] Built target turtle_interfaces__rosidl_typesupport_fastrtps_c__pyext
[0.432s] [100%] Built target turtle_interfaces__rosidl_typesupport_c__pyext
[0.530s] running egg_info
[0.530s] writing turtle_interfaces.egg-info/PKG-INFO
[0.531s] writing dependency_links to turtle_interfaces.egg-info/dependency_links.txt
[0.531s] writing top-level names to turtle_interfaces.egg-info/top_level.txt
[0.540s] reading manifest file 'turtle_interfaces.egg-info/SOURCES.txt'
[0.542s] writing manifest file 'turtle_interfaces.egg-info/SOURCES.txt'
[0.586s] [100%] Built target ament_cmake_python_build_turtle_interfaces_egg
[0.814s] Invoked command in '/media/ros/fedora/home/maylis/Dokumente/TeleNav/build/turtle_interfaces' returned '0': CMAKE_PREFIX_PATH=${CMAKE_PREFIX_PATH}:/media/ros/fedora/home/maylis/Dokumente/TeleNav/install/turtle_controller:/media/ros/fedora/home/maylis/Dokumente/TeleNav/install/turtle_spawner:/media/ros/fedora/home/maylis/Dokumente/TeleNav/install/my_robot_controller:/opt/ros/humble /usr/bin/cmake --build /media/ros/fedora/home/maylis/Dokumente/TeleNav/build/turtle_interfaces -- -j6 -l6
[0.815s] Invoking command in '/media/ros/fedora/home/maylis/Dokumente/TeleNav/build/turtle_interfaces': CMAKE_PREFIX_PATH=${CMAKE_PREFIX_PATH}:/media/ros/fedora/home/maylis/Dokumente/TeleNav/install/turtle_controller:/media/ros/fedora/home/maylis/Dokumente/TeleNav/install/turtle_spawner:/media/ros/fedora/home/maylis/Dokumente/TeleNav/install/my_robot_controller:/opt/ros/humble /usr/bin/cmake --install /media/ros/fedora/home/maylis/Dokumente/TeleNav/build/turtle_interfaces
[0.844s] -- Install configuration: ""
[0.844s] -- Up-to-date: /media/ros/fedora/home/maylis/Dokumente/TeleNav/install/turtle_interfaces/share/ament_index/resource_index/rosidl_interfaces/turtle_interfaces
[0.844s] -- Up-to-date: /media/ros/fedora/home/maylis/Dokumente/TeleNav/install/turtle_interfaces/include/turtle_interfaces/turtle_interfaces
[0.844s] -- Up-to-date: /media/ros/fedora/home/maylis/Dokumente/TeleNav/install/turtle_interfaces/include/turtle_interfaces/turtle_interfaces/msg
[0.844s] -- Up-to-date: /media/ros/fedora/home/maylis/Dokumente/TeleNav/install/turtle_interfaces/include/turtle_interfaces/turtle_interfaces/msg/rosidl_generator_c__visibility_control.h
[0.844s] -- Up-to-date: /media/ros/fedora/home/maylis/Dokumente/TeleNav/install/turtle_interfaces/include/turtle_interfaces/turtle_interfaces/msg/turtle_position.h
[0.845s] -- Up-to-date: /media/ros/fedora/home/maylis/Dokumente/TeleNav/install/turtle_interfaces/include/turtle_interfaces/turtle_interfaces/msg/detail
[0.845s] -- Up-to-date: /media/ros/fedora/home/maylis/Dokumente/TeleNav/install/turtle_interfaces/include/turtle_interfaces/turtle_interfaces/msg/detail/turtle_position__functions.c
[0.845s] -- Up-to-date: /media/ros/fedora/home/maylis/Dokumente/TeleNav/install/turtle_interfaces/include/turtle_interfaces/turtle_interfaces/msg/detail/turtle_position__functions.h
[0.845s] -- Up-to-date: /media/ros/fedora/home/maylis/Dokumente/TeleNav/install/turtle_interfaces/include/turtle_interfaces/turtle_interfaces/msg/detail/turtle_position__struct.h
[0.845s] -- Up-to-date: /media/ros/fedora/home/maylis/Dokumente/TeleNav/install/turtle_interfaces/include/turtle_interfaces/turtle_interfaces/msg/detail/turtle_position__type_support.h
[0.845s] -- Up-to-date: /media/ros/fedora/home/maylis/Dokumente/TeleNav/install/turtle_interfaces/include/turtle_interfaces/turtle_interfaces/msg/detail/turtles_alive__functions.c
[0.845s] -- Up-to-date: /media/ros/fedora/home/maylis/Dokumente/TeleNav/install/turtle_interfaces/include/turtle_interfaces/turtle_interfaces/msg/detail/turtles_alive__functions.h
[0.845s] -- Up-to-date: /media/ros/fedora/home/maylis/Dokumente/TeleNav/install/turtle_interfaces/include/turtle_interfaces/turtle_interfaces/msg/detail/turtles_alive__struct.h
[0.846s] -- Up-to-date: /media/ros/fedora/home/maylis/Dokumente/TeleNav/install/turtle_interfaces/include/turtle_interfaces/turtle_interfaces/msg/detail/turtles_alive__type_support.h
[0.846s] -- Up-to-date: /media/ros/fedora/home/maylis/Dokumente/TeleNav/install/turtle_interfaces/include/turtle_interfaces/turtle_interfaces/msg/turtles_alive.h
[0.846s] -- Up-to-date: /media/ros/fedora/home/maylis/Dokumente/TeleNav/install/turtle_interfaces/include/turtle_interfaces/turtle_interfaces/srv
[0.846s] -- Up-to-date: /media/ros/fedora/home/maylis/Dokumente/TeleNav/install/turtle_interfaces/include/turtle_interfaces/turtle_interfaces/srv/catch.h
[0.846s] -- Up-to-date: /media/ros/fedora/home/maylis/Dokumente/TeleNav/install/turtle_interfaces/include/turtle_interfaces/turtle_interfaces/srv/detail
[0.848s] -- Up-to-date: /media/ros/fedora/home/maylis/Dokumente/TeleNav/install/turtle_interfaces/include/turtle_interfaces/turtle_interfaces/srv/detail/catch__functions.c
[0.849s] -- Up-to-date: /media/ros/fedora/home/maylis/Dokumente/TeleNav/install/turtle_interfaces/include/turtle_interfaces/turtle_interfaces/srv/detail/catch__functions.h
[0.849s] -- Up-to-date: /media/ros/fedora/home/maylis/Dokumente/TeleNav/install/turtle_interfaces/include/turtle_interfaces/turtle_interfaces/srv/detail/catch__struct.h
[0.849s] -- Up-to-date: /media/ros/fedora/home/maylis/Dokumente/TeleNav/install/turtle_interfaces/include/turtle_interfaces/turtle_interfaces/srv/detail/catch__type_support.h
[0.852s] -- Up-to-date: /media/ros/fedora/home/maylis/Dokumente/TeleNav/install/turtle_interfaces/share/turtle_interfaces/environment/library_path.sh
[0.852s] -- Up-to-date: /media/ros/fedora/home/maylis/Dokumente/TeleNav/install/turtle_interfaces/share/turtle_interfaces/environment/library_path.dsv
[0.852s] -- Up-to-date: /media/ros/fedora/home/maylis/Dokumente/TeleNav/install/turtle_interfaces/lib/libturtle_interfaces__rosidl_generator_c.so
[0.852s] -- Up-to-date: /media/ros/fedora/home/maylis/Dokumente/TeleNav/install/turtle_interfaces/include/turtle_interfaces/turtle_interfaces
[0.852s] -- Up-to-date: /media/ros/fedora/home/maylis/Dokumente/TeleNav/install/turtle_interfaces/include/turtle_interfaces/turtle_interfaces/msg
[0.852s] -- Up-to-date: /media/ros/fedora/home/maylis/Dokumente/TeleNav/install/turtle_interfaces/include/turtle_interfaces/turtle_interfaces/msg/rosidl_typesupport_fastrtps_c__visibility_control.h
[0.853s] -- Up-to-date: /media/ros/fedora/home/maylis/Dokumente/TeleNav/install/turtle_interfaces/include/turtle_interfaces/turtle_interfaces/msg/detail
[0.853s] -- Up-to-date: /media/ros/fedora/home/maylis/Dokumente/TeleNav/install/turtle_interfaces/include/turtle_interfaces/turtle_interfaces/msg/detail/turtle_position__rosidl_typesupport_fastrtps_c.h
[0.853s] -- Up-to-date: /media/ros/fedora/home/maylis/Dokumente/TeleNav/install/turtle_interfaces/include/turtle_interfaces/turtle_interfaces/msg/detail/turtles_alive__rosidl_typesupport_fastrtps_c.h
[0.853s] -- Up-to-date: /media/ros/fedora/home/maylis/Dokumente/TeleNav/install/turtle_interfaces/include/turtle_interfaces/turtle_interfaces/srv
[0.853s] -- Up-to-date: /media/ros/fedora/home/maylis/Dokumente/TeleNav/install/turtle_interfaces/include/turtle_interfaces/turtle_interfaces/srv/detail
[0.853s] -- Up-to-date: /media/ros/fedora/home/maylis/Dokumente/TeleNav/install/turtle_interfaces/include/turtle_interfaces/turtle_interfaces/srv/detail/catch__rosidl_typesupport_fastrtps_c.h
[0.853s] -- Up-to-date: /media/ros/fedora/home/maylis/Dokumente/TeleNav/install/turtle_interfaces/lib/libturtle_interfaces__rosidl_typesupport_fastrtps_c.so
[0.853s] -- Up-to-date: /media/ros/fedora/home/maylis/Dokumente/TeleNav/install/turtle_interfaces/include/turtle_interfaces/turtle_interfaces
[0.853s] -- Up-to-date: /media/ros/fedora/home/maylis/Dokumente/TeleNav/install/turtle_interfaces/include/turtle_interfaces/turtle_interfaces/msg
[0.853s] -- Up-to-date: /media/ros/fedora/home/maylis/Dokumente/TeleNav/install/turtle_interfaces/include/turtle_interfaces/turtle_interfaces/msg/rosidl_typesupport_introspection_c__visibility_control.h
[0.853s] -- Up-to-date: /media/ros/fedora/home/maylis/Dokumente/TeleNav/install/turtle_interfaces/include/turtle_interfaces/turtle_interfaces/msg/detail
[0.853s] -- Up-to-date: /media/ros/fedora/home/maylis/Dokumente/TeleNav/install/turtle_interfaces/include/turtle_interfaces/turtle_interfaces/msg/detail/turtle_position__rosidl_typesupport_introspection_c.h
[0.854s] -- Up-to-date: /media/ros/fedora/home/maylis/Dokumente/TeleNav/install/turtle_interfaces/include/turtle_interfaces/turtle_interfaces/msg/detail/turtle_position__type_support.c
[0.854s] -- Up-to-date: /media/ros/fedora/home/maylis/Dokumente/TeleNav/install/turtle_interfaces/include/turtle_interfaces/turtle_interfaces/msg/detail/turtles_alive__rosidl_typesupport_introspection_c.h
[0.854s] -- Up-to-date: /media/ros/fedora/home/maylis/Dokumente/TeleNav/install/turtle_interfaces/include/turtle_interfaces/turtle_interfaces/msg/detail/turtles_alive__type_support.c
[0.854s] -- Up-to-date: /media/ros/fedora/home/maylis/Dokumente/TeleNav/install/turtle_interfaces/include/turtle_interfaces/turtle_interfaces/srv
[0.854s] -- Up-to-date: /media/ros/fedora/home/maylis/Dokumente/TeleNav/install/turtle_interfaces/include/turtle_interfaces/turtle_interfaces/srv/detail
[0.854s] -- Up-to-date: /media/ros/fedora/home/maylis/Dokumente/TeleNav/install/turtle_interfaces/include/turtle_interfaces/turtle_interfaces/srv/detail/catch__rosidl_typesupport_introspection_c.h
[0.854s] -- Up-to-date: /media/ros/fedora/home/maylis/Dokumente/TeleNav/install/turtle_interfaces/include/turtle_interfaces/turtle_interfaces/srv/detail/catch__type_support.c
[0.854s] -- Up-to-date: /media/ros/fedora/home/maylis/Dokumente/TeleNav/install/turtle_interfaces/lib/libturtle_interfaces__rosidl_typesupport_introspection_c.so
[0.861s] -- Up-to-date: /media/ros/fedora/home/maylis/Dokumente/TeleNav/install/turtle_interfaces/lib/libturtle_interfaces__rosidl_typesupport_c.so
[0.861s] -- Up-to-date: /media/ros/fedora/home/maylis/Dokumente/TeleNav/install/turtle_interfaces/include/turtle_interfaces/turtle_interfaces
[0.862s] -- Up-to-date: /media/ros/fedora/home/maylis/Dokumente/TeleNav/install/turtle_interfaces/include/turtle_interfaces/turtle_interfaces/msg
[0.863s] -- Up-to-date: /media/ros/fedora/home/maylis/Dokumente/TeleNav/install/turtle_interfaces/include/turtle_interfaces/turtle_interfaces/msg/rosidl_generator_cpp__visibility_control.hpp
[0.864s] -- Up-to-date: /media/ros/fedora/home/maylis/Dokumente/TeleNav/install/turtle_interfaces/include/turtle_interfaces/turtle_interfaces/msg/detail
[0.864s] -- Up-to-date: /media/ros/fedora/home/maylis/Dokumente/TeleNav/install/turtle_interfaces/include/turtle_interfaces/turtle_interfaces/msg/detail/turtle_position__builder.hpp
[0.864s] -- Up-to-date: /media/ros/fedora/home/maylis/Dokumente/TeleNav/install/turtle_interfaces/include/turtle_interfaces/turtle_interfaces/msg/detail/turtle_position__struct.hpp
[0.865s] -- Up-to-date: /media/ros/fedora/home/maylis/Dokumente/TeleNav/install/turtle_interfaces/include/turtle_interfaces/turtle_interfaces/msg/detail/turtle_position__traits.hpp
[0.865s] -- Up-to-date: /media/ros/fedora/home/maylis/Dokumente/TeleNav/install/turtle_interfaces/include/turtle_interfaces/turtle_interfaces/msg/detail/turtle_position__type_support.hpp
[0.866s] -- Up-to-date: /media/ros/fedora/home/maylis/Dokumente/TeleNav/install/turtle_interfaces/include/turtle_interfaces/turtle_interfaces/msg/detail/turtles_alive__builder.hpp
[0.866s] -- Up-to-date: /media/ros/fedora/home/maylis/Dokumente/TeleNav/install/turtle_interfaces/include/turtle_interfaces/turtle_interfaces/msg/detail/turtles_alive__struct.hpp
[0.866s] -- Up-to-date: /media/ros/fedora/home/maylis/Dokumente/TeleNav/install/turtle_interfaces/include/turtle_interfaces/turtle_interfaces/msg/detail/turtles_alive__traits.hpp
[0.866s] -- Up-to-date: /media/ros/fedora/home/maylis/Dokumente/TeleNav/install/turtle_interfaces/include/turtle_interfaces/turtle_interfaces/msg/detail/turtles_alive__type_support.hpp
[0.866s] -- Up-to-date: /media/ros/fedora/home/maylis/Dokumente/TeleNav/install/turtle_interfaces/include/turtle_interfaces/turtle_interfaces/msg/turtles_alive.hpp
[0.866s] -- Up-to-date: /media/ros/fedora/home/maylis/Dokumente/TeleNav/install/turtle_interfaces/include/turtle_interfaces/turtle_interfaces/msg/turtle_position.hpp
[0.866s] -- Up-to-date: /media/ros/fedora/home/maylis/Dokumente/TeleNav/install/turtle_interfaces/include/turtle_interfaces/turtle_interfaces/srv
[0.866s] -- Up-to-date: /media/ros/fedora/home/maylis/Dokumente/TeleNav/install/turtle_interfaces/include/turtle_interfaces/turtle_interfaces/srv/catch.hpp
[0.867s] -- Up-to-date: /media/ros/fedora/home/maylis/Dokumente/TeleNav/install/turtle_interfaces/include/turtle_interfaces/turtle_interfaces/srv/detail
[0.868s] -- Up-to-date: /media/ros/fedora/home/maylis/Dokumente/TeleNav/install/turtle_interfaces/include/turtle_interfaces/turtle_interfaces/srv/detail/catch__builder.hpp
[0.868s] -- Up-to-date: /media/ros/fedora/home/maylis/Dokumente/TeleNav/install/turtle_interfaces/include/turtle_interfaces/turtle_interfaces/srv/detail/catch__struct.hpp
[0.868s] -- Up-to-date: /media/ros/fedora/home/maylis/Dokumente/TeleNav/install/turtle_interfaces/include/turtle_interfaces/turtle_interfaces/srv/detail/catch__traits.hpp
[0.868s] -- Up-to-date: /media/ros/fedora/home/maylis/Dokumente/TeleNav/install/turtle_interfaces/include/turtle_interfaces/turtle_interfaces/srv/detail/catch__type_support.hpp
[0.868s] -- Up-to-date: /media/ros/fedora/home/maylis/Dokumente/TeleNav/install/turtle_interfaces/include/turtle_interfaces/turtle_interfaces
[0.868s] -- Up-to-date: /media/ros/fedora/home/maylis/Dokumente/TeleNav/install/turtle_interfaces/include/turtle_interfaces/turtle_interfaces/msg
[0.868s] -- Up-to-date: /media/ros/fedora/home/maylis/Dokumente/TeleNav/install/turtle_interfaces/include/turtle_interfaces/turtle_interfaces/msg/rosidl_typesupport_fastrtps_cpp__visibility_control.h
[0.868s] -- Up-to-date: /media/ros/fedora/home/maylis/Dokumente/TeleNav/install/turtle_interfaces/include/turtle_interfaces/turtle_interfaces/msg/detail
[0.868s] -- Up-to-date: /media/ros/fedora/home/maylis/Dokumente/TeleNav/install/turtle_interfaces/include/turtle_interfaces/turtle_interfaces/msg/detail/turtle_position__rosidl_typesupport_fastrtps_cpp.hpp
[0.868s] -- Up-to-date: /media/ros/fedora/home/maylis/Dokumente/TeleNav/install/turtle_interfaces/include/turtle_interfaces/turtle_interfaces/msg/detail/dds_fastrtps
[0.868s] -- Up-to-date: /media/ros/fedora/home/maylis/Dokumente/TeleNav/install/turtle_interfaces/include/turtle_interfaces/turtle_interfaces/msg/detail/turtles_alive__rosidl_typesupport_fastrtps_cpp.hpp
[0.869s] -- Up-to-date: /media/ros/fedora/home/maylis/Dokumente/TeleNav/install/turtle_interfaces/include/turtle_interfaces/turtle_interfaces/srv
[0.869s] -- Up-to-date: /media/ros/fedora/home/maylis/Dokumente/TeleNav/install/turtle_interfaces/include/turtle_interfaces/turtle_interfaces/srv/detail
[0.869s] -- Up-to-date: /media/ros/fedora/home/maylis/Dokumente/TeleNav/install/turtle_interfaces/include/turtle_interfaces/turtle_interfaces/srv/detail/catch__rosidl_typesupport_fastrtps_cpp.hpp
[0.869s] -- Up-to-date: /media/ros/fedora/home/maylis/Dokumente/TeleNav/install/turtle_interfaces/include/turtle_interfaces/turtle_interfaces/srv/detail/dds_fastrtps
[0.869s] -- Up-to-date: /media/ros/fedora/home/maylis/Dokumente/TeleNav/install/turtle_interfaces/lib/libturtle_interfaces__rosidl_typesupport_fastrtps_cpp.so
[0.869s] -- Up-to-date: /media/ros/fedora/home/maylis/Dokumente/TeleNav/install/turtle_interfaces/include/turtle_interfaces/turtle_interfaces
[0.869s] -- Up-to-date: /media/ros/fedora/home/maylis/Dokumente/TeleNav/install/turtle_interfaces/include/turtle_interfaces/turtle_interfaces/msg
[0.870s] -- Up-to-date: /media/ros/fedora/home/maylis/Dokumente/TeleNav/install/turtle_interfaces/include/turtle_interfaces/turtle_interfaces/msg/detail
[0.873s] -- Up-to-date: /media/ros/fedora/home/maylis/Dokumente/TeleNav/install/turtle_interfaces/include/turtle_interfaces/turtle_interfaces/msg/detail/turtle_position__rosidl_typesupport_introspection_cpp.hpp
[0.873s] -- Up-to-date: /media/ros/fedora/home/maylis/Dokumente/TeleNav/install/turtle_interfaces/include/turtle_interfaces/turtle_interfaces/msg/detail/turtle_position__type_support.cpp
[0.873s] -- Up-to-date: /media/ros/fedora/home/maylis/Dokumente/TeleNav/install/turtle_interfaces/include/turtle_interfaces/turtle_interfaces/msg/detail/turtles_alive__rosidl_typesupport_introspection_cpp.hpp
[0.873s] -- Up-to-date: /media/ros/fedora/home/maylis/Dokumente/TeleNav/install/turtle_interfaces/include/turtle_interfaces/turtle_interfaces/msg/detail/turtles_alive__type_support.cpp
[0.873s] -- Up-to-date: /media/ros/fedora/home/maylis/Dokumente/TeleNav/install/turtle_interfaces/include/turtle_interfaces/turtle_interfaces/srv
[0.873s] -- Up-to-date: /media/ros/fedora/home/maylis/Dokumente/TeleNav/install/turtle_interfaces/include/turtle_interfaces/turtle_interfaces/srv/detail
[0.873s] -- Up-to-date: /media/ros/fedora/home/maylis/Dokumente/TeleNav/install/turtle_interfaces/include/turtle_interfaces/turtle_interfaces/srv/detail/catch__rosidl_typesupport_introspection_cpp.hpp
[0.873s] -- Up-to-date: /media/ros/fedora/home/maylis/Dokumente/TeleNav/install/turtle_interfaces/include/turtle_interfaces/turtle_interfaces/srv/detail/catch__type_support.cpp
[0.874s] -- Up-to-date: /media/ros/fedora/home/maylis/Dokumente/TeleNav/install/turtle_interfaces/lib/libturtle_interfaces__rosidl_typesupport_introspection_cpp.so
[0.874s] -- Up-to-date: /media/ros/fedora/home/maylis/Dokumente/TeleNav/install/turtle_interfaces/lib/libturtle_interfaces__rosidl_typesupport_cpp.so
[0.874s] -- Up-to-date: /media/ros/fedora/home/maylis/Dokumente/TeleNav/install/turtle_interfaces/share/turtle_interfaces/environment/pythonpath.sh
[0.874s] -- Up-to-date: /media/ros/fedora/home/maylis/Dokumente/TeleNav/install/turtle_interfaces/share/turtle_interfaces/environment/pythonpath.dsv
[0.874s] -- Up-to-date: /media/ros/fedora/home/maylis/Dokumente/TeleNav/install/turtle_interfaces/local/lib/python3.10/dist-packages/turtle_interfaces-0.0.0-py3.10.egg-info
[0.874s] -- Installing: /media/ros/fedora/home/maylis/Dokumente/TeleNav/install/turtle_interfaces/local/lib/python3.10/dist-packages/turtle_interfaces-0.0.0-py3.10.egg-info/PKG-INFO
[0.874s] -- Installing: /media/ros/fedora/home/maylis/Dokumente/TeleNav/install/turtle_interfaces/local/lib/python3.10/dist-packages/turtle_interfaces-0.0.0-py3.10.egg-info/dependency_links.txt
[0.874s] -- Installing: /media/ros/fedora/home/maylis/Dokumente/TeleNav/install/turtle_interfaces/local/lib/python3.10/dist-packages/turtle_interfaces-0.0.0-py3.10.egg-info/top_level.txt
[0.874s] -- Installing: /media/ros/fedora/home/maylis/Dokumente/TeleNav/install/turtle_interfaces/local/lib/python3.10/dist-packages/turtle_interfaces-0.0.0-py3.10.egg-info/SOURCES.txt
[0.875s] -- Up-to-date: /media/ros/fedora/home/maylis/Dokumente/TeleNav/install/turtle_interfaces/local/lib/python3.10/dist-packages/turtle_interfaces
[0.875s] -- Up-to-date: /media/ros/fedora/home/maylis/Dokumente/TeleNav/install/turtle_interfaces/local/lib/python3.10/dist-packages/turtle_interfaces/__init__.py
[0.875s] -- Up-to-date: /media/ros/fedora/home/maylis/Dokumente/TeleNav/install/turtle_interfaces/local/lib/python3.10/dist-packages/turtle_interfaces/msg
[0.875s] -- Up-to-date: /media/ros/fedora/home/maylis/Dokumente/TeleNav/install/turtle_interfaces/local/lib/python3.10/dist-packages/turtle_interfaces/msg/_turtle_position.py
[0.875s] -- Up-to-date: /media/ros/fedora/home/maylis/Dokumente/TeleNav/install/turtle_interfaces/local/lib/python3.10/dist-packages/turtle_interfaces/msg/_turtle_position_s.c
[0.875s] -- Up-to-date: /media/ros/fedora/home/maylis/Dokumente/TeleNav/install/turtle_interfaces/local/lib/python3.10/dist-packages/turtle_interfaces/msg/_turtles_alive.py
[0.875s] -- Up-to-date: /media/ros/fedora/home/maylis/Dokumente/TeleNav/install/turtle_interfaces/local/lib/python3.10/dist-packages/turtle_interfaces/msg/_turtles_alive_s.c
[0.875s] -- Up-to-date: /media/ros/fedora/home/maylis/Dokumente/TeleNav/install/turtle_interfaces/local/lib/python3.10/dist-packages/turtle_interfaces/msg/__init__.py
[0.875s] -- Up-to-date: /media/ros/fedora/home/maylis/Dokumente/TeleNav/install/turtle_interfaces/local/lib/python3.10/dist-packages/turtle_interfaces/_turtle_interfaces_s.ep.rosidl_typesupport_introspection_c.c
[0.875s] -- Up-to-date: /media/ros/fedora/home/maylis/Dokumente/TeleNav/install/turtle_interfaces/local/lib/python3.10/dist-packages/turtle_interfaces/_turtle_interfaces_s.ep.rosidl_typesupport_c.c
[0.875s] -- Up-to-date: /media/ros/fedora/home/maylis/Dokumente/TeleNav/install/turtle_interfaces/local/lib/python3.10/dist-packages/turtle_interfaces/srv
[0.875s] -- Up-to-date: /media/ros/fedora/home/maylis/Dokumente/TeleNav/install/turtle_interfaces/local/lib/python3.10/dist-packages/turtle_interfaces/srv/_catch.py
[0.877s] -- Up-to-date: /media/ros/fedora/home/maylis/Dokumente/TeleNav/install/turtle_interfaces/local/lib/python3.10/dist-packages/turtle_interfaces/srv/_catch_s.c
[0.877s] -- Up-to-date: /media/ros/fedora/home/maylis/Dokumente/TeleNav/install/turtle_interfaces/local/lib/python3.10/dist-packages/turtle_interfaces/srv/__init__.py
[0.877s] -- Up-to-date: /media/ros/fedora/home/maylis/Dokumente/TeleNav/install/turtle_interfaces/local/lib/python3.10/dist-packages/turtle_interfaces/_turtle_interfaces_s.ep.rosidl_typesupport_fastrtps_c.c
[0.877s] -- Up-to-date: /media/ros/fedora/home/maylis/Dokumente/TeleNav/install/turtle_interfaces/local/lib/python3.10/dist-packages/turtle_interfaces/libturtle_interfaces__rosidl_generator_py.so
[0.877s] -- Up-to-date: /media/ros/fedora/home/maylis/Dokumente/TeleNav/install/turtle_interfaces/local/lib/python3.10/dist-packages/turtle_interfaces/turtle_interfaces_s__rosidl_typesupport_introspection_c.cpython-310-x86_64-linux-gnu.so
[0.877s] -- Up-to-date: /media/ros/fedora/home/maylis/Dokumente/TeleNav/install/turtle_interfaces/local/lib/python3.10/dist-packages/turtle_interfaces/turtle_interfaces_s__rosidl_typesupport_c.cpython-310-x86_64-linux-gnu.so
[0.877s] -- Up-to-date: /media/ros/fedora/home/maylis/Dokumente/TeleNav/install/turtle_interfaces/local/lib/python3.10/dist-packages/turtle_interfaces/turtle_interfaces_s__rosidl_typesupport_fastrtps_c.cpython-310-x86_64-linux-gnu.so
[0.941s] Listing '/media/ros/fedora/home/maylis/Dokumente/TeleNav/install/turtle_interfaces/local/lib/python3.10/dist-packages/turtle_interfaces'...
[0.942s] Listing '/media/ros/fedora/home/maylis/Dokumente/TeleNav/install/turtle_interfaces/local/lib/python3.10/dist-packages/turtle_interfaces/msg'...
[0.942s] Listing '/media/ros/fedora/home/maylis/Dokumente/TeleNav/install/turtle_interfaces/local/lib/python3.10/dist-packages/turtle_interfaces/srv'...
[0.950s] -- Up-to-date: /media/ros/fedora/home/maylis/Dokumente/TeleNav/install/turtle_interfaces/local/lib/python3.10/dist-packages/turtle_interfaces/turtle_interfaces_s__rosidl_typesupport_fastrtps_c.cpython-310-x86_64-linux-gnu.so
[0.950s] -- Up-to-date: /media/ros/fedora/home/maylis/Dokumente/TeleNav/install/turtle_interfaces/local/lib/python3.10/dist-packages/turtle_interfaces/turtle_interfaces_s__rosidl_typesupport_introspection_c.cpython-310-x86_64-linux-gnu.so
[0.950s] -- Up-to-date: /media/ros/fedora/home/maylis/Dokumente/TeleNav/install/turtle_interfaces/local/lib/python3.10/dist-packages/turtle_interfaces/turtle_interfaces_s__rosidl_typesupport_c.cpython-310-x86_64-linux-gnu.so
[0.951s] -- Up-to-date: /media/ros/fedora/home/maylis/Dokumente/TeleNav/install/turtle_interfaces/lib/libturtle_interfaces__rosidl_generator_py.so
[0.951s] -- Up-to-date: /media/ros/fedora/home/maylis/Dokumente/TeleNav/install/turtle_interfaces/share/turtle_interfaces/msg/TurtlePosition.idl
[0.951s] -- Up-to-date: /media/ros/fedora/home/maylis/Dokumente/TeleNav/install/turtle_interfaces/share/turtle_interfaces/msg/TurtlesAlive.idl
[0.951s] -- Up-to-date: /media/ros/fedora/home/maylis/Dokumente/TeleNav/install/turtle_interfaces/share/turtle_interfaces/srv/Catch.idl
[0.951s] -- Up-to-date: /media/ros/fedora/home/maylis/Dokumente/TeleNav/install/turtle_interfaces/share/turtle_interfaces/msg/TurtlePosition.msg
[0.951s] -- Up-to-date: /media/ros/fedora/home/maylis/Dokumente/TeleNav/install/turtle_interfaces/share/turtle_interfaces/msg/TurtlesAlive.msg
[0.958s] -- Up-to-date: /media/ros/fedora/home/maylis/Dokumente/TeleNav/install/turtle_interfaces/share/turtle_interfaces/srv/Catch.srv
[0.958s] -- Up-to-date: /media/ros/fedora/home/maylis/Dokumente/TeleNav/install/turtle_interfaces/share/turtle_interfaces/srv/Catch_Request.msg
[0.958s] -- Up-to-date: /media/ros/fedora/home/maylis/Dokumente/TeleNav/install/turtle_interfaces/share/turtle_interfaces/srv/Catch_Response.msg
[0.958s] -- Up-to-date: /media/ros/fedora/home/maylis/Dokumente/TeleNav/install/turtle_interfaces/share/ament_index/resource_index/package_run_dependencies/turtle_interfaces
[0.958s] -- Up-to-date: /media/ros/fedora/home/maylis/Dokumente/TeleNav/install/turtle_interfaces/share/ament_index/resource_index/parent_prefix_path/turtle_interfaces
[0.958s] -- Up-to-date: /media/ros/fedora/home/maylis/Dokumente/TeleNav/install/turtle_interfaces/share/turtle_interfaces/environment/ament_prefix_path.sh
[0.961s] -- Up-to-date: /media/ros/fedora/home/maylis/Dokumente/TeleNav/install/turtle_interfaces/share/turtle_interfaces/environment/ament_prefix_path.dsv
[0.961s] -- Up-to-date: /media/ros/fedora/home/maylis/Dokumente/TeleNav/install/turtle_interfaces/share/turtle_interfaces/environment/path.sh
[0.961s] -- Up-to-date: /media/ros/fedora/home/maylis/Dokumente/TeleNav/install/turtle_interfaces/share/turtle_interfaces/environment/path.dsv
[0.961s] -- Up-to-date: /media/ros/fedora/home/maylis/Dokumente/TeleNav/install/turtle_interfaces/share/turtle_interfaces/local_setup.bash
[0.961s] -- Up-to-date: /media/ros/fedora/home/maylis/Dokumente/TeleNav/install/turtle_interfaces/share/turtle_interfaces/local_setup.sh
[0.961s] -- Up-to-date: /media/ros/fedora/home/maylis/Dokumente/TeleNav/install/turtle_interfaces/share/turtle_interfaces/local_setup.zsh
[0.961s] -- Up-to-date: /media/ros/fedora/home/maylis/Dokumente/TeleNav/install/turtle_interfaces/share/turtle_interfaces/local_setup.dsv
[0.961s] -- Installing: /media/ros/fedora/home/maylis/Dokumente/TeleNav/install/turtle_interfaces/share/turtle_interfaces/package.dsv
[0.961s] -- Up-to-date: /media/ros/fedora/home/maylis/Dokumente/TeleNav/install/turtle_interfaces/share/ament_index/resource_index/packages/turtle_interfaces
[0.962s] -- Up-to-date: /media/ros/fedora/home/maylis/Dokumente/TeleNav/install/turtle_interfaces/share/turtle_interfaces/cmake/export_turtle_interfaces__rosidl_generator_cExport.cmake
[0.962s] -- Up-to-date: /media/ros/fedora/home/maylis/Dokumente/TeleNav/install/turtle_interfaces/share/turtle_interfaces/cmake/export_turtle_interfaces__rosidl_generator_cExport-noconfig.cmake
[0.962s] -- Up-to-date: /media/ros/fedora/home/maylis/Dokumente/TeleNav/install/turtle_interfaces/share/turtle_interfaces/cmake/export_turtle_interfaces__rosidl_typesupport_fastrtps_cExport.cmake
[0.962s] -- Up-to-date: /media/ros/fedora/home/maylis/Dokumente/TeleNav/install/turtle_interfaces/share/turtle_interfaces/cmake/export_turtle_interfaces__rosidl_typesupport_fastrtps_cExport-noconfig.cmake
[0.962s] -- Up-to-date: /media/ros/fedora/home/maylis/Dokumente/TeleNav/install/turtle_interfaces/share/turtle_interfaces/cmake/turtle_interfaces__rosidl_typesupport_introspection_cExport.cmake
[0.962s] -- Up-to-date: /media/ros/fedora/home/maylis/Dokumente/TeleNav/install/turtle_interfaces/share/turtle_interfaces/cmake/turtle_interfaces__rosidl_typesupport_introspection_cExport-noconfig.cmake
[0.962s] -- Up-to-date: /media/ros/fedora/home/maylis/Dokumente/TeleNav/install/turtle_interfaces/share/turtle_interfaces/cmake/turtle_interfaces__rosidl_typesupport_cExport.cmake
[0.962s] -- Up-to-date: /media/ros/fedora/home/maylis/Dokumente/TeleNav/install/turtle_interfaces/share/turtle_interfaces/cmake/turtle_interfaces__rosidl_typesupport_cExport-noconfig.cmake
[0.962s] -- Up-to-date: /media/ros/fedora/home/maylis/Dokumente/TeleNav/install/turtle_interfaces/share/turtle_interfaces/cmake/export_turtle_interfaces__rosidl_generator_cppExport.cmake
[0.962s] -- Up-to-date: /media/ros/fedora/home/maylis/Dokumente/TeleNav/install/turtle_interfaces/share/turtle_interfaces/cmake/export_turtle_interfaces__rosidl_typesupport_fastrtps_cppExport.cmake
[0.962s] -- Up-to-date: /media/ros/fedora/home/maylis/Dokumente/TeleNav/install/turtle_interfaces/share/turtle_interfaces/cmake/export_turtle_interfaces__rosidl_typesupport_fastrtps_cppExport-noconfig.cmake
[0.963s] -- Up-to-date: /media/ros/fedora/home/maylis/Dokumente/TeleNav/install/turtle_interfaces/share/turtle_interfaces/cmake/turtle_interfaces__rosidl_typesupport_introspection_cppExport.cmake
[0.966s] -- Up-to-date: /media/ros/fedora/home/maylis/Dokumente/TeleNav/install/turtle_interfaces/share/turtle_interfaces/cmake/turtle_interfaces__rosidl_typesupport_introspection_cppExport-noconfig.cmake
[0.966s] -- Up-to-date: /media/ros/fedora/home/maylis/Dokumente/TeleNav/install/turtle_interfaces/share/turtle_interfaces/cmake/turtle_interfaces__rosidl_typesupport_cppExport.cmake
[0.966s] -- Up-to-date: /media/ros/fedora/home/maylis/Dokumente/TeleNav/install/turtle_interfaces/share/turtle_interfaces/cmake/turtle_interfaces__rosidl_typesupport_cppExport-noconfig.cmake
[0.966s] -- Up-to-date: /media/ros/fedora/home/maylis/Dokumente/TeleNav/install/turtle_interfaces/share/turtle_interfaces/cmake/export_turtle_interfaces__rosidl_generator_pyExport.cmake
[0.966s] -- Up-to-date: /media/ros/fedora/home/maylis/Dokumente/TeleNav/install/turtle_interfaces/share/turtle_interfaces/cmake/export_turtle_interfaces__rosidl_generator_pyExport-noconfig.cmake
[0.966s] -- Up-to-date: /media/ros/fedora/home/maylis/Dokumente/TeleNav/install/turtle_interfaces/share/turtle_interfaces/cmake/rosidl_cmake-extras.cmake
[0.966s] -- Up-to-date: /media/ros/fedora/home/maylis/Dokumente/TeleNav/install/turtle_interfaces/share/turtle_interfaces/cmake/ament_cmake_export_include_directories-extras.cmake
[0.966s] -- Up-to-date: /media/ros/fedora/home/maylis/Dokumente/TeleNav/install/turtle_interfaces/share/turtle_interfaces/cmake/ament_cmake_export_libraries-extras.cmake
[0.966s] -- Up-to-date: /media/ros/fedora/home/maylis/Dokumente/TeleNav/install/turtle_interfaces/share/turtle_interfaces/cmake/ament_cmake_export_targets-extras.cmake
[0.967s] -- Up-to-date: /media/ros/fedora/home/maylis/Dokumente/TeleNav/install/turtle_interfaces/share/turtle_interfaces/cmake/rosidl_cmake_export_typesupport_targets-extras.cmake
[0.967s] -- Up-to-date: /media/ros/fedora/home/maylis/Dokumente/TeleNav/install/turtle_interfaces/share/turtle_interfaces/cmake/ament_cmake_export_dependencies-extras.cmake
[0.967s] -- Up-to-date: /media/ros/fedora/home/maylis/Dokumente/TeleNav/install/turtle_interfaces/share/turtle_interfaces/cmake/rosidl_cmake_export_typesupport_libraries-extras.cmake
[0.967s] -- Up-to-date: /media/ros/fedora/home/maylis/Dokumente/TeleNav/install/turtle_interfaces/share/turtle_interfaces/cmake/turtle_interfacesConfig.cmake
[0.967s] -- Up-to-date: /media/ros/fedora/home/maylis/Dokumente/TeleNav/install/turtle_interfaces/share/turtle_interfaces/cmake/turtle_interfacesConfig-version.cmake
[0.967s] -- Up-to-date: /media/ros/fedora/home/maylis/Dokumente/TeleNav/install/turtle_interfaces/share/turtle_interfaces/package.xml
[0.968s] Invoked command in '/media/ros/fedora/home/maylis/Dokumente/TeleNav/build/turtle_interfaces' returned '0': CMAKE_PREFIX_PATH=${CMAKE_PREFIX_PATH}:/media/ros/fedora/home/maylis/Dokumente/TeleNav/install/turtle_controller:/media/ros/fedora/home/maylis/Dokumente/TeleNav/install/turtle_spawner:/media/ros/fedora/home/maylis/Dokumente/TeleNav/install/my_robot_controller:/opt/ros/humble /usr/bin/cmake --install /media/ros/fedora/home/maylis/Dokumente/TeleNav/build/turtle_interfaces
