[0.010s] Invoking command in '/media/ros/fedora/home/maylis/Dokumente/TeleNav/project_ws/src/telerobot_interfaces/build/telerobot_interfaces': CMAKE_PREFIX_PATH=/opt/ros/humble /usr/bin/cmake /media/ros/fedora/home/maylis/Dokumente/TeleNav/project_ws/src/telerobot_interfaces -DCMAKE_INSTALL_PREFIX=/media/ros/fedora/home/maylis/Dokumente/TeleNav/project_ws/src/telerobot_interfaces/install/telerobot_interfaces
[0.023s] -- Found ament_cmake: 1.3.12 (/opt/ros/humble/share/ament_cmake/cmake)
[0.146s] -- Found rosidl_default_generators: 1.2.0 (/opt/ros/humble/share/rosidl_default_generators/cmake)
[0.149s] -- Using all available rosidl_typesupport_c: rosidl_typesupport_fastrtps_c;rosidl_typesupport_introspection_c
[0.156s] -- Found rosidl_adapter: 3.1.7 (/opt/ros/humble/share/rosidl_adapter/cmake)
[0.197s] -- Using all available rosidl_typesupport_cpp: rosidl_typesupport_fastrtps_cpp;rosidl_typesupport_introspection_cpp
[0.486s] -- Found ament_cmake_ros: 0.10.0 (/opt/ros/humble/share/ament_cmake_ros/cmake)
[0.684s] -- Using all available rosidl_typesupport_c: rosidl_typesupport_fastrtps_c;rosidl_typesupport_introspection_c
[0.958s] -- Using all available rosidl_typesupport_cpp: rosidl_typesupport_fastrtps_cpp;rosidl_typesupport_introspection_cpp
[0.981s] -- Found PythonInterp: /usr/bin/python3 (found suitable version "3.10.12", minimum required is "3.6") 
[0.985s] -- Found python_cmake_module: 0.10.0 (/opt/ros/humble/share/python_cmake_module/cmake)
[1.015s] -- Found PythonLibs: /usr/lib/x86_64-linux-gnu/libpython3.10.so (found suitable version "3.10.12", minimum required is "3.5") 
[1.015s] -- Using PYTHON_EXECUTABLE: /usr/bin/python3
[1.015s] -- Using PYTHON_INCLUDE_DIRS: /usr/include/python3.10
[1.015s] -- Using PYTHON_LIBRARIES: /usr/lib/x86_64-linux-gnu/libpython3.10.so
[1.035s] -- Found PythonExtra: .so  
[1.095s] -- Found ament_lint_auto: 0.12.14 (/opt/ros/humble/share/ament_lint_auto/cmake)
[1.137s] -- Added test 'cppcheck' to perform static code analysis on C / C++ code
[1.138s] -- Configured cppcheck include dirs: $<BUILD_INTERFACE:/media/ros/fedora/home/maylis/Dokumente/TeleNav/project_ws/src/telerobot_interfaces/build/telerobot_interfaces/rosidl_generator_c>;$<BUILD_INTERFACE:/media/ros/fedora/home/maylis/Dokumente/TeleNav/project_ws/src/telerobot_interfaces/build/telerobot_interfaces/rosidl_typesupport_fastrtps_c>;$<BUILD_INTERFACE:/media/ros/fedora/home/maylis/Dokumente/TeleNav/project_ws/src/telerobot_interfaces/build/telerobot_interfaces/rosidl_typesupport_introspection_c>;$<BUILD_INTERFACE:/media/ros/fedora/home/maylis/Dokumente/TeleNav/project_ws/src/telerobot_interfaces/build/telerobot_interfaces/rosidl_generator_cpp>;$<BUILD_INTERFACE:/media/ros/fedora/home/maylis/Dokumente/TeleNav/project_ws/src/telerobot_interfaces/build/telerobot_interfaces/rosidl_typesupport_fastrtps_cpp>;$<BUILD_INTERFACE:/media/ros/fedora/home/maylis/Dokumente/TeleNav/project_ws/src/telerobot_interfaces/build/telerobot_interfaces/rosidl_typesupport_introspection_cpp>;/media/ros/fedora/home/maylis/Dokumente/TeleNav/project_ws/src/telerobot_interfaces/build/telerobot_interfaces/rosidl_generator_c;/media/ros/fedora/home/maylis/Dokumente/TeleNav/project_ws/src/telerobot_interfaces/build/telerobot_interfaces/rosidl_generator_py
[1.139s] -- Configured cppcheck exclude dirs and/or files: 
[1.140s] -- Added test 'flake8' to check Python code syntax and style conventions
[1.143s] -- Added test 'lint_cmake' to check CMake code style
[1.145s] -- Added test 'pep257' to check Python code against some of the docstring style conventions in PEP 257
[1.155s] -- Added test 'uncrustify' to check C / C++ code style
[1.155s] -- Configured uncrustify additional arguments: 
[1.157s] -- Added test 'xmllint' to check XML markup files
[1.160s] -- Configuring done
[1.185s] -- Generating done
[1.194s] -- Build files have been written to: /media/ros/fedora/home/maylis/Dokumente/TeleNav/project_ws/src/telerobot_interfaces/build/telerobot_interfaces
[1.201s] Invoked command in '/media/ros/fedora/home/maylis/Dokumente/TeleNav/project_ws/src/telerobot_interfaces/build/telerobot_interfaces' returned '0': CMAKE_PREFIX_PATH=/opt/ros/humble /usr/bin/cmake /media/ros/fedora/home/maylis/Dokumente/TeleNav/project_ws/src/telerobot_interfaces -DCMAKE_INSTALL_PREFIX=/media/ros/fedora/home/maylis/Dokumente/TeleNav/project_ws/src/telerobot_interfaces/install/telerobot_interfaces
[1.204s] Invoking command in '/media/ros/fedora/home/maylis/Dokumente/TeleNav/project_ws/src/telerobot_interfaces/build/telerobot_interfaces': CMAKE_PREFIX_PATH=/opt/ros/humble /usr/bin/cmake --build /media/ros/fedora/home/maylis/Dokumente/TeleNav/project_ws/src/telerobot_interfaces/build/telerobot_interfaces -- -j6 -l6
[1.241s] [  3%] [34m[1mGenerating C code for ROS interfaces[0m
[1.250s] [  6%] [34m[1mGenerating C++ code for ROS interfaces[0m
[1.258s] [  6%] Built target ament_cmake_python_copy_telerobot_interfaces
[1.472s] running egg_info
[1.472s] creating telerobot_interfaces.egg-info
[1.473s] writing telerobot_interfaces.egg-info/PKG-INFO
[1.473s] writing dependency_links to telerobot_interfaces.egg-info/dependency_links.txt
[1.473s] writing top-level names to telerobot_interfaces.egg-info/top_level.txt
[1.473s] writing manifest file 'telerobot_interfaces.egg-info/SOURCES.txt'
[1.476s] reading manifest file 'telerobot_interfaces.egg-info/SOURCES.txt'
[1.478s] writing manifest file 'telerobot_interfaces.egg-info/SOURCES.txt'
[1.490s] [  6%] Built target telerobot_interfaces__cpp
[1.496s] [  9%] [32mBuilding C object CMakeFiles/telerobot_interfaces__rosidl_generator_c.dir/rosidl_generator_c/telerobot_interfaces/msg/detail/move_cmd__functions.c.o[0m
[1.501s] [ 12%] [34m[1mGenerating C++ type support dispatch for ROS interfaces[0m
[1.502s] [ 16%] [34m[1mGenerating C++ type support for eProsima Fast-RTPS[0m
[1.502s] [ 19%] [34m[1mGenerating C++ introspection for ROS interfaces[0m
[1.520s] [ 19%] Built target ament_cmake_python_build_telerobot_interfaces_egg
[1.562s] [ 22%] [32m[1mLinking C shared library libtelerobot_interfaces__rosidl_generator_c.so[0m
[1.593s] [ 22%] Built target telerobot_interfaces__rosidl_generator_c
[1.602s] [ 32%] [34m[1mGenerating C introspection for ROS interfaces[0m
[1.602s] [ 32%] [34m[1mGenerating C type support for eProsima Fast-RTPS[0m
[1.604s] [ 32%] [34m[1mGenerating C type support dispatch for ROS interfaces[0m
[1.738s] [ 35%] [32mBuilding CXX object CMakeFiles/telerobot_interfaces__rosidl_typesupport_cpp.dir/rosidl_typesupport_cpp/telerobot_interfaces/msg/move_cmd__type_support.cpp.o[0m
[1.748s] [ 38%] [32mBuilding CXX object CMakeFiles/telerobot_interfaces__rosidl_typesupport_introspection_cpp.dir/rosidl_typesupport_introspection_cpp/telerobot_interfaces/msg/detail/move_cmd__type_support.cpp.o[0m
[1.796s] [ 41%] [32mBuilding CXX object CMakeFiles/telerobot_interfaces__rosidl_typesupport_fastrtps_cpp.dir/rosidl_typesupport_fastrtps_cpp/telerobot_interfaces/msg/detail/dds_fastrtps/move_cmd__type_support.cpp.o[0m
[1.835s] [ 45%] [32mBuilding CXX object CMakeFiles/telerobot_interfaces__rosidl_typesupport_c.dir/rosidl_typesupport_c/telerobot_interfaces/msg/move_cmd__type_support.cpp.o[0m
[1.877s] [ 48%] [32m[1mLinking CXX shared library libtelerobot_interfaces__rosidl_typesupport_c.so[0m
[1.906s] [ 51%] [32mBuilding C object CMakeFiles/telerobot_interfaces__rosidl_typesupport_introspection_c.dir/rosidl_typesupport_introspection_c/telerobot_interfaces/msg/detail/move_cmd__type_support.c.o[0m
[1.916s] [ 54%] [32mBuilding CXX object CMakeFiles/telerobot_interfaces__rosidl_typesupport_fastrtps_c.dir/rosidl_typesupport_fastrtps_c/telerobot_interfaces/msg/detail/move_cmd__type_support_c.cpp.o[0m
[1.917s] [ 54%] Built target telerobot_interfaces__rosidl_typesupport_c
[1.946s] [ 58%] [32m[1mLinking C shared library libtelerobot_interfaces__rosidl_typesupport_introspection_c.so[0m
[1.975s] [ 58%] Built target telerobot_interfaces__rosidl_typesupport_introspection_c
[2.028s] [ 61%] [32m[1mLinking CXX shared library libtelerobot_interfaces__rosidl_typesupport_cpp.so[0m
[2.070s] [ 61%] Built target telerobot_interfaces__rosidl_typesupport_cpp
[2.119s] [ 64%] [32m[1mLinking CXX shared library libtelerobot_interfaces__rosidl_typesupport_introspection_cpp.so[0m
[2.159s] [ 64%] Built target telerobot_interfaces__rosidl_typesupport_introspection_cpp
[2.170s] [ 67%] [32m[1mLinking CXX shared library libtelerobot_interfaces__rosidl_typesupport_fastrtps_cpp.so[0m
[2.200s] [ 70%] [32m[1mLinking CXX shared library libtelerobot_interfaces__rosidl_typesupport_fastrtps_c.so[0m
[2.268s] [ 70%] Built target telerobot_interfaces__rosidl_typesupport_fastrtps_cpp
[2.300s] [ 70%] Built target telerobot_interfaces__rosidl_typesupport_fastrtps_c
[2.319s] [ 70%] Built target telerobot_interfaces
[2.344s] [ 74%] [34m[1mGenerating Python code for ROS interfaces[0m
[2.615s] [ 74%] Built target telerobot_interfaces__py
[2.634s] [ 77%] [32mBuilding C object CMakeFiles/telerobot_interfaces__rosidl_generator_py.dir/rosidl_generator_py/telerobot_interfaces/msg/_move_cmd_s.c.o[0m
[2.736s] [ 80%] [32m[1mLinking C shared library rosidl_generator_py/telerobot_interfaces/libtelerobot_interfaces__rosidl_generator_py.so[0m
[2.774s] [ 80%] Built target telerobot_interfaces__rosidl_generator_py
[2.793s] [ 83%] [32mBuilding C object CMakeFiles/telerobot_interfaces__rosidl_typesupport_fastrtps_c__pyext.dir/rosidl_generator_py/telerobot_interfaces/_telerobot_interfaces_s.ep.rosidl_typesupport_fastrtps_c.c.o[0m
[2.793s] [ 87%] [32mBuilding C object CMakeFiles/telerobot_interfaces__rosidl_typesupport_c__pyext.dir/rosidl_generator_py/telerobot_interfaces/_telerobot_interfaces_s.ep.rosidl_typesupport_c.c.o[0m
[2.793s] [ 90%] [32mBuilding C object CMakeFiles/telerobot_interfaces__rosidl_typesupport_introspection_c__pyext.dir/rosidl_generator_py/telerobot_interfaces/_telerobot_interfaces_s.ep.rosidl_typesupport_introspection_c.c.o[0m
[2.866s] [ 93%] [32m[1mLinking C shared library rosidl_generator_py/telerobot_interfaces/telerobot_interfaces_s__rosidl_typesupport_c.cpython-310-x86_64-linux-gnu.so[0m
[2.868s] [ 96%] [32m[1mLinking C shared library rosidl_generator_py/telerobot_interfaces/telerobot_interfaces_s__rosidl_typesupport_introspection_c.cpython-310-x86_64-linux-gnu.so[0m
[2.869s] [100%] [32m[1mLinking C shared library rosidl_generator_py/telerobot_interfaces/telerobot_interfaces_s__rosidl_typesupport_fastrtps_c.cpython-310-x86_64-linux-gnu.so[0m
[2.895s] [100%] Built target telerobot_interfaces__rosidl_typesupport_introspection_c__pyext
[2.896s] [100%] Built target telerobot_interfaces__rosidl_typesupport_c__pyext
[2.896s] [100%] Built target telerobot_interfaces__rosidl_typesupport_fastrtps_c__pyext
[2.907s] Invoked command in '/media/ros/fedora/home/maylis/Dokumente/TeleNav/project_ws/src/telerobot_interfaces/build/telerobot_interfaces' returned '0': CMAKE_PREFIX_PATH=/opt/ros/humble /usr/bin/cmake --build /media/ros/fedora/home/maylis/Dokumente/TeleNav/project_ws/src/telerobot_interfaces/build/telerobot_interfaces -- -j6 -l6
[2.917s] Invoking command in '/media/ros/fedora/home/maylis/Dokumente/TeleNav/project_ws/src/telerobot_interfaces/build/telerobot_interfaces': CMAKE_PREFIX_PATH=/opt/ros/humble /usr/bin/cmake --install /media/ros/fedora/home/maylis/Dokumente/TeleNav/project_ws/src/telerobot_interfaces/build/telerobot_interfaces
[2.923s] -- Install configuration: ""
[2.923s] -- Installing: /media/ros/fedora/home/maylis/Dokumente/TeleNav/project_ws/src/telerobot_interfaces/install/telerobot_interfaces/share/ament_index/resource_index/rosidl_interfaces/telerobot_interfaces
[2.923s] -- Installing: /media/ros/fedora/home/maylis/Dokumente/TeleNav/project_ws/src/telerobot_interfaces/install/telerobot_interfaces/include/telerobot_interfaces/telerobot_interfaces
[2.923s] -- Installing: /media/ros/fedora/home/maylis/Dokumente/TeleNav/project_ws/src/telerobot_interfaces/install/telerobot_interfaces/include/telerobot_interfaces/telerobot_interfaces/msg
[2.923s] -- Installing: /media/ros/fedora/home/maylis/Dokumente/TeleNav/project_ws/src/telerobot_interfaces/install/telerobot_interfaces/include/telerobot_interfaces/telerobot_interfaces/msg/rosidl_generator_c__visibility_control.h
[2.923s] -- Installing: /media/ros/fedora/home/maylis/Dokumente/TeleNav/project_ws/src/telerobot_interfaces/install/telerobot_interfaces/include/telerobot_interfaces/telerobot_interfaces/msg/move_cmd.h
[2.923s] -- Installing: /media/ros/fedora/home/maylis/Dokumente/TeleNav/project_ws/src/telerobot_interfaces/install/telerobot_interfaces/include/telerobot_interfaces/telerobot_interfaces/msg/detail
[2.924s] -- Installing: /media/ros/fedora/home/maylis/Dokumente/TeleNav/project_ws/src/telerobot_interfaces/install/telerobot_interfaces/include/telerobot_interfaces/telerobot_interfaces/msg/detail/move_cmd__functions.c
[2.925s] -- Installing: /media/ros/fedora/home/maylis/Dokumente/TeleNav/project_ws/src/telerobot_interfaces/install/telerobot_interfaces/include/telerobot_interfaces/telerobot_interfaces/msg/detail/move_cmd__functions.h
[2.925s] -- Installing: /media/ros/fedora/home/maylis/Dokumente/TeleNav/project_ws/src/telerobot_interfaces/install/telerobot_interfaces/include/telerobot_interfaces/telerobot_interfaces/msg/detail/move_cmd__struct.h
[2.926s] -- Installing: /media/ros/fedora/home/maylis/Dokumente/TeleNav/project_ws/src/telerobot_interfaces/install/telerobot_interfaces/include/telerobot_interfaces/telerobot_interfaces/msg/detail/move_cmd__type_support.h
[2.926s] -- Installing: /media/ros/fedora/home/maylis/Dokumente/TeleNav/project_ws/src/telerobot_interfaces/install/telerobot_interfaces/share/telerobot_interfaces/environment/library_path.sh
[2.926s] -- Installing: /media/ros/fedora/home/maylis/Dokumente/TeleNav/project_ws/src/telerobot_interfaces/install/telerobot_interfaces/share/telerobot_interfaces/environment/library_path.dsv
[2.926s] -- Installing: /media/ros/fedora/home/maylis/Dokumente/TeleNav/project_ws/src/telerobot_interfaces/install/telerobot_interfaces/lib/libtelerobot_interfaces__rosidl_generator_c.so
[2.928s] -- Set runtime path of "/media/ros/fedora/home/maylis/Dokumente/TeleNav/project_ws/src/telerobot_interfaces/install/telerobot_interfaces/lib/libtelerobot_interfaces__rosidl_generator_c.so" to ""
[2.928s] -- Up-to-date: /media/ros/fedora/home/maylis/Dokumente/TeleNav/project_ws/src/telerobot_interfaces/install/telerobot_interfaces/include/telerobot_interfaces/telerobot_interfaces
[2.928s] -- Up-to-date: /media/ros/fedora/home/maylis/Dokumente/TeleNav/project_ws/src/telerobot_interfaces/install/telerobot_interfaces/include/telerobot_interfaces/telerobot_interfaces/msg
[2.928s] -- Installing: /media/ros/fedora/home/maylis/Dokumente/TeleNav/project_ws/src/telerobot_interfaces/install/telerobot_interfaces/include/telerobot_interfaces/telerobot_interfaces/msg/rosidl_typesupport_fastrtps_c__visibility_control.h
[2.929s] -- Up-to-date: /media/ros/fedora/home/maylis/Dokumente/TeleNav/project_ws/src/telerobot_interfaces/install/telerobot_interfaces/include/telerobot_interfaces/telerobot_interfaces/msg/detail
[2.929s] -- Installing: /media/ros/fedora/home/maylis/Dokumente/TeleNav/project_ws/src/telerobot_interfaces/install/telerobot_interfaces/include/telerobot_interfaces/telerobot_interfaces/msg/detail/move_cmd__rosidl_typesupport_fastrtps_c.h
[2.929s] -- Installing: /media/ros/fedora/home/maylis/Dokumente/TeleNav/project_ws/src/telerobot_interfaces/install/telerobot_interfaces/lib/libtelerobot_interfaces__rosidl_typesupport_fastrtps_c.so
[2.930s] -- Set runtime path of "/media/ros/fedora/home/maylis/Dokumente/TeleNav/project_ws/src/telerobot_interfaces/install/telerobot_interfaces/lib/libtelerobot_interfaces__rosidl_typesupport_fastrtps_c.so" to ""
[2.930s] -- Up-to-date: /media/ros/fedora/home/maylis/Dokumente/TeleNav/project_ws/src/telerobot_interfaces/install/telerobot_interfaces/include/telerobot_interfaces/telerobot_interfaces
[2.930s] -- Up-to-date: /media/ros/fedora/home/maylis/Dokumente/TeleNav/project_ws/src/telerobot_interfaces/install/telerobot_interfaces/include/telerobot_interfaces/telerobot_interfaces/msg
[2.930s] -- Installing: /media/ros/fedora/home/maylis/Dokumente/TeleNav/project_ws/src/telerobot_interfaces/install/telerobot_interfaces/include/telerobot_interfaces/telerobot_interfaces/msg/rosidl_typesupport_introspection_c__visibility_control.h
[2.930s] -- Up-to-date: /media/ros/fedora/home/maylis/Dokumente/TeleNav/project_ws/src/telerobot_interfaces/install/telerobot_interfaces/include/telerobot_interfaces/telerobot_interfaces/msg/detail
[2.930s] -- Installing: /media/ros/fedora/home/maylis/Dokumente/TeleNav/project_ws/src/telerobot_interfaces/install/telerobot_interfaces/include/telerobot_interfaces/telerobot_interfaces/msg/detail/move_cmd__rosidl_typesupport_introspection_c.h
[2.930s] -- Installing: /media/ros/fedora/home/maylis/Dokumente/TeleNav/project_ws/src/telerobot_interfaces/install/telerobot_interfaces/include/telerobot_interfaces/telerobot_interfaces/msg/detail/move_cmd__type_support.c
[2.930s] -- Installing: /media/ros/fedora/home/maylis/Dokumente/TeleNav/project_ws/src/telerobot_interfaces/install/telerobot_interfaces/lib/libtelerobot_interfaces__rosidl_typesupport_introspection_c.so
[2.931s] -- Set runtime path of "/media/ros/fedora/home/maylis/Dokumente/TeleNav/project_ws/src/telerobot_interfaces/install/telerobot_interfaces/lib/libtelerobot_interfaces__rosidl_typesupport_introspection_c.so" to ""
[2.931s] -- Installing: /media/ros/fedora/home/maylis/Dokumente/TeleNav/project_ws/src/telerobot_interfaces/install/telerobot_interfaces/lib/libtelerobot_interfaces__rosidl_typesupport_c.so
[2.932s] -- Set runtime path of "/media/ros/fedora/home/maylis/Dokumente/TeleNav/project_ws/src/telerobot_interfaces/install/telerobot_interfaces/lib/libtelerobot_interfaces__rosidl_typesupport_c.so" to ""
[2.932s] -- Up-to-date: /media/ros/fedora/home/maylis/Dokumente/TeleNav/project_ws/src/telerobot_interfaces/install/telerobot_interfaces/include/telerobot_interfaces/telerobot_interfaces
[2.932s] -- Up-to-date: /media/ros/fedora/home/maylis/Dokumente/TeleNav/project_ws/src/telerobot_interfaces/install/telerobot_interfaces/include/telerobot_interfaces/telerobot_interfaces/msg
[2.932s] -- Installing: /media/ros/fedora/home/maylis/Dokumente/TeleNav/project_ws/src/telerobot_interfaces/install/telerobot_interfaces/include/telerobot_interfaces/telerobot_interfaces/msg/rosidl_generator_cpp__visibility_control.hpp
[2.932s] -- Installing: /media/ros/fedora/home/maylis/Dokumente/TeleNav/project_ws/src/telerobot_interfaces/install/telerobot_interfaces/include/telerobot_interfaces/telerobot_interfaces/msg/move_cmd.hpp
[2.932s] -- Up-to-date: /media/ros/fedora/home/maylis/Dokumente/TeleNav/project_ws/src/telerobot_interfaces/install/telerobot_interfaces/include/telerobot_interfaces/telerobot_interfaces/msg/detail
[2.932s] -- Installing: /media/ros/fedora/home/maylis/Dokumente/TeleNav/project_ws/src/telerobot_interfaces/install/telerobot_interfaces/include/telerobot_interfaces/telerobot_interfaces/msg/detail/move_cmd__builder.hpp
[2.932s] -- Installing: /media/ros/fedora/home/maylis/Dokumente/TeleNav/project_ws/src/telerobot_interfaces/install/telerobot_interfaces/include/telerobot_interfaces/telerobot_interfaces/msg/detail/move_cmd__struct.hpp
[2.932s] -- Installing: /media/ros/fedora/home/maylis/Dokumente/TeleNav/project_ws/src/telerobot_interfaces/install/telerobot_interfaces/include/telerobot_interfaces/telerobot_interfaces/msg/detail/move_cmd__traits.hpp
[2.933s] -- Installing: /media/ros/fedora/home/maylis/Dokumente/TeleNav/project_ws/src/telerobot_interfaces/install/telerobot_interfaces/include/telerobot_interfaces/telerobot_interfaces/msg/detail/move_cmd__type_support.hpp
[2.933s] -- Up-to-date: /media/ros/fedora/home/maylis/Dokumente/TeleNav/project_ws/src/telerobot_interfaces/install/telerobot_interfaces/include/telerobot_interfaces/telerobot_interfaces
[2.933s] -- Up-to-date: /media/ros/fedora/home/maylis/Dokumente/TeleNav/project_ws/src/telerobot_interfaces/install/telerobot_interfaces/include/telerobot_interfaces/telerobot_interfaces/msg
[2.933s] -- Installing: /media/ros/fedora/home/maylis/Dokumente/TeleNav/project_ws/src/telerobot_interfaces/install/telerobot_interfaces/include/telerobot_interfaces/telerobot_interfaces/msg/rosidl_typesupport_fastrtps_cpp__visibility_control.h
[2.933s] -- Up-to-date: /media/ros/fedora/home/maylis/Dokumente/TeleNav/project_ws/src/telerobot_interfaces/install/telerobot_interfaces/include/telerobot_interfaces/telerobot_interfaces/msg/detail
[2.933s] -- Installing: /media/ros/fedora/home/maylis/Dokumente/TeleNav/project_ws/src/telerobot_interfaces/install/telerobot_interfaces/include/telerobot_interfaces/telerobot_interfaces/msg/detail/move_cmd__rosidl_typesupport_fastrtps_cpp.hpp
[2.933s] -- Installing: /media/ros/fedora/home/maylis/Dokumente/TeleNav/project_ws/src/telerobot_interfaces/install/telerobot_interfaces/include/telerobot_interfaces/telerobot_interfaces/msg/detail/dds_fastrtps
[2.934s] -- Installing: /media/ros/fedora/home/maylis/Dokumente/TeleNav/project_ws/src/telerobot_interfaces/install/telerobot_interfaces/lib/libtelerobot_interfaces__rosidl_typesupport_fastrtps_cpp.so
[2.935s] -- Set runtime path of "/media/ros/fedora/home/maylis/Dokumente/TeleNav/project_ws/src/telerobot_interfaces/install/telerobot_interfaces/lib/libtelerobot_interfaces__rosidl_typesupport_fastrtps_cpp.so" to ""
[2.935s] -- Up-to-date: /media/ros/fedora/home/maylis/Dokumente/TeleNav/project_ws/src/telerobot_interfaces/install/telerobot_interfaces/include/telerobot_interfaces/telerobot_interfaces
[2.935s] -- Up-to-date: /media/ros/fedora/home/maylis/Dokumente/TeleNav/project_ws/src/telerobot_interfaces/install/telerobot_interfaces/include/telerobot_interfaces/telerobot_interfaces/msg
[2.935s] -- Up-to-date: /media/ros/fedora/home/maylis/Dokumente/TeleNav/project_ws/src/telerobot_interfaces/install/telerobot_interfaces/include/telerobot_interfaces/telerobot_interfaces/msg/detail
[2.935s] -- Installing: /media/ros/fedora/home/maylis/Dokumente/TeleNav/project_ws/src/telerobot_interfaces/install/telerobot_interfaces/include/telerobot_interfaces/telerobot_interfaces/msg/detail/move_cmd__rosidl_typesupport_introspection_cpp.hpp
[2.935s] -- Installing: /media/ros/fedora/home/maylis/Dokumente/TeleNav/project_ws/src/telerobot_interfaces/install/telerobot_interfaces/include/telerobot_interfaces/telerobot_interfaces/msg/detail/move_cmd__type_support.cpp
[2.935s] -- Installing: /media/ros/fedora/home/maylis/Dokumente/TeleNav/project_ws/src/telerobot_interfaces/install/telerobot_interfaces/lib/libtelerobot_interfaces__rosidl_typesupport_introspection_cpp.so
[2.936s] -- Set runtime path of "/media/ros/fedora/home/maylis/Dokumente/TeleNav/project_ws/src/telerobot_interfaces/install/telerobot_interfaces/lib/libtelerobot_interfaces__rosidl_typesupport_introspection_cpp.so" to ""
[2.937s] -- Installing: /media/ros/fedora/home/maylis/Dokumente/TeleNav/project_ws/src/telerobot_interfaces/install/telerobot_interfaces/lib/libtelerobot_interfaces__rosidl_typesupport_cpp.so
[2.938s] -- Set runtime path of "/media/ros/fedora/home/maylis/Dokumente/TeleNav/project_ws/src/telerobot_interfaces/install/telerobot_interfaces/lib/libtelerobot_interfaces__rosidl_typesupport_cpp.so" to ""
[2.938s] -- Installing: /media/ros/fedora/home/maylis/Dokumente/TeleNav/project_ws/src/telerobot_interfaces/install/telerobot_interfaces/share/telerobot_interfaces/environment/pythonpath.sh
[2.938s] -- Installing: /media/ros/fedora/home/maylis/Dokumente/TeleNav/project_ws/src/telerobot_interfaces/install/telerobot_interfaces/share/telerobot_interfaces/environment/pythonpath.dsv
[2.939s] -- Installing: /media/ros/fedora/home/maylis/Dokumente/TeleNav/project_ws/src/telerobot_interfaces/install/telerobot_interfaces/local/lib/python3.10/dist-packages/telerobot_interfaces-0.0.0-py3.10.egg-info
[2.939s] -- Installing: /media/ros/fedora/home/maylis/Dokumente/TeleNav/project_ws/src/telerobot_interfaces/install/telerobot_interfaces/local/lib/python3.10/dist-packages/telerobot_interfaces-0.0.0-py3.10.egg-info/PKG-INFO
[2.939s] -- Installing: /media/ros/fedora/home/maylis/Dokumente/TeleNav/project_ws/src/telerobot_interfaces/install/telerobot_interfaces/local/lib/python3.10/dist-packages/telerobot_interfaces-0.0.0-py3.10.egg-info/dependency_links.txt
[2.940s] -- Installing: /media/ros/fedora/home/maylis/Dokumente/TeleNav/project_ws/src/telerobot_interfaces/install/telerobot_interfaces/local/lib/python3.10/dist-packages/telerobot_interfaces-0.0.0-py3.10.egg-info/top_level.txt
[2.940s] -- Installing: /media/ros/fedora/home/maylis/Dokumente/TeleNav/project_ws/src/telerobot_interfaces/install/telerobot_interfaces/local/lib/python3.10/dist-packages/telerobot_interfaces-0.0.0-py3.10.egg-info/SOURCES.txt
[2.940s] -- Installing: /media/ros/fedora/home/maylis/Dokumente/TeleNav/project_ws/src/telerobot_interfaces/install/telerobot_interfaces/local/lib/python3.10/dist-packages/telerobot_interfaces
[2.940s] -- Installing: /media/ros/fedora/home/maylis/Dokumente/TeleNav/project_ws/src/telerobot_interfaces/install/telerobot_interfaces/local/lib/python3.10/dist-packages/telerobot_interfaces/__init__.py
[2.940s] -- Installing: /media/ros/fedora/home/maylis/Dokumente/TeleNav/project_ws/src/telerobot_interfaces/install/telerobot_interfaces/local/lib/python3.10/dist-packages/telerobot_interfaces/msg
[2.940s] -- Installing: /media/ros/fedora/home/maylis/Dokumente/TeleNav/project_ws/src/telerobot_interfaces/install/telerobot_interfaces/local/lib/python3.10/dist-packages/telerobot_interfaces/msg/_move_cmd.py
[2.940s] -- Installing: /media/ros/fedora/home/maylis/Dokumente/TeleNav/project_ws/src/telerobot_interfaces/install/telerobot_interfaces/local/lib/python3.10/dist-packages/telerobot_interfaces/msg/_move_cmd_s.c
[2.940s] -- Installing: /media/ros/fedora/home/maylis/Dokumente/TeleNav/project_ws/src/telerobot_interfaces/install/telerobot_interfaces/local/lib/python3.10/dist-packages/telerobot_interfaces/msg/__init__.py
[2.940s] -- Installing: /media/ros/fedora/home/maylis/Dokumente/TeleNav/project_ws/src/telerobot_interfaces/install/telerobot_interfaces/local/lib/python3.10/dist-packages/telerobot_interfaces/_telerobot_interfaces_s.ep.rosidl_typesupport_fastrtps_c.c
[2.941s] -- Installing: /media/ros/fedora/home/maylis/Dokumente/TeleNav/project_ws/src/telerobot_interfaces/install/telerobot_interfaces/local/lib/python3.10/dist-packages/telerobot_interfaces/_telerobot_interfaces_s.ep.rosidl_typesupport_introspection_c.c
[2.941s] -- Installing: /media/ros/fedora/home/maylis/Dokumente/TeleNav/project_ws/src/telerobot_interfaces/install/telerobot_interfaces/local/lib/python3.10/dist-packages/telerobot_interfaces/_telerobot_interfaces_s.ep.rosidl_typesupport_c.c
[2.941s] -- Installing: /media/ros/fedora/home/maylis/Dokumente/TeleNav/project_ws/src/telerobot_interfaces/install/telerobot_interfaces/local/lib/python3.10/dist-packages/telerobot_interfaces/libtelerobot_interfaces__rosidl_generator_py.so
[2.941s] -- Installing: /media/ros/fedora/home/maylis/Dokumente/TeleNav/project_ws/src/telerobot_interfaces/install/telerobot_interfaces/local/lib/python3.10/dist-packages/telerobot_interfaces/telerobot_interfaces_s__rosidl_typesupport_c.cpython-310-x86_64-linux-gnu.so
[2.941s] -- Installing: /media/ros/fedora/home/maylis/Dokumente/TeleNav/project_ws/src/telerobot_interfaces/install/telerobot_interfaces/local/lib/python3.10/dist-packages/telerobot_interfaces/telerobot_interfaces_s__rosidl_typesupport_introspection_c.cpython-310-x86_64-linux-gnu.so
[2.941s] -- Installing: /media/ros/fedora/home/maylis/Dokumente/TeleNav/project_ws/src/telerobot_interfaces/install/telerobot_interfaces/local/lib/python3.10/dist-packages/telerobot_interfaces/telerobot_interfaces_s__rosidl_typesupport_fastrtps_c.cpython-310-x86_64-linux-gnu.so
[2.969s] Listing '/media/ros/fedora/home/maylis/Dokumente/TeleNav/project_ws/src/telerobot_interfaces/install/telerobot_interfaces/local/lib/python3.10/dist-packages/telerobot_interfaces'...
[2.970s] Compiling '/media/ros/fedora/home/maylis/Dokumente/TeleNav/project_ws/src/telerobot_interfaces/install/telerobot_interfaces/local/lib/python3.10/dist-packages/telerobot_interfaces/__init__.py'...
[2.970s] Listing '/media/ros/fedora/home/maylis/Dokumente/TeleNav/project_ws/src/telerobot_interfaces/install/telerobot_interfaces/local/lib/python3.10/dist-packages/telerobot_interfaces/msg'...
[2.970s] Compiling '/media/ros/fedora/home/maylis/Dokumente/TeleNav/project_ws/src/telerobot_interfaces/install/telerobot_interfaces/local/lib/python3.10/dist-packages/telerobot_interfaces/msg/__init__.py'...
[2.970s] Compiling '/media/ros/fedora/home/maylis/Dokumente/TeleNav/project_ws/src/telerobot_interfaces/install/telerobot_interfaces/local/lib/python3.10/dist-packages/telerobot_interfaces/msg/_move_cmd.py'...
[2.975s] -- Installing: /media/ros/fedora/home/maylis/Dokumente/TeleNav/project_ws/src/telerobot_interfaces/install/telerobot_interfaces/local/lib/python3.10/dist-packages/telerobot_interfaces/telerobot_interfaces_s__rosidl_typesupport_fastrtps_c.cpython-310-x86_64-linux-gnu.so
[2.976s] -- Set runtime path of "/media/ros/fedora/home/maylis/Dokumente/TeleNav/project_ws/src/telerobot_interfaces/install/telerobot_interfaces/local/lib/python3.10/dist-packages/telerobot_interfaces/telerobot_interfaces_s__rosidl_typesupport_fastrtps_c.cpython-310-x86_64-linux-gnu.so" to ""
[2.976s] -- Installing: /media/ros/fedora/home/maylis/Dokumente/TeleNav/project_ws/src/telerobot_interfaces/install/telerobot_interfaces/local/lib/python3.10/dist-packages/telerobot_interfaces/telerobot_interfaces_s__rosidl_typesupport_introspection_c.cpython-310-x86_64-linux-gnu.so
[2.976s] -- Set runtime path of "/media/ros/fedora/home/maylis/Dokumente/TeleNav/project_ws/src/telerobot_interfaces/install/telerobot_interfaces/local/lib/python3.10/dist-packages/telerobot_interfaces/telerobot_interfaces_s__rosidl_typesupport_introspection_c.cpython-310-x86_64-linux-gnu.so" to ""
[2.977s] -- Installing: /media/ros/fedora/home/maylis/Dokumente/TeleNav/project_ws/src/telerobot_interfaces/install/telerobot_interfaces/local/lib/python3.10/dist-packages/telerobot_interfaces/telerobot_interfaces_s__rosidl_typesupport_c.cpython-310-x86_64-linux-gnu.so
[2.977s] -- Set runtime path of "/media/ros/fedora/home/maylis/Dokumente/TeleNav/project_ws/src/telerobot_interfaces/install/telerobot_interfaces/local/lib/python3.10/dist-packages/telerobot_interfaces/telerobot_interfaces_s__rosidl_typesupport_c.cpython-310-x86_64-linux-gnu.so" to ""
[2.977s] -- Installing: /media/ros/fedora/home/maylis/Dokumente/TeleNav/project_ws/src/telerobot_interfaces/install/telerobot_interfaces/lib/libtelerobot_interfaces__rosidl_generator_py.so
[2.978s] -- Set runtime path of "/media/ros/fedora/home/maylis/Dokumente/TeleNav/project_ws/src/telerobot_interfaces/install/telerobot_interfaces/lib/libtelerobot_interfaces__rosidl_generator_py.so" to ""
[2.978s] -- Installing: /media/ros/fedora/home/maylis/Dokumente/TeleNav/project_ws/src/telerobot_interfaces/install/telerobot_interfaces/share/telerobot_interfaces/msg/MoveCmd.idl
[2.978s] -- Installing: /media/ros/fedora/home/maylis/Dokumente/TeleNav/project_ws/src/telerobot_interfaces/install/telerobot_interfaces/share/telerobot_interfaces/msg/MoveCmd.msg
[2.978s] -- Installing: /media/ros/fedora/home/maylis/Dokumente/TeleNav/project_ws/src/telerobot_interfaces/install/telerobot_interfaces/share/ament_index/resource_index/package_run_dependencies/telerobot_interfaces
[2.978s] -- Installing: /media/ros/fedora/home/maylis/Dokumente/TeleNav/project_ws/src/telerobot_interfaces/install/telerobot_interfaces/share/ament_index/resource_index/parent_prefix_path/telerobot_interfaces
[2.978s] -- Installing: /media/ros/fedora/home/maylis/Dokumente/TeleNav/project_ws/src/telerobot_interfaces/install/telerobot_interfaces/share/telerobot_interfaces/environment/ament_prefix_path.sh
[2.979s] -- Installing: /media/ros/fedora/home/maylis/Dokumente/TeleNav/project_ws/src/telerobot_interfaces/install/telerobot_interfaces/share/telerobot_interfaces/environment/ament_prefix_path.dsv
[2.979s] -- Installing: /media/ros/fedora/home/maylis/Dokumente/TeleNav/project_ws/src/telerobot_interfaces/install/telerobot_interfaces/share/telerobot_interfaces/environment/path.sh
[2.979s] -- Installing: /media/ros/fedora/home/maylis/Dokumente/TeleNav/project_ws/src/telerobot_interfaces/install/telerobot_interfaces/share/telerobot_interfaces/environment/path.dsv
[2.979s] -- Installing: /media/ros/fedora/home/maylis/Dokumente/TeleNav/project_ws/src/telerobot_interfaces/install/telerobot_interfaces/share/telerobot_interfaces/local_setup.bash
[2.979s] -- Installing: /media/ros/fedora/home/maylis/Dokumente/TeleNav/project_ws/src/telerobot_interfaces/install/telerobot_interfaces/share/telerobot_interfaces/local_setup.sh
[2.980s] -- Installing: /media/ros/fedora/home/maylis/Dokumente/TeleNav/project_ws/src/telerobot_interfaces/install/telerobot_interfaces/share/telerobot_interfaces/local_setup.zsh
[2.980s] -- Installing: /media/ros/fedora/home/maylis/Dokumente/TeleNav/project_ws/src/telerobot_interfaces/install/telerobot_interfaces/share/telerobot_interfaces/local_setup.dsv
[2.980s] -- Installing: /media/ros/fedora/home/maylis/Dokumente/TeleNav/project_ws/src/telerobot_interfaces/install/telerobot_interfaces/share/telerobot_interfaces/package.dsv
[2.980s] -- Installing: /media/ros/fedora/home/maylis/Dokumente/TeleNav/project_ws/src/telerobot_interfaces/install/telerobot_interfaces/share/ament_index/resource_index/packages/telerobot_interfaces
[2.980s] -- Installing: /media/ros/fedora/home/maylis/Dokumente/TeleNav/project_ws/src/telerobot_interfaces/install/telerobot_interfaces/share/telerobot_interfaces/cmake/export_telerobot_interfaces__rosidl_generator_cExport.cmake
[2.980s] -- Installing: /media/ros/fedora/home/maylis/Dokumente/TeleNav/project_ws/src/telerobot_interfaces/install/telerobot_interfaces/share/telerobot_interfaces/cmake/export_telerobot_interfaces__rosidl_generator_cExport-noconfig.cmake
[2.981s] -- Installing: /media/ros/fedora/home/maylis/Dokumente/TeleNav/project_ws/src/telerobot_interfaces/install/telerobot_interfaces/share/telerobot_interfaces/cmake/export_telerobot_interfaces__rosidl_typesupport_fastrtps_cExport.cmake
[2.981s] -- Installing: /media/ros/fedora/home/maylis/Dokumente/TeleNav/project_ws/src/telerobot_interfaces/install/telerobot_interfaces/share/telerobot_interfaces/cmake/export_telerobot_interfaces__rosidl_typesupport_fastrtps_cExport-noconfig.cmake
[2.981s] -- Installing: /media/ros/fedora/home/maylis/Dokumente/TeleNav/project_ws/src/telerobot_interfaces/install/telerobot_interfaces/share/telerobot_interfaces/cmake/telerobot_interfaces__rosidl_typesupport_introspection_cExport.cmake
[2.981s] -- Installing: /media/ros/fedora/home/maylis/Dokumente/TeleNav/project_ws/src/telerobot_interfaces/install/telerobot_interfaces/share/telerobot_interfaces/cmake/telerobot_interfaces__rosidl_typesupport_introspection_cExport-noconfig.cmake
[2.981s] -- Installing: /media/ros/fedora/home/maylis/Dokumente/TeleNav/project_ws/src/telerobot_interfaces/install/telerobot_interfaces/share/telerobot_interfaces/cmake/telerobot_interfaces__rosidl_typesupport_cExport.cmake
[2.981s] -- Installing: /media/ros/fedora/home/maylis/Dokumente/TeleNav/project_ws/src/telerobot_interfaces/install/telerobot_interfaces/share/telerobot_interfaces/cmake/telerobot_interfaces__rosidl_typesupport_cExport-noconfig.cmake
[2.982s] -- Installing: /media/ros/fedora/home/maylis/Dokumente/TeleNav/project_ws/src/telerobot_interfaces/install/telerobot_interfaces/share/telerobot_interfaces/cmake/export_telerobot_interfaces__rosidl_generator_cppExport.cmake
[2.982s] -- Installing: /media/ros/fedora/home/maylis/Dokumente/TeleNav/project_ws/src/telerobot_interfaces/install/telerobot_interfaces/share/telerobot_interfaces/cmake/export_telerobot_interfaces__rosidl_typesupport_fastrtps_cppExport.cmake
[2.982s] -- Installing: /media/ros/fedora/home/maylis/Dokumente/TeleNav/project_ws/src/telerobot_interfaces/install/telerobot_interfaces/share/telerobot_interfaces/cmake/export_telerobot_interfaces__rosidl_typesupport_fastrtps_cppExport-noconfig.cmake
[2.982s] -- Installing: /media/ros/fedora/home/maylis/Dokumente/TeleNav/project_ws/src/telerobot_interfaces/install/telerobot_interfaces/share/telerobot_interfaces/cmake/telerobot_interfaces__rosidl_typesupport_introspection_cppExport.cmake
[2.982s] -- Installing: /media/ros/fedora/home/maylis/Dokumente/TeleNav/project_ws/src/telerobot_interfaces/install/telerobot_interfaces/share/telerobot_interfaces/cmake/telerobot_interfaces__rosidl_typesupport_introspection_cppExport-noconfig.cmake
[2.983s] -- Installing: /media/ros/fedora/home/maylis/Dokumente/TeleNav/project_ws/src/telerobot_interfaces/install/telerobot_interfaces/share/telerobot_interfaces/cmake/telerobot_interfaces__rosidl_typesupport_cppExport.cmake
[2.983s] -- Installing: /media/ros/fedora/home/maylis/Dokumente/TeleNav/project_ws/src/telerobot_interfaces/install/telerobot_interfaces/share/telerobot_interfaces/cmake/telerobot_interfaces__rosidl_typesupport_cppExport-noconfig.cmake
[2.983s] -- Installing: /media/ros/fedora/home/maylis/Dokumente/TeleNav/project_ws/src/telerobot_interfaces/install/telerobot_interfaces/share/telerobot_interfaces/cmake/export_telerobot_interfaces__rosidl_generator_pyExport.cmake
[2.983s] -- Installing: /media/ros/fedora/home/maylis/Dokumente/TeleNav/project_ws/src/telerobot_interfaces/install/telerobot_interfaces/share/telerobot_interfaces/cmake/export_telerobot_interfaces__rosidl_generator_pyExport-noconfig.cmake
[2.983s] -- Installing: /media/ros/fedora/home/maylis/Dokumente/TeleNav/project_ws/src/telerobot_interfaces/install/telerobot_interfaces/share/telerobot_interfaces/cmake/rosidl_cmake-extras.cmake
[2.983s] -- Installing: /media/ros/fedora/home/maylis/Dokumente/TeleNav/project_ws/src/telerobot_interfaces/install/telerobot_interfaces/share/telerobot_interfaces/cmake/ament_cmake_export_include_directories-extras.cmake
[2.984s] -- Installing: /media/ros/fedora/home/maylis/Dokumente/TeleNav/project_ws/src/telerobot_interfaces/install/telerobot_interfaces/share/telerobot_interfaces/cmake/ament_cmake_export_libraries-extras.cmake
[2.984s] -- Installing: /media/ros/fedora/home/maylis/Dokumente/TeleNav/project_ws/src/telerobot_interfaces/install/telerobot_interfaces/share/telerobot_interfaces/cmake/ament_cmake_export_targets-extras.cmake
[2.984s] -- Installing: /media/ros/fedora/home/maylis/Dokumente/TeleNav/project_ws/src/telerobot_interfaces/install/telerobot_interfaces/share/telerobot_interfaces/cmake/rosidl_cmake_export_typesupport_targets-extras.cmake
[2.984s] -- Installing: /media/ros/fedora/home/maylis/Dokumente/TeleNav/project_ws/src/telerobot_interfaces/install/telerobot_interfaces/share/telerobot_interfaces/cmake/ament_cmake_export_dependencies-extras.cmake
[2.984s] -- Installing: /media/ros/fedora/home/maylis/Dokumente/TeleNav/project_ws/src/telerobot_interfaces/install/telerobot_interfaces/share/telerobot_interfaces/cmake/rosidl_cmake_export_typesupport_libraries-extras.cmake
[2.984s] -- Installing: /media/ros/fedora/home/maylis/Dokumente/TeleNav/project_ws/src/telerobot_interfaces/install/telerobot_interfaces/share/telerobot_interfaces/cmake/telerobot_interfacesConfig.cmake
[2.985s] -- Installing: /media/ros/fedora/home/maylis/Dokumente/TeleNav/project_ws/src/telerobot_interfaces/install/telerobot_interfaces/share/telerobot_interfaces/cmake/telerobot_interfacesConfig-version.cmake
[2.986s] -- Installing: /media/ros/fedora/home/maylis/Dokumente/TeleNav/project_ws/src/telerobot_interfaces/install/telerobot_interfaces/share/telerobot_interfaces/package.xml
[2.987s] Invoked command in '/media/ros/fedora/home/maylis/Dokumente/TeleNav/project_ws/src/telerobot_interfaces/build/telerobot_interfaces' returned '0': CMAKE_PREFIX_PATH=/opt/ros/humble /usr/bin/cmake --install /media/ros/fedora/home/maylis/Dokumente/TeleNav/project_ws/src/telerobot_interfaces/build/telerobot_interfaces
