running develop
running egg_info
writing telerobot_controller.egg-info/PKG-INFO
writing dependency_links to telerobot_controller.egg-info/dependency_links.txt
writing entry points to telerobot_controller.egg-info/entry_points.txt
writing requirements to telerobot_controller.egg-info/requires.txt
writing top-level names to telerobot_controller.egg-info/top_level.txt
reading manifest file 'telerobot_controller.egg-info/SOURCES.txt'
writing manifest file 'telerobot_controller.egg-info/SOURCES.txt'
running build_ext
Creating /media/ros/fedora/home/maylis/Dokumente/TeleNav/project_ws/install/telerobot_controller/lib/python3.10/site-packages/telerobot-controller.egg-link (link to .)
Installing controller script to /media/ros/fedora/home/maylis/Dokumente/TeleNav/project_ws/install/telerobot_controller/lib/telerobot_controller
Installing interface script to /media/ros/fedora/home/maylis/Dokumente/TeleNav/project_ws/install/telerobot_controller/lib/telerobot_controller

Installed /media/ros/fedora/home/maylis/Dokumente/TeleNav/project_ws/build/telerobot_controller
running symlink_data
symbolically linking /media/ros/fedora/home/maylis/Dokumente/TeleNav/project_ws/build/telerobot_controller/resource/telerobot_controller -> /media/ros/fedora/home/maylis/Dokumente/TeleNav/project_ws/install/telerobot_controller/share/ament_index/resource_index/packages
symbolically linking /media/ros/fedora/home/maylis/Dokumente/TeleNav/project_ws/build/telerobot_controller/package.xml -> /media/ros/fedora/home/maylis/Dokumente/TeleNav/project_ws/install/telerobot_controller/share/telerobot_controller
symbolically linking /media/ros/fedora/home/maylis/Dokumente/TeleNav/project_ws/build/telerobot_controller/templates/index.html -> /media/ros/fedora/home/maylis/Dokumente/TeleNav/project_ws/install/telerobot_controller/share/telerobot_controller/templates
symbolically linking /media/ros/fedora/home/maylis/Dokumente/TeleNav/project_ws/build/telerobot_controller/static/main.js -> /media/ros/fedora/home/maylis/Dokumente/TeleNav/project_ws/install/telerobot_controller/share/telerobot_controller/static
symbolically linking /media/ros/fedora/home/maylis/Dokumente/TeleNav/project_ws/build/telerobot_controller/static/joystick.min.js -> /media/ros/fedora/home/maylis/Dokumente/TeleNav/project_ws/install/telerobot_controller/share/telerobot_controller/static
symbolically linking /media/ros/fedora/home/maylis/Dokumente/TeleNav/project_ws/build/telerobot_controller/telerobot_controller/helpers/__init__.py -> /media/ros/fedora/home/maylis/Dokumente/TeleNav/project_ws/install/telerobot_controller/lib/telerobot_controller/helpers
symbolically linking /media/ros/fedora/home/maylis/Dokumente/TeleNav/project_ws/build/telerobot_controller/telerobot_controller/helpers/movecmd_to_twist.py -> /media/ros/fedora/home/maylis/Dokumente/TeleNav/project_ws/install/telerobot_controller/lib/telerobot_controller/helpers
symbolically linking /media/ros/fedora/home/maylis/Dokumente/TeleNav/project_ws/build/telerobot_controller/telerobot_controller/types/__init__.py -> /media/ros/fedora/home/maylis/Dokumente/TeleNav/project_ws/install/telerobot_controller/lib/telerobot_controller/types
symbolically linking /media/ros/fedora/home/maylis/Dokumente/TeleNav/project_ws/build/telerobot_controller/telerobot_controller/types/messurement.py -> /media/ros/fedora/home/maylis/Dokumente/TeleNav/project_ws/install/telerobot_controller/lib/telerobot_controller/types
symbolically linking /media/ros/fedora/home/maylis/Dokumente/TeleNav/project_ws/build/telerobot_controller/telerobot_controller/types/move_cmd_enum.py -> /media/ros/fedora/home/maylis/Dokumente/TeleNav/project_ws/install/telerobot_controller/lib/telerobot_controller/types
symbolically linking /media/ros/fedora/home/maylis/Dokumente/TeleNav/project_ws/build/telerobot_controller/telerobot_controller/nodes/image_subscriber.py -> /media/ros/fedora/home/maylis/Dokumente/TeleNav/project_ws/install/telerobot_controller/lib/telerobot_controller/nodes
symbolically linking /media/ros/fedora/home/maylis/Dokumente/TeleNav/project_ws/build/telerobot_controller/telerobot_controller/nodes/__init__.py -> /media/ros/fedora/home/maylis/Dokumente/TeleNav/project_ws/install/telerobot_controller/lib/telerobot_controller/nodes
symbolically linking /media/ros/fedora/home/maylis/Dokumente/TeleNav/project_ws/build/telerobot_controller/telerobot_controller/nodes/move_cmd_publisher.py -> /media/ros/fedora/home/maylis/Dokumente/TeleNav/project_ws/install/telerobot_controller/lib/telerobot_controller/nodes
