[0.733s] Invoking command in '/media/ros/fedora/home/maylis/Dokumente/TeleNav/project_ws/build/telerobot_controller': PYTHONPATH=/media/ros/fedora/home/maylis/Dokumente/TeleNav/project_ws/build/telerobot_controller/prefix_override:/usr/lib/python3/dist-packages/colcon_core/task/python/colcon_distutils_commands:/media/ros/fedora/home/maylis/Dokumente/TeleNav/project_ws/install/telerobot_controller/lib/python3.10/site-packages:${PYTHONPATH} /usr/bin/python3 -W ignore:setup.py install is deprecated -W ignore:easy_install command is deprecated setup.py develop --editable --build-directory /media/ros/fedora/home/maylis/Dokumente/TeleNav/project_ws/build/telerobot_controller/build --no-deps symlink_data --force
[0.997s] running develop
[1.181s] running egg_info
[1.182s] writing telerobot_controller.egg-info/PKG-INFO
[1.183s] writing dependency_links to telerobot_controller.egg-info/dependency_links.txt
[1.183s] writing entry points to telerobot_controller.egg-info/entry_points.txt
[1.183s] writing requirements to telerobot_controller.egg-info/requires.txt
[1.183s] writing top-level names to telerobot_controller.egg-info/top_level.txt
[1.185s] reading manifest file 'telerobot_controller.egg-info/SOURCES.txt'
[1.186s] writing manifest file 'telerobot_controller.egg-info/SOURCES.txt'
[1.187s] running build_ext
[1.187s] Creating /media/ros/fedora/home/maylis/Dokumente/TeleNav/project_ws/install/telerobot_controller/lib/python3.10/site-packages/telerobot-controller.egg-link (link to .)
[1.188s] Installing controller script to /media/ros/fedora/home/maylis/Dokumente/TeleNav/project_ws/install/telerobot_controller/lib/telerobot_controller
[1.188s] Installing interface script to /media/ros/fedora/home/maylis/Dokumente/TeleNav/project_ws/install/telerobot_controller/lib/telerobot_controller
[1.189s] 
[1.189s] Installed /media/ros/fedora/home/maylis/Dokumente/TeleNav/project_ws/build/telerobot_controller
[1.190s] running symlink_data
[1.190s] symbolically linking /media/ros/fedora/home/maylis/Dokumente/TeleNav/project_ws/build/telerobot_controller/resource/telerobot_controller -> /media/ros/fedora/home/maylis/Dokumente/TeleNav/project_ws/install/telerobot_controller/share/ament_index/resource_index/packages
[1.190s] symbolically linking /media/ros/fedora/home/maylis/Dokumente/TeleNav/project_ws/build/telerobot_controller/package.xml -> /media/ros/fedora/home/maylis/Dokumente/TeleNav/project_ws/install/telerobot_controller/share/telerobot_controller
[1.190s] symbolically linking /media/ros/fedora/home/maylis/Dokumente/TeleNav/project_ws/build/telerobot_controller/templates/index.html -> /media/ros/fedora/home/maylis/Dokumente/TeleNav/project_ws/install/telerobot_controller/share/telerobot_controller/templates
[1.190s] symbolically linking /media/ros/fedora/home/maylis/Dokumente/TeleNav/project_ws/build/telerobot_controller/static/main.js -> /media/ros/fedora/home/maylis/Dokumente/TeleNav/project_ws/install/telerobot_controller/share/telerobot_controller/static
[1.190s] symbolically linking /media/ros/fedora/home/maylis/Dokumente/TeleNav/project_ws/build/telerobot_controller/static/joystick.min.js -> /media/ros/fedora/home/maylis/Dokumente/TeleNav/project_ws/install/telerobot_controller/share/telerobot_controller/static
[1.190s] symbolically linking /media/ros/fedora/home/maylis/Dokumente/TeleNav/project_ws/build/telerobot_controller/telerobot_controller/helpers/__init__.py -> /media/ros/fedora/home/maylis/Dokumente/TeleNav/project_ws/install/telerobot_controller/lib/telerobot_controller/helpers
[1.191s] symbolically linking /media/ros/fedora/home/maylis/Dokumente/TeleNav/project_ws/build/telerobot_controller/telerobot_controller/helpers/movecmd_to_twist.py -> /media/ros/fedora/home/maylis/Dokumente/TeleNav/project_ws/install/telerobot_controller/lib/telerobot_controller/helpers
[1.191s] symbolically linking /media/ros/fedora/home/maylis/Dokumente/TeleNav/project_ws/build/telerobot_controller/telerobot_controller/types/__init__.py -> /media/ros/fedora/home/maylis/Dokumente/TeleNav/project_ws/install/telerobot_controller/lib/telerobot_controller/types
[1.191s] symbolically linking /media/ros/fedora/home/maylis/Dokumente/TeleNav/project_ws/build/telerobot_controller/telerobot_controller/types/messurement.py -> /media/ros/fedora/home/maylis/Dokumente/TeleNav/project_ws/install/telerobot_controller/lib/telerobot_controller/types
[1.191s] symbolically linking /media/ros/fedora/home/maylis/Dokumente/TeleNav/project_ws/build/telerobot_controller/telerobot_controller/types/move_cmd_enum.py -> /media/ros/fedora/home/maylis/Dokumente/TeleNav/project_ws/install/telerobot_controller/lib/telerobot_controller/types
[1.191s] symbolically linking /media/ros/fedora/home/maylis/Dokumente/TeleNav/project_ws/build/telerobot_controller/telerobot_controller/nodes/image_subscriber.py -> /media/ros/fedora/home/maylis/Dokumente/TeleNav/project_ws/install/telerobot_controller/lib/telerobot_controller/nodes
[1.191s] symbolically linking /media/ros/fedora/home/maylis/Dokumente/TeleNav/project_ws/build/telerobot_controller/telerobot_controller/nodes/__init__.py -> /media/ros/fedora/home/maylis/Dokumente/TeleNav/project_ws/install/telerobot_controller/lib/telerobot_controller/nodes
[1.192s] symbolically linking /media/ros/fedora/home/maylis/Dokumente/TeleNav/project_ws/build/telerobot_controller/telerobot_controller/nodes/move_cmd_publisher.py -> /media/ros/fedora/home/maylis/Dokumente/TeleNav/project_ws/install/telerobot_controller/lib/telerobot_controller/nodes
[1.247s] Invoked command in '/media/ros/fedora/home/maylis/Dokumente/TeleNav/project_ws/build/telerobot_controller' returned '0': PYTHONPATH=/media/ros/fedora/home/maylis/Dokumente/TeleNav/project_ws/build/telerobot_controller/prefix_override:/usr/lib/python3/dist-packages/colcon_core/task/python/colcon_distutils_commands:/media/ros/fedora/home/maylis/Dokumente/TeleNav/project_ws/install/telerobot_controller/lib/python3.10/site-packages:${PYTHONPATH} /usr/bin/python3 -W ignore:setup.py install is deprecated -W ignore:easy_install command is deprecated setup.py develop --editable --build-directory /media/ros/fedora/home/maylis/Dokumente/TeleNav/project_ws/build/telerobot_controller/build --no-deps symlink_data --force
