[0.607s] Invoking command in '/media/ros/fedora/home/maylis/Dokumente/TeleNav/ros2_udemy_ws/src/my_robot_controller': PYTHONPATH=/media/ros/fedora/home/maylis/Dokumente/TeleNav/ros2_udemy_ws/src/build/my_robot_controller/prefix_override:/usr/lib/python3/dist-packages/colcon_core/task/python/colcon_distutils_commands:/media/ros/fedora/home/maylis/Dokumente/TeleNav/ros2_udemy_ws/src/install/my_robot_controller/lib/python3.10/site-packages:${PYTHONPATH} /usr/bin/python3 -W ignore:setup.py install is deprecated -W ignore:easy_install command is deprecated setup.py egg_info --egg-base ../build/my_robot_controller build --build-base /media/ros/fedora/home/maylis/Dokumente/TeleNav/ros2_udemy_ws/src/build/my_robot_controller/build install --record /media/ros/fedora/home/maylis/Dokumente/TeleNav/ros2_udemy_ws/src/build/my_robot_controller/install.log --single-version-externally-managed install_data
[0.806s] running egg_info
[0.807s] writing ../build/my_robot_controller/my_robot_controller.egg-info/PKG-INFO
[0.807s] writing dependency_links to ../build/my_robot_controller/my_robot_controller.egg-info/dependency_links.txt
[0.808s] writing entry points to ../build/my_robot_controller/my_robot_controller.egg-info/entry_points.txt
[0.808s] writing requirements to ../build/my_robot_controller/my_robot_controller.egg-info/requires.txt
[0.810s] writing top-level names to ../build/my_robot_controller/my_robot_controller.egg-info/top_level.txt
[0.812s] reading manifest file '../build/my_robot_controller/my_robot_controller.egg-info/SOURCES.txt'
[0.812s] writing manifest file '../build/my_robot_controller/my_robot_controller.egg-info/SOURCES.txt'
[0.812s] running build
[0.812s] running build_py
[0.813s] copying my_robot_controller/compute_rectangle_area_service.py -> /media/ros/fedora/home/maylis/Dokumente/TeleNav/ros2_udemy_ws/src/build/my_robot_controller/build/lib/my_robot_controller
[0.813s] copying my_robot_controller/battery_node.py -> /media/ros/fedora/home/maylis/Dokumente/TeleNav/ros2_udemy_ws/src/build/my_robot_controller/build/lib/my_robot_controller
[0.813s] copying my_robot_controller/led_panel_node.py -> /media/ros/fedora/home/maylis/Dokumente/TeleNav/ros2_udemy_ws/src/build/my_robot_controller/build/lib/my_robot_controller
[0.813s] copying my_robot_controller/parameter_publisher.py -> /media/ros/fedora/home/maylis/Dokumente/TeleNav/ros2_udemy_ws/src/build/my_robot_controller/build/lib/my_robot_controller
[0.813s] running install
[0.813s] running install_lib
[0.814s] creating /media/ros/fedora/home/maylis/Dokumente/TeleNav/ros2_udemy_ws/src/install/my_robot_controller/lib/python3.10/site-packages/my_robot_controller
[0.814s] copying /media/ros/fedora/home/maylis/Dokumente/TeleNav/ros2_udemy_ws/src/build/my_robot_controller/build/lib/my_robot_controller/__init__.py -> /media/ros/fedora/home/maylis/Dokumente/TeleNav/ros2_udemy_ws/src/install/my_robot_controller/lib/python3.10/site-packages/my_robot_controller
[0.814s] copying /media/ros/fedora/home/maylis/Dokumente/TeleNav/ros2_udemy_ws/src/build/my_robot_controller/build/lib/my_robot_controller/my_first_node.py -> /media/ros/fedora/home/maylis/Dokumente/TeleNav/ros2_udemy_ws/src/install/my_robot_controller/lib/python3.10/site-packages/my_robot_controller
[0.815s] copying /media/ros/fedora/home/maylis/Dokumente/TeleNav/ros2_udemy_ws/src/build/my_robot_controller/build/lib/my_robot_controller/add_two_int_server.py -> /media/ros/fedora/home/maylis/Dokumente/TeleNav/ros2_udemy_ws/src/install/my_robot_controller/lib/python3.10/site-packages/my_robot_controller
[0.815s] copying /media/ros/fedora/home/maylis/Dokumente/TeleNav/ros2_udemy_ws/src/build/my_robot_controller/build/lib/my_robot_controller/add_two_ints_client.py -> /media/ros/fedora/home/maylis/Dokumente/TeleNav/ros2_udemy_ws/src/install/my_robot_controller/lib/python3.10/site-packages/my_robot_controller
[0.815s] copying /media/ros/fedora/home/maylis/Dokumente/TeleNav/ros2_udemy_ws/src/build/my_robot_controller/build/lib/my_robot_controller/number_counter.py -> /media/ros/fedora/home/maylis/Dokumente/TeleNav/ros2_udemy_ws/src/install/my_robot_controller/lib/python3.10/site-packages/my_robot_controller
[0.815s] copying /media/ros/fedora/home/maylis/Dokumente/TeleNav/ros2_udemy_ws/src/build/my_robot_controller/build/lib/my_robot_controller/hardware_status.py -> /media/ros/fedora/home/maylis/Dokumente/TeleNav/ros2_udemy_ws/src/install/my_robot_controller/lib/python3.10/site-packages/my_robot_controller
[0.815s] copying /media/ros/fedora/home/maylis/Dokumente/TeleNav/ros2_udemy_ws/src/build/my_robot_controller/build/lib/my_robot_controller/ComputeRectangleService.py -> /media/ros/fedora/home/maylis/Dokumente/TeleNav/ros2_udemy_ws/src/install/my_robot_controller/lib/python3.10/site-packages/my_robot_controller
[0.815s] copying /media/ros/fedora/home/maylis/Dokumente/TeleNav/ros2_udemy_ws/src/build/my_robot_controller/build/lib/my_robot_controller/compute_rectangle_area_service.py -> /media/ros/fedora/home/maylis/Dokumente/TeleNav/ros2_udemy_ws/src/install/my_robot_controller/lib/python3.10/site-packages/my_robot_controller
[0.815s] copying /media/ros/fedora/home/maylis/Dokumente/TeleNav/ros2_udemy_ws/src/build/my_robot_controller/build/lib/my_robot_controller/battery_node.py -> /media/ros/fedora/home/maylis/Dokumente/TeleNav/ros2_udemy_ws/src/install/my_robot_controller/lib/python3.10/site-packages/my_robot_controller
[0.815s] copying /media/ros/fedora/home/maylis/Dokumente/TeleNav/ros2_udemy_ws/src/build/my_robot_controller/build/lib/my_robot_controller/led_panel_node.py -> /media/ros/fedora/home/maylis/Dokumente/TeleNav/ros2_udemy_ws/src/install/my_robot_controller/lib/python3.10/site-packages/my_robot_controller
[0.815s] copying /media/ros/fedora/home/maylis/Dokumente/TeleNav/ros2_udemy_ws/src/build/my_robot_controller/build/lib/my_robot_controller/parameter_publisher.py -> /media/ros/fedora/home/maylis/Dokumente/TeleNav/ros2_udemy_ws/src/install/my_robot_controller/lib/python3.10/site-packages/my_robot_controller
[0.815s] byte-compiling /media/ros/fedora/home/maylis/Dokumente/TeleNav/ros2_udemy_ws/src/install/my_robot_controller/lib/python3.10/site-packages/my_robot_controller/__init__.py to __init__.cpython-310.pyc
[0.815s] byte-compiling /media/ros/fedora/home/maylis/Dokumente/TeleNav/ros2_udemy_ws/src/install/my_robot_controller/lib/python3.10/site-packages/my_robot_controller/my_first_node.py to my_first_node.cpython-310.pyc
[0.816s] byte-compiling /media/ros/fedora/home/maylis/Dokumente/TeleNav/ros2_udemy_ws/src/install/my_robot_controller/lib/python3.10/site-packages/my_robot_controller/add_two_int_server.py to add_two_int_server.cpython-310.pyc
[0.816s] byte-compiling /media/ros/fedora/home/maylis/Dokumente/TeleNav/ros2_udemy_ws/src/install/my_robot_controller/lib/python3.10/site-packages/my_robot_controller/add_two_ints_client.py to add_two_ints_client.cpython-310.pyc
[0.816s] byte-compiling /media/ros/fedora/home/maylis/Dokumente/TeleNav/ros2_udemy_ws/src/install/my_robot_controller/lib/python3.10/site-packages/my_robot_controller/number_counter.py to number_counter.cpython-310.pyc
[0.816s] byte-compiling /media/ros/fedora/home/maylis/Dokumente/TeleNav/ros2_udemy_ws/src/install/my_robot_controller/lib/python3.10/site-packages/my_robot_controller/hardware_status.py to hardware_status.cpython-310.pyc
[0.816s] byte-compiling /media/ros/fedora/home/maylis/Dokumente/TeleNav/ros2_udemy_ws/src/install/my_robot_controller/lib/python3.10/site-packages/my_robot_controller/ComputeRectangleService.py to ComputeRectangleService.cpython-310.pyc
[0.816s] byte-compiling /media/ros/fedora/home/maylis/Dokumente/TeleNav/ros2_udemy_ws/src/install/my_robot_controller/lib/python3.10/site-packages/my_robot_controller/compute_rectangle_area_service.py to compute_rectangle_area_service.cpython-310.pyc
[0.816s] byte-compiling /media/ros/fedora/home/maylis/Dokumente/TeleNav/ros2_udemy_ws/src/install/my_robot_controller/lib/python3.10/site-packages/my_robot_controller/battery_node.py to battery_node.cpython-310.pyc
[0.816s] byte-compiling /media/ros/fedora/home/maylis/Dokumente/TeleNav/ros2_udemy_ws/src/install/my_robot_controller/lib/python3.10/site-packages/my_robot_controller/led_panel_node.py to led_panel_node.cpython-310.pyc
[0.817s] byte-compiling /media/ros/fedora/home/maylis/Dokumente/TeleNav/ros2_udemy_ws/src/install/my_robot_controller/lib/python3.10/site-packages/my_robot_controller/parameter_publisher.py to parameter_publisher.cpython-310.pyc
[0.817s] running install_data
[0.817s] creating /media/ros/fedora/home/maylis/Dokumente/TeleNav/ros2_udemy_ws/src/install/my_robot_controller/share/ament_index
[0.817s] creating /media/ros/fedora/home/maylis/Dokumente/TeleNav/ros2_udemy_ws/src/install/my_robot_controller/share/ament_index/resource_index
[0.817s] creating /media/ros/fedora/home/maylis/Dokumente/TeleNav/ros2_udemy_ws/src/install/my_robot_controller/share/ament_index/resource_index/packages
[0.817s] copying resource/my_robot_controller -> /media/ros/fedora/home/maylis/Dokumente/TeleNav/ros2_udemy_ws/src/install/my_robot_controller/share/ament_index/resource_index/packages
[0.817s] copying package.xml -> /media/ros/fedora/home/maylis/Dokumente/TeleNav/ros2_udemy_ws/src/install/my_robot_controller/share/my_robot_controller
[0.818s] running install_egg_info
[0.819s] Copying ../build/my_robot_controller/my_robot_controller.egg-info to /media/ros/fedora/home/maylis/Dokumente/TeleNav/ros2_udemy_ws/src/install/my_robot_controller/lib/python3.10/site-packages/my_robot_controller-0.0.0-py3.10.egg-info
[0.820s] running install_scripts
[0.839s] Installing add_two_number_client script to /media/ros/fedora/home/maylis/Dokumente/TeleNav/ros2_udemy_ws/src/install/my_robot_controller/lib/my_robot_controller
[0.841s] Installing add_two_numbers script to /media/ros/fedora/home/maylis/Dokumente/TeleNav/ros2_udemy_ws/src/install/my_robot_controller/lib/my_robot_controller
[0.841s] Installing battery_node script to /media/ros/fedora/home/maylis/Dokumente/TeleNav/ros2_udemy_ws/src/install/my_robot_controller/lib/my_robot_controller
[0.841s] Installing compute_rectangle_service script to /media/ros/fedora/home/maylis/Dokumente/TeleNav/ros2_udemy_ws/src/install/my_robot_controller/lib/my_robot_controller
[0.841s] Installing hw_status_publisher script to /media/ros/fedora/home/maylis/Dokumente/TeleNav/ros2_udemy_ws/src/install/my_robot_controller/lib/my_robot_controller
[0.842s] Installing led_panel_node script to /media/ros/fedora/home/maylis/Dokumente/TeleNav/ros2_udemy_ws/src/install/my_robot_controller/lib/my_robot_controller
[0.842s] Installing number_counter script to /media/ros/fedora/home/maylis/Dokumente/TeleNav/ros2_udemy_ws/src/install/my_robot_controller/lib/my_robot_controller
[0.842s] Installing parameter_publisher script to /media/ros/fedora/home/maylis/Dokumente/TeleNav/ros2_udemy_ws/src/install/my_robot_controller/lib/my_robot_controller
[0.842s] Installing py_node script to /media/ros/fedora/home/maylis/Dokumente/TeleNav/ros2_udemy_ws/src/install/my_robot_controller/lib/my_robot_controller
[0.842s] writing list of installed files to '/media/ros/fedora/home/maylis/Dokumente/TeleNav/ros2_udemy_ws/src/build/my_robot_controller/install.log'
[0.875s] Invoked command in '/media/ros/fedora/home/maylis/Dokumente/TeleNav/ros2_udemy_ws/src/my_robot_controller' returned '0': PYTHONPATH=/media/ros/fedora/home/maylis/Dokumente/TeleNav/ros2_udemy_ws/src/build/my_robot_controller/prefix_override:/usr/lib/python3/dist-packages/colcon_core/task/python/colcon_distutils_commands:/media/ros/fedora/home/maylis/Dokumente/TeleNav/ros2_udemy_ws/src/install/my_robot_controller/lib/python3.10/site-packages:${PYTHONPATH} /usr/bin/python3 -W ignore:setup.py install is deprecated -W ignore:easy_install command is deprecated setup.py egg_info --egg-base ../build/my_robot_controller build --build-base /media/ros/fedora/home/maylis/Dokumente/TeleNav/ros2_udemy_ws/src/build/my_robot_controller/build install --record /media/ros/fedora/home/maylis/Dokumente/TeleNav/ros2_udemy_ws/src/build/my_robot_controller/install.log --single-version-externally-managed install_data
