[0.879s] Invoking command in '/media/ros/fedora/home/maylis/Dokumente/TeleNav/ros2_udemy_ws/src/my_robot_controller': PYTHONPATH=/media/ros/fedora/home/maylis/Dokumente/TeleNav/ros2_udemy_ws/build/my_robot_controller/prefix_override:/usr/lib/python3/dist-packages/colcon_core/task/python/colcon_distutils_commands:/media/ros/fedora/home/maylis/Dokumente/TeleNav/ros2_udemy_ws/install/my_robot_controller/lib/python3.10/site-packages:${PYTHONPATH} /usr/bin/python3 -W ignore:setup.py install is deprecated -W ignore:easy_install command is deprecated setup.py egg_info --egg-base ../../build/my_robot_controller build --build-base /media/ros/fedora/home/maylis/Dokumente/TeleNav/ros2_udemy_ws/build/my_robot_controller/build install --record /media/ros/fedora/home/maylis/Dokumente/TeleNav/ros2_udemy_ws/build/my_robot_controller/install.log --single-version-externally-managed install_data
[1.194s] running egg_info
[1.195s] writing ../../build/my_robot_controller/my_robot_controller.egg-info/PKG-INFO
[1.196s] writing dependency_links to ../../build/my_robot_controller/my_robot_controller.egg-info/dependency_links.txt
[1.196s] writing entry points to ../../build/my_robot_controller/my_robot_controller.egg-info/entry_points.txt
[1.196s] writing requirements to ../../build/my_robot_controller/my_robot_controller.egg-info/requires.txt
[1.196s] writing top-level names to ../../build/my_robot_controller/my_robot_controller.egg-info/top_level.txt
[1.198s] reading manifest file '../../build/my_robot_controller/my_robot_controller.egg-info/SOURCES.txt'
[1.199s] writing manifest file '../../build/my_robot_controller/my_robot_controller.egg-info/SOURCES.txt'
[1.200s] running build
[1.200s] running build_py
[1.200s] copying my_robot_controller/add_two_int_server.py -> /media/ros/fedora/home/maylis/Dokumente/TeleNav/ros2_udemy_ws/build/my_robot_controller/build/lib/my_robot_controller
[1.200s] copying my_robot_controller/add_two_ints_client.py -> /media/ros/fedora/home/maylis/Dokumente/TeleNav/ros2_udemy_ws/build/my_robot_controller/build/lib/my_robot_controller
[1.201s] running install
[1.201s] running install_lib
[1.202s] copying /media/ros/fedora/home/maylis/Dokumente/TeleNav/ros2_udemy_ws/build/my_robot_controller/build/lib/my_robot_controller/add_two_int_server.py -> /media/ros/fedora/home/maylis/Dokumente/TeleNav/ros2_udemy_ws/install/my_robot_controller/lib/python3.10/site-packages/my_robot_controller
[1.202s] copying /media/ros/fedora/home/maylis/Dokumente/TeleNav/ros2_udemy_ws/build/my_robot_controller/build/lib/my_robot_controller/add_two_ints_client.py -> /media/ros/fedora/home/maylis/Dokumente/TeleNav/ros2_udemy_ws/install/my_robot_controller/lib/python3.10/site-packages/my_robot_controller
[1.203s] byte-compiling /media/ros/fedora/home/maylis/Dokumente/TeleNav/ros2_udemy_ws/install/my_robot_controller/lib/python3.10/site-packages/my_robot_controller/add_two_int_server.py to add_two_int_server.cpython-310.pyc
[1.204s] byte-compiling /media/ros/fedora/home/maylis/Dokumente/TeleNav/ros2_udemy_ws/install/my_robot_controller/lib/python3.10/site-packages/my_robot_controller/add_two_ints_client.py to add_two_ints_client.cpython-310.pyc
[1.205s] running install_data
[1.206s] running install_egg_info
[1.208s] removing '/media/ros/fedora/home/maylis/Dokumente/TeleNav/ros2_udemy_ws/install/my_robot_controller/lib/python3.10/site-packages/my_robot_controller-0.0.0-py3.10.egg-info' (and everything under it)
[1.209s] Copying ../../build/my_robot_controller/my_robot_controller.egg-info to /media/ros/fedora/home/maylis/Dokumente/TeleNav/ros2_udemy_ws/install/my_robot_controller/lib/python3.10/site-packages/my_robot_controller-0.0.0-py3.10.egg-info
[1.210s] running install_scripts
[1.243s] Installing add_two_number_client script to /media/ros/fedora/home/maylis/Dokumente/TeleNav/ros2_udemy_ws/install/my_robot_controller/lib/my_robot_controller
[1.243s] Installing add_two_numbers script to /media/ros/fedora/home/maylis/Dokumente/TeleNav/ros2_udemy_ws/install/my_robot_controller/lib/my_robot_controller
[1.244s] Installing py_node script to /media/ros/fedora/home/maylis/Dokumente/TeleNav/ros2_udemy_ws/install/my_robot_controller/lib/my_robot_controller
[1.244s] writing list of installed files to '/media/ros/fedora/home/maylis/Dokumente/TeleNav/ros2_udemy_ws/build/my_robot_controller/install.log'
[1.302s] Invoked command in '/media/ros/fedora/home/maylis/Dokumente/TeleNav/ros2_udemy_ws/src/my_robot_controller' returned '0': PYTHONPATH=/media/ros/fedora/home/maylis/Dokumente/TeleNav/ros2_udemy_ws/build/my_robot_controller/prefix_override:/usr/lib/python3/dist-packages/colcon_core/task/python/colcon_distutils_commands:/media/ros/fedora/home/maylis/Dokumente/TeleNav/ros2_udemy_ws/install/my_robot_controller/lib/python3.10/site-packages:${PYTHONPATH} /usr/bin/python3 -W ignore:setup.py install is deprecated -W ignore:easy_install command is deprecated setup.py egg_info --egg-base ../../build/my_robot_controller build --build-base /media/ros/fedora/home/maylis/Dokumente/TeleNav/ros2_udemy_ws/build/my_robot_controller/build install --record /media/ros/fedora/home/maylis/Dokumente/TeleNav/ros2_udemy_ws/build/my_robot_controller/install.log --single-version-externally-managed install_data
