[0.013s] Invoking command in '/media/ros/fedora/home/maylis/Dokumente/TeleNav/bumberbot_ws/src/build/bumperbot_cpp_examples': CMAKE_PREFIX_PATH=${CMAKE_PREFIX_PATH}:/media/ros/fedora/home/maylis/Dokumente/TeleNav/bumberbot_ws/install/bumperbot_py_examples:/opt/ros/iron /usr/bin/cmake /media/ros/fedora/home/maylis/Dokumente/TeleNav/bumberbot_ws/src/bumperbot_cpp_examples -DCMAKE_INSTALL_PREFIX=/media/ros/fedora/home/maylis/Dokumente/TeleNav/bumberbot_ws/src/install/bumperbot_cpp_examples
[0.147s] -- The C compiler identification is GNU 11.4.0
[0.256s] -- The CXX compiler identification is GNU 11.4.0
[0.268s] -- Detecting C compiler ABI info
[0.346s] -- Detecting C compiler ABI info - done
[0.353s] -- Check for working C compiler: /usr/bin/cc - skipped
[0.353s] -- Detecting C compile features
[0.354s] -- Detecting C compile features - done
[0.357s] -- Detecting CXX compiler ABI info
[0.443s] -- Detecting CXX compiler ABI info - done
[0.451s] -- Check for working CXX compiler: /usr/bin/c++ - skipped
[0.451s] -- Detecting CXX compile features
[0.451s] -- Detecting CXX compile features - done
[0.454s] -- Found ament_cmake: 2.0.7 (/opt/ros/iron/share/ament_cmake/cmake)
[0.607s] -- Found Python3: /usr/bin/python3.10 (found version "3.10.12") found components: Interpreter 
[0.706s] -- Found ament_lint_auto: 0.14.4 (/opt/ros/iron/share/ament_lint_auto/cmake)
[0.779s] -- Added test 'lint_cmake' to check CMake code style
[0.780s] -- Added test 'xmllint' to check XML markup files
[0.781s] -- Configuring done
[0.784s] -- Generating done
[0.786s] -- Build files have been written to: /media/ros/fedora/home/maylis/Dokumente/TeleNav/bumberbot_ws/src/build/bumperbot_cpp_examples
[0.791s] Invoked command in '/media/ros/fedora/home/maylis/Dokumente/TeleNav/bumberbot_ws/src/build/bumperbot_cpp_examples' returned '0': CMAKE_PREFIX_PATH=${CMAKE_PREFIX_PATH}:/media/ros/fedora/home/maylis/Dokumente/TeleNav/bumberbot_ws/install/bumperbot_py_examples:/opt/ros/iron /usr/bin/cmake /media/ros/fedora/home/maylis/Dokumente/TeleNav/bumberbot_ws/src/bumperbot_cpp_examples -DCMAKE_INSTALL_PREFIX=/media/ros/fedora/home/maylis/Dokumente/TeleNav/bumberbot_ws/src/install/bumperbot_cpp_examples
[0.794s] Invoking command in '/media/ros/fedora/home/maylis/Dokumente/TeleNav/bumberbot_ws/src/build/bumperbot_cpp_examples': CMAKE_PREFIX_PATH=${CMAKE_PREFIX_PATH}:/media/ros/fedora/home/maylis/Dokumente/TeleNav/bumberbot_ws/install/bumperbot_py_examples:/opt/ros/iron /usr/bin/cmake --build /media/ros/fedora/home/maylis/Dokumente/TeleNav/bumberbot_ws/src/build/bumperbot_cpp_examples -- -j6 -l6
[0.834s] Invoked command in '/media/ros/fedora/home/maylis/Dokumente/TeleNav/bumberbot_ws/src/build/bumperbot_cpp_examples' returned '0': CMAKE_PREFIX_PATH=${CMAKE_PREFIX_PATH}:/media/ros/fedora/home/maylis/Dokumente/TeleNav/bumberbot_ws/install/bumperbot_py_examples:/opt/ros/iron /usr/bin/cmake --build /media/ros/fedora/home/maylis/Dokumente/TeleNav/bumberbot_ws/src/build/bumperbot_cpp_examples -- -j6 -l6
[0.845s] Invoking command in '/media/ros/fedora/home/maylis/Dokumente/TeleNav/bumberbot_ws/src/build/bumperbot_cpp_examples': CMAKE_PREFIX_PATH=${CMAKE_PREFIX_PATH}:/media/ros/fedora/home/maylis/Dokumente/TeleNav/bumberbot_ws/install/bumperbot_py_examples:/opt/ros/iron /usr/bin/cmake --install /media/ros/fedora/home/maylis/Dokumente/TeleNav/bumberbot_ws/src/build/bumperbot_cpp_examples
[0.852s] -- Install configuration: ""
[0.852s] -- Installing: /media/ros/fedora/home/maylis/Dokumente/TeleNav/bumberbot_ws/src/install/bumperbot_cpp_examples/share/ament_index/resource_index/package_run_dependencies/bumperbot_cpp_examples
[0.855s] -- Installing: /media/ros/fedora/home/maylis/Dokumente/TeleNav/bumberbot_ws/src/install/bumperbot_cpp_examples/share/ament_index/resource_index/parent_prefix_path/bumperbot_cpp_examples
[0.855s] -- Installing: /media/ros/fedora/home/maylis/Dokumente/TeleNav/bumberbot_ws/src/install/bumperbot_cpp_examples/share/bumperbot_cpp_examples/environment/ament_prefix_path.sh
[0.855s] -- Installing: /media/ros/fedora/home/maylis/Dokumente/TeleNav/bumberbot_ws/src/install/bumperbot_cpp_examples/share/bumperbot_cpp_examples/environment/ament_prefix_path.dsv
[0.855s] -- Installing: /media/ros/fedora/home/maylis/Dokumente/TeleNav/bumberbot_ws/src/install/bumperbot_cpp_examples/share/bumperbot_cpp_examples/environment/path.sh
[0.855s] -- Installing: /media/ros/fedora/home/maylis/Dokumente/TeleNav/bumberbot_ws/src/install/bumperbot_cpp_examples/share/bumperbot_cpp_examples/environment/path.dsv
[0.855s] -- Installing: /media/ros/fedora/home/maylis/Dokumente/TeleNav/bumberbot_ws/src/install/bumperbot_cpp_examples/share/bumperbot_cpp_examples/local_setup.bash
[0.855s] -- Installing: /media/ros/fedora/home/maylis/Dokumente/TeleNav/bumberbot_ws/src/install/bumperbot_cpp_examples/share/bumperbot_cpp_examples/local_setup.sh
[0.855s] -- Installing: /media/ros/fedora/home/maylis/Dokumente/TeleNav/bumberbot_ws/src/install/bumperbot_cpp_examples/share/bumperbot_cpp_examples/local_setup.zsh
[0.855s] -- Installing: /media/ros/fedora/home/maylis/Dokumente/TeleNav/bumberbot_ws/src/install/bumperbot_cpp_examples/share/bumperbot_cpp_examples/local_setup.dsv
[0.855s] -- Installing: /media/ros/fedora/home/maylis/Dokumente/TeleNav/bumberbot_ws/src/install/bumperbot_cpp_examples/share/bumperbot_cpp_examples/package.dsv
[0.855s] -- Installing: /media/ros/fedora/home/maylis/Dokumente/TeleNav/bumberbot_ws/src/install/bumperbot_cpp_examples/share/ament_index/resource_index/packages/bumperbot_cpp_examples
[0.855s] -- Installing: /media/ros/fedora/home/maylis/Dokumente/TeleNav/bumberbot_ws/src/install/bumperbot_cpp_examples/share/bumperbot_cpp_examples/cmake/bumperbot_cpp_examplesConfig.cmake
[0.856s] -- Installing: /media/ros/fedora/home/maylis/Dokumente/TeleNav/bumberbot_ws/src/install/bumperbot_cpp_examples/share/bumperbot_cpp_examples/cmake/bumperbot_cpp_examplesConfig-version.cmake
[0.856s] -- Installing: /media/ros/fedora/home/maylis/Dokumente/TeleNav/bumberbot_ws/src/install/bumperbot_cpp_examples/share/bumperbot_cpp_examples/package.xml
[0.862s] Invoked command in '/media/ros/fedora/home/maylis/Dokumente/TeleNav/bumberbot_ws/src/build/bumperbot_cpp_examples' returned '0': CMAKE_PREFIX_PATH=${CMAKE_PREFIX_PATH}:/media/ros/fedora/home/maylis/Dokumente/TeleNav/bumberbot_ws/install/bumperbot_py_examples:/opt/ros/iron /usr/bin/cmake --install /media/ros/fedora/home/maylis/Dokumente/TeleNav/bumberbot_ws/src/build/bumperbot_cpp_examples
