[0.010s] Invoking command in '/media/ros/fedora/home/maylis/Dokumente/TeleNav/simulation_ws/src/build/my_robot_bringup': CMAKE_PREFIX_PATH=/media/ros/fedora/home/maylis/Dokumente/TeleNav/simulation_ws/src/install/my_robot_description:/media/ros/fedora/home/maylis/Dokumente/TeleNav/simulation_ws/src/install/my_robot_bringup:/opt/ros/humble /usr/bin/cmake --build /media/ros/fedora/home/maylis/Dokumente/TeleNav/simulation_ws/src/build/my_robot_bringup -- -j6 -l6
[0.047s] Invoked command in '/media/ros/fedora/home/maylis/Dokumente/TeleNav/simulation_ws/src/build/my_robot_bringup' returned '0': CMAKE_PREFIX_PATH=/media/ros/fedora/home/maylis/Dokumente/TeleNav/simulation_ws/src/install/my_robot_description:/media/ros/fedora/home/maylis/Dokumente/TeleNav/simulation_ws/src/install/my_robot_bringup:/opt/ros/humble /usr/bin/cmake --build /media/ros/fedora/home/maylis/Dokumente/TeleNav/simulation_ws/src/build/my_robot_bringup -- -j6 -l6
[0.049s] Invoking command in '/media/ros/fedora/home/maylis/Dokumente/TeleNav/simulation_ws/src/build/my_robot_bringup': CMAKE_PREFIX_PATH=/media/ros/fedora/home/maylis/Dokumente/TeleNav/simulation_ws/src/install/my_robot_description:/media/ros/fedora/home/maylis/Dokumente/TeleNav/simulation_ws/src/install/my_robot_bringup:/opt/ros/humble /usr/bin/cmake --install /media/ros/fedora/home/maylis/Dokumente/TeleNav/simulation_ws/src/build/my_robot_bringup
[0.056s] -- Install configuration: ""
[0.056s] -- Up-to-date: /media/ros/fedora/home/maylis/Dokumente/TeleNav/simulation_ws/src/install/my_robot_bringup/share/my_robot_bringup//launch
[0.056s] -- Up-to-date: /media/ros/fedora/home/maylis/Dokumente/TeleNav/simulation_ws/src/install/my_robot_bringup/share/my_robot_bringup//launch/my_robot_gazebo.launch.xml
[0.056s] -- Up-to-date: /media/ros/fedora/home/maylis/Dokumente/TeleNav/simulation_ws/src/install/my_robot_bringup/share/my_robot_bringup//rviz
[0.056s] -- Up-to-date: /media/ros/fedora/home/maylis/Dokumente/TeleNav/simulation_ws/src/install/my_robot_bringup/share/my_robot_bringup//rviz/urdf_config.rviz
[0.056s] -- Up-to-date: /media/ros/fedora/home/maylis/Dokumente/TeleNav/simulation_ws/src/install/my_robot_bringup/share/my_robot_bringup//worlds
[0.056s] -- Up-to-date: /media/ros/fedora/home/maylis/Dokumente/TeleNav/simulation_ws/src/install/my_robot_bringup/share/my_robot_bringup//worlds/test_world.world
[0.056s] -- Up-to-date: /media/ros/fedora/home/maylis/Dokumente/TeleNav/simulation_ws/src/install/my_robot_bringup/share/ament_index/resource_index/package_run_dependencies/my_robot_bringup
[0.056s] -- Up-to-date: /media/ros/fedora/home/maylis/Dokumente/TeleNav/simulation_ws/src/install/my_robot_bringup/share/ament_index/resource_index/parent_prefix_path/my_robot_bringup
[0.057s] -- Up-to-date: /media/ros/fedora/home/maylis/Dokumente/TeleNav/simulation_ws/src/install/my_robot_bringup/share/my_robot_bringup/environment/ament_prefix_path.sh
[0.057s] -- Up-to-date: /media/ros/fedora/home/maylis/Dokumente/TeleNav/simulation_ws/src/install/my_robot_bringup/share/my_robot_bringup/environment/ament_prefix_path.dsv
[0.057s] -- Up-to-date: /media/ros/fedora/home/maylis/Dokumente/TeleNav/simulation_ws/src/install/my_robot_bringup/share/my_robot_bringup/environment/path.sh
[0.057s] -- Up-to-date: /media/ros/fedora/home/maylis/Dokumente/TeleNav/simulation_ws/src/install/my_robot_bringup/share/my_robot_bringup/environment/path.dsv
[0.057s] -- Up-to-date: /media/ros/fedora/home/maylis/Dokumente/TeleNav/simulation_ws/src/install/my_robot_bringup/share/my_robot_bringup/local_setup.bash
[0.057s] -- Up-to-date: /media/ros/fedora/home/maylis/Dokumente/TeleNav/simulation_ws/src/install/my_robot_bringup/share/my_robot_bringup/local_setup.sh
[0.057s] -- Up-to-date: /media/ros/fedora/home/maylis/Dokumente/TeleNav/simulation_ws/src/install/my_robot_bringup/share/my_robot_bringup/local_setup.zsh
[0.057s] -- Up-to-date: /media/ros/fedora/home/maylis/Dokumente/TeleNav/simulation_ws/src/install/my_robot_bringup/share/my_robot_bringup/local_setup.dsv
[0.057s] -- Installing: /media/ros/fedora/home/maylis/Dokumente/TeleNav/simulation_ws/src/install/my_robot_bringup/share/my_robot_bringup/package.dsv
[0.057s] -- Up-to-date: /media/ros/fedora/home/maylis/Dokumente/TeleNav/simulation_ws/src/install/my_robot_bringup/share/ament_index/resource_index/packages/my_robot_bringup
[0.057s] -- Up-to-date: /media/ros/fedora/home/maylis/Dokumente/TeleNav/simulation_ws/src/install/my_robot_bringup/share/my_robot_bringup/cmake/my_robot_bringupConfig.cmake
[0.057s] -- Up-to-date: /media/ros/fedora/home/maylis/Dokumente/TeleNav/simulation_ws/src/install/my_robot_bringup/share/my_robot_bringup/cmake/my_robot_bringupConfig-version.cmake
[0.057s] -- Up-to-date: /media/ros/fedora/home/maylis/Dokumente/TeleNav/simulation_ws/src/install/my_robot_bringup/share/my_robot_bringup/package.xml
[0.059s] Invoked command in '/media/ros/fedora/home/maylis/Dokumente/TeleNav/simulation_ws/src/build/my_robot_bringup' returned '0': CMAKE_PREFIX_PATH=/media/ros/fedora/home/maylis/Dokumente/TeleNav/simulation_ws/src/install/my_robot_description:/media/ros/fedora/home/maylis/Dokumente/TeleNav/simulation_ws/src/install/my_robot_bringup:/opt/ros/humble /usr/bin/cmake --install /media/ros/fedora/home/maylis/Dokumente/TeleNav/simulation_ws/src/build/my_robot_bringup
