-- Install configuration: ""
-- Up-to-date: /media/ros/fedora/home/maylis/Dokumente/TeleNav/project_ws/install/telerobot_bringup/share/telerobot_bringup//gazebo
-- Up-to-date: /media/ros/fedora/home/maylis/Dokumente/TeleNav/project_ws/install/telerobot_bringup/share/telerobot_bringup//launch
-- Up-to-date: /media/ros/fedora/home/maylis/Dokumente/TeleNav/project_ws/install/telerobot_bringup/share/telerobot_bringup//launch/telerobot_gazebo_launch.xml
-- Up-to-date: /media/ros/fedora/home/maylis/Dokumente/TeleNav/project_ws/install/telerobot_bringup/share/telerobot_bringup//launch/telerobot_slam.xml
-- Installing: /media/ros/fedora/home/maylis/Dokumente/TeleNav/project_ws/install/telerobot_bringup/share/telerobot_bringup//launch/tele_robot_amcl.xml
-- Up-to-date: /media/ros/fedora/home/maylis/Dokumente/TeleNav/project_ws/install/telerobot_bringup/share/telerobot_bringup//rviz
-- Up-to-date: /media/ros/fedora/home/maylis/Dokumente/TeleNav/project_ws/install/telerobot_bringup/share/telerobot_bringup//rviz/urdf_config.rviz
-- Up-to-date: /media/ros/fedora/home/maylis/Dokumente/TeleNav/project_ws/install/telerobot_bringup/share/telerobot_bringup//rviz/urdf_config_slam.rviz
-- Up-to-date: /media/ros/fedora/home/maylis/Dokumente/TeleNav/project_ws/install/telerobot_bringup/share/telerobot_bringup//worlds
-- Up-to-date: /media/ros/fedora/home/maylis/Dokumente/TeleNav/project_ws/install/telerobot_bringup/share/telerobot_bringup//worlds/school.sdf
-- Up-to-date: /media/ros/fedora/home/maylis/Dokumente/TeleNav/project_ws/install/telerobot_bringup/share/telerobot_bringup//nav2
-- Up-to-date: /media/ros/fedora/home/maylis/Dokumente/TeleNav/project_ws/install/telerobot_bringup/share/telerobot_bringup//nav2/mapper_params_online_async.yaml
-- Up-to-date: /media/ros/fedora/home/maylis/Dokumente/TeleNav/project_ws/install/telerobot_bringup/share/telerobot_bringup//nav2/maps
-- Up-to-date: /media/ros/fedora/home/maylis/Dokumente/TeleNav/project_ws/install/telerobot_bringup/share/telerobot_bringup//nav2/maps/univerity.pgm
-- Up-to-date: /media/ros/fedora/home/maylis/Dokumente/TeleNav/project_ws/install/telerobot_bringup/share/telerobot_bringup//nav2/maps/univerity.yaml
-- Up-to-date: /media/ros/fedora/home/maylis/Dokumente/TeleNav/project_ws/install/telerobot_bringup/share/telerobot_bringup//maps
-- Up-to-date: /media/ros/fedora/home/maylis/Dokumente/TeleNav/project_ws/install/telerobot_bringup/share/telerobot_bringup//maps/school.pgm
-- Up-to-date: /media/ros/fedora/home/maylis/Dokumente/TeleNav/project_ws/install/telerobot_bringup/share/telerobot_bringup//maps/school.yaml
-- Up-to-date: /media/ros/fedora/home/maylis/Dokumente/TeleNav/project_ws/install/telerobot_bringup/share/telerobot_bringup//maps/map_server_params.yaml
-- Up-to-date: /media/ros/fedora/home/maylis/Dokumente/TeleNav/project_ws/install/telerobot_bringup/share/telerobot_bringup//maps/log
-- Up-to-date: /media/ros/fedora/home/maylis/Dokumente/TeleNav/project_ws/install/telerobot_bringup/share/telerobot_bringup//maps/log/build_2025-08-29_15-25-53
-- Up-to-date: /media/ros/fedora/home/maylis/Dokumente/TeleNav/project_ws/install/telerobot_bringup/share/telerobot_bringup//maps/log/build_2025-08-29_15-25-53/logger_all.log
-- Up-to-date: /media/ros/fedora/home/maylis/Dokumente/TeleNav/project_ws/install/telerobot_bringup/share/telerobot_bringup//maps/log/build_2025-08-29_15-25-53/events.log
-- Up-to-date: /media/ros/fedora/home/maylis/Dokumente/TeleNav/project_ws/install/telerobot_bringup/share/telerobot_bringup//maps/log/COLCON_IGNORE
-- Up-to-date: /media/ros/fedora/home/maylis/Dokumente/TeleNav/project_ws/install/telerobot_bringup/share/telerobot_bringup//maps/log/latest_build
-- Up-to-date: /media/ros/fedora/home/maylis/Dokumente/TeleNav/project_ws/install/telerobot_bringup/share/telerobot_bringup//maps/log/latest
-- Up-to-date: /media/ros/fedora/home/maylis/Dokumente/TeleNav/project_ws/install/telerobot_bringup/share/telerobot_bringup//maps/build
-- Up-to-date: /media/ros/fedora/home/maylis/Dokumente/TeleNav/project_ws/install/telerobot_bringup/share/telerobot_bringup//maps/build/.built_by
-- Up-to-date: /media/ros/fedora/home/maylis/Dokumente/TeleNav/project_ws/install/telerobot_bringup/share/telerobot_bringup//maps/build/COLCON_IGNORE
-- Up-to-date: /media/ros/fedora/home/maylis/Dokumente/TeleNav/project_ws/install/telerobot_bringup/share/telerobot_bringup//maps/install
-- Up-to-date: /media/ros/fedora/home/maylis/Dokumente/TeleNav/project_ws/install/telerobot_bringup/share/telerobot_bringup//maps/install/.colcon_install_layout
-- Up-to-date: /media/ros/fedora/home/maylis/Dokumente/TeleNav/project_ws/install/telerobot_bringup/share/telerobot_bringup//maps/install/COLCON_IGNORE
-- Up-to-date: /media/ros/fedora/home/maylis/Dokumente/TeleNav/project_ws/install/telerobot_bringup/share/telerobot_bringup//maps/install/local_setup.ps1
-- Up-to-date: /media/ros/fedora/home/maylis/Dokumente/TeleNav/project_ws/install/telerobot_bringup/share/telerobot_bringup//maps/install/_local_setup_util_ps1.py
-- Up-to-date: /media/ros/fedora/home/maylis/Dokumente/TeleNav/project_ws/install/telerobot_bringup/share/telerobot_bringup//maps/install/setup.ps1
-- Up-to-date: /media/ros/fedora/home/maylis/Dokumente/TeleNav/project_ws/install/telerobot_bringup/share/telerobot_bringup//maps/install/local_setup.sh
-- Up-to-date: /media/ros/fedora/home/maylis/Dokumente/TeleNav/project_ws/install/telerobot_bringup/share/telerobot_bringup//maps/install/_local_setup_util_sh.py
-- Up-to-date: /media/ros/fedora/home/maylis/Dokumente/TeleNav/project_ws/install/telerobot_bringup/share/telerobot_bringup//maps/install/setup.sh
-- Up-to-date: /media/ros/fedora/home/maylis/Dokumente/TeleNav/project_ws/install/telerobot_bringup/share/telerobot_bringup//maps/install/local_setup.bash
-- Up-to-date: /media/ros/fedora/home/maylis/Dokumente/TeleNav/project_ws/install/telerobot_bringup/share/telerobot_bringup//maps/install/setup.bash
-- Up-to-date: /media/ros/fedora/home/maylis/Dokumente/TeleNav/project_ws/install/telerobot_bringup/share/telerobot_bringup//maps/install/local_setup.zsh
-- Up-to-date: /media/ros/fedora/home/maylis/Dokumente/TeleNav/project_ws/install/telerobot_bringup/share/telerobot_bringup//maps/install/setup.zsh
-- Up-to-date: /media/ros/fedora/home/maylis/Dokumente/TeleNav/project_ws/install/telerobot_bringup/share/ament_index/resource_index/package_run_dependencies/telerobot_bringup
-- Up-to-date: /media/ros/fedora/home/maylis/Dokumente/TeleNav/project_ws/install/telerobot_bringup/share/ament_index/resource_index/parent_prefix_path/telerobot_bringup
-- Up-to-date: /media/ros/fedora/home/maylis/Dokumente/TeleNav/project_ws/install/telerobot_bringup/share/telerobot_bringup/environment/ament_prefix_path.sh
-- Up-to-date: /media/ros/fedora/home/maylis/Dokumente/TeleNav/project_ws/install/telerobot_bringup/share/telerobot_bringup/environment/ament_prefix_path.dsv
-- Up-to-date: /media/ros/fedora/home/maylis/Dokumente/TeleNav/project_ws/install/telerobot_bringup/share/telerobot_bringup/environment/path.sh
-- Up-to-date: /media/ros/fedora/home/maylis/Dokumente/TeleNav/project_ws/install/telerobot_bringup/share/telerobot_bringup/environment/path.dsv
-- Up-to-date: /media/ros/fedora/home/maylis/Dokumente/TeleNav/project_ws/install/telerobot_bringup/share/telerobot_bringup/local_setup.bash
-- Up-to-date: /media/ros/fedora/home/maylis/Dokumente/TeleNav/project_ws/install/telerobot_bringup/share/telerobot_bringup/local_setup.sh
-- Up-to-date: /media/ros/fedora/home/maylis/Dokumente/TeleNav/project_ws/install/telerobot_bringup/share/telerobot_bringup/local_setup.zsh
-- Up-to-date: /media/ros/fedora/home/maylis/Dokumente/TeleNav/project_ws/install/telerobot_bringup/share/telerobot_bringup/local_setup.dsv
-- Installing: /media/ros/fedora/home/maylis/Dokumente/TeleNav/project_ws/install/telerobot_bringup/share/telerobot_bringup/package.dsv
-- Up-to-date: /media/ros/fedora/home/maylis/Dokumente/TeleNav/project_ws/install/telerobot_bringup/share/ament_index/resource_index/packages/telerobot_bringup
-- Up-to-date: /media/ros/fedora/home/maylis/Dokumente/TeleNav/project_ws/install/telerobot_bringup/share/telerobot_bringup/cmake/telerobot_bringupConfig.cmake
-- Up-to-date: /media/ros/fedora/home/maylis/Dokumente/TeleNav/project_ws/install/telerobot_bringup/share/telerobot_bringup/cmake/telerobot_bringupConfig-version.cmake
-- Up-to-date: /media/ros/fedora/home/maylis/Dokumente/TeleNav/project_ws/install/telerobot_bringup/share/telerobot_bringup/package.xml
