running egg_info
creating ../build/my_robot_controller/my_robot_controller.egg-info
writing ../build/my_robot_controller/my_robot_controller.egg-info/PKG-INFO
writing dependency_links to ../build/my_robot_controller/my_robot_controller.egg-info/dependency_links.txt
writing entry points to ../build/my_robot_controller/my_robot_controller.egg-info/entry_points.txt
writing requirements to ../build/my_robot_controller/my_robot_controller.egg-info/requires.txt
writing top-level names to ../build/my_robot_controller/my_robot_controller.egg-info/top_level.txt
writing manifest file '../build/my_robot_controller/my_robot_controller.egg-info/SOURCES.txt'
reading manifest file '../build/my_robot_controller/my_robot_controller.egg-info/SOURCES.txt'
writing manifest file '../build/my_robot_controller/my_robot_controller.egg-info/SOURCES.txt'
running build
running build_py
creating /media/ros/fedora/home/maylis/Dokumente/TeleNav/ros2_udemy_ws/src/build/my_robot_controller/build
creating /media/ros/fedora/home/maylis/Dokumente/TeleNav/ros2_udemy_ws/src/build/my_robot_controller/build/lib
creating /media/ros/fedora/home/maylis/Dokumente/TeleNav/ros2_udemy_ws/src/build/my_robot_controller/build/lib/my_robot_controller
copying my_robot_controller/__init__.py -> /media/ros/fedora/home/maylis/Dokumente/TeleNav/ros2_udemy_ws/src/build/my_robot_controller/build/lib/my_robot_controller
copying my_robot_controller/my_first_node.py -> /media/ros/fedora/home/maylis/Dokumente/TeleNav/ros2_udemy_ws/src/build/my_robot_controller/build/lib/my_robot_controller
copying my_robot_controller/add_two_int_server.py -> /media/ros/fedora/home/maylis/Dokumente/TeleNav/ros2_udemy_ws/src/build/my_robot_controller/build/lib/my_robot_controller
copying my_robot_controller/add_two_ints_client.py -> /media/ros/fedora/home/maylis/Dokumente/TeleNav/ros2_udemy_ws/src/build/my_robot_controller/build/lib/my_robot_controller
copying my_robot_controller/number_counter.py -> /media/ros/fedora/home/maylis/Dokumente/TeleNav/ros2_udemy_ws/src/build/my_robot_controller/build/lib/my_robot_controller
running install
running install_lib
creating /media/ros/fedora/home/maylis/Dokumente/TeleNav/ros2_udemy_ws/src/install/my_robot_controller/lib/python3.10/site-packages/my_robot_controller
copying /media/ros/fedora/home/maylis/Dokumente/TeleNav/ros2_udemy_ws/src/build/my_robot_controller/build/lib/my_robot_controller/__init__.py -> /media/ros/fedora/home/maylis/Dokumente/TeleNav/ros2_udemy_ws/src/install/my_robot_controller/lib/python3.10/site-packages/my_robot_controller
copying /media/ros/fedora/home/maylis/Dokumente/TeleNav/ros2_udemy_ws/src/build/my_robot_controller/build/lib/my_robot_controller/my_first_node.py -> /media/ros/fedora/home/maylis/Dokumente/TeleNav/ros2_udemy_ws/src/install/my_robot_controller/lib/python3.10/site-packages/my_robot_controller
copying /media/ros/fedora/home/maylis/Dokumente/TeleNav/ros2_udemy_ws/src/build/my_robot_controller/build/lib/my_robot_controller/add_two_int_server.py -> /media/ros/fedora/home/maylis/Dokumente/TeleNav/ros2_udemy_ws/src/install/my_robot_controller/lib/python3.10/site-packages/my_robot_controller
copying /media/ros/fedora/home/maylis/Dokumente/TeleNav/ros2_udemy_ws/src/build/my_robot_controller/build/lib/my_robot_controller/add_two_ints_client.py -> /media/ros/fedora/home/maylis/Dokumente/TeleNav/ros2_udemy_ws/src/install/my_robot_controller/lib/python3.10/site-packages/my_robot_controller
copying /media/ros/fedora/home/maylis/Dokumente/TeleNav/ros2_udemy_ws/src/build/my_robot_controller/build/lib/my_robot_controller/number_counter.py -> /media/ros/fedora/home/maylis/Dokumente/TeleNav/ros2_udemy_ws/src/install/my_robot_controller/lib/python3.10/site-packages/my_robot_controller
byte-compiling /media/ros/fedora/home/maylis/Dokumente/TeleNav/ros2_udemy_ws/src/install/my_robot_controller/lib/python3.10/site-packages/my_robot_controller/__init__.py to __init__.cpython-310.pyc
byte-compiling /media/ros/fedora/home/maylis/Dokumente/TeleNav/ros2_udemy_ws/src/install/my_robot_controller/lib/python3.10/site-packages/my_robot_controller/my_first_node.py to my_first_node.cpython-310.pyc
byte-compiling /media/ros/fedora/home/maylis/Dokumente/TeleNav/ros2_udemy_ws/src/install/my_robot_controller/lib/python3.10/site-packages/my_robot_controller/add_two_int_server.py to add_two_int_server.cpython-310.pyc
byte-compiling /media/ros/fedora/home/maylis/Dokumente/TeleNav/ros2_udemy_ws/src/install/my_robot_controller/lib/python3.10/site-packages/my_robot_controller/add_two_ints_client.py to add_two_ints_client.cpython-310.pyc
byte-compiling /media/ros/fedora/home/maylis/Dokumente/TeleNav/ros2_udemy_ws/src/install/my_robot_controller/lib/python3.10/site-packages/my_robot_controller/number_counter.py to number_counter.cpython-310.pyc
running install_data
creating /media/ros/fedora/home/maylis/Dokumente/TeleNav/ros2_udemy_ws/src/install/my_robot_controller/share/ament_index
creating /media/ros/fedora/home/maylis/Dokumente/TeleNav/ros2_udemy_ws/src/install/my_robot_controller/share/ament_index/resource_index
creating /media/ros/fedora/home/maylis/Dokumente/TeleNav/ros2_udemy_ws/src/install/my_robot_controller/share/ament_index/resource_index/packages
copying resource/my_robot_controller -> /media/ros/fedora/home/maylis/Dokumente/TeleNav/ros2_udemy_ws/src/install/my_robot_controller/share/ament_index/resource_index/packages
copying package.xml -> /media/ros/fedora/home/maylis/Dokumente/TeleNav/ros2_udemy_ws/src/install/my_robot_controller/share/my_robot_controller
running install_egg_info
Copying ../build/my_robot_controller/my_robot_controller.egg-info to /media/ros/fedora/home/maylis/Dokumente/TeleNav/ros2_udemy_ws/src/install/my_robot_controller/lib/python3.10/site-packages/my_robot_controller-0.0.0-py3.10.egg-info
running install_scripts
Installing add_two_number_client script to /media/ros/fedora/home/maylis/Dokumente/TeleNav/ros2_udemy_ws/src/install/my_robot_controller/lib/my_robot_controller
Installing add_two_numbers script to /media/ros/fedora/home/maylis/Dokumente/TeleNav/ros2_udemy_ws/src/install/my_robot_controller/lib/my_robot_controller
Installing number_counter script to /media/ros/fedora/home/maylis/Dokumente/TeleNav/ros2_udemy_ws/src/install/my_robot_controller/lib/my_robot_controller
Installing py_node script to /media/ros/fedora/home/maylis/Dokumente/TeleNav/ros2_udemy_ws/src/install/my_robot_controller/lib/my_robot_controller
writing list of installed files to '/media/ros/fedora/home/maylis/Dokumente/TeleNav/ros2_udemy_ws/src/build/my_robot_controller/install.log'
