[0.009s] Invoking command in '/media/ros/fedora/home/maylis/Dokumente/TeleNav/simulation_ws/build/simulation_bringup': CMAKE_PREFIX_PATH=/media/ros/fedora/home/maylis/Dokumente/TeleNav/simulation_ws/install/my_robot_description:/media/ros/fedora/home/maylis/Dokumente/TeleNav/simulation_ws/install/simulation_bringup:/opt/ros/humble /usr/bin/cmake --build /media/ros/fedora/home/maylis/Dokumente/TeleNav/simulation_ws/build/simulation_bringup -- -j6 -l6
[0.043s] Invoked command in '/media/ros/fedora/home/maylis/Dokumente/TeleNav/simulation_ws/build/simulation_bringup' returned '0': CMAKE_PREFIX_PATH=/media/ros/fedora/home/maylis/Dokumente/TeleNav/simulation_ws/install/my_robot_description:/media/ros/fedora/home/maylis/Dokumente/TeleNav/simulation_ws/install/simulation_bringup:/opt/ros/humble /usr/bin/cmake --build /media/ros/fedora/home/maylis/Dokumente/TeleNav/simulation_ws/build/simulation_bringup -- -j6 -l6
[0.045s] Invoking command in '/media/ros/fedora/home/maylis/Dokumente/TeleNav/simulation_ws/build/simulation_bringup': CMAKE_PREFIX_PATH=/media/ros/fedora/home/maylis/Dokumente/TeleNav/simulation_ws/install/my_robot_description:/media/ros/fedora/home/maylis/Dokumente/TeleNav/simulation_ws/install/simulation_bringup:/opt/ros/humble /usr/bin/cmake --install /media/ros/fedora/home/maylis/Dokumente/TeleNav/simulation_ws/build/simulation_bringup
[0.052s] -- Install configuration: ""
[0.052s] -- Execute custom install script
[0.052s] -- Up-to-date symlink: /media/ros/fedora/home/maylis/Dokumente/TeleNav/simulation_ws/install/simulation_bringup/share/simulation_bringup/launch/course_simple.launch.xml
[0.052s] -- Up-to-date symlink: /media/ros/fedora/home/maylis/Dokumente/TeleNav/simulation_ws/install/simulation_bringup/share/simulation_bringup/launch/simple.launch.xml
[0.053s] -- Up-to-date symlink: /media/ros/fedora/home/maylis/Dokumente/TeleNav/simulation_ws/install/simulation_bringup/share/simulation_bringup/launch/simulation_gazebo_launch.xml
[0.053s] -- Up-to-date symlink: /media/ros/fedora/home/maylis/Dokumente/TeleNav/simulation_ws/install/simulation_bringup/share/ament_index/resource_index/package_run_dependencies/simulation_bringup
[0.053s] -- Up-to-date symlink: /media/ros/fedora/home/maylis/Dokumente/TeleNav/simulation_ws/install/simulation_bringup/share/ament_index/resource_index/parent_prefix_path/simulation_bringup
[0.053s] -- Up-to-date symlink: /media/ros/fedora/home/maylis/Dokumente/TeleNav/simulation_ws/install/simulation_bringup/share/simulation_bringup/environment/ament_prefix_path.sh
[0.053s] -- Up-to-date symlink: /media/ros/fedora/home/maylis/Dokumente/TeleNav/simulation_ws/install/simulation_bringup/share/simulation_bringup/environment/ament_prefix_path.dsv
[0.053s] -- Up-to-date symlink: /media/ros/fedora/home/maylis/Dokumente/TeleNav/simulation_ws/install/simulation_bringup/share/simulation_bringup/environment/path.sh
[0.053s] -- Up-to-date symlink: /media/ros/fedora/home/maylis/Dokumente/TeleNav/simulation_ws/install/simulation_bringup/share/simulation_bringup/environment/path.dsv
[0.053s] -- Up-to-date symlink: /media/ros/fedora/home/maylis/Dokumente/TeleNav/simulation_ws/install/simulation_bringup/share/simulation_bringup/local_setup.bash
[0.053s] -- Up-to-date symlink: /media/ros/fedora/home/maylis/Dokumente/TeleNav/simulation_ws/install/simulation_bringup/share/simulation_bringup/local_setup.sh
[0.053s] -- Up-to-date symlink: /media/ros/fedora/home/maylis/Dokumente/TeleNav/simulation_ws/install/simulation_bringup/share/simulation_bringup/local_setup.zsh
[0.054s] -- Up-to-date symlink: /media/ros/fedora/home/maylis/Dokumente/TeleNav/simulation_ws/install/simulation_bringup/share/simulation_bringup/local_setup.dsv
[0.054s] -- Symlinking: /media/ros/fedora/home/maylis/Dokumente/TeleNav/simulation_ws/install/simulation_bringup/share/simulation_bringup/package.dsv
[0.062s] -- Up-to-date symlink: /media/ros/fedora/home/maylis/Dokumente/TeleNav/simulation_ws/install/simulation_bringup/share/ament_index/resource_index/packages/simulation_bringup
[0.063s] -- Up-to-date symlink: /media/ros/fedora/home/maylis/Dokumente/TeleNav/simulation_ws/install/simulation_bringup/share/simulation_bringup/cmake/simulation_bringupConfig.cmake
[0.063s] -- Up-to-date symlink: /media/ros/fedora/home/maylis/Dokumente/TeleNav/simulation_ws/install/simulation_bringup/share/simulation_bringup/cmake/simulation_bringupConfig-version.cmake
[0.063s] -- Up-to-date symlink: /media/ros/fedora/home/maylis/Dokumente/TeleNav/simulation_ws/install/simulation_bringup/share/simulation_bringup/package.xml
[0.065s] Invoked command in '/media/ros/fedora/home/maylis/Dokumente/TeleNav/simulation_ws/build/simulation_bringup' returned '0': CMAKE_PREFIX_PATH=/media/ros/fedora/home/maylis/Dokumente/TeleNav/simulation_ws/install/my_robot_description:/media/ros/fedora/home/maylis/Dokumente/TeleNav/simulation_ws/install/simulation_bringup:/opt/ros/humble /usr/bin/cmake --install /media/ros/fedora/home/maylis/Dokumente/TeleNav/simulation_ws/build/simulation_bringup
