[0.437s] Invoking command in '/media/ros/fedora/home/maylis/Dokumente/TeleNav/build/my_robot_interfaces': CMAKE_PREFIX_PATH=/opt/ros/humble /usr/bin/cmake --build /media/ros/fedora/home/maylis/Dokumente/TeleNav/build/my_robot_interfaces -- -j6 -l6
[0.671s] [  1%] [32mBuilding C object CMakeFiles/my_robot_interfaces__rosidl_generator_c.dir/rosidl_generator_c/my_robot_interfaces/srv/detail/compute_rectangle_area__functions.c.o[0m
[0.671s] [  3%] [32mBuilding C object CMakeFiles/my_robot_interfaces__rosidl_generator_c.dir/rosidl_generator_c/my_robot_interfaces/srv/detail/set_led__functions.c.o[0m
[0.680s] [  3%] Built target ament_cmake_python_copy_my_robot_interfaces
[0.680s] [  5%] [32mBuilding C object CMakeFiles/my_robot_interfaces__rosidl_generator_c.dir/rosidl_generator_c/my_robot_interfaces/msg/detail/hardware_status__functions.c.o[0m
[0.697s] [  7%] [32mBuilding C object CMakeFiles/my_robot_interfaces__rosidl_generator_c.dir/rosidl_generator_c/my_robot_interfaces/msg/detail/led_state__functions.c.o[0m
[0.699s] [  9%] Built target my_robot_interfaces__cpp
[0.800s] [ 10%] [32mBuilding CXX object CMakeFiles/my_robot_interfaces__rosidl_typesupport_fastrtps_cpp.dir/rosidl_typesupport_fastrtps_cpp/my_robot_interfaces/msg/detail/dds_fastrtps/hardware_status__type_support.cpp.o[0m
[0.905s] [ 12%] [32mBuilding CXX object CMakeFiles/my_robot_interfaces__rosidl_typesupport_introspection_cpp.dir/rosidl_typesupport_introspection_cpp/my_robot_interfaces/msg/detail/hardware_status__type_support.cpp.o[0m
[0.955s] [ 14%] [32mBuilding CXX object CMakeFiles/my_robot_interfaces__rosidl_typesupport_fastrtps_cpp.dir/rosidl_typesupport_fastrtps_cpp/my_robot_interfaces/srv/detail/dds_fastrtps/compute_rectangle_area__type_support.cpp.o[0m
[0.997s] [ 16%] [32mBuilding CXX object CMakeFiles/my_robot_interfaces__rosidl_typesupport_cpp.dir/rosidl_typesupport_cpp/my_robot_interfaces/msg/hardware_status__type_support.cpp.o[0m
[1.083s] [ 18%] [32m[1mLinking C shared library libmy_robot_interfaces__rosidl_generator_c.so[0m
[1.263s] [ 20%] Built target my_robot_interfaces__rosidl_generator_c
[1.374s] [ 21%] [32mBuilding CXX object CMakeFiles/my_robot_interfaces__rosidl_typesupport_fastrtps_c.dir/rosidl_typesupport_fastrtps_c/my_robot_interfaces/msg/detail/hardware_status__type_support_c.cpp.o[0m
[1.644s] running egg_info
[1.645s] writing my_robot_interfaces.egg-info/PKG-INFO
[1.645s] writing dependency_links to my_robot_interfaces.egg-info/dependency_links.txt
[1.646s] writing top-level names to my_robot_interfaces.egg-info/top_level.txt
[1.646s] reading manifest file 'my_robot_interfaces.egg-info/SOURCES.txt'
[1.646s] writing manifest file 'my_robot_interfaces.egg-info/SOURCES.txt'
[1.760s] [ 21%] Built target ament_cmake_python_build_my_robot_interfaces_egg
[1.885s] [ 23%] [32mBuilding C object CMakeFiles/my_robot_interfaces__rosidl_typesupport_introspection_c.dir/rosidl_typesupport_introspection_c/my_robot_interfaces/msg/detail/hardware_status__type_support.c.o[0m
[2.043s] [ 25%] [32mBuilding C object CMakeFiles/my_robot_interfaces__rosidl_typesupport_introspection_c.dir/rosidl_typesupport_introspection_c/my_robot_interfaces/srv/detail/compute_rectangle_area__type_support.c.o[0m
[2.207s] [ 27%] [32mBuilding CXX object CMakeFiles/my_robot_interfaces__rosidl_typesupport_cpp.dir/rosidl_typesupport_cpp/my_robot_interfaces/srv/compute_rectangle_area__type_support.cpp.o[0m
[2.244s] [ 29%] [32mBuilding C object CMakeFiles/my_robot_interfaces__rosidl_typesupport_introspection_c.dir/rosidl_typesupport_introspection_c/my_robot_interfaces/msg/detail/led_state__type_support.c.o[0m
[2.390s] [ 30%] [32mBuilding C object CMakeFiles/my_robot_interfaces__rosidl_typesupport_introspection_c.dir/rosidl_typesupport_introspection_c/my_robot_interfaces/srv/detail/set_led__type_support.c.o[0m
[2.588s] [ 32%] [32m[1mLinking C shared library libmy_robot_interfaces__rosidl_typesupport_introspection_c.so[0m
[2.678s] [ 34%] Built target my_robot_interfaces__rosidl_typesupport_introspection_c
[2.703s] [ 36%] [32mBuilding CXX object CMakeFiles/my_robot_interfaces__rosidl_typesupport_fastrtps_c.dir/rosidl_typesupport_fastrtps_c/my_robot_interfaces/srv/detail/compute_rectangle_area__type_support_c.cpp.o[0m
[2.749s] [ 38%] [32mBuilding CXX object CMakeFiles/my_robot_interfaces__rosidl_typesupport_fastrtps_cpp.dir/rosidl_typesupport_fastrtps_cpp/my_robot_interfaces/msg/detail/dds_fastrtps/led_state__type_support.cpp.o[0m
[2.771s] [ 40%] [32mBuilding CXX object CMakeFiles/my_robot_interfaces__rosidl_typesupport_introspection_cpp.dir/rosidl_typesupport_introspection_cpp/my_robot_interfaces/srv/detail/compute_rectangle_area__type_support.cpp.o[0m
[2.778s] [ 41%] [32mBuilding CXX object CMakeFiles/my_robot_interfaces__rosidl_typesupport_c.dir/rosidl_typesupport_c/my_robot_interfaces/msg/hardware_status__type_support.cpp.o[0m
[2.871s] [ 43%] [32mBuilding CXX object CMakeFiles/my_robot_interfaces__rosidl_typesupport_introspection_cpp.dir/rosidl_typesupport_introspection_cpp/my_robot_interfaces/msg/detail/led_state__type_support.cpp.o[0m
[2.883s] [ 45%] [32mBuilding CXX object CMakeFiles/my_robot_interfaces__rosidl_typesupport_c.dir/rosidl_typesupport_c/my_robot_interfaces/srv/compute_rectangle_area__type_support.cpp.o[0m
[2.984s] [ 47%] [32mBuilding CXX object CMakeFiles/my_robot_interfaces__rosidl_typesupport_c.dir/rosidl_typesupport_c/my_robot_interfaces/msg/led_state__type_support.cpp.o[0m
[3.017s] [ 49%] [32mBuilding CXX object CMakeFiles/my_robot_interfaces__rosidl_typesupport_cpp.dir/rosidl_typesupport_cpp/my_robot_interfaces/msg/led_state__type_support.cpp.o[0m
[3.048s] [ 50%] [32mBuilding CXX object CMakeFiles/my_robot_interfaces__rosidl_typesupport_c.dir/rosidl_typesupport_c/my_robot_interfaces/srv/set_led__type_support.cpp.o[0m
[3.236s] [ 52%] [32m[1mLinking CXX shared library libmy_robot_interfaces__rosidl_typesupport_c.so[0m
[3.455s] [ 54%] Built target my_robot_interfaces__rosidl_typesupport_c
[3.494s] [ 56%] [32mBuilding CXX object CMakeFiles/my_robot_interfaces__rosidl_typesupport_fastrtps_c.dir/rosidl_typesupport_fastrtps_c/my_robot_interfaces/msg/detail/led_state__type_support_c.cpp.o[0m
[3.861s] [ 58%] [32mBuilding CXX object CMakeFiles/my_robot_interfaces__rosidl_typesupport_introspection_cpp.dir/rosidl_typesupport_introspection_cpp/my_robot_interfaces/srv/detail/set_led__type_support.cpp.o[0m
[3.945s] [ 60%] [32mBuilding CXX object CMakeFiles/my_robot_interfaces__rosidl_typesupport_fastrtps_c.dir/rosidl_typesupport_fastrtps_c/my_robot_interfaces/srv/detail/set_led__type_support_c.cpp.o[0m
[4.240s] [ 61%] [32mBuilding CXX object CMakeFiles/my_robot_interfaces__rosidl_typesupport_cpp.dir/rosidl_typesupport_cpp/my_robot_interfaces/srv/set_led__type_support.cpp.o[0m
[4.307s] [ 63%] [32mBuilding CXX object CMakeFiles/my_robot_interfaces__rosidl_typesupport_fastrtps_cpp.dir/rosidl_typesupport_fastrtps_cpp/my_robot_interfaces/srv/detail/dds_fastrtps/set_led__type_support.cpp.o[0m
[4.820s] [ 65%] [32m[1mLinking CXX shared library libmy_robot_interfaces__rosidl_typesupport_fastrtps_c.so[0m
[5.020s] [ 67%] [32m[1mLinking CXX shared library libmy_robot_interfaces__rosidl_typesupport_introspection_cpp.so[0m
[5.239s] [ 69%] Built target my_robot_interfaces__rosidl_typesupport_fastrtps_c
[5.257s] [ 70%] [32m[1mLinking CXX shared library libmy_robot_interfaces__rosidl_typesupport_cpp.so[0m
[5.327s] [ 72%] Built target my_robot_interfaces__rosidl_typesupport_introspection_cpp
[5.399s] [ 74%] Built target my_robot_interfaces__rosidl_typesupport_cpp
[5.455s] [ 76%] [32m[1mLinking CXX shared library libmy_robot_interfaces__rosidl_typesupport_fastrtps_cpp.so[0m
[5.615s] [ 78%] Built target my_robot_interfaces__rosidl_typesupport_fastrtps_cpp
[5.639s] [ 78%] Built target my_robot_interfaces
[5.663s] [ 80%] Built target my_robot_interfaces__py
[5.708s] [ 81%] [32mBuilding C object CMakeFiles/my_robot_interfaces__rosidl_generator_py.dir/rosidl_generator_py/my_robot_interfaces/srv/_compute_rectangle_area_s.c.o[0m
[5.719s] [ 83%] [32mBuilding C object CMakeFiles/my_robot_interfaces__rosidl_generator_py.dir/rosidl_generator_py/my_robot_interfaces/srv/_set_led_s.c.o[0m
[5.719s] [ 85%] [32mBuilding C object CMakeFiles/my_robot_interfaces__rosidl_generator_py.dir/rosidl_generator_py/my_robot_interfaces/msg/_hardware_status_s.c.o[0m
[5.725s] [ 87%] [32mBuilding C object CMakeFiles/my_robot_interfaces__rosidl_generator_py.dir/rosidl_generator_py/my_robot_interfaces/msg/_led_state_s.c.o[0m
[5.910s] [ 89%] [32m[1mLinking C shared library rosidl_generator_py/my_robot_interfaces/libmy_robot_interfaces__rosidl_generator_py.so[0m
[5.961s] [ 89%] Built target my_robot_interfaces__rosidl_generator_py
[5.996s] [ 90%] [32mBuilding C object CMakeFiles/my_robot_interfaces__rosidl_typesupport_introspection_c__pyext.dir/rosidl_generator_py/my_robot_interfaces/_my_robot_interfaces_s.ep.rosidl_typesupport_introspection_c.c.o[0m
[5.997s] [ 92%] [32mBuilding C object CMakeFiles/my_robot_interfaces__rosidl_typesupport_fastrtps_c__pyext.dir/rosidl_generator_py/my_robot_interfaces/_my_robot_interfaces_s.ep.rosidl_typesupport_fastrtps_c.c.o[0m
[6.010s] [ 94%] [32mBuilding C object CMakeFiles/my_robot_interfaces__rosidl_typesupport_c__pyext.dir/rosidl_generator_py/my_robot_interfaces/_my_robot_interfaces_s.ep.rosidl_typesupport_c.c.o[0m
[6.142s] [ 96%] [32m[1mLinking C shared library rosidl_generator_py/my_robot_interfaces/my_robot_interfaces_s__rosidl_typesupport_fastrtps_c.cpython-310-x86_64-linux-gnu.so[0m
[6.206s] [ 98%] [32m[1mLinking C shared library rosidl_generator_py/my_robot_interfaces/my_robot_interfaces_s__rosidl_typesupport_c.cpython-310-x86_64-linux-gnu.so[0m
[6.216s] [100%] [32m[1mLinking C shared library rosidl_generator_py/my_robot_interfaces/my_robot_interfaces_s__rosidl_typesupport_introspection_c.cpython-310-x86_64-linux-gnu.so[0m
[6.226s] [100%] Built target my_robot_interfaces__rosidl_typesupport_fastrtps_c__pyext
[6.260s] [100%] Built target my_robot_interfaces__rosidl_typesupport_c__pyext
[6.267s] [100%] Built target my_robot_interfaces__rosidl_typesupport_introspection_c__pyext
[6.288s] Invoked command in '/media/ros/fedora/home/maylis/Dokumente/TeleNav/build/my_robot_interfaces' returned '0': CMAKE_PREFIX_PATH=/opt/ros/humble /usr/bin/cmake --build /media/ros/fedora/home/maylis/Dokumente/TeleNav/build/my_robot_interfaces -- -j6 -l6
[6.296s] Invoking command in '/media/ros/fedora/home/maylis/Dokumente/TeleNav/build/my_robot_interfaces': CMAKE_PREFIX_PATH=/opt/ros/humble /usr/bin/cmake --install /media/ros/fedora/home/maylis/Dokumente/TeleNav/build/my_robot_interfaces
[6.307s] -- Install configuration: ""
[6.309s] -- Installing: /media/ros/fedora/home/maylis/Dokumente/TeleNav/install/my_robot_interfaces/share/ament_index/resource_index/rosidl_interfaces/my_robot_interfaces
[6.309s] -- Installing: /media/ros/fedora/home/maylis/Dokumente/TeleNav/install/my_robot_interfaces/include/my_robot_interfaces/my_robot_interfaces
[6.309s] -- Installing: /media/ros/fedora/home/maylis/Dokumente/TeleNav/install/my_robot_interfaces/include/my_robot_interfaces/my_robot_interfaces/msg
[6.310s] -- Installing: /media/ros/fedora/home/maylis/Dokumente/TeleNav/install/my_robot_interfaces/include/my_robot_interfaces/my_robot_interfaces/msg/rosidl_generator_c__visibility_control.h
[6.310s] -- Installing: /media/ros/fedora/home/maylis/Dokumente/TeleNav/install/my_robot_interfaces/include/my_robot_interfaces/my_robot_interfaces/msg/hardware_status.h
[6.310s] -- Installing: /media/ros/fedora/home/maylis/Dokumente/TeleNav/install/my_robot_interfaces/include/my_robot_interfaces/my_robot_interfaces/msg/detail
[6.310s] -- Installing: /media/ros/fedora/home/maylis/Dokumente/TeleNav/install/my_robot_interfaces/include/my_robot_interfaces/my_robot_interfaces/msg/detail/hardware_status__functions.c
[6.310s] -- Installing: /media/ros/fedora/home/maylis/Dokumente/TeleNav/install/my_robot_interfaces/include/my_robot_interfaces/my_robot_interfaces/msg/detail/hardware_status__functions.h
[6.310s] -- Installing: /media/ros/fedora/home/maylis/Dokumente/TeleNav/install/my_robot_interfaces/include/my_robot_interfaces/my_robot_interfaces/msg/detail/hardware_status__struct.h
[6.310s] -- Installing: /media/ros/fedora/home/maylis/Dokumente/TeleNav/install/my_robot_interfaces/include/my_robot_interfaces/my_robot_interfaces/msg/detail/hardware_status__type_support.h
[6.311s] -- Installing: /media/ros/fedora/home/maylis/Dokumente/TeleNav/install/my_robot_interfaces/include/my_robot_interfaces/my_robot_interfaces/msg/detail/led_state__functions.c
[6.311s] -- Installing: /media/ros/fedora/home/maylis/Dokumente/TeleNav/install/my_robot_interfaces/include/my_robot_interfaces/my_robot_interfaces/msg/detail/led_state__functions.h
[6.311s] -- Installing: /media/ros/fedora/home/maylis/Dokumente/TeleNav/install/my_robot_interfaces/include/my_robot_interfaces/my_robot_interfaces/msg/detail/led_state__struct.h
[6.311s] -- Installing: /media/ros/fedora/home/maylis/Dokumente/TeleNav/install/my_robot_interfaces/include/my_robot_interfaces/my_robot_interfaces/msg/detail/led_state__type_support.h
[6.311s] -- Installing: /media/ros/fedora/home/maylis/Dokumente/TeleNav/install/my_robot_interfaces/include/my_robot_interfaces/my_robot_interfaces/msg/led_state.h
[6.312s] -- Installing: /media/ros/fedora/home/maylis/Dokumente/TeleNav/install/my_robot_interfaces/include/my_robot_interfaces/my_robot_interfaces/srv
[6.313s] -- Installing: /media/ros/fedora/home/maylis/Dokumente/TeleNav/install/my_robot_interfaces/include/my_robot_interfaces/my_robot_interfaces/srv/compute_rectangle_area.h
[6.313s] -- Installing: /media/ros/fedora/home/maylis/Dokumente/TeleNav/install/my_robot_interfaces/include/my_robot_interfaces/my_robot_interfaces/srv/detail
[6.313s] -- Installing: /media/ros/fedora/home/maylis/Dokumente/TeleNav/install/my_robot_interfaces/include/my_robot_interfaces/my_robot_interfaces/srv/detail/compute_rectangle_area__functions.c
[6.313s] -- Installing: /media/ros/fedora/home/maylis/Dokumente/TeleNav/install/my_robot_interfaces/include/my_robot_interfaces/my_robot_interfaces/srv/detail/compute_rectangle_area__functions.h
[6.313s] -- Installing: /media/ros/fedora/home/maylis/Dokumente/TeleNav/install/my_robot_interfaces/include/my_robot_interfaces/my_robot_interfaces/srv/detail/compute_rectangle_area__struct.h
[6.313s] -- Installing: /media/ros/fedora/home/maylis/Dokumente/TeleNav/install/my_robot_interfaces/include/my_robot_interfaces/my_robot_interfaces/srv/detail/compute_rectangle_area__type_support.h
[6.313s] -- Installing: /media/ros/fedora/home/maylis/Dokumente/TeleNav/install/my_robot_interfaces/include/my_robot_interfaces/my_robot_interfaces/srv/detail/set_led__functions.c
[6.313s] -- Installing: /media/ros/fedora/home/maylis/Dokumente/TeleNav/install/my_robot_interfaces/include/my_robot_interfaces/my_robot_interfaces/srv/detail/set_led__functions.h
[6.314s] -- Installing: /media/ros/fedora/home/maylis/Dokumente/TeleNav/install/my_robot_interfaces/include/my_robot_interfaces/my_robot_interfaces/srv/detail/set_led__struct.h
[6.314s] -- Installing: /media/ros/fedora/home/maylis/Dokumente/TeleNav/install/my_robot_interfaces/include/my_robot_interfaces/my_robot_interfaces/srv/detail/set_led__type_support.h
[6.314s] -- Installing: /media/ros/fedora/home/maylis/Dokumente/TeleNav/install/my_robot_interfaces/include/my_robot_interfaces/my_robot_interfaces/srv/set_led.h
[6.315s] -- Installing: /media/ros/fedora/home/maylis/Dokumente/TeleNav/install/my_robot_interfaces/share/my_robot_interfaces/environment/library_path.sh
[6.315s] -- Installing: /media/ros/fedora/home/maylis/Dokumente/TeleNav/install/my_robot_interfaces/share/my_robot_interfaces/environment/library_path.dsv
[6.315s] -- Installing: /media/ros/fedora/home/maylis/Dokumente/TeleNav/install/my_robot_interfaces/lib/libmy_robot_interfaces__rosidl_generator_c.so
[6.315s] -- Set runtime path of "/media/ros/fedora/home/maylis/Dokumente/TeleNav/install/my_robot_interfaces/lib/libmy_robot_interfaces__rosidl_generator_c.so" to ""
[6.315s] -- Up-to-date: /media/ros/fedora/home/maylis/Dokumente/TeleNav/install/my_robot_interfaces/include/my_robot_interfaces/my_robot_interfaces
[6.315s] -- Up-to-date: /media/ros/fedora/home/maylis/Dokumente/TeleNav/install/my_robot_interfaces/include/my_robot_interfaces/my_robot_interfaces/msg
[6.315s] -- Installing: /media/ros/fedora/home/maylis/Dokumente/TeleNav/install/my_robot_interfaces/include/my_robot_interfaces/my_robot_interfaces/msg/rosidl_typesupport_fastrtps_c__visibility_control.h
[6.315s] -- Up-to-date: /media/ros/fedora/home/maylis/Dokumente/TeleNav/install/my_robot_interfaces/include/my_robot_interfaces/my_robot_interfaces/msg/detail
[6.315s] -- Installing: /media/ros/fedora/home/maylis/Dokumente/TeleNav/install/my_robot_interfaces/include/my_robot_interfaces/my_robot_interfaces/msg/detail/hardware_status__rosidl_typesupport_fastrtps_c.h
[6.315s] -- Installing: /media/ros/fedora/home/maylis/Dokumente/TeleNav/install/my_robot_interfaces/include/my_robot_interfaces/my_robot_interfaces/msg/detail/led_state__rosidl_typesupport_fastrtps_c.h
[6.315s] -- Up-to-date: /media/ros/fedora/home/maylis/Dokumente/TeleNav/install/my_robot_interfaces/include/my_robot_interfaces/my_robot_interfaces/srv
[6.315s] -- Up-to-date: /media/ros/fedora/home/maylis/Dokumente/TeleNav/install/my_robot_interfaces/include/my_robot_interfaces/my_robot_interfaces/srv/detail
[6.315s] -- Installing: /media/ros/fedora/home/maylis/Dokumente/TeleNav/install/my_robot_interfaces/include/my_robot_interfaces/my_robot_interfaces/srv/detail/compute_rectangle_area__rosidl_typesupport_fastrtps_c.h
[6.318s] -- Installing: /media/ros/fedora/home/maylis/Dokumente/TeleNav/install/my_robot_interfaces/include/my_robot_interfaces/my_robot_interfaces/srv/detail/set_led__rosidl_typesupport_fastrtps_c.h
[6.318s] -- Installing: /media/ros/fedora/home/maylis/Dokumente/TeleNav/install/my_robot_interfaces/lib/libmy_robot_interfaces__rosidl_typesupport_fastrtps_c.so
[6.320s] -- Set runtime path of "/media/ros/fedora/home/maylis/Dokumente/TeleNav/install/my_robot_interfaces/lib/libmy_robot_interfaces__rosidl_typesupport_fastrtps_c.so" to ""
[6.321s] -- Up-to-date: /media/ros/fedora/home/maylis/Dokumente/TeleNav/install/my_robot_interfaces/include/my_robot_interfaces/my_robot_interfaces
[6.321s] -- Up-to-date: /media/ros/fedora/home/maylis/Dokumente/TeleNav/install/my_robot_interfaces/include/my_robot_interfaces/my_robot_interfaces/msg
[6.321s] -- Installing: /media/ros/fedora/home/maylis/Dokumente/TeleNav/install/my_robot_interfaces/include/my_robot_interfaces/my_robot_interfaces/msg/rosidl_typesupport_introspection_c__visibility_control.h
[6.321s] -- Up-to-date: /media/ros/fedora/home/maylis/Dokumente/TeleNav/install/my_robot_interfaces/include/my_robot_interfaces/my_robot_interfaces/msg/detail
[6.321s] -- Installing: /media/ros/fedora/home/maylis/Dokumente/TeleNav/install/my_robot_interfaces/include/my_robot_interfaces/my_robot_interfaces/msg/detail/hardware_status__rosidl_typesupport_introspection_c.h
[6.321s] -- Installing: /media/ros/fedora/home/maylis/Dokumente/TeleNav/install/my_robot_interfaces/include/my_robot_interfaces/my_robot_interfaces/msg/detail/hardware_status__type_support.c
[6.321s] -- Installing: /media/ros/fedora/home/maylis/Dokumente/TeleNav/install/my_robot_interfaces/include/my_robot_interfaces/my_robot_interfaces/msg/detail/led_state__rosidl_typesupport_introspection_c.h
[6.321s] -- Installing: /media/ros/fedora/home/maylis/Dokumente/TeleNav/install/my_robot_interfaces/include/my_robot_interfaces/my_robot_interfaces/msg/detail/led_state__type_support.c
[6.321s] -- Up-to-date: /media/ros/fedora/home/maylis/Dokumente/TeleNav/install/my_robot_interfaces/include/my_robot_interfaces/my_robot_interfaces/srv
[6.321s] -- Up-to-date: /media/ros/fedora/home/maylis/Dokumente/TeleNav/install/my_robot_interfaces/include/my_robot_interfaces/my_robot_interfaces/srv/detail
[6.321s] -- Installing: /media/ros/fedora/home/maylis/Dokumente/TeleNav/install/my_robot_interfaces/include/my_robot_interfaces/my_robot_interfaces/srv/detail/compute_rectangle_area__rosidl_typesupport_introspection_c.h
[6.321s] -- Installing: /media/ros/fedora/home/maylis/Dokumente/TeleNav/install/my_robot_interfaces/include/my_robot_interfaces/my_robot_interfaces/srv/detail/compute_rectangle_area__type_support.c
[6.321s] -- Installing: /media/ros/fedora/home/maylis/Dokumente/TeleNav/install/my_robot_interfaces/include/my_robot_interfaces/my_robot_interfaces/srv/detail/set_led__rosidl_typesupport_introspection_c.h
[6.321s] -- Installing: /media/ros/fedora/home/maylis/Dokumente/TeleNav/install/my_robot_interfaces/include/my_robot_interfaces/my_robot_interfaces/srv/detail/set_led__type_support.c
[6.321s] -- Installing: /media/ros/fedora/home/maylis/Dokumente/TeleNav/install/my_robot_interfaces/lib/libmy_robot_interfaces__rosidl_typesupport_introspection_c.so
[6.321s] -- Set runtime path of "/media/ros/fedora/home/maylis/Dokumente/TeleNav/install/my_robot_interfaces/lib/libmy_robot_interfaces__rosidl_typesupport_introspection_c.so" to ""
[6.321s] -- Installing: /media/ros/fedora/home/maylis/Dokumente/TeleNav/install/my_robot_interfaces/lib/libmy_robot_interfaces__rosidl_typesupport_c.so
[6.321s] -- Set runtime path of "/media/ros/fedora/home/maylis/Dokumente/TeleNav/install/my_robot_interfaces/lib/libmy_robot_interfaces__rosidl_typesupport_c.so" to ""
[6.322s] -- Up-to-date: /media/ros/fedora/home/maylis/Dokumente/TeleNav/install/my_robot_interfaces/include/my_robot_interfaces/my_robot_interfaces
[6.322s] -- Up-to-date: /media/ros/fedora/home/maylis/Dokumente/TeleNav/install/my_robot_interfaces/include/my_robot_interfaces/my_robot_interfaces/msg
[6.322s] -- Installing: /media/ros/fedora/home/maylis/Dokumente/TeleNav/install/my_robot_interfaces/include/my_robot_interfaces/my_robot_interfaces/msg/rosidl_generator_cpp__visibility_control.hpp
[6.322s] -- Up-to-date: /media/ros/fedora/home/maylis/Dokumente/TeleNav/install/my_robot_interfaces/include/my_robot_interfaces/my_robot_interfaces/msg/detail
[6.322s] -- Installing: /media/ros/fedora/home/maylis/Dokumente/TeleNav/install/my_robot_interfaces/include/my_robot_interfaces/my_robot_interfaces/msg/detail/hardware_status__builder.hpp
[6.322s] -- Installing: /media/ros/fedora/home/maylis/Dokumente/TeleNav/install/my_robot_interfaces/include/my_robot_interfaces/my_robot_interfaces/msg/detail/hardware_status__struct.hpp
[6.322s] -- Installing: /media/ros/fedora/home/maylis/Dokumente/TeleNav/install/my_robot_interfaces/include/my_robot_interfaces/my_robot_interfaces/msg/detail/hardware_status__traits.hpp
[6.322s] -- Installing: /media/ros/fedora/home/maylis/Dokumente/TeleNav/install/my_robot_interfaces/include/my_robot_interfaces/my_robot_interfaces/msg/detail/hardware_status__type_support.hpp
[6.322s] -- Installing: /media/ros/fedora/home/maylis/Dokumente/TeleNav/install/my_robot_interfaces/include/my_robot_interfaces/my_robot_interfaces/msg/detail/led_state__builder.hpp
[6.322s] -- Installing: /media/ros/fedora/home/maylis/Dokumente/TeleNav/install/my_robot_interfaces/include/my_robot_interfaces/my_robot_interfaces/msg/detail/led_state__struct.hpp
[6.322s] -- Installing: /media/ros/fedora/home/maylis/Dokumente/TeleNav/install/my_robot_interfaces/include/my_robot_interfaces/my_robot_interfaces/msg/detail/led_state__traits.hpp
[6.322s] -- Installing: /media/ros/fedora/home/maylis/Dokumente/TeleNav/install/my_robot_interfaces/include/my_robot_interfaces/my_robot_interfaces/msg/detail/led_state__type_support.hpp
[6.322s] -- Installing: /media/ros/fedora/home/maylis/Dokumente/TeleNav/install/my_robot_interfaces/include/my_robot_interfaces/my_robot_interfaces/msg/hardware_status.hpp
[6.322s] -- Installing: /media/ros/fedora/home/maylis/Dokumente/TeleNav/install/my_robot_interfaces/include/my_robot_interfaces/my_robot_interfaces/msg/led_state.hpp
[6.323s] -- Up-to-date: /media/ros/fedora/home/maylis/Dokumente/TeleNav/install/my_robot_interfaces/include/my_robot_interfaces/my_robot_interfaces/srv
[6.323s] -- Installing: /media/ros/fedora/home/maylis/Dokumente/TeleNav/install/my_robot_interfaces/include/my_robot_interfaces/my_robot_interfaces/srv/compute_rectangle_area.hpp
[6.323s] -- Up-to-date: /media/ros/fedora/home/maylis/Dokumente/TeleNav/install/my_robot_interfaces/include/my_robot_interfaces/my_robot_interfaces/srv/detail
[6.323s] -- Installing: /media/ros/fedora/home/maylis/Dokumente/TeleNav/install/my_robot_interfaces/include/my_robot_interfaces/my_robot_interfaces/srv/detail/compute_rectangle_area__builder.hpp
[6.324s] -- Installing: /media/ros/fedora/home/maylis/Dokumente/TeleNav/install/my_robot_interfaces/include/my_robot_interfaces/my_robot_interfaces/srv/detail/compute_rectangle_area__struct.hpp
[6.324s] -- Installing: /media/ros/fedora/home/maylis/Dokumente/TeleNav/install/my_robot_interfaces/include/my_robot_interfaces/my_robot_interfaces/srv/detail/compute_rectangle_area__traits.hpp
[6.324s] -- Installing: /media/ros/fedora/home/maylis/Dokumente/TeleNav/install/my_robot_interfaces/include/my_robot_interfaces/my_robot_interfaces/srv/detail/compute_rectangle_area__type_support.hpp
[6.324s] -- Installing: /media/ros/fedora/home/maylis/Dokumente/TeleNav/install/my_robot_interfaces/include/my_robot_interfaces/my_robot_interfaces/srv/detail/set_led__builder.hpp
[6.324s] -- Installing: /media/ros/fedora/home/maylis/Dokumente/TeleNav/install/my_robot_interfaces/include/my_robot_interfaces/my_robot_interfaces/srv/detail/set_led__struct.hpp
[6.324s] -- Installing: /media/ros/fedora/home/maylis/Dokumente/TeleNav/install/my_robot_interfaces/include/my_robot_interfaces/my_robot_interfaces/srv/detail/set_led__traits.hpp
[6.326s] -- Installing: /media/ros/fedora/home/maylis/Dokumente/TeleNav/install/my_robot_interfaces/include/my_robot_interfaces/my_robot_interfaces/srv/detail/set_led__type_support.hpp
[6.326s] -- Installing: /media/ros/fedora/home/maylis/Dokumente/TeleNav/install/my_robot_interfaces/include/my_robot_interfaces/my_robot_interfaces/srv/set_led.hpp
[6.326s] -- Up-to-date: /media/ros/fedora/home/maylis/Dokumente/TeleNav/install/my_robot_interfaces/include/my_robot_interfaces/my_robot_interfaces
[6.327s] -- Up-to-date: /media/ros/fedora/home/maylis/Dokumente/TeleNav/install/my_robot_interfaces/include/my_robot_interfaces/my_robot_interfaces/msg
[6.327s] -- Installing: /media/ros/fedora/home/maylis/Dokumente/TeleNav/install/my_robot_interfaces/include/my_robot_interfaces/my_robot_interfaces/msg/rosidl_typesupport_fastrtps_cpp__visibility_control.h
[6.327s] -- Up-to-date: /media/ros/fedora/home/maylis/Dokumente/TeleNav/install/my_robot_interfaces/include/my_robot_interfaces/my_robot_interfaces/msg/detail
[6.328s] -- Installing: /media/ros/fedora/home/maylis/Dokumente/TeleNav/install/my_robot_interfaces/include/my_robot_interfaces/my_robot_interfaces/msg/detail/hardware_status__rosidl_typesupport_fastrtps_cpp.hpp
[6.328s] -- Installing: /media/ros/fedora/home/maylis/Dokumente/TeleNav/install/my_robot_interfaces/include/my_robot_interfaces/my_robot_interfaces/msg/detail/dds_fastrtps
[6.329s] -- Installing: /media/ros/fedora/home/maylis/Dokumente/TeleNav/install/my_robot_interfaces/include/my_robot_interfaces/my_robot_interfaces/msg/detail/led_state__rosidl_typesupport_fastrtps_cpp.hpp
[6.330s] -- Up-to-date: /media/ros/fedora/home/maylis/Dokumente/TeleNav/install/my_robot_interfaces/include/my_robot_interfaces/my_robot_interfaces/srv
[6.330s] -- Up-to-date: /media/ros/fedora/home/maylis/Dokumente/TeleNav/install/my_robot_interfaces/include/my_robot_interfaces/my_robot_interfaces/srv/detail
[6.330s] -- Installing: /media/ros/fedora/home/maylis/Dokumente/TeleNav/install/my_robot_interfaces/include/my_robot_interfaces/my_robot_interfaces/srv/detail/compute_rectangle_area__rosidl_typesupport_fastrtps_cpp.hpp
[6.330s] -- Installing: /media/ros/fedora/home/maylis/Dokumente/TeleNav/install/my_robot_interfaces/include/my_robot_interfaces/my_robot_interfaces/srv/detail/dds_fastrtps
[6.330s] -- Installing: /media/ros/fedora/home/maylis/Dokumente/TeleNav/install/my_robot_interfaces/include/my_robot_interfaces/my_robot_interfaces/srv/detail/set_led__rosidl_typesupport_fastrtps_cpp.hpp
[6.330s] -- Installing: /media/ros/fedora/home/maylis/Dokumente/TeleNav/install/my_robot_interfaces/lib/libmy_robot_interfaces__rosidl_typesupport_fastrtps_cpp.so
[6.330s] -- Set runtime path of "/media/ros/fedora/home/maylis/Dokumente/TeleNav/install/my_robot_interfaces/lib/libmy_robot_interfaces__rosidl_typesupport_fastrtps_cpp.so" to ""
[6.330s] -- Up-to-date: /media/ros/fedora/home/maylis/Dokumente/TeleNav/install/my_robot_interfaces/include/my_robot_interfaces/my_robot_interfaces
[6.330s] -- Up-to-date: /media/ros/fedora/home/maylis/Dokumente/TeleNav/install/my_robot_interfaces/include/my_robot_interfaces/my_robot_interfaces/msg
[6.330s] -- Up-to-date: /media/ros/fedora/home/maylis/Dokumente/TeleNav/install/my_robot_interfaces/include/my_robot_interfaces/my_robot_interfaces/msg/detail
[6.330s] -- Installing: /media/ros/fedora/home/maylis/Dokumente/TeleNav/install/my_robot_interfaces/include/my_robot_interfaces/my_robot_interfaces/msg/detail/hardware_status__rosidl_typesupport_introspection_cpp.hpp
[6.330s] -- Installing: /media/ros/fedora/home/maylis/Dokumente/TeleNav/install/my_robot_interfaces/include/my_robot_interfaces/my_robot_interfaces/msg/detail/hardware_status__type_support.cpp
[6.330s] -- Installing: /media/ros/fedora/home/maylis/Dokumente/TeleNav/install/my_robot_interfaces/include/my_robot_interfaces/my_robot_interfaces/msg/detail/led_state__rosidl_typesupport_introspection_cpp.hpp
[6.330s] -- Installing: /media/ros/fedora/home/maylis/Dokumente/TeleNav/install/my_robot_interfaces/include/my_robot_interfaces/my_robot_interfaces/msg/detail/led_state__type_support.cpp
[6.330s] -- Up-to-date: /media/ros/fedora/home/maylis/Dokumente/TeleNav/install/my_robot_interfaces/include/my_robot_interfaces/my_robot_interfaces/srv
[6.331s] -- Up-to-date: /media/ros/fedora/home/maylis/Dokumente/TeleNav/install/my_robot_interfaces/include/my_robot_interfaces/my_robot_interfaces/srv/detail
[6.332s] -- Installing: /media/ros/fedora/home/maylis/Dokumente/TeleNav/install/my_robot_interfaces/include/my_robot_interfaces/my_robot_interfaces/srv/detail/compute_rectangle_area__rosidl_typesupport_introspection_cpp.hpp
[6.332s] -- Installing: /media/ros/fedora/home/maylis/Dokumente/TeleNav/install/my_robot_interfaces/include/my_robot_interfaces/my_robot_interfaces/srv/detail/compute_rectangle_area__type_support.cpp
[6.332s] -- Installing: /media/ros/fedora/home/maylis/Dokumente/TeleNav/install/my_robot_interfaces/include/my_robot_interfaces/my_robot_interfaces/srv/detail/set_led__rosidl_typesupport_introspection_cpp.hpp
[6.332s] -- Installing: /media/ros/fedora/home/maylis/Dokumente/TeleNav/install/my_robot_interfaces/include/my_robot_interfaces/my_robot_interfaces/srv/detail/set_led__type_support.cpp
[6.332s] -- Installing: /media/ros/fedora/home/maylis/Dokumente/TeleNav/install/my_robot_interfaces/lib/libmy_robot_interfaces__rosidl_typesupport_introspection_cpp.so
[6.333s] -- Set runtime path of "/media/ros/fedora/home/maylis/Dokumente/TeleNav/install/my_robot_interfaces/lib/libmy_robot_interfaces__rosidl_typesupport_introspection_cpp.so" to ""
[6.333s] -- Installing: /media/ros/fedora/home/maylis/Dokumente/TeleNav/install/my_robot_interfaces/lib/libmy_robot_interfaces__rosidl_typesupport_cpp.so
[6.334s] -- Set runtime path of "/media/ros/fedora/home/maylis/Dokumente/TeleNav/install/my_robot_interfaces/lib/libmy_robot_interfaces__rosidl_typesupport_cpp.so" to ""
[6.335s] -- Installing: /media/ros/fedora/home/maylis/Dokumente/TeleNav/install/my_robot_interfaces/share/my_robot_interfaces/environment/pythonpath.sh
[6.335s] -- Installing: /media/ros/fedora/home/maylis/Dokumente/TeleNav/install/my_robot_interfaces/share/my_robot_interfaces/environment/pythonpath.dsv
[6.335s] -- Installing: /media/ros/fedora/home/maylis/Dokumente/TeleNav/install/my_robot_interfaces/local/lib/python3.10/dist-packages/my_robot_interfaces-0.0.0-py3.10.egg-info
[6.335s] -- Installing: /media/ros/fedora/home/maylis/Dokumente/TeleNav/install/my_robot_interfaces/local/lib/python3.10/dist-packages/my_robot_interfaces-0.0.0-py3.10.egg-info/PKG-INFO
[6.335s] -- Installing: /media/ros/fedora/home/maylis/Dokumente/TeleNav/install/my_robot_interfaces/local/lib/python3.10/dist-packages/my_robot_interfaces-0.0.0-py3.10.egg-info/dependency_links.txt
[6.335s] -- Installing: /media/ros/fedora/home/maylis/Dokumente/TeleNav/install/my_robot_interfaces/local/lib/python3.10/dist-packages/my_robot_interfaces-0.0.0-py3.10.egg-info/top_level.txt
[6.335s] -- Installing: /media/ros/fedora/home/maylis/Dokumente/TeleNav/install/my_robot_interfaces/local/lib/python3.10/dist-packages/my_robot_interfaces-0.0.0-py3.10.egg-info/SOURCES.txt
[6.336s] -- Installing: /media/ros/fedora/home/maylis/Dokumente/TeleNav/install/my_robot_interfaces/local/lib/python3.10/dist-packages/my_robot_interfaces
[6.336s] -- Installing: /media/ros/fedora/home/maylis/Dokumente/TeleNav/install/my_robot_interfaces/local/lib/python3.10/dist-packages/my_robot_interfaces/__init__.py
[6.336s] -- Installing: /media/ros/fedora/home/maylis/Dokumente/TeleNav/install/my_robot_interfaces/local/lib/python3.10/dist-packages/my_robot_interfaces/msg
[6.337s] -- Installing: /media/ros/fedora/home/maylis/Dokumente/TeleNav/install/my_robot_interfaces/local/lib/python3.10/dist-packages/my_robot_interfaces/msg/_hardware_status.py
[6.337s] -- Installing: /media/ros/fedora/home/maylis/Dokumente/TeleNav/install/my_robot_interfaces/local/lib/python3.10/dist-packages/my_robot_interfaces/msg/_hardware_status_s.c
[6.338s] -- Installing: /media/ros/fedora/home/maylis/Dokumente/TeleNav/install/my_robot_interfaces/local/lib/python3.10/dist-packages/my_robot_interfaces/msg/__init__.py
[6.338s] -- Installing: /media/ros/fedora/home/maylis/Dokumente/TeleNav/install/my_robot_interfaces/local/lib/python3.10/dist-packages/my_robot_interfaces/msg/_led_state.py
[6.338s] -- Installing: /media/ros/fedora/home/maylis/Dokumente/TeleNav/install/my_robot_interfaces/local/lib/python3.10/dist-packages/my_robot_interfaces/msg/_led_state_s.c
[6.338s] -- Installing: /media/ros/fedora/home/maylis/Dokumente/TeleNav/install/my_robot_interfaces/local/lib/python3.10/dist-packages/my_robot_interfaces/srv
[6.339s] -- Installing: /media/ros/fedora/home/maylis/Dokumente/TeleNav/install/my_robot_interfaces/local/lib/python3.10/dist-packages/my_robot_interfaces/srv/_compute_rectangle_area.py
[6.339s] -- Installing: /media/ros/fedora/home/maylis/Dokumente/TeleNav/install/my_robot_interfaces/local/lib/python3.10/dist-packages/my_robot_interfaces/srv/_compute_rectangle_area_s.c
[6.339s] -- Installing: /media/ros/fedora/home/maylis/Dokumente/TeleNav/install/my_robot_interfaces/local/lib/python3.10/dist-packages/my_robot_interfaces/srv/__init__.py
[6.340s] -- Installing: /media/ros/fedora/home/maylis/Dokumente/TeleNav/install/my_robot_interfaces/local/lib/python3.10/dist-packages/my_robot_interfaces/srv/_set_led.py
[6.340s] -- Installing: /media/ros/fedora/home/maylis/Dokumente/TeleNav/install/my_robot_interfaces/local/lib/python3.10/dist-packages/my_robot_interfaces/srv/_set_led_s.c
[6.340s] -- Installing: /media/ros/fedora/home/maylis/Dokumente/TeleNav/install/my_robot_interfaces/local/lib/python3.10/dist-packages/my_robot_interfaces/_my_robot_interfaces_s.ep.rosidl_typesupport_introspection_c.c
[6.340s] -- Installing: /media/ros/fedora/home/maylis/Dokumente/TeleNav/install/my_robot_interfaces/local/lib/python3.10/dist-packages/my_robot_interfaces/_my_robot_interfaces_s.ep.rosidl_typesupport_c.c
[6.341s] -- Installing: /media/ros/fedora/home/maylis/Dokumente/TeleNav/install/my_robot_interfaces/local/lib/python3.10/dist-packages/my_robot_interfaces/_my_robot_interfaces_s.ep.rosidl_typesupport_fastrtps_c.c
[6.341s] -- Installing: /media/ros/fedora/home/maylis/Dokumente/TeleNav/install/my_robot_interfaces/local/lib/python3.10/dist-packages/my_robot_interfaces/libmy_robot_interfaces__rosidl_generator_py.so
[6.341s] -- Installing: /media/ros/fedora/home/maylis/Dokumente/TeleNav/install/my_robot_interfaces/local/lib/python3.10/dist-packages/my_robot_interfaces/my_robot_interfaces_s__rosidl_typesupport_fastrtps_c.cpython-310-x86_64-linux-gnu.so
[6.343s] -- Installing: /media/ros/fedora/home/maylis/Dokumente/TeleNav/install/my_robot_interfaces/local/lib/python3.10/dist-packages/my_robot_interfaces/my_robot_interfaces_s__rosidl_typesupport_c.cpython-310-x86_64-linux-gnu.so
[6.344s] -- Installing: /media/ros/fedora/home/maylis/Dokumente/TeleNav/install/my_robot_interfaces/local/lib/python3.10/dist-packages/my_robot_interfaces/my_robot_interfaces_s__rosidl_typesupport_introspection_c.cpython-310-x86_64-linux-gnu.so
[6.389s] Listing '/media/ros/fedora/home/maylis/Dokumente/TeleNav/install/my_robot_interfaces/local/lib/python3.10/dist-packages/my_robot_interfaces'...
[6.389s] Compiling '/media/ros/fedora/home/maylis/Dokumente/TeleNav/install/my_robot_interfaces/local/lib/python3.10/dist-packages/my_robot_interfaces/__init__.py'...
[6.389s] Listing '/media/ros/fedora/home/maylis/Dokumente/TeleNav/install/my_robot_interfaces/local/lib/python3.10/dist-packages/my_robot_interfaces/msg'...
[6.389s] Compiling '/media/ros/fedora/home/maylis/Dokumente/TeleNav/install/my_robot_interfaces/local/lib/python3.10/dist-packages/my_robot_interfaces/msg/__init__.py'...
[6.391s] Compiling '/media/ros/fedora/home/maylis/Dokumente/TeleNav/install/my_robot_interfaces/local/lib/python3.10/dist-packages/my_robot_interfaces/msg/_hardware_status.py'...
[6.391s] Compiling '/media/ros/fedora/home/maylis/Dokumente/TeleNav/install/my_robot_interfaces/local/lib/python3.10/dist-packages/my_robot_interfaces/msg/_led_state.py'...
[6.391s] Listing '/media/ros/fedora/home/maylis/Dokumente/TeleNav/install/my_robot_interfaces/local/lib/python3.10/dist-packages/my_robot_interfaces/srv'...
[6.391s] Compiling '/media/ros/fedora/home/maylis/Dokumente/TeleNav/install/my_robot_interfaces/local/lib/python3.10/dist-packages/my_robot_interfaces/srv/__init__.py'...
[6.391s] Compiling '/media/ros/fedora/home/maylis/Dokumente/TeleNav/install/my_robot_interfaces/local/lib/python3.10/dist-packages/my_robot_interfaces/srv/_compute_rectangle_area.py'...
[6.391s] Compiling '/media/ros/fedora/home/maylis/Dokumente/TeleNav/install/my_robot_interfaces/local/lib/python3.10/dist-packages/my_robot_interfaces/srv/_set_led.py'...
[6.396s] -- Installing: /media/ros/fedora/home/maylis/Dokumente/TeleNav/install/my_robot_interfaces/local/lib/python3.10/dist-packages/my_robot_interfaces/my_robot_interfaces_s__rosidl_typesupport_fastrtps_c.cpython-310-x86_64-linux-gnu.so
[6.396s] -- Set runtime path of "/media/ros/fedora/home/maylis/Dokumente/TeleNav/install/my_robot_interfaces/local/lib/python3.10/dist-packages/my_robot_interfaces/my_robot_interfaces_s__rosidl_typesupport_fastrtps_c.cpython-310-x86_64-linux-gnu.so" to ""
[6.397s] -- Installing: /media/ros/fedora/home/maylis/Dokumente/TeleNav/install/my_robot_interfaces/local/lib/python3.10/dist-packages/my_robot_interfaces/my_robot_interfaces_s__rosidl_typesupport_introspection_c.cpython-310-x86_64-linux-gnu.so
[6.397s] -- Set runtime path of "/media/ros/fedora/home/maylis/Dokumente/TeleNav/install/my_robot_interfaces/local/lib/python3.10/dist-packages/my_robot_interfaces/my_robot_interfaces_s__rosidl_typesupport_introspection_c.cpython-310-x86_64-linux-gnu.so" to ""
[6.398s] -- Installing: /media/ros/fedora/home/maylis/Dokumente/TeleNav/install/my_robot_interfaces/local/lib/python3.10/dist-packages/my_robot_interfaces/my_robot_interfaces_s__rosidl_typesupport_c.cpython-310-x86_64-linux-gnu.so
[6.399s] -- Set runtime path of "/media/ros/fedora/home/maylis/Dokumente/TeleNav/install/my_robot_interfaces/local/lib/python3.10/dist-packages/my_robot_interfaces/my_robot_interfaces_s__rosidl_typesupport_c.cpython-310-x86_64-linux-gnu.so" to ""
[6.399s] -- Installing: /media/ros/fedora/home/maylis/Dokumente/TeleNav/install/my_robot_interfaces/lib/libmy_robot_interfaces__rosidl_generator_py.so
[6.402s] -- Set runtime path of "/media/ros/fedora/home/maylis/Dokumente/TeleNav/install/my_robot_interfaces/lib/libmy_robot_interfaces__rosidl_generator_py.so" to ""
[6.402s] -- Installing: /media/ros/fedora/home/maylis/Dokumente/TeleNav/install/my_robot_interfaces/share/my_robot_interfaces/msg/HardwareStatus.idl
[6.402s] -- Installing: /media/ros/fedora/home/maylis/Dokumente/TeleNav/install/my_robot_interfaces/share/my_robot_interfaces/srv/ComputeRectangleArea.idl
[6.403s] -- Installing: /media/ros/fedora/home/maylis/Dokumente/TeleNav/install/my_robot_interfaces/share/my_robot_interfaces/msg/LedState.idl
[6.403s] -- Installing: /media/ros/fedora/home/maylis/Dokumente/TeleNav/install/my_robot_interfaces/share/my_robot_interfaces/srv/SetLed.idl
[6.403s] -- Installing: /media/ros/fedora/home/maylis/Dokumente/TeleNav/install/my_robot_interfaces/share/my_robot_interfaces/msg/HardwareStatus.msg
[6.403s] -- Installing: /media/ros/fedora/home/maylis/Dokumente/TeleNav/install/my_robot_interfaces/share/my_robot_interfaces/srv/ComputeRectangleArea.srv
[6.403s] -- Installing: /media/ros/fedora/home/maylis/Dokumente/TeleNav/install/my_robot_interfaces/share/my_robot_interfaces/srv/ComputeRectangleArea_Request.msg
[6.403s] -- Installing: /media/ros/fedora/home/maylis/Dokumente/TeleNav/install/my_robot_interfaces/share/my_robot_interfaces/srv/ComputeRectangleArea_Response.msg
[6.404s] -- Installing: /media/ros/fedora/home/maylis/Dokumente/TeleNav/install/my_robot_interfaces/share/my_robot_interfaces/msg/LedState.msg
[6.404s] -- Installing: /media/ros/fedora/home/maylis/Dokumente/TeleNav/install/my_robot_interfaces/share/my_robot_interfaces/srv/SetLed.srv
[6.404s] -- Installing: /media/ros/fedora/home/maylis/Dokumente/TeleNav/install/my_robot_interfaces/share/my_robot_interfaces/srv/SetLed_Request.msg
[6.404s] -- Installing: /media/ros/fedora/home/maylis/Dokumente/TeleNav/install/my_robot_interfaces/share/my_robot_interfaces/srv/SetLed_Response.msg
[6.404s] -- Installing: /media/ros/fedora/home/maylis/Dokumente/TeleNav/install/my_robot_interfaces/share/ament_index/resource_index/package_run_dependencies/my_robot_interfaces
[6.404s] -- Installing: /media/ros/fedora/home/maylis/Dokumente/TeleNav/install/my_robot_interfaces/share/ament_index/resource_index/parent_prefix_path/my_robot_interfaces
[6.404s] -- Installing: /media/ros/fedora/home/maylis/Dokumente/TeleNav/install/my_robot_interfaces/share/my_robot_interfaces/environment/ament_prefix_path.sh
[6.404s] -- Installing: /media/ros/fedora/home/maylis/Dokumente/TeleNav/install/my_robot_interfaces/share/my_robot_interfaces/environment/ament_prefix_path.dsv
[6.404s] -- Installing: /media/ros/fedora/home/maylis/Dokumente/TeleNav/install/my_robot_interfaces/share/my_robot_interfaces/environment/path.sh
[6.404s] -- Installing: /media/ros/fedora/home/maylis/Dokumente/TeleNav/install/my_robot_interfaces/share/my_robot_interfaces/environment/path.dsv
[6.404s] -- Installing: /media/ros/fedora/home/maylis/Dokumente/TeleNav/install/my_robot_interfaces/share/my_robot_interfaces/local_setup.bash
[6.406s] -- Installing: /media/ros/fedora/home/maylis/Dokumente/TeleNav/install/my_robot_interfaces/share/my_robot_interfaces/local_setup.sh
[6.406s] -- Installing: /media/ros/fedora/home/maylis/Dokumente/TeleNav/install/my_robot_interfaces/share/my_robot_interfaces/local_setup.zsh
[6.406s] -- Installing: /media/ros/fedora/home/maylis/Dokumente/TeleNav/install/my_robot_interfaces/share/my_robot_interfaces/local_setup.dsv
[6.406s] -- Installing: /media/ros/fedora/home/maylis/Dokumente/TeleNav/install/my_robot_interfaces/share/my_robot_interfaces/package.dsv
[6.407s] -- Installing: /media/ros/fedora/home/maylis/Dokumente/TeleNav/install/my_robot_interfaces/share/ament_index/resource_index/packages/my_robot_interfaces
[6.407s] -- Installing: /media/ros/fedora/home/maylis/Dokumente/TeleNav/install/my_robot_interfaces/share/my_robot_interfaces/cmake/export_my_robot_interfaces__rosidl_generator_cExport.cmake
[6.407s] -- Installing: /media/ros/fedora/home/maylis/Dokumente/TeleNav/install/my_robot_interfaces/share/my_robot_interfaces/cmake/export_my_robot_interfaces__rosidl_generator_cExport-noconfig.cmake
[6.407s] -- Installing: /media/ros/fedora/home/maylis/Dokumente/TeleNav/install/my_robot_interfaces/share/my_robot_interfaces/cmake/export_my_robot_interfaces__rosidl_typesupport_fastrtps_cExport.cmake
[6.407s] -- Installing: /media/ros/fedora/home/maylis/Dokumente/TeleNav/install/my_robot_interfaces/share/my_robot_interfaces/cmake/export_my_robot_interfaces__rosidl_typesupport_fastrtps_cExport-noconfig.cmake
[6.407s] -- Installing: /media/ros/fedora/home/maylis/Dokumente/TeleNav/install/my_robot_interfaces/share/my_robot_interfaces/cmake/my_robot_interfaces__rosidl_typesupport_introspection_cExport.cmake
[6.407s] -- Installing: /media/ros/fedora/home/maylis/Dokumente/TeleNav/install/my_robot_interfaces/share/my_robot_interfaces/cmake/my_robot_interfaces__rosidl_typesupport_introspection_cExport-noconfig.cmake
[6.407s] -- Installing: /media/ros/fedora/home/maylis/Dokumente/TeleNav/install/my_robot_interfaces/share/my_robot_interfaces/cmake/my_robot_interfaces__rosidl_typesupport_cExport.cmake
[6.407s] -- Installing: /media/ros/fedora/home/maylis/Dokumente/TeleNav/install/my_robot_interfaces/share/my_robot_interfaces/cmake/my_robot_interfaces__rosidl_typesupport_cExport-noconfig.cmake
[6.407s] -- Installing: /media/ros/fedora/home/maylis/Dokumente/TeleNav/install/my_robot_interfaces/share/my_robot_interfaces/cmake/export_my_robot_interfaces__rosidl_generator_cppExport.cmake
[6.407s] -- Installing: /media/ros/fedora/home/maylis/Dokumente/TeleNav/install/my_robot_interfaces/share/my_robot_interfaces/cmake/export_my_robot_interfaces__rosidl_typesupport_fastrtps_cppExport.cmake
[6.407s] -- Installing: /media/ros/fedora/home/maylis/Dokumente/TeleNav/install/my_robot_interfaces/share/my_robot_interfaces/cmake/export_my_robot_interfaces__rosidl_typesupport_fastrtps_cppExport-noconfig.cmake
[6.407s] -- Installing: /media/ros/fedora/home/maylis/Dokumente/TeleNav/install/my_robot_interfaces/share/my_robot_interfaces/cmake/my_robot_interfaces__rosidl_typesupport_introspection_cppExport.cmake
[6.407s] -- Installing: /media/ros/fedora/home/maylis/Dokumente/TeleNav/install/my_robot_interfaces/share/my_robot_interfaces/cmake/my_robot_interfaces__rosidl_typesupport_introspection_cppExport-noconfig.cmake
[6.407s] -- Installing: /media/ros/fedora/home/maylis/Dokumente/TeleNav/install/my_robot_interfaces/share/my_robot_interfaces/cmake/my_robot_interfaces__rosidl_typesupport_cppExport.cmake
[6.407s] -- Installing: /media/ros/fedora/home/maylis/Dokumente/TeleNav/install/my_robot_interfaces/share/my_robot_interfaces/cmake/my_robot_interfaces__rosidl_typesupport_cppExport-noconfig.cmake
[6.407s] -- Installing: /media/ros/fedora/home/maylis/Dokumente/TeleNav/install/my_robot_interfaces/share/my_robot_interfaces/cmake/export_my_robot_interfaces__rosidl_generator_pyExport.cmake
[6.407s] -- Installing: /media/ros/fedora/home/maylis/Dokumente/TeleNav/install/my_robot_interfaces/share/my_robot_interfaces/cmake/export_my_robot_interfaces__rosidl_generator_pyExport-noconfig.cmake
[6.408s] -- Installing: /media/ros/fedora/home/maylis/Dokumente/TeleNav/install/my_robot_interfaces/share/my_robot_interfaces/cmake/rosidl_cmake-extras.cmake
[6.408s] -- Installing: /media/ros/fedora/home/maylis/Dokumente/TeleNav/install/my_robot_interfaces/share/my_robot_interfaces/cmake/ament_cmake_export_include_directories-extras.cmake
[6.408s] -- Installing: /media/ros/fedora/home/maylis/Dokumente/TeleNav/install/my_robot_interfaces/share/my_robot_interfaces/cmake/ament_cmake_export_libraries-extras.cmake
[6.408s] -- Installing: /media/ros/fedora/home/maylis/Dokumente/TeleNav/install/my_robot_interfaces/share/my_robot_interfaces/cmake/ament_cmake_export_targets-extras.cmake
[6.408s] -- Installing: /media/ros/fedora/home/maylis/Dokumente/TeleNav/install/my_robot_interfaces/share/my_robot_interfaces/cmake/rosidl_cmake_export_typesupport_targets-extras.cmake
[6.408s] -- Installing: /media/ros/fedora/home/maylis/Dokumente/TeleNav/install/my_robot_interfaces/share/my_robot_interfaces/cmake/ament_cmake_export_dependencies-extras.cmake
[6.408s] -- Installing: /media/ros/fedora/home/maylis/Dokumente/TeleNav/install/my_robot_interfaces/share/my_robot_interfaces/cmake/rosidl_cmake_export_typesupport_libraries-extras.cmake
[6.408s] -- Installing: /media/ros/fedora/home/maylis/Dokumente/TeleNav/install/my_robot_interfaces/share/my_robot_interfaces/cmake/my_robot_interfacesConfig.cmake
[6.410s] -- Installing: /media/ros/fedora/home/maylis/Dokumente/TeleNav/install/my_robot_interfaces/share/my_robot_interfaces/cmake/my_robot_interfacesConfig-version.cmake
[6.410s] -- Installing: /media/ros/fedora/home/maylis/Dokumente/TeleNav/install/my_robot_interfaces/share/my_robot_interfaces/package.xml
[6.412s] Invoked command in '/media/ros/fedora/home/maylis/Dokumente/TeleNav/build/my_robot_interfaces' returned '0': CMAKE_PREFIX_PATH=/opt/ros/humble /usr/bin/cmake --install /media/ros/fedora/home/maylis/Dokumente/TeleNav/build/my_robot_interfaces
