[0.428s] Invoking command in '/media/ros/fedora/home/maylis/Dokumente/TeleNav/turtle_follower_ws/src/build/turtle_interfaces': CMAKE_PREFIX_PATH=${CMAKE_PREFIX_PATH}:/media/ros/fedora/home/maylis/Dokumente/TeleNav/install/turtle_spawner:/media/ros/fedora/home/maylis/Dokumente/TeleNav/install/my_robot_controller:/opt/ros/humble /usr/bin/cmake --build /media/ros/fedora/home/maylis/Dokumente/TeleNav/turtle_follower_ws/src/build/turtle_interfaces -- -j6 -l6
[0.484s] [  5%] [32mBuilding C object CMakeFiles/turtle_interfaces__rosidl_generator_c.dir/rosidl_generator_c/turtle_interfaces/msg/detail/turtle_position__functions.c.o[0m
[0.485s] [  5%] [32mBuilding C object CMakeFiles/turtle_interfaces__rosidl_generator_c.dir/rosidl_generator_c/turtle_interfaces/msg/detail/turtles_alive__functions.c.o[0m
[0.490s] [  7%] Built target turtle_interfaces__cpp
[0.496s] [  7%] Built target ament_cmake_python_copy_turtle_interfaces
[0.501s] In file included from [01m[K/media/ros/fedora/home/maylis/Dokumente/TeleNav/turtle_follower_ws/src/build/turtle_interfaces/rosidl_generator_c/turtle_interfaces/msg/detail/turtles_alive__struct.h:22[m[K,
[0.502s]                  from [01m[K/media/ros/fedora/home/maylis/Dokumente/TeleNav/turtle_follower_ws/src/build/turtle_interfaces/rosidl_generator_c/turtle_interfaces/msg/detail/turtles_alive__functions.h:19[m[K,
[0.503s]                  from [01m[K/media/ros/fedora/home/maylis/Dokumente/TeleNav/turtle_follower_ws/src/build/turtle_interfaces/rosidl_generator_c/turtle_interfaces/msg/detail/turtles_alive__functions.c:4[m[K:
[0.503s] [01m[K/media/ros/fedora/home/maylis/Dokumente/TeleNav/turtle_follower_ws/src/build/turtle_interfaces/rosidl_generator_c/turtle_interfaces/msg/detail/turtle_position__struct.h:22:10:[m[K [01;31m[Kfatal error: [m[Kturtle_interfaces/msg/detail/string__struct.h: Datei oder Verzeichnis nicht gefunden
[0.503s]    22 | #include [01;31m[K"turtle_interfaces/msg/detail/string__struct.h"[m[K
[0.503s]       |          [01;31m[K^~~~~~~~~~~~~~~~~~~~~~~~~~~~~~~~~~~~~~~~~~~~~~~[m[K
[0.503s] compilation terminated.
[0.509s] In file included from [01m[K/media/ros/fedora/home/maylis/Dokumente/TeleNav/turtle_follower_ws/src/build/turtle_interfaces/rosidl_generator_c/turtle_interfaces/msg/detail/turtle_position__functions.h:19[m[K,
[0.509s]                  from [01m[K/media/ros/fedora/home/maylis/Dokumente/TeleNav/turtle_follower_ws/src/build/turtle_interfaces/rosidl_generator_c/turtle_interfaces/msg/detail/turtle_position__functions.c:4[m[K:
[0.509s] [01m[K/media/ros/fedora/home/maylis/Dokumente/TeleNav/turtle_follower_ws/src/build/turtle_interfaces/rosidl_generator_c/turtle_interfaces/msg/detail/turtle_position__struct.h:22:10:[m[K [01;31m[Kfatal error: [m[Kturtle_interfaces/msg/detail/string__struct.h: Datei oder Verzeichnis nicht gefunden
[0.509s]    22 | #include [01;31m[K"turtle_interfaces/msg/detail/string__struct.h"[m[K
[0.509s]       |          [01;31m[K^~~~~~~~~~~~~~~~~~~~~~~~~~~~~~~~~~~~~~~~~~~~~~~[m[K
[0.509s] compilation terminated.
[0.510s] gmake[2]: *** [CMakeFiles/turtle_interfaces__rosidl_generator_c.dir/build.make:135: CMakeFiles/turtle_interfaces__rosidl_generator_c.dir/rosidl_generator_c/turtle_interfaces/msg/detail/turtles_alive__functions.c.o] Fehler 1
[0.510s] gmake[2]: *** Auf noch nicht beendete Prozesse wird gewartet …
[0.510s] gmake[2]: *** [CMakeFiles/turtle_interfaces__rosidl_generator_c.dir/build.make:121: CMakeFiles/turtle_interfaces__rosidl_generator_c.dir/rosidl_generator_c/turtle_interfaces/msg/detail/turtle_position__functions.c.o] Fehler 1
[0.510s] gmake[1]: *** [CMakeFiles/Makefile2:213: CMakeFiles/turtle_interfaces__rosidl_generator_c.dir/all] Fehler 2
[0.510s] gmake[1]: *** Auf noch nicht beendete Prozesse wird gewartet …
[0.521s] [ 12%] [32mBuilding CXX object CMakeFiles/turtle_interfaces__rosidl_typesupport_cpp.dir/rosidl_typesupport_cpp/turtle_interfaces/msg/turtle_position__type_support.cpp.o[0m
[0.522s] [ 12%] [32mBuilding CXX object CMakeFiles/turtle_interfaces__rosidl_typesupport_fastrtps_cpp.dir/rosidl_typesupport_fastrtps_cpp/turtle_interfaces/msg/detail/dds_fastrtps/turtle_position__type_support.cpp.o[0m
[0.522s] [ 15%] [32mBuilding CXX object CMakeFiles/turtle_interfaces__rosidl_typesupport_introspection_cpp.dir/rosidl_typesupport_introspection_cpp/turtle_interfaces/msg/detail/turtles_alive__type_support.cpp.o[0m
[0.524s] [ 17%] [32mBuilding CXX object CMakeFiles/turtle_interfaces__rosidl_typesupport_cpp.dir/rosidl_typesupport_cpp/turtle_interfaces/msg/turtles_alive__type_support.cpp.o[0m
[0.526s] [ 20%] [32mBuilding CXX object CMakeFiles/turtle_interfaces__rosidl_typesupport_introspection_cpp.dir/rosidl_typesupport_introspection_cpp/turtle_interfaces/msg/detail/turtle_position__type_support.cpp.o[0m
[0.573s] In file included from [01m[K/media/ros/fedora/home/maylis/Dokumente/TeleNav/turtle_follower_ws/src/build/turtle_interfaces/rosidl_generator_cpp/turtle_interfaces/msg/detail/turtles_alive__struct.hpp:20[m[K,
[0.574s]                  from [01m[K/media/ros/fedora/home/maylis/Dokumente/TeleNav/turtle_follower_ws/src/build/turtle_interfaces/rosidl_typesupport_introspection_cpp/turtle_interfaces/msg/detail/turtles_alive__type_support.cpp:12[m[K:
[0.574s] [01m[K/media/ros/fedora/home/maylis/Dokumente/TeleNav/turtle_follower_ws/src/build/turtle_interfaces/rosidl_generator_cpp/turtle_interfaces/msg/detail/turtle_position__struct.hpp:20:10:[m[K [01;31m[Kfatal error: [m[Kturtle_interfaces/msg/detail/string__struct.hpp: Datei oder Verzeichnis nicht gefunden
[0.575s]    20 | #include [01;31m[K"turtle_interfaces/msg/detail/string__struct.hpp"[m[K
[0.576s]       |          [01;31m[K^~~~~~~~~~~~~~~~~~~~~~~~~~~~~~~~~~~~~~~~~~~~~~~~~[m[K
[0.576s] compilation terminated.
[0.577s] In file included from [01m[K/media/ros/fedora/home/maylis/Dokumente/TeleNav/turtle_follower_ws/src/build/turtle_interfaces/rosidl_typesupport_introspection_cpp/turtle_interfaces/msg/detail/turtle_position__type_support.cpp:12[m[K:
[0.579s] [01m[K/media/ros/fedora/home/maylis/Dokumente/TeleNav/turtle_follower_ws/src/build/turtle_interfaces/rosidl_generator_cpp/turtle_interfaces/msg/detail/turtle_position__struct.hpp:20:10:[m[K [01;31m[Kfatal error: [m[Kturtle_interfaces/msg/detail/string__struct.hpp: Datei oder Verzeichnis nicht gefunden
[0.580s]    20 | #include [01;31m[K"turtle_interfaces/msg/detail/string__struct.hpp"[m[K
[0.581s]       |          [01;31m[K^~~~~~~~~~~~~~~~~~~~~~~~~~~~~~~~~~~~~~~~~~~~~~~~~[m[K
[0.581s] compilation terminated.
[0.581s] gmake[2]: *** [CMakeFiles/turtle_interfaces__rosidl_typesupport_introspection_cpp.dir/build.make:98: CMakeFiles/turtle_interfaces__rosidl_typesupport_introspection_cpp.dir/rosidl_typesupport_introspection_cpp/turtle_interfaces/msg/detail/turtle_position__type_support.cpp.o] Fehler 1
[0.581s] gmake[2]: *** Auf noch nicht beendete Prozesse wird gewartet …
[0.581s] gmake[2]: *** [CMakeFiles/turtle_interfaces__rosidl_typesupport_introspection_cpp.dir/build.make:112: CMakeFiles/turtle_interfaces__rosidl_typesupport_introspection_cpp.dir/rosidl_typesupport_introspection_cpp/turtle_interfaces/msg/detail/turtles_alive__type_support.cpp.o] Fehler 1
[0.581s] gmake[1]: *** [CMakeFiles/Makefile2:369: CMakeFiles/turtle_interfaces__rosidl_typesupport_introspection_cpp.dir/all] Fehler 2
[0.593s] [ 23%] [32mBuilding CXX object CMakeFiles/turtle_interfaces__rosidl_typesupport_fastrtps_cpp.dir/rosidl_typesupport_fastrtps_cpp/turtle_interfaces/msg/detail/dds_fastrtps/turtles_alive__type_support.cpp.o[0m
[0.600s] In file included from [01m[K/media/ros/fedora/home/maylis/Dokumente/TeleNav/turtle_follower_ws/src/build/turtle_interfaces/rosidl_typesupport_cpp/turtle_interfaces/msg/turtle_position__type_support.cpp:7[m[K:
[0.601s] [01m[K/media/ros/fedora/home/maylis/Dokumente/TeleNav/turtle_follower_ws/src/build/turtle_interfaces/rosidl_generator_cpp/turtle_interfaces/msg/detail/turtle_position__struct.hpp:20:10:[m[K [01;31m[Kfatal error: [m[Kturtle_interfaces/msg/detail/string__struct.hpp: Datei oder Verzeichnis nicht gefunden
[0.601s]    20 | #include [01;31m[K"turtle_interfaces/msg/detail/string__struct.hpp"[m[K
[0.601s]       |          [01;31m[K^~~~~~~~~~~~~~~~~~~~~~~~~~~~~~~~~~~~~~~~~~~~~~~~~[m[K
[0.601s] compilation terminated.
[0.601s] gmake[2]: *** [CMakeFiles/turtle_interfaces__rosidl_typesupport_cpp.dir/build.make:90: CMakeFiles/turtle_interfaces__rosidl_typesupport_cpp.dir/rosidl_typesupport_cpp/turtle_interfaces/msg/turtle_position__type_support.cpp.o] Fehler 1
[0.601s] gmake[2]: *** Auf noch nicht beendete Prozesse wird gewartet …
[0.602s] In file included from [01m[K/media/ros/fedora/home/maylis/Dokumente/TeleNav/turtle_follower_ws/src/build/turtle_interfaces/rosidl_typesupport_fastrtps_cpp/turtle_interfaces/msg/detail/turtle_position__rosidl_typesupport_fastrtps_cpp.hpp:11[m[K,
[0.602s]                  from [01m[K/media/ros/fedora/home/maylis/Dokumente/TeleNav/turtle_follower_ws/src/build/turtle_interfaces/rosidl_typesupport_fastrtps_cpp/turtle_interfaces/msg/detail/dds_fastrtps/turtle_position__type_support.cpp:4[m[K:
[0.602s] [01m[K/media/ros/fedora/home/maylis/Dokumente/TeleNav/turtle_follower_ws/src/build/turtle_interfaces/rosidl_generator_cpp/turtle_interfaces/msg/detail/turtle_position__struct.hpp:20:10:[m[K [01;31m[Kfatal error: [m[Kturtle_interfaces/msg/detail/string__struct.hpp: Datei oder Verzeichnis nicht gefunden
[0.602s]    20 | #include [01;31m[K"turtle_interfaces/msg/detail/string__struct.hpp"[m[K
[0.602s]       |          [01;31m[K^~~~~~~~~~~~~~~~~~~~~~~~~~~~~~~~~~~~~~~~~~~~~~~~~[m[K
[0.602s] compilation terminated.
[0.607s] gmake[2]: *** [CMakeFiles/turtle_interfaces__rosidl_typesupport_fastrtps_cpp.dir/build.make:98: CMakeFiles/turtle_interfaces__rosidl_typesupport_fastrtps_cpp.dir/rosidl_typesupport_fastrtps_cpp/turtle_interfaces/msg/detail/dds_fastrtps/turtle_position__type_support.cpp.o] Fehler 1
[0.608s] gmake[2]: *** Auf noch nicht beendete Prozesse wird gewartet …
[0.612s] In file included from [01m[K/media/ros/fedora/home/maylis/Dokumente/TeleNav/turtle_follower_ws/src/build/turtle_interfaces/rosidl_generator_cpp/turtle_interfaces/msg/detail/turtles_alive__struct.hpp:20[m[K,
[0.613s]                  from [01m[K/media/ros/fedora/home/maylis/Dokumente/TeleNav/turtle_follower_ws/src/build/turtle_interfaces/rosidl_typesupport_cpp/turtle_interfaces/msg/turtles_alive__type_support.cpp:7[m[K:
[0.613s] [01m[K/media/ros/fedora/home/maylis/Dokumente/TeleNav/turtle_follower_ws/src/build/turtle_interfaces/rosidl_generator_cpp/turtle_interfaces/msg/detail/turtle_position__struct.hpp:20:10:[m[K [01;31m[Kfatal error: [m[Kturtle_interfaces/msg/detail/string__struct.hpp: Datei oder Verzeichnis nicht gefunden
[0.613s]    20 | #include [01;31m[K"turtle_interfaces/msg/detail/string__struct.hpp"[m[K
[0.613s]       |          [01;31m[K^~~~~~~~~~~~~~~~~~~~~~~~~~~~~~~~~~~~~~~~~~~~~~~~~[m[K
[0.613s] compilation terminated.
[0.613s] gmake[2]: *** [CMakeFiles/turtle_interfaces__rosidl_typesupport_cpp.dir/build.make:104: CMakeFiles/turtle_interfaces__rosidl_typesupport_cpp.dir/rosidl_typesupport_cpp/turtle_interfaces/msg/turtles_alive__type_support.cpp.o] Fehler 1
[0.613s] gmake[1]: *** [CMakeFiles/Makefile2:395: CMakeFiles/turtle_interfaces__rosidl_typesupport_cpp.dir/all] Fehler 2
[0.639s] In file included from [01m[K/media/ros/fedora/home/maylis/Dokumente/TeleNav/turtle_follower_ws/src/build/turtle_interfaces/rosidl_generator_cpp/turtle_interfaces/msg/detail/turtles_alive__struct.hpp:20[m[K,
[0.639s]                  from [01m[K/media/ros/fedora/home/maylis/Dokumente/TeleNav/turtle_follower_ws/src/build/turtle_interfaces/rosidl_typesupport_fastrtps_cpp/turtle_interfaces/msg/detail/turtles_alive__rosidl_typesupport_fastrtps_cpp.hpp:11[m[K,
[0.640s]                  from [01m[K/media/ros/fedora/home/maylis/Dokumente/TeleNav/turtle_follower_ws/src/build/turtle_interfaces/rosidl_typesupport_fastrtps_cpp/turtle_interfaces/msg/detail/dds_fastrtps/turtles_alive__type_support.cpp:4[m[K:
[0.640s] [01m[K/media/ros/fedora/home/maylis/Dokumente/TeleNav/turtle_follower_ws/src/build/turtle_interfaces/rosidl_generator_cpp/turtle_interfaces/msg/detail/turtle_position__struct.hpp:20:10:[m[K [01;31m[Kfatal error: [m[Kturtle_interfaces/msg/detail/string__struct.hpp: Datei oder Verzeichnis nicht gefunden
[0.640s]    20 | #include [01;31m[K"turtle_interfaces/msg/detail/string__struct.hpp"[m[K
[0.640s]       |          [01;31m[K^~~~~~~~~~~~~~~~~~~~~~~~~~~~~~~~~~~~~~~~~~~~~~~~~[m[K
[0.640s] compilation terminated.
[0.640s] gmake[2]: *** [CMakeFiles/turtle_interfaces__rosidl_typesupport_fastrtps_cpp.dir/build.make:112: CMakeFiles/turtle_interfaces__rosidl_typesupport_fastrtps_cpp.dir/rosidl_typesupport_fastrtps_cpp/turtle_interfaces/msg/detail/dds_fastrtps/turtles_alive__type_support.cpp.o] Fehler 1
[0.640s] gmake[1]: *** [CMakeFiles/Makefile2:343: CMakeFiles/turtle_interfaces__rosidl_typesupport_fastrtps_cpp.dir/all] Fehler 2
[0.755s] running egg_info
[0.756s] writing turtle_interfaces.egg-info/PKG-INFO
[0.756s] writing dependency_links to turtle_interfaces.egg-info/dependency_links.txt
[0.756s] writing top-level names to turtle_interfaces.egg-info/top_level.txt
[0.758s] reading manifest file 'turtle_interfaces.egg-info/SOURCES.txt'
[0.758s] writing manifest file 'turtle_interfaces.egg-info/SOURCES.txt'
[0.791s] [ 23%] Built target ament_cmake_python_build_turtle_interfaces_egg
[0.792s] gmake: *** [Makefile:146: all] Fehler 2
[0.794s] Invoked command in '/media/ros/fedora/home/maylis/Dokumente/TeleNav/turtle_follower_ws/src/build/turtle_interfaces' returned '2': CMAKE_PREFIX_PATH=${CMAKE_PREFIX_PATH}:/media/ros/fedora/home/maylis/Dokumente/TeleNav/install/turtle_spawner:/media/ros/fedora/home/maylis/Dokumente/TeleNav/install/my_robot_controller:/opt/ros/humble /usr/bin/cmake --build /media/ros/fedora/home/maylis/Dokumente/TeleNav/turtle_follower_ws/src/build/turtle_interfaces -- -j6 -l6
