[0.015s] Invoking command in '/media/ros/fedora/home/maylis/Dokumente/simulation_dtour/build/my_robot_bringup': CMAKE_PREFIX_PATH=${CMAKE_PREFIX_PATH}:/media/ros/fedora/home/maylis/Dokumente/TeleNav/install/turtle_spawner:/media/ros/fedora/home/maylis/Dokumente/TeleNav/install/turtle_controller:/media/ros/fedora/home/maylis/Dokumente/TeleNav/install/my_robot_controller:/opt/ros/humble /usr/bin/cmake --build /media/ros/fedora/home/maylis/Dokumente/simulation_dtour/build/my_robot_bringup -- -j6 -l6
[0.059s] Invoked command in '/media/ros/fedora/home/maylis/Dokumente/simulation_dtour/build/my_robot_bringup' returned '0': CMAKE_PREFIX_PATH=${CMAKE_PREFIX_PATH}:/media/ros/fedora/home/maylis/Dokumente/TeleNav/install/turtle_spawner:/media/ros/fedora/home/maylis/Dokumente/TeleNav/install/turtle_controller:/media/ros/fedora/home/maylis/Dokumente/TeleNav/install/my_robot_controller:/opt/ros/humble /usr/bin/cmake --build /media/ros/fedora/home/maylis/Dokumente/simulation_dtour/build/my_robot_bringup -- -j6 -l6
[0.070s] Invoking command in '/media/ros/fedora/home/maylis/Dokumente/simulation_dtour/build/my_robot_bringup': CMAKE_PREFIX_PATH=${CMAKE_PREFIX_PATH}:/media/ros/fedora/home/maylis/Dokumente/TeleNav/install/turtle_spawner:/media/ros/fedora/home/maylis/Dokumente/TeleNav/install/turtle_controller:/media/ros/fedora/home/maylis/Dokumente/TeleNav/install/my_robot_controller:/opt/ros/humble /usr/bin/cmake --install /media/ros/fedora/home/maylis/Dokumente/simulation_dtour/build/my_robot_bringup
[0.076s] -- Install configuration: ""
[0.076s] -- Up-to-date: /media/ros/fedora/home/maylis/Dokumente/simulation_dtour/install/my_robot_bringup/share/my_robot_bringup//launch
[0.076s] -- Installing: /media/ros/fedora/home/maylis/Dokumente/simulation_dtour/install/my_robot_bringup/share/my_robot_bringup//launch/my_robot_gazebo.launch.xml
[0.076s] -- Up-to-date: /media/ros/fedora/home/maylis/Dokumente/simulation_dtour/install/my_robot_bringup/share/ament_index/resource_index/package_run_dependencies/my_robot_bringup
[0.076s] -- Up-to-date: /media/ros/fedora/home/maylis/Dokumente/simulation_dtour/install/my_robot_bringup/share/ament_index/resource_index/parent_prefix_path/my_robot_bringup
[0.077s] -- Up-to-date: /media/ros/fedora/home/maylis/Dokumente/simulation_dtour/install/my_robot_bringup/share/my_robot_bringup/environment/ament_prefix_path.sh
[0.077s] -- Up-to-date: /media/ros/fedora/home/maylis/Dokumente/simulation_dtour/install/my_robot_bringup/share/my_robot_bringup/environment/ament_prefix_path.dsv
[0.077s] -- Up-to-date: /media/ros/fedora/home/maylis/Dokumente/simulation_dtour/install/my_robot_bringup/share/my_robot_bringup/environment/path.sh
[0.078s] -- Up-to-date: /media/ros/fedora/home/maylis/Dokumente/simulation_dtour/install/my_robot_bringup/share/my_robot_bringup/environment/path.dsv
[0.078s] -- Up-to-date: /media/ros/fedora/home/maylis/Dokumente/simulation_dtour/install/my_robot_bringup/share/my_robot_bringup/local_setup.bash
[0.078s] -- Up-to-date: /media/ros/fedora/home/maylis/Dokumente/simulation_dtour/install/my_robot_bringup/share/my_robot_bringup/local_setup.sh
[0.078s] -- Up-to-date: /media/ros/fedora/home/maylis/Dokumente/simulation_dtour/install/my_robot_bringup/share/my_robot_bringup/local_setup.zsh
[0.078s] -- Up-to-date: /media/ros/fedora/home/maylis/Dokumente/simulation_dtour/install/my_robot_bringup/share/my_robot_bringup/local_setup.dsv
[0.078s] -- Installing: /media/ros/fedora/home/maylis/Dokumente/simulation_dtour/install/my_robot_bringup/share/my_robot_bringup/package.dsv
[0.078s] -- Up-to-date: /media/ros/fedora/home/maylis/Dokumente/simulation_dtour/install/my_robot_bringup/share/ament_index/resource_index/packages/my_robot_bringup
[0.078s] -- Up-to-date: /media/ros/fedora/home/maylis/Dokumente/simulation_dtour/install/my_robot_bringup/share/my_robot_bringup/cmake/my_robot_bringupConfig.cmake
[0.078s] -- Up-to-date: /media/ros/fedora/home/maylis/Dokumente/simulation_dtour/install/my_robot_bringup/share/my_robot_bringup/cmake/my_robot_bringupConfig-version.cmake
[0.078s] -- Up-to-date: /media/ros/fedora/home/maylis/Dokumente/simulation_dtour/install/my_robot_bringup/share/my_robot_bringup/package.xml
[0.079s] Invoked command in '/media/ros/fedora/home/maylis/Dokumente/simulation_dtour/build/my_robot_bringup' returned '0': CMAKE_PREFIX_PATH=${CMAKE_PREFIX_PATH}:/media/ros/fedora/home/maylis/Dokumente/TeleNav/install/turtle_spawner:/media/ros/fedora/home/maylis/Dokumente/TeleNav/install/turtle_controller:/media/ros/fedora/home/maylis/Dokumente/TeleNav/install/my_robot_controller:/opt/ros/humble /usr/bin/cmake --install /media/ros/fedora/home/maylis/Dokumente/simulation_dtour/build/my_robot_bringup
