-- Install configuration: ""
-- Installing: /media/ros/fedora/home/maylis/Dokumente/TeleNav/project_ws/install/telerobot_description/share/telerobot_description//urdf
-- Installing: /media/ros/fedora/home/maylis/Dokumente/TeleNav/project_ws/install/telerobot_description/share/telerobot_description//urdf/common_properties.xacro
-- Installing: /media/ros/fedora/home/maylis/Dokumente/TeleNav/project_ws/install/telerobot_description/share/telerobot_description//urdf/my_robot.urdf.xacro
-- Installing: /media/ros/fedora/home/maylis/Dokumente/TeleNav/project_ws/install/telerobot_description/share/telerobot_description//urdf/robot_base.xacro
-- Installing: /media/ros/fedora/home/maylis/Dokumente/TeleNav/project_ws/install/telerobot_description/share/telerobot_description//urdf/camera.xacro
-- Installing: /media/ros/fedora/home/maylis/Dokumente/TeleNav/project_ws/install/telerobot_description/share/telerobot_description//urdf/lidar.xacro
-- Installing: /media/ros/fedora/home/maylis/Dokumente/TeleNav/project_ws/install/telerobot_description/share/telerobot_description//urdf/robot_base_gazebo.xacro
-- Installing: /media/ros/fedora/home/maylis/Dokumente/TeleNav/project_ws/install/telerobot_description/share/telerobot_description//launch
-- Installing: /media/ros/fedora/home/maylis/Dokumente/TeleNav/project_ws/install/telerobot_description/share/telerobot_description//launch/display.launch.xml
-- Installing: /media/ros/fedora/home/maylis/Dokumente/TeleNav/project_ws/install/telerobot_description/share/telerobot_description//rviz
-- Installing: /media/ros/fedora/home/maylis/Dokumente/TeleNav/project_ws/install/telerobot_description/share/telerobot_description//rviz/urdf_config.rviz
-- Installing: /media/ros/fedora/home/maylis/Dokumente/TeleNav/project_ws/install/telerobot_description/share/ament_index/resource_index/package_run_dependencies/telerobot_description
-- Installing: /media/ros/fedora/home/maylis/Dokumente/TeleNav/project_ws/install/telerobot_description/share/ament_index/resource_index/parent_prefix_path/telerobot_description
-- Installing: /media/ros/fedora/home/maylis/Dokumente/TeleNav/project_ws/install/telerobot_description/share/telerobot_description/environment/ament_prefix_path.sh
-- Installing: /media/ros/fedora/home/maylis/Dokumente/TeleNav/project_ws/install/telerobot_description/share/telerobot_description/environment/ament_prefix_path.dsv
-- Installing: /media/ros/fedora/home/maylis/Dokumente/TeleNav/project_ws/install/telerobot_description/share/telerobot_description/environment/path.sh
-- Installing: /media/ros/fedora/home/maylis/Dokumente/TeleNav/project_ws/install/telerobot_description/share/telerobot_description/environment/path.dsv
-- Installing: /media/ros/fedora/home/maylis/Dokumente/TeleNav/project_ws/install/telerobot_description/share/telerobot_description/local_setup.bash
-- Installing: /media/ros/fedora/home/maylis/Dokumente/TeleNav/project_ws/install/telerobot_description/share/telerobot_description/local_setup.sh
-- Installing: /media/ros/fedora/home/maylis/Dokumente/TeleNav/project_ws/install/telerobot_description/share/telerobot_description/local_setup.zsh
-- Installing: /media/ros/fedora/home/maylis/Dokumente/TeleNav/project_ws/install/telerobot_description/share/telerobot_description/local_setup.dsv
-- Installing: /media/ros/fedora/home/maylis/Dokumente/TeleNav/project_ws/install/telerobot_description/share/telerobot_description/package.dsv
-- Installing: /media/ros/fedora/home/maylis/Dokumente/TeleNav/project_ws/install/telerobot_description/share/ament_index/resource_index/packages/telerobot_description
-- Installing: /media/ros/fedora/home/maylis/Dokumente/TeleNav/project_ws/install/telerobot_description/share/telerobot_description/cmake/telerobot_descriptionConfig.cmake
-- Installing: /media/ros/fedora/home/maylis/Dokumente/TeleNav/project_ws/install/telerobot_description/share/telerobot_description/cmake/telerobot_descriptionConfig-version.cmake
-- Installing: /media/ros/fedora/home/maylis/Dokumente/TeleNav/project_ws/install/telerobot_description/share/telerobot_description/package.xml
