[0.470s] Invoking command in '/media/ros/fedora/home/maylis/Dokumente/TeleNav/build/my_robot_description': CMAKE_PREFIX_PATH=${CMAKE_PREFIX_PATH}:/media/ros/fedora/home/maylis/Dokumente/TeleNav/install/turtle_spawner:/media/ros/fedora/home/maylis/Dokumente/TeleNav/install/turtle_controller:/media/ros/fedora/home/maylis/Dokumente/TeleNav/install/my_robot_controller:/opt/ros/humble /usr/bin/cmake /media/ros/fedora/home/maylis/Dokumente/TeleNav/simulation_ws/src/my_robot_description -DCMAKE_INSTALL_PREFIX=/media/ros/fedora/home/maylis/Dokumente/TeleNav/install/my_robot_description
[0.721s] -- The C compiler identification is GNU 11.4.0
[0.865s] -- The CXX compiler identification is GNU 11.4.0
[0.881s] -- Detecting C compiler ABI info
[1.000s] -- Detecting C compiler ABI info - done
[1.013s] -- Check for working C compiler: /usr/bin/cc - skipped
[1.014s] -- Detecting C compile features
[1.016s] -- Detecting C compile features - done
[1.021s] -- Detecting CXX compiler ABI info
[1.230s] -- Detecting CXX compiler ABI info - done
[1.251s] -- Check for working CXX compiler: /usr/bin/c++ - skipped
[1.255s] -- Detecting CXX compile features
[1.255s] -- Detecting CXX compile features - done
[1.266s] -- Found ament_cmake: 1.3.11 (/opt/ros/humble/share/ament_cmake/cmake)
[1.521s] -- Found Python3: /usr/bin/python3 (found version "3.10.12") found components: Interpreter 
[1.776s] -- Configuring done
[1.782s] -- Generating done
[1.793s] -- Build files have been written to: /media/ros/fedora/home/maylis/Dokumente/TeleNav/build/my_robot_description
[1.804s] Invoked command in '/media/ros/fedora/home/maylis/Dokumente/TeleNav/build/my_robot_description' returned '0': CMAKE_PREFIX_PATH=${CMAKE_PREFIX_PATH}:/media/ros/fedora/home/maylis/Dokumente/TeleNav/install/turtle_spawner:/media/ros/fedora/home/maylis/Dokumente/TeleNav/install/turtle_controller:/media/ros/fedora/home/maylis/Dokumente/TeleNav/install/my_robot_controller:/opt/ros/humble /usr/bin/cmake /media/ros/fedora/home/maylis/Dokumente/TeleNav/simulation_ws/src/my_robot_description -DCMAKE_INSTALL_PREFIX=/media/ros/fedora/home/maylis/Dokumente/TeleNav/install/my_robot_description
[1.808s] Invoking command in '/media/ros/fedora/home/maylis/Dokumente/TeleNav/build/my_robot_description': CMAKE_PREFIX_PATH=${CMAKE_PREFIX_PATH}:/media/ros/fedora/home/maylis/Dokumente/TeleNav/install/turtle_spawner:/media/ros/fedora/home/maylis/Dokumente/TeleNav/install/turtle_controller:/media/ros/fedora/home/maylis/Dokumente/TeleNav/install/my_robot_controller:/opt/ros/humble /usr/bin/cmake --build /media/ros/fedora/home/maylis/Dokumente/TeleNav/build/my_robot_description -- -j6 -l6
[1.860s] Invoked command in '/media/ros/fedora/home/maylis/Dokumente/TeleNav/build/my_robot_description' returned '0': CMAKE_PREFIX_PATH=${CMAKE_PREFIX_PATH}:/media/ros/fedora/home/maylis/Dokumente/TeleNav/install/turtle_spawner:/media/ros/fedora/home/maylis/Dokumente/TeleNav/install/turtle_controller:/media/ros/fedora/home/maylis/Dokumente/TeleNav/install/my_robot_controller:/opt/ros/humble /usr/bin/cmake --build /media/ros/fedora/home/maylis/Dokumente/TeleNav/build/my_robot_description -- -j6 -l6
[1.860s] Invoking command in '/media/ros/fedora/home/maylis/Dokumente/TeleNav/build/my_robot_description': CMAKE_PREFIX_PATH=${CMAKE_PREFIX_PATH}:/media/ros/fedora/home/maylis/Dokumente/TeleNav/install/turtle_spawner:/media/ros/fedora/home/maylis/Dokumente/TeleNav/install/turtle_controller:/media/ros/fedora/home/maylis/Dokumente/TeleNav/install/my_robot_controller:/opt/ros/humble /usr/bin/cmake --install /media/ros/fedora/home/maylis/Dokumente/TeleNav/build/my_robot_description
[1.866s] -- Install configuration: ""
[1.867s] -- Installing: /media/ros/fedora/home/maylis/Dokumente/TeleNav/install/my_robot_description/share/my_robot_description//urdf
[1.867s] -- Installing: /media/ros/fedora/home/maylis/Dokumente/TeleNav/install/my_robot_description/share/my_robot_description//urdf/robot.urdf.xacro
[1.869s] -- Installing: /media/ros/fedora/home/maylis/Dokumente/TeleNav/install/my_robot_description/share/my_robot_description//launch
[1.869s] -- Installing: /media/ros/fedora/home/maylis/Dokumente/TeleNav/install/my_robot_description/share/my_robot_description//launch/display.launch.xml
[1.869s] -- Installing: /media/ros/fedora/home/maylis/Dokumente/TeleNav/install/my_robot_description/share/ament_index/resource_index/package_run_dependencies/my_robot_description
[1.869s] -- Installing: /media/ros/fedora/home/maylis/Dokumente/TeleNav/install/my_robot_description/share/ament_index/resource_index/parent_prefix_path/my_robot_description
[1.869s] -- Installing: /media/ros/fedora/home/maylis/Dokumente/TeleNav/install/my_robot_description/share/my_robot_description/environment/ament_prefix_path.sh
[1.869s] -- Installing: /media/ros/fedora/home/maylis/Dokumente/TeleNav/install/my_robot_description/share/my_robot_description/environment/ament_prefix_path.dsv
[1.870s] -- Installing: /media/ros/fedora/home/maylis/Dokumente/TeleNav/install/my_robot_description/share/my_robot_description/environment/path.sh
[1.871s] -- Installing: /media/ros/fedora/home/maylis/Dokumente/TeleNav/install/my_robot_description/share/my_robot_description/environment/path.dsv
[1.871s] -- Installing: /media/ros/fedora/home/maylis/Dokumente/TeleNav/install/my_robot_description/share/my_robot_description/local_setup.bash
[1.871s] -- Installing: /media/ros/fedora/home/maylis/Dokumente/TeleNav/install/my_robot_description/share/my_robot_description/local_setup.sh
[1.871s] -- Installing: /media/ros/fedora/home/maylis/Dokumente/TeleNav/install/my_robot_description/share/my_robot_description/local_setup.zsh
[1.871s] -- Installing: /media/ros/fedora/home/maylis/Dokumente/TeleNav/install/my_robot_description/share/my_robot_description/local_setup.dsv
[1.871s] -- Installing: /media/ros/fedora/home/maylis/Dokumente/TeleNav/install/my_robot_description/share/my_robot_description/package.dsv
[1.871s] -- Installing: /media/ros/fedora/home/maylis/Dokumente/TeleNav/install/my_robot_description/share/ament_index/resource_index/packages/my_robot_description
[1.876s] -- Installing: /media/ros/fedora/home/maylis/Dokumente/TeleNav/install/my_robot_description/share/my_robot_description/cmake/my_robot_descriptionConfig.cmake
[1.876s] -- Installing: /media/ros/fedora/home/maylis/Dokumente/TeleNav/install/my_robot_description/share/my_robot_description/cmake/my_robot_descriptionConfig-version.cmake
[1.876s] -- Installing: /media/ros/fedora/home/maylis/Dokumente/TeleNav/install/my_robot_description/share/my_robot_description/package.xml
[1.879s] Invoked command in '/media/ros/fedora/home/maylis/Dokumente/TeleNav/build/my_robot_description' returned '0': CMAKE_PREFIX_PATH=${CMAKE_PREFIX_PATH}:/media/ros/fedora/home/maylis/Dokumente/TeleNav/install/turtle_spawner:/media/ros/fedora/home/maylis/Dokumente/TeleNav/install/turtle_controller:/media/ros/fedora/home/maylis/Dokumente/TeleNav/install/my_robot_controller:/opt/ros/humble /usr/bin/cmake --install /media/ros/fedora/home/maylis/Dokumente/TeleNav/build/my_robot_description
