[0.368s] Invoking command in '/media/ros/fedora/home/maylis/Dokumente/TeleNav/build/my_robot_interfaces': CMAKE_PREFIX_PATH=/opt/ros/humble /usr/bin/cmake --build /media/ros/fedora/home/maylis/Dokumente/TeleNav/build/my_robot_interfaces -- -j6 -l6
[0.391s] -- Found ament_cmake: 1.3.11 (/opt/ros/humble/share/ament_cmake/cmake)
[0.505s] -- Found rosidl_default_generators: 1.2.0 (/opt/ros/humble/share/rosidl_default_generators/cmake)
[0.506s] -- Using all available rosidl_typesupport_c: rosidl_typesupport_fastrtps_c;rosidl_typesupport_introspection_c
[0.508s] -- Found rosidl_adapter: 3.1.6 (/opt/ros/humble/share/rosidl_adapter/cmake)
[0.535s] -- Using all available rosidl_typesupport_cpp: rosidl_typesupport_fastrtps_cpp;rosidl_typesupport_introspection_cpp
[0.803s] -- Found ament_cmake_ros: 0.10.0 (/opt/ros/humble/share/ament_cmake_ros/cmake)
[0.964s] -- Using all available rosidl_typesupport_c: rosidl_typesupport_fastrtps_c;rosidl_typesupport_introspection_c
[1.214s] -- Using all available rosidl_typesupport_cpp: rosidl_typesupport_fastrtps_cpp;rosidl_typesupport_introspection_cpp
[1.235s] -- Found python_cmake_module: 0.10.0 (/opt/ros/humble/share/python_cmake_module/cmake)
[1.255s] -- Using PYTHON_EXECUTABLE: /usr/bin/python3
[1.255s] -- Using PYTHON_INCLUDE_DIRS: /usr/include/python3.10
[1.255s] -- Using PYTHON_LIBRARIES: /usr/lib/x86_64-linux-gnu/libpython3.10.so
[1.275s] -- Configuring done
[1.333s] -- Generating done
[1.346s] -- Build files have been written to: /media/ros/fedora/home/maylis/Dokumente/TeleNav/build/my_robot_interfaces
[1.368s] [35m[1mConsolidate compiler generated dependencies of target my_robot_interfaces__rosidl_generator_c[0m
[1.374s] [  1%] Built target my_robot_interfaces__cpp
[1.381s] [ 12%] Built target my_robot_interfaces__rosidl_generator_c
[1.392s] [ 12%] Built target ament_cmake_python_copy_my_robot_interfaces
[1.398s] [35m[1mConsolidate compiler generated dependencies of target my_robot_interfaces__rosidl_typesupport_fastrtps_cpp[0m
[1.400s] [35m[1mConsolidate compiler generated dependencies of target my_robot_interfaces__rosidl_typesupport_introspection_cpp[0m
[1.400s] [35m[1mConsolidate compiler generated dependencies of target my_robot_interfaces__rosidl_typesupport_cpp[0m
[1.411s] [35m[1mConsolidate compiler generated dependencies of target my_robot_interfaces__rosidl_typesupport_introspection_c[0m
[1.415s] [35m[1mConsolidate compiler generated dependencies of target my_robot_interfaces__rosidl_typesupport_fastrtps_c[0m
[1.421s] [35m[1mConsolidate compiler generated dependencies of target my_robot_interfaces__rosidl_typesupport_c[0m
[1.431s] [ 23%] Built target my_robot_interfaces__rosidl_typesupport_cpp
[1.440s] [ 34%] Built target my_robot_interfaces__rosidl_typesupport_fastrtps_cpp
[1.442s] [ 45%] Built target my_robot_interfaces__rosidl_typesupport_fastrtps_c
[1.443s] [ 56%] Built target my_robot_interfaces__rosidl_typesupport_introspection_c
[1.443s] [ 67%] Built target my_robot_interfaces__rosidl_typesupport_introspection_cpp
[1.445s] [ 78%] Built target my_robot_interfaces__rosidl_typesupport_c
[1.462s] [ 78%] Built target my_robot_interfaces
[1.479s] [ 80%] Built target my_robot_interfaces__py
[1.492s] [35m[1mConsolidate compiler generated dependencies of target my_robot_interfaces__rosidl_generator_py[0m
[1.509s] [ 89%] Built target my_robot_interfaces__rosidl_generator_py
[1.521s] [35m[1mConsolidate compiler generated dependencies of target my_robot_interfaces__rosidl_typesupport_introspection_c__pyext[0m
[1.525s] [35m[1mConsolidate compiler generated dependencies of target my_robot_interfaces__rosidl_typesupport_c__pyext[0m
[1.528s] [35m[1mConsolidate compiler generated dependencies of target my_robot_interfaces__rosidl_typesupport_fastrtps_c__pyext[0m
[1.533s] [ 92%] Built target my_robot_interfaces__rosidl_typesupport_introspection_c__pyext
[1.541s] [ 96%] Built target my_robot_interfaces__rosidl_typesupport_c__pyext
[1.543s] [100%] Built target my_robot_interfaces__rosidl_typesupport_fastrtps_c__pyext
[1.631s] running egg_info
[1.632s] writing my_robot_interfaces.egg-info/PKG-INFO
[1.632s] writing dependency_links to my_robot_interfaces.egg-info/dependency_links.txt
[1.632s] writing top-level names to my_robot_interfaces.egg-info/top_level.txt
[1.634s] reading manifest file 'my_robot_interfaces.egg-info/SOURCES.txt'
[1.634s] writing manifest file 'my_robot_interfaces.egg-info/SOURCES.txt'
[1.661s] [100%] Built target ament_cmake_python_build_my_robot_interfaces_egg
