[0.012s] Invoking command in '/media/ros/fedora/home/maylis/Dokumente/TeleNav/simulation_ws/src/simulation_bringup/build/simulation_bringup': CMAKE_PREFIX_PATH=${CMAKE_PREFIX_PATH}:/media/ros/fedora/home/maylis/Dokumente/TeleNav/install/turtle_spawner:/media/ros/fedora/home/maylis/Dokumente/TeleNav/install/turtle_controller:/media/ros/fedora/home/maylis/Dokumente/TeleNav/install/my_robot_controller:/opt/ros/humble /usr/bin/cmake /media/ros/fedora/home/maylis/Dokumente/TeleNav/simulation_ws/src/simulation_bringup -DAMENT_CMAKE_SYMLINK_INSTALL=1 -DCMAKE_INSTALL_PREFIX=/media/ros/fedora/home/maylis/Dokumente/TeleNav/simulation_ws/src/simulation_bringup/install/simulation_bringup
[0.023s] -- Found ament_cmake: 1.3.11 (/opt/ros/humble/share/ament_cmake/cmake)
[0.141s] -- Override CMake install command with custom implementation using symlinks instead of copying resources
[0.213s] -- Configuring done
[0.216s] -- Generating done
[0.218s] -- Build files have been written to: /media/ros/fedora/home/maylis/Dokumente/TeleNav/simulation_ws/src/simulation_bringup/build/simulation_bringup
[0.220s] Invoked command in '/media/ros/fedora/home/maylis/Dokumente/TeleNav/simulation_ws/src/simulation_bringup/build/simulation_bringup' returned '0': CMAKE_PREFIX_PATH=${CMAKE_PREFIX_PATH}:/media/ros/fedora/home/maylis/Dokumente/TeleNav/install/turtle_spawner:/media/ros/fedora/home/maylis/Dokumente/TeleNav/install/turtle_controller:/media/ros/fedora/home/maylis/Dokumente/TeleNav/install/my_robot_controller:/opt/ros/humble /usr/bin/cmake /media/ros/fedora/home/maylis/Dokumente/TeleNav/simulation_ws/src/simulation_bringup -DAMENT_CMAKE_SYMLINK_INSTALL=1 -DCMAKE_INSTALL_PREFIX=/media/ros/fedora/home/maylis/Dokumente/TeleNav/simulation_ws/src/simulation_bringup/install/simulation_bringup
[0.223s] Invoking command in '/media/ros/fedora/home/maylis/Dokumente/TeleNav/simulation_ws/src/simulation_bringup/build/simulation_bringup': CMAKE_PREFIX_PATH=${CMAKE_PREFIX_PATH}:/media/ros/fedora/home/maylis/Dokumente/TeleNav/install/turtle_spawner:/media/ros/fedora/home/maylis/Dokumente/TeleNav/install/turtle_controller:/media/ros/fedora/home/maylis/Dokumente/TeleNav/install/my_robot_controller:/opt/ros/humble /usr/bin/cmake --build /media/ros/fedora/home/maylis/Dokumente/TeleNav/simulation_ws/src/simulation_bringup/build/simulation_bringup -- -j6 -l6
[0.260s] Invoked command in '/media/ros/fedora/home/maylis/Dokumente/TeleNav/simulation_ws/src/simulation_bringup/build/simulation_bringup' returned '0': CMAKE_PREFIX_PATH=${CMAKE_PREFIX_PATH}:/media/ros/fedora/home/maylis/Dokumente/TeleNav/install/turtle_spawner:/media/ros/fedora/home/maylis/Dokumente/TeleNav/install/turtle_controller:/media/ros/fedora/home/maylis/Dokumente/TeleNav/install/my_robot_controller:/opt/ros/humble /usr/bin/cmake --build /media/ros/fedora/home/maylis/Dokumente/TeleNav/simulation_ws/src/simulation_bringup/build/simulation_bringup -- -j6 -l6
[0.270s] Invoking command in '/media/ros/fedora/home/maylis/Dokumente/TeleNav/simulation_ws/src/simulation_bringup/build/simulation_bringup': CMAKE_PREFIX_PATH=${CMAKE_PREFIX_PATH}:/media/ros/fedora/home/maylis/Dokumente/TeleNav/install/turtle_spawner:/media/ros/fedora/home/maylis/Dokumente/TeleNav/install/turtle_controller:/media/ros/fedora/home/maylis/Dokumente/TeleNav/install/my_robot_controller:/opt/ros/humble /usr/bin/cmake --install /media/ros/fedora/home/maylis/Dokumente/TeleNav/simulation_ws/src/simulation_bringup/build/simulation_bringup
[0.276s] -- Install configuration: ""
[0.276s] -- Execute custom install script
[0.277s] [33mCMake Warning (dev) at ament_cmake_symlink_install/ament_cmake_symlink_install.cmake:62 (file):
[0.277s]   Policy CMP0009 is not set: FILE GLOB_RECURSE calls should not follow
[0.277s]   symlinks by default.  Run "cmake --help-policy CMP0009" for policy details.
[0.277s]   Use the cmake_policy command to set the policy and suppress this warning.
[0.277s] Call Stack (most recent call first):
[0.277s]   ament_cmake_symlink_install/ament_cmake_symlink_install.cmake:314 (ament_cmake_symlink_install_directory)
[0.277s]   cmake_install.cmake:46 (include)
[0.277s] This warning is for project developers.  Use -Wno-dev to suppress it.
[0.277s] [0m
[0.277s] -- Symlinking: /media/ros/fedora/home/maylis/Dokumente/TeleNav/simulation_ws/src/simulation_bringup/install/simulation_bringup/share/simulation_bringup/launch/build/.built_by
[0.287s] -- Symlinking: /media/ros/fedora/home/maylis/Dokumente/TeleNav/simulation_ws/src/simulation_bringup/install/simulation_bringup/share/simulation_bringup/launch/build/COLCON_IGNORE
[0.295s] -- Symlinking: /media/ros/fedora/home/maylis/Dokumente/TeleNav/simulation_ws/src/simulation_bringup/install/simulation_bringup/share/simulation_bringup/launch/course_simple.launch.xml
[0.303s] -- Symlinking: /media/ros/fedora/home/maylis/Dokumente/TeleNav/simulation_ws/src/simulation_bringup/install/simulation_bringup/share/simulation_bringup/launch/install/.colcon_install_layout
[0.313s] -- Symlinking: /media/ros/fedora/home/maylis/Dokumente/TeleNav/simulation_ws/src/simulation_bringup/install/simulation_bringup/share/simulation_bringup/launch/install/COLCON_IGNORE
[0.322s] -- Symlinking: /media/ros/fedora/home/maylis/Dokumente/TeleNav/simulation_ws/src/simulation_bringup/install/simulation_bringup/share/simulation_bringup/launch/install/_local_setup_util_ps1.py
[0.332s] -- Symlinking: /media/ros/fedora/home/maylis/Dokumente/TeleNav/simulation_ws/src/simulation_bringup/install/simulation_bringup/share/simulation_bringup/launch/install/_local_setup_util_sh.py
[0.340s] -- Symlinking: /media/ros/fedora/home/maylis/Dokumente/TeleNav/simulation_ws/src/simulation_bringup/install/simulation_bringup/share/simulation_bringup/launch/install/local_setup.bash
[0.350s] -- Symlinking: /media/ros/fedora/home/maylis/Dokumente/TeleNav/simulation_ws/src/simulation_bringup/install/simulation_bringup/share/simulation_bringup/launch/install/local_setup.ps1
[0.359s] -- Symlinking: /media/ros/fedora/home/maylis/Dokumente/TeleNav/simulation_ws/src/simulation_bringup/install/simulation_bringup/share/simulation_bringup/launch/install/local_setup.sh
[0.372s] -- Symlinking: /media/ros/fedora/home/maylis/Dokumente/TeleNav/simulation_ws/src/simulation_bringup/install/simulation_bringup/share/simulation_bringup/launch/install/local_setup.zsh
[0.381s] -- Symlinking: /media/ros/fedora/home/maylis/Dokumente/TeleNav/simulation_ws/src/simulation_bringup/install/simulation_bringup/share/simulation_bringup/launch/install/setup.bash
[0.390s] -- Symlinking: /media/ros/fedora/home/maylis/Dokumente/TeleNav/simulation_ws/src/simulation_bringup/install/simulation_bringup/share/simulation_bringup/launch/install/setup.ps1
[0.399s] -- Symlinking: /media/ros/fedora/home/maylis/Dokumente/TeleNav/simulation_ws/src/simulation_bringup/install/simulation_bringup/share/simulation_bringup/launch/install/setup.sh
[0.413s] -- Symlinking: /media/ros/fedora/home/maylis/Dokumente/TeleNav/simulation_ws/src/simulation_bringup/install/simulation_bringup/share/simulation_bringup/launch/install/setup.zsh
[0.427s] -- Symlinking: /media/ros/fedora/home/maylis/Dokumente/TeleNav/simulation_ws/src/simulation_bringup/install/simulation_bringup/share/simulation_bringup/launch/log/COLCON_IGNORE
[0.440s] -- Symlinking: /media/ros/fedora/home/maylis/Dokumente/TeleNav/simulation_ws/src/simulation_bringup/install/simulation_bringup/share/simulation_bringup/launch/log/build_2025-07-08_14-21-47/events.log
[0.451s] -- Symlinking: /media/ros/fedora/home/maylis/Dokumente/TeleNav/simulation_ws/src/simulation_bringup/install/simulation_bringup/share/simulation_bringup/launch/log/build_2025-07-08_14-21-47/logger_all.log
[0.460s] -- Up-to-date symlink: /media/ros/fedora/home/maylis/Dokumente/TeleNav/simulation_ws/src/simulation_bringup/install/simulation_bringup/share/simulation_bringup/launch/log/latest/events.log
[0.460s] -- Up-to-date symlink: /media/ros/fedora/home/maylis/Dokumente/TeleNav/simulation_ws/src/simulation_bringup/install/simulation_bringup/share/simulation_bringup/launch/log/latest/logger_all.log
[0.460s] -- Up-to-date symlink: /media/ros/fedora/home/maylis/Dokumente/TeleNav/simulation_ws/src/simulation_bringup/install/simulation_bringup/share/simulation_bringup/launch/log/latest_build/events.log
[0.460s] -- Up-to-date symlink: /media/ros/fedora/home/maylis/Dokumente/TeleNav/simulation_ws/src/simulation_bringup/install/simulation_bringup/share/simulation_bringup/launch/log/latest_build/logger_all.log
[0.460s] -- Symlinking: /media/ros/fedora/home/maylis/Dokumente/TeleNav/simulation_ws/src/simulation_bringup/install/simulation_bringup/share/simulation_bringup/launch/simple.launch.xml
[0.469s] -- Symlinking: /media/ros/fedora/home/maylis/Dokumente/TeleNav/simulation_ws/src/simulation_bringup/install/simulation_bringup/share/simulation_bringup/launch/simulation_gazebo_launch.xml
[0.478s] -- Symlinking: /media/ros/fedora/home/maylis/Dokumente/TeleNav/simulation_ws/src/simulation_bringup/install/simulation_bringup/share/ament_index/resource_index/package_run_dependencies/simulation_bringup
[0.487s] -- Symlinking: /media/ros/fedora/home/maylis/Dokumente/TeleNav/simulation_ws/src/simulation_bringup/install/simulation_bringup/share/ament_index/resource_index/parent_prefix_path/simulation_bringup
[0.498s] -- Symlinking: /media/ros/fedora/home/maylis/Dokumente/TeleNav/simulation_ws/src/simulation_bringup/install/simulation_bringup/share/simulation_bringup/environment/ament_prefix_path.sh
[0.507s] -- Symlinking: /media/ros/fedora/home/maylis/Dokumente/TeleNav/simulation_ws/src/simulation_bringup/install/simulation_bringup/share/simulation_bringup/environment/ament_prefix_path.dsv
[0.515s] -- Symlinking: /media/ros/fedora/home/maylis/Dokumente/TeleNav/simulation_ws/src/simulation_bringup/install/simulation_bringup/share/simulation_bringup/environment/path.sh
[0.524s] -- Symlinking: /media/ros/fedora/home/maylis/Dokumente/TeleNav/simulation_ws/src/simulation_bringup/install/simulation_bringup/share/simulation_bringup/environment/path.dsv
[0.534s] -- Symlinking: /media/ros/fedora/home/maylis/Dokumente/TeleNav/simulation_ws/src/simulation_bringup/install/simulation_bringup/share/simulation_bringup/local_setup.bash
[0.542s] -- Symlinking: /media/ros/fedora/home/maylis/Dokumente/TeleNav/simulation_ws/src/simulation_bringup/install/simulation_bringup/share/simulation_bringup/local_setup.sh
[0.550s] -- Symlinking: /media/ros/fedora/home/maylis/Dokumente/TeleNav/simulation_ws/src/simulation_bringup/install/simulation_bringup/share/simulation_bringup/local_setup.zsh
[0.558s] -- Symlinking: /media/ros/fedora/home/maylis/Dokumente/TeleNav/simulation_ws/src/simulation_bringup/install/simulation_bringup/share/simulation_bringup/local_setup.dsv
[0.566s] -- Symlinking: /media/ros/fedora/home/maylis/Dokumente/TeleNav/simulation_ws/src/simulation_bringup/install/simulation_bringup/share/simulation_bringup/package.dsv
[0.576s] -- Symlinking: /media/ros/fedora/home/maylis/Dokumente/TeleNav/simulation_ws/src/simulation_bringup/install/simulation_bringup/share/ament_index/resource_index/packages/simulation_bringup
[0.585s] -- Symlinking: /media/ros/fedora/home/maylis/Dokumente/TeleNav/simulation_ws/src/simulation_bringup/install/simulation_bringup/share/simulation_bringup/cmake/simulation_bringupConfig.cmake
[0.594s] -- Symlinking: /media/ros/fedora/home/maylis/Dokumente/TeleNav/simulation_ws/src/simulation_bringup/install/simulation_bringup/share/simulation_bringup/cmake/simulation_bringupConfig-version.cmake
[0.603s] -- Symlinking: /media/ros/fedora/home/maylis/Dokumente/TeleNav/simulation_ws/src/simulation_bringup/install/simulation_bringup/share/simulation_bringup/package.xml
[0.617s] Invoked command in '/media/ros/fedora/home/maylis/Dokumente/TeleNav/simulation_ws/src/simulation_bringup/build/simulation_bringup' returned '0': CMAKE_PREFIX_PATH=${CMAKE_PREFIX_PATH}:/media/ros/fedora/home/maylis/Dokumente/TeleNav/install/turtle_spawner:/media/ros/fedora/home/maylis/Dokumente/TeleNav/install/turtle_controller:/media/ros/fedora/home/maylis/Dokumente/TeleNav/install/my_robot_controller:/opt/ros/humble /usr/bin/cmake --install /media/ros/fedora/home/maylis/Dokumente/TeleNav/simulation_ws/src/simulation_bringup/build/simulation_bringup
