-- Install configuration: ""
-- Up-to-date: /media/ros/fedora/home/maylis/Dokumente/TeleNav/simulation_dtour_ws/install/udemy_robot_bringup/share/udemy_robot_bringup//launch
-- Installing: /media/ros/fedora/home/maylis/Dokumente/TeleNav/simulation_dtour_ws/install/udemy_robot_bringup/share/udemy_robot_bringup//launch/my_robot_gazebo.launch.xml
-- Up-to-date: /media/ros/fedora/home/maylis/Dokumente/TeleNav/simulation_dtour_ws/install/udemy_robot_bringup/share/udemy_robot_bringup//config
-- Up-to-date: /media/ros/fedora/home/maylis/Dokumente/TeleNav/simulation_dtour_ws/install/udemy_robot_bringup/share/udemy_robot_bringup//config/gazebo_bridge.yaml
-- Up-to-date: /media/ros/fedora/home/maylis/Dokumente/TeleNav/simulation_dtour_ws/install/udemy_robot_bringup/share/udemy_robot_bringup//worlds
-- Up-to-date: /media/ros/fedora/home/maylis/Dokumente/TeleNav/simulation_dtour_ws/install/udemy_robot_bringup/share/udemy_robot_bringup//worlds/school.sdf
-- Up-to-date: /media/ros/fedora/home/maylis/Dokumente/TeleNav/simulation_dtour_ws/install/udemy_robot_bringup/share/ament_index/resource_index/package_run_dependencies/udemy_robot_bringup
-- Up-to-date: /media/ros/fedora/home/maylis/Dokumente/TeleNav/simulation_dtour_ws/install/udemy_robot_bringup/share/ament_index/resource_index/parent_prefix_path/udemy_robot_bringup
-- Up-to-date: /media/ros/fedora/home/maylis/Dokumente/TeleNav/simulation_dtour_ws/install/udemy_robot_bringup/share/udemy_robot_bringup/environment/ament_prefix_path.sh
-- Up-to-date: /media/ros/fedora/home/maylis/Dokumente/TeleNav/simulation_dtour_ws/install/udemy_robot_bringup/share/udemy_robot_bringup/environment/ament_prefix_path.dsv
-- Up-to-date: /media/ros/fedora/home/maylis/Dokumente/TeleNav/simulation_dtour_ws/install/udemy_robot_bringup/share/udemy_robot_bringup/environment/path.sh
-- Up-to-date: /media/ros/fedora/home/maylis/Dokumente/TeleNav/simulation_dtour_ws/install/udemy_robot_bringup/share/udemy_robot_bringup/environment/path.dsv
-- Up-to-date: /media/ros/fedora/home/maylis/Dokumente/TeleNav/simulation_dtour_ws/install/udemy_robot_bringup/share/udemy_robot_bringup/local_setup.bash
-- Up-to-date: /media/ros/fedora/home/maylis/Dokumente/TeleNav/simulation_dtour_ws/install/udemy_robot_bringup/share/udemy_robot_bringup/local_setup.sh
-- Up-to-date: /media/ros/fedora/home/maylis/Dokumente/TeleNav/simulation_dtour_ws/install/udemy_robot_bringup/share/udemy_robot_bringup/local_setup.zsh
-- Up-to-date: /media/ros/fedora/home/maylis/Dokumente/TeleNav/simulation_dtour_ws/install/udemy_robot_bringup/share/udemy_robot_bringup/local_setup.dsv
-- Installing: /media/ros/fedora/home/maylis/Dokumente/TeleNav/simulation_dtour_ws/install/udemy_robot_bringup/share/udemy_robot_bringup/package.dsv
-- Up-to-date: /media/ros/fedora/home/maylis/Dokumente/TeleNav/simulation_dtour_ws/install/udemy_robot_bringup/share/ament_index/resource_index/packages/udemy_robot_bringup
-- Up-to-date: /media/ros/fedora/home/maylis/Dokumente/TeleNav/simulation_dtour_ws/install/udemy_robot_bringup/share/udemy_robot_bringup/cmake/udemy_robot_bringupConfig.cmake
-- Up-to-date: /media/ros/fedora/home/maylis/Dokumente/TeleNav/simulation_dtour_ws/install/udemy_robot_bringup/share/udemy_robot_bringup/cmake/udemy_robot_bringupConfig-version.cmake
-- Up-to-date: /media/ros/fedora/home/maylis/Dokumente/TeleNav/simulation_dtour_ws/install/udemy_robot_bringup/share/udemy_robot_bringup/package.xml
