[0.413s] Invoking command in '/media/ros/fedora/home/maylis/Dokumente/TeleNav/build/my_robot_description': CMAKE_PREFIX_PATH=/opt/ros/humble /usr/bin/cmake /media/ros/fedora/home/maylis/Dokumente/TeleNav/simulation_ws/src/my_robot_description -DCMAKE_INSTALL_PREFIX=/media/ros/fedora/home/maylis/Dokumente/TeleNav/install/my_robot_description
[0.592s] -- The C compiler identification is GNU 11.4.0
[0.954s] -- The CXX compiler identification is GNU 11.4.0
[1.006s] -- Detecting C compiler ABI info
[1.327s] -- Detecting C compiler ABI info - done
[1.366s] -- Check for working C compiler: /usr/bin/cc - skipped
[1.366s] -- Detecting C compile features
[1.373s] -- Detecting C compile features - done
[1.394s] -- Detecting CXX compiler ABI info
[1.779s] -- Detecting CXX compiler ABI info - done
[1.821s] -- Check for working CXX compiler: /usr/bin/c++ - skipped
[1.821s] -- Detecting CXX compile features
[1.828s] -- Detecting CXX compile features - done
[1.842s] -- Found ament_cmake: 1.3.11 (/opt/ros/humble/share/ament_cmake/cmake)
[2.372s] -- Found Python3: /usr/bin/python3 (found version "3.10.12") found components: Interpreter 
[2.668s] -- Found xacro: 2.0.8 (/opt/ros/humble/share/xacro/cmake)
[2.821s] -- Configuring done
[2.831s] -- Generating done
[2.832s] -- Build files have been written to: /media/ros/fedora/home/maylis/Dokumente/TeleNav/build/my_robot_description
[2.859s] Invoked command in '/media/ros/fedora/home/maylis/Dokumente/TeleNav/build/my_robot_description' returned '0': CMAKE_PREFIX_PATH=/opt/ros/humble /usr/bin/cmake /media/ros/fedora/home/maylis/Dokumente/TeleNav/simulation_ws/src/my_robot_description -DCMAKE_INSTALL_PREFIX=/media/ros/fedora/home/maylis/Dokumente/TeleNav/install/my_robot_description
[2.859s] Invoking command in '/media/ros/fedora/home/maylis/Dokumente/TeleNav/build/my_robot_description': CMAKE_PREFIX_PATH=/opt/ros/humble /usr/bin/cmake --build /media/ros/fedora/home/maylis/Dokumente/TeleNav/build/my_robot_description -- -j6 -l6
[3.070s] [100%] Built target generate_urdf
[3.153s] Invoked command in '/media/ros/fedora/home/maylis/Dokumente/TeleNav/build/my_robot_description' returned '0': CMAKE_PREFIX_PATH=/opt/ros/humble /usr/bin/cmake --build /media/ros/fedora/home/maylis/Dokumente/TeleNav/build/my_robot_description -- -j6 -l6
[3.174s] Invoking command in '/media/ros/fedora/home/maylis/Dokumente/TeleNav/build/my_robot_description': CMAKE_PREFIX_PATH=/opt/ros/humble /usr/bin/cmake --install /media/ros/fedora/home/maylis/Dokumente/TeleNav/build/my_robot_description
[3.199s] -- Install configuration: ""
[3.199s] -- Installing: /media/ros/fedora/home/maylis/Dokumente/TeleNav/install/my_robot_description/share/my_robot_description//urdf
[3.199s] -- Installing: /media/ros/fedora/home/maylis/Dokumente/TeleNav/install/my_robot_description/share/my_robot_description//urdf/robot.urdf.xacro
[3.199s] -- Installing: /media/ros/fedora/home/maylis/Dokumente/TeleNav/install/my_robot_description/share/my_robot_description//urdf/mobile_base.xacro
[3.200s] -- Installing: /media/ros/fedora/home/maylis/Dokumente/TeleNav/install/my_robot_description/share/my_robot_description//urdf/common_properties.xacro
[3.200s] -- Installing: /media/ros/fedora/home/maylis/Dokumente/TeleNav/install/my_robot_description/share/my_robot_description//urdf/mosro.xacro
[3.200s] -- Installing: /media/ros/fedora/home/maylis/Dokumente/TeleNav/install/my_robot_description/share/my_robot_description//urdf/robot.urdf
[3.200s] -- Installing: /media/ros/fedora/home/maylis/Dokumente/TeleNav/install/my_robot_description/share/my_robot_description//urdf_course
[3.200s] -- Installing: /media/ros/fedora/home/maylis/Dokumente/TeleNav/install/my_robot_description/share/my_robot_description//urdf_course/common_properties.xacro
[3.200s] -- Installing: /media/ros/fedora/home/maylis/Dokumente/TeleNav/install/my_robot_description/share/my_robot_description//urdf_course/mobile_base.xacro
[3.200s] -- Installing: /media/ros/fedora/home/maylis/Dokumente/TeleNav/install/my_robot_description/share/my_robot_description//urdf_course/my_robot.urdf.xacro
[3.200s] -- Installing: /media/ros/fedora/home/maylis/Dokumente/TeleNav/install/my_robot_description/share/my_robot_description//urdf_course/robot.urdf
[3.200s] -- Installing: /media/ros/fedora/home/maylis/Dokumente/TeleNav/install/my_robot_description/share/my_robot_description//launch
[3.200s] -- Installing: /media/ros/fedora/home/maylis/Dokumente/TeleNav/install/my_robot_description/share/my_robot_description//launch/display.launch.xml
[3.200s] -- Installing: /media/ros/fedora/home/maylis/Dokumente/TeleNav/install/my_robot_description/share/my_robot_description//launch/mosro.launch copy.xml
[3.200s] -- Installing: /media/ros/fedora/home/maylis/Dokumente/TeleNav/install/my_robot_description/share/my_robot_description//launch/course.launch.xml
[3.202s] -- Installing: /media/ros/fedora/home/maylis/Dokumente/TeleNav/install/my_robot_description/share/my_robot_description//meshes
[3.202s] -- Installing: /media/ros/fedora/home/maylis/Dokumente/TeleNav/install/my_robot_description/share/my_robot_description//meshes/mosro.stl
[3.202s] -- Installing: /media/ros/fedora/home/maylis/Dokumente/TeleNav/install/my_robot_description/share/my_robot_description//rviz
[3.202s] -- Installing: /media/ros/fedora/home/maylis/Dokumente/TeleNav/install/my_robot_description/share/my_robot_description//rviz/robot.rviz
[3.202s] -- Up-to-date: /media/ros/fedora/home/maylis/Dokumente/TeleNav/install/my_robot_description/share/my_robot_description/urdf/robot.urdf
[3.202s] -- Installing: /media/ros/fedora/home/maylis/Dokumente/TeleNav/install/my_robot_description/share/ament_index/resource_index/package_run_dependencies/my_robot_description
[3.202s] -- Installing: /media/ros/fedora/home/maylis/Dokumente/TeleNav/install/my_robot_description/share/ament_index/resource_index/parent_prefix_path/my_robot_description
[3.202s] -- Installing: /media/ros/fedora/home/maylis/Dokumente/TeleNav/install/my_robot_description/share/my_robot_description/environment/ament_prefix_path.sh
[3.202s] -- Installing: /media/ros/fedora/home/maylis/Dokumente/TeleNav/install/my_robot_description/share/my_robot_description/environment/ament_prefix_path.dsv
[3.202s] -- Installing: /media/ros/fedora/home/maylis/Dokumente/TeleNav/install/my_robot_description/share/my_robot_description/environment/path.sh
[3.202s] -- Installing: /media/ros/fedora/home/maylis/Dokumente/TeleNav/install/my_robot_description/share/my_robot_description/environment/path.dsv
[3.202s] -- Installing: /media/ros/fedora/home/maylis/Dokumente/TeleNav/install/my_robot_description/share/my_robot_description/local_setup.bash
[3.202s] -- Installing: /media/ros/fedora/home/maylis/Dokumente/TeleNav/install/my_robot_description/share/my_robot_description/local_setup.sh
[3.202s] -- Installing: /media/ros/fedora/home/maylis/Dokumente/TeleNav/install/my_robot_description/share/my_robot_description/local_setup.zsh
[3.202s] -- Installing: /media/ros/fedora/home/maylis/Dokumente/TeleNav/install/my_robot_description/share/my_robot_description/local_setup.dsv
[3.202s] -- Installing: /media/ros/fedora/home/maylis/Dokumente/TeleNav/install/my_robot_description/share/my_robot_description/package.dsv
[3.203s] -- Installing: /media/ros/fedora/home/maylis/Dokumente/TeleNav/install/my_robot_description/share/ament_index/resource_index/packages/my_robot_description
[3.203s] -- Installing: /media/ros/fedora/home/maylis/Dokumente/TeleNav/install/my_robot_description/share/my_robot_description/cmake/my_robot_descriptionConfig.cmake
[3.203s] -- Installing: /media/ros/fedora/home/maylis/Dokumente/TeleNav/install/my_robot_description/share/my_robot_description/cmake/my_robot_descriptionConfig-version.cmake
[3.203s] -- Installing: /media/ros/fedora/home/maylis/Dokumente/TeleNav/install/my_robot_description/share/my_robot_description/package.xml
[3.220s] Invoked command in '/media/ros/fedora/home/maylis/Dokumente/TeleNav/build/my_robot_description' returned '0': CMAKE_PREFIX_PATH=/opt/ros/humble /usr/bin/cmake --install /media/ros/fedora/home/maylis/Dokumente/TeleNav/build/my_robot_description
