[0.794s] Invoking command in '/media/ros/fedora/home/maylis/Dokumente/TeleNav/turtle_follower_ws/src/turtle_spawner': PYTHONPATH=/media/ros/fedora/home/maylis/Dokumente/TeleNav/build/turtle_spawner/prefix_override:/usr/lib/python3/dist-packages/colcon_core/task/python/colcon_distutils_commands:/media/ros/fedora/home/maylis/Dokumente/TeleNav/install/turtle_spawner/lib/python3.10/site-packages:${PYTHONPATH} /usr/bin/python3 -W ignore:setup.py install is deprecated -W ignore:easy_install command is deprecated setup.py egg_info --egg-base ../../../build/turtle_spawner build --build-base /media/ros/fedora/home/maylis/Dokumente/TeleNav/build/turtle_spawner/build install --record /media/ros/fedora/home/maylis/Dokumente/TeleNav/build/turtle_spawner/install.log --single-version-externally-managed install_data
[1.016s] running egg_info
[1.018s] writing ../../../build/turtle_spawner/turtle_spawner.egg-info/PKG-INFO
[1.019s] writing dependency_links to ../../../build/turtle_spawner/turtle_spawner.egg-info/dependency_links.txt
[1.019s] writing entry points to ../../../build/turtle_spawner/turtle_spawner.egg-info/entry_points.txt
[1.019s] writing requirements to ../../../build/turtle_spawner/turtle_spawner.egg-info/requires.txt
[1.020s] writing top-level names to ../../../build/turtle_spawner/turtle_spawner.egg-info/top_level.txt
[1.020s] reading manifest file '../../../build/turtle_spawner/turtle_spawner.egg-info/SOURCES.txt'
[1.020s] writing manifest file '../../../build/turtle_spawner/turtle_spawner.egg-info/SOURCES.txt'
[1.020s] running build
[1.020s] running build_py
[1.020s] running install
[1.020s] running install_lib
[1.021s] running install_data
[1.021s] running install_egg_info
[1.023s] removing '/media/ros/fedora/home/maylis/Dokumente/TeleNav/install/turtle_spawner/lib/python3.10/site-packages/turtle_spawner-0.0.0-py3.10.egg-info' (and everything under it)
[1.023s] Copying ../../../build/turtle_spawner/turtle_spawner.egg-info to /media/ros/fedora/home/maylis/Dokumente/TeleNav/install/turtle_spawner/lib/python3.10/site-packages/turtle_spawner-0.0.0-py3.10.egg-info
[1.024s] running install_scripts
[1.045s] writing list of installed files to '/media/ros/fedora/home/maylis/Dokumente/TeleNav/build/turtle_spawner/install.log'
[1.075s] Invoked command in '/media/ros/fedora/home/maylis/Dokumente/TeleNav/turtle_follower_ws/src/turtle_spawner' returned '0': PYTHONPATH=/media/ros/fedora/home/maylis/Dokumente/TeleNav/build/turtle_spawner/prefix_override:/usr/lib/python3/dist-packages/colcon_core/task/python/colcon_distutils_commands:/media/ros/fedora/home/maylis/Dokumente/TeleNav/install/turtle_spawner/lib/python3.10/site-packages:${PYTHONPATH} /usr/bin/python3 -W ignore:setup.py install is deprecated -W ignore:easy_install command is deprecated setup.py egg_info --egg-base ../../../build/turtle_spawner build --build-base /media/ros/fedora/home/maylis/Dokumente/TeleNav/build/turtle_spawner/build install --record /media/ros/fedora/home/maylis/Dokumente/TeleNav/build/turtle_spawner/install.log --single-version-externally-managed install_data
