[0.021s] Invoking command in '/media/ros/fedora/home/maylis/Dokumente/TeleNav/build/cpp_package': CMAKE_PREFIX_PATH=/opt/ros/humble /usr/bin/cmake /media/ros/fedora/home/maylis/Dokumente/TeleNav/ros2_udemy_ws/src/cpp_package -DCMAKE_INSTALL_PREFIX=/media/ros/fedora/home/maylis/Dokumente/TeleNav/install/cpp_package
[0.152s] -- The C compiler identification is GNU 11.4.0
[0.268s] -- The CXX compiler identification is GNU 11.4.0
[0.289s] -- Detecting C compiler ABI info
[0.379s] -- Detecting C compiler ABI info - done
[0.391s] -- Check for working C compiler: /usr/bin/cc - skipped
[0.392s] -- Detecting C compile features
[0.393s] -- Detecting C compile features - done
[0.400s] -- Detecting CXX compiler ABI info
[0.505s] -- Detecting CXX compiler ABI info - done
[0.519s] -- Check for working CXX compiler: /usr/bin/c++ - skipped
[0.520s] -- Detecting CXX compile features
[0.521s] -- Detecting CXX compile features - done
[0.527s] -- Found ament_cmake: 1.3.11 (/opt/ros/humble/share/ament_cmake/cmake)
[0.736s] -- Found Python3: /usr/bin/python3 (found version "3.10.12") found components: Interpreter 
[0.885s] -- Found ament_lint_auto: 0.12.11 (/opt/ros/humble/share/ament_lint_auto/cmake)
[0.997s] -- Added test 'cppcheck' to perform static code analysis on C / C++ code
[0.998s] -- Configured cppcheck include dirs: 
[0.998s] -- Configured cppcheck exclude dirs and/or files: 
[0.999s] -- Added test 'lint_cmake' to check CMake code style
[1.001s] -- Added test 'uncrustify' to check C / C++ code style
[1.002s] -- Configured uncrustify additional arguments: 
[1.002s] -- Added test 'xmllint' to check XML markup files
[1.005s] -- Configuring done
[1.008s] -- Generating done
[1.012s] -- Build files have been written to: /media/ros/fedora/home/maylis/Dokumente/TeleNav/build/cpp_package
[1.016s] Invoked command in '/media/ros/fedora/home/maylis/Dokumente/TeleNav/build/cpp_package' returned '0': CMAKE_PREFIX_PATH=/opt/ros/humble /usr/bin/cmake /media/ros/fedora/home/maylis/Dokumente/TeleNav/ros2_udemy_ws/src/cpp_package -DCMAKE_INSTALL_PREFIX=/media/ros/fedora/home/maylis/Dokumente/TeleNav/install/cpp_package
[1.020s] Invoking command in '/media/ros/fedora/home/maylis/Dokumente/TeleNav/build/cpp_package': CMAKE_PREFIX_PATH=/opt/ros/humble /usr/bin/cmake --build /media/ros/fedora/home/maylis/Dokumente/TeleNav/build/cpp_package -- -j6 -l6
[1.068s] Invoked command in '/media/ros/fedora/home/maylis/Dokumente/TeleNav/build/cpp_package' returned '0': CMAKE_PREFIX_PATH=/opt/ros/humble /usr/bin/cmake --build /media/ros/fedora/home/maylis/Dokumente/TeleNav/build/cpp_package -- -j6 -l6
[1.081s] Invoking command in '/media/ros/fedora/home/maylis/Dokumente/TeleNav/build/cpp_package': CMAKE_PREFIX_PATH=/opt/ros/humble /usr/bin/cmake --install /media/ros/fedora/home/maylis/Dokumente/TeleNav/build/cpp_package
[1.090s] -- Install configuration: ""
[1.090s] -- Installing: /media/ros/fedora/home/maylis/Dokumente/TeleNav/install/cpp_package/share/ament_index/resource_index/package_run_dependencies/cpp_package
[1.090s] -- Installing: /media/ros/fedora/home/maylis/Dokumente/TeleNav/install/cpp_package/share/ament_index/resource_index/parent_prefix_path/cpp_package
[1.090s] -- Installing: /media/ros/fedora/home/maylis/Dokumente/TeleNav/install/cpp_package/share/cpp_package/environment/ament_prefix_path.sh
[1.090s] -- Installing: /media/ros/fedora/home/maylis/Dokumente/TeleNav/install/cpp_package/share/cpp_package/environment/ament_prefix_path.dsv
[1.092s] -- Installing: /media/ros/fedora/home/maylis/Dokumente/TeleNav/install/cpp_package/share/cpp_package/environment/path.sh
[1.092s] -- Installing: /media/ros/fedora/home/maylis/Dokumente/TeleNav/install/cpp_package/share/cpp_package/environment/path.dsv
[1.092s] -- Installing: /media/ros/fedora/home/maylis/Dokumente/TeleNav/install/cpp_package/share/cpp_package/local_setup.bash
[1.092s] -- Installing: /media/ros/fedora/home/maylis/Dokumente/TeleNav/install/cpp_package/share/cpp_package/local_setup.sh
[1.092s] -- Installing: /media/ros/fedora/home/maylis/Dokumente/TeleNav/install/cpp_package/share/cpp_package/local_setup.zsh
[1.092s] -- Installing: /media/ros/fedora/home/maylis/Dokumente/TeleNav/install/cpp_package/share/cpp_package/local_setup.dsv
[1.092s] -- Installing: /media/ros/fedora/home/maylis/Dokumente/TeleNav/install/cpp_package/share/cpp_package/package.dsv
[1.092s] -- Installing: /media/ros/fedora/home/maylis/Dokumente/TeleNav/install/cpp_package/share/ament_index/resource_index/packages/cpp_package
[1.092s] -- Installing: /media/ros/fedora/home/maylis/Dokumente/TeleNav/install/cpp_package/share/cpp_package/cmake/cpp_packageConfig.cmake
[1.092s] -- Installing: /media/ros/fedora/home/maylis/Dokumente/TeleNav/install/cpp_package/share/cpp_package/cmake/cpp_packageConfig-version.cmake
[1.093s] -- Installing: /media/ros/fedora/home/maylis/Dokumente/TeleNav/install/cpp_package/share/cpp_package/package.xml
[1.096s] Invoked command in '/media/ros/fedora/home/maylis/Dokumente/TeleNav/build/cpp_package' returned '0': CMAKE_PREFIX_PATH=/opt/ros/humble /usr/bin/cmake --install /media/ros/fedora/home/maylis/Dokumente/TeleNav/build/cpp_package
