-- Install configuration: ""
-- Up-to-date: /media/ros/fedora/home/maylis/Dokumente/TeleNav/simulation_dtour_ws/install/turtlebot_description/share/turtlebot_description//urdf
-- Up-to-date: /media/ros/fedora/home/maylis/Dokumente/TeleNav/simulation_dtour_ws/install/turtlebot_description/share/turtlebot_description//urdf/common_properties.xacro
-- Up-to-date: /media/ros/fedora/home/maylis/Dokumente/TeleNav/simulation_dtour_ws/install/turtlebot_description/share/turtlebot_description//urdf/mobile_base.xacro
-- Up-to-date: /media/ros/fedora/home/maylis/Dokumente/TeleNav/simulation_dtour_ws/install/turtlebot_description/share/turtlebot_description//urdf/mobile_base_gazebo.xacro
-- Up-to-date: /media/ros/fedora/home/maylis/Dokumente/TeleNav/simulation_dtour_ws/install/turtlebot_description/share/turtlebot_description//urdf/my_robot.urdf.xacro
-- Up-to-date: /media/ros/fedora/home/maylis/Dokumente/TeleNav/simulation_dtour_ws/install/turtlebot_description/share/turtlebot_description//urdf/camera.xacro
-- Up-to-date: /media/ros/fedora/home/maylis/Dokumente/TeleNav/simulation_dtour_ws/install/turtlebot_description/share/turtlebot_description//launch
-- Up-to-date: /media/ros/fedora/home/maylis/Dokumente/TeleNav/simulation_dtour_ws/install/turtlebot_description/share/turtlebot_description//launch/display.launch.py
-- Up-to-date: /media/ros/fedora/home/maylis/Dokumente/TeleNav/simulation_dtour_ws/install/turtlebot_description/share/turtlebot_description//launch/display.launch.xml
-- Up-to-date: /media/ros/fedora/home/maylis/Dokumente/TeleNav/simulation_dtour_ws/install/turtlebot_description/share/turtlebot_description//rviz
-- Up-to-date: /media/ros/fedora/home/maylis/Dokumente/TeleNav/simulation_dtour_ws/install/turtlebot_description/share/turtlebot_description//rviz/urdf_config.rviz
-- Up-to-date: /media/ros/fedora/home/maylis/Dokumente/TeleNav/simulation_dtour_ws/install/turtlebot_description/share/ament_index/resource_index/package_run_dependencies/turtlebot_description
-- Up-to-date: /media/ros/fedora/home/maylis/Dokumente/TeleNav/simulation_dtour_ws/install/turtlebot_description/share/ament_index/resource_index/parent_prefix_path/turtlebot_description
-- Up-to-date: /media/ros/fedora/home/maylis/Dokumente/TeleNav/simulation_dtour_ws/install/turtlebot_description/share/turtlebot_description/environment/ament_prefix_path.sh
-- Up-to-date: /media/ros/fedora/home/maylis/Dokumente/TeleNav/simulation_dtour_ws/install/turtlebot_description/share/turtlebot_description/environment/ament_prefix_path.dsv
-- Up-to-date: /media/ros/fedora/home/maylis/Dokumente/TeleNav/simulation_dtour_ws/install/turtlebot_description/share/turtlebot_description/environment/path.sh
-- Up-to-date: /media/ros/fedora/home/maylis/Dokumente/TeleNav/simulation_dtour_ws/install/turtlebot_description/share/turtlebot_description/environment/path.dsv
-- Up-to-date: /media/ros/fedora/home/maylis/Dokumente/TeleNav/simulation_dtour_ws/install/turtlebot_description/share/turtlebot_description/local_setup.bash
-- Up-to-date: /media/ros/fedora/home/maylis/Dokumente/TeleNav/simulation_dtour_ws/install/turtlebot_description/share/turtlebot_description/local_setup.sh
-- Up-to-date: /media/ros/fedora/home/maylis/Dokumente/TeleNav/simulation_dtour_ws/install/turtlebot_description/share/turtlebot_description/local_setup.zsh
-- Up-to-date: /media/ros/fedora/home/maylis/Dokumente/TeleNav/simulation_dtour_ws/install/turtlebot_description/share/turtlebot_description/local_setup.dsv
-- Installing: /media/ros/fedora/home/maylis/Dokumente/TeleNav/simulation_dtour_ws/install/turtlebot_description/share/turtlebot_description/package.dsv
-- Up-to-date: /media/ros/fedora/home/maylis/Dokumente/TeleNav/simulation_dtour_ws/install/turtlebot_description/share/ament_index/resource_index/packages/turtlebot_description
-- Up-to-date: /media/ros/fedora/home/maylis/Dokumente/TeleNav/simulation_dtour_ws/install/turtlebot_description/share/turtlebot_description/cmake/turtlebot_descriptionConfig.cmake
-- Up-to-date: /media/ros/fedora/home/maylis/Dokumente/TeleNav/simulation_dtour_ws/install/turtlebot_description/share/turtlebot_description/cmake/turtlebot_descriptionConfig-version.cmake
-- Up-to-date: /media/ros/fedora/home/maylis/Dokumente/TeleNav/simulation_dtour_ws/install/turtlebot_description/share/turtlebot_description/package.xml
