[0.063s] Invoking command in '/media/ros/fedora/home/maylis/Dokumente/TeleNav/build/turtle_interfaces': CMAKE_PREFIX_PATH=${CMAKE_PREFIX_PATH}:/media/ros/fedora/home/maylis/Dokumente/TeleNav/install/turtle_spawner:/media/ros/fedora/home/maylis/Dokumente/TeleNav/install/turtle_controller:/media/ros/fedora/home/maylis/Dokumente/TeleNav/install/my_robot_controller:/opt/ros/humble /usr/bin/cmake --build /media/ros/fedora/home/maylis/Dokumente/TeleNav/build/turtle_interfaces -- -j6 -l6
[0.509s] [ 12%] Built target turtle_interfaces__rosidl_generator_c
[0.509s] [ 12%] Built target turtle_interfaces__cpp
[0.509s] [ 12%] Built target ament_cmake_python_copy_turtle_interfaces
[0.509s] [ 23%] Built target turtle_interfaces__rosidl_typesupport_c
[0.509s] [ 34%] Built target turtle_interfaces__rosidl_typesupport_fastrtps_cpp
[0.509s] [ 44%] Built target turtle_interfaces__rosidl_typesupport_introspection_c
[0.509s] [ 55%] Built target turtle_interfaces__rosidl_typesupport_introspection_cpp
[0.509s] [ 65%] Built target turtle_interfaces__rosidl_typesupport_fastrtps_c
[0.509s] [ 76%] Built target turtle_interfaces__rosidl_typesupport_cpp
[0.510s] [ 76%] Built target turtle_interfaces
[0.510s] [ 78%] Built target turtle_interfaces__py
[0.511s] [ 87%] Built target turtle_interfaces__rosidl_generator_py
[0.511s] [ 91%] Built target turtle_interfaces__rosidl_typesupport_fastrtps_c__pyext
[0.511s] [ 95%] Built target turtle_interfaces__rosidl_typesupport_introspection_c__pyext
[0.511s] [100%] Built target turtle_interfaces__rosidl_typesupport_c__pyext
[0.554s] running egg_info
[0.557s] writing turtle_interfaces.egg-info/PKG-INFO
[0.557s] writing dependency_links to turtle_interfaces.egg-info/dependency_links.txt
[0.557s] writing top-level names to turtle_interfaces.egg-info/top_level.txt
[0.563s] reading manifest file 'turtle_interfaces.egg-info/SOURCES.txt'
[0.563s] writing manifest file 'turtle_interfaces.egg-info/SOURCES.txt'
[0.653s] [100%] Built target ament_cmake_python_build_turtle_interfaces_egg
[0.977s] Invoked command in '/media/ros/fedora/home/maylis/Dokumente/TeleNav/build/turtle_interfaces' returned '0': CMAKE_PREFIX_PATH=${CMAKE_PREFIX_PATH}:/media/ros/fedora/home/maylis/Dokumente/TeleNav/install/turtle_spawner:/media/ros/fedora/home/maylis/Dokumente/TeleNav/install/turtle_controller:/media/ros/fedora/home/maylis/Dokumente/TeleNav/install/my_robot_controller:/opt/ros/humble /usr/bin/cmake --build /media/ros/fedora/home/maylis/Dokumente/TeleNav/build/turtle_interfaces -- -j6 -l6
[0.999s] Invoking command in '/media/ros/fedora/home/maylis/Dokumente/TeleNav/build/turtle_interfaces': CMAKE_PREFIX_PATH=${CMAKE_PREFIX_PATH}:/media/ros/fedora/home/maylis/Dokumente/TeleNav/install/turtle_spawner:/media/ros/fedora/home/maylis/Dokumente/TeleNav/install/turtle_controller:/media/ros/fedora/home/maylis/Dokumente/TeleNav/install/my_robot_controller:/opt/ros/humble /usr/bin/cmake --install /media/ros/fedora/home/maylis/Dokumente/TeleNav/build/turtle_interfaces
[1.015s] -- Install configuration: ""
[1.015s] -- Up-to-date: /media/ros/fedora/home/maylis/Dokumente/TeleNav/install/turtle_interfaces/share/ament_index/resource_index/rosidl_interfaces/turtle_interfaces
[1.015s] -- Up-to-date: /media/ros/fedora/home/maylis/Dokumente/TeleNav/install/turtle_interfaces/include/turtle_interfaces/turtle_interfaces
[1.015s] -- Up-to-date: /media/ros/fedora/home/maylis/Dokumente/TeleNav/install/turtle_interfaces/include/turtle_interfaces/turtle_interfaces/msg
[1.015s] -- Up-to-date: /media/ros/fedora/home/maylis/Dokumente/TeleNav/install/turtle_interfaces/include/turtle_interfaces/turtle_interfaces/msg/rosidl_generator_c__visibility_control.h
[1.015s] -- Up-to-date: /media/ros/fedora/home/maylis/Dokumente/TeleNav/install/turtle_interfaces/include/turtle_interfaces/turtle_interfaces/msg/turtle_position.h
[1.015s] -- Up-to-date: /media/ros/fedora/home/maylis/Dokumente/TeleNav/install/turtle_interfaces/include/turtle_interfaces/turtle_interfaces/msg/detail
[1.015s] -- Up-to-date: /media/ros/fedora/home/maylis/Dokumente/TeleNav/install/turtle_interfaces/include/turtle_interfaces/turtle_interfaces/msg/detail/turtle_position__functions.c
[1.015s] -- Up-to-date: /media/ros/fedora/home/maylis/Dokumente/TeleNav/install/turtle_interfaces/include/turtle_interfaces/turtle_interfaces/msg/detail/turtle_position__functions.h
[1.016s] -- Up-to-date: /media/ros/fedora/home/maylis/Dokumente/TeleNav/install/turtle_interfaces/include/turtle_interfaces/turtle_interfaces/msg/detail/turtle_position__struct.h
[1.016s] -- Up-to-date: /media/ros/fedora/home/maylis/Dokumente/TeleNav/install/turtle_interfaces/include/turtle_interfaces/turtle_interfaces/msg/detail/turtle_position__type_support.h
[1.016s] -- Up-to-date: /media/ros/fedora/home/maylis/Dokumente/TeleNav/install/turtle_interfaces/include/turtle_interfaces/turtle_interfaces/msg/detail/turtles_alive__functions.c
[1.018s] -- Up-to-date: /media/ros/fedora/home/maylis/Dokumente/TeleNav/install/turtle_interfaces/include/turtle_interfaces/turtle_interfaces/msg/detail/turtles_alive__functions.h
[1.025s] -- Up-to-date: /media/ros/fedora/home/maylis/Dokumente/TeleNav/install/turtle_interfaces/include/turtle_interfaces/turtle_interfaces/msg/detail/turtles_alive__struct.h
[1.025s] -- Up-to-date: /media/ros/fedora/home/maylis/Dokumente/TeleNav/install/turtle_interfaces/include/turtle_interfaces/turtle_interfaces/msg/detail/turtles_alive__type_support.h
[1.026s] -- Up-to-date: /media/ros/fedora/home/maylis/Dokumente/TeleNav/install/turtle_interfaces/include/turtle_interfaces/turtle_interfaces/msg/turtles_alive.h
[1.026s] -- Up-to-date: /media/ros/fedora/home/maylis/Dokumente/TeleNav/install/turtle_interfaces/include/turtle_interfaces/turtle_interfaces/srv
[1.026s] -- Up-to-date: /media/ros/fedora/home/maylis/Dokumente/TeleNav/install/turtle_interfaces/include/turtle_interfaces/turtle_interfaces/srv/catch.h
[1.026s] -- Up-to-date: /media/ros/fedora/home/maylis/Dokumente/TeleNav/install/turtle_interfaces/include/turtle_interfaces/turtle_interfaces/srv/detail
[1.026s] -- Up-to-date: /media/ros/fedora/home/maylis/Dokumente/TeleNav/install/turtle_interfaces/include/turtle_interfaces/turtle_interfaces/srv/detail/catch__functions.c
[1.026s] -- Up-to-date: /media/ros/fedora/home/maylis/Dokumente/TeleNav/install/turtle_interfaces/include/turtle_interfaces/turtle_interfaces/srv/detail/catch__functions.h
[1.026s] -- Up-to-date: /media/ros/fedora/home/maylis/Dokumente/TeleNav/install/turtle_interfaces/include/turtle_interfaces/turtle_interfaces/srv/detail/catch__struct.h
[1.026s] -- Up-to-date: /media/ros/fedora/home/maylis/Dokumente/TeleNav/install/turtle_interfaces/include/turtle_interfaces/turtle_interfaces/srv/detail/catch__type_support.h
[1.027s] -- Up-to-date: /media/ros/fedora/home/maylis/Dokumente/TeleNav/install/turtle_interfaces/share/turtle_interfaces/environment/library_path.sh
[1.027s] -- Up-to-date: /media/ros/fedora/home/maylis/Dokumente/TeleNav/install/turtle_interfaces/share/turtle_interfaces/environment/library_path.dsv
[1.027s] -- Up-to-date: /media/ros/fedora/home/maylis/Dokumente/TeleNav/install/turtle_interfaces/lib/libturtle_interfaces__rosidl_generator_c.so
[1.027s] -- Up-to-date: /media/ros/fedora/home/maylis/Dokumente/TeleNav/install/turtle_interfaces/include/turtle_interfaces/turtle_interfaces
[1.027s] -- Up-to-date: /media/ros/fedora/home/maylis/Dokumente/TeleNav/install/turtle_interfaces/include/turtle_interfaces/turtle_interfaces/msg
[1.027s] -- Up-to-date: /media/ros/fedora/home/maylis/Dokumente/TeleNav/install/turtle_interfaces/include/turtle_interfaces/turtle_interfaces/msg/rosidl_typesupport_fastrtps_c__visibility_control.h
[1.027s] -- Up-to-date: /media/ros/fedora/home/maylis/Dokumente/TeleNav/install/turtle_interfaces/include/turtle_interfaces/turtle_interfaces/msg/detail
[1.027s] -- Up-to-date: /media/ros/fedora/home/maylis/Dokumente/TeleNav/install/turtle_interfaces/include/turtle_interfaces/turtle_interfaces/msg/detail/turtle_position__rosidl_typesupport_fastrtps_c.h
[1.027s] -- Up-to-date: /media/ros/fedora/home/maylis/Dokumente/TeleNav/install/turtle_interfaces/include/turtle_interfaces/turtle_interfaces/msg/detail/turtles_alive__rosidl_typesupport_fastrtps_c.h
[1.027s] -- Up-to-date: /media/ros/fedora/home/maylis/Dokumente/TeleNav/install/turtle_interfaces/include/turtle_interfaces/turtle_interfaces/srv
[1.027s] -- Up-to-date: /media/ros/fedora/home/maylis/Dokumente/TeleNav/install/turtle_interfaces/include/turtle_interfaces/turtle_interfaces/srv/detail
[1.028s] -- Up-to-date: /media/ros/fedora/home/maylis/Dokumente/TeleNav/install/turtle_interfaces/include/turtle_interfaces/turtle_interfaces/srv/detail/catch__rosidl_typesupport_fastrtps_c.h
[1.028s] -- Up-to-date: /media/ros/fedora/home/maylis/Dokumente/TeleNav/install/turtle_interfaces/lib/libturtle_interfaces__rosidl_typesupport_fastrtps_c.so
[1.028s] -- Up-to-date: /media/ros/fedora/home/maylis/Dokumente/TeleNav/install/turtle_interfaces/include/turtle_interfaces/turtle_interfaces
[1.028s] -- Up-to-date: /media/ros/fedora/home/maylis/Dokumente/TeleNav/install/turtle_interfaces/include/turtle_interfaces/turtle_interfaces/msg
[1.028s] -- Up-to-date: /media/ros/fedora/home/maylis/Dokumente/TeleNav/install/turtle_interfaces/include/turtle_interfaces/turtle_interfaces/msg/rosidl_typesupport_introspection_c__visibility_control.h
[1.028s] -- Up-to-date: /media/ros/fedora/home/maylis/Dokumente/TeleNav/install/turtle_interfaces/include/turtle_interfaces/turtle_interfaces/msg/detail
[1.028s] -- Up-to-date: /media/ros/fedora/home/maylis/Dokumente/TeleNav/install/turtle_interfaces/include/turtle_interfaces/turtle_interfaces/msg/detail/turtle_position__rosidl_typesupport_introspection_c.h
[1.032s] -- Up-to-date: /media/ros/fedora/home/maylis/Dokumente/TeleNav/install/turtle_interfaces/include/turtle_interfaces/turtle_interfaces/msg/detail/turtle_position__type_support.c
[1.037s] -- Up-to-date: /media/ros/fedora/home/maylis/Dokumente/TeleNav/install/turtle_interfaces/include/turtle_interfaces/turtle_interfaces/msg/detail/turtles_alive__rosidl_typesupport_introspection_c.h
[1.037s] -- Up-to-date: /media/ros/fedora/home/maylis/Dokumente/TeleNav/install/turtle_interfaces/include/turtle_interfaces/turtle_interfaces/msg/detail/turtles_alive__type_support.c
[1.037s] -- Up-to-date: /media/ros/fedora/home/maylis/Dokumente/TeleNav/install/turtle_interfaces/include/turtle_interfaces/turtle_interfaces/srv
[1.037s] -- Up-to-date: /media/ros/fedora/home/maylis/Dokumente/TeleNav/install/turtle_interfaces/include/turtle_interfaces/turtle_interfaces/srv/detail
[1.037s] -- Up-to-date: /media/ros/fedora/home/maylis/Dokumente/TeleNav/install/turtle_interfaces/include/turtle_interfaces/turtle_interfaces/srv/detail/catch__rosidl_typesupport_introspection_c.h
[1.037s] -- Up-to-date: /media/ros/fedora/home/maylis/Dokumente/TeleNav/install/turtle_interfaces/include/turtle_interfaces/turtle_interfaces/srv/detail/catch__type_support.c
[1.037s] -- Up-to-date: /media/ros/fedora/home/maylis/Dokumente/TeleNav/install/turtle_interfaces/lib/libturtle_interfaces__rosidl_typesupport_introspection_c.so
[1.037s] -- Up-to-date: /media/ros/fedora/home/maylis/Dokumente/TeleNav/install/turtle_interfaces/lib/libturtle_interfaces__rosidl_typesupport_c.so
[1.038s] -- Up-to-date: /media/ros/fedora/home/maylis/Dokumente/TeleNav/install/turtle_interfaces/include/turtle_interfaces/turtle_interfaces
[1.038s] -- Up-to-date: /media/ros/fedora/home/maylis/Dokumente/TeleNav/install/turtle_interfaces/include/turtle_interfaces/turtle_interfaces/msg
[1.038s] -- Up-to-date: /media/ros/fedora/home/maylis/Dokumente/TeleNav/install/turtle_interfaces/include/turtle_interfaces/turtle_interfaces/msg/rosidl_generator_cpp__visibility_control.hpp
[1.038s] -- Up-to-date: /media/ros/fedora/home/maylis/Dokumente/TeleNav/install/turtle_interfaces/include/turtle_interfaces/turtle_interfaces/msg/detail
[1.038s] -- Up-to-date: /media/ros/fedora/home/maylis/Dokumente/TeleNav/install/turtle_interfaces/include/turtle_interfaces/turtle_interfaces/msg/detail/turtle_position__builder.hpp
[1.038s] -- Up-to-date: /media/ros/fedora/home/maylis/Dokumente/TeleNav/install/turtle_interfaces/include/turtle_interfaces/turtle_interfaces/msg/detail/turtle_position__struct.hpp
[1.038s] -- Up-to-date: /media/ros/fedora/home/maylis/Dokumente/TeleNav/install/turtle_interfaces/include/turtle_interfaces/turtle_interfaces/msg/detail/turtle_position__traits.hpp
[1.038s] -- Up-to-date: /media/ros/fedora/home/maylis/Dokumente/TeleNav/install/turtle_interfaces/include/turtle_interfaces/turtle_interfaces/msg/detail/turtle_position__type_support.hpp
[1.038s] -- Up-to-date: /media/ros/fedora/home/maylis/Dokumente/TeleNav/install/turtle_interfaces/include/turtle_interfaces/turtle_interfaces/msg/detail/turtles_alive__builder.hpp
[1.038s] -- Up-to-date: /media/ros/fedora/home/maylis/Dokumente/TeleNav/install/turtle_interfaces/include/turtle_interfaces/turtle_interfaces/msg/detail/turtles_alive__struct.hpp
[1.038s] -- Up-to-date: /media/ros/fedora/home/maylis/Dokumente/TeleNav/install/turtle_interfaces/include/turtle_interfaces/turtle_interfaces/msg/detail/turtles_alive__traits.hpp
[1.038s] -- Up-to-date: /media/ros/fedora/home/maylis/Dokumente/TeleNav/install/turtle_interfaces/include/turtle_interfaces/turtle_interfaces/msg/detail/turtles_alive__type_support.hpp
[1.038s] -- Up-to-date: /media/ros/fedora/home/maylis/Dokumente/TeleNav/install/turtle_interfaces/include/turtle_interfaces/turtle_interfaces/msg/turtles_alive.hpp
[1.039s] -- Up-to-date: /media/ros/fedora/home/maylis/Dokumente/TeleNav/install/turtle_interfaces/include/turtle_interfaces/turtle_interfaces/msg/turtle_position.hpp
[1.039s] -- Up-to-date: /media/ros/fedora/home/maylis/Dokumente/TeleNav/install/turtle_interfaces/include/turtle_interfaces/turtle_interfaces/srv
[1.039s] -- Up-to-date: /media/ros/fedora/home/maylis/Dokumente/TeleNav/install/turtle_interfaces/include/turtle_interfaces/turtle_interfaces/srv/catch.hpp
[1.039s] -- Up-to-date: /media/ros/fedora/home/maylis/Dokumente/TeleNav/install/turtle_interfaces/include/turtle_interfaces/turtle_interfaces/srv/detail
[1.039s] -- Up-to-date: /media/ros/fedora/home/maylis/Dokumente/TeleNav/install/turtle_interfaces/include/turtle_interfaces/turtle_interfaces/srv/detail/catch__builder.hpp
[1.039s] -- Up-to-date: /media/ros/fedora/home/maylis/Dokumente/TeleNav/install/turtle_interfaces/include/turtle_interfaces/turtle_interfaces/srv/detail/catch__struct.hpp
[1.039s] -- Up-to-date: /media/ros/fedora/home/maylis/Dokumente/TeleNav/install/turtle_interfaces/include/turtle_interfaces/turtle_interfaces/srv/detail/catch__traits.hpp
[1.056s] -- Up-to-date: /media/ros/fedora/home/maylis/Dokumente/TeleNav/install/turtle_interfaces/include/turtle_interfaces/turtle_interfaces/srv/detail/catch__type_support.hpp
[1.056s] -- Up-to-date: /media/ros/fedora/home/maylis/Dokumente/TeleNav/install/turtle_interfaces/include/turtle_interfaces/turtle_interfaces
[1.056s] -- Up-to-date: /media/ros/fedora/home/maylis/Dokumente/TeleNav/install/turtle_interfaces/include/turtle_interfaces/turtle_interfaces/msg
[1.056s] -- Up-to-date: /media/ros/fedora/home/maylis/Dokumente/TeleNav/install/turtle_interfaces/include/turtle_interfaces/turtle_interfaces/msg/rosidl_typesupport_fastrtps_cpp__visibility_control.h
[1.056s] -- Up-to-date: /media/ros/fedora/home/maylis/Dokumente/TeleNav/install/turtle_interfaces/include/turtle_interfaces/turtle_interfaces/msg/detail
[1.056s] -- Up-to-date: /media/ros/fedora/home/maylis/Dokumente/TeleNav/install/turtle_interfaces/include/turtle_interfaces/turtle_interfaces/msg/detail/turtle_position__rosidl_typesupport_fastrtps_cpp.hpp
[1.056s] -- Up-to-date: /media/ros/fedora/home/maylis/Dokumente/TeleNav/install/turtle_interfaces/include/turtle_interfaces/turtle_interfaces/msg/detail/dds_fastrtps
[1.056s] -- Up-to-date: /media/ros/fedora/home/maylis/Dokumente/TeleNav/install/turtle_interfaces/include/turtle_interfaces/turtle_interfaces/msg/detail/turtles_alive__rosidl_typesupport_fastrtps_cpp.hpp
[1.056s] -- Up-to-date: /media/ros/fedora/home/maylis/Dokumente/TeleNav/install/turtle_interfaces/include/turtle_interfaces/turtle_interfaces/srv
[1.056s] -- Up-to-date: /media/ros/fedora/home/maylis/Dokumente/TeleNav/install/turtle_interfaces/include/turtle_interfaces/turtle_interfaces/srv/detail
[1.057s] -- Up-to-date: /media/ros/fedora/home/maylis/Dokumente/TeleNav/install/turtle_interfaces/include/turtle_interfaces/turtle_interfaces/srv/detail/catch__rosidl_typesupport_fastrtps_cpp.hpp
[1.057s] -- Up-to-date: /media/ros/fedora/home/maylis/Dokumente/TeleNav/install/turtle_interfaces/include/turtle_interfaces/turtle_interfaces/srv/detail/dds_fastrtps
[1.057s] -- Up-to-date: /media/ros/fedora/home/maylis/Dokumente/TeleNav/install/turtle_interfaces/lib/libturtle_interfaces__rosidl_typesupport_fastrtps_cpp.so
[1.057s] -- Up-to-date: /media/ros/fedora/home/maylis/Dokumente/TeleNav/install/turtle_interfaces/include/turtle_interfaces/turtle_interfaces
[1.057s] -- Up-to-date: /media/ros/fedora/home/maylis/Dokumente/TeleNav/install/turtle_interfaces/include/turtle_interfaces/turtle_interfaces/msg
[1.057s] -- Up-to-date: /media/ros/fedora/home/maylis/Dokumente/TeleNav/install/turtle_interfaces/include/turtle_interfaces/turtle_interfaces/msg/detail
[1.058s] -- Up-to-date: /media/ros/fedora/home/maylis/Dokumente/TeleNav/install/turtle_interfaces/include/turtle_interfaces/turtle_interfaces/msg/detail/turtle_position__rosidl_typesupport_introspection_cpp.hpp
[1.059s] -- Up-to-date: /media/ros/fedora/home/maylis/Dokumente/TeleNav/install/turtle_interfaces/include/turtle_interfaces/turtle_interfaces/msg/detail/turtle_position__type_support.cpp
[1.059s] -- Up-to-date: /media/ros/fedora/home/maylis/Dokumente/TeleNav/install/turtle_interfaces/include/turtle_interfaces/turtle_interfaces/msg/detail/turtles_alive__rosidl_typesupport_introspection_cpp.hpp
[1.059s] -- Up-to-date: /media/ros/fedora/home/maylis/Dokumente/TeleNav/install/turtle_interfaces/include/turtle_interfaces/turtle_interfaces/msg/detail/turtles_alive__type_support.cpp
[1.059s] -- Up-to-date: /media/ros/fedora/home/maylis/Dokumente/TeleNav/install/turtle_interfaces/include/turtle_interfaces/turtle_interfaces/srv
[1.059s] -- Up-to-date: /media/ros/fedora/home/maylis/Dokumente/TeleNav/install/turtle_interfaces/include/turtle_interfaces/turtle_interfaces/srv/detail
[1.059s] -- Up-to-date: /media/ros/fedora/home/maylis/Dokumente/TeleNav/install/turtle_interfaces/include/turtle_interfaces/turtle_interfaces/srv/detail/catch__rosidl_typesupport_introspection_cpp.hpp
[1.059s] -- Up-to-date: /media/ros/fedora/home/maylis/Dokumente/TeleNav/install/turtle_interfaces/include/turtle_interfaces/turtle_interfaces/srv/detail/catch__type_support.cpp
[1.059s] -- Up-to-date: /media/ros/fedora/home/maylis/Dokumente/TeleNav/install/turtle_interfaces/lib/libturtle_interfaces__rosidl_typesupport_introspection_cpp.so
[1.059s] -- Up-to-date: /media/ros/fedora/home/maylis/Dokumente/TeleNav/install/turtle_interfaces/lib/libturtle_interfaces__rosidl_typesupport_cpp.so
[1.060s] -- Up-to-date: /media/ros/fedora/home/maylis/Dokumente/TeleNav/install/turtle_interfaces/share/turtle_interfaces/environment/pythonpath.sh
[1.060s] -- Up-to-date: /media/ros/fedora/home/maylis/Dokumente/TeleNav/install/turtle_interfaces/share/turtle_interfaces/environment/pythonpath.dsv
[1.060s] -- Up-to-date: /media/ros/fedora/home/maylis/Dokumente/TeleNav/install/turtle_interfaces/local/lib/python3.10/dist-packages/turtle_interfaces-0.0.0-py3.10.egg-info
[1.060s] -- Installing: /media/ros/fedora/home/maylis/Dokumente/TeleNav/install/turtle_interfaces/local/lib/python3.10/dist-packages/turtle_interfaces-0.0.0-py3.10.egg-info/PKG-INFO
[1.060s] -- Installing: /media/ros/fedora/home/maylis/Dokumente/TeleNav/install/turtle_interfaces/local/lib/python3.10/dist-packages/turtle_interfaces-0.0.0-py3.10.egg-info/dependency_links.txt
[1.060s] -- Installing: /media/ros/fedora/home/maylis/Dokumente/TeleNav/install/turtle_interfaces/local/lib/python3.10/dist-packages/turtle_interfaces-0.0.0-py3.10.egg-info/top_level.txt
[1.060s] -- Installing: /media/ros/fedora/home/maylis/Dokumente/TeleNav/install/turtle_interfaces/local/lib/python3.10/dist-packages/turtle_interfaces-0.0.0-py3.10.egg-info/SOURCES.txt
[1.060s] -- Up-to-date: /media/ros/fedora/home/maylis/Dokumente/TeleNav/install/turtle_interfaces/local/lib/python3.10/dist-packages/turtle_interfaces
[1.060s] -- Up-to-date: /media/ros/fedora/home/maylis/Dokumente/TeleNav/install/turtle_interfaces/local/lib/python3.10/dist-packages/turtle_interfaces/__init__.py
[1.060s] -- Up-to-date: /media/ros/fedora/home/maylis/Dokumente/TeleNav/install/turtle_interfaces/local/lib/python3.10/dist-packages/turtle_interfaces/msg
[1.060s] -- Up-to-date: /media/ros/fedora/home/maylis/Dokumente/TeleNav/install/turtle_interfaces/local/lib/python3.10/dist-packages/turtle_interfaces/msg/_turtle_position.py
[1.060s] -- Up-to-date: /media/ros/fedora/home/maylis/Dokumente/TeleNav/install/turtle_interfaces/local/lib/python3.10/dist-packages/turtle_interfaces/msg/_turtle_position_s.c
[1.061s] -- Up-to-date: /media/ros/fedora/home/maylis/Dokumente/TeleNav/install/turtle_interfaces/local/lib/python3.10/dist-packages/turtle_interfaces/msg/_turtles_alive.py
[1.061s] -- Up-to-date: /media/ros/fedora/home/maylis/Dokumente/TeleNav/install/turtle_interfaces/local/lib/python3.10/dist-packages/turtle_interfaces/msg/_turtles_alive_s.c
[1.061s] -- Up-to-date: /media/ros/fedora/home/maylis/Dokumente/TeleNav/install/turtle_interfaces/local/lib/python3.10/dist-packages/turtle_interfaces/msg/__init__.py
[1.061s] -- Up-to-date: /media/ros/fedora/home/maylis/Dokumente/TeleNav/install/turtle_interfaces/local/lib/python3.10/dist-packages/turtle_interfaces/_turtle_interfaces_s.ep.rosidl_typesupport_introspection_c.c
[1.061s] -- Up-to-date: /media/ros/fedora/home/maylis/Dokumente/TeleNav/install/turtle_interfaces/local/lib/python3.10/dist-packages/turtle_interfaces/_turtle_interfaces_s.ep.rosidl_typesupport_c.c
[1.061s] -- Up-to-date: /media/ros/fedora/home/maylis/Dokumente/TeleNav/install/turtle_interfaces/local/lib/python3.10/dist-packages/turtle_interfaces/srv
[1.061s] -- Up-to-date: /media/ros/fedora/home/maylis/Dokumente/TeleNav/install/turtle_interfaces/local/lib/python3.10/dist-packages/turtle_interfaces/srv/_catch.py
[1.066s] -- Up-to-date: /media/ros/fedora/home/maylis/Dokumente/TeleNav/install/turtle_interfaces/local/lib/python3.10/dist-packages/turtle_interfaces/srv/_catch_s.c
[1.066s] -- Up-to-date: /media/ros/fedora/home/maylis/Dokumente/TeleNav/install/turtle_interfaces/local/lib/python3.10/dist-packages/turtle_interfaces/srv/__init__.py
[1.067s] -- Up-to-date: /media/ros/fedora/home/maylis/Dokumente/TeleNav/install/turtle_interfaces/local/lib/python3.10/dist-packages/turtle_interfaces/_turtle_interfaces_s.ep.rosidl_typesupport_fastrtps_c.c
[1.067s] -- Up-to-date: /media/ros/fedora/home/maylis/Dokumente/TeleNav/install/turtle_interfaces/local/lib/python3.10/dist-packages/turtle_interfaces/libturtle_interfaces__rosidl_generator_py.so
[1.067s] -- Up-to-date: /media/ros/fedora/home/maylis/Dokumente/TeleNav/install/turtle_interfaces/local/lib/python3.10/dist-packages/turtle_interfaces/turtle_interfaces_s__rosidl_typesupport_introspection_c.cpython-310-x86_64-linux-gnu.so
[1.067s] -- Up-to-date: /media/ros/fedora/home/maylis/Dokumente/TeleNav/install/turtle_interfaces/local/lib/python3.10/dist-packages/turtle_interfaces/turtle_interfaces_s__rosidl_typesupport_c.cpython-310-x86_64-linux-gnu.so
[1.067s] -- Up-to-date: /media/ros/fedora/home/maylis/Dokumente/TeleNav/install/turtle_interfaces/local/lib/python3.10/dist-packages/turtle_interfaces/turtle_interfaces_s__rosidl_typesupport_fastrtps_c.cpython-310-x86_64-linux-gnu.so
[1.082s] Listing '/media/ros/fedora/home/maylis/Dokumente/TeleNav/install/turtle_interfaces/local/lib/python3.10/dist-packages/turtle_interfaces'...
[1.083s] Listing '/media/ros/fedora/home/maylis/Dokumente/TeleNav/install/turtle_interfaces/local/lib/python3.10/dist-packages/turtle_interfaces/msg'...
[1.083s] Listing '/media/ros/fedora/home/maylis/Dokumente/TeleNav/install/turtle_interfaces/local/lib/python3.10/dist-packages/turtle_interfaces/srv'...
[1.093s] -- Up-to-date: /media/ros/fedora/home/maylis/Dokumente/TeleNav/install/turtle_interfaces/local/lib/python3.10/dist-packages/turtle_interfaces/turtle_interfaces_s__rosidl_typesupport_fastrtps_c.cpython-310-x86_64-linux-gnu.so
[1.097s] -- Up-to-date: /media/ros/fedora/home/maylis/Dokumente/TeleNav/install/turtle_interfaces/local/lib/python3.10/dist-packages/turtle_interfaces/turtle_interfaces_s__rosidl_typesupport_introspection_c.cpython-310-x86_64-linux-gnu.so
[1.097s] -- Up-to-date: /media/ros/fedora/home/maylis/Dokumente/TeleNav/install/turtle_interfaces/local/lib/python3.10/dist-packages/turtle_interfaces/turtle_interfaces_s__rosidl_typesupport_c.cpython-310-x86_64-linux-gnu.so
[1.097s] -- Up-to-date: /media/ros/fedora/home/maylis/Dokumente/TeleNav/install/turtle_interfaces/lib/libturtle_interfaces__rosidl_generator_py.so
[1.097s] -- Up-to-date: /media/ros/fedora/home/maylis/Dokumente/TeleNav/install/turtle_interfaces/share/turtle_interfaces/msg/TurtlePosition.idl
[1.097s] -- Up-to-date: /media/ros/fedora/home/maylis/Dokumente/TeleNav/install/turtle_interfaces/share/turtle_interfaces/msg/TurtlesAlive.idl
[1.097s] -- Up-to-date: /media/ros/fedora/home/maylis/Dokumente/TeleNav/install/turtle_interfaces/share/turtle_interfaces/srv/Catch.idl
[1.097s] -- Up-to-date: /media/ros/fedora/home/maylis/Dokumente/TeleNav/install/turtle_interfaces/share/turtle_interfaces/msg/TurtlePosition.msg
[1.097s] -- Up-to-date: /media/ros/fedora/home/maylis/Dokumente/TeleNav/install/turtle_interfaces/share/turtle_interfaces/msg/TurtlesAlive.msg
[1.097s] -- Up-to-date: /media/ros/fedora/home/maylis/Dokumente/TeleNav/install/turtle_interfaces/share/turtle_interfaces/srv/Catch.srv
[1.098s] -- Up-to-date: /media/ros/fedora/home/maylis/Dokumente/TeleNav/install/turtle_interfaces/share/turtle_interfaces/srv/Catch_Request.msg
[1.098s] -- Up-to-date: /media/ros/fedora/home/maylis/Dokumente/TeleNav/install/turtle_interfaces/share/turtle_interfaces/srv/Catch_Response.msg
[1.098s] -- Up-to-date: /media/ros/fedora/home/maylis/Dokumente/TeleNav/install/turtle_interfaces/share/ament_index/resource_index/package_run_dependencies/turtle_interfaces
[1.098s] -- Up-to-date: /media/ros/fedora/home/maylis/Dokumente/TeleNav/install/turtle_interfaces/share/ament_index/resource_index/parent_prefix_path/turtle_interfaces
[1.098s] -- Up-to-date: /media/ros/fedora/home/maylis/Dokumente/TeleNav/install/turtle_interfaces/share/turtle_interfaces/environment/ament_prefix_path.sh
[1.098s] -- Up-to-date: /media/ros/fedora/home/maylis/Dokumente/TeleNav/install/turtle_interfaces/share/turtle_interfaces/environment/ament_prefix_path.dsv
[1.103s] -- Up-to-date: /media/ros/fedora/home/maylis/Dokumente/TeleNav/install/turtle_interfaces/share/turtle_interfaces/environment/path.sh
[1.103s] -- Up-to-date: /media/ros/fedora/home/maylis/Dokumente/TeleNav/install/turtle_interfaces/share/turtle_interfaces/environment/path.dsv
[1.103s] -- Up-to-date: /media/ros/fedora/home/maylis/Dokumente/TeleNav/install/turtle_interfaces/share/turtle_interfaces/local_setup.bash
[1.103s] -- Up-to-date: /media/ros/fedora/home/maylis/Dokumente/TeleNav/install/turtle_interfaces/share/turtle_interfaces/local_setup.sh
[1.103s] -- Up-to-date: /media/ros/fedora/home/maylis/Dokumente/TeleNav/install/turtle_interfaces/share/turtle_interfaces/local_setup.zsh
[1.103s] -- Up-to-date: /media/ros/fedora/home/maylis/Dokumente/TeleNav/install/turtle_interfaces/share/turtle_interfaces/local_setup.dsv
[1.103s] -- Installing: /media/ros/fedora/home/maylis/Dokumente/TeleNav/install/turtle_interfaces/share/turtle_interfaces/package.dsv
[1.103s] -- Up-to-date: /media/ros/fedora/home/maylis/Dokumente/TeleNav/install/turtle_interfaces/share/ament_index/resource_index/packages/turtle_interfaces
[1.105s] -- Up-to-date: /media/ros/fedora/home/maylis/Dokumente/TeleNav/install/turtle_interfaces/share/turtle_interfaces/cmake/export_turtle_interfaces__rosidl_generator_cExport.cmake
[1.106s] -- Up-to-date: /media/ros/fedora/home/maylis/Dokumente/TeleNav/install/turtle_interfaces/share/turtle_interfaces/cmake/export_turtle_interfaces__rosidl_generator_cExport-noconfig.cmake
[1.106s] -- Up-to-date: /media/ros/fedora/home/maylis/Dokumente/TeleNav/install/turtle_interfaces/share/turtle_interfaces/cmake/export_turtle_interfaces__rosidl_typesupport_fastrtps_cExport.cmake
[1.106s] -- Up-to-date: /media/ros/fedora/home/maylis/Dokumente/TeleNav/install/turtle_interfaces/share/turtle_interfaces/cmake/export_turtle_interfaces__rosidl_typesupport_fastrtps_cExport-noconfig.cmake
[1.106s] -- Up-to-date: /media/ros/fedora/home/maylis/Dokumente/TeleNav/install/turtle_interfaces/share/turtle_interfaces/cmake/turtle_interfaces__rosidl_typesupport_introspection_cExport.cmake
[1.106s] -- Up-to-date: /media/ros/fedora/home/maylis/Dokumente/TeleNav/install/turtle_interfaces/share/turtle_interfaces/cmake/turtle_interfaces__rosidl_typesupport_introspection_cExport-noconfig.cmake
[1.107s] -- Up-to-date: /media/ros/fedora/home/maylis/Dokumente/TeleNav/install/turtle_interfaces/share/turtle_interfaces/cmake/turtle_interfaces__rosidl_typesupport_cExport.cmake
[1.107s] -- Up-to-date: /media/ros/fedora/home/maylis/Dokumente/TeleNav/install/turtle_interfaces/share/turtle_interfaces/cmake/turtle_interfaces__rosidl_typesupport_cExport-noconfig.cmake
[1.107s] -- Up-to-date: /media/ros/fedora/home/maylis/Dokumente/TeleNav/install/turtle_interfaces/share/turtle_interfaces/cmake/export_turtle_interfaces__rosidl_generator_cppExport.cmake
[1.107s] -- Up-to-date: /media/ros/fedora/home/maylis/Dokumente/TeleNav/install/turtle_interfaces/share/turtle_interfaces/cmake/export_turtle_interfaces__rosidl_typesupport_fastrtps_cppExport.cmake
[1.108s] -- Up-to-date: /media/ros/fedora/home/maylis/Dokumente/TeleNav/install/turtle_interfaces/share/turtle_interfaces/cmake/export_turtle_interfaces__rosidl_typesupport_fastrtps_cppExport-noconfig.cmake
[1.110s] -- Up-to-date: /media/ros/fedora/home/maylis/Dokumente/TeleNav/install/turtle_interfaces/share/turtle_interfaces/cmake/turtle_interfaces__rosidl_typesupport_introspection_cppExport.cmake
[1.116s] -- Up-to-date: /media/ros/fedora/home/maylis/Dokumente/TeleNav/install/turtle_interfaces/share/turtle_interfaces/cmake/turtle_interfaces__rosidl_typesupport_introspection_cppExport-noconfig.cmake
[1.116s] -- Up-to-date: /media/ros/fedora/home/maylis/Dokumente/TeleNav/install/turtle_interfaces/share/turtle_interfaces/cmake/turtle_interfaces__rosidl_typesupport_cppExport.cmake
[1.116s] -- Up-to-date: /media/ros/fedora/home/maylis/Dokumente/TeleNav/install/turtle_interfaces/share/turtle_interfaces/cmake/turtle_interfaces__rosidl_typesupport_cppExport-noconfig.cmake
[1.116s] -- Up-to-date: /media/ros/fedora/home/maylis/Dokumente/TeleNav/install/turtle_interfaces/share/turtle_interfaces/cmake/export_turtle_interfaces__rosidl_generator_pyExport.cmake
[1.116s] -- Up-to-date: /media/ros/fedora/home/maylis/Dokumente/TeleNav/install/turtle_interfaces/share/turtle_interfaces/cmake/export_turtle_interfaces__rosidl_generator_pyExport-noconfig.cmake
[1.116s] -- Up-to-date: /media/ros/fedora/home/maylis/Dokumente/TeleNav/install/turtle_interfaces/share/turtle_interfaces/cmake/rosidl_cmake-extras.cmake
[1.116s] -- Up-to-date: /media/ros/fedora/home/maylis/Dokumente/TeleNav/install/turtle_interfaces/share/turtle_interfaces/cmake/ament_cmake_export_include_directories-extras.cmake
[1.117s] -- Up-to-date: /media/ros/fedora/home/maylis/Dokumente/TeleNav/install/turtle_interfaces/share/turtle_interfaces/cmake/ament_cmake_export_libraries-extras.cmake
[1.117s] -- Up-to-date: /media/ros/fedora/home/maylis/Dokumente/TeleNav/install/turtle_interfaces/share/turtle_interfaces/cmake/ament_cmake_export_targets-extras.cmake
[1.117s] -- Up-to-date: /media/ros/fedora/home/maylis/Dokumente/TeleNav/install/turtle_interfaces/share/turtle_interfaces/cmake/rosidl_cmake_export_typesupport_targets-extras.cmake
[1.117s] -- Up-to-date: /media/ros/fedora/home/maylis/Dokumente/TeleNav/install/turtle_interfaces/share/turtle_interfaces/cmake/ament_cmake_export_dependencies-extras.cmake
[1.117s] -- Up-to-date: /media/ros/fedora/home/maylis/Dokumente/TeleNav/install/turtle_interfaces/share/turtle_interfaces/cmake/rosidl_cmake_export_typesupport_libraries-extras.cmake
[1.117s] -- Up-to-date: /media/ros/fedora/home/maylis/Dokumente/TeleNav/install/turtle_interfaces/share/turtle_interfaces/cmake/turtle_interfacesConfig.cmake
[1.117s] -- Up-to-date: /media/ros/fedora/home/maylis/Dokumente/TeleNav/install/turtle_interfaces/share/turtle_interfaces/cmake/turtle_interfacesConfig-version.cmake
[1.117s] -- Up-to-date: /media/ros/fedora/home/maylis/Dokumente/TeleNav/install/turtle_interfaces/share/turtle_interfaces/package.xml
[1.128s] Invoked command in '/media/ros/fedora/home/maylis/Dokumente/TeleNav/build/turtle_interfaces' returned '0': CMAKE_PREFIX_PATH=${CMAKE_PREFIX_PATH}:/media/ros/fedora/home/maylis/Dokumente/TeleNav/install/turtle_spawner:/media/ros/fedora/home/maylis/Dokumente/TeleNav/install/turtle_controller:/media/ros/fedora/home/maylis/Dokumente/TeleNav/install/my_robot_controller:/opt/ros/humble /usr/bin/cmake --install /media/ros/fedora/home/maylis/Dokumente/TeleNav/build/turtle_interfaces
