[0.012s] Invoking command in '/media/ros/fedora/home/maylis/Dokumente/simulation_dtour/src/build/my_robot_description': CMAKE_PREFIX_PATH=${CMAKE_PREFIX_PATH}:/media/ros/fedora/home/maylis/Dokumente/TeleNav/install/turtle_spawner:/media/ros/fedora/home/maylis/Dokumente/TeleNav/install/turtle_controller:/media/ros/fedora/home/maylis/Dokumente/TeleNav/install/my_robot_controller:/opt/ros/humble /usr/bin/cmake /media/ros/fedora/home/maylis/Dokumente/simulation_dtour/src/my_robot_description -DCMAKE_INSTALL_PREFIX=/media/ros/fedora/home/maylis/Dokumente/simulation_dtour/src/install/my_robot_description
[0.057s] -- The C compiler identification is GNU 11.4.0
[0.108s] -- The CXX compiler identification is GNU 11.4.0
[0.124s] -- Detecting C compiler ABI info
[0.191s] -- Detecting C compiler ABI info - done
[0.198s] -- Check for working C compiler: /usr/bin/cc - skipped
[0.198s] -- Detecting C compile features
[0.199s] -- Detecting C compile features - done
[0.202s] -- Detecting CXX compiler ABI info
[0.273s] -- Detecting CXX compiler ABI info - done
[0.280s] -- Check for working CXX compiler: /usr/bin/c++ - skipped
[0.281s] -- Detecting CXX compile features
[0.281s] -- Detecting CXX compile features - done
[0.284s] -- Found ament_cmake: 1.3.11 (/opt/ros/humble/share/ament_cmake/cmake)
[0.413s] -- Found Python3: /usr/bin/python3 (found version "3.10.12") found components: Interpreter 
[0.561s] -- Configuring done
[0.564s] -- Generating done
[0.565s] -- Build files have been written to: /media/ros/fedora/home/maylis/Dokumente/simulation_dtour/src/build/my_robot_description
[0.569s] Invoked command in '/media/ros/fedora/home/maylis/Dokumente/simulation_dtour/src/build/my_robot_description' returned '0': CMAKE_PREFIX_PATH=${CMAKE_PREFIX_PATH}:/media/ros/fedora/home/maylis/Dokumente/TeleNav/install/turtle_spawner:/media/ros/fedora/home/maylis/Dokumente/TeleNav/install/turtle_controller:/media/ros/fedora/home/maylis/Dokumente/TeleNav/install/my_robot_controller:/opt/ros/humble /usr/bin/cmake /media/ros/fedora/home/maylis/Dokumente/simulation_dtour/src/my_robot_description -DCMAKE_INSTALL_PREFIX=/media/ros/fedora/home/maylis/Dokumente/simulation_dtour/src/install/my_robot_description
[0.571s] Invoking command in '/media/ros/fedora/home/maylis/Dokumente/simulation_dtour/src/build/my_robot_description': CMAKE_PREFIX_PATH=${CMAKE_PREFIX_PATH}:/media/ros/fedora/home/maylis/Dokumente/TeleNav/install/turtle_spawner:/media/ros/fedora/home/maylis/Dokumente/TeleNav/install/turtle_controller:/media/ros/fedora/home/maylis/Dokumente/TeleNav/install/my_robot_controller:/opt/ros/humble /usr/bin/cmake --build /media/ros/fedora/home/maylis/Dokumente/simulation_dtour/src/build/my_robot_description -- -j6 -l6
[0.607s] Invoked command in '/media/ros/fedora/home/maylis/Dokumente/simulation_dtour/src/build/my_robot_description' returned '0': CMAKE_PREFIX_PATH=${CMAKE_PREFIX_PATH}:/media/ros/fedora/home/maylis/Dokumente/TeleNav/install/turtle_spawner:/media/ros/fedora/home/maylis/Dokumente/TeleNav/install/turtle_controller:/media/ros/fedora/home/maylis/Dokumente/TeleNav/install/my_robot_controller:/opt/ros/humble /usr/bin/cmake --build /media/ros/fedora/home/maylis/Dokumente/simulation_dtour/src/build/my_robot_description -- -j6 -l6
[0.621s] Invoking command in '/media/ros/fedora/home/maylis/Dokumente/simulation_dtour/src/build/my_robot_description': CMAKE_PREFIX_PATH=${CMAKE_PREFIX_PATH}:/media/ros/fedora/home/maylis/Dokumente/TeleNav/install/turtle_spawner:/media/ros/fedora/home/maylis/Dokumente/TeleNav/install/turtle_controller:/media/ros/fedora/home/maylis/Dokumente/TeleNav/install/my_robot_controller:/opt/ros/humble /usr/bin/cmake --install /media/ros/fedora/home/maylis/Dokumente/simulation_dtour/src/build/my_robot_description
[0.626s] -- Install configuration: ""
[0.626s] -- Installing: /media/ros/fedora/home/maylis/Dokumente/simulation_dtour/src/install/my_robot_description/share/my_robot_description//urdf
[0.626s] -- Installing: /media/ros/fedora/home/maylis/Dokumente/simulation_dtour/src/install/my_robot_description/share/my_robot_description//urdf/mobile_base.xacro
[0.626s] -- Installing: /media/ros/fedora/home/maylis/Dokumente/simulation_dtour/src/install/my_robot_description/share/my_robot_description//urdf/common_properties.xacro
[0.627s] -- Installing: /media/ros/fedora/home/maylis/Dokumente/simulation_dtour/src/install/my_robot_description/share/my_robot_description//urdf/my_robot.urdf.xacro
[0.627s] -- Installing: /media/ros/fedora/home/maylis/Dokumente/simulation_dtour/src/install/my_robot_description/share/my_robot_description//launch
[0.627s] -- Installing: /media/ros/fedora/home/maylis/Dokumente/simulation_dtour/src/install/my_robot_description/share/my_robot_description//launch/display.launch.xml
[0.627s] -- Installing: /media/ros/fedora/home/maylis/Dokumente/simulation_dtour/src/install/my_robot_description/share/my_robot_description//launch/display.launch.py
[0.627s] -- Installing: /media/ros/fedora/home/maylis/Dokumente/simulation_dtour/src/install/my_robot_description/share/my_robot_description//rviz
[0.628s] -- Installing: /media/ros/fedora/home/maylis/Dokumente/simulation_dtour/src/install/my_robot_description/share/my_robot_description//rviz/urdf_config.rviz
[0.628s] -- Installing: /media/ros/fedora/home/maylis/Dokumente/simulation_dtour/src/install/my_robot_description/share/ament_index/resource_index/package_run_dependencies/my_robot_description
[0.628s] -- Installing: /media/ros/fedora/home/maylis/Dokumente/simulation_dtour/src/install/my_robot_description/share/ament_index/resource_index/parent_prefix_path/my_robot_description
[0.628s] -- Installing: /media/ros/fedora/home/maylis/Dokumente/simulation_dtour/src/install/my_robot_description/share/my_robot_description/environment/ament_prefix_path.sh
[0.628s] -- Installing: /media/ros/fedora/home/maylis/Dokumente/simulation_dtour/src/install/my_robot_description/share/my_robot_description/environment/ament_prefix_path.dsv
[0.628s] -- Installing: /media/ros/fedora/home/maylis/Dokumente/simulation_dtour/src/install/my_robot_description/share/my_robot_description/environment/path.sh
[0.628s] -- Installing: /media/ros/fedora/home/maylis/Dokumente/simulation_dtour/src/install/my_robot_description/share/my_robot_description/environment/path.dsv
[0.628s] -- Installing: /media/ros/fedora/home/maylis/Dokumente/simulation_dtour/src/install/my_robot_description/share/my_robot_description/local_setup.bash
[0.628s] -- Installing: /media/ros/fedora/home/maylis/Dokumente/simulation_dtour/src/install/my_robot_description/share/my_robot_description/local_setup.sh
[0.628s] -- Installing: /media/ros/fedora/home/maylis/Dokumente/simulation_dtour/src/install/my_robot_description/share/my_robot_description/local_setup.zsh
[0.628s] -- Installing: /media/ros/fedora/home/maylis/Dokumente/simulation_dtour/src/install/my_robot_description/share/my_robot_description/local_setup.dsv
[0.628s] -- Installing: /media/ros/fedora/home/maylis/Dokumente/simulation_dtour/src/install/my_robot_description/share/my_robot_description/package.dsv
[0.628s] -- Installing: /media/ros/fedora/home/maylis/Dokumente/simulation_dtour/src/install/my_robot_description/share/ament_index/resource_index/packages/my_robot_description
[0.628s] -- Installing: /media/ros/fedora/home/maylis/Dokumente/simulation_dtour/src/install/my_robot_description/share/my_robot_description/cmake/my_robot_descriptionConfig.cmake
[0.628s] -- Installing: /media/ros/fedora/home/maylis/Dokumente/simulation_dtour/src/install/my_robot_description/share/my_robot_description/cmake/my_robot_descriptionConfig-version.cmake
[0.628s] -- Installing: /media/ros/fedora/home/maylis/Dokumente/simulation_dtour/src/install/my_robot_description/share/my_robot_description/package.xml
[0.629s] Invoked command in '/media/ros/fedora/home/maylis/Dokumente/simulation_dtour/src/build/my_robot_description' returned '0': CMAKE_PREFIX_PATH=${CMAKE_PREFIX_PATH}:/media/ros/fedora/home/maylis/Dokumente/TeleNav/install/turtle_spawner:/media/ros/fedora/home/maylis/Dokumente/TeleNav/install/turtle_controller:/media/ros/fedora/home/maylis/Dokumente/TeleNav/install/my_robot_controller:/opt/ros/humble /usr/bin/cmake --install /media/ros/fedora/home/maylis/Dokumente/simulation_dtour/src/build/my_robot_description
