[0.012s] Invoking command in '/media/ros/fedora/home/maylis/Dokumente/TeleNav/ros2_udemy_ws/build/my_robot_bringup': AMENT_PREFIX_PATH=/media/ros/fedora/home/maylis/Dokumente/TeleNav/ros2_udemy_ws/install/my_robot_controller:${AMENT_PREFIX_PATH} CMAKE_PREFIX_PATH=/opt/ros/humble PYTHONPATH=/media/ros/fedora/home/maylis/Dokumente/TeleNav/ros2_udemy_ws/install/my_robot_controller/lib/python3.10/site-packages:${PYTHONPATH} /usr/bin/cmake /media/ros/fedora/home/maylis/Dokumente/TeleNav/ros2_udemy_ws/src/my_robot_bringup -DCMAKE_INSTALL_PREFIX=/media/ros/fedora/home/maylis/Dokumente/TeleNav/ros2_udemy_ws/install/my_robot_bringup
[0.092s] -- The C compiler identification is GNU 11.4.0
[0.163s] -- The CXX compiler identification is GNU 11.4.0
[0.179s] -- Detecting C compiler ABI info
[0.269s] -- Detecting C compiler ABI info - done
[0.280s] -- Check for working C compiler: /usr/bin/cc - skipped
[0.281s] -- Detecting C compile features
[0.281s] -- Detecting C compile features - done
[0.288s] -- Detecting CXX compiler ABI info
[0.404s] -- Detecting CXX compiler ABI info - done
[0.416s] -- Check for working CXX compiler: /usr/bin/c++ - skipped
[0.416s] -- Detecting CXX compile features
[0.417s] -- Detecting CXX compile features - done
[0.422s] -- Found ament_cmake: 1.3.12 (/opt/ros/humble/share/ament_cmake/cmake)
[0.907s] -- Found Python3: /usr/bin/python3 (found version "3.10.12") found components: Interpreter 
[1.143s] -- Configuring done
[1.146s] -- Generating done
[1.149s] -- Build files have been written to: /media/ros/fedora/home/maylis/Dokumente/TeleNav/ros2_udemy_ws/build/my_robot_bringup
[1.154s] Invoked command in '/media/ros/fedora/home/maylis/Dokumente/TeleNav/ros2_udemy_ws/build/my_robot_bringup' returned '0': AMENT_PREFIX_PATH=/media/ros/fedora/home/maylis/Dokumente/TeleNav/ros2_udemy_ws/install/my_robot_controller:${AMENT_PREFIX_PATH} CMAKE_PREFIX_PATH=/opt/ros/humble PYTHONPATH=/media/ros/fedora/home/maylis/Dokumente/TeleNav/ros2_udemy_ws/install/my_robot_controller/lib/python3.10/site-packages:${PYTHONPATH} /usr/bin/cmake /media/ros/fedora/home/maylis/Dokumente/TeleNav/ros2_udemy_ws/src/my_robot_bringup -DCMAKE_INSTALL_PREFIX=/media/ros/fedora/home/maylis/Dokumente/TeleNav/ros2_udemy_ws/install/my_robot_bringup
[1.156s] Invoking command in '/media/ros/fedora/home/maylis/Dokumente/TeleNav/ros2_udemy_ws/build/my_robot_bringup': AMENT_PREFIX_PATH=/media/ros/fedora/home/maylis/Dokumente/TeleNav/ros2_udemy_ws/install/my_robot_controller:${AMENT_PREFIX_PATH} CMAKE_PREFIX_PATH=/opt/ros/humble PYTHONPATH=/media/ros/fedora/home/maylis/Dokumente/TeleNav/ros2_udemy_ws/install/my_robot_controller/lib/python3.10/site-packages:${PYTHONPATH} /usr/bin/cmake --build /media/ros/fedora/home/maylis/Dokumente/TeleNav/ros2_udemy_ws/build/my_robot_bringup -- -j6 -l6
[1.206s] Invoked command in '/media/ros/fedora/home/maylis/Dokumente/TeleNav/ros2_udemy_ws/build/my_robot_bringup' returned '0': AMENT_PREFIX_PATH=/media/ros/fedora/home/maylis/Dokumente/TeleNav/ros2_udemy_ws/install/my_robot_controller:${AMENT_PREFIX_PATH} CMAKE_PREFIX_PATH=/opt/ros/humble PYTHONPATH=/media/ros/fedora/home/maylis/Dokumente/TeleNav/ros2_udemy_ws/install/my_robot_controller/lib/python3.10/site-packages:${PYTHONPATH} /usr/bin/cmake --build /media/ros/fedora/home/maylis/Dokumente/TeleNav/ros2_udemy_ws/build/my_robot_bringup -- -j6 -l6
[1.219s] Invoking command in '/media/ros/fedora/home/maylis/Dokumente/TeleNav/ros2_udemy_ws/build/my_robot_bringup': AMENT_PREFIX_PATH=/media/ros/fedora/home/maylis/Dokumente/TeleNav/ros2_udemy_ws/install/my_robot_controller:${AMENT_PREFIX_PATH} CMAKE_PREFIX_PATH=/opt/ros/humble PYTHONPATH=/media/ros/fedora/home/maylis/Dokumente/TeleNav/ros2_udemy_ws/install/my_robot_controller/lib/python3.10/site-packages:${PYTHONPATH} /usr/bin/cmake --install /media/ros/fedora/home/maylis/Dokumente/TeleNav/ros2_udemy_ws/build/my_robot_bringup
[1.229s] -- Install configuration: ""
[1.229s] -- Installing: /media/ros/fedora/home/maylis/Dokumente/TeleNav/ros2_udemy_ws/install/my_robot_bringup/share/my_robot_bringup//launch
[1.231s] -- Installing: /media/ros/fedora/home/maylis/Dokumente/TeleNav/ros2_udemy_ws/install/my_robot_bringup/share/my_robot_bringup//launch/number_app.launch.xml
[1.231s] -- Installing: /media/ros/fedora/home/maylis/Dokumente/TeleNav/ros2_udemy_ws/install/my_robot_bringup/share/my_robot_bringup//launch/number_app.launch.py
[1.231s] -- Installing: /media/ros/fedora/home/maylis/Dokumente/TeleNav/ros2_udemy_ws/install/my_robot_bringup/share/my_robot_bringup//launch/number_app_launch_from_python.lauch.xml
[1.231s] -- Installing: /media/ros/fedora/home/maylis/Dokumente/TeleNav/ros2_udemy_ws/install/my_robot_bringup/share/ament_index/resource_index/package_run_dependencies/my_robot_bringup
[1.231s] -- Installing: /media/ros/fedora/home/maylis/Dokumente/TeleNav/ros2_udemy_ws/install/my_robot_bringup/share/ament_index/resource_index/parent_prefix_path/my_robot_bringup
[1.231s] -- Installing: /media/ros/fedora/home/maylis/Dokumente/TeleNav/ros2_udemy_ws/install/my_robot_bringup/share/my_robot_bringup/environment/ament_prefix_path.sh
[1.231s] -- Installing: /media/ros/fedora/home/maylis/Dokumente/TeleNav/ros2_udemy_ws/install/my_robot_bringup/share/my_robot_bringup/environment/ament_prefix_path.dsv
[1.231s] -- Installing: /media/ros/fedora/home/maylis/Dokumente/TeleNav/ros2_udemy_ws/install/my_robot_bringup/share/my_robot_bringup/environment/path.sh
[1.231s] -- Installing: /media/ros/fedora/home/maylis/Dokumente/TeleNav/ros2_udemy_ws/install/my_robot_bringup/share/my_robot_bringup/environment/path.dsv
[1.233s] -- Installing: /media/ros/fedora/home/maylis/Dokumente/TeleNav/ros2_udemy_ws/install/my_robot_bringup/share/my_robot_bringup/local_setup.bash
[1.233s] -- Installing: /media/ros/fedora/home/maylis/Dokumente/TeleNav/ros2_udemy_ws/install/my_robot_bringup/share/my_robot_bringup/local_setup.sh
[1.233s] -- Installing: /media/ros/fedora/home/maylis/Dokumente/TeleNav/ros2_udemy_ws/install/my_robot_bringup/share/my_robot_bringup/local_setup.zsh
[1.234s] -- Installing: /media/ros/fedora/home/maylis/Dokumente/TeleNav/ros2_udemy_ws/install/my_robot_bringup/share/my_robot_bringup/local_setup.dsv
[1.234s] -- Installing: /media/ros/fedora/home/maylis/Dokumente/TeleNav/ros2_udemy_ws/install/my_robot_bringup/share/my_robot_bringup/package.dsv
[1.234s] -- Installing: /media/ros/fedora/home/maylis/Dokumente/TeleNav/ros2_udemy_ws/install/my_robot_bringup/share/ament_index/resource_index/packages/my_robot_bringup
[1.234s] -- Installing: /media/ros/fedora/home/maylis/Dokumente/TeleNav/ros2_udemy_ws/install/my_robot_bringup/share/my_robot_bringup/cmake/my_robot_bringupConfig.cmake
[1.234s] -- Installing: /media/ros/fedora/home/maylis/Dokumente/TeleNav/ros2_udemy_ws/install/my_robot_bringup/share/my_robot_bringup/cmake/my_robot_bringupConfig-version.cmake
[1.234s] -- Installing: /media/ros/fedora/home/maylis/Dokumente/TeleNav/ros2_udemy_ws/install/my_robot_bringup/share/my_robot_bringup/package.xml
[1.237s] Invoked command in '/media/ros/fedora/home/maylis/Dokumente/TeleNav/ros2_udemy_ws/build/my_robot_bringup' returned '0': AMENT_PREFIX_PATH=/media/ros/fedora/home/maylis/Dokumente/TeleNav/ros2_udemy_ws/install/my_robot_controller:${AMENT_PREFIX_PATH} CMAKE_PREFIX_PATH=/opt/ros/humble PYTHONPATH=/media/ros/fedora/home/maylis/Dokumente/TeleNav/ros2_udemy_ws/install/my_robot_controller/lib/python3.10/site-packages:${PYTHONPATH} /usr/bin/cmake --install /media/ros/fedora/home/maylis/Dokumente/TeleNav/ros2_udemy_ws/build/my_robot_bringup
