[0.014s] Invoking command in '/media/ros/fedora/home/maylis/Dokumente/TeleNav/simulation_ws/src/build/my_robot_description': CMAKE_PREFIX_PATH=/opt/ros/humble /usr/bin/cmake /media/ros/fedora/home/maylis/Dokumente/TeleNav/simulation_ws/src/my_robot_description -DCMAKE_INSTALL_PREFIX=/media/ros/fedora/home/maylis/Dokumente/TeleNav/simulation_ws/src/install/my_robot_description
[0.068s] -- The C compiler identification is GNU 11.4.0
[0.128s] -- The CXX compiler identification is GNU 11.4.0
[0.145s] -- Detecting C compiler ABI info
[0.226s] -- Detecting C compiler ABI info - done
[0.233s] -- Check for working C compiler: /usr/bin/cc - skipped
[0.233s] -- Detecting C compile features
[0.233s] -- Detecting C compile features - done
[0.236s] -- Detecting CXX compiler ABI info
[0.312s] -- Detecting CXX compiler ABI info - done
[0.319s] -- Check for working CXX compiler: /usr/bin/c++ - skipped
[0.319s] -- Detecting CXX compile features
[0.320s] -- Detecting CXX compile features - done
[0.326s] -- Found ament_cmake: 1.3.11 (/opt/ros/humble/share/ament_cmake/cmake)
[0.457s] -- Found Python3: /usr/bin/python3 (found version "3.10.12") found components: Interpreter 
[0.564s] -- Found xacro: 2.0.8 (/opt/ros/humble/share/xacro/cmake)
[0.624s] -- Configuring done
[0.630s] -- Generating done
[0.634s] -- Build files have been written to: /media/ros/fedora/home/maylis/Dokumente/TeleNav/simulation_ws/src/build/my_robot_description
[0.640s] Invoked command in '/media/ros/fedora/home/maylis/Dokumente/TeleNav/simulation_ws/src/build/my_robot_description' returned '0': CMAKE_PREFIX_PATH=/opt/ros/humble /usr/bin/cmake /media/ros/fedora/home/maylis/Dokumente/TeleNav/simulation_ws/src/my_robot_description -DCMAKE_INSTALL_PREFIX=/media/ros/fedora/home/maylis/Dokumente/TeleNav/simulation_ws/src/install/my_robot_description
[0.643s] Invoking command in '/media/ros/fedora/home/maylis/Dokumente/TeleNav/simulation_ws/src/build/my_robot_description': CMAKE_PREFIX_PATH=/opt/ros/humble /usr/bin/cmake --build /media/ros/fedora/home/maylis/Dokumente/TeleNav/simulation_ws/src/build/my_robot_description -- -j6 -l6
[0.687s] [100%] Built target generate_urdf
[0.697s] Invoked command in '/media/ros/fedora/home/maylis/Dokumente/TeleNav/simulation_ws/src/build/my_robot_description' returned '0': CMAKE_PREFIX_PATH=/opt/ros/humble /usr/bin/cmake --build /media/ros/fedora/home/maylis/Dokumente/TeleNav/simulation_ws/src/build/my_robot_description -- -j6 -l6
[0.707s] Invoking command in '/media/ros/fedora/home/maylis/Dokumente/TeleNav/simulation_ws/src/build/my_robot_description': CMAKE_PREFIX_PATH=/opt/ros/humble /usr/bin/cmake --install /media/ros/fedora/home/maylis/Dokumente/TeleNav/simulation_ws/src/build/my_robot_description
[0.715s] -- Install configuration: ""
[0.716s] -- Installing: /media/ros/fedora/home/maylis/Dokumente/TeleNav/simulation_ws/src/install/my_robot_description/share/my_robot_description//urdf
[0.716s] -- Installing: /media/ros/fedora/home/maylis/Dokumente/TeleNav/simulation_ws/src/install/my_robot_description/share/my_robot_description//urdf/robot.urdf.xacro
[0.716s] -- Installing: /media/ros/fedora/home/maylis/Dokumente/TeleNav/simulation_ws/src/install/my_robot_description/share/my_robot_description//urdf/mobile_base.xacro
[0.717s] -- Installing: /media/ros/fedora/home/maylis/Dokumente/TeleNav/simulation_ws/src/install/my_robot_description/share/my_robot_description//urdf/common_properties.xacro
[0.717s] -- Installing: /media/ros/fedora/home/maylis/Dokumente/TeleNav/simulation_ws/src/install/my_robot_description/share/my_robot_description//urdf/mosro.xacro
[0.717s] -- Installing: /media/ros/fedora/home/maylis/Dokumente/TeleNav/simulation_ws/src/install/my_robot_description/share/my_robot_description//urdf/robot.urdf
[0.717s] -- Installing: /media/ros/fedora/home/maylis/Dokumente/TeleNav/simulation_ws/src/install/my_robot_description/share/my_robot_description//urdf_course
[0.717s] -- Installing: /media/ros/fedora/home/maylis/Dokumente/TeleNav/simulation_ws/src/install/my_robot_description/share/my_robot_description//urdf_course/common_properties.xacro
[0.717s] -- Installing: /media/ros/fedora/home/maylis/Dokumente/TeleNav/simulation_ws/src/install/my_robot_description/share/my_robot_description//urdf_course/mobile_base.xacro
[0.717s] -- Installing: /media/ros/fedora/home/maylis/Dokumente/TeleNav/simulation_ws/src/install/my_robot_description/share/my_robot_description//urdf_course/my_robot.urdf.xacro
[0.717s] -- Installing: /media/ros/fedora/home/maylis/Dokumente/TeleNav/simulation_ws/src/install/my_robot_description/share/my_robot_description//urdf_course/robot.urdf
[0.717s] -- Installing: /media/ros/fedora/home/maylis/Dokumente/TeleNav/simulation_ws/src/install/my_robot_description/share/my_robot_description//launch
[0.718s] -- Installing: /media/ros/fedora/home/maylis/Dokumente/TeleNav/simulation_ws/src/install/my_robot_description/share/my_robot_description//launch/display.launch.xml
[0.718s] -- Installing: /media/ros/fedora/home/maylis/Dokumente/TeleNav/simulation_ws/src/install/my_robot_description/share/my_robot_description//launch/mosro.launch copy.xml
[0.718s] -- Installing: /media/ros/fedora/home/maylis/Dokumente/TeleNav/simulation_ws/src/install/my_robot_description/share/my_robot_description//launch/course.launch.xml
[0.718s] -- Installing: /media/ros/fedora/home/maylis/Dokumente/TeleNav/simulation_ws/src/install/my_robot_description/share/my_robot_description//meshes
[0.718s] -- Installing: /media/ros/fedora/home/maylis/Dokumente/TeleNav/simulation_ws/src/install/my_robot_description/share/my_robot_description//meshes/mosro.stl
[0.718s] -- Installing: /media/ros/fedora/home/maylis/Dokumente/TeleNav/simulation_ws/src/install/my_robot_description/share/my_robot_description//rviz
[0.718s] -- Installing: /media/ros/fedora/home/maylis/Dokumente/TeleNav/simulation_ws/src/install/my_robot_description/share/my_robot_description//rviz/robot.rviz
[0.718s] -- Up-to-date: /media/ros/fedora/home/maylis/Dokumente/TeleNav/simulation_ws/src/install/my_robot_description/share/my_robot_description/urdf/robot.urdf
[0.718s] -- Installing: /media/ros/fedora/home/maylis/Dokumente/TeleNav/simulation_ws/src/install/my_robot_description/share/ament_index/resource_index/package_run_dependencies/my_robot_description
[0.718s] -- Installing: /media/ros/fedora/home/maylis/Dokumente/TeleNav/simulation_ws/src/install/my_robot_description/share/ament_index/resource_index/parent_prefix_path/my_robot_description
[0.718s] -- Installing: /media/ros/fedora/home/maylis/Dokumente/TeleNav/simulation_ws/src/install/my_robot_description/share/my_robot_description/environment/ament_prefix_path.sh
[0.718s] -- Installing: /media/ros/fedora/home/maylis/Dokumente/TeleNav/simulation_ws/src/install/my_robot_description/share/my_robot_description/environment/ament_prefix_path.dsv
[0.718s] -- Installing: /media/ros/fedora/home/maylis/Dokumente/TeleNav/simulation_ws/src/install/my_robot_description/share/my_robot_description/environment/path.sh
[0.718s] -- Installing: /media/ros/fedora/home/maylis/Dokumente/TeleNav/simulation_ws/src/install/my_robot_description/share/my_robot_description/environment/path.dsv
[0.718s] -- Installing: /media/ros/fedora/home/maylis/Dokumente/TeleNav/simulation_ws/src/install/my_robot_description/share/my_robot_description/local_setup.bash
[0.718s] -- Installing: /media/ros/fedora/home/maylis/Dokumente/TeleNav/simulation_ws/src/install/my_robot_description/share/my_robot_description/local_setup.sh
[0.718s] -- Installing: /media/ros/fedora/home/maylis/Dokumente/TeleNav/simulation_ws/src/install/my_robot_description/share/my_robot_description/local_setup.zsh
[0.718s] -- Installing: /media/ros/fedora/home/maylis/Dokumente/TeleNav/simulation_ws/src/install/my_robot_description/share/my_robot_description/local_setup.dsv
[0.719s] -- Installing: /media/ros/fedora/home/maylis/Dokumente/TeleNav/simulation_ws/src/install/my_robot_description/share/my_robot_description/package.dsv
[0.719s] -- Installing: /media/ros/fedora/home/maylis/Dokumente/TeleNav/simulation_ws/src/install/my_robot_description/share/ament_index/resource_index/packages/my_robot_description
[0.719s] -- Installing: /media/ros/fedora/home/maylis/Dokumente/TeleNav/simulation_ws/src/install/my_robot_description/share/my_robot_description/cmake/my_robot_descriptionConfig.cmake
[0.719s] -- Installing: /media/ros/fedora/home/maylis/Dokumente/TeleNav/simulation_ws/src/install/my_robot_description/share/my_robot_description/cmake/my_robot_descriptionConfig-version.cmake
[0.719s] -- Installing: /media/ros/fedora/home/maylis/Dokumente/TeleNav/simulation_ws/src/install/my_robot_description/share/my_robot_description/package.xml
[0.720s] Invoked command in '/media/ros/fedora/home/maylis/Dokumente/TeleNav/simulation_ws/src/build/my_robot_description' returned '0': CMAKE_PREFIX_PATH=/opt/ros/humble /usr/bin/cmake --install /media/ros/fedora/home/maylis/Dokumente/TeleNav/simulation_ws/src/build/my_robot_description
