[0.022s] Invoking command in '/media/ros/fedora/home/maylis/Dokumente/TeleNav/project_ws/build/telerobot_interfaces': CMAKE_PREFIX_PATH=${CMAKE_PREFIX_PATH}:/media/ros/fedora/home/maylis/Dokumente/TeleNav/project_ws/install/telerobot_controller:/opt/ros/humble /usr/bin/cmake --build /media/ros/fedora/home/maylis/Dokumente/TeleNav/project_ws/build/telerobot_interfaces -- -j6 -l6
[0.096s] [  6%] Built target telerobot_interfaces__cpp
[0.096s] [ 12%] Built target telerobot_interfaces__rosidl_generator_c
[0.113s] [ 12%] Built target ament_cmake_python_copy_telerobot_interfaces
[0.149s] [ 22%] Built target telerobot_interfaces__rosidl_typesupport_cpp
[0.149s] [ 35%] Built target telerobot_interfaces__rosidl_typesupport_c
[0.149s] [ 41%] Built target telerobot_interfaces__rosidl_typesupport_fastrtps_cpp
[0.154s] [ 58%] Built target telerobot_interfaces__rosidl_typesupport_introspection_c
[0.156s] [ 61%] Built target telerobot_interfaces__rosidl_typesupport_fastrtps_c
[0.157s] [ 70%] Built target telerobot_interfaces__rosidl_typesupport_introspection_cpp
[0.190s] [ 70%] Built target telerobot_interfaces
[0.224s] [ 74%] Built target telerobot_interfaces__py
[0.258s] [ 80%] Built target telerobot_interfaces__rosidl_generator_py
[0.308s] [ 87%] Built target telerobot_interfaces__rosidl_typesupport_fastrtps_c__pyext
[0.309s] [ 93%] Built target telerobot_interfaces__rosidl_typesupport_c__pyext
[0.310s] [100%] Built target telerobot_interfaces__rosidl_typesupport_introspection_c__pyext
[0.571s] running egg_info
[0.574s] writing telerobot_interfaces.egg-info/PKG-INFO
[0.574s] writing dependency_links to telerobot_interfaces.egg-info/dependency_links.txt
[0.574s] writing top-level names to telerobot_interfaces.egg-info/top_level.txt
[0.578s] reading manifest file 'telerobot_interfaces.egg-info/SOURCES.txt'
[0.579s] writing manifest file 'telerobot_interfaces.egg-info/SOURCES.txt'
[0.644s] [100%] Built target ament_cmake_python_build_telerobot_interfaces_egg
[0.661s] Invoked command in '/media/ros/fedora/home/maylis/Dokumente/TeleNav/project_ws/build/telerobot_interfaces' returned '0': CMAKE_PREFIX_PATH=${CMAKE_PREFIX_PATH}:/media/ros/fedora/home/maylis/Dokumente/TeleNav/project_ws/install/telerobot_controller:/opt/ros/humble /usr/bin/cmake --build /media/ros/fedora/home/maylis/Dokumente/TeleNav/project_ws/build/telerobot_interfaces -- -j6 -l6
[0.664s] Invoking command in '/media/ros/fedora/home/maylis/Dokumente/TeleNav/project_ws/build/telerobot_interfaces': CMAKE_PREFIX_PATH=${CMAKE_PREFIX_PATH}:/media/ros/fedora/home/maylis/Dokumente/TeleNav/project_ws/install/telerobot_controller:/opt/ros/humble /usr/bin/cmake --install /media/ros/fedora/home/maylis/Dokumente/TeleNav/project_ws/build/telerobot_interfaces
[0.676s] -- Install configuration: ""
[0.676s] -- Up-to-date: /media/ros/fedora/home/maylis/Dokumente/TeleNav/project_ws/install/telerobot_interfaces/share/ament_index/resource_index/rosidl_interfaces/telerobot_interfaces
[0.676s] -- Up-to-date: /media/ros/fedora/home/maylis/Dokumente/TeleNav/project_ws/install/telerobot_interfaces/include/telerobot_interfaces/telerobot_interfaces
[0.676s] -- Up-to-date: /media/ros/fedora/home/maylis/Dokumente/TeleNav/project_ws/install/telerobot_interfaces/include/telerobot_interfaces/telerobot_interfaces/msg
[0.676s] -- Up-to-date: /media/ros/fedora/home/maylis/Dokumente/TeleNav/project_ws/install/telerobot_interfaces/include/telerobot_interfaces/telerobot_interfaces/msg/rosidl_generator_c__visibility_control.h
[0.677s] -- Up-to-date: /media/ros/fedora/home/maylis/Dokumente/TeleNav/project_ws/install/telerobot_interfaces/include/telerobot_interfaces/telerobot_interfaces/msg/move_cmd.h
[0.677s] -- Up-to-date: /media/ros/fedora/home/maylis/Dokumente/TeleNav/project_ws/install/telerobot_interfaces/include/telerobot_interfaces/telerobot_interfaces/msg/detail
[0.677s] -- Up-to-date: /media/ros/fedora/home/maylis/Dokumente/TeleNav/project_ws/install/telerobot_interfaces/include/telerobot_interfaces/telerobot_interfaces/msg/detail/move_cmd__functions.c
[0.677s] -- Up-to-date: /media/ros/fedora/home/maylis/Dokumente/TeleNav/project_ws/install/telerobot_interfaces/include/telerobot_interfaces/telerobot_interfaces/msg/detail/move_cmd__functions.h
[0.677s] -- Up-to-date: /media/ros/fedora/home/maylis/Dokumente/TeleNav/project_ws/install/telerobot_interfaces/include/telerobot_interfaces/telerobot_interfaces/msg/detail/move_cmd__struct.h
[0.677s] -- Up-to-date: /media/ros/fedora/home/maylis/Dokumente/TeleNav/project_ws/install/telerobot_interfaces/include/telerobot_interfaces/telerobot_interfaces/msg/detail/move_cmd__type_support.h
[0.677s] -- Up-to-date: /media/ros/fedora/home/maylis/Dokumente/TeleNav/project_ws/install/telerobot_interfaces/share/telerobot_interfaces/environment/library_path.sh
[0.677s] -- Up-to-date: /media/ros/fedora/home/maylis/Dokumente/TeleNav/project_ws/install/telerobot_interfaces/share/telerobot_interfaces/environment/library_path.dsv
[0.678s] -- Up-to-date: /media/ros/fedora/home/maylis/Dokumente/TeleNav/project_ws/install/telerobot_interfaces/lib/libtelerobot_interfaces__rosidl_generator_c.so
[0.678s] -- Up-to-date: /media/ros/fedora/home/maylis/Dokumente/TeleNav/project_ws/install/telerobot_interfaces/include/telerobot_interfaces/telerobot_interfaces
[0.678s] -- Up-to-date: /media/ros/fedora/home/maylis/Dokumente/TeleNav/project_ws/install/telerobot_interfaces/include/telerobot_interfaces/telerobot_interfaces/msg
[0.678s] -- Up-to-date: /media/ros/fedora/home/maylis/Dokumente/TeleNav/project_ws/install/telerobot_interfaces/include/telerobot_interfaces/telerobot_interfaces/msg/rosidl_typesupport_fastrtps_c__visibility_control.h
[0.678s] -- Up-to-date: /media/ros/fedora/home/maylis/Dokumente/TeleNav/project_ws/install/telerobot_interfaces/include/telerobot_interfaces/telerobot_interfaces/msg/detail
[0.678s] -- Up-to-date: /media/ros/fedora/home/maylis/Dokumente/TeleNav/project_ws/install/telerobot_interfaces/include/telerobot_interfaces/telerobot_interfaces/msg/detail/move_cmd__rosidl_typesupport_fastrtps_c.h
[0.678s] -- Up-to-date: /media/ros/fedora/home/maylis/Dokumente/TeleNav/project_ws/install/telerobot_interfaces/lib/libtelerobot_interfaces__rosidl_typesupport_fastrtps_c.so
[0.678s] -- Up-to-date: /media/ros/fedora/home/maylis/Dokumente/TeleNav/project_ws/install/telerobot_interfaces/include/telerobot_interfaces/telerobot_interfaces
[0.678s] -- Up-to-date: /media/ros/fedora/home/maylis/Dokumente/TeleNav/project_ws/install/telerobot_interfaces/include/telerobot_interfaces/telerobot_interfaces/msg
[0.679s] -- Up-to-date: /media/ros/fedora/home/maylis/Dokumente/TeleNav/project_ws/install/telerobot_interfaces/include/telerobot_interfaces/telerobot_interfaces/msg/rosidl_typesupport_introspection_c__visibility_control.h
[0.679s] -- Up-to-date: /media/ros/fedora/home/maylis/Dokumente/TeleNav/project_ws/install/telerobot_interfaces/include/telerobot_interfaces/telerobot_interfaces/msg/detail
[0.679s] -- Up-to-date: /media/ros/fedora/home/maylis/Dokumente/TeleNav/project_ws/install/telerobot_interfaces/include/telerobot_interfaces/telerobot_interfaces/msg/detail/move_cmd__rosidl_typesupport_introspection_c.h
[0.679s] -- Up-to-date: /media/ros/fedora/home/maylis/Dokumente/TeleNav/project_ws/install/telerobot_interfaces/include/telerobot_interfaces/telerobot_interfaces/msg/detail/move_cmd__type_support.c
[0.679s] -- Up-to-date: /media/ros/fedora/home/maylis/Dokumente/TeleNav/project_ws/install/telerobot_interfaces/lib/libtelerobot_interfaces__rosidl_typesupport_introspection_c.so
[0.679s] -- Up-to-date: /media/ros/fedora/home/maylis/Dokumente/TeleNav/project_ws/install/telerobot_interfaces/lib/libtelerobot_interfaces__rosidl_typesupport_c.so
[0.679s] -- Up-to-date: /media/ros/fedora/home/maylis/Dokumente/TeleNav/project_ws/install/telerobot_interfaces/include/telerobot_interfaces/telerobot_interfaces
[0.679s] -- Up-to-date: /media/ros/fedora/home/maylis/Dokumente/TeleNav/project_ws/install/telerobot_interfaces/include/telerobot_interfaces/telerobot_interfaces/msg
[0.680s] -- Up-to-date: /media/ros/fedora/home/maylis/Dokumente/TeleNav/project_ws/install/telerobot_interfaces/include/telerobot_interfaces/telerobot_interfaces/msg/rosidl_generator_cpp__visibility_control.hpp
[0.680s] -- Up-to-date: /media/ros/fedora/home/maylis/Dokumente/TeleNav/project_ws/install/telerobot_interfaces/include/telerobot_interfaces/telerobot_interfaces/msg/move_cmd.hpp
[0.680s] -- Up-to-date: /media/ros/fedora/home/maylis/Dokumente/TeleNav/project_ws/install/telerobot_interfaces/include/telerobot_interfaces/telerobot_interfaces/msg/detail
[0.680s] -- Up-to-date: /media/ros/fedora/home/maylis/Dokumente/TeleNav/project_ws/install/telerobot_interfaces/include/telerobot_interfaces/telerobot_interfaces/msg/detail/move_cmd__builder.hpp
[0.680s] -- Up-to-date: /media/ros/fedora/home/maylis/Dokumente/TeleNav/project_ws/install/telerobot_interfaces/include/telerobot_interfaces/telerobot_interfaces/msg/detail/move_cmd__struct.hpp
[0.680s] -- Up-to-date: /media/ros/fedora/home/maylis/Dokumente/TeleNav/project_ws/install/telerobot_interfaces/include/telerobot_interfaces/telerobot_interfaces/msg/detail/move_cmd__traits.hpp
[0.680s] -- Up-to-date: /media/ros/fedora/home/maylis/Dokumente/TeleNav/project_ws/install/telerobot_interfaces/include/telerobot_interfaces/telerobot_interfaces/msg/detail/move_cmd__type_support.hpp
[0.680s] -- Up-to-date: /media/ros/fedora/home/maylis/Dokumente/TeleNav/project_ws/install/telerobot_interfaces/include/telerobot_interfaces/telerobot_interfaces
[0.680s] -- Up-to-date: /media/ros/fedora/home/maylis/Dokumente/TeleNav/project_ws/install/telerobot_interfaces/include/telerobot_interfaces/telerobot_interfaces/msg
[0.681s] -- Up-to-date: /media/ros/fedora/home/maylis/Dokumente/TeleNav/project_ws/install/telerobot_interfaces/include/telerobot_interfaces/telerobot_interfaces/msg/rosidl_typesupport_fastrtps_cpp__visibility_control.h
[0.681s] -- Up-to-date: /media/ros/fedora/home/maylis/Dokumente/TeleNav/project_ws/install/telerobot_interfaces/include/telerobot_interfaces/telerobot_interfaces/msg/detail
[0.681s] -- Up-to-date: /media/ros/fedora/home/maylis/Dokumente/TeleNav/project_ws/install/telerobot_interfaces/include/telerobot_interfaces/telerobot_interfaces/msg/detail/move_cmd__rosidl_typesupport_fastrtps_cpp.hpp
[0.681s] -- Up-to-date: /media/ros/fedora/home/maylis/Dokumente/TeleNav/project_ws/install/telerobot_interfaces/include/telerobot_interfaces/telerobot_interfaces/msg/detail/dds_fastrtps
[0.681s] -- Up-to-date: /media/ros/fedora/home/maylis/Dokumente/TeleNav/project_ws/install/telerobot_interfaces/lib/libtelerobot_interfaces__rosidl_typesupport_fastrtps_cpp.so
[0.681s] -- Up-to-date: /media/ros/fedora/home/maylis/Dokumente/TeleNav/project_ws/install/telerobot_interfaces/include/telerobot_interfaces/telerobot_interfaces
[0.681s] -- Up-to-date: /media/ros/fedora/home/maylis/Dokumente/TeleNav/project_ws/install/telerobot_interfaces/include/telerobot_interfaces/telerobot_interfaces/msg
[0.681s] -- Up-to-date: /media/ros/fedora/home/maylis/Dokumente/TeleNav/project_ws/install/telerobot_interfaces/include/telerobot_interfaces/telerobot_interfaces/msg/detail
[0.682s] -- Up-to-date: /media/ros/fedora/home/maylis/Dokumente/TeleNav/project_ws/install/telerobot_interfaces/include/telerobot_interfaces/telerobot_interfaces/msg/detail/move_cmd__rosidl_typesupport_introspection_cpp.hpp
[0.682s] -- Up-to-date: /media/ros/fedora/home/maylis/Dokumente/TeleNav/project_ws/install/telerobot_interfaces/include/telerobot_interfaces/telerobot_interfaces/msg/detail/move_cmd__type_support.cpp
[0.682s] -- Up-to-date: /media/ros/fedora/home/maylis/Dokumente/TeleNav/project_ws/install/telerobot_interfaces/lib/libtelerobot_interfaces__rosidl_typesupport_introspection_cpp.so
[0.682s] -- Up-to-date: /media/ros/fedora/home/maylis/Dokumente/TeleNav/project_ws/install/telerobot_interfaces/lib/libtelerobot_interfaces__rosidl_typesupport_cpp.so
[0.682s] -- Up-to-date: /media/ros/fedora/home/maylis/Dokumente/TeleNav/project_ws/install/telerobot_interfaces/share/telerobot_interfaces/environment/pythonpath.sh
[0.682s] -- Up-to-date: /media/ros/fedora/home/maylis/Dokumente/TeleNav/project_ws/install/telerobot_interfaces/share/telerobot_interfaces/environment/pythonpath.dsv
[0.682s] -- Up-to-date: /media/ros/fedora/home/maylis/Dokumente/TeleNav/project_ws/install/telerobot_interfaces/local/lib/python3.10/dist-packages/telerobot_interfaces-0.0.0-py3.10.egg-info
[0.682s] -- Installing: /media/ros/fedora/home/maylis/Dokumente/TeleNav/project_ws/install/telerobot_interfaces/local/lib/python3.10/dist-packages/telerobot_interfaces-0.0.0-py3.10.egg-info/PKG-INFO
[0.682s] -- Installing: /media/ros/fedora/home/maylis/Dokumente/TeleNav/project_ws/install/telerobot_interfaces/local/lib/python3.10/dist-packages/telerobot_interfaces-0.0.0-py3.10.egg-info/dependency_links.txt
[0.683s] -- Installing: /media/ros/fedora/home/maylis/Dokumente/TeleNav/project_ws/install/telerobot_interfaces/local/lib/python3.10/dist-packages/telerobot_interfaces-0.0.0-py3.10.egg-info/top_level.txt
[0.683s] -- Installing: /media/ros/fedora/home/maylis/Dokumente/TeleNav/project_ws/install/telerobot_interfaces/local/lib/python3.10/dist-packages/telerobot_interfaces-0.0.0-py3.10.egg-info/SOURCES.txt
[0.683s] -- Up-to-date: /media/ros/fedora/home/maylis/Dokumente/TeleNav/project_ws/install/telerobot_interfaces/local/lib/python3.10/dist-packages/telerobot_interfaces
[0.683s] -- Up-to-date: /media/ros/fedora/home/maylis/Dokumente/TeleNav/project_ws/install/telerobot_interfaces/local/lib/python3.10/dist-packages/telerobot_interfaces/__init__.py
[0.683s] -- Up-to-date: /media/ros/fedora/home/maylis/Dokumente/TeleNav/project_ws/install/telerobot_interfaces/local/lib/python3.10/dist-packages/telerobot_interfaces/msg
[0.683s] -- Up-to-date: /media/ros/fedora/home/maylis/Dokumente/TeleNav/project_ws/install/telerobot_interfaces/local/lib/python3.10/dist-packages/telerobot_interfaces/msg/_move_cmd.py
[0.683s] -- Up-to-date: /media/ros/fedora/home/maylis/Dokumente/TeleNav/project_ws/install/telerobot_interfaces/local/lib/python3.10/dist-packages/telerobot_interfaces/msg/_move_cmd_s.c
[0.683s] -- Up-to-date: /media/ros/fedora/home/maylis/Dokumente/TeleNav/project_ws/install/telerobot_interfaces/local/lib/python3.10/dist-packages/telerobot_interfaces/msg/__init__.py
[0.683s] -- Up-to-date: /media/ros/fedora/home/maylis/Dokumente/TeleNav/project_ws/install/telerobot_interfaces/local/lib/python3.10/dist-packages/telerobot_interfaces/_telerobot_interfaces_s.ep.rosidl_typesupport_fastrtps_c.c
[0.683s] -- Up-to-date: /media/ros/fedora/home/maylis/Dokumente/TeleNav/project_ws/install/telerobot_interfaces/local/lib/python3.10/dist-packages/telerobot_interfaces/_telerobot_interfaces_s.ep.rosidl_typesupport_introspection_c.c
[0.683s] -- Up-to-date: /media/ros/fedora/home/maylis/Dokumente/TeleNav/project_ws/install/telerobot_interfaces/local/lib/python3.10/dist-packages/telerobot_interfaces/_telerobot_interfaces_s.ep.rosidl_typesupport_c.c
[0.683s] -- Up-to-date: /media/ros/fedora/home/maylis/Dokumente/TeleNav/project_ws/install/telerobot_interfaces/local/lib/python3.10/dist-packages/telerobot_interfaces/libtelerobot_interfaces__rosidl_generator_py.so
[0.684s] -- Up-to-date: /media/ros/fedora/home/maylis/Dokumente/TeleNav/project_ws/install/telerobot_interfaces/local/lib/python3.10/dist-packages/telerobot_interfaces/telerobot_interfaces_s__rosidl_typesupport_c.cpython-310-x86_64-linux-gnu.so
[0.684s] -- Up-to-date: /media/ros/fedora/home/maylis/Dokumente/TeleNav/project_ws/install/telerobot_interfaces/local/lib/python3.10/dist-packages/telerobot_interfaces/telerobot_interfaces_s__rosidl_typesupport_introspection_c.cpython-310-x86_64-linux-gnu.so
[0.684s] -- Up-to-date: /media/ros/fedora/home/maylis/Dokumente/TeleNav/project_ws/install/telerobot_interfaces/local/lib/python3.10/dist-packages/telerobot_interfaces/telerobot_interfaces_s__rosidl_typesupport_fastrtps_c.cpython-310-x86_64-linux-gnu.so
[0.720s] Listing '/media/ros/fedora/home/maylis/Dokumente/TeleNav/project_ws/install/telerobot_interfaces/local/lib/python3.10/dist-packages/telerobot_interfaces'...
[0.720s] Listing '/media/ros/fedora/home/maylis/Dokumente/TeleNav/project_ws/install/telerobot_interfaces/local/lib/python3.10/dist-packages/telerobot_interfaces/msg'...
[0.727s] -- Up-to-date: /media/ros/fedora/home/maylis/Dokumente/TeleNav/project_ws/install/telerobot_interfaces/local/lib/python3.10/dist-packages/telerobot_interfaces/telerobot_interfaces_s__rosidl_typesupport_fastrtps_c.cpython-310-x86_64-linux-gnu.so
[0.728s] -- Up-to-date: /media/ros/fedora/home/maylis/Dokumente/TeleNav/project_ws/install/telerobot_interfaces/local/lib/python3.10/dist-packages/telerobot_interfaces/telerobot_interfaces_s__rosidl_typesupport_introspection_c.cpython-310-x86_64-linux-gnu.so
[0.728s] -- Up-to-date: /media/ros/fedora/home/maylis/Dokumente/TeleNav/project_ws/install/telerobot_interfaces/local/lib/python3.10/dist-packages/telerobot_interfaces/telerobot_interfaces_s__rosidl_typesupport_c.cpython-310-x86_64-linux-gnu.so
[0.728s] -- Up-to-date: /media/ros/fedora/home/maylis/Dokumente/TeleNav/project_ws/install/telerobot_interfaces/lib/libtelerobot_interfaces__rosidl_generator_py.so
[0.728s] -- Up-to-date: /media/ros/fedora/home/maylis/Dokumente/TeleNav/project_ws/install/telerobot_interfaces/share/telerobot_interfaces/msg/MoveCmd.idl
[0.728s] -- Up-to-date: /media/ros/fedora/home/maylis/Dokumente/TeleNav/project_ws/install/telerobot_interfaces/share/telerobot_interfaces/msg/MoveCmd.msg
[0.728s] -- Up-to-date: /media/ros/fedora/home/maylis/Dokumente/TeleNav/project_ws/install/telerobot_interfaces/share/ament_index/resource_index/package_run_dependencies/telerobot_interfaces
[0.728s] -- Up-to-date: /media/ros/fedora/home/maylis/Dokumente/TeleNav/project_ws/install/telerobot_interfaces/share/ament_index/resource_index/parent_prefix_path/telerobot_interfaces
[0.729s] -- Up-to-date: /media/ros/fedora/home/maylis/Dokumente/TeleNav/project_ws/install/telerobot_interfaces/share/telerobot_interfaces/environment/ament_prefix_path.sh
[0.729s] -- Up-to-date: /media/ros/fedora/home/maylis/Dokumente/TeleNav/project_ws/install/telerobot_interfaces/share/telerobot_interfaces/environment/ament_prefix_path.dsv
[0.729s] -- Up-to-date: /media/ros/fedora/home/maylis/Dokumente/TeleNav/project_ws/install/telerobot_interfaces/share/telerobot_interfaces/environment/path.sh
[0.729s] -- Up-to-date: /media/ros/fedora/home/maylis/Dokumente/TeleNav/project_ws/install/telerobot_interfaces/share/telerobot_interfaces/environment/path.dsv
[0.729s] -- Up-to-date: /media/ros/fedora/home/maylis/Dokumente/TeleNav/project_ws/install/telerobot_interfaces/share/telerobot_interfaces/local_setup.bash
[0.729s] -- Up-to-date: /media/ros/fedora/home/maylis/Dokumente/TeleNav/project_ws/install/telerobot_interfaces/share/telerobot_interfaces/local_setup.sh
[0.729s] -- Up-to-date: /media/ros/fedora/home/maylis/Dokumente/TeleNav/project_ws/install/telerobot_interfaces/share/telerobot_interfaces/local_setup.zsh
[0.729s] -- Up-to-date: /media/ros/fedora/home/maylis/Dokumente/TeleNav/project_ws/install/telerobot_interfaces/share/telerobot_interfaces/local_setup.dsv
[0.729s] -- Installing: /media/ros/fedora/home/maylis/Dokumente/TeleNav/project_ws/install/telerobot_interfaces/share/telerobot_interfaces/package.dsv
[0.729s] -- Up-to-date: /media/ros/fedora/home/maylis/Dokumente/TeleNav/project_ws/install/telerobot_interfaces/share/ament_index/resource_index/packages/telerobot_interfaces
[0.729s] -- Up-to-date: /media/ros/fedora/home/maylis/Dokumente/TeleNav/project_ws/install/telerobot_interfaces/share/telerobot_interfaces/cmake/export_telerobot_interfaces__rosidl_generator_cExport.cmake
[0.729s] -- Up-to-date: /media/ros/fedora/home/maylis/Dokumente/TeleNav/project_ws/install/telerobot_interfaces/share/telerobot_interfaces/cmake/export_telerobot_interfaces__rosidl_generator_cExport-noconfig.cmake
[0.730s] -- Up-to-date: /media/ros/fedora/home/maylis/Dokumente/TeleNav/project_ws/install/telerobot_interfaces/share/telerobot_interfaces/cmake/export_telerobot_interfaces__rosidl_typesupport_fastrtps_cExport.cmake
[0.730s] -- Up-to-date: /media/ros/fedora/home/maylis/Dokumente/TeleNav/project_ws/install/telerobot_interfaces/share/telerobot_interfaces/cmake/export_telerobot_interfaces__rosidl_typesupport_fastrtps_cExport-noconfig.cmake
[0.730s] -- Up-to-date: /media/ros/fedora/home/maylis/Dokumente/TeleNav/project_ws/install/telerobot_interfaces/share/telerobot_interfaces/cmake/telerobot_interfaces__rosidl_typesupport_introspection_cExport.cmake
[0.730s] -- Up-to-date: /media/ros/fedora/home/maylis/Dokumente/TeleNav/project_ws/install/telerobot_interfaces/share/telerobot_interfaces/cmake/telerobot_interfaces__rosidl_typesupport_introspection_cExport-noconfig.cmake
[0.730s] -- Up-to-date: /media/ros/fedora/home/maylis/Dokumente/TeleNav/project_ws/install/telerobot_interfaces/share/telerobot_interfaces/cmake/telerobot_interfaces__rosidl_typesupport_cExport.cmake
[0.730s] -- Up-to-date: /media/ros/fedora/home/maylis/Dokumente/TeleNav/project_ws/install/telerobot_interfaces/share/telerobot_interfaces/cmake/telerobot_interfaces__rosidl_typesupport_cExport-noconfig.cmake
[0.730s] -- Up-to-date: /media/ros/fedora/home/maylis/Dokumente/TeleNav/project_ws/install/telerobot_interfaces/share/telerobot_interfaces/cmake/export_telerobot_interfaces__rosidl_generator_cppExport.cmake
[0.730s] -- Up-to-date: /media/ros/fedora/home/maylis/Dokumente/TeleNav/project_ws/install/telerobot_interfaces/share/telerobot_interfaces/cmake/export_telerobot_interfaces__rosidl_typesupport_fastrtps_cppExport.cmake
[0.731s] -- Up-to-date: /media/ros/fedora/home/maylis/Dokumente/TeleNav/project_ws/install/telerobot_interfaces/share/telerobot_interfaces/cmake/export_telerobot_interfaces__rosidl_typesupport_fastrtps_cppExport-noconfig.cmake
[0.731s] -- Up-to-date: /media/ros/fedora/home/maylis/Dokumente/TeleNav/project_ws/install/telerobot_interfaces/share/telerobot_interfaces/cmake/telerobot_interfaces__rosidl_typesupport_introspection_cppExport.cmake
[0.731s] -- Up-to-date: /media/ros/fedora/home/maylis/Dokumente/TeleNav/project_ws/install/telerobot_interfaces/share/telerobot_interfaces/cmake/telerobot_interfaces__rosidl_typesupport_introspection_cppExport-noconfig.cmake
[0.731s] -- Up-to-date: /media/ros/fedora/home/maylis/Dokumente/TeleNav/project_ws/install/telerobot_interfaces/share/telerobot_interfaces/cmake/telerobot_interfaces__rosidl_typesupport_cppExport.cmake
[0.731s] -- Up-to-date: /media/ros/fedora/home/maylis/Dokumente/TeleNav/project_ws/install/telerobot_interfaces/share/telerobot_interfaces/cmake/telerobot_interfaces__rosidl_typesupport_cppExport-noconfig.cmake
[0.731s] -- Up-to-date: /media/ros/fedora/home/maylis/Dokumente/TeleNav/project_ws/install/telerobot_interfaces/share/telerobot_interfaces/cmake/export_telerobot_interfaces__rosidl_generator_pyExport.cmake
[0.731s] -- Up-to-date: /media/ros/fedora/home/maylis/Dokumente/TeleNav/project_ws/install/telerobot_interfaces/share/telerobot_interfaces/cmake/export_telerobot_interfaces__rosidl_generator_pyExport-noconfig.cmake
[0.731s] -- Up-to-date: /media/ros/fedora/home/maylis/Dokumente/TeleNav/project_ws/install/telerobot_interfaces/share/telerobot_interfaces/cmake/rosidl_cmake-extras.cmake
[0.731s] -- Up-to-date: /media/ros/fedora/home/maylis/Dokumente/TeleNav/project_ws/install/telerobot_interfaces/share/telerobot_interfaces/cmake/ament_cmake_export_include_directories-extras.cmake
[0.731s] -- Up-to-date: /media/ros/fedora/home/maylis/Dokumente/TeleNav/project_ws/install/telerobot_interfaces/share/telerobot_interfaces/cmake/ament_cmake_export_libraries-extras.cmake
[0.731s] -- Up-to-date: /media/ros/fedora/home/maylis/Dokumente/TeleNav/project_ws/install/telerobot_interfaces/share/telerobot_interfaces/cmake/ament_cmake_export_targets-extras.cmake
[0.731s] -- Up-to-date: /media/ros/fedora/home/maylis/Dokumente/TeleNav/project_ws/install/telerobot_interfaces/share/telerobot_interfaces/cmake/rosidl_cmake_export_typesupport_targets-extras.cmake
[0.731s] -- Up-to-date: /media/ros/fedora/home/maylis/Dokumente/TeleNav/project_ws/install/telerobot_interfaces/share/telerobot_interfaces/cmake/ament_cmake_export_dependencies-extras.cmake
[0.732s] -- Up-to-date: /media/ros/fedora/home/maylis/Dokumente/TeleNav/project_ws/install/telerobot_interfaces/share/telerobot_interfaces/cmake/rosidl_cmake_export_typesupport_libraries-extras.cmake
[0.732s] -- Up-to-date: /media/ros/fedora/home/maylis/Dokumente/TeleNav/project_ws/install/telerobot_interfaces/share/telerobot_interfaces/cmake/telerobot_interfacesConfig.cmake
[0.732s] -- Up-to-date: /media/ros/fedora/home/maylis/Dokumente/TeleNav/project_ws/install/telerobot_interfaces/share/telerobot_interfaces/cmake/telerobot_interfacesConfig-version.cmake
[0.732s] -- Up-to-date: /media/ros/fedora/home/maylis/Dokumente/TeleNav/project_ws/install/telerobot_interfaces/share/telerobot_interfaces/package.xml
[0.736s] Invoked command in '/media/ros/fedora/home/maylis/Dokumente/TeleNav/project_ws/build/telerobot_interfaces' returned '0': CMAKE_PREFIX_PATH=${CMAKE_PREFIX_PATH}:/media/ros/fedora/home/maylis/Dokumente/TeleNav/project_ws/install/telerobot_controller:/opt/ros/humble /usr/bin/cmake --install /media/ros/fedora/home/maylis/Dokumente/TeleNav/project_ws/build/telerobot_interfaces
