[0.476s] Invoking command in '/media/ros/fedora/home/maylis/Dokumente/TeleNav/build/cpp_package': CMAKE_PREFIX_PATH=${CMAKE_PREFIX_PATH}:/media/ros/fedora/home/maylis/Dokumente/TeleNav/install/turtle_spawner:/media/ros/fedora/home/maylis/Dokumente/TeleNav/install/turtle_controller:/media/ros/fedora/home/maylis/Dokumente/TeleNav/install/my_robot_controller:/opt/ros/humble /usr/bin/cmake --build /media/ros/fedora/home/maylis/Dokumente/TeleNav/build/cpp_package -- -j6 -l6
[0.572s] [100%] Built target my_first_cpp_node
[1.017s] Invoked command in '/media/ros/fedora/home/maylis/Dokumente/TeleNav/build/cpp_package' returned '0': CMAKE_PREFIX_PATH=${CMAKE_PREFIX_PATH}:/media/ros/fedora/home/maylis/Dokumente/TeleNav/install/turtle_spawner:/media/ros/fedora/home/maylis/Dokumente/TeleNav/install/turtle_controller:/media/ros/fedora/home/maylis/Dokumente/TeleNav/install/my_robot_controller:/opt/ros/humble /usr/bin/cmake --build /media/ros/fedora/home/maylis/Dokumente/TeleNav/build/cpp_package -- -j6 -l6
[1.028s] Invoking command in '/media/ros/fedora/home/maylis/Dokumente/TeleNav/build/cpp_package': CMAKE_PREFIX_PATH=${CMAKE_PREFIX_PATH}:/media/ros/fedora/home/maylis/Dokumente/TeleNav/install/turtle_spawner:/media/ros/fedora/home/maylis/Dokumente/TeleNav/install/turtle_controller:/media/ros/fedora/home/maylis/Dokumente/TeleNav/install/my_robot_controller:/opt/ros/humble /usr/bin/cmake --install /media/ros/fedora/home/maylis/Dokumente/TeleNav/build/cpp_package
[1.056s] -- Install configuration: ""
[1.056s] -- Up-to-date: /media/ros/fedora/home/maylis/Dokumente/TeleNav/install/cpp_package/lib/cpp_package/my_first_cpp_node
[1.056s] -- Up-to-date: /media/ros/fedora/home/maylis/Dokumente/TeleNav/install/cpp_package/share/ament_index/resource_index/package_run_dependencies/cpp_package
[1.056s] -- Up-to-date: /media/ros/fedora/home/maylis/Dokumente/TeleNav/install/cpp_package/share/ament_index/resource_index/parent_prefix_path/cpp_package
[1.056s] -- Up-to-date: /media/ros/fedora/home/maylis/Dokumente/TeleNav/install/cpp_package/share/cpp_package/environment/ament_prefix_path.sh
[1.056s] -- Up-to-date: /media/ros/fedora/home/maylis/Dokumente/TeleNav/install/cpp_package/share/cpp_package/environment/ament_prefix_path.dsv
[1.056s] -- Up-to-date: /media/ros/fedora/home/maylis/Dokumente/TeleNav/install/cpp_package/share/cpp_package/environment/path.sh
[1.056s] -- Up-to-date: /media/ros/fedora/home/maylis/Dokumente/TeleNav/install/cpp_package/share/cpp_package/environment/path.dsv
[1.056s] -- Up-to-date: /media/ros/fedora/home/maylis/Dokumente/TeleNav/install/cpp_package/share/cpp_package/local_setup.bash
[1.057s] -- Up-to-date: /media/ros/fedora/home/maylis/Dokumente/TeleNav/install/cpp_package/share/cpp_package/local_setup.sh
[1.057s] -- Up-to-date: /media/ros/fedora/home/maylis/Dokumente/TeleNav/install/cpp_package/share/cpp_package/local_setup.zsh
[1.057s] -- Up-to-date: /media/ros/fedora/home/maylis/Dokumente/TeleNav/install/cpp_package/share/cpp_package/local_setup.dsv
[1.057s] -- Installing: /media/ros/fedora/home/maylis/Dokumente/TeleNav/install/cpp_package/share/cpp_package/package.dsv
[1.057s] -- Up-to-date: /media/ros/fedora/home/maylis/Dokumente/TeleNav/install/cpp_package/share/ament_index/resource_index/packages/cpp_package
[1.057s] -- Up-to-date: /media/ros/fedora/home/maylis/Dokumente/TeleNav/install/cpp_package/share/cpp_package/cmake/cpp_packageConfig.cmake
[1.057s] -- Up-to-date: /media/ros/fedora/home/maylis/Dokumente/TeleNav/install/cpp_package/share/cpp_package/cmake/cpp_packageConfig-version.cmake
[1.057s] -- Up-to-date: /media/ros/fedora/home/maylis/Dokumente/TeleNav/install/cpp_package/share/cpp_package/package.xml
[1.064s] Invoked command in '/media/ros/fedora/home/maylis/Dokumente/TeleNav/build/cpp_package' returned '0': CMAKE_PREFIX_PATH=${CMAKE_PREFIX_PATH}:/media/ros/fedora/home/maylis/Dokumente/TeleNav/install/turtle_spawner:/media/ros/fedora/home/maylis/Dokumente/TeleNav/install/turtle_controller:/media/ros/fedora/home/maylis/Dokumente/TeleNav/install/my_robot_controller:/opt/ros/humble /usr/bin/cmake --install /media/ros/fedora/home/maylis/Dokumente/TeleNav/build/cpp_package
