[0.550s] Invoking command in '/media/ros/fedora/home/maylis/Dokumente/TeleNav/ros2_udemy_ws/src/my_robot_controller': PYTHONPATH=/media/ros/fedora/home/maylis/Dokumente/TeleNav/build/my_robot_controller/prefix_override:/usr/lib/python3/dist-packages/colcon_core/task/python/colcon_distutils_commands:/media/ros/fedora/home/maylis/Dokumente/TeleNav/install/my_robot_controller/lib/python3.10/site-packages:${PYTHONPATH} /usr/bin/python3 -W ignore:setup.py install is deprecated -W ignore:easy_install command is deprecated setup.py egg_info --egg-base ../../../build/my_robot_controller build --build-base /media/ros/fedora/home/maylis/Dokumente/TeleNav/build/my_robot_controller/build install --record /media/ros/fedora/home/maylis/Dokumente/TeleNav/build/my_robot_controller/install.log --single-version-externally-managed install_data
[0.741s] running egg_info
[0.742s] writing ../../../build/my_robot_controller/my_robot_controller.egg-info/PKG-INFO
[0.742s] writing dependency_links to ../../../build/my_robot_controller/my_robot_controller.egg-info/dependency_links.txt
[0.743s] writing entry points to ../../../build/my_robot_controller/my_robot_controller.egg-info/entry_points.txt
[0.743s] writing requirements to ../../../build/my_robot_controller/my_robot_controller.egg-info/requires.txt
[0.743s] writing top-level names to ../../../build/my_robot_controller/my_robot_controller.egg-info/top_level.txt
[0.744s] reading manifest file '../../../build/my_robot_controller/my_robot_controller.egg-info/SOURCES.txt'
[0.745s] writing manifest file '../../../build/my_robot_controller/my_robot_controller.egg-info/SOURCES.txt'
[0.745s] running build
[0.745s] running build_py
[0.745s] copying my_robot_controller/number_counter.py -> /media/ros/fedora/home/maylis/Dokumente/TeleNav/build/my_robot_controller/build/lib/my_robot_controller
[0.745s] running install
[0.745s] running install_lib
[0.746s] copying /media/ros/fedora/home/maylis/Dokumente/TeleNav/build/my_robot_controller/build/lib/my_robot_controller/number_counter.py -> /media/ros/fedora/home/maylis/Dokumente/TeleNav/install/my_robot_controller/lib/python3.10/site-packages/my_robot_controller
[0.747s] byte-compiling /media/ros/fedora/home/maylis/Dokumente/TeleNav/install/my_robot_controller/lib/python3.10/site-packages/my_robot_controller/number_counter.py to number_counter.cpython-310.pyc
[0.747s] running install_data
[0.747s] running install_egg_info
[0.749s] removing '/media/ros/fedora/home/maylis/Dokumente/TeleNav/install/my_robot_controller/lib/python3.10/site-packages/my_robot_controller-0.0.0-py3.10.egg-info' (and everything under it)
[0.749s] Copying ../../../build/my_robot_controller/my_robot_controller.egg-info to /media/ros/fedora/home/maylis/Dokumente/TeleNav/install/my_robot_controller/lib/python3.10/site-packages/my_robot_controller-0.0.0-py3.10.egg-info
[0.750s] running install_scripts
[0.767s] Installing add_two_number_client script to /media/ros/fedora/home/maylis/Dokumente/TeleNav/install/my_robot_controller/lib/my_robot_controller
[0.767s] Installing add_two_numbers script to /media/ros/fedora/home/maylis/Dokumente/TeleNav/install/my_robot_controller/lib/my_robot_controller
[0.767s] Installing number_counter script to /media/ros/fedora/home/maylis/Dokumente/TeleNav/install/my_robot_controller/lib/my_robot_controller
[0.768s] Installing py_node script to /media/ros/fedora/home/maylis/Dokumente/TeleNav/install/my_robot_controller/lib/my_robot_controller
[0.768s] writing list of installed files to '/media/ros/fedora/home/maylis/Dokumente/TeleNav/build/my_robot_controller/install.log'
[0.795s] Invoked command in '/media/ros/fedora/home/maylis/Dokumente/TeleNav/ros2_udemy_ws/src/my_robot_controller' returned '0': PYTHONPATH=/media/ros/fedora/home/maylis/Dokumente/TeleNav/build/my_robot_controller/prefix_override:/usr/lib/python3/dist-packages/colcon_core/task/python/colcon_distutils_commands:/media/ros/fedora/home/maylis/Dokumente/TeleNav/install/my_robot_controller/lib/python3.10/site-packages:${PYTHONPATH} /usr/bin/python3 -W ignore:setup.py install is deprecated -W ignore:easy_install command is deprecated setup.py egg_info --egg-base ../../../build/my_robot_controller build --build-base /media/ros/fedora/home/maylis/Dokumente/TeleNav/build/my_robot_controller/build install --record /media/ros/fedora/home/maylis/Dokumente/TeleNav/build/my_robot_controller/install.log --single-version-externally-managed install_data
