[0.014s] Invoking command in '/media/ros/fedora/home/maylis/Dokumente/TeleNav/simulation_dtour_ws/build/turtlebot_description': CMAKE_PREFIX_PATH=${CMAKE_PREFIX_PATH}:/opt/ros/humble /usr/bin/cmake --build /media/ros/fedora/home/maylis/Dokumente/TeleNav/simulation_dtour_ws/build/turtlebot_description -- -j6 -l6
[0.050s] Invoked command in '/media/ros/fedora/home/maylis/Dokumente/TeleNav/simulation_dtour_ws/build/turtlebot_description' returned '0': CMAKE_PREFIX_PATH=${CMAKE_PREFIX_PATH}:/opt/ros/humble /usr/bin/cmake --build /media/ros/fedora/home/maylis/Dokumente/TeleNav/simulation_dtour_ws/build/turtlebot_description -- -j6 -l6
[0.060s] Invoking command in '/media/ros/fedora/home/maylis/Dokumente/TeleNav/simulation_dtour_ws/build/turtlebot_description': CMAKE_PREFIX_PATH=${CMAKE_PREFIX_PATH}:/opt/ros/humble /usr/bin/cmake --install /media/ros/fedora/home/maylis/Dokumente/TeleNav/simulation_dtour_ws/build/turtlebot_description
[0.067s] -- Install configuration: ""
[0.067s] -- Up-to-date: /media/ros/fedora/home/maylis/Dokumente/TeleNav/simulation_dtour_ws/install/turtlebot_description/share/turtlebot_description//urdf
[0.067s] -- Up-to-date: /media/ros/fedora/home/maylis/Dokumente/TeleNav/simulation_dtour_ws/install/turtlebot_description/share/turtlebot_description//urdf/common_properties.xacro
[0.067s] -- Up-to-date: /media/ros/fedora/home/maylis/Dokumente/TeleNav/simulation_dtour_ws/install/turtlebot_description/share/turtlebot_description//urdf/mobile_base.xacro
[0.067s] -- Up-to-date: /media/ros/fedora/home/maylis/Dokumente/TeleNav/simulation_dtour_ws/install/turtlebot_description/share/turtlebot_description//urdf/mobile_base_gazebo.xacro
[0.068s] -- Up-to-date: /media/ros/fedora/home/maylis/Dokumente/TeleNav/simulation_dtour_ws/install/turtlebot_description/share/turtlebot_description//urdf/my_robot.urdf.xacro
[0.068s] -- Installing: /media/ros/fedora/home/maylis/Dokumente/TeleNav/simulation_dtour_ws/install/turtlebot_description/share/turtlebot_description//urdf/camera.xacro
[0.068s] -- Up-to-date: /media/ros/fedora/home/maylis/Dokumente/TeleNav/simulation_dtour_ws/install/turtlebot_description/share/turtlebot_description//launch
[0.068s] -- Up-to-date: /media/ros/fedora/home/maylis/Dokumente/TeleNav/simulation_dtour_ws/install/turtlebot_description/share/turtlebot_description//launch/display.launch.py
[0.068s] -- Up-to-date: /media/ros/fedora/home/maylis/Dokumente/TeleNav/simulation_dtour_ws/install/turtlebot_description/share/turtlebot_description//launch/display.launch.xml
[0.068s] -- Up-to-date: /media/ros/fedora/home/maylis/Dokumente/TeleNav/simulation_dtour_ws/install/turtlebot_description/share/turtlebot_description//rviz
[0.068s] -- Up-to-date: /media/ros/fedora/home/maylis/Dokumente/TeleNav/simulation_dtour_ws/install/turtlebot_description/share/turtlebot_description//rviz/urdf_config.rviz
[0.068s] -- Up-to-date: /media/ros/fedora/home/maylis/Dokumente/TeleNav/simulation_dtour_ws/install/turtlebot_description/share/ament_index/resource_index/package_run_dependencies/turtlebot_description
[0.068s] -- Up-to-date: /media/ros/fedora/home/maylis/Dokumente/TeleNav/simulation_dtour_ws/install/turtlebot_description/share/ament_index/resource_index/parent_prefix_path/turtlebot_description
[0.068s] -- Up-to-date: /media/ros/fedora/home/maylis/Dokumente/TeleNav/simulation_dtour_ws/install/turtlebot_description/share/turtlebot_description/environment/ament_prefix_path.sh
[0.068s] -- Up-to-date: /media/ros/fedora/home/maylis/Dokumente/TeleNav/simulation_dtour_ws/install/turtlebot_description/share/turtlebot_description/environment/ament_prefix_path.dsv
[0.068s] -- Up-to-date: /media/ros/fedora/home/maylis/Dokumente/TeleNav/simulation_dtour_ws/install/turtlebot_description/share/turtlebot_description/environment/path.sh
[0.068s] -- Up-to-date: /media/ros/fedora/home/maylis/Dokumente/TeleNav/simulation_dtour_ws/install/turtlebot_description/share/turtlebot_description/environment/path.dsv
[0.069s] -- Up-to-date: /media/ros/fedora/home/maylis/Dokumente/TeleNav/simulation_dtour_ws/install/turtlebot_description/share/turtlebot_description/local_setup.bash
[0.069s] -- Up-to-date: /media/ros/fedora/home/maylis/Dokumente/TeleNav/simulation_dtour_ws/install/turtlebot_description/share/turtlebot_description/local_setup.sh
[0.069s] -- Up-to-date: /media/ros/fedora/home/maylis/Dokumente/TeleNav/simulation_dtour_ws/install/turtlebot_description/share/turtlebot_description/local_setup.zsh
[0.069s] -- Up-to-date: /media/ros/fedora/home/maylis/Dokumente/TeleNav/simulation_dtour_ws/install/turtlebot_description/share/turtlebot_description/local_setup.dsv
[0.069s] -- Installing: /media/ros/fedora/home/maylis/Dokumente/TeleNav/simulation_dtour_ws/install/turtlebot_description/share/turtlebot_description/package.dsv
[0.069s] -- Up-to-date: /media/ros/fedora/home/maylis/Dokumente/TeleNav/simulation_dtour_ws/install/turtlebot_description/share/ament_index/resource_index/packages/turtlebot_description
[0.069s] -- Up-to-date: /media/ros/fedora/home/maylis/Dokumente/TeleNav/simulation_dtour_ws/install/turtlebot_description/share/turtlebot_description/cmake/turtlebot_descriptionConfig.cmake
[0.069s] -- Up-to-date: /media/ros/fedora/home/maylis/Dokumente/TeleNav/simulation_dtour_ws/install/turtlebot_description/share/turtlebot_description/cmake/turtlebot_descriptionConfig-version.cmake
[0.069s] -- Up-to-date: /media/ros/fedora/home/maylis/Dokumente/TeleNav/simulation_dtour_ws/install/turtlebot_description/share/turtlebot_description/package.xml
[0.070s] Invoked command in '/media/ros/fedora/home/maylis/Dokumente/TeleNav/simulation_dtour_ws/build/turtlebot_description' returned '0': CMAKE_PREFIX_PATH=${CMAKE_PREFIX_PATH}:/opt/ros/humble /usr/bin/cmake --install /media/ros/fedora/home/maylis/Dokumente/TeleNav/simulation_dtour_ws/build/turtlebot_description
