[0.260s] Invoking command in '/media/ros/fedora/home/maylis/Dokumente/TeleNav/build/my_robot_description': CMAKE_PREFIX_PATH=${CMAKE_PREFIX_PATH}:/media/ros/fedora/home/maylis/Dokumente/TeleNav/install/turtle_spawner:/media/ros/fedora/home/maylis/Dokumente/TeleNav/install/turtle_controller:/media/ros/fedora/home/maylis/Dokumente/TeleNav/install/my_robot_controller:/opt/ros/humble /usr/bin/cmake --build /media/ros/fedora/home/maylis/Dokumente/TeleNav/build/my_robot_description -- -j6 -l6
[0.287s] -- Found ament_cmake: 1.3.11 (/opt/ros/humble/share/ament_cmake/cmake)
[0.524s] -- Configuring done
[0.529s] -- Generating done
[0.531s] -- Build files have been written to: /media/ros/fedora/home/maylis/Dokumente/TeleNav/build/my_robot_description
[0.566s] Invoked command in '/media/ros/fedora/home/maylis/Dokumente/TeleNav/build/my_robot_description' returned '0': CMAKE_PREFIX_PATH=${CMAKE_PREFIX_PATH}:/media/ros/fedora/home/maylis/Dokumente/TeleNav/install/turtle_spawner:/media/ros/fedora/home/maylis/Dokumente/TeleNav/install/turtle_controller:/media/ros/fedora/home/maylis/Dokumente/TeleNav/install/my_robot_controller:/opt/ros/humble /usr/bin/cmake --build /media/ros/fedora/home/maylis/Dokumente/TeleNav/build/my_robot_description -- -j6 -l6
[0.568s] Invoking command in '/media/ros/fedora/home/maylis/Dokumente/TeleNav/build/my_robot_description': CMAKE_PREFIX_PATH=${CMAKE_PREFIX_PATH}:/media/ros/fedora/home/maylis/Dokumente/TeleNav/install/turtle_spawner:/media/ros/fedora/home/maylis/Dokumente/TeleNav/install/turtle_controller:/media/ros/fedora/home/maylis/Dokumente/TeleNav/install/my_robot_controller:/opt/ros/humble /usr/bin/cmake --install /media/ros/fedora/home/maylis/Dokumente/TeleNav/build/my_robot_description
[0.582s] -- Install configuration: ""
[0.582s] -- Up-to-date: /media/ros/fedora/home/maylis/Dokumente/TeleNav/install/my_robot_description/share/my_robot_description//urdf
[0.582s] -- Installing: /media/ros/fedora/home/maylis/Dokumente/TeleNav/install/my_robot_description/share/my_robot_description//urdf/robot.urdf.xacro
[0.582s] -- Installing: /media/ros/fedora/home/maylis/Dokumente/TeleNav/install/my_robot_description/share/my_robot_description//urdf/mobile_base.xacro
[0.582s] -- Installing: /media/ros/fedora/home/maylis/Dokumente/TeleNav/install/my_robot_description/share/my_robot_description//urdf/common_properties.xacro
[0.582s] -- Up-to-date: /media/ros/fedora/home/maylis/Dokumente/TeleNav/install/my_robot_description/share/my_robot_description//urdf/mosro.xacro
[0.582s] -- Up-to-date: /media/ros/fedora/home/maylis/Dokumente/TeleNav/install/my_robot_description/share/my_robot_description//launch
[0.584s] -- Installing: /media/ros/fedora/home/maylis/Dokumente/TeleNav/install/my_robot_description/share/my_robot_description//launch/display.launch.xml
[0.584s] -- Up-to-date: /media/ros/fedora/home/maylis/Dokumente/TeleNav/install/my_robot_description/share/my_robot_description//launch/mosro.launch copy.xml
[0.584s] -- Up-to-date: /media/ros/fedora/home/maylis/Dokumente/TeleNav/install/my_robot_description/share/my_robot_description//meshes
[0.584s] -- Up-to-date: /media/ros/fedora/home/maylis/Dokumente/TeleNav/install/my_robot_description/share/my_robot_description//meshes/mosro.stl
[0.584s] -- Installing: /media/ros/fedora/home/maylis/Dokumente/TeleNav/install/my_robot_description/share/my_robot_description//rviz
[0.584s] -- Installing: /media/ros/fedora/home/maylis/Dokumente/TeleNav/install/my_robot_description/share/my_robot_description//rviz/robot.rviz
[0.584s] -- Up-to-date: /media/ros/fedora/home/maylis/Dokumente/TeleNav/install/my_robot_description/share/ament_index/resource_index/package_run_dependencies/my_robot_description
[0.584s] -- Installing: /media/ros/fedora/home/maylis/Dokumente/TeleNav/install/my_robot_description/share/ament_index/resource_index/parent_prefix_path/my_robot_description
[0.585s] -- Up-to-date: /media/ros/fedora/home/maylis/Dokumente/TeleNav/install/my_robot_description/share/my_robot_description/environment/ament_prefix_path.sh
[0.585s] -- Installing: /media/ros/fedora/home/maylis/Dokumente/TeleNav/install/my_robot_description/share/my_robot_description/environment/ament_prefix_path.dsv
[0.585s] -- Up-to-date: /media/ros/fedora/home/maylis/Dokumente/TeleNav/install/my_robot_description/share/my_robot_description/environment/path.sh
[0.585s] -- Installing: /media/ros/fedora/home/maylis/Dokumente/TeleNav/install/my_robot_description/share/my_robot_description/environment/path.dsv
[0.585s] -- Up-to-date: /media/ros/fedora/home/maylis/Dokumente/TeleNav/install/my_robot_description/share/my_robot_description/local_setup.bash
[0.585s] -- Up-to-date: /media/ros/fedora/home/maylis/Dokumente/TeleNav/install/my_robot_description/share/my_robot_description/local_setup.sh
[0.585s] -- Up-to-date: /media/ros/fedora/home/maylis/Dokumente/TeleNav/install/my_robot_description/share/my_robot_description/local_setup.zsh
[0.585s] -- Installing: /media/ros/fedora/home/maylis/Dokumente/TeleNav/install/my_robot_description/share/my_robot_description/local_setup.dsv
[0.585s] -- Installing: /media/ros/fedora/home/maylis/Dokumente/TeleNav/install/my_robot_description/share/my_robot_description/package.dsv
[0.592s] -- Up-to-date: /media/ros/fedora/home/maylis/Dokumente/TeleNav/install/my_robot_description/share/ament_index/resource_index/packages/my_robot_description
[0.592s] -- Up-to-date: /media/ros/fedora/home/maylis/Dokumente/TeleNav/install/my_robot_description/share/my_robot_description/cmake/my_robot_descriptionConfig.cmake
[0.592s] -- Up-to-date: /media/ros/fedora/home/maylis/Dokumente/TeleNav/install/my_robot_description/share/my_robot_description/cmake/my_robot_descriptionConfig-version.cmake
[0.592s] -- Up-to-date: /media/ros/fedora/home/maylis/Dokumente/TeleNav/install/my_robot_description/share/my_robot_description/package.xml
[0.632s] Invoked command in '/media/ros/fedora/home/maylis/Dokumente/TeleNav/build/my_robot_description' returned '0': CMAKE_PREFIX_PATH=${CMAKE_PREFIX_PATH}:/media/ros/fedora/home/maylis/Dokumente/TeleNav/install/turtle_spawner:/media/ros/fedora/home/maylis/Dokumente/TeleNav/install/turtle_controller:/media/ros/fedora/home/maylis/Dokumente/TeleNav/install/my_robot_controller:/opt/ros/humble /usr/bin/cmake --install /media/ros/fedora/home/maylis/Dokumente/TeleNav/build/my_robot_description
