[0.014s] Invoking command in '/media/ros/fedora/home/maylis/Dokumente/TeleNav/build/my_robot_interfaces': CMAKE_PREFIX_PATH=${CMAKE_PREFIX_PATH}:/media/ros/fedora/home/maylis/Dokumente/TeleNav/install/my_robot_controller:/opt/ros/humble /usr/bin/cmake --build /media/ros/fedora/home/maylis/Dokumente/TeleNav/build/my_robot_interfaces -- -j6 -l6
[0.050s] -- Found ament_cmake: 1.3.11 (/opt/ros/humble/share/ament_cmake/cmake)
[0.225s] -- Found rosidl_default_generators: 1.2.0 (/opt/ros/humble/share/rosidl_default_generators/cmake)
[0.228s] -- Using all available rosidl_typesupport_c: rosidl_typesupport_fastrtps_c;rosidl_typesupport_introspection_c
[0.235s] -- Found rosidl_adapter: 3.1.6 (/opt/ros/humble/share/rosidl_adapter/cmake)
[0.282s] -- Using all available rosidl_typesupport_cpp: rosidl_typesupport_fastrtps_cpp;rosidl_typesupport_introspection_cpp
[0.701s] -- Found ament_cmake_ros: 0.10.0 (/opt/ros/humble/share/ament_cmake_ros/cmake)
[0.961s] -- Using all available rosidl_typesupport_c: rosidl_typesupport_fastrtps_c;rosidl_typesupport_introspection_c
[1.286s] -- Using all available rosidl_typesupport_cpp: rosidl_typesupport_fastrtps_cpp;rosidl_typesupport_introspection_cpp
[1.318s] -- Found python_cmake_module: 0.10.0 (/opt/ros/humble/share/python_cmake_module/cmake)
[1.353s] -- Using PYTHON_EXECUTABLE: /usr/bin/python3
[1.353s] -- Using PYTHON_INCLUDE_DIRS: /usr/include/python3.10
[1.353s] -- Using PYTHON_LIBRARIES: /usr/lib/x86_64-linux-gnu/libpython3.10.so
[1.382s] -- Configuring done
[1.431s] -- Generating done
[1.448s] -- Build files have been written to: /media/ros/fedora/home/maylis/Dokumente/TeleNav/build/my_robot_interfaces
[1.476s] [  1%] [34m[1mGenerating C code for ROS interfaces[0m
[1.488s] [  3%] [34m[1mGenerating C++ code for ROS interfaces[0m
[1.497s] [  3%] Built target ament_cmake_python_copy_my_robot_interfaces
[1.810s] running egg_info
[1.811s] writing my_robot_interfaces.egg-info/PKG-INFO
[1.811s] writing dependency_links to my_robot_interfaces.egg-info/dependency_links.txt
[1.811s] writing top-level names to my_robot_interfaces.egg-info/top_level.txt
[1.814s] reading manifest file 'my_robot_interfaces.egg-info/SOURCES.txt'
[1.815s] writing manifest file 'my_robot_interfaces.egg-info/SOURCES.txt'
[1.873s] [  3%] Built target ament_cmake_python_build_my_robot_interfaces_egg
[2.230s] [35m[1mConsolidate compiler generated dependencies of target my_robot_interfaces__rosidl_generator_c[0m
[2.241s] [  3%] Built target my_robot_interfaces__cpp
[2.259s] [  5%] [32mBuilding C object CMakeFiles/my_robot_interfaces__rosidl_generator_c.dir/rosidl_generator_c/my_robot_interfaces/msg/detail/hardware_status__functions.c.o[0m
[2.260s] [  7%] [32mBuilding C object CMakeFiles/my_robot_interfaces__rosidl_generator_c.dir/rosidl_generator_c/my_robot_interfaces/msg/detail/led_state__functions.c.o[0m
[2.260s] [  9%] [32mBuilding C object CMakeFiles/my_robot_interfaces__rosidl_generator_c.dir/rosidl_generator_c/my_robot_interfaces/srv/detail/compute_rectangle_area__functions.c.o[0m
[2.265s] [ 12%] [32mBuilding C object CMakeFiles/my_robot_interfaces__rosidl_generator_c.dir/rosidl_generator_c/my_robot_interfaces/srv/detail/set_led__functions.c.o[0m
[2.267s] [ 14%] [34m[1mGenerating C++ type support for eProsima Fast-RTPS[0m
[2.267s] [ 14%] [34m[1mGenerating C++ type support dispatch for ROS interfaces[0m
[2.379s] [ 16%] [34m[1mGenerating C++ introspection for ROS interfaces[0m
[2.395s] [ 18%] [32m[1mLinking C shared library libmy_robot_interfaces__rosidl_generator_c.so[0m
[2.454s] [ 18%] Built target my_robot_interfaces__rosidl_generator_c
[2.479s] [ 20%] [34m[1mGenerating C type support dispatch for ROS interfaces[0m
[2.480s] [ 21%] [34m[1mGenerating C type support for eProsima Fast-RTPS[0m
[2.480s] [ 23%] [34m[1mGenerating C introspection for ROS interfaces[0m
[3.047s] [35m[1mConsolidate compiler generated dependencies of target my_robot_interfaces__rosidl_typesupport_cpp[0m
[3.085s] [ 25%] [32mBuilding CXX object CMakeFiles/my_robot_interfaces__rosidl_typesupport_cpp.dir/rosidl_typesupport_cpp/my_robot_interfaces/msg/hardware_status__type_support.cpp.o[0m
[3.118s] [35m[1mConsolidate compiler generated dependencies of target my_robot_interfaces__rosidl_typesupport_c[0m
[3.140s] [35m[1mConsolidate compiler generated dependencies of target my_robot_interfaces__rosidl_typesupport_fastrtps_cpp[0m
[3.150s] [ 27%] [32mBuilding CXX object CMakeFiles/my_robot_interfaces__rosidl_typesupport_c.dir/rosidl_typesupport_c/my_robot_interfaces/msg/hardware_status__type_support.cpp.o[0m
[3.169s] [ 29%] [32mBuilding CXX object CMakeFiles/my_robot_interfaces__rosidl_typesupport_fastrtps_cpp.dir/rosidl_typesupport_fastrtps_cpp/my_robot_interfaces/msg/detail/dds_fastrtps/hardware_status__type_support.cpp.o[0m
[3.225s] [ 30%] [32mBuilding CXX object CMakeFiles/my_robot_interfaces__rosidl_typesupport_c.dir/rosidl_typesupport_c/my_robot_interfaces/srv/compute_rectangle_area__type_support.cpp.o[0m
[3.243s] [35m[1mConsolidate compiler generated dependencies of target my_robot_interfaces__rosidl_typesupport_introspection_cpp[0m
[3.277s] [ 32%] [32mBuilding CXX object CMakeFiles/my_robot_interfaces__rosidl_typesupport_introspection_cpp.dir/rosidl_typesupport_introspection_cpp/my_robot_interfaces/msg/detail/hardware_status__type_support.cpp.o[0m
[3.316s] [ 34%] [32mBuilding CXX object CMakeFiles/my_robot_interfaces__rosidl_typesupport_c.dir/rosidl_typesupport_c/my_robot_interfaces/msg/led_state__type_support.cpp.o[0m
[3.395s] [ 36%] [32mBuilding CXX object CMakeFiles/my_robot_interfaces__rosidl_typesupport_c.dir/rosidl_typesupport_c/my_robot_interfaces/srv/set_led__type_support.cpp.o[0m
[3.415s] [35m[1mConsolidate compiler generated dependencies of target my_robot_interfaces__rosidl_typesupport_introspection_c[0m
[3.439s] [35m[1mConsolidate compiler generated dependencies of target my_robot_interfaces__rosidl_typesupport_fastrtps_c[0m
[3.439s] [ 38%] [32mBuilding C object CMakeFiles/my_robot_interfaces__rosidl_typesupport_introspection_c.dir/rosidl_typesupport_introspection_c/my_robot_interfaces/msg/detail/hardware_status__type_support.c.o[0m
[3.451s] [ 40%] [32m[1mLinking CXX shared library libmy_robot_interfaces__rosidl_typesupport_c.so[0m
[3.483s] [ 41%] [32mBuilding CXX object CMakeFiles/my_robot_interfaces__rosidl_typesupport_fastrtps_c.dir/rosidl_typesupport_fastrtps_c/my_robot_interfaces/msg/detail/hardware_status__type_support_c.cpp.o[0m
[3.494s] [ 43%] [32mBuilding C object CMakeFiles/my_robot_interfaces__rosidl_typesupport_introspection_c.dir/rosidl_typesupport_introspection_c/my_robot_interfaces/srv/detail/compute_rectangle_area__type_support.c.o[0m
[3.537s] [ 43%] Built target my_robot_interfaces__rosidl_typesupport_c
[3.562s] [ 45%] [32mBuilding CXX object CMakeFiles/my_robot_interfaces__rosidl_typesupport_fastrtps_cpp.dir/rosidl_typesupport_fastrtps_cpp/my_robot_interfaces/srv/detail/dds_fastrtps/compute_rectangle_area__type_support.cpp.o[0m
[3.592s] [ 47%] [32mBuilding C object CMakeFiles/my_robot_interfaces__rosidl_typesupport_introspection_c.dir/rosidl_typesupport_introspection_c/my_robot_interfaces/msg/detail/led_state__type_support.c.o[0m
[3.602s] [ 49%] [32mBuilding CXX object CMakeFiles/my_robot_interfaces__rosidl_typesupport_cpp.dir/rosidl_typesupport_cpp/my_robot_interfaces/srv/compute_rectangle_area__type_support.cpp.o[0m
[3.680s] [ 50%] [32mBuilding C object CMakeFiles/my_robot_interfaces__rosidl_typesupport_introspection_c.dir/rosidl_typesupport_introspection_c/my_robot_interfaces/srv/detail/set_led__type_support.c.o[0m
[3.788s] [ 52%] [32m[1mLinking C shared library libmy_robot_interfaces__rosidl_typesupport_introspection_c.so[0m
[3.896s] [ 52%] Built target my_robot_interfaces__rosidl_typesupport_introspection_c
[3.898s] [ 54%] [32mBuilding CXX object CMakeFiles/my_robot_interfaces__rosidl_typesupport_fastrtps_cpp.dir/rosidl_typesupport_fastrtps_cpp/my_robot_interfaces/msg/detail/dds_fastrtps/led_state__type_support.cpp.o[0m
[3.908s] [ 56%] [32mBuilding CXX object CMakeFiles/my_robot_interfaces__rosidl_typesupport_fastrtps_c.dir/rosidl_typesupport_fastrtps_c/my_robot_interfaces/srv/detail/compute_rectangle_area__type_support_c.cpp.o[0m
[4.035s] [ 58%] [32mBuilding CXX object CMakeFiles/my_robot_interfaces__rosidl_typesupport_cpp.dir/rosidl_typesupport_cpp/my_robot_interfaces/msg/led_state__type_support.cpp.o[0m
[4.065s] [ 60%] [32mBuilding CXX object CMakeFiles/my_robot_interfaces__rosidl_typesupport_introspection_cpp.dir/rosidl_typesupport_introspection_cpp/my_robot_interfaces/srv/detail/compute_rectangle_area__type_support.cpp.o[0m
[4.132s] [ 61%] [32mBuilding CXX object CMakeFiles/my_robot_interfaces__rosidl_typesupport_fastrtps_cpp.dir/rosidl_typesupport_fastrtps_cpp/my_robot_interfaces/srv/detail/dds_fastrtps/set_led__type_support.cpp.o[0m
[4.286s] [ 63%] [32mBuilding CXX object CMakeFiles/my_robot_interfaces__rosidl_typesupport_fastrtps_c.dir/rosidl_typesupport_fastrtps_c/my_robot_interfaces/msg/detail/led_state__type_support_c.cpp.o[0m
[4.597s] [ 65%] [32mBuilding CXX object CMakeFiles/my_robot_interfaces__rosidl_typesupport_cpp.dir/rosidl_typesupport_cpp/my_robot_interfaces/srv/set_led__type_support.cpp.o[0m
[4.614s] [ 67%] [32mBuilding CXX object CMakeFiles/my_robot_interfaces__rosidl_typesupport_fastrtps_c.dir/rosidl_typesupport_fastrtps_c/my_robot_interfaces/srv/detail/set_led__type_support_c.cpp.o[0m
[4.737s] [ 69%] [32mBuilding CXX object CMakeFiles/my_robot_interfaces__rosidl_typesupport_introspection_cpp.dir/rosidl_typesupport_introspection_cpp/my_robot_interfaces/msg/detail/led_state__type_support.cpp.o[0m
[4.939s] [ 70%] [32mBuilding CXX object CMakeFiles/my_robot_interfaces__rosidl_typesupport_introspection_cpp.dir/rosidl_typesupport_introspection_cpp/my_robot_interfaces/srv/detail/set_led__type_support.cpp.o[0m
[5.021s] [ 72%] [32m[1mLinking CXX shared library libmy_robot_interfaces__rosidl_typesupport_fastrtps_cpp.so[0m
[5.137s] [ 74%] [32m[1mLinking CXX shared library libmy_robot_interfaces__rosidl_typesupport_cpp.so[0m
[5.162s] [ 74%] Built target my_robot_interfaces__rosidl_typesupport_fastrtps_cpp
[5.220s] [ 74%] Built target my_robot_interfaces__rosidl_typesupport_cpp
[5.279s] [ 76%] [32m[1mLinking CXX shared library libmy_robot_interfaces__rosidl_typesupport_fastrtps_c.so[0m
[5.421s] [ 76%] Built target my_robot_interfaces__rosidl_typesupport_fastrtps_c
[5.477s] [ 78%] [32m[1mLinking CXX shared library libmy_robot_interfaces__rosidl_typesupport_introspection_cpp.so[0m
[5.575s] [ 78%] Built target my_robot_interfaces__rosidl_typesupport_introspection_cpp
[5.602s] [ 78%] Built target my_robot_interfaces
[5.628s] [ 80%] [34m[1mGenerating Python code for ROS interfaces[0m
[6.653s] [ 80%] Built target my_robot_interfaces__py
[6.666s] [35m[1mConsolidate compiler generated dependencies of target my_robot_interfaces__rosidl_generator_py[0m
[6.690s] [ 81%] [32mBuilding C object CMakeFiles/my_robot_interfaces__rosidl_generator_py.dir/rosidl_generator_py/my_robot_interfaces/msg/_led_state_s.c.o[0m
[6.692s] [ 83%] [32mBuilding C object CMakeFiles/my_robot_interfaces__rosidl_generator_py.dir/rosidl_generator_py/my_robot_interfaces/msg/_hardware_status_s.c.o[0m
[6.693s] [ 85%] [32mBuilding C object CMakeFiles/my_robot_interfaces__rosidl_generator_py.dir/rosidl_generator_py/my_robot_interfaces/srv/_compute_rectangle_area_s.c.o[0m
[6.695s] [ 87%] [32mBuilding C object CMakeFiles/my_robot_interfaces__rosidl_generator_py.dir/rosidl_generator_py/my_robot_interfaces/srv/_set_led_s.c.o[0m
[6.869s] [ 89%] [32m[1mLinking C shared library rosidl_generator_py/my_robot_interfaces/libmy_robot_interfaces__rosidl_generator_py.so[0m
[6.921s] [ 89%] Built target my_robot_interfaces__rosidl_generator_py
[6.936s] [35m[1mConsolidate compiler generated dependencies of target my_robot_interfaces__rosidl_typesupport_fastrtps_c__pyext[0m
[6.936s] [35m[1mConsolidate compiler generated dependencies of target my_robot_interfaces__rosidl_typesupport_c__pyext[0m
[6.937s] [35m[1mConsolidate compiler generated dependencies of target my_robot_interfaces__rosidl_typesupport_introspection_c__pyext[0m
[6.950s] [ 92%] [32mBuilding C object CMakeFiles/my_robot_interfaces__rosidl_typesupport_c__pyext.dir/rosidl_generator_py/my_robot_interfaces/_my_robot_interfaces_s.ep.rosidl_typesupport_c.c.o[0m
[6.952s] [ 92%] [32mBuilding C object CMakeFiles/my_robot_interfaces__rosidl_typesupport_fastrtps_c__pyext.dir/rosidl_generator_py/my_robot_interfaces/_my_robot_interfaces_s.ep.rosidl_typesupport_fastrtps_c.c.o[0m
[6.955s] [ 94%] [32mBuilding C object CMakeFiles/my_robot_interfaces__rosidl_typesupport_introspection_c__pyext.dir/rosidl_generator_py/my_robot_interfaces/_my_robot_interfaces_s.ep.rosidl_typesupport_introspection_c.c.o[0m
[7.097s] [ 96%] [32m[1mLinking C shared library rosidl_generator_py/my_robot_interfaces/my_robot_interfaces_s__rosidl_typesupport_c.cpython-310-x86_64-linux-gnu.so[0m
[7.109s] [ 98%] [32m[1mLinking C shared library rosidl_generator_py/my_robot_interfaces/my_robot_interfaces_s__rosidl_typesupport_introspection_c.cpython-310-x86_64-linux-gnu.so[0m
[7.116s] [100%] [32m[1mLinking C shared library rosidl_generator_py/my_robot_interfaces/my_robot_interfaces_s__rosidl_typesupport_fastrtps_c.cpython-310-x86_64-linux-gnu.so[0m
[7.138s] [100%] Built target my_robot_interfaces__rosidl_typesupport_c__pyext
[7.154s] [100%] Built target my_robot_interfaces__rosidl_typesupport_fastrtps_c__pyext
[7.162s] [100%] Built target my_robot_interfaces__rosidl_typesupport_introspection_c__pyext
[7.187s] Invoked command in '/media/ros/fedora/home/maylis/Dokumente/TeleNav/build/my_robot_interfaces' returned '0': CMAKE_PREFIX_PATH=${CMAKE_PREFIX_PATH}:/media/ros/fedora/home/maylis/Dokumente/TeleNav/install/my_robot_controller:/opt/ros/humble /usr/bin/cmake --build /media/ros/fedora/home/maylis/Dokumente/TeleNav/build/my_robot_interfaces -- -j6 -l6
[7.205s] Invoking command in '/media/ros/fedora/home/maylis/Dokumente/TeleNav/build/my_robot_interfaces': CMAKE_PREFIX_PATH=${CMAKE_PREFIX_PATH}:/media/ros/fedora/home/maylis/Dokumente/TeleNav/install/my_robot_controller:/opt/ros/humble /usr/bin/cmake --install /media/ros/fedora/home/maylis/Dokumente/TeleNav/build/my_robot_interfaces
[7.208s] -- Install configuration: ""
[7.208s] -- Installing: /media/ros/fedora/home/maylis/Dokumente/TeleNav/install/my_robot_interfaces/share/ament_index/resource_index/rosidl_interfaces/my_robot_interfaces
[7.209s] -- Up-to-date: /media/ros/fedora/home/maylis/Dokumente/TeleNav/install/my_robot_interfaces/include/my_robot_interfaces/my_robot_interfaces
[7.210s] -- Up-to-date: /media/ros/fedora/home/maylis/Dokumente/TeleNav/install/my_robot_interfaces/include/my_robot_interfaces/my_robot_interfaces/msg
[7.210s] -- Up-to-date: /media/ros/fedora/home/maylis/Dokumente/TeleNav/install/my_robot_interfaces/include/my_robot_interfaces/my_robot_interfaces/msg/rosidl_generator_c__visibility_control.h
[7.210s] -- Installing: /media/ros/fedora/home/maylis/Dokumente/TeleNav/install/my_robot_interfaces/include/my_robot_interfaces/my_robot_interfaces/msg/hardware_status.h
[7.210s] -- Up-to-date: /media/ros/fedora/home/maylis/Dokumente/TeleNav/install/my_robot_interfaces/include/my_robot_interfaces/my_robot_interfaces/msg/detail
[7.210s] -- Installing: /media/ros/fedora/home/maylis/Dokumente/TeleNav/install/my_robot_interfaces/include/my_robot_interfaces/my_robot_interfaces/msg/detail/hardware_status__functions.c
[7.210s] -- Installing: /media/ros/fedora/home/maylis/Dokumente/TeleNav/install/my_robot_interfaces/include/my_robot_interfaces/my_robot_interfaces/msg/detail/hardware_status__functions.h
[7.210s] -- Installing: /media/ros/fedora/home/maylis/Dokumente/TeleNav/install/my_robot_interfaces/include/my_robot_interfaces/my_robot_interfaces/msg/detail/hardware_status__struct.h
[7.210s] -- Installing: /media/ros/fedora/home/maylis/Dokumente/TeleNav/install/my_robot_interfaces/include/my_robot_interfaces/my_robot_interfaces/msg/detail/hardware_status__type_support.h
[7.210s] -- Installing: /media/ros/fedora/home/maylis/Dokumente/TeleNav/install/my_robot_interfaces/include/my_robot_interfaces/my_robot_interfaces/msg/detail/led_state__functions.c
[7.212s] -- Installing: /media/ros/fedora/home/maylis/Dokumente/TeleNav/install/my_robot_interfaces/include/my_robot_interfaces/my_robot_interfaces/msg/detail/led_state__functions.h
[7.213s] -- Installing: /media/ros/fedora/home/maylis/Dokumente/TeleNav/install/my_robot_interfaces/include/my_robot_interfaces/my_robot_interfaces/msg/detail/led_state__struct.h
[7.213s] -- Installing: /media/ros/fedora/home/maylis/Dokumente/TeleNav/install/my_robot_interfaces/include/my_robot_interfaces/my_robot_interfaces/msg/detail/led_state__type_support.h
[7.213s] -- Installing: /media/ros/fedora/home/maylis/Dokumente/TeleNav/install/my_robot_interfaces/include/my_robot_interfaces/my_robot_interfaces/msg/led_state.h
[7.214s] -- Up-to-date: /media/ros/fedora/home/maylis/Dokumente/TeleNav/install/my_robot_interfaces/include/my_robot_interfaces/my_robot_interfaces/srv
[7.214s] -- Installing: /media/ros/fedora/home/maylis/Dokumente/TeleNav/install/my_robot_interfaces/include/my_robot_interfaces/my_robot_interfaces/srv/compute_rectangle_area.h
[7.214s] -- Up-to-date: /media/ros/fedora/home/maylis/Dokumente/TeleNav/install/my_robot_interfaces/include/my_robot_interfaces/my_robot_interfaces/srv/detail
[7.214s] -- Installing: /media/ros/fedora/home/maylis/Dokumente/TeleNav/install/my_robot_interfaces/include/my_robot_interfaces/my_robot_interfaces/srv/detail/compute_rectangle_area__functions.c
[7.214s] -- Installing: /media/ros/fedora/home/maylis/Dokumente/TeleNav/install/my_robot_interfaces/include/my_robot_interfaces/my_robot_interfaces/srv/detail/compute_rectangle_area__functions.h
[7.215s] -- Installing: /media/ros/fedora/home/maylis/Dokumente/TeleNav/install/my_robot_interfaces/include/my_robot_interfaces/my_robot_interfaces/srv/detail/compute_rectangle_area__struct.h
[7.215s] -- Installing: /media/ros/fedora/home/maylis/Dokumente/TeleNav/install/my_robot_interfaces/include/my_robot_interfaces/my_robot_interfaces/srv/detail/compute_rectangle_area__type_support.h
[7.215s] -- Installing: /media/ros/fedora/home/maylis/Dokumente/TeleNav/install/my_robot_interfaces/include/my_robot_interfaces/my_robot_interfaces/srv/detail/set_led__functions.c
[7.215s] -- Installing: /media/ros/fedora/home/maylis/Dokumente/TeleNav/install/my_robot_interfaces/include/my_robot_interfaces/my_robot_interfaces/srv/detail/set_led__functions.h
[7.215s] -- Installing: /media/ros/fedora/home/maylis/Dokumente/TeleNav/install/my_robot_interfaces/include/my_robot_interfaces/my_robot_interfaces/srv/detail/set_led__struct.h
[7.215s] -- Installing: /media/ros/fedora/home/maylis/Dokumente/TeleNav/install/my_robot_interfaces/include/my_robot_interfaces/my_robot_interfaces/srv/detail/set_led__type_support.h
[7.215s] -- Installing: /media/ros/fedora/home/maylis/Dokumente/TeleNav/install/my_robot_interfaces/include/my_robot_interfaces/my_robot_interfaces/srv/set_led.h
[7.215s] -- Up-to-date: /media/ros/fedora/home/maylis/Dokumente/TeleNav/install/my_robot_interfaces/share/my_robot_interfaces/environment/library_path.sh
[7.215s] -- Installing: /media/ros/fedora/home/maylis/Dokumente/TeleNav/install/my_robot_interfaces/share/my_robot_interfaces/environment/library_path.dsv
[7.215s] -- Installing: /media/ros/fedora/home/maylis/Dokumente/TeleNav/install/my_robot_interfaces/lib/libmy_robot_interfaces__rosidl_generator_c.so
[7.218s] -- Set runtime path of "/media/ros/fedora/home/maylis/Dokumente/TeleNav/install/my_robot_interfaces/lib/libmy_robot_interfaces__rosidl_generator_c.so" to ""
[7.218s] -- Up-to-date: /media/ros/fedora/home/maylis/Dokumente/TeleNav/install/my_robot_interfaces/include/my_robot_interfaces/my_robot_interfaces
[7.218s] -- Up-to-date: /media/ros/fedora/home/maylis/Dokumente/TeleNav/install/my_robot_interfaces/include/my_robot_interfaces/my_robot_interfaces/msg
[7.218s] -- Up-to-date: /media/ros/fedora/home/maylis/Dokumente/TeleNav/install/my_robot_interfaces/include/my_robot_interfaces/my_robot_interfaces/msg/rosidl_typesupport_fastrtps_c__visibility_control.h
[7.219s] -- Up-to-date: /media/ros/fedora/home/maylis/Dokumente/TeleNav/install/my_robot_interfaces/include/my_robot_interfaces/my_robot_interfaces/msg/detail
[7.219s] -- Installing: /media/ros/fedora/home/maylis/Dokumente/TeleNav/install/my_robot_interfaces/include/my_robot_interfaces/my_robot_interfaces/msg/detail/hardware_status__rosidl_typesupport_fastrtps_c.h
[7.219s] -- Installing: /media/ros/fedora/home/maylis/Dokumente/TeleNav/install/my_robot_interfaces/include/my_robot_interfaces/my_robot_interfaces/msg/detail/led_state__rosidl_typesupport_fastrtps_c.h
[7.219s] -- Up-to-date: /media/ros/fedora/home/maylis/Dokumente/TeleNav/install/my_robot_interfaces/include/my_robot_interfaces/my_robot_interfaces/srv
[7.219s] -- Up-to-date: /media/ros/fedora/home/maylis/Dokumente/TeleNav/install/my_robot_interfaces/include/my_robot_interfaces/my_robot_interfaces/srv/detail
[7.219s] -- Installing: /media/ros/fedora/home/maylis/Dokumente/TeleNav/install/my_robot_interfaces/include/my_robot_interfaces/my_robot_interfaces/srv/detail/compute_rectangle_area__rosidl_typesupport_fastrtps_c.h
[7.219s] -- Installing: /media/ros/fedora/home/maylis/Dokumente/TeleNav/install/my_robot_interfaces/include/my_robot_interfaces/my_robot_interfaces/srv/detail/set_led__rosidl_typesupport_fastrtps_c.h
[7.219s] -- Installing: /media/ros/fedora/home/maylis/Dokumente/TeleNav/install/my_robot_interfaces/lib/libmy_robot_interfaces__rosidl_typesupport_fastrtps_c.so
[7.220s] -- Set runtime path of "/media/ros/fedora/home/maylis/Dokumente/TeleNav/install/my_robot_interfaces/lib/libmy_robot_interfaces__rosidl_typesupport_fastrtps_c.so" to ""
[7.220s] -- Up-to-date: /media/ros/fedora/home/maylis/Dokumente/TeleNav/install/my_robot_interfaces/include/my_robot_interfaces/my_robot_interfaces
[7.220s] -- Up-to-date: /media/ros/fedora/home/maylis/Dokumente/TeleNav/install/my_robot_interfaces/include/my_robot_interfaces/my_robot_interfaces/msg
[7.220s] -- Up-to-date: /media/ros/fedora/home/maylis/Dokumente/TeleNav/install/my_robot_interfaces/include/my_robot_interfaces/my_robot_interfaces/msg/rosidl_typesupport_introspection_c__visibility_control.h
[7.220s] -- Up-to-date: /media/ros/fedora/home/maylis/Dokumente/TeleNav/install/my_robot_interfaces/include/my_robot_interfaces/my_robot_interfaces/msg/detail
[7.220s] -- Installing: /media/ros/fedora/home/maylis/Dokumente/TeleNav/install/my_robot_interfaces/include/my_robot_interfaces/my_robot_interfaces/msg/detail/hardware_status__rosidl_typesupport_introspection_c.h
[7.221s] -- Installing: /media/ros/fedora/home/maylis/Dokumente/TeleNav/install/my_robot_interfaces/include/my_robot_interfaces/my_robot_interfaces/msg/detail/hardware_status__type_support.c
[7.221s] -- Installing: /media/ros/fedora/home/maylis/Dokumente/TeleNav/install/my_robot_interfaces/include/my_robot_interfaces/my_robot_interfaces/msg/detail/led_state__rosidl_typesupport_introspection_c.h
[7.221s] -- Installing: /media/ros/fedora/home/maylis/Dokumente/TeleNav/install/my_robot_interfaces/include/my_robot_interfaces/my_robot_interfaces/msg/detail/led_state__type_support.c
[7.223s] -- Up-to-date: /media/ros/fedora/home/maylis/Dokumente/TeleNav/install/my_robot_interfaces/include/my_robot_interfaces/my_robot_interfaces/srv
[7.223s] -- Up-to-date: /media/ros/fedora/home/maylis/Dokumente/TeleNav/install/my_robot_interfaces/include/my_robot_interfaces/my_robot_interfaces/srv/detail
[7.223s] -- Installing: /media/ros/fedora/home/maylis/Dokumente/TeleNav/install/my_robot_interfaces/include/my_robot_interfaces/my_robot_interfaces/srv/detail/compute_rectangle_area__rosidl_typesupport_introspection_c.h
[7.223s] -- Installing: /media/ros/fedora/home/maylis/Dokumente/TeleNav/install/my_robot_interfaces/include/my_robot_interfaces/my_robot_interfaces/srv/detail/compute_rectangle_area__type_support.c
[7.223s] -- Installing: /media/ros/fedora/home/maylis/Dokumente/TeleNav/install/my_robot_interfaces/include/my_robot_interfaces/my_robot_interfaces/srv/detail/set_led__rosidl_typesupport_introspection_c.h
[7.223s] -- Installing: /media/ros/fedora/home/maylis/Dokumente/TeleNav/install/my_robot_interfaces/include/my_robot_interfaces/my_robot_interfaces/srv/detail/set_led__type_support.c
[7.226s] -- Installing: /media/ros/fedora/home/maylis/Dokumente/TeleNav/install/my_robot_interfaces/lib/libmy_robot_interfaces__rosidl_typesupport_introspection_c.so
[7.226s] -- Set runtime path of "/media/ros/fedora/home/maylis/Dokumente/TeleNav/install/my_robot_interfaces/lib/libmy_robot_interfaces__rosidl_typesupport_introspection_c.so" to ""
[7.226s] -- Installing: /media/ros/fedora/home/maylis/Dokumente/TeleNav/install/my_robot_interfaces/lib/libmy_robot_interfaces__rosidl_typesupport_c.so
[7.227s] -- Set runtime path of "/media/ros/fedora/home/maylis/Dokumente/TeleNav/install/my_robot_interfaces/lib/libmy_robot_interfaces__rosidl_typesupport_c.so" to ""
[7.228s] -- Up-to-date: /media/ros/fedora/home/maylis/Dokumente/TeleNav/install/my_robot_interfaces/include/my_robot_interfaces/my_robot_interfaces
[7.228s] -- Up-to-date: /media/ros/fedora/home/maylis/Dokumente/TeleNav/install/my_robot_interfaces/include/my_robot_interfaces/my_robot_interfaces/msg
[7.228s] -- Up-to-date: /media/ros/fedora/home/maylis/Dokumente/TeleNav/install/my_robot_interfaces/include/my_robot_interfaces/my_robot_interfaces/msg/rosidl_generator_cpp__visibility_control.hpp
[7.228s] -- Up-to-date: /media/ros/fedora/home/maylis/Dokumente/TeleNav/install/my_robot_interfaces/include/my_robot_interfaces/my_robot_interfaces/msg/detail
[7.228s] -- Installing: /media/ros/fedora/home/maylis/Dokumente/TeleNav/install/my_robot_interfaces/include/my_robot_interfaces/my_robot_interfaces/msg/detail/hardware_status__builder.hpp
[7.229s] -- Installing: /media/ros/fedora/home/maylis/Dokumente/TeleNav/install/my_robot_interfaces/include/my_robot_interfaces/my_robot_interfaces/msg/detail/hardware_status__struct.hpp
[7.229s] -- Installing: /media/ros/fedora/home/maylis/Dokumente/TeleNav/install/my_robot_interfaces/include/my_robot_interfaces/my_robot_interfaces/msg/detail/hardware_status__traits.hpp
[7.229s] -- Installing: /media/ros/fedora/home/maylis/Dokumente/TeleNav/install/my_robot_interfaces/include/my_robot_interfaces/my_robot_interfaces/msg/detail/hardware_status__type_support.hpp
[7.229s] -- Installing: /media/ros/fedora/home/maylis/Dokumente/TeleNav/install/my_robot_interfaces/include/my_robot_interfaces/my_robot_interfaces/msg/detail/led_state__builder.hpp
[7.229s] -- Installing: /media/ros/fedora/home/maylis/Dokumente/TeleNav/install/my_robot_interfaces/include/my_robot_interfaces/my_robot_interfaces/msg/detail/led_state__struct.hpp
[7.229s] -- Installing: /media/ros/fedora/home/maylis/Dokumente/TeleNav/install/my_robot_interfaces/include/my_robot_interfaces/my_robot_interfaces/msg/detail/led_state__traits.hpp
[7.229s] -- Installing: /media/ros/fedora/home/maylis/Dokumente/TeleNav/install/my_robot_interfaces/include/my_robot_interfaces/my_robot_interfaces/msg/detail/led_state__type_support.hpp
[7.229s] -- Installing: /media/ros/fedora/home/maylis/Dokumente/TeleNav/install/my_robot_interfaces/include/my_robot_interfaces/my_robot_interfaces/msg/hardware_status.hpp
[7.229s] -- Installing: /media/ros/fedora/home/maylis/Dokumente/TeleNav/install/my_robot_interfaces/include/my_robot_interfaces/my_robot_interfaces/msg/led_state.hpp
[7.229s] -- Up-to-date: /media/ros/fedora/home/maylis/Dokumente/TeleNav/install/my_robot_interfaces/include/my_robot_interfaces/my_robot_interfaces/srv
[7.229s] -- Installing: /media/ros/fedora/home/maylis/Dokumente/TeleNav/install/my_robot_interfaces/include/my_robot_interfaces/my_robot_interfaces/srv/compute_rectangle_area.hpp
[7.229s] -- Up-to-date: /media/ros/fedora/home/maylis/Dokumente/TeleNav/install/my_robot_interfaces/include/my_robot_interfaces/my_robot_interfaces/srv/detail
[7.231s] -- Installing: /media/ros/fedora/home/maylis/Dokumente/TeleNav/install/my_robot_interfaces/include/my_robot_interfaces/my_robot_interfaces/srv/detail/compute_rectangle_area__builder.hpp
[7.231s] -- Installing: /media/ros/fedora/home/maylis/Dokumente/TeleNav/install/my_robot_interfaces/include/my_robot_interfaces/my_robot_interfaces/srv/detail/compute_rectangle_area__struct.hpp
[7.231s] -- Installing: /media/ros/fedora/home/maylis/Dokumente/TeleNav/install/my_robot_interfaces/include/my_robot_interfaces/my_robot_interfaces/srv/detail/compute_rectangle_area__traits.hpp
[7.231s] -- Installing: /media/ros/fedora/home/maylis/Dokumente/TeleNav/install/my_robot_interfaces/include/my_robot_interfaces/my_robot_interfaces/srv/detail/compute_rectangle_area__type_support.hpp
[7.231s] -- Installing: /media/ros/fedora/home/maylis/Dokumente/TeleNav/install/my_robot_interfaces/include/my_robot_interfaces/my_robot_interfaces/srv/detail/set_led__builder.hpp
[7.232s] -- Installing: /media/ros/fedora/home/maylis/Dokumente/TeleNav/install/my_robot_interfaces/include/my_robot_interfaces/my_robot_interfaces/srv/detail/set_led__struct.hpp
[7.232s] -- Installing: /media/ros/fedora/home/maylis/Dokumente/TeleNav/install/my_robot_interfaces/include/my_robot_interfaces/my_robot_interfaces/srv/detail/set_led__traits.hpp
[7.232s] -- Installing: /media/ros/fedora/home/maylis/Dokumente/TeleNav/install/my_robot_interfaces/include/my_robot_interfaces/my_robot_interfaces/srv/detail/set_led__type_support.hpp
[7.232s] -- Installing: /media/ros/fedora/home/maylis/Dokumente/TeleNav/install/my_robot_interfaces/include/my_robot_interfaces/my_robot_interfaces/srv/set_led.hpp
[7.233s] -- Up-to-date: /media/ros/fedora/home/maylis/Dokumente/TeleNav/install/my_robot_interfaces/include/my_robot_interfaces/my_robot_interfaces
[7.233s] -- Up-to-date: /media/ros/fedora/home/maylis/Dokumente/TeleNav/install/my_robot_interfaces/include/my_robot_interfaces/my_robot_interfaces/msg
[7.233s] -- Up-to-date: /media/ros/fedora/home/maylis/Dokumente/TeleNav/install/my_robot_interfaces/include/my_robot_interfaces/my_robot_interfaces/msg/rosidl_typesupport_fastrtps_cpp__visibility_control.h
[7.233s] -- Up-to-date: /media/ros/fedora/home/maylis/Dokumente/TeleNav/install/my_robot_interfaces/include/my_robot_interfaces/my_robot_interfaces/msg/detail
[7.233s] -- Installing: /media/ros/fedora/home/maylis/Dokumente/TeleNav/install/my_robot_interfaces/include/my_robot_interfaces/my_robot_interfaces/msg/detail/hardware_status__rosidl_typesupport_fastrtps_cpp.hpp
[7.233s] -- Up-to-date: /media/ros/fedora/home/maylis/Dokumente/TeleNav/install/my_robot_interfaces/include/my_robot_interfaces/my_robot_interfaces/msg/detail/dds_fastrtps
[7.233s] -- Installing: /media/ros/fedora/home/maylis/Dokumente/TeleNav/install/my_robot_interfaces/include/my_robot_interfaces/my_robot_interfaces/msg/detail/led_state__rosidl_typesupport_fastrtps_cpp.hpp
[7.233s] -- Up-to-date: /media/ros/fedora/home/maylis/Dokumente/TeleNav/install/my_robot_interfaces/include/my_robot_interfaces/my_robot_interfaces/srv
[7.233s] -- Up-to-date: /media/ros/fedora/home/maylis/Dokumente/TeleNav/install/my_robot_interfaces/include/my_robot_interfaces/my_robot_interfaces/srv/detail
[7.233s] -- Installing: /media/ros/fedora/home/maylis/Dokumente/TeleNav/install/my_robot_interfaces/include/my_robot_interfaces/my_robot_interfaces/srv/detail/compute_rectangle_area__rosidl_typesupport_fastrtps_cpp.hpp
[7.233s] -- Up-to-date: /media/ros/fedora/home/maylis/Dokumente/TeleNav/install/my_robot_interfaces/include/my_robot_interfaces/my_robot_interfaces/srv/detail/dds_fastrtps
[7.233s] -- Installing: /media/ros/fedora/home/maylis/Dokumente/TeleNav/install/my_robot_interfaces/include/my_robot_interfaces/my_robot_interfaces/srv/detail/set_led__rosidl_typesupport_fastrtps_cpp.hpp
[7.233s] -- Installing: /media/ros/fedora/home/maylis/Dokumente/TeleNav/install/my_robot_interfaces/lib/libmy_robot_interfaces__rosidl_typesupport_fastrtps_cpp.so
[7.234s] -- Set runtime path of "/media/ros/fedora/home/maylis/Dokumente/TeleNav/install/my_robot_interfaces/lib/libmy_robot_interfaces__rosidl_typesupport_fastrtps_cpp.so" to ""
[7.235s] -- Up-to-date: /media/ros/fedora/home/maylis/Dokumente/TeleNav/install/my_robot_interfaces/include/my_robot_interfaces/my_robot_interfaces
[7.235s] -- Up-to-date: /media/ros/fedora/home/maylis/Dokumente/TeleNav/install/my_robot_interfaces/include/my_robot_interfaces/my_robot_interfaces/msg
[7.235s] -- Up-to-date: /media/ros/fedora/home/maylis/Dokumente/TeleNav/install/my_robot_interfaces/include/my_robot_interfaces/my_robot_interfaces/msg/detail
[7.235s] -- Installing: /media/ros/fedora/home/maylis/Dokumente/TeleNav/install/my_robot_interfaces/include/my_robot_interfaces/my_robot_interfaces/msg/detail/hardware_status__rosidl_typesupport_introspection_cpp.hpp
[7.235s] -- Installing: /media/ros/fedora/home/maylis/Dokumente/TeleNav/install/my_robot_interfaces/include/my_robot_interfaces/my_robot_interfaces/msg/detail/hardware_status__type_support.cpp
[7.236s] -- Installing: /media/ros/fedora/home/maylis/Dokumente/TeleNav/install/my_robot_interfaces/include/my_robot_interfaces/my_robot_interfaces/msg/detail/led_state__rosidl_typesupport_introspection_cpp.hpp
[7.236s] -- Installing: /media/ros/fedora/home/maylis/Dokumente/TeleNav/install/my_robot_interfaces/include/my_robot_interfaces/my_robot_interfaces/msg/detail/led_state__type_support.cpp
[7.236s] -- Up-to-date: /media/ros/fedora/home/maylis/Dokumente/TeleNav/install/my_robot_interfaces/include/my_robot_interfaces/my_robot_interfaces/srv
[7.236s] -- Up-to-date: /media/ros/fedora/home/maylis/Dokumente/TeleNav/install/my_robot_interfaces/include/my_robot_interfaces/my_robot_interfaces/srv/detail
[7.236s] -- Installing: /media/ros/fedora/home/maylis/Dokumente/TeleNav/install/my_robot_interfaces/include/my_robot_interfaces/my_robot_interfaces/srv/detail/compute_rectangle_area__rosidl_typesupport_introspection_cpp.hpp
[7.236s] -- Installing: /media/ros/fedora/home/maylis/Dokumente/TeleNav/install/my_robot_interfaces/include/my_robot_interfaces/my_robot_interfaces/srv/detail/compute_rectangle_area__type_support.cpp
[7.236s] -- Installing: /media/ros/fedora/home/maylis/Dokumente/TeleNav/install/my_robot_interfaces/include/my_robot_interfaces/my_robot_interfaces/srv/detail/set_led__rosidl_typesupport_introspection_cpp.hpp
[7.236s] -- Installing: /media/ros/fedora/home/maylis/Dokumente/TeleNav/install/my_robot_interfaces/include/my_robot_interfaces/my_robot_interfaces/srv/detail/set_led__type_support.cpp
[7.236s] -- Installing: /media/ros/fedora/home/maylis/Dokumente/TeleNav/install/my_robot_interfaces/lib/libmy_robot_interfaces__rosidl_typesupport_introspection_cpp.so
[7.238s] -- Set runtime path of "/media/ros/fedora/home/maylis/Dokumente/TeleNav/install/my_robot_interfaces/lib/libmy_robot_interfaces__rosidl_typesupport_introspection_cpp.so" to ""
[7.238s] -- Installing: /media/ros/fedora/home/maylis/Dokumente/TeleNav/install/my_robot_interfaces/lib/libmy_robot_interfaces__rosidl_typesupport_cpp.so
[7.238s] -- Set runtime path of "/media/ros/fedora/home/maylis/Dokumente/TeleNav/install/my_robot_interfaces/lib/libmy_robot_interfaces__rosidl_typesupport_cpp.so" to ""
[7.239s] -- Up-to-date: /media/ros/fedora/home/maylis/Dokumente/TeleNav/install/my_robot_interfaces/share/my_robot_interfaces/environment/pythonpath.sh
[7.239s] -- Installing: /media/ros/fedora/home/maylis/Dokumente/TeleNav/install/my_robot_interfaces/share/my_robot_interfaces/environment/pythonpath.dsv
[7.239s] -- Up-to-date: /media/ros/fedora/home/maylis/Dokumente/TeleNav/install/my_robot_interfaces/local/lib/python3.10/dist-packages/my_robot_interfaces-0.0.0-py3.10.egg-info
[7.239s] -- Installing: /media/ros/fedora/home/maylis/Dokumente/TeleNav/install/my_robot_interfaces/local/lib/python3.10/dist-packages/my_robot_interfaces-0.0.0-py3.10.egg-info/PKG-INFO
[7.239s] -- Installing: /media/ros/fedora/home/maylis/Dokumente/TeleNav/install/my_robot_interfaces/local/lib/python3.10/dist-packages/my_robot_interfaces-0.0.0-py3.10.egg-info/dependency_links.txt
[7.240s] -- Installing: /media/ros/fedora/home/maylis/Dokumente/TeleNav/install/my_robot_interfaces/local/lib/python3.10/dist-packages/my_robot_interfaces-0.0.0-py3.10.egg-info/top_level.txt
[7.240s] -- Installing: /media/ros/fedora/home/maylis/Dokumente/TeleNav/install/my_robot_interfaces/local/lib/python3.10/dist-packages/my_robot_interfaces-0.0.0-py3.10.egg-info/SOURCES.txt
[7.240s] -- Up-to-date: /media/ros/fedora/home/maylis/Dokumente/TeleNav/install/my_robot_interfaces/local/lib/python3.10/dist-packages/my_robot_interfaces
[7.240s] -- Installing: /media/ros/fedora/home/maylis/Dokumente/TeleNav/install/my_robot_interfaces/local/lib/python3.10/dist-packages/my_robot_interfaces/__init__.py
[7.240s] -- Up-to-date: /media/ros/fedora/home/maylis/Dokumente/TeleNav/install/my_robot_interfaces/local/lib/python3.10/dist-packages/my_robot_interfaces/msg
[7.240s] -- Installing: /media/ros/fedora/home/maylis/Dokumente/TeleNav/install/my_robot_interfaces/local/lib/python3.10/dist-packages/my_robot_interfaces/msg/_hardware_status.py
[7.240s] -- Installing: /media/ros/fedora/home/maylis/Dokumente/TeleNav/install/my_robot_interfaces/local/lib/python3.10/dist-packages/my_robot_interfaces/msg/_hardware_status_s.c
[7.240s] -- Installing: /media/ros/fedora/home/maylis/Dokumente/TeleNav/install/my_robot_interfaces/local/lib/python3.10/dist-packages/my_robot_interfaces/msg/__init__.py
[7.240s] -- Installing: /media/ros/fedora/home/maylis/Dokumente/TeleNav/install/my_robot_interfaces/local/lib/python3.10/dist-packages/my_robot_interfaces/msg/_led_state.py
[7.242s] -- Installing: /media/ros/fedora/home/maylis/Dokumente/TeleNav/install/my_robot_interfaces/local/lib/python3.10/dist-packages/my_robot_interfaces/msg/_led_state_s.c
[7.242s] -- Up-to-date: /media/ros/fedora/home/maylis/Dokumente/TeleNav/install/my_robot_interfaces/local/lib/python3.10/dist-packages/my_robot_interfaces/srv
[7.242s] -- Installing: /media/ros/fedora/home/maylis/Dokumente/TeleNav/install/my_robot_interfaces/local/lib/python3.10/dist-packages/my_robot_interfaces/srv/_compute_rectangle_area.py
[7.242s] -- Installing: /media/ros/fedora/home/maylis/Dokumente/TeleNav/install/my_robot_interfaces/local/lib/python3.10/dist-packages/my_robot_interfaces/srv/_compute_rectangle_area_s.c
[7.242s] -- Installing: /media/ros/fedora/home/maylis/Dokumente/TeleNav/install/my_robot_interfaces/local/lib/python3.10/dist-packages/my_robot_interfaces/srv/__init__.py
[7.242s] -- Installing: /media/ros/fedora/home/maylis/Dokumente/TeleNav/install/my_robot_interfaces/local/lib/python3.10/dist-packages/my_robot_interfaces/srv/_set_led.py
[7.242s] -- Installing: /media/ros/fedora/home/maylis/Dokumente/TeleNav/install/my_robot_interfaces/local/lib/python3.10/dist-packages/my_robot_interfaces/srv/_set_led_s.c
[7.242s] -- Installing: /media/ros/fedora/home/maylis/Dokumente/TeleNav/install/my_robot_interfaces/local/lib/python3.10/dist-packages/my_robot_interfaces/_my_robot_interfaces_s.ep.rosidl_typesupport_introspection_c.c
[7.242s] -- Installing: /media/ros/fedora/home/maylis/Dokumente/TeleNav/install/my_robot_interfaces/local/lib/python3.10/dist-packages/my_robot_interfaces/_my_robot_interfaces_s.ep.rosidl_typesupport_c.c
[7.243s] -- Installing: /media/ros/fedora/home/maylis/Dokumente/TeleNav/install/my_robot_interfaces/local/lib/python3.10/dist-packages/my_robot_interfaces/_my_robot_interfaces_s.ep.rosidl_typesupport_fastrtps_c.c
[7.243s] -- Installing: /media/ros/fedora/home/maylis/Dokumente/TeleNav/install/my_robot_interfaces/local/lib/python3.10/dist-packages/my_robot_interfaces/libmy_robot_interfaces__rosidl_generator_py.so
[7.244s] -- Installing: /media/ros/fedora/home/maylis/Dokumente/TeleNav/install/my_robot_interfaces/local/lib/python3.10/dist-packages/my_robot_interfaces/my_robot_interfaces_s__rosidl_typesupport_c.cpython-310-x86_64-linux-gnu.so
[7.244s] -- Installing: /media/ros/fedora/home/maylis/Dokumente/TeleNav/install/my_robot_interfaces/local/lib/python3.10/dist-packages/my_robot_interfaces/my_robot_interfaces_s__rosidl_typesupport_introspection_c.cpython-310-x86_64-linux-gnu.so
[7.244s] -- Installing: /media/ros/fedora/home/maylis/Dokumente/TeleNav/install/my_robot_interfaces/local/lib/python3.10/dist-packages/my_robot_interfaces/my_robot_interfaces_s__rosidl_typesupport_fastrtps_c.cpython-310-x86_64-linux-gnu.so
[7.302s] Listing '/media/ros/fedora/home/maylis/Dokumente/TeleNav/install/my_robot_interfaces/local/lib/python3.10/dist-packages/my_robot_interfaces'...
[7.303s] Compiling '/media/ros/fedora/home/maylis/Dokumente/TeleNav/install/my_robot_interfaces/local/lib/python3.10/dist-packages/my_robot_interfaces/__init__.py'...
[7.303s] Listing '/media/ros/fedora/home/maylis/Dokumente/TeleNav/install/my_robot_interfaces/local/lib/python3.10/dist-packages/my_robot_interfaces/msg'...
[7.303s] Compiling '/media/ros/fedora/home/maylis/Dokumente/TeleNav/install/my_robot_interfaces/local/lib/python3.10/dist-packages/my_robot_interfaces/msg/__init__.py'...
[7.303s] Compiling '/media/ros/fedora/home/maylis/Dokumente/TeleNav/install/my_robot_interfaces/local/lib/python3.10/dist-packages/my_robot_interfaces/msg/_hardware_status.py'...
[7.303s] Compiling '/media/ros/fedora/home/maylis/Dokumente/TeleNav/install/my_robot_interfaces/local/lib/python3.10/dist-packages/my_robot_interfaces/msg/_led_state.py'...
[7.303s] Listing '/media/ros/fedora/home/maylis/Dokumente/TeleNav/install/my_robot_interfaces/local/lib/python3.10/dist-packages/my_robot_interfaces/srv'...
[7.303s] Compiling '/media/ros/fedora/home/maylis/Dokumente/TeleNav/install/my_robot_interfaces/local/lib/python3.10/dist-packages/my_robot_interfaces/srv/__init__.py'...
[7.303s] Compiling '/media/ros/fedora/home/maylis/Dokumente/TeleNav/install/my_robot_interfaces/local/lib/python3.10/dist-packages/my_robot_interfaces/srv/_compute_rectangle_area.py'...
[7.303s] Compiling '/media/ros/fedora/home/maylis/Dokumente/TeleNav/install/my_robot_interfaces/local/lib/python3.10/dist-packages/my_robot_interfaces/srv/_set_led.py'...
[7.312s] -- Installing: /media/ros/fedora/home/maylis/Dokumente/TeleNav/install/my_robot_interfaces/local/lib/python3.10/dist-packages/my_robot_interfaces/my_robot_interfaces_s__rosidl_typesupport_fastrtps_c.cpython-310-x86_64-linux-gnu.so
[7.312s] -- Set runtime path of "/media/ros/fedora/home/maylis/Dokumente/TeleNav/install/my_robot_interfaces/local/lib/python3.10/dist-packages/my_robot_interfaces/my_robot_interfaces_s__rosidl_typesupport_fastrtps_c.cpython-310-x86_64-linux-gnu.so" to ""
[7.313s] -- Installing: /media/ros/fedora/home/maylis/Dokumente/TeleNav/install/my_robot_interfaces/local/lib/python3.10/dist-packages/my_robot_interfaces/my_robot_interfaces_s__rosidl_typesupport_introspection_c.cpython-310-x86_64-linux-gnu.so
[7.313s] -- Set runtime path of "/media/ros/fedora/home/maylis/Dokumente/TeleNav/install/my_robot_interfaces/local/lib/python3.10/dist-packages/my_robot_interfaces/my_robot_interfaces_s__rosidl_typesupport_introspection_c.cpython-310-x86_64-linux-gnu.so" to ""
[7.316s] -- Installing: /media/ros/fedora/home/maylis/Dokumente/TeleNav/install/my_robot_interfaces/local/lib/python3.10/dist-packages/my_robot_interfaces/my_robot_interfaces_s__rosidl_typesupport_c.cpython-310-x86_64-linux-gnu.so
[7.317s] -- Set runtime path of "/media/ros/fedora/home/maylis/Dokumente/TeleNav/install/my_robot_interfaces/local/lib/python3.10/dist-packages/my_robot_interfaces/my_robot_interfaces_s__rosidl_typesupport_c.cpython-310-x86_64-linux-gnu.so" to ""
[7.317s] -- Installing: /media/ros/fedora/home/maylis/Dokumente/TeleNav/install/my_robot_interfaces/lib/libmy_robot_interfaces__rosidl_generator_py.so
[7.317s] -- Set runtime path of "/media/ros/fedora/home/maylis/Dokumente/TeleNav/install/my_robot_interfaces/lib/libmy_robot_interfaces__rosidl_generator_py.so" to ""
[7.317s] -- Up-to-date: /media/ros/fedora/home/maylis/Dokumente/TeleNav/install/my_robot_interfaces/share/my_robot_interfaces/msg/HardwareStatus.idl
[7.317s] -- Up-to-date: /media/ros/fedora/home/maylis/Dokumente/TeleNav/install/my_robot_interfaces/share/my_robot_interfaces/srv/ComputeRectangleArea.idl
[7.318s] -- Installing: /media/ros/fedora/home/maylis/Dokumente/TeleNav/install/my_robot_interfaces/share/my_robot_interfaces/msg/LedState.idl
[7.318s] -- Installing: /media/ros/fedora/home/maylis/Dokumente/TeleNav/install/my_robot_interfaces/share/my_robot_interfaces/srv/SetLed.idl
[7.318s] -- Up-to-date: /media/ros/fedora/home/maylis/Dokumente/TeleNav/install/my_robot_interfaces/share/my_robot_interfaces/msg/HardwareStatus.msg
[7.318s] -- Up-to-date: /media/ros/fedora/home/maylis/Dokumente/TeleNav/install/my_robot_interfaces/share/my_robot_interfaces/srv/ComputeRectangleArea.srv
[7.318s] -- Up-to-date: /media/ros/fedora/home/maylis/Dokumente/TeleNav/install/my_robot_interfaces/share/my_robot_interfaces/srv/ComputeRectangleArea_Request.msg
[7.318s] -- Up-to-date: /media/ros/fedora/home/maylis/Dokumente/TeleNav/install/my_robot_interfaces/share/my_robot_interfaces/srv/ComputeRectangleArea_Response.msg
[7.318s] -- Installing: /media/ros/fedora/home/maylis/Dokumente/TeleNav/install/my_robot_interfaces/share/my_robot_interfaces/msg/LedState.msg
[7.318s] -- Installing: /media/ros/fedora/home/maylis/Dokumente/TeleNav/install/my_robot_interfaces/share/my_robot_interfaces/srv/SetLed.srv
[7.318s] -- Installing: /media/ros/fedora/home/maylis/Dokumente/TeleNav/install/my_robot_interfaces/share/my_robot_interfaces/srv/SetLed_Request.msg
[7.318s] -- Installing: /media/ros/fedora/home/maylis/Dokumente/TeleNav/install/my_robot_interfaces/share/my_robot_interfaces/srv/SetLed_Response.msg
[7.318s] -- Up-to-date: /media/ros/fedora/home/maylis/Dokumente/TeleNav/install/my_robot_interfaces/share/ament_index/resource_index/package_run_dependencies/my_robot_interfaces
[7.319s] -- Installing: /media/ros/fedora/home/maylis/Dokumente/TeleNav/install/my_robot_interfaces/share/ament_index/resource_index/parent_prefix_path/my_robot_interfaces
[7.319s] -- Up-to-date: /media/ros/fedora/home/maylis/Dokumente/TeleNav/install/my_robot_interfaces/share/my_robot_interfaces/environment/ament_prefix_path.sh
[7.319s] -- Installing: /media/ros/fedora/home/maylis/Dokumente/TeleNav/install/my_robot_interfaces/share/my_robot_interfaces/environment/ament_prefix_path.dsv
[7.319s] -- Up-to-date: /media/ros/fedora/home/maylis/Dokumente/TeleNav/install/my_robot_interfaces/share/my_robot_interfaces/environment/path.sh
[7.319s] -- Installing: /media/ros/fedora/home/maylis/Dokumente/TeleNav/install/my_robot_interfaces/share/my_robot_interfaces/environment/path.dsv
[7.319s] -- Up-to-date: /media/ros/fedora/home/maylis/Dokumente/TeleNav/install/my_robot_interfaces/share/my_robot_interfaces/local_setup.bash
[7.319s] -- Up-to-date: /media/ros/fedora/home/maylis/Dokumente/TeleNav/install/my_robot_interfaces/share/my_robot_interfaces/local_setup.sh
[7.319s] -- Up-to-date: /media/ros/fedora/home/maylis/Dokumente/TeleNav/install/my_robot_interfaces/share/my_robot_interfaces/local_setup.zsh
[7.319s] -- Installing: /media/ros/fedora/home/maylis/Dokumente/TeleNav/install/my_robot_interfaces/share/my_robot_interfaces/local_setup.dsv
[7.319s] -- Installing: /media/ros/fedora/home/maylis/Dokumente/TeleNav/install/my_robot_interfaces/share/my_robot_interfaces/package.dsv
[7.319s] -- Up-to-date: /media/ros/fedora/home/maylis/Dokumente/TeleNav/install/my_robot_interfaces/share/ament_index/resource_index/packages/my_robot_interfaces
[7.319s] -- Up-to-date: /media/ros/fedora/home/maylis/Dokumente/TeleNav/install/my_robot_interfaces/share/my_robot_interfaces/cmake/export_my_robot_interfaces__rosidl_generator_cExport.cmake
[7.319s] -- Up-to-date: /media/ros/fedora/home/maylis/Dokumente/TeleNav/install/my_robot_interfaces/share/my_robot_interfaces/cmake/export_my_robot_interfaces__rosidl_generator_cExport-noconfig.cmake
[7.320s] -- Up-to-date: /media/ros/fedora/home/maylis/Dokumente/TeleNav/install/my_robot_interfaces/share/my_robot_interfaces/cmake/export_my_robot_interfaces__rosidl_typesupport_fastrtps_cExport.cmake
[7.320s] -- Up-to-date: /media/ros/fedora/home/maylis/Dokumente/TeleNav/install/my_robot_interfaces/share/my_robot_interfaces/cmake/export_my_robot_interfaces__rosidl_typesupport_fastrtps_cExport-noconfig.cmake
[7.320s] -- Up-to-date: /media/ros/fedora/home/maylis/Dokumente/TeleNav/install/my_robot_interfaces/share/my_robot_interfaces/cmake/my_robot_interfaces__rosidl_typesupport_introspection_cExport.cmake
[7.320s] -- Up-to-date: /media/ros/fedora/home/maylis/Dokumente/TeleNav/install/my_robot_interfaces/share/my_robot_interfaces/cmake/my_robot_interfaces__rosidl_typesupport_introspection_cExport-noconfig.cmake
[7.320s] -- Up-to-date: /media/ros/fedora/home/maylis/Dokumente/TeleNav/install/my_robot_interfaces/share/my_robot_interfaces/cmake/my_robot_interfaces__rosidl_typesupport_cExport.cmake
[7.320s] -- Up-to-date: /media/ros/fedora/home/maylis/Dokumente/TeleNav/install/my_robot_interfaces/share/my_robot_interfaces/cmake/my_robot_interfaces__rosidl_typesupport_cExport-noconfig.cmake
[7.320s] -- Up-to-date: /media/ros/fedora/home/maylis/Dokumente/TeleNav/install/my_robot_interfaces/share/my_robot_interfaces/cmake/export_my_robot_interfaces__rosidl_generator_cppExport.cmake
[7.320s] -- Up-to-date: /media/ros/fedora/home/maylis/Dokumente/TeleNav/install/my_robot_interfaces/share/my_robot_interfaces/cmake/export_my_robot_interfaces__rosidl_typesupport_fastrtps_cppExport.cmake
[7.320s] -- Up-to-date: /media/ros/fedora/home/maylis/Dokumente/TeleNav/install/my_robot_interfaces/share/my_robot_interfaces/cmake/export_my_robot_interfaces__rosidl_typesupport_fastrtps_cppExport-noconfig.cmake
[7.320s] -- Up-to-date: /media/ros/fedora/home/maylis/Dokumente/TeleNav/install/my_robot_interfaces/share/my_robot_interfaces/cmake/my_robot_interfaces__rosidl_typesupport_introspection_cppExport.cmake
[7.320s] -- Up-to-date: /media/ros/fedora/home/maylis/Dokumente/TeleNav/install/my_robot_interfaces/share/my_robot_interfaces/cmake/my_robot_interfaces__rosidl_typesupport_introspection_cppExport-noconfig.cmake
[7.320s] -- Up-to-date: /media/ros/fedora/home/maylis/Dokumente/TeleNav/install/my_robot_interfaces/share/my_robot_interfaces/cmake/my_robot_interfaces__rosidl_typesupport_cppExport.cmake
[7.320s] -- Up-to-date: /media/ros/fedora/home/maylis/Dokumente/TeleNav/install/my_robot_interfaces/share/my_robot_interfaces/cmake/my_robot_interfaces__rosidl_typesupport_cppExport-noconfig.cmake
[7.320s] -- Up-to-date: /media/ros/fedora/home/maylis/Dokumente/TeleNav/install/my_robot_interfaces/share/my_robot_interfaces/cmake/export_my_robot_interfaces__rosidl_generator_pyExport.cmake
[7.320s] -- Up-to-date: /media/ros/fedora/home/maylis/Dokumente/TeleNav/install/my_robot_interfaces/share/my_robot_interfaces/cmake/export_my_robot_interfaces__rosidl_generator_pyExport-noconfig.cmake
[7.320s] -- Installing: /media/ros/fedora/home/maylis/Dokumente/TeleNav/install/my_robot_interfaces/share/my_robot_interfaces/cmake/rosidl_cmake-extras.cmake
[7.320s] -- Up-to-date: /media/ros/fedora/home/maylis/Dokumente/TeleNav/install/my_robot_interfaces/share/my_robot_interfaces/cmake/ament_cmake_export_include_directories-extras.cmake
[7.321s] -- Up-to-date: /media/ros/fedora/home/maylis/Dokumente/TeleNav/install/my_robot_interfaces/share/my_robot_interfaces/cmake/ament_cmake_export_libraries-extras.cmake
[7.321s] -- Up-to-date: /media/ros/fedora/home/maylis/Dokumente/TeleNav/install/my_robot_interfaces/share/my_robot_interfaces/cmake/ament_cmake_export_targets-extras.cmake
[7.321s] -- Up-to-date: /media/ros/fedora/home/maylis/Dokumente/TeleNav/install/my_robot_interfaces/share/my_robot_interfaces/cmake/rosidl_cmake_export_typesupport_targets-extras.cmake
[7.321s] -- Up-to-date: /media/ros/fedora/home/maylis/Dokumente/TeleNav/install/my_robot_interfaces/share/my_robot_interfaces/cmake/ament_cmake_export_dependencies-extras.cmake
[7.321s] -- Up-to-date: /media/ros/fedora/home/maylis/Dokumente/TeleNav/install/my_robot_interfaces/share/my_robot_interfaces/cmake/rosidl_cmake_export_typesupport_libraries-extras.cmake
[7.321s] -- Up-to-date: /media/ros/fedora/home/maylis/Dokumente/TeleNav/install/my_robot_interfaces/share/my_robot_interfaces/cmake/my_robot_interfacesConfig.cmake
[7.321s] -- Up-to-date: /media/ros/fedora/home/maylis/Dokumente/TeleNav/install/my_robot_interfaces/share/my_robot_interfaces/cmake/my_robot_interfacesConfig-version.cmake
[7.321s] -- Up-to-date: /media/ros/fedora/home/maylis/Dokumente/TeleNav/install/my_robot_interfaces/share/my_robot_interfaces/package.xml
[7.322s] Invoked command in '/media/ros/fedora/home/maylis/Dokumente/TeleNav/build/my_robot_interfaces' returned '0': CMAKE_PREFIX_PATH=${CMAKE_PREFIX_PATH}:/media/ros/fedora/home/maylis/Dokumente/TeleNav/install/my_robot_controller:/opt/ros/humble /usr/bin/cmake --install /media/ros/fedora/home/maylis/Dokumente/TeleNav/build/my_robot_interfaces
