[0.016s] Invoking command in '/media/ros/fedora/home/maylis/Dokumente/TeleNav/simulation_ws/build/my_robot_description': CMAKE_PREFIX_PATH=${CMAKE_PREFIX_PATH}:/media/ros/fedora/home/maylis/Dokumente/TeleNav/install/turtle_spawner:/media/ros/fedora/home/maylis/Dokumente/TeleNav/install/turtle_controller:/media/ros/fedora/home/maylis/Dokumente/TeleNav/install/my_robot_controller:/opt/ros/humble /usr/bin/cmake /media/ros/fedora/home/maylis/Dokumente/TeleNav/simulation_ws/src/my_robot_description -DCMAKE_INSTALL_PREFIX=/media/ros/fedora/home/maylis/Dokumente/TeleNav/simulation_ws/install/my_robot_description
[0.034s] -- Found ament_cmake: 1.3.11 (/opt/ros/humble/share/ament_cmake/cmake)
[0.198s] -- Override CMake install command with custom implementation using symlinks instead of copying resources
[0.307s] -- Configuring done
[0.312s] -- Generating done
[0.316s] -- Build files have been written to: /media/ros/fedora/home/maylis/Dokumente/TeleNav/simulation_ws/build/my_robot_description
[0.321s] Invoked command in '/media/ros/fedora/home/maylis/Dokumente/TeleNav/simulation_ws/build/my_robot_description' returned '0': CMAKE_PREFIX_PATH=${CMAKE_PREFIX_PATH}:/media/ros/fedora/home/maylis/Dokumente/TeleNav/install/turtle_spawner:/media/ros/fedora/home/maylis/Dokumente/TeleNav/install/turtle_controller:/media/ros/fedora/home/maylis/Dokumente/TeleNav/install/my_robot_controller:/opt/ros/humble /usr/bin/cmake /media/ros/fedora/home/maylis/Dokumente/TeleNav/simulation_ws/src/my_robot_description -DCMAKE_INSTALL_PREFIX=/media/ros/fedora/home/maylis/Dokumente/TeleNav/simulation_ws/install/my_robot_description
[0.324s] Invoking command in '/media/ros/fedora/home/maylis/Dokumente/TeleNav/simulation_ws/build/my_robot_description': CMAKE_PREFIX_PATH=${CMAKE_PREFIX_PATH}:/media/ros/fedora/home/maylis/Dokumente/TeleNav/install/turtle_spawner:/media/ros/fedora/home/maylis/Dokumente/TeleNav/install/turtle_controller:/media/ros/fedora/home/maylis/Dokumente/TeleNav/install/my_robot_controller:/opt/ros/humble /usr/bin/cmake --build /media/ros/fedora/home/maylis/Dokumente/TeleNav/simulation_ws/build/my_robot_description -- -j6 -l6
[0.374s] Invoked command in '/media/ros/fedora/home/maylis/Dokumente/TeleNav/simulation_ws/build/my_robot_description' returned '0': CMAKE_PREFIX_PATH=${CMAKE_PREFIX_PATH}:/media/ros/fedora/home/maylis/Dokumente/TeleNav/install/turtle_spawner:/media/ros/fedora/home/maylis/Dokumente/TeleNav/install/turtle_controller:/media/ros/fedora/home/maylis/Dokumente/TeleNav/install/my_robot_controller:/opt/ros/humble /usr/bin/cmake --build /media/ros/fedora/home/maylis/Dokumente/TeleNav/simulation_ws/build/my_robot_description -- -j6 -l6
[0.388s] Invoking command in '/media/ros/fedora/home/maylis/Dokumente/TeleNav/simulation_ws/build/my_robot_description': CMAKE_PREFIX_PATH=${CMAKE_PREFIX_PATH}:/media/ros/fedora/home/maylis/Dokumente/TeleNav/install/turtle_spawner:/media/ros/fedora/home/maylis/Dokumente/TeleNav/install/turtle_controller:/media/ros/fedora/home/maylis/Dokumente/TeleNav/install/my_robot_controller:/opt/ros/humble /usr/bin/cmake --install /media/ros/fedora/home/maylis/Dokumente/TeleNav/simulation_ws/build/my_robot_description
[0.395s] -- Install configuration: ""
[0.396s] -- Execute custom install script
[0.397s] [33mCMake Warning (dev) at ament_cmake_symlink_install/ament_cmake_symlink_install.cmake:62 (file):
[0.397s]   Policy CMP0009 is not set: FILE GLOB_RECURSE calls should not follow
[0.397s]   symlinks by default.  Run "cmake --help-policy CMP0009" for policy details.
[0.398s]   Use the cmake_policy command to set the policy and suppress this warning.
[0.398s] Call Stack (most recent call first):
[0.398s]   ament_cmake_symlink_install/ament_cmake_symlink_install.cmake:314 (ament_cmake_symlink_install_directory)
[0.398s]   cmake_install.cmake:46 (include)
[0.398s] This warning is for project developers.  Use -Wno-dev to suppress it.
[0.398s] [0m
[0.398s] -- Up-to-date symlink: /media/ros/fedora/home/maylis/Dokumente/TeleNav/simulation_ws/install/my_robot_description/share/my_robot_description//urdf/build/.built_by
[0.399s] -- Up-to-date symlink: /media/ros/fedora/home/maylis/Dokumente/TeleNav/simulation_ws/install/my_robot_description/share/my_robot_description//urdf/build/COLCON_IGNORE
[0.399s] -- Up-to-date symlink: /media/ros/fedora/home/maylis/Dokumente/TeleNav/simulation_ws/install/my_robot_description/share/my_robot_description//urdf/common_properties.xacro
[0.399s] -- Up-to-date symlink: /media/ros/fedora/home/maylis/Dokumente/TeleNav/simulation_ws/install/my_robot_description/share/my_robot_description//urdf/install/.colcon_install_layout
[0.399s] -- Up-to-date symlink: /media/ros/fedora/home/maylis/Dokumente/TeleNav/simulation_ws/install/my_robot_description/share/my_robot_description//urdf/install/COLCON_IGNORE
[0.399s] -- Up-to-date symlink: /media/ros/fedora/home/maylis/Dokumente/TeleNav/simulation_ws/install/my_robot_description/share/my_robot_description//urdf/install/_local_setup_util_ps1.py
[0.400s] -- Up-to-date symlink: /media/ros/fedora/home/maylis/Dokumente/TeleNav/simulation_ws/install/my_robot_description/share/my_robot_description//urdf/install/_local_setup_util_sh.py
[0.400s] -- Up-to-date symlink: /media/ros/fedora/home/maylis/Dokumente/TeleNav/simulation_ws/install/my_robot_description/share/my_robot_description//urdf/install/local_setup.bash
[0.400s] -- Up-to-date symlink: /media/ros/fedora/home/maylis/Dokumente/TeleNav/simulation_ws/install/my_robot_description/share/my_robot_description//urdf/install/local_setup.ps1
[0.400s] -- Up-to-date symlink: /media/ros/fedora/home/maylis/Dokumente/TeleNav/simulation_ws/install/my_robot_description/share/my_robot_description//urdf/install/local_setup.sh
[0.400s] -- Up-to-date symlink: /media/ros/fedora/home/maylis/Dokumente/TeleNav/simulation_ws/install/my_robot_description/share/my_robot_description//urdf/install/local_setup.zsh
[0.401s] -- Up-to-date symlink: /media/ros/fedora/home/maylis/Dokumente/TeleNav/simulation_ws/install/my_robot_description/share/my_robot_description//urdf/install/setup.bash
[0.402s] -- Up-to-date symlink: /media/ros/fedora/home/maylis/Dokumente/TeleNav/simulation_ws/install/my_robot_description/share/my_robot_description//urdf/install/setup.ps1
[0.402s] -- Up-to-date symlink: /media/ros/fedora/home/maylis/Dokumente/TeleNav/simulation_ws/install/my_robot_description/share/my_robot_description//urdf/install/setup.sh
[0.402s] -- Up-to-date symlink: /media/ros/fedora/home/maylis/Dokumente/TeleNav/simulation_ws/install/my_robot_description/share/my_robot_description//urdf/install/setup.zsh
[0.402s] -- Up-to-date symlink: /media/ros/fedora/home/maylis/Dokumente/TeleNav/simulation_ws/install/my_robot_description/share/my_robot_description//urdf/log/COLCON_IGNORE
[0.402s] -- Up-to-date symlink: /media/ros/fedora/home/maylis/Dokumente/TeleNav/simulation_ws/install/my_robot_description/share/my_robot_description//urdf/log/build_2025-03-23_18-45-22/events.log
[0.402s] -- Up-to-date symlink: /media/ros/fedora/home/maylis/Dokumente/TeleNav/simulation_ws/install/my_robot_description/share/my_robot_description//urdf/log/build_2025-03-23_18-45-22/logger_all.log
[0.402s] -- Up-to-date symlink: /media/ros/fedora/home/maylis/Dokumente/TeleNav/simulation_ws/install/my_robot_description/share/my_robot_description//urdf/log/latest/events.log
[0.402s] -- Up-to-date symlink: /media/ros/fedora/home/maylis/Dokumente/TeleNav/simulation_ws/install/my_robot_description/share/my_robot_description//urdf/log/latest/logger_all.log
[0.403s] -- Up-to-date symlink: /media/ros/fedora/home/maylis/Dokumente/TeleNav/simulation_ws/install/my_robot_description/share/my_robot_description//urdf/log/latest_build/events.log
[0.403s] -- Up-to-date symlink: /media/ros/fedora/home/maylis/Dokumente/TeleNav/simulation_ws/install/my_robot_description/share/my_robot_description//urdf/log/latest_build/logger_all.log
[0.403s] -- Up-to-date symlink: /media/ros/fedora/home/maylis/Dokumente/TeleNav/simulation_ws/install/my_robot_description/share/my_robot_description//urdf/mobile_base.xacro
[0.403s] -- Up-to-date symlink: /media/ros/fedora/home/maylis/Dokumente/TeleNav/simulation_ws/install/my_robot_description/share/my_robot_description//urdf/mosro.xacro
[0.403s] -- Up-to-date symlink: /media/ros/fedora/home/maylis/Dokumente/TeleNav/simulation_ws/install/my_robot_description/share/my_robot_description//urdf/robot.urdf.xacro
[0.403s] -- Up-to-date symlink: /media/ros/fedora/home/maylis/Dokumente/TeleNav/simulation_ws/install/my_robot_description/share/my_robot_description//launch/display.launch.xml
[0.403s] -- Up-to-date symlink: /media/ros/fedora/home/maylis/Dokumente/TeleNav/simulation_ws/install/my_robot_description/share/my_robot_description//launch/mosro.launch copy.xml
[0.404s] -- Up-to-date symlink: /media/ros/fedora/home/maylis/Dokumente/TeleNav/simulation_ws/install/my_robot_description/share/my_robot_description//meshes/mosro.stl
[0.404s] -- Up-to-date symlink: /media/ros/fedora/home/maylis/Dokumente/TeleNav/simulation_ws/install/my_robot_description/share/ament_index/resource_index/package_run_dependencies/my_robot_description
[0.404s] -- Up-to-date symlink: /media/ros/fedora/home/maylis/Dokumente/TeleNav/simulation_ws/install/my_robot_description/share/ament_index/resource_index/parent_prefix_path/my_robot_description
[0.404s] -- Up-to-date symlink: /media/ros/fedora/home/maylis/Dokumente/TeleNav/simulation_ws/install/my_robot_description/share/my_robot_description/environment/ament_prefix_path.sh
[0.404s] -- Up-to-date symlink: /media/ros/fedora/home/maylis/Dokumente/TeleNav/simulation_ws/install/my_robot_description/share/my_robot_description/environment/ament_prefix_path.dsv
[0.404s] -- Up-to-date symlink: /media/ros/fedora/home/maylis/Dokumente/TeleNav/simulation_ws/install/my_robot_description/share/my_robot_description/environment/path.sh
[0.404s] -- Up-to-date symlink: /media/ros/fedora/home/maylis/Dokumente/TeleNav/simulation_ws/install/my_robot_description/share/my_robot_description/environment/path.dsv
[0.404s] -- Up-to-date symlink: /media/ros/fedora/home/maylis/Dokumente/TeleNav/simulation_ws/install/my_robot_description/share/my_robot_description/local_setup.bash
[0.404s] -- Up-to-date symlink: /media/ros/fedora/home/maylis/Dokumente/TeleNav/simulation_ws/install/my_robot_description/share/my_robot_description/local_setup.sh
[0.405s] -- Up-to-date symlink: /media/ros/fedora/home/maylis/Dokumente/TeleNav/simulation_ws/install/my_robot_description/share/my_robot_description/local_setup.zsh
[0.405s] -- Up-to-date symlink: /media/ros/fedora/home/maylis/Dokumente/TeleNav/simulation_ws/install/my_robot_description/share/my_robot_description/local_setup.dsv
[0.405s] -- Symlinking: /media/ros/fedora/home/maylis/Dokumente/TeleNav/simulation_ws/install/my_robot_description/share/my_robot_description/package.dsv
[0.416s] -- Up-to-date symlink: /media/ros/fedora/home/maylis/Dokumente/TeleNav/simulation_ws/install/my_robot_description/share/ament_index/resource_index/packages/my_robot_description
[0.417s] -- Up-to-date symlink: /media/ros/fedora/home/maylis/Dokumente/TeleNav/simulation_ws/install/my_robot_description/share/my_robot_description/cmake/my_robot_descriptionConfig.cmake
[0.418s] -- Up-to-date symlink: /media/ros/fedora/home/maylis/Dokumente/TeleNav/simulation_ws/install/my_robot_description/share/my_robot_description/cmake/my_robot_descriptionConfig-version.cmake
[0.418s] -- Up-to-date symlink: /media/ros/fedora/home/maylis/Dokumente/TeleNav/simulation_ws/install/my_robot_description/share/my_robot_description/package.xml
[0.420s] Invoked command in '/media/ros/fedora/home/maylis/Dokumente/TeleNav/simulation_ws/build/my_robot_description' returned '0': CMAKE_PREFIX_PATH=${CMAKE_PREFIX_PATH}:/media/ros/fedora/home/maylis/Dokumente/TeleNav/install/turtle_spawner:/media/ros/fedora/home/maylis/Dokumente/TeleNav/install/turtle_controller:/media/ros/fedora/home/maylis/Dokumente/TeleNav/install/my_robot_controller:/opt/ros/humble /usr/bin/cmake --install /media/ros/fedora/home/maylis/Dokumente/TeleNav/simulation_ws/build/my_robot_description
