[0.046s] Invoking command in '/media/ros/fedora/home/maylis/Dokumente/TeleNav/build/turtle_interfaces': CMAKE_PREFIX_PATH=${CMAKE_PREFIX_PATH}:/media/ros/fedora/home/maylis/Dokumente/TeleNav/install/turtle_controller:/media/ros/fedora/home/maylis/Dokumente/TeleNav/install/turtle_spawner:/media/ros/fedora/home/maylis/Dokumente/TeleNav/install/my_robot_controller:/opt/ros/humble /usr/bin/cmake --build /media/ros/fedora/home/maylis/Dokumente/TeleNav/build/turtle_interfaces -- -j6 -l6
[0.791s] -- Found ament_cmake: 1.3.11 (/opt/ros/humble/share/ament_cmake/cmake)
[0.792s] -- Found rosidl_default_generators: 1.2.0 (/opt/ros/humble/share/rosidl_default_generators/cmake)
[0.792s] -- Using all available rosidl_typesupport_c: rosidl_typesupport_fastrtps_c;rosidl_typesupport_introspection_c
[0.792s] -- Found rosidl_adapter: 3.1.6 (/opt/ros/humble/share/rosidl_adapter/cmake)
[0.792s] -- Using all available rosidl_typesupport_cpp: rosidl_typesupport_fastrtps_cpp;rosidl_typesupport_introspection_cpp
[0.792s] -- Found ament_cmake_ros: 0.10.0 (/opt/ros/humble/share/ament_cmake_ros/cmake)
[1.029s] -- Using all available rosidl_typesupport_c: rosidl_typesupport_fastrtps_c;rosidl_typesupport_introspection_c
[1.377s] -- Using all available rosidl_typesupport_cpp: rosidl_typesupport_fastrtps_cpp;rosidl_typesupport_introspection_cpp
[1.405s] -- Found python_cmake_module: 0.10.0 (/opt/ros/humble/share/python_cmake_module/cmake)
[1.440s] -- Using PYTHON_EXECUTABLE: /usr/bin/python3
[1.440s] -- Using PYTHON_INCLUDE_DIRS: /usr/include/python3.10
[1.440s] -- Using PYTHON_LIBRARIES: /usr/lib/x86_64-linux-gnu/libpython3.10.so
[1.472s] -- Configuring done
[1.520s] -- Generating done
[1.542s] -- Build files have been written to: /media/ros/fedora/home/maylis/Dokumente/TeleNav/build/turtle_interfaces
[1.577s] [  2%] [34m[1mGenerating C code for ROS interfaces[0m
[1.613s] [  4%] [34m[1mGenerating C++ code for ROS interfaces[0m
[1.630s] [  4%] Built target ament_cmake_python_copy_turtle_interfaces
[2.003s] running egg_info
[2.003s] writing turtle_interfaces.egg-info/PKG-INFO
[2.003s] writing dependency_links to turtle_interfaces.egg-info/dependency_links.txt
[2.003s] writing top-level names to turtle_interfaces.egg-info/top_level.txt
[2.012s] reading manifest file 'turtle_interfaces.egg-info/SOURCES.txt'
[2.013s] writing manifest file 'turtle_interfaces.egg-info/SOURCES.txt'
[2.081s] [  4%] Built target ament_cmake_python_build_turtle_interfaces_egg
[2.268s] [35m[1mConsolidate compiler generated dependencies of target turtle_interfaces__rosidl_generator_c[0m
[2.295s] [  6%] [32mBuilding C object CMakeFiles/turtle_interfaces__rosidl_generator_c.dir/rosidl_generator_c/turtle_interfaces/msg/detail/turtle_position__functions.c.o[0m
[2.296s] [  8%] [32mBuilding C object CMakeFiles/turtle_interfaces__rosidl_generator_c.dir/rosidl_generator_c/turtle_interfaces/msg/detail/turtles_alive__functions.c.o[0m
[2.307s] [ 10%] [32mBuilding C object CMakeFiles/turtle_interfaces__rosidl_generator_c.dir/rosidl_generator_c/turtle_interfaces/srv/detail/catch__functions.c.o[0m
[2.463s] [ 12%] [32m[1mLinking C shared library libturtle_interfaces__rosidl_generator_c.so[0m
[2.471s] [ 12%] Built target turtle_interfaces__cpp
[2.493s] [ 14%] [34m[1mGenerating C++ introspection for ROS interfaces[0m
[2.494s] [ 17%] [34m[1mGenerating C++ type support for eProsima Fast-RTPS[0m
[2.509s] [ 19%] [34m[1mGenerating C++ type support dispatch for ROS interfaces[0m
[2.572s] [ 19%] Built target turtle_interfaces__rosidl_generator_c
[2.588s] [ 21%] [34m[1mGenerating C introspection for ROS interfaces[0m
[2.599s] [ 23%] [34m[1mGenerating C type support dispatch for ROS interfaces[0m
[2.599s] [ 25%] [34m[1mGenerating C type support for eProsima Fast-RTPS[0m
[3.094s] [35m[1mConsolidate compiler generated dependencies of target turtle_interfaces__rosidl_typesupport_introspection_cpp[0m
[3.149s] [ 27%] [32mBuilding CXX object CMakeFiles/turtle_interfaces__rosidl_typesupport_introspection_cpp.dir/rosidl_typesupport_introspection_cpp/turtle_interfaces/msg/detail/turtle_position__type_support.cpp.o[0m
[3.269s] [35m[1mConsolidate compiler generated dependencies of target turtle_interfaces__rosidl_typesupport_cpp[0m
[3.318s] [ 29%] [32mBuilding CXX object CMakeFiles/turtle_interfaces__rosidl_typesupport_cpp.dir/rosidl_typesupport_cpp/turtle_interfaces/msg/turtle_position__type_support.cpp.o[0m
[3.318s] [35m[1mConsolidate compiler generated dependencies of target turtle_interfaces__rosidl_typesupport_fastrtps_cpp[0m
[3.373s] [ 31%] [32mBuilding CXX object CMakeFiles/turtle_interfaces__rosidl_typesupport_fastrtps_cpp.dir/rosidl_typesupport_fastrtps_cpp/turtle_interfaces/msg/detail/dds_fastrtps/turtle_position__type_support.cpp.o[0m
[3.375s] [35m[1mConsolidate compiler generated dependencies of target turtle_interfaces__rosidl_typesupport_c[0m
[3.392s] [ 34%] [32mBuilding CXX object CMakeFiles/turtle_interfaces__rosidl_typesupport_c.dir/rosidl_typesupport_c/turtle_interfaces/msg/turtle_position__type_support.cpp.o[0m
[3.461s] [ 36%] [32mBuilding CXX object CMakeFiles/turtle_interfaces__rosidl_typesupport_c.dir/rosidl_typesupport_c/turtle_interfaces/msg/turtles_alive__type_support.cpp.o[0m
[3.489s] [35m[1mConsolidate compiler generated dependencies of target turtle_interfaces__rosidl_typesupport_introspection_c[0m
[3.525s] [35m[1mConsolidate compiler generated dependencies of target turtle_interfaces__rosidl_typesupport_fastrtps_c[0m
[3.532s] [ 38%] [32mBuilding C object CMakeFiles/turtle_interfaces__rosidl_typesupport_introspection_c.dir/rosidl_typesupport_introspection_c/turtle_interfaces/msg/detail/turtle_position__type_support.c.o[0m
[3.541s] [ 40%] [32mBuilding CXX object CMakeFiles/turtle_interfaces__rosidl_typesupport_c.dir/rosidl_typesupport_c/turtle_interfaces/srv/catch__type_support.cpp.o[0m
[3.597s] [ 42%] [32mBuilding CXX object CMakeFiles/turtle_interfaces__rosidl_typesupport_fastrtps_c.dir/rosidl_typesupport_fastrtps_c/turtle_interfaces/msg/detail/turtle_position__type_support_c.cpp.o[0m
[3.657s] [ 44%] [32mBuilding C object CMakeFiles/turtle_interfaces__rosidl_typesupport_introspection_c.dir/rosidl_typesupport_introspection_c/turtle_interfaces/msg/detail/turtles_alive__type_support.c.o[0m
[3.658s] [ 46%] [32m[1mLinking CXX shared library libturtle_interfaces__rosidl_typesupport_c.so[0m
[3.754s] [ 48%] [32mBuilding C object CMakeFiles/turtle_interfaces__rosidl_typesupport_introspection_c.dir/rosidl_typesupport_introspection_c/turtle_interfaces/srv/detail/catch__type_support.c.o[0m
[3.782s] [ 48%] Built target turtle_interfaces__rosidl_typesupport_c
[3.820s] [ 51%] [32mBuilding CXX object CMakeFiles/turtle_interfaces__rosidl_typesupport_fastrtps_c.dir/rosidl_typesupport_fastrtps_c/turtle_interfaces/msg/detail/turtles_alive__type_support_c.cpp.o[0m
[3.850s] [ 53%] [32m[1mLinking C shared library libturtle_interfaces__rosidl_typesupport_introspection_c.so[0m
[3.941s] [ 53%] Built target turtle_interfaces__rosidl_typesupport_introspection_c
[3.965s] [ 55%] [32mBuilding CXX object CMakeFiles/turtle_interfaces__rosidl_typesupport_introspection_cpp.dir/rosidl_typesupport_introspection_cpp/turtle_interfaces/msg/detail/turtles_alive__type_support.cpp.o[0m
[4.089s] [ 57%] [32mBuilding CXX object CMakeFiles/turtle_interfaces__rosidl_typesupport_cpp.dir/rosidl_typesupport_cpp/turtle_interfaces/msg/turtles_alive__type_support.cpp.o[0m
[4.111s] [ 59%] [32mBuilding CXX object CMakeFiles/turtle_interfaces__rosidl_typesupport_fastrtps_cpp.dir/rosidl_typesupport_fastrtps_cpp/turtle_interfaces/msg/detail/dds_fastrtps/turtles_alive__type_support.cpp.o[0m
[4.157s] [ 61%] [32mBuilding CXX object CMakeFiles/turtle_interfaces__rosidl_typesupport_introspection_cpp.dir/rosidl_typesupport_introspection_cpp/turtle_interfaces/srv/detail/catch__type_support.cpp.o[0m
[4.451s] [ 63%] [32mBuilding CXX object CMakeFiles/turtle_interfaces__rosidl_typesupport_fastrtps_c.dir/rosidl_typesupport_fastrtps_c/turtle_interfaces/srv/detail/catch__type_support_c.cpp.o[0m
[4.623s] [ 65%] [32mBuilding CXX object CMakeFiles/turtle_interfaces__rosidl_typesupport_cpp.dir/rosidl_typesupport_cpp/turtle_interfaces/srv/catch__type_support.cpp.o[0m
[4.710s] [ 68%] [32mBuilding CXX object CMakeFiles/turtle_interfaces__rosidl_typesupport_fastrtps_cpp.dir/rosidl_typesupport_fastrtps_cpp/turtle_interfaces/srv/detail/dds_fastrtps/catch__type_support.cpp.o[0m
[5.003s] [ 70%] [32m[1mLinking CXX shared library libturtle_interfaces__rosidl_typesupport_introspection_cpp.so[0m
[5.053s] [ 72%] [32m[1mLinking CXX shared library libturtle_interfaces__rosidl_typesupport_fastrtps_c.so[0m
[5.141s] [ 72%] Built target turtle_interfaces__rosidl_typesupport_introspection_cpp
[5.187s] [ 72%] Built target turtle_interfaces__rosidl_typesupport_fastrtps_c
[5.248s] [ 74%] [32m[1mLinking CXX shared library libturtle_interfaces__rosidl_typesupport_cpp.so[0m
[5.302s] [ 74%] Built target turtle_interfaces__rosidl_typesupport_cpp
[5.428s] [ 76%] [32m[1mLinking CXX shared library libturtle_interfaces__rosidl_typesupport_fastrtps_cpp.so[0m
[5.536s] [ 76%] Built target turtle_interfaces__rosidl_typesupport_fastrtps_cpp
[5.560s] [ 76%] Built target turtle_interfaces
[5.588s] [ 78%] [34m[1mGenerating Python code for ROS interfaces[0m
[6.287s] [ 78%] Built target turtle_interfaces__py
[6.300s] [35m[1mConsolidate compiler generated dependencies of target turtle_interfaces__rosidl_generator_py[0m
[6.319s] [ 80%] [32mBuilding C object CMakeFiles/turtle_interfaces__rosidl_generator_py.dir/rosidl_generator_py/turtle_interfaces/msg/_turtles_alive_s.c.o[0m
[6.319s] [ 82%] [32mBuilding C object CMakeFiles/turtle_interfaces__rosidl_generator_py.dir/rosidl_generator_py/turtle_interfaces/msg/_turtle_position_s.c.o[0m
[6.321s] [ 85%] [32mBuilding C object CMakeFiles/turtle_interfaces__rosidl_generator_py.dir/rosidl_generator_py/turtle_interfaces/srv/_catch_s.c.o[0m
[6.456s] [ 87%] [32m[1mLinking C shared library rosidl_generator_py/turtle_interfaces/libturtle_interfaces__rosidl_generator_py.so[0m
[6.509s] [ 87%] Built target turtle_interfaces__rosidl_generator_py
[6.523s] [35m[1mConsolidate compiler generated dependencies of target turtle_interfaces__rosidl_typesupport_introspection_c__pyext[0m
[6.523s] [35m[1mConsolidate compiler generated dependencies of target turtle_interfaces__rosidl_typesupport_fastrtps_c__pyext[0m
[6.523s] [35m[1mConsolidate compiler generated dependencies of target turtle_interfaces__rosidl_typesupport_c__pyext[0m
[6.541s] [ 89%] [32mBuilding C object CMakeFiles/turtle_interfaces__rosidl_typesupport_introspection_c__pyext.dir/rosidl_generator_py/turtle_interfaces/_turtle_interfaces_s.ep.rosidl_typesupport_introspection_c.c.o[0m
[6.542s] [ 91%] [32mBuilding C object CMakeFiles/turtle_interfaces__rosidl_typesupport_c__pyext.dir/rosidl_generator_py/turtle_interfaces/_turtle_interfaces_s.ep.rosidl_typesupport_c.c.o[0m
[6.546s] [ 93%] [32mBuilding C object CMakeFiles/turtle_interfaces__rosidl_typesupport_fastrtps_c__pyext.dir/rosidl_generator_py/turtle_interfaces/_turtle_interfaces_s.ep.rosidl_typesupport_fastrtps_c.c.o[0m
[6.662s] [ 95%] [32m[1mLinking C shared library rosidl_generator_py/turtle_interfaces/turtle_interfaces_s__rosidl_typesupport_introspection_c.cpython-310-x86_64-linux-gnu.so[0m
[6.672s] [ 97%] [32m[1mLinking C shared library rosidl_generator_py/turtle_interfaces/turtle_interfaces_s__rosidl_typesupport_c.cpython-310-x86_64-linux-gnu.so[0m
[6.683s] [100%] [32m[1mLinking C shared library rosidl_generator_py/turtle_interfaces/turtle_interfaces_s__rosidl_typesupport_fastrtps_c.cpython-310-x86_64-linux-gnu.so[0m
[6.708s] [100%] Built target turtle_interfaces__rosidl_typesupport_introspection_c__pyext
[6.712s] [100%] Built target turtle_interfaces__rosidl_typesupport_c__pyext
[6.722s] [100%] Built target turtle_interfaces__rosidl_typesupport_fastrtps_c__pyext
[6.738s] Invoked command in '/media/ros/fedora/home/maylis/Dokumente/TeleNav/build/turtle_interfaces' returned '0': CMAKE_PREFIX_PATH=${CMAKE_PREFIX_PATH}:/media/ros/fedora/home/maylis/Dokumente/TeleNav/install/turtle_controller:/media/ros/fedora/home/maylis/Dokumente/TeleNav/install/turtle_spawner:/media/ros/fedora/home/maylis/Dokumente/TeleNav/install/my_robot_controller:/opt/ros/humble /usr/bin/cmake --build /media/ros/fedora/home/maylis/Dokumente/TeleNav/build/turtle_interfaces -- -j6 -l6
[6.740s] Invoking command in '/media/ros/fedora/home/maylis/Dokumente/TeleNav/build/turtle_interfaces': CMAKE_PREFIX_PATH=${CMAKE_PREFIX_PATH}:/media/ros/fedora/home/maylis/Dokumente/TeleNav/install/turtle_controller:/media/ros/fedora/home/maylis/Dokumente/TeleNav/install/turtle_spawner:/media/ros/fedora/home/maylis/Dokumente/TeleNav/install/my_robot_controller:/opt/ros/humble /usr/bin/cmake --install /media/ros/fedora/home/maylis/Dokumente/TeleNav/build/turtle_interfaces
[6.754s] -- Install configuration: ""
[6.754s] -- Installing: /media/ros/fedora/home/maylis/Dokumente/TeleNav/install/turtle_interfaces/share/ament_index/resource_index/rosidl_interfaces/turtle_interfaces
[6.754s] -- Up-to-date: /media/ros/fedora/home/maylis/Dokumente/TeleNav/install/turtle_interfaces/include/turtle_interfaces/turtle_interfaces
[6.755s] -- Up-to-date: /media/ros/fedora/home/maylis/Dokumente/TeleNav/install/turtle_interfaces/include/turtle_interfaces/turtle_interfaces/msg
[6.755s] -- Up-to-date: /media/ros/fedora/home/maylis/Dokumente/TeleNav/install/turtle_interfaces/include/turtle_interfaces/turtle_interfaces/msg/rosidl_generator_c__visibility_control.h
[6.755s] -- Installing: /media/ros/fedora/home/maylis/Dokumente/TeleNav/install/turtle_interfaces/include/turtle_interfaces/turtle_interfaces/msg/turtle_position.h
[6.755s] -- Up-to-date: /media/ros/fedora/home/maylis/Dokumente/TeleNav/install/turtle_interfaces/include/turtle_interfaces/turtle_interfaces/msg/detail
[6.755s] -- Installing: /media/ros/fedora/home/maylis/Dokumente/TeleNav/install/turtle_interfaces/include/turtle_interfaces/turtle_interfaces/msg/detail/turtle_position__functions.c
[6.755s] -- Installing: /media/ros/fedora/home/maylis/Dokumente/TeleNav/install/turtle_interfaces/include/turtle_interfaces/turtle_interfaces/msg/detail/turtle_position__functions.h
[6.756s] -- Installing: /media/ros/fedora/home/maylis/Dokumente/TeleNav/install/turtle_interfaces/include/turtle_interfaces/turtle_interfaces/msg/detail/turtle_position__struct.h
[6.756s] -- Installing: /media/ros/fedora/home/maylis/Dokumente/TeleNav/install/turtle_interfaces/include/turtle_interfaces/turtle_interfaces/msg/detail/turtle_position__type_support.h
[6.756s] -- Installing: /media/ros/fedora/home/maylis/Dokumente/TeleNav/install/turtle_interfaces/include/turtle_interfaces/turtle_interfaces/msg/detail/turtles_alive__functions.c
[6.756s] -- Installing: /media/ros/fedora/home/maylis/Dokumente/TeleNav/install/turtle_interfaces/include/turtle_interfaces/turtle_interfaces/msg/detail/turtles_alive__functions.h
[6.756s] -- Installing: /media/ros/fedora/home/maylis/Dokumente/TeleNav/install/turtle_interfaces/include/turtle_interfaces/turtle_interfaces/msg/detail/turtles_alive__struct.h
[6.756s] -- Installing: /media/ros/fedora/home/maylis/Dokumente/TeleNav/install/turtle_interfaces/include/turtle_interfaces/turtle_interfaces/msg/detail/turtles_alive__type_support.h
[6.757s] -- Installing: /media/ros/fedora/home/maylis/Dokumente/TeleNav/install/turtle_interfaces/include/turtle_interfaces/turtle_interfaces/msg/turtles_alive.h
[6.757s] -- Installing: /media/ros/fedora/home/maylis/Dokumente/TeleNav/install/turtle_interfaces/include/turtle_interfaces/turtle_interfaces/srv
[6.757s] -- Installing: /media/ros/fedora/home/maylis/Dokumente/TeleNav/install/turtle_interfaces/include/turtle_interfaces/turtle_interfaces/srv/catch.h
[6.757s] -- Installing: /media/ros/fedora/home/maylis/Dokumente/TeleNav/install/turtle_interfaces/include/turtle_interfaces/turtle_interfaces/srv/detail
[6.757s] -- Installing: /media/ros/fedora/home/maylis/Dokumente/TeleNav/install/turtle_interfaces/include/turtle_interfaces/turtle_interfaces/srv/detail/catch__functions.c
[6.757s] -- Installing: /media/ros/fedora/home/maylis/Dokumente/TeleNav/install/turtle_interfaces/include/turtle_interfaces/turtle_interfaces/srv/detail/catch__functions.h
[6.757s] -- Installing: /media/ros/fedora/home/maylis/Dokumente/TeleNav/install/turtle_interfaces/include/turtle_interfaces/turtle_interfaces/srv/detail/catch__struct.h
[6.757s] -- Installing: /media/ros/fedora/home/maylis/Dokumente/TeleNav/install/turtle_interfaces/include/turtle_interfaces/turtle_interfaces/srv/detail/catch__type_support.h
[6.757s] -- Up-to-date: /media/ros/fedora/home/maylis/Dokumente/TeleNav/install/turtle_interfaces/share/turtle_interfaces/environment/library_path.sh
[6.757s] -- Installing: /media/ros/fedora/home/maylis/Dokumente/TeleNav/install/turtle_interfaces/share/turtle_interfaces/environment/library_path.dsv
[6.758s] -- Installing: /media/ros/fedora/home/maylis/Dokumente/TeleNav/install/turtle_interfaces/lib/libturtle_interfaces__rosidl_generator_c.so
[6.759s] -- Set runtime path of "/media/ros/fedora/home/maylis/Dokumente/TeleNav/install/turtle_interfaces/lib/libturtle_interfaces__rosidl_generator_c.so" to ""
[6.759s] -- Up-to-date: /media/ros/fedora/home/maylis/Dokumente/TeleNav/install/turtle_interfaces/include/turtle_interfaces/turtle_interfaces
[6.759s] -- Up-to-date: /media/ros/fedora/home/maylis/Dokumente/TeleNav/install/turtle_interfaces/include/turtle_interfaces/turtle_interfaces/msg
[6.759s] -- Up-to-date: /media/ros/fedora/home/maylis/Dokumente/TeleNav/install/turtle_interfaces/include/turtle_interfaces/turtle_interfaces/msg/rosidl_typesupport_fastrtps_c__visibility_control.h
[6.759s] -- Up-to-date: /media/ros/fedora/home/maylis/Dokumente/TeleNav/install/turtle_interfaces/include/turtle_interfaces/turtle_interfaces/msg/detail
[6.759s] -- Installing: /media/ros/fedora/home/maylis/Dokumente/TeleNav/install/turtle_interfaces/include/turtle_interfaces/turtle_interfaces/msg/detail/turtle_position__rosidl_typesupport_fastrtps_c.h
[6.759s] -- Installing: /media/ros/fedora/home/maylis/Dokumente/TeleNav/install/turtle_interfaces/include/turtle_interfaces/turtle_interfaces/msg/detail/turtles_alive__rosidl_typesupport_fastrtps_c.h
[6.759s] -- Up-to-date: /media/ros/fedora/home/maylis/Dokumente/TeleNav/install/turtle_interfaces/include/turtle_interfaces/turtle_interfaces/srv
[6.759s] -- Up-to-date: /media/ros/fedora/home/maylis/Dokumente/TeleNav/install/turtle_interfaces/include/turtle_interfaces/turtle_interfaces/srv/detail
[6.760s] -- Installing: /media/ros/fedora/home/maylis/Dokumente/TeleNav/install/turtle_interfaces/include/turtle_interfaces/turtle_interfaces/srv/detail/catch__rosidl_typesupport_fastrtps_c.h
[6.760s] -- Installing: /media/ros/fedora/home/maylis/Dokumente/TeleNav/install/turtle_interfaces/lib/libturtle_interfaces__rosidl_typesupport_fastrtps_c.so
[6.761s] -- Set runtime path of "/media/ros/fedora/home/maylis/Dokumente/TeleNav/install/turtle_interfaces/lib/libturtle_interfaces__rosidl_typesupport_fastrtps_c.so" to ""
[6.761s] -- Up-to-date: /media/ros/fedora/home/maylis/Dokumente/TeleNav/install/turtle_interfaces/include/turtle_interfaces/turtle_interfaces
[6.761s] -- Up-to-date: /media/ros/fedora/home/maylis/Dokumente/TeleNav/install/turtle_interfaces/include/turtle_interfaces/turtle_interfaces/msg
[6.761s] -- Up-to-date: /media/ros/fedora/home/maylis/Dokumente/TeleNav/install/turtle_interfaces/include/turtle_interfaces/turtle_interfaces/msg/rosidl_typesupport_introspection_c__visibility_control.h
[6.761s] -- Up-to-date: /media/ros/fedora/home/maylis/Dokumente/TeleNav/install/turtle_interfaces/include/turtle_interfaces/turtle_interfaces/msg/detail
[6.761s] -- Installing: /media/ros/fedora/home/maylis/Dokumente/TeleNav/install/turtle_interfaces/include/turtle_interfaces/turtle_interfaces/msg/detail/turtle_position__rosidl_typesupport_introspection_c.h
[6.762s] -- Installing: /media/ros/fedora/home/maylis/Dokumente/TeleNav/install/turtle_interfaces/include/turtle_interfaces/turtle_interfaces/msg/detail/turtle_position__type_support.c
[6.762s] -- Installing: /media/ros/fedora/home/maylis/Dokumente/TeleNav/install/turtle_interfaces/include/turtle_interfaces/turtle_interfaces/msg/detail/turtles_alive__rosidl_typesupport_introspection_c.h
[6.762s] -- Installing: /media/ros/fedora/home/maylis/Dokumente/TeleNav/install/turtle_interfaces/include/turtle_interfaces/turtle_interfaces/msg/detail/turtles_alive__type_support.c
[6.762s] -- Up-to-date: /media/ros/fedora/home/maylis/Dokumente/TeleNav/install/turtle_interfaces/include/turtle_interfaces/turtle_interfaces/srv
[6.762s] -- Up-to-date: /media/ros/fedora/home/maylis/Dokumente/TeleNav/install/turtle_interfaces/include/turtle_interfaces/turtle_interfaces/srv/detail
[6.762s] -- Installing: /media/ros/fedora/home/maylis/Dokumente/TeleNav/install/turtle_interfaces/include/turtle_interfaces/turtle_interfaces/srv/detail/catch__rosidl_typesupport_introspection_c.h
[6.762s] -- Installing: /media/ros/fedora/home/maylis/Dokumente/TeleNav/install/turtle_interfaces/include/turtle_interfaces/turtle_interfaces/srv/detail/catch__type_support.c
[6.762s] -- Installing: /media/ros/fedora/home/maylis/Dokumente/TeleNav/install/turtle_interfaces/lib/libturtle_interfaces__rosidl_typesupport_introspection_c.so
[6.763s] -- Set runtime path of "/media/ros/fedora/home/maylis/Dokumente/TeleNav/install/turtle_interfaces/lib/libturtle_interfaces__rosidl_typesupport_introspection_c.so" to ""
[6.763s] -- Installing: /media/ros/fedora/home/maylis/Dokumente/TeleNav/install/turtle_interfaces/lib/libturtle_interfaces__rosidl_typesupport_c.so
[6.764s] -- Set runtime path of "/media/ros/fedora/home/maylis/Dokumente/TeleNav/install/turtle_interfaces/lib/libturtle_interfaces__rosidl_typesupport_c.so" to ""
[6.765s] -- Up-to-date: /media/ros/fedora/home/maylis/Dokumente/TeleNav/install/turtle_interfaces/include/turtle_interfaces/turtle_interfaces
[6.765s] -- Up-to-date: /media/ros/fedora/home/maylis/Dokumente/TeleNav/install/turtle_interfaces/include/turtle_interfaces/turtle_interfaces/msg
[6.766s] -- Up-to-date: /media/ros/fedora/home/maylis/Dokumente/TeleNav/install/turtle_interfaces/include/turtle_interfaces/turtle_interfaces/msg/rosidl_generator_cpp__visibility_control.hpp
[6.766s] -- Up-to-date: /media/ros/fedora/home/maylis/Dokumente/TeleNav/install/turtle_interfaces/include/turtle_interfaces/turtle_interfaces/msg/detail
[6.766s] -- Installing: /media/ros/fedora/home/maylis/Dokumente/TeleNav/install/turtle_interfaces/include/turtle_interfaces/turtle_interfaces/msg/detail/turtle_position__builder.hpp
[6.766s] -- Installing: /media/ros/fedora/home/maylis/Dokumente/TeleNav/install/turtle_interfaces/include/turtle_interfaces/turtle_interfaces/msg/detail/turtle_position__struct.hpp
[6.767s] -- Installing: /media/ros/fedora/home/maylis/Dokumente/TeleNav/install/turtle_interfaces/include/turtle_interfaces/turtle_interfaces/msg/detail/turtle_position__traits.hpp
[6.767s] -- Installing: /media/ros/fedora/home/maylis/Dokumente/TeleNav/install/turtle_interfaces/include/turtle_interfaces/turtle_interfaces/msg/detail/turtle_position__type_support.hpp
[6.767s] -- Installing: /media/ros/fedora/home/maylis/Dokumente/TeleNav/install/turtle_interfaces/include/turtle_interfaces/turtle_interfaces/msg/detail/turtles_alive__builder.hpp
[6.767s] -- Installing: /media/ros/fedora/home/maylis/Dokumente/TeleNav/install/turtle_interfaces/include/turtle_interfaces/turtle_interfaces/msg/detail/turtles_alive__struct.hpp
[6.767s] -- Installing: /media/ros/fedora/home/maylis/Dokumente/TeleNav/install/turtle_interfaces/include/turtle_interfaces/turtle_interfaces/msg/detail/turtles_alive__traits.hpp
[6.767s] -- Installing: /media/ros/fedora/home/maylis/Dokumente/TeleNav/install/turtle_interfaces/include/turtle_interfaces/turtle_interfaces/msg/detail/turtles_alive__type_support.hpp
[6.767s] -- Installing: /media/ros/fedora/home/maylis/Dokumente/TeleNav/install/turtle_interfaces/include/turtle_interfaces/turtle_interfaces/msg/turtles_alive.hpp
[6.768s] -- Installing: /media/ros/fedora/home/maylis/Dokumente/TeleNav/install/turtle_interfaces/include/turtle_interfaces/turtle_interfaces/msg/turtle_position.hpp
[6.768s] -- Up-to-date: /media/ros/fedora/home/maylis/Dokumente/TeleNav/install/turtle_interfaces/include/turtle_interfaces/turtle_interfaces/srv
[6.768s] -- Installing: /media/ros/fedora/home/maylis/Dokumente/TeleNav/install/turtle_interfaces/include/turtle_interfaces/turtle_interfaces/srv/catch.hpp
[6.768s] -- Up-to-date: /media/ros/fedora/home/maylis/Dokumente/TeleNav/install/turtle_interfaces/include/turtle_interfaces/turtle_interfaces/srv/detail
[6.768s] -- Installing: /media/ros/fedora/home/maylis/Dokumente/TeleNav/install/turtle_interfaces/include/turtle_interfaces/turtle_interfaces/srv/detail/catch__builder.hpp
[6.768s] -- Installing: /media/ros/fedora/home/maylis/Dokumente/TeleNav/install/turtle_interfaces/include/turtle_interfaces/turtle_interfaces/srv/detail/catch__struct.hpp
[6.768s] -- Installing: /media/ros/fedora/home/maylis/Dokumente/TeleNav/install/turtle_interfaces/include/turtle_interfaces/turtle_interfaces/srv/detail/catch__traits.hpp
[6.769s] -- Installing: /media/ros/fedora/home/maylis/Dokumente/TeleNav/install/turtle_interfaces/include/turtle_interfaces/turtle_interfaces/srv/detail/catch__type_support.hpp
[6.769s] -- Up-to-date: /media/ros/fedora/home/maylis/Dokumente/TeleNav/install/turtle_interfaces/include/turtle_interfaces/turtle_interfaces
[6.769s] -- Up-to-date: /media/ros/fedora/home/maylis/Dokumente/TeleNav/install/turtle_interfaces/include/turtle_interfaces/turtle_interfaces/msg
[6.770s] -- Up-to-date: /media/ros/fedora/home/maylis/Dokumente/TeleNav/install/turtle_interfaces/include/turtle_interfaces/turtle_interfaces/msg/rosidl_typesupport_fastrtps_cpp__visibility_control.h
[6.770s] -- Up-to-date: /media/ros/fedora/home/maylis/Dokumente/TeleNav/install/turtle_interfaces/include/turtle_interfaces/turtle_interfaces/msg/detail
[6.770s] -- Installing: /media/ros/fedora/home/maylis/Dokumente/TeleNav/install/turtle_interfaces/include/turtle_interfaces/turtle_interfaces/msg/detail/turtle_position__rosidl_typesupport_fastrtps_cpp.hpp
[6.770s] -- Up-to-date: /media/ros/fedora/home/maylis/Dokumente/TeleNav/install/turtle_interfaces/include/turtle_interfaces/turtle_interfaces/msg/detail/dds_fastrtps
[6.770s] -- Installing: /media/ros/fedora/home/maylis/Dokumente/TeleNav/install/turtle_interfaces/include/turtle_interfaces/turtle_interfaces/msg/detail/turtles_alive__rosidl_typesupport_fastrtps_cpp.hpp
[6.771s] -- Up-to-date: /media/ros/fedora/home/maylis/Dokumente/TeleNav/install/turtle_interfaces/include/turtle_interfaces/turtle_interfaces/srv
[6.771s] -- Up-to-date: /media/ros/fedora/home/maylis/Dokumente/TeleNav/install/turtle_interfaces/include/turtle_interfaces/turtle_interfaces/srv/detail
[6.771s] -- Installing: /media/ros/fedora/home/maylis/Dokumente/TeleNav/install/turtle_interfaces/include/turtle_interfaces/turtle_interfaces/srv/detail/catch__rosidl_typesupport_fastrtps_cpp.hpp
[6.771s] -- Installing: /media/ros/fedora/home/maylis/Dokumente/TeleNav/install/turtle_interfaces/include/turtle_interfaces/turtle_interfaces/srv/detail/dds_fastrtps
[6.771s] -- Installing: /media/ros/fedora/home/maylis/Dokumente/TeleNav/install/turtle_interfaces/lib/libturtle_interfaces__rosidl_typesupport_fastrtps_cpp.so
[6.772s] -- Set runtime path of "/media/ros/fedora/home/maylis/Dokumente/TeleNav/install/turtle_interfaces/lib/libturtle_interfaces__rosidl_typesupport_fastrtps_cpp.so" to ""
[6.773s] -- Up-to-date: /media/ros/fedora/home/maylis/Dokumente/TeleNav/install/turtle_interfaces/include/turtle_interfaces/turtle_interfaces
[6.773s] -- Up-to-date: /media/ros/fedora/home/maylis/Dokumente/TeleNav/install/turtle_interfaces/include/turtle_interfaces/turtle_interfaces/msg
[6.773s] -- Up-to-date: /media/ros/fedora/home/maylis/Dokumente/TeleNav/install/turtle_interfaces/include/turtle_interfaces/turtle_interfaces/msg/detail
[6.774s] -- Installing: /media/ros/fedora/home/maylis/Dokumente/TeleNav/install/turtle_interfaces/include/turtle_interfaces/turtle_interfaces/msg/detail/turtle_position__rosidl_typesupport_introspection_cpp.hpp
[6.774s] -- Installing: /media/ros/fedora/home/maylis/Dokumente/TeleNav/install/turtle_interfaces/include/turtle_interfaces/turtle_interfaces/msg/detail/turtle_position__type_support.cpp
[6.774s] -- Installing: /media/ros/fedora/home/maylis/Dokumente/TeleNav/install/turtle_interfaces/include/turtle_interfaces/turtle_interfaces/msg/detail/turtles_alive__rosidl_typesupport_introspection_cpp.hpp
[6.774s] -- Installing: /media/ros/fedora/home/maylis/Dokumente/TeleNav/install/turtle_interfaces/include/turtle_interfaces/turtle_interfaces/msg/detail/turtles_alive__type_support.cpp
[6.774s] -- Up-to-date: /media/ros/fedora/home/maylis/Dokumente/TeleNav/install/turtle_interfaces/include/turtle_interfaces/turtle_interfaces/srv
[6.774s] -- Up-to-date: /media/ros/fedora/home/maylis/Dokumente/TeleNav/install/turtle_interfaces/include/turtle_interfaces/turtle_interfaces/srv/detail
[6.774s] -- Installing: /media/ros/fedora/home/maylis/Dokumente/TeleNav/install/turtle_interfaces/include/turtle_interfaces/turtle_interfaces/srv/detail/catch__rosidl_typesupport_introspection_cpp.hpp
[6.774s] -- Installing: /media/ros/fedora/home/maylis/Dokumente/TeleNav/install/turtle_interfaces/include/turtle_interfaces/turtle_interfaces/srv/detail/catch__type_support.cpp
[6.775s] -- Installing: /media/ros/fedora/home/maylis/Dokumente/TeleNav/install/turtle_interfaces/lib/libturtle_interfaces__rosidl_typesupport_introspection_cpp.so
[6.776s] -- Set runtime path of "/media/ros/fedora/home/maylis/Dokumente/TeleNav/install/turtle_interfaces/lib/libturtle_interfaces__rosidl_typesupport_introspection_cpp.so" to ""
[6.777s] -- Installing: /media/ros/fedora/home/maylis/Dokumente/TeleNav/install/turtle_interfaces/lib/libturtle_interfaces__rosidl_typesupport_cpp.so
[6.778s] -- Set runtime path of "/media/ros/fedora/home/maylis/Dokumente/TeleNav/install/turtle_interfaces/lib/libturtle_interfaces__rosidl_typesupport_cpp.so" to ""
[6.778s] -- Up-to-date: /media/ros/fedora/home/maylis/Dokumente/TeleNav/install/turtle_interfaces/share/turtle_interfaces/environment/pythonpath.sh
[6.778s] -- Installing: /media/ros/fedora/home/maylis/Dokumente/TeleNav/install/turtle_interfaces/share/turtle_interfaces/environment/pythonpath.dsv
[6.778s] -- Up-to-date: /media/ros/fedora/home/maylis/Dokumente/TeleNav/install/turtle_interfaces/local/lib/python3.10/dist-packages/turtle_interfaces-0.0.0-py3.10.egg-info
[6.778s] -- Installing: /media/ros/fedora/home/maylis/Dokumente/TeleNav/install/turtle_interfaces/local/lib/python3.10/dist-packages/turtle_interfaces-0.0.0-py3.10.egg-info/PKG-INFO
[6.778s] -- Installing: /media/ros/fedora/home/maylis/Dokumente/TeleNav/install/turtle_interfaces/local/lib/python3.10/dist-packages/turtle_interfaces-0.0.0-py3.10.egg-info/dependency_links.txt
[6.779s] -- Installing: /media/ros/fedora/home/maylis/Dokumente/TeleNav/install/turtle_interfaces/local/lib/python3.10/dist-packages/turtle_interfaces-0.0.0-py3.10.egg-info/top_level.txt
[6.779s] -- Installing: /media/ros/fedora/home/maylis/Dokumente/TeleNav/install/turtle_interfaces/local/lib/python3.10/dist-packages/turtle_interfaces-0.0.0-py3.10.egg-info/SOURCES.txt
[6.779s] -- Up-to-date: /media/ros/fedora/home/maylis/Dokumente/TeleNav/install/turtle_interfaces/local/lib/python3.10/dist-packages/turtle_interfaces
[6.780s] -- Installing: /media/ros/fedora/home/maylis/Dokumente/TeleNav/install/turtle_interfaces/local/lib/python3.10/dist-packages/turtle_interfaces/__init__.py
[6.780s] -- Up-to-date: /media/ros/fedora/home/maylis/Dokumente/TeleNav/install/turtle_interfaces/local/lib/python3.10/dist-packages/turtle_interfaces/msg
[6.780s] -- Installing: /media/ros/fedora/home/maylis/Dokumente/TeleNav/install/turtle_interfaces/local/lib/python3.10/dist-packages/turtle_interfaces/msg/_turtle_position.py
[6.780s] -- Installing: /media/ros/fedora/home/maylis/Dokumente/TeleNav/install/turtle_interfaces/local/lib/python3.10/dist-packages/turtle_interfaces/msg/_turtle_position_s.c
[6.780s] -- Installing: /media/ros/fedora/home/maylis/Dokumente/TeleNav/install/turtle_interfaces/local/lib/python3.10/dist-packages/turtle_interfaces/msg/_turtles_alive.py
[6.782s] -- Installing: /media/ros/fedora/home/maylis/Dokumente/TeleNav/install/turtle_interfaces/local/lib/python3.10/dist-packages/turtle_interfaces/msg/_turtles_alive_s.c
[6.782s] -- Installing: /media/ros/fedora/home/maylis/Dokumente/TeleNav/install/turtle_interfaces/local/lib/python3.10/dist-packages/turtle_interfaces/msg/__init__.py
[6.782s] -- Installing: /media/ros/fedora/home/maylis/Dokumente/TeleNav/install/turtle_interfaces/local/lib/python3.10/dist-packages/turtle_interfaces/_turtle_interfaces_s.ep.rosidl_typesupport_introspection_c.c
[6.782s] -- Installing: /media/ros/fedora/home/maylis/Dokumente/TeleNav/install/turtle_interfaces/local/lib/python3.10/dist-packages/turtle_interfaces/_turtle_interfaces_s.ep.rosidl_typesupport_c.c
[6.782s] -- Installing: /media/ros/fedora/home/maylis/Dokumente/TeleNav/install/turtle_interfaces/local/lib/python3.10/dist-packages/turtle_interfaces/srv
[6.782s] -- Installing: /media/ros/fedora/home/maylis/Dokumente/TeleNav/install/turtle_interfaces/local/lib/python3.10/dist-packages/turtle_interfaces/srv/_catch.py
[6.782s] -- Installing: /media/ros/fedora/home/maylis/Dokumente/TeleNav/install/turtle_interfaces/local/lib/python3.10/dist-packages/turtle_interfaces/srv/_catch_s.c
[6.782s] -- Installing: /media/ros/fedora/home/maylis/Dokumente/TeleNav/install/turtle_interfaces/local/lib/python3.10/dist-packages/turtle_interfaces/srv/__init__.py
[6.782s] -- Installing: /media/ros/fedora/home/maylis/Dokumente/TeleNav/install/turtle_interfaces/local/lib/python3.10/dist-packages/turtle_interfaces/_turtle_interfaces_s.ep.rosidl_typesupport_fastrtps_c.c
[6.782s] -- Installing: /media/ros/fedora/home/maylis/Dokumente/TeleNav/install/turtle_interfaces/local/lib/python3.10/dist-packages/turtle_interfaces/libturtle_interfaces__rosidl_generator_py.so
[6.782s] -- Installing: /media/ros/fedora/home/maylis/Dokumente/TeleNav/install/turtle_interfaces/local/lib/python3.10/dist-packages/turtle_interfaces/turtle_interfaces_s__rosidl_typesupport_introspection_c.cpython-310-x86_64-linux-gnu.so
[6.783s] -- Installing: /media/ros/fedora/home/maylis/Dokumente/TeleNav/install/turtle_interfaces/local/lib/python3.10/dist-packages/turtle_interfaces/turtle_interfaces_s__rosidl_typesupport_c.cpython-310-x86_64-linux-gnu.so
[6.784s] -- Installing: /media/ros/fedora/home/maylis/Dokumente/TeleNav/install/turtle_interfaces/local/lib/python3.10/dist-packages/turtle_interfaces/turtle_interfaces_s__rosidl_typesupport_fastrtps_c.cpython-310-x86_64-linux-gnu.so
[6.832s] Listing '/media/ros/fedora/home/maylis/Dokumente/TeleNav/install/turtle_interfaces/local/lib/python3.10/dist-packages/turtle_interfaces'...
[6.833s] Compiling '/media/ros/fedora/home/maylis/Dokumente/TeleNav/install/turtle_interfaces/local/lib/python3.10/dist-packages/turtle_interfaces/__init__.py'...
[6.833s] Listing '/media/ros/fedora/home/maylis/Dokumente/TeleNav/install/turtle_interfaces/local/lib/python3.10/dist-packages/turtle_interfaces/msg'...
[6.833s] Compiling '/media/ros/fedora/home/maylis/Dokumente/TeleNav/install/turtle_interfaces/local/lib/python3.10/dist-packages/turtle_interfaces/msg/__init__.py'...
[6.833s] Compiling '/media/ros/fedora/home/maylis/Dokumente/TeleNav/install/turtle_interfaces/local/lib/python3.10/dist-packages/turtle_interfaces/msg/_turtle_position.py'...
[6.833s] Compiling '/media/ros/fedora/home/maylis/Dokumente/TeleNav/install/turtle_interfaces/local/lib/python3.10/dist-packages/turtle_interfaces/msg/_turtles_alive.py'...
[6.833s] Listing '/media/ros/fedora/home/maylis/Dokumente/TeleNav/install/turtle_interfaces/local/lib/python3.10/dist-packages/turtle_interfaces/srv'...
[6.833s] Compiling '/media/ros/fedora/home/maylis/Dokumente/TeleNav/install/turtle_interfaces/local/lib/python3.10/dist-packages/turtle_interfaces/srv/__init__.py'...
[6.834s] Compiling '/media/ros/fedora/home/maylis/Dokumente/TeleNav/install/turtle_interfaces/local/lib/python3.10/dist-packages/turtle_interfaces/srv/_catch.py'...
[6.839s] -- Installing: /media/ros/fedora/home/maylis/Dokumente/TeleNav/install/turtle_interfaces/local/lib/python3.10/dist-packages/turtle_interfaces/turtle_interfaces_s__rosidl_typesupport_fastrtps_c.cpython-310-x86_64-linux-gnu.so
[6.840s] -- Set runtime path of "/media/ros/fedora/home/maylis/Dokumente/TeleNav/install/turtle_interfaces/local/lib/python3.10/dist-packages/turtle_interfaces/turtle_interfaces_s__rosidl_typesupport_fastrtps_c.cpython-310-x86_64-linux-gnu.so" to ""
[6.840s] -- Installing: /media/ros/fedora/home/maylis/Dokumente/TeleNav/install/turtle_interfaces/local/lib/python3.10/dist-packages/turtle_interfaces/turtle_interfaces_s__rosidl_typesupport_introspection_c.cpython-310-x86_64-linux-gnu.so
[6.841s] -- Set runtime path of "/media/ros/fedora/home/maylis/Dokumente/TeleNav/install/turtle_interfaces/local/lib/python3.10/dist-packages/turtle_interfaces/turtle_interfaces_s__rosidl_typesupport_introspection_c.cpython-310-x86_64-linux-gnu.so" to ""
[6.842s] -- Installing: /media/ros/fedora/home/maylis/Dokumente/TeleNav/install/turtle_interfaces/local/lib/python3.10/dist-packages/turtle_interfaces/turtle_interfaces_s__rosidl_typesupport_c.cpython-310-x86_64-linux-gnu.so
[6.844s] -- Set runtime path of "/media/ros/fedora/home/maylis/Dokumente/TeleNav/install/turtle_interfaces/local/lib/python3.10/dist-packages/turtle_interfaces/turtle_interfaces_s__rosidl_typesupport_c.cpython-310-x86_64-linux-gnu.so" to ""
[6.844s] -- Installing: /media/ros/fedora/home/maylis/Dokumente/TeleNav/install/turtle_interfaces/lib/libturtle_interfaces__rosidl_generator_py.so
[6.844s] -- Set runtime path of "/media/ros/fedora/home/maylis/Dokumente/TeleNav/install/turtle_interfaces/lib/libturtle_interfaces__rosidl_generator_py.so" to ""
[6.844s] -- Up-to-date: /media/ros/fedora/home/maylis/Dokumente/TeleNav/install/turtle_interfaces/share/turtle_interfaces/msg/TurtlePosition.idl
[6.845s] -- Up-to-date: /media/ros/fedora/home/maylis/Dokumente/TeleNav/install/turtle_interfaces/share/turtle_interfaces/msg/TurtlesAlive.idl
[6.845s] -- Installing: /media/ros/fedora/home/maylis/Dokumente/TeleNav/install/turtle_interfaces/share/turtle_interfaces/srv/Catch.idl
[6.845s] -- Up-to-date: /media/ros/fedora/home/maylis/Dokumente/TeleNav/install/turtle_interfaces/share/turtle_interfaces/msg/TurtlePosition.msg
[6.845s] -- Up-to-date: /media/ros/fedora/home/maylis/Dokumente/TeleNav/install/turtle_interfaces/share/turtle_interfaces/msg/TurtlesAlive.msg
[6.846s] -- Installing: /media/ros/fedora/home/maylis/Dokumente/TeleNav/install/turtle_interfaces/share/turtle_interfaces/srv/Catch.srv
[6.846s] -- Installing: /media/ros/fedora/home/maylis/Dokumente/TeleNav/install/turtle_interfaces/share/turtle_interfaces/srv/Catch_Request.msg
[6.846s] -- Installing: /media/ros/fedora/home/maylis/Dokumente/TeleNav/install/turtle_interfaces/share/turtle_interfaces/srv/Catch_Response.msg
[6.847s] -- Up-to-date: /media/ros/fedora/home/maylis/Dokumente/TeleNav/install/turtle_interfaces/share/ament_index/resource_index/package_run_dependencies/turtle_interfaces
[6.847s] -- Up-to-date: /media/ros/fedora/home/maylis/Dokumente/TeleNav/install/turtle_interfaces/share/ament_index/resource_index/parent_prefix_path/turtle_interfaces
[6.847s] -- Up-to-date: /media/ros/fedora/home/maylis/Dokumente/TeleNav/install/turtle_interfaces/share/turtle_interfaces/environment/ament_prefix_path.sh
[6.848s] -- Installing: /media/ros/fedora/home/maylis/Dokumente/TeleNav/install/turtle_interfaces/share/turtle_interfaces/environment/ament_prefix_path.dsv
[6.848s] -- Up-to-date: /media/ros/fedora/home/maylis/Dokumente/TeleNav/install/turtle_interfaces/share/turtle_interfaces/environment/path.sh
[6.848s] -- Installing: /media/ros/fedora/home/maylis/Dokumente/TeleNav/install/turtle_interfaces/share/turtle_interfaces/environment/path.dsv
[6.848s] -- Up-to-date: /media/ros/fedora/home/maylis/Dokumente/TeleNav/install/turtle_interfaces/share/turtle_interfaces/local_setup.bash
[6.848s] -- Up-to-date: /media/ros/fedora/home/maylis/Dokumente/TeleNav/install/turtle_interfaces/share/turtle_interfaces/local_setup.sh
[6.849s] -- Up-to-date: /media/ros/fedora/home/maylis/Dokumente/TeleNav/install/turtle_interfaces/share/turtle_interfaces/local_setup.zsh
[6.849s] -- Installing: /media/ros/fedora/home/maylis/Dokumente/TeleNav/install/turtle_interfaces/share/turtle_interfaces/local_setup.dsv
[6.849s] -- Installing: /media/ros/fedora/home/maylis/Dokumente/TeleNav/install/turtle_interfaces/share/turtle_interfaces/package.dsv
[6.849s] -- Up-to-date: /media/ros/fedora/home/maylis/Dokumente/TeleNav/install/turtle_interfaces/share/ament_index/resource_index/packages/turtle_interfaces
[6.849s] -- Up-to-date: /media/ros/fedora/home/maylis/Dokumente/TeleNav/install/turtle_interfaces/share/turtle_interfaces/cmake/export_turtle_interfaces__rosidl_generator_cExport.cmake
[6.849s] -- Up-to-date: /media/ros/fedora/home/maylis/Dokumente/TeleNav/install/turtle_interfaces/share/turtle_interfaces/cmake/export_turtle_interfaces__rosidl_generator_cExport-noconfig.cmake
[6.849s] -- Up-to-date: /media/ros/fedora/home/maylis/Dokumente/TeleNav/install/turtle_interfaces/share/turtle_interfaces/cmake/export_turtle_interfaces__rosidl_typesupport_fastrtps_cExport.cmake
[6.849s] -- Up-to-date: /media/ros/fedora/home/maylis/Dokumente/TeleNav/install/turtle_interfaces/share/turtle_interfaces/cmake/export_turtle_interfaces__rosidl_typesupport_fastrtps_cExport-noconfig.cmake
[6.850s] -- Up-to-date: /media/ros/fedora/home/maylis/Dokumente/TeleNav/install/turtle_interfaces/share/turtle_interfaces/cmake/turtle_interfaces__rosidl_typesupport_introspection_cExport.cmake
[6.850s] -- Up-to-date: /media/ros/fedora/home/maylis/Dokumente/TeleNav/install/turtle_interfaces/share/turtle_interfaces/cmake/turtle_interfaces__rosidl_typesupport_introspection_cExport-noconfig.cmake
[6.850s] -- Up-to-date: /media/ros/fedora/home/maylis/Dokumente/TeleNav/install/turtle_interfaces/share/turtle_interfaces/cmake/turtle_interfaces__rosidl_typesupport_cExport.cmake
[6.850s] -- Up-to-date: /media/ros/fedora/home/maylis/Dokumente/TeleNav/install/turtle_interfaces/share/turtle_interfaces/cmake/turtle_interfaces__rosidl_typesupport_cExport-noconfig.cmake
[6.851s] -- Up-to-date: /media/ros/fedora/home/maylis/Dokumente/TeleNav/install/turtle_interfaces/share/turtle_interfaces/cmake/export_turtle_interfaces__rosidl_generator_cppExport.cmake
[6.851s] -- Up-to-date: /media/ros/fedora/home/maylis/Dokumente/TeleNav/install/turtle_interfaces/share/turtle_interfaces/cmake/export_turtle_interfaces__rosidl_typesupport_fastrtps_cppExport.cmake
[6.851s] -- Up-to-date: /media/ros/fedora/home/maylis/Dokumente/TeleNav/install/turtle_interfaces/share/turtle_interfaces/cmake/export_turtle_interfaces__rosidl_typesupport_fastrtps_cppExport-noconfig.cmake
[6.851s] -- Up-to-date: /media/ros/fedora/home/maylis/Dokumente/TeleNav/install/turtle_interfaces/share/turtle_interfaces/cmake/turtle_interfaces__rosidl_typesupport_introspection_cppExport.cmake
[6.851s] -- Up-to-date: /media/ros/fedora/home/maylis/Dokumente/TeleNav/install/turtle_interfaces/share/turtle_interfaces/cmake/turtle_interfaces__rosidl_typesupport_introspection_cppExport-noconfig.cmake
[6.851s] -- Up-to-date: /media/ros/fedora/home/maylis/Dokumente/TeleNav/install/turtle_interfaces/share/turtle_interfaces/cmake/turtle_interfaces__rosidl_typesupport_cppExport.cmake
[6.851s] -- Up-to-date: /media/ros/fedora/home/maylis/Dokumente/TeleNav/install/turtle_interfaces/share/turtle_interfaces/cmake/turtle_interfaces__rosidl_typesupport_cppExport-noconfig.cmake
[6.852s] -- Up-to-date: /media/ros/fedora/home/maylis/Dokumente/TeleNav/install/turtle_interfaces/share/turtle_interfaces/cmake/export_turtle_interfaces__rosidl_generator_pyExport.cmake
[6.852s] -- Up-to-date: /media/ros/fedora/home/maylis/Dokumente/TeleNav/install/turtle_interfaces/share/turtle_interfaces/cmake/export_turtle_interfaces__rosidl_generator_pyExport-noconfig.cmake
[6.852s] -- Installing: /media/ros/fedora/home/maylis/Dokumente/TeleNav/install/turtle_interfaces/share/turtle_interfaces/cmake/rosidl_cmake-extras.cmake
[6.852s] -- Up-to-date: /media/ros/fedora/home/maylis/Dokumente/TeleNav/install/turtle_interfaces/share/turtle_interfaces/cmake/ament_cmake_export_include_directories-extras.cmake
[6.852s] -- Up-to-date: /media/ros/fedora/home/maylis/Dokumente/TeleNav/install/turtle_interfaces/share/turtle_interfaces/cmake/ament_cmake_export_libraries-extras.cmake
[6.852s] -- Up-to-date: /media/ros/fedora/home/maylis/Dokumente/TeleNav/install/turtle_interfaces/share/turtle_interfaces/cmake/ament_cmake_export_targets-extras.cmake
[6.853s] -- Up-to-date: /media/ros/fedora/home/maylis/Dokumente/TeleNav/install/turtle_interfaces/share/turtle_interfaces/cmake/rosidl_cmake_export_typesupport_targets-extras.cmake
[6.854s] -- Up-to-date: /media/ros/fedora/home/maylis/Dokumente/TeleNav/install/turtle_interfaces/share/turtle_interfaces/cmake/ament_cmake_export_dependencies-extras.cmake
[6.854s] -- Up-to-date: /media/ros/fedora/home/maylis/Dokumente/TeleNav/install/turtle_interfaces/share/turtle_interfaces/cmake/rosidl_cmake_export_typesupport_libraries-extras.cmake
[6.855s] -- Up-to-date: /media/ros/fedora/home/maylis/Dokumente/TeleNav/install/turtle_interfaces/share/turtle_interfaces/cmake/turtle_interfacesConfig.cmake
[6.855s] -- Up-to-date: /media/ros/fedora/home/maylis/Dokumente/TeleNav/install/turtle_interfaces/share/turtle_interfaces/cmake/turtle_interfacesConfig-version.cmake
[6.855s] -- Up-to-date: /media/ros/fedora/home/maylis/Dokumente/TeleNav/install/turtle_interfaces/share/turtle_interfaces/package.xml
[6.856s] Invoked command in '/media/ros/fedora/home/maylis/Dokumente/TeleNav/build/turtle_interfaces' returned '0': CMAKE_PREFIX_PATH=${CMAKE_PREFIX_PATH}:/media/ros/fedora/home/maylis/Dokumente/TeleNav/install/turtle_controller:/media/ros/fedora/home/maylis/Dokumente/TeleNav/install/turtle_spawner:/media/ros/fedora/home/maylis/Dokumente/TeleNav/install/my_robot_controller:/opt/ros/humble /usr/bin/cmake --install /media/ros/fedora/home/maylis/Dokumente/TeleNav/build/turtle_interfaces
