[0.010s] Invoking command in '/media/ros/fedora/home/maylis/Dokumente/TeleNav/project_ws/src/telerobot_interfaces/build/telerobot_interfaces': /usr/bin/cmake /media/ros/fedora/home/maylis/Dokumente/TeleNav/project_ws/src/telerobot_interfaces -DCMAKE_INSTALL_PREFIX=/media/ros/fedora/home/maylis/Dokumente/TeleNav/project_ws/src/telerobot_interfaces/install/telerobot_interfaces
[0.020s] -- Found ament_cmake: 1.3.12 (/opt/ros/humble/share/ament_cmake/cmake)
[0.140s] -- Found rosidl_default_generators: 1.2.0 (/opt/ros/humble/share/rosidl_default_generators/cmake)
[0.144s] -- Using all available rosidl_typesupport_c: rosidl_typesupport_fastrtps_c;rosidl_typesupport_introspection_c
[0.150s] -- Found rosidl_adapter: 3.1.7 (/opt/ros/humble/share/rosidl_adapter/cmake)
[0.187s] -- Using all available rosidl_typesupport_cpp: rosidl_typesupport_fastrtps_cpp;rosidl_typesupport_introspection_cpp
[0.368s] Error parsing '/media/ros/fedora/home/maylis/Dokumente/TeleNav/project_ws/src/telerobot_interfaces/package.xml':
[0.409s] Traceback (most recent call last):
[0.409s]   File "/opt/ros/humble/share/ament_cmake_core/cmake/core/package_xml_2_cmake.py", line 150, in <module>
[0.410s]     main()
[0.410s]   File "/opt/ros/humble/share/ament_cmake_core/cmake/core/package_xml_2_cmake.py", line 53, in main
[0.410s]     raise e
[0.410s]   File "/opt/ros/humble/share/ament_cmake_core/cmake/core/package_xml_2_cmake.py", line 49, in main
[0.410s]     package = parse_package_string(
[0.411s]   File "/usr/lib/python3/dist-packages/catkin_pkg/package.py", line 788, in parse_package_string
[0.411s]     pkg.validate(warnings=warnings)
[0.411s]   File "/usr/lib/python3/dist-packages/catkin_pkg/package.py", line 330, in validate
[0.411s]     raise InvalidPackage('\n'.join(errors), self.filename)
[0.411s] catkin_pkg.package.InvalidPackage: Error(s) in package '/media/ros/fedora/home/maylis/Dokumente/TeleNav/project_ws/src/telerobot_interfaces/package.xml':
[0.411s] Invalid email "maytastico" for person "ros"
[0.431s] [31mCMake Error at /opt/ros/humble/share/ament_cmake_core/cmake/core/ament_package_xml.cmake:95 (message):
[0.432s]   execute_process(/usr/bin/python3
[0.432s]   /opt/ros/humble/share/ament_cmake_core/cmake/core/package_xml_2_cmake.py
[0.432s]   /media/ros/fedora/home/maylis/Dokumente/TeleNav/project_ws/src/telerobot_interfaces/package.xml
[0.432s]   /media/ros/fedora/home/maylis/Dokumente/TeleNav/project_ws/src/telerobot_interfaces/build/telerobot_interfaces/ament_cmake_core/package.cmake)
[0.432s]   returned error code 1
[0.432s] Call Stack (most recent call first):
[0.433s]   /opt/ros/humble/share/ament_cmake_core/cmake/core/ament_package_xml.cmake:49 (_ament_package_xml)
[0.433s]   /opt/ros/humble/share/rosidl_cmake/cmake/rosidl_generate_interfaces.cmake:226 (ament_package_xml)
[0.433s]   CMakeLists.txt:14 (rosidl_generate_interfaces)
[0.433s] 
[0.433s] [0m
[0.433s] -- Configuring incomplete, errors occurred!
[0.433s] See also "/media/ros/fedora/home/maylis/Dokumente/TeleNav/project_ws/src/telerobot_interfaces/build/telerobot_interfaces/CMakeFiles/CMakeOutput.log".
[0.439s] Invoked command in '/media/ros/fedora/home/maylis/Dokumente/TeleNav/project_ws/src/telerobot_interfaces/build/telerobot_interfaces' returned '1': /usr/bin/cmake /media/ros/fedora/home/maylis/Dokumente/TeleNav/project_ws/src/telerobot_interfaces -DCMAKE_INSTALL_PREFIX=/media/ros/fedora/home/maylis/Dokumente/TeleNav/project_ws/src/telerobot_interfaces/install/telerobot_interfaces
