[0.098s] DEBUG:colcon:Command line arguments: ['/usr/bin/colcon', 'build']
[0.098s] DEBUG:colcon:Parsed command line arguments: Namespace(log_base=None, log_level=None, verb_name='build', build_base='build', install_base='install', merge_install=False, symlink_install=False, test_result_base=None, continue_on_error=False, executor='parallel', parallel_workers=6, event_handlers=None, ignore_user_meta=False, metas=['./colcon.meta'], base_paths=['.'], packages_ignore=None, packages_ignore_regex=None, paths=None, packages_up_to=None, packages_up_to_regex=None, packages_above=None, packages_above_and_dependencies=None, packages_above_depth=None, packages_select_by_dep=None, packages_skip_by_dep=None, packages_skip_up_to=None, packages_select_build_failed=False, packages_skip_build_finished=False, packages_select_test_failures=False, packages_skip_test_passed=False, packages_select=None, packages_skip=None, packages_select_regex=None, packages_skip_regex=None, packages_start=None, packages_end=None, allow_overriding=[], cmake_args=None, cmake_target=None, cmake_target_skip_unavailable=False, cmake_clean_cache=False, cmake_clean_first=False, cmake_force_configure=False, ament_cmake_args=None, catkin_cmake_args=None, catkin_skip_building_tests=False, mixin_files=None, mixin=None, verb_parser=<colcon_mixin.mixin.mixin_argument.MixinArgumentDecorator object at 0x7bd4d39809d0>, verb_extension=<colcon_core.verb.build.BuildVerb object at 0x7bd4d3953e50>, main=<bound method BuildVerb.main of <colcon_core.verb.build.BuildVerb object at 0x7bd4d3953e50>>, mixin_verb=('build',))
[0.274s] Level 1:colcon.colcon_core.package_discovery:discover_packages(colcon_meta) check parameters
[0.274s] Level 1:colcon.colcon_core.package_discovery:discover_packages(recursive) check parameters
[0.274s] Level 1:colcon.colcon_core.package_discovery:discover_packages(ignore) check parameters
[0.274s] Level 1:colcon.colcon_core.package_discovery:discover_packages(path) check parameters
[0.274s] Level 1:colcon.colcon_core.package_discovery:discover_packages(colcon_meta) discover
[0.274s] Level 1:colcon.colcon_core.package_discovery:discover_packages(recursive) discover
[0.274s] INFO:colcon.colcon_core.package_discovery:Crawling recursively for packages in '/media/ros/fedora/home/maylis/Dokumente/TeleNav/project_ws'
[0.274s] Level 1:colcon.colcon_core.package_identification:_identify(.) by extensions ['ignore', 'ignore_ament_install']
[0.274s] Level 1:colcon.colcon_core.package_identification:_identify(.) by extension 'ignore'
[0.274s] Level 1:colcon.colcon_core.package_identification:_identify(.) by extension 'ignore_ament_install'
[0.274s] Level 1:colcon.colcon_core.package_identification:_identify(.) by extensions ['colcon_pkg']
[0.274s] Level 1:colcon.colcon_core.package_identification:_identify(.) by extension 'colcon_pkg'
[0.275s] Level 1:colcon.colcon_core.package_identification:_identify(.) by extensions ['colcon_meta']
[0.275s] Level 1:colcon.colcon_core.package_identification:_identify(.) by extension 'colcon_meta'
[0.275s] Level 1:colcon.colcon_core.package_identification:_identify(.) by extensions ['ros']
[0.275s] Level 1:colcon.colcon_core.package_identification:_identify(.) by extension 'ros'
[0.287s] Level 1:colcon.colcon_core.package_identification:_identify(.) by extensions ['cmake', 'python']
[0.287s] Level 1:colcon.colcon_core.package_identification:_identify(.) by extension 'cmake'
[0.287s] Level 1:colcon.colcon_core.package_identification:_identify(.) by extension 'python'
[0.287s] Level 1:colcon.colcon_core.package_identification:_identify(.) by extensions ['python_setup_py']
[0.287s] Level 1:colcon.colcon_core.package_identification:_identify(.) by extension 'python_setup_py'
[0.287s] Level 1:colcon.colcon_core.package_identification:_identify(build) by extensions ['ignore', 'ignore_ament_install']
[0.287s] Level 1:colcon.colcon_core.package_identification:_identify(build) by extension 'ignore'
[0.287s] Level 1:colcon.colcon_core.package_identification:_identify(build) ignored
[0.288s] Level 1:colcon.colcon_core.package_identification:_identify(install) by extensions ['ignore', 'ignore_ament_install']
[0.288s] Level 1:colcon.colcon_core.package_identification:_identify(install) by extension 'ignore'
[0.288s] Level 1:colcon.colcon_core.package_identification:_identify(install) ignored
[0.288s] Level 1:colcon.colcon_core.package_identification:_identify(log) by extensions ['ignore', 'ignore_ament_install']
[0.288s] Level 1:colcon.colcon_core.package_identification:_identify(log) by extension 'ignore'
[0.288s] Level 1:colcon.colcon_core.package_identification:_identify(log) ignored
[0.288s] Level 1:colcon.colcon_core.package_identification:_identify(src) by extensions ['ignore', 'ignore_ament_install']
[0.288s] Level 1:colcon.colcon_core.package_identification:_identify(src) by extension 'ignore'
[0.288s] Level 1:colcon.colcon_core.package_identification:_identify(src) by extension 'ignore_ament_install'
[0.288s] Level 1:colcon.colcon_core.package_identification:_identify(src) by extensions ['colcon_pkg']
[0.288s] Level 1:colcon.colcon_core.package_identification:_identify(src) by extension 'colcon_pkg'
[0.288s] Level 1:colcon.colcon_core.package_identification:_identify(src) by extensions ['colcon_meta']
[0.288s] Level 1:colcon.colcon_core.package_identification:_identify(src) by extension 'colcon_meta'
[0.288s] Level 1:colcon.colcon_core.package_identification:_identify(src) by extensions ['ros']
[0.288s] Level 1:colcon.colcon_core.package_identification:_identify(src) by extension 'ros'
[0.288s] Level 1:colcon.colcon_core.package_identification:_identify(src) by extensions ['cmake', 'python']
[0.289s] Level 1:colcon.colcon_core.package_identification:_identify(src) by extension 'cmake'
[0.289s] Level 1:colcon.colcon_core.package_identification:_identify(src) by extension 'python'
[0.289s] Level 1:colcon.colcon_core.package_identification:_identify(src) by extensions ['python_setup_py']
[0.289s] Level 1:colcon.colcon_core.package_identification:_identify(src) by extension 'python_setup_py'
[0.289s] Level 1:colcon.colcon_core.package_identification:_identify(src/telerobot_bringup) by extensions ['ignore', 'ignore_ament_install']
[0.289s] Level 1:colcon.colcon_core.package_identification:_identify(src/telerobot_bringup) by extension 'ignore'
[0.289s] Level 1:colcon.colcon_core.package_identification:_identify(src/telerobot_bringup) by extension 'ignore_ament_install'
[0.289s] Level 1:colcon.colcon_core.package_identification:_identify(src/telerobot_bringup) by extensions ['colcon_pkg']
[0.289s] Level 1:colcon.colcon_core.package_identification:_identify(src/telerobot_bringup) by extension 'colcon_pkg'
[0.289s] Level 1:colcon.colcon_core.package_identification:_identify(src/telerobot_bringup) by extensions ['colcon_meta']
[0.289s] Level 1:colcon.colcon_core.package_identification:_identify(src/telerobot_bringup) by extension 'colcon_meta'
[0.289s] Level 1:colcon.colcon_core.package_identification:_identify(src/telerobot_bringup) by extensions ['ros']
[0.289s] Level 1:colcon.colcon_core.package_identification:_identify(src/telerobot_bringup) by extension 'ros'
[0.307s] DEBUG:colcon.colcon_core.package_identification:Package 'src/telerobot_bringup' with type 'ros.ament_cmake' and name 'telerobot_bringup'
[0.307s] Level 1:colcon.colcon_core.package_identification:_identify(src/telerobot_controller) by extensions ['ignore', 'ignore_ament_install']
[0.307s] Level 1:colcon.colcon_core.package_identification:_identify(src/telerobot_controller) by extension 'ignore'
[0.307s] Level 1:colcon.colcon_core.package_identification:_identify(src/telerobot_controller) by extension 'ignore_ament_install'
[0.307s] Level 1:colcon.colcon_core.package_identification:_identify(src/telerobot_controller) by extensions ['colcon_pkg']
[0.307s] Level 1:colcon.colcon_core.package_identification:_identify(src/telerobot_controller) by extension 'colcon_pkg'
[0.308s] Level 1:colcon.colcon_core.package_identification:_identify(src/telerobot_controller) by extensions ['colcon_meta']
[0.308s] Level 1:colcon.colcon_core.package_identification:_identify(src/telerobot_controller) by extension 'colcon_meta'
[0.308s] Level 1:colcon.colcon_core.package_identification:_identify(src/telerobot_controller) by extensions ['ros']
[0.308s] Level 1:colcon.colcon_core.package_identification:_identify(src/telerobot_controller) by extension 'ros'
[0.308s] DEBUG:colcon.colcon_core.package_identification:Package 'src/telerobot_controller' with type 'ros.ament_python' and name 'telerobot_controller'
[0.308s] Level 1:colcon.colcon_core.package_identification:_identify(src/telerobot_description) by extensions ['ignore', 'ignore_ament_install']
[0.308s] Level 1:colcon.colcon_core.package_identification:_identify(src/telerobot_description) by extension 'ignore'
[0.309s] Level 1:colcon.colcon_core.package_identification:_identify(src/telerobot_description) by extension 'ignore_ament_install'
[0.309s] Level 1:colcon.colcon_core.package_identification:_identify(src/telerobot_description) by extensions ['colcon_pkg']
[0.309s] Level 1:colcon.colcon_core.package_identification:_identify(src/telerobot_description) by extension 'colcon_pkg'
[0.309s] Level 1:colcon.colcon_core.package_identification:_identify(src/telerobot_description) by extensions ['colcon_meta']
[0.309s] Level 1:colcon.colcon_core.package_identification:_identify(src/telerobot_description) by extension 'colcon_meta'
[0.309s] Level 1:colcon.colcon_core.package_identification:_identify(src/telerobot_description) by extensions ['ros']
[0.309s] Level 1:colcon.colcon_core.package_identification:_identify(src/telerobot_description) by extension 'ros'
[0.309s] DEBUG:colcon.colcon_core.package_identification:Package 'src/telerobot_description' with type 'ros.ament_cmake' and name 'telerobot_description'
[0.310s] Level 1:colcon.colcon_core.package_identification:_identify(src/telerobot_interfaces) by extensions ['ignore', 'ignore_ament_install']
[0.310s] Level 1:colcon.colcon_core.package_identification:_identify(src/telerobot_interfaces) by extension 'ignore'
[0.310s] Level 1:colcon.colcon_core.package_identification:_identify(src/telerobot_interfaces) by extension 'ignore_ament_install'
[0.310s] Level 1:colcon.colcon_core.package_identification:_identify(src/telerobot_interfaces) by extensions ['colcon_pkg']
[0.310s] Level 1:colcon.colcon_core.package_identification:_identify(src/telerobot_interfaces) by extension 'colcon_pkg'
[0.310s] Level 1:colcon.colcon_core.package_identification:_identify(src/telerobot_interfaces) by extensions ['colcon_meta']
[0.310s] Level 1:colcon.colcon_core.package_identification:_identify(src/telerobot_interfaces) by extension 'colcon_meta'
[0.310s] Level 1:colcon.colcon_core.package_identification:_identify(src/telerobot_interfaces) by extensions ['ros']
[0.310s] Level 1:colcon.colcon_core.package_identification:_identify(src/telerobot_interfaces) by extension 'ros'
[0.310s] DEBUG:colcon.colcon_core.package_identification:Package 'src/telerobot_interfaces' with type 'ros.ament_cmake' and name 'telerobot_interfaces'
[0.310s] Level 1:colcon.colcon_core.package_discovery:discover_packages(recursive) using defaults
[0.311s] Level 1:colcon.colcon_core.package_discovery:discover_packages(ignore) discover
[0.311s] Level 1:colcon.colcon_core.package_discovery:discover_packages(ignore) using defaults
[0.311s] Level 1:colcon.colcon_core.package_discovery:discover_packages(path) discover
[0.311s] Level 1:colcon.colcon_core.package_discovery:discover_packages(path) using defaults
[0.330s] Level 1:colcon.colcon_core.package_discovery:discover_packages(prefix_path) check parameters
[0.331s] Level 1:colcon.colcon_core.package_discovery:discover_packages(prefix_path) discover
[0.332s] DEBUG:colcon.colcon_installed_package_information.package_discovery:Found 4 installed packages in /media/ros/fedora/home/maylis/Dokumente/TeleNav/project_ws/install
[0.334s] DEBUG:colcon.colcon_installed_package_information.package_discovery:Found 470 installed packages in /opt/ros/humble
[0.337s] Level 1:colcon.colcon_core.package_discovery:discover_packages(prefix_path) using defaults
[0.394s] Level 5:colcon.colcon_core.verb:set package 'telerobot_bringup' build argument 'cmake_args' from command line to 'None'
[0.394s] Level 5:colcon.colcon_core.verb:set package 'telerobot_bringup' build argument 'cmake_target' from command line to 'None'
[0.394s] Level 5:colcon.colcon_core.verb:set package 'telerobot_bringup' build argument 'cmake_target_skip_unavailable' from command line to 'False'
[0.394s] Level 5:colcon.colcon_core.verb:set package 'telerobot_bringup' build argument 'cmake_clean_cache' from command line to 'False'
[0.394s] Level 5:colcon.colcon_core.verb:set package 'telerobot_bringup' build argument 'cmake_clean_first' from command line to 'False'
[0.394s] Level 5:colcon.colcon_core.verb:set package 'telerobot_bringup' build argument 'cmake_force_configure' from command line to 'False'
[0.394s] Level 5:colcon.colcon_core.verb:set package 'telerobot_bringup' build argument 'ament_cmake_args' from command line to 'None'
[0.394s] Level 5:colcon.colcon_core.verb:set package 'telerobot_bringup' build argument 'catkin_cmake_args' from command line to 'None'
[0.394s] Level 5:colcon.colcon_core.verb:set package 'telerobot_bringup' build argument 'catkin_skip_building_tests' from command line to 'False'
[0.394s] DEBUG:colcon.colcon_core.verb:Building package 'telerobot_bringup' with the following arguments: {'ament_cmake_args': None, 'build_base': '/media/ros/fedora/home/maylis/Dokumente/TeleNav/project_ws/build/telerobot_bringup', 'catkin_cmake_args': None, 'catkin_skip_building_tests': False, 'cmake_args': None, 'cmake_clean_cache': False, 'cmake_clean_first': False, 'cmake_force_configure': False, 'cmake_target': None, 'cmake_target_skip_unavailable': False, 'install_base': '/media/ros/fedora/home/maylis/Dokumente/TeleNav/project_ws/install/telerobot_bringup', 'merge_install': False, 'path': '/media/ros/fedora/home/maylis/Dokumente/TeleNav/project_ws/src/telerobot_bringup', 'symlink_install': False, 'test_result_base': None}
[0.394s] Level 5:colcon.colcon_core.verb:set package 'telerobot_description' build argument 'cmake_args' from command line to 'None'
[0.394s] Level 5:colcon.colcon_core.verb:set package 'telerobot_description' build argument 'cmake_target' from command line to 'None'
[0.394s] Level 5:colcon.colcon_core.verb:set package 'telerobot_description' build argument 'cmake_target_skip_unavailable' from command line to 'False'
[0.394s] Level 5:colcon.colcon_core.verb:set package 'telerobot_description' build argument 'cmake_clean_cache' from command line to 'False'
[0.394s] Level 5:colcon.colcon_core.verb:set package 'telerobot_description' build argument 'cmake_clean_first' from command line to 'False'
[0.394s] Level 5:colcon.colcon_core.verb:set package 'telerobot_description' build argument 'cmake_force_configure' from command line to 'False'
[0.394s] Level 5:colcon.colcon_core.verb:set package 'telerobot_description' build argument 'ament_cmake_args' from command line to 'None'
[0.394s] Level 5:colcon.colcon_core.verb:set package 'telerobot_description' build argument 'catkin_cmake_args' from command line to 'None'
[0.394s] Level 5:colcon.colcon_core.verb:set package 'telerobot_description' build argument 'catkin_skip_building_tests' from command line to 'False'
[0.395s] DEBUG:colcon.colcon_core.verb:Building package 'telerobot_description' with the following arguments: {'ament_cmake_args': None, 'build_base': '/media/ros/fedora/home/maylis/Dokumente/TeleNav/project_ws/build/telerobot_description', 'catkin_cmake_args': None, 'catkin_skip_building_tests': False, 'cmake_args': None, 'cmake_clean_cache': False, 'cmake_clean_first': False, 'cmake_force_configure': False, 'cmake_target': None, 'cmake_target_skip_unavailable': False, 'install_base': '/media/ros/fedora/home/maylis/Dokumente/TeleNav/project_ws/install/telerobot_description', 'merge_install': False, 'path': '/media/ros/fedora/home/maylis/Dokumente/TeleNav/project_ws/src/telerobot_description', 'symlink_install': False, 'test_result_base': None}
[0.395s] Level 5:colcon.colcon_core.verb:set package 'telerobot_interfaces' build argument 'cmake_args' from command line to 'None'
[0.395s] Level 5:colcon.colcon_core.verb:set package 'telerobot_interfaces' build argument 'cmake_target' from command line to 'None'
[0.395s] Level 5:colcon.colcon_core.verb:set package 'telerobot_interfaces' build argument 'cmake_target_skip_unavailable' from command line to 'False'
[0.395s] Level 5:colcon.colcon_core.verb:set package 'telerobot_interfaces' build argument 'cmake_clean_cache' from command line to 'False'
[0.395s] Level 5:colcon.colcon_core.verb:set package 'telerobot_interfaces' build argument 'cmake_clean_first' from command line to 'False'
[0.395s] Level 5:colcon.colcon_core.verb:set package 'telerobot_interfaces' build argument 'cmake_force_configure' from command line to 'False'
[0.395s] Level 5:colcon.colcon_core.verb:set package 'telerobot_interfaces' build argument 'ament_cmake_args' from command line to 'None'
[0.395s] Level 5:colcon.colcon_core.verb:set package 'telerobot_interfaces' build argument 'catkin_cmake_args' from command line to 'None'
[0.395s] Level 5:colcon.colcon_core.verb:set package 'telerobot_interfaces' build argument 'catkin_skip_building_tests' from command line to 'False'
[0.395s] DEBUG:colcon.colcon_core.verb:Building package 'telerobot_interfaces' with the following arguments: {'ament_cmake_args': None, 'build_base': '/media/ros/fedora/home/maylis/Dokumente/TeleNav/project_ws/build/telerobot_interfaces', 'catkin_cmake_args': None, 'catkin_skip_building_tests': False, 'cmake_args': None, 'cmake_clean_cache': False, 'cmake_clean_first': False, 'cmake_force_configure': False, 'cmake_target': None, 'cmake_target_skip_unavailable': False, 'install_base': '/media/ros/fedora/home/maylis/Dokumente/TeleNav/project_ws/install/telerobot_interfaces', 'merge_install': False, 'path': '/media/ros/fedora/home/maylis/Dokumente/TeleNav/project_ws/src/telerobot_interfaces', 'symlink_install': False, 'test_result_base': None}
[0.395s] Level 5:colcon.colcon_core.verb:set package 'telerobot_controller' build argument 'cmake_args' from command line to 'None'
[0.395s] Level 5:colcon.colcon_core.verb:set package 'telerobot_controller' build argument 'cmake_target' from command line to 'None'
[0.396s] Level 5:colcon.colcon_core.verb:set package 'telerobot_controller' build argument 'cmake_target_skip_unavailable' from command line to 'False'
[0.396s] Level 5:colcon.colcon_core.verb:set package 'telerobot_controller' build argument 'cmake_clean_cache' from command line to 'False'
[0.396s] Level 5:colcon.colcon_core.verb:set package 'telerobot_controller' build argument 'cmake_clean_first' from command line to 'False'
[0.396s] Level 5:colcon.colcon_core.verb:set package 'telerobot_controller' build argument 'cmake_force_configure' from command line to 'False'
[0.396s] Level 5:colcon.colcon_core.verb:set package 'telerobot_controller' build argument 'ament_cmake_args' from command line to 'None'
[0.396s] Level 5:colcon.colcon_core.verb:set package 'telerobot_controller' build argument 'catkin_cmake_args' from command line to 'None'
[0.396s] Level 5:colcon.colcon_core.verb:set package 'telerobot_controller' build argument 'catkin_skip_building_tests' from command line to 'False'
[0.396s] DEBUG:colcon.colcon_core.verb:Building package 'telerobot_controller' with the following arguments: {'ament_cmake_args': None, 'build_base': '/media/ros/fedora/home/maylis/Dokumente/TeleNav/project_ws/build/telerobot_controller', 'catkin_cmake_args': None, 'catkin_skip_building_tests': False, 'cmake_args': None, 'cmake_clean_cache': False, 'cmake_clean_first': False, 'cmake_force_configure': False, 'cmake_target': None, 'cmake_target_skip_unavailable': False, 'install_base': '/media/ros/fedora/home/maylis/Dokumente/TeleNav/project_ws/install/telerobot_controller', 'merge_install': False, 'path': '/media/ros/fedora/home/maylis/Dokumente/TeleNav/project_ws/src/telerobot_controller', 'symlink_install': False, 'test_result_base': None}
[0.396s] INFO:colcon.colcon_core.executor:Executing jobs using 'parallel' executor
[0.397s] DEBUG:colcon.colcon_parallel_executor.executor.parallel:run_until_complete
[0.397s] INFO:colcon.colcon_ros.task.ament_cmake.build:Building ROS package in '/media/ros/fedora/home/maylis/Dokumente/TeleNav/project_ws/src/telerobot_interfaces' with build type 'ament_cmake'
[0.397s] INFO:colcon.colcon_cmake.task.cmake.build:Building CMake package in '/media/ros/fedora/home/maylis/Dokumente/TeleNav/project_ws/src/telerobot_interfaces'
[0.399s] INFO:colcon.colcon_core.plugin_system:Skipping extension 'colcon_core.shell.bat': Not used on non-Windows systems
[0.400s] INFO:colcon.colcon_core.shell:Skip shell extension 'powershell' for command environment: Not usable outside of PowerShell
[0.400s] DEBUG:colcon.colcon_core.shell:Skip shell extension 'dsv' for command environment
[0.404s] INFO:colcon.colcon_ros.task.ament_cmake.build:Building ROS package in '/media/ros/fedora/home/maylis/Dokumente/TeleNav/project_ws/src/telerobot_bringup' with build type 'ament_cmake'
[0.404s] INFO:colcon.colcon_cmake.task.cmake.build:Building CMake package in '/media/ros/fedora/home/maylis/Dokumente/TeleNav/project_ws/src/telerobot_bringup'
[0.404s] INFO:colcon.colcon_core.shell:Skip shell extension 'powershell' for command environment: Not usable outside of PowerShell
[0.404s] DEBUG:colcon.colcon_core.shell:Skip shell extension 'dsv' for command environment
[0.409s] INFO:colcon.colcon_ros.task.ament_cmake.build:Building ROS package in '/media/ros/fedora/home/maylis/Dokumente/TeleNav/project_ws/src/telerobot_description' with build type 'ament_cmake'
[0.409s] INFO:colcon.colcon_cmake.task.cmake.build:Building CMake package in '/media/ros/fedora/home/maylis/Dokumente/TeleNav/project_ws/src/telerobot_description'
[0.409s] INFO:colcon.colcon_core.shell:Skip shell extension 'powershell' for command environment: Not usable outside of PowerShell
[0.410s] DEBUG:colcon.colcon_core.shell:Skip shell extension 'dsv' for command environment
[0.421s] DEBUG:colcon.colcon_core.event_handler.log_command:Invoking command in '/media/ros/fedora/home/maylis/Dokumente/TeleNav/project_ws/build/telerobot_interfaces': CMAKE_PREFIX_PATH=${CMAKE_PREFIX_PATH}:/media/ros/fedora/home/maylis/Dokumente/TeleNav/project_ws/install/telerobot_controller:/opt/ros/humble /usr/bin/cmake --build /media/ros/fedora/home/maylis/Dokumente/TeleNav/project_ws/build/telerobot_interfaces -- -j6 -l6
[0.424s] DEBUG:colcon.colcon_core.event_handler.log_command:Invoking command in '/media/ros/fedora/home/maylis/Dokumente/TeleNav/project_ws/build/telerobot_bringup': CMAKE_PREFIX_PATH=${CMAKE_PREFIX_PATH}:/media/ros/fedora/home/maylis/Dokumente/TeleNav/project_ws/install/telerobot_controller:/opt/ros/humble /usr/bin/cmake --build /media/ros/fedora/home/maylis/Dokumente/TeleNav/project_ws/build/telerobot_bringup -- -j6 -l6
[0.433s] DEBUG:colcon.colcon_core.event_handler.log_command:Invoking command in '/media/ros/fedora/home/maylis/Dokumente/TeleNav/project_ws/build/telerobot_description': CMAKE_PREFIX_PATH=${CMAKE_PREFIX_PATH}:/media/ros/fedora/home/maylis/Dokumente/TeleNav/project_ws/install/telerobot_controller:/opt/ros/humble /usr/bin/cmake --build /media/ros/fedora/home/maylis/Dokumente/TeleNav/project_ws/build/telerobot_description -- -j6 -l6
[0.480s] DEBUG:colcon.colcon_core.event_handler.log_command:Invoked command in '/media/ros/fedora/home/maylis/Dokumente/TeleNav/project_ws/build/telerobot_bringup' returned '0': CMAKE_PREFIX_PATH=${CMAKE_PREFIX_PATH}:/media/ros/fedora/home/maylis/Dokumente/TeleNav/project_ws/install/telerobot_controller:/opt/ros/humble /usr/bin/cmake --build /media/ros/fedora/home/maylis/Dokumente/TeleNav/project_ws/build/telerobot_bringup -- -j6 -l6
[0.495s] DEBUG:colcon.colcon_core.event_handler.log_command:Invoking command in '/media/ros/fedora/home/maylis/Dokumente/TeleNav/project_ws/build/telerobot_bringup': CMAKE_PREFIX_PATH=${CMAKE_PREFIX_PATH}:/media/ros/fedora/home/maylis/Dokumente/TeleNav/project_ws/install/telerobot_controller:/opt/ros/humble /usr/bin/cmake --install /media/ros/fedora/home/maylis/Dokumente/TeleNav/project_ws/build/telerobot_bringup
[0.505s] DEBUG:colcon.colcon_core.event_handler.log_command:Invoked command in '/media/ros/fedora/home/maylis/Dokumente/TeleNav/project_ws/build/telerobot_description' returned '0': CMAKE_PREFIX_PATH=${CMAKE_PREFIX_PATH}:/media/ros/fedora/home/maylis/Dokumente/TeleNav/project_ws/install/telerobot_controller:/opt/ros/humble /usr/bin/cmake --build /media/ros/fedora/home/maylis/Dokumente/TeleNav/project_ws/build/telerobot_description -- -j6 -l6
[0.515s] DEBUG:colcon.colcon_core.event_handler.log_command:Invoking command in '/media/ros/fedora/home/maylis/Dokumente/TeleNav/project_ws/build/telerobot_description': CMAKE_PREFIX_PATH=${CMAKE_PREFIX_PATH}:/media/ros/fedora/home/maylis/Dokumente/TeleNav/project_ws/install/telerobot_controller:/opt/ros/humble /usr/bin/cmake --install /media/ros/fedora/home/maylis/Dokumente/TeleNav/project_ws/build/telerobot_description
[0.518s] Level 1:colcon.colcon_core.environment:create_environment_scripts_only(telerobot_bringup)
[0.526s] Level 1:colcon.colcon_core.environment:checking '/media/ros/fedora/home/maylis/Dokumente/TeleNav/project_ws/install/telerobot_bringup' for CMake module files
[0.527s] Level 1:colcon.colcon_core.environment:checking '/media/ros/fedora/home/maylis/Dokumente/TeleNav/project_ws/install/telerobot_bringup' for CMake config files
[0.527s] Level 1:colcon.colcon_core.shell:create_environment_hook('telerobot_bringup', 'cmake_prefix_path')
[0.532s] INFO:colcon.colcon_core.shell:Creating environment hook '/media/ros/fedora/home/maylis/Dokumente/TeleNav/project_ws/install/telerobot_bringup/share/telerobot_bringup/hook/cmake_prefix_path.ps1'
[0.534s] DEBUG:colcon.colcon_core.event_handler.log_command:Invoked command in '/media/ros/fedora/home/maylis/Dokumente/TeleNav/project_ws/build/telerobot_bringup' returned '0': CMAKE_PREFIX_PATH=${CMAKE_PREFIX_PATH}:/media/ros/fedora/home/maylis/Dokumente/TeleNav/project_ws/install/telerobot_controller:/opt/ros/humble /usr/bin/cmake --install /media/ros/fedora/home/maylis/Dokumente/TeleNav/project_ws/build/telerobot_bringup
[0.539s] INFO:colcon.colcon_core.shell:Creating environment descriptor '/media/ros/fedora/home/maylis/Dokumente/TeleNav/project_ws/install/telerobot_bringup/share/telerobot_bringup/hook/cmake_prefix_path.dsv'
[0.540s] INFO:colcon.colcon_core.shell:Creating environment hook '/media/ros/fedora/home/maylis/Dokumente/TeleNav/project_ws/install/telerobot_bringup/share/telerobot_bringup/hook/cmake_prefix_path.sh'
[0.546s] Level 1:colcon.colcon_core.environment:checking '/media/ros/fedora/home/maylis/Dokumente/TeleNav/project_ws/install/telerobot_bringup/bin'
[0.546s] Level 1:colcon.colcon_core.environment:checking '/media/ros/fedora/home/maylis/Dokumente/TeleNav/project_ws/install/telerobot_bringup/lib/pkgconfig/telerobot_bringup.pc'
[0.546s] Level 1:colcon.colcon_core.environment:checking '/media/ros/fedora/home/maylis/Dokumente/TeleNav/project_ws/install/telerobot_bringup/lib/python3.10/site-packages'
[0.546s] Level 1:colcon.colcon_core.environment:checking '/media/ros/fedora/home/maylis/Dokumente/TeleNav/project_ws/install/telerobot_bringup/bin'
[0.547s] INFO:colcon.colcon_core.shell:Creating package script '/media/ros/fedora/home/maylis/Dokumente/TeleNav/project_ws/install/telerobot_bringup/share/telerobot_bringup/package.ps1'
[0.548s] INFO:colcon.colcon_core.shell:Creating package descriptor '/media/ros/fedora/home/maylis/Dokumente/TeleNav/project_ws/install/telerobot_bringup/share/telerobot_bringup/package.dsv'
[0.550s] INFO:colcon.colcon_core.shell:Creating package script '/media/ros/fedora/home/maylis/Dokumente/TeleNav/project_ws/install/telerobot_bringup/share/telerobot_bringup/package.sh'
[0.551s] INFO:colcon.colcon_core.shell:Creating package script '/media/ros/fedora/home/maylis/Dokumente/TeleNav/project_ws/install/telerobot_bringup/share/telerobot_bringup/package.bash'
[0.552s] INFO:colcon.colcon_core.shell:Creating package script '/media/ros/fedora/home/maylis/Dokumente/TeleNav/project_ws/install/telerobot_bringup/share/telerobot_bringup/package.zsh'
[0.553s] Level 1:colcon.colcon_core.environment:create_file_with_runtime_dependencies(/media/ros/fedora/home/maylis/Dokumente/TeleNav/project_ws/install/telerobot_bringup/share/colcon-core/packages/telerobot_bringup)
[0.553s] Level 1:colcon.colcon_core.environment:create_environment_scripts_only(telerobot_bringup)
[0.554s] Level 1:colcon.colcon_core.environment:checking '/media/ros/fedora/home/maylis/Dokumente/TeleNav/project_ws/install/telerobot_bringup' for CMake module files
[0.554s] Level 1:colcon.colcon_core.environment:checking '/media/ros/fedora/home/maylis/Dokumente/TeleNav/project_ws/install/telerobot_bringup' for CMake config files
[0.554s] Level 1:colcon.colcon_core.shell:create_environment_hook('telerobot_bringup', 'cmake_prefix_path')
[0.555s] INFO:colcon.colcon_core.shell:Creating environment hook '/media/ros/fedora/home/maylis/Dokumente/TeleNav/project_ws/install/telerobot_bringup/share/telerobot_bringup/hook/cmake_prefix_path.ps1'
[0.555s] INFO:colcon.colcon_core.shell:Creating environment descriptor '/media/ros/fedora/home/maylis/Dokumente/TeleNav/project_ws/install/telerobot_bringup/share/telerobot_bringup/hook/cmake_prefix_path.dsv'
[0.556s] INFO:colcon.colcon_core.shell:Creating environment hook '/media/ros/fedora/home/maylis/Dokumente/TeleNav/project_ws/install/telerobot_bringup/share/telerobot_bringup/hook/cmake_prefix_path.sh'
[0.556s] Level 1:colcon.colcon_core.environment:checking '/media/ros/fedora/home/maylis/Dokumente/TeleNav/project_ws/install/telerobot_bringup/bin'
[0.556s] Level 1:colcon.colcon_core.environment:checking '/media/ros/fedora/home/maylis/Dokumente/TeleNav/project_ws/install/telerobot_bringup/lib/pkgconfig/telerobot_bringup.pc'
[0.557s] Level 1:colcon.colcon_core.environment:checking '/media/ros/fedora/home/maylis/Dokumente/TeleNav/project_ws/install/telerobot_bringup/lib/python3.10/site-packages'
[0.557s] Level 1:colcon.colcon_core.environment:checking '/media/ros/fedora/home/maylis/Dokumente/TeleNav/project_ws/install/telerobot_bringup/bin'
[0.557s] INFO:colcon.colcon_core.shell:Creating package script '/media/ros/fedora/home/maylis/Dokumente/TeleNav/project_ws/install/telerobot_bringup/share/telerobot_bringup/package.ps1'
[0.559s] INFO:colcon.colcon_core.shell:Creating package descriptor '/media/ros/fedora/home/maylis/Dokumente/TeleNav/project_ws/install/telerobot_bringup/share/telerobot_bringup/package.dsv'
[0.559s] INFO:colcon.colcon_core.shell:Creating package script '/media/ros/fedora/home/maylis/Dokumente/TeleNav/project_ws/install/telerobot_bringup/share/telerobot_bringup/package.sh'
[0.560s] INFO:colcon.colcon_core.shell:Creating package script '/media/ros/fedora/home/maylis/Dokumente/TeleNav/project_ws/install/telerobot_bringup/share/telerobot_bringup/package.bash'
[0.561s] INFO:colcon.colcon_core.shell:Creating package script '/media/ros/fedora/home/maylis/Dokumente/TeleNav/project_ws/install/telerobot_bringup/share/telerobot_bringup/package.zsh'
[0.561s] Level 1:colcon.colcon_core.environment:create_file_with_runtime_dependencies(/media/ros/fedora/home/maylis/Dokumente/TeleNav/project_ws/install/telerobot_bringup/share/colcon-core/packages/telerobot_bringup)
[0.562s] Level 1:colcon.colcon_core.environment:create_environment_scripts_only(telerobot_description)
[0.563s] DEBUG:colcon.colcon_core.event_handler.log_command:Invoked command in '/media/ros/fedora/home/maylis/Dokumente/TeleNav/project_ws/build/telerobot_description' returned '0': CMAKE_PREFIX_PATH=${CMAKE_PREFIX_PATH}:/media/ros/fedora/home/maylis/Dokumente/TeleNav/project_ws/install/telerobot_controller:/opt/ros/humble /usr/bin/cmake --install /media/ros/fedora/home/maylis/Dokumente/TeleNav/project_ws/build/telerobot_description
[0.563s] Level 1:colcon.colcon_core.environment:checking '/media/ros/fedora/home/maylis/Dokumente/TeleNav/project_ws/install/telerobot_description' for CMake module files
[0.564s] Level 1:colcon.colcon_core.environment:checking '/media/ros/fedora/home/maylis/Dokumente/TeleNav/project_ws/install/telerobot_description' for CMake config files
[0.564s] Level 1:colcon.colcon_core.shell:create_environment_hook('telerobot_description', 'cmake_prefix_path')
[0.565s] INFO:colcon.colcon_core.shell:Creating environment hook '/media/ros/fedora/home/maylis/Dokumente/TeleNav/project_ws/install/telerobot_description/share/telerobot_description/hook/cmake_prefix_path.ps1'
[0.566s] INFO:colcon.colcon_core.shell:Creating environment descriptor '/media/ros/fedora/home/maylis/Dokumente/TeleNav/project_ws/install/telerobot_description/share/telerobot_description/hook/cmake_prefix_path.dsv'
[0.566s] INFO:colcon.colcon_core.shell:Creating environment hook '/media/ros/fedora/home/maylis/Dokumente/TeleNav/project_ws/install/telerobot_description/share/telerobot_description/hook/cmake_prefix_path.sh'
[0.567s] Level 1:colcon.colcon_core.environment:checking '/media/ros/fedora/home/maylis/Dokumente/TeleNav/project_ws/install/telerobot_description/bin'
[0.568s] Level 1:colcon.colcon_core.environment:checking '/media/ros/fedora/home/maylis/Dokumente/TeleNav/project_ws/install/telerobot_description/lib/pkgconfig/telerobot_description.pc'
[0.568s] Level 1:colcon.colcon_core.environment:checking '/media/ros/fedora/home/maylis/Dokumente/TeleNav/project_ws/install/telerobot_description/lib/python3.10/site-packages'
[0.568s] Level 1:colcon.colcon_core.environment:checking '/media/ros/fedora/home/maylis/Dokumente/TeleNav/project_ws/install/telerobot_description/bin'
[0.569s] INFO:colcon.colcon_core.shell:Creating package script '/media/ros/fedora/home/maylis/Dokumente/TeleNav/project_ws/install/telerobot_description/share/telerobot_description/package.ps1'
[0.570s] INFO:colcon.colcon_core.shell:Creating package descriptor '/media/ros/fedora/home/maylis/Dokumente/TeleNav/project_ws/install/telerobot_description/share/telerobot_description/package.dsv'
[0.570s] INFO:colcon.colcon_core.shell:Creating package script '/media/ros/fedora/home/maylis/Dokumente/TeleNav/project_ws/install/telerobot_description/share/telerobot_description/package.sh'
[0.571s] INFO:colcon.colcon_core.shell:Creating package script '/media/ros/fedora/home/maylis/Dokumente/TeleNav/project_ws/install/telerobot_description/share/telerobot_description/package.bash'
[0.572s] INFO:colcon.colcon_core.shell:Creating package script '/media/ros/fedora/home/maylis/Dokumente/TeleNav/project_ws/install/telerobot_description/share/telerobot_description/package.zsh'
[0.572s] Level 1:colcon.colcon_core.environment:create_file_with_runtime_dependencies(/media/ros/fedora/home/maylis/Dokumente/TeleNav/project_ws/install/telerobot_description/share/colcon-core/packages/telerobot_description)
[0.573s] Level 1:colcon.colcon_core.environment:create_environment_scripts_only(telerobot_description)
[0.573s] Level 1:colcon.colcon_core.environment:checking '/media/ros/fedora/home/maylis/Dokumente/TeleNav/project_ws/install/telerobot_description' for CMake module files
[0.574s] Level 1:colcon.colcon_core.environment:checking '/media/ros/fedora/home/maylis/Dokumente/TeleNav/project_ws/install/telerobot_description' for CMake config files
[0.574s] Level 1:colcon.colcon_core.shell:create_environment_hook('telerobot_description', 'cmake_prefix_path')
[0.574s] INFO:colcon.colcon_core.shell:Creating environment hook '/media/ros/fedora/home/maylis/Dokumente/TeleNav/project_ws/install/telerobot_description/share/telerobot_description/hook/cmake_prefix_path.ps1'
[0.575s] INFO:colcon.colcon_core.shell:Creating environment descriptor '/media/ros/fedora/home/maylis/Dokumente/TeleNav/project_ws/install/telerobot_description/share/telerobot_description/hook/cmake_prefix_path.dsv'
[0.575s] INFO:colcon.colcon_core.shell:Creating environment hook '/media/ros/fedora/home/maylis/Dokumente/TeleNav/project_ws/install/telerobot_description/share/telerobot_description/hook/cmake_prefix_path.sh'
[0.576s] Level 1:colcon.colcon_core.environment:checking '/media/ros/fedora/home/maylis/Dokumente/TeleNav/project_ws/install/telerobot_description/bin'
[0.576s] Level 1:colcon.colcon_core.environment:checking '/media/ros/fedora/home/maylis/Dokumente/TeleNav/project_ws/install/telerobot_description/lib/pkgconfig/telerobot_description.pc'
[0.576s] Level 1:colcon.colcon_core.environment:checking '/media/ros/fedora/home/maylis/Dokumente/TeleNav/project_ws/install/telerobot_description/lib/python3.10/site-packages'
[0.577s] Level 1:colcon.colcon_core.environment:checking '/media/ros/fedora/home/maylis/Dokumente/TeleNav/project_ws/install/telerobot_description/bin'
[0.577s] INFO:colcon.colcon_core.shell:Creating package script '/media/ros/fedora/home/maylis/Dokumente/TeleNav/project_ws/install/telerobot_description/share/telerobot_description/package.ps1'
[0.578s] INFO:colcon.colcon_core.shell:Creating package descriptor '/media/ros/fedora/home/maylis/Dokumente/TeleNav/project_ws/install/telerobot_description/share/telerobot_description/package.dsv'
[0.578s] INFO:colcon.colcon_core.shell:Creating package script '/media/ros/fedora/home/maylis/Dokumente/TeleNav/project_ws/install/telerobot_description/share/telerobot_description/package.sh'
[0.579s] INFO:colcon.colcon_core.shell:Creating package script '/media/ros/fedora/home/maylis/Dokumente/TeleNav/project_ws/install/telerobot_description/share/telerobot_description/package.bash'
[0.580s] INFO:colcon.colcon_core.shell:Creating package script '/media/ros/fedora/home/maylis/Dokumente/TeleNav/project_ws/install/telerobot_description/share/telerobot_description/package.zsh'
[0.580s] Level 1:colcon.colcon_core.environment:create_file_with_runtime_dependencies(/media/ros/fedora/home/maylis/Dokumente/TeleNav/project_ws/install/telerobot_description/share/colcon-core/packages/telerobot_description)
[0.959s] DEBUG:colcon.colcon_core.event_handler.log_command:Invoked command in '/media/ros/fedora/home/maylis/Dokumente/TeleNav/project_ws/build/telerobot_interfaces' returned '0': CMAKE_PREFIX_PATH=${CMAKE_PREFIX_PATH}:/media/ros/fedora/home/maylis/Dokumente/TeleNav/project_ws/install/telerobot_controller:/opt/ros/humble /usr/bin/cmake --build /media/ros/fedora/home/maylis/Dokumente/TeleNav/project_ws/build/telerobot_interfaces -- -j6 -l6
[0.961s] DEBUG:colcon.colcon_core.event_handler.log_command:Invoking command in '/media/ros/fedora/home/maylis/Dokumente/TeleNav/project_ws/build/telerobot_interfaces': CMAKE_PREFIX_PATH=${CMAKE_PREFIX_PATH}:/media/ros/fedora/home/maylis/Dokumente/TeleNav/project_ws/install/telerobot_controller:/opt/ros/humble /usr/bin/cmake --install /media/ros/fedora/home/maylis/Dokumente/TeleNav/project_ws/build/telerobot_interfaces
[1.027s] Level 1:colcon.colcon_core.environment:create_environment_scripts_only(telerobot_interfaces)
[1.028s] Level 1:colcon.colcon_core.environment:checking '/media/ros/fedora/home/maylis/Dokumente/TeleNav/project_ws/install/telerobot_interfaces' for CMake module files
[1.029s] DEBUG:colcon.colcon_core.event_handler.log_command:Invoked command in '/media/ros/fedora/home/maylis/Dokumente/TeleNav/project_ws/build/telerobot_interfaces' returned '0': CMAKE_PREFIX_PATH=${CMAKE_PREFIX_PATH}:/media/ros/fedora/home/maylis/Dokumente/TeleNav/project_ws/install/telerobot_controller:/opt/ros/humble /usr/bin/cmake --install /media/ros/fedora/home/maylis/Dokumente/TeleNav/project_ws/build/telerobot_interfaces
[1.029s] Level 1:colcon.colcon_core.environment:checking '/media/ros/fedora/home/maylis/Dokumente/TeleNav/project_ws/install/telerobot_interfaces' for CMake config files
[1.030s] Level 1:colcon.colcon_core.shell:create_environment_hook('telerobot_interfaces', 'cmake_prefix_path')
[1.030s] INFO:colcon.colcon_core.shell:Creating environment hook '/media/ros/fedora/home/maylis/Dokumente/TeleNav/project_ws/install/telerobot_interfaces/share/telerobot_interfaces/hook/cmake_prefix_path.ps1'
[1.031s] INFO:colcon.colcon_core.shell:Creating environment descriptor '/media/ros/fedora/home/maylis/Dokumente/TeleNav/project_ws/install/telerobot_interfaces/share/telerobot_interfaces/hook/cmake_prefix_path.dsv'
[1.031s] INFO:colcon.colcon_core.shell:Creating environment hook '/media/ros/fedora/home/maylis/Dokumente/TeleNav/project_ws/install/telerobot_interfaces/share/telerobot_interfaces/hook/cmake_prefix_path.sh'
[1.032s] Level 1:colcon.colcon_core.environment:checking '/media/ros/fedora/home/maylis/Dokumente/TeleNav/project_ws/install/telerobot_interfaces/lib'
[1.032s] Level 1:colcon.colcon_core.shell:create_environment_hook('telerobot_interfaces', 'ld_library_path_lib')
[1.033s] INFO:colcon.colcon_core.shell:Creating environment hook '/media/ros/fedora/home/maylis/Dokumente/TeleNav/project_ws/install/telerobot_interfaces/share/telerobot_interfaces/hook/ld_library_path_lib.ps1'
[1.033s] INFO:colcon.colcon_core.shell:Creating environment descriptor '/media/ros/fedora/home/maylis/Dokumente/TeleNav/project_ws/install/telerobot_interfaces/share/telerobot_interfaces/hook/ld_library_path_lib.dsv'
[1.034s] INFO:colcon.colcon_core.shell:Creating environment hook '/media/ros/fedora/home/maylis/Dokumente/TeleNav/project_ws/install/telerobot_interfaces/share/telerobot_interfaces/hook/ld_library_path_lib.sh'
[1.034s] Level 1:colcon.colcon_core.environment:checking '/media/ros/fedora/home/maylis/Dokumente/TeleNav/project_ws/install/telerobot_interfaces/bin'
[1.034s] Level 1:colcon.colcon_core.environment:checking '/media/ros/fedora/home/maylis/Dokumente/TeleNav/project_ws/install/telerobot_interfaces/lib/pkgconfig/telerobot_interfaces.pc'
[1.035s] Level 1:colcon.colcon_core.environment:checking '/media/ros/fedora/home/maylis/Dokumente/TeleNav/project_ws/install/telerobot_interfaces/lib/python3.10/site-packages'
[1.035s] Level 1:colcon.colcon_core.environment:checking '/media/ros/fedora/home/maylis/Dokumente/TeleNav/project_ws/install/telerobot_interfaces/bin'
[1.035s] INFO:colcon.colcon_core.shell:Creating package script '/media/ros/fedora/home/maylis/Dokumente/TeleNav/project_ws/install/telerobot_interfaces/share/telerobot_interfaces/package.ps1'
[1.036s] INFO:colcon.colcon_core.shell:Creating package descriptor '/media/ros/fedora/home/maylis/Dokumente/TeleNav/project_ws/install/telerobot_interfaces/share/telerobot_interfaces/package.dsv'
[1.037s] INFO:colcon.colcon_core.shell:Creating package script '/media/ros/fedora/home/maylis/Dokumente/TeleNav/project_ws/install/telerobot_interfaces/share/telerobot_interfaces/package.sh'
[1.037s] INFO:colcon.colcon_core.shell:Creating package script '/media/ros/fedora/home/maylis/Dokumente/TeleNav/project_ws/install/telerobot_interfaces/share/telerobot_interfaces/package.bash'
[1.038s] INFO:colcon.colcon_core.shell:Creating package script '/media/ros/fedora/home/maylis/Dokumente/TeleNav/project_ws/install/telerobot_interfaces/share/telerobot_interfaces/package.zsh'
[1.038s] Level 1:colcon.colcon_core.environment:create_file_with_runtime_dependencies(/media/ros/fedora/home/maylis/Dokumente/TeleNav/project_ws/install/telerobot_interfaces/share/colcon-core/packages/telerobot_interfaces)
[1.039s] Level 1:colcon.colcon_core.environment:create_environment_scripts_only(telerobot_interfaces)
[1.039s] Level 1:colcon.colcon_core.environment:checking '/media/ros/fedora/home/maylis/Dokumente/TeleNav/project_ws/install/telerobot_interfaces' for CMake module files
[1.040s] Level 1:colcon.colcon_core.environment:checking '/media/ros/fedora/home/maylis/Dokumente/TeleNav/project_ws/install/telerobot_interfaces' for CMake config files
[1.040s] Level 1:colcon.colcon_core.shell:create_environment_hook('telerobot_interfaces', 'cmake_prefix_path')
[1.040s] INFO:colcon.colcon_core.shell:Creating environment hook '/media/ros/fedora/home/maylis/Dokumente/TeleNav/project_ws/install/telerobot_interfaces/share/telerobot_interfaces/hook/cmake_prefix_path.ps1'
[1.041s] INFO:colcon.colcon_core.shell:Creating environment descriptor '/media/ros/fedora/home/maylis/Dokumente/TeleNav/project_ws/install/telerobot_interfaces/share/telerobot_interfaces/hook/cmake_prefix_path.dsv'
[1.041s] INFO:colcon.colcon_core.shell:Creating environment hook '/media/ros/fedora/home/maylis/Dokumente/TeleNav/project_ws/install/telerobot_interfaces/share/telerobot_interfaces/hook/cmake_prefix_path.sh'
[1.042s] Level 1:colcon.colcon_core.environment:checking '/media/ros/fedora/home/maylis/Dokumente/TeleNav/project_ws/install/telerobot_interfaces/lib'
[1.042s] Level 1:colcon.colcon_core.shell:create_environment_hook('telerobot_interfaces', 'ld_library_path_lib')
[1.042s] INFO:colcon.colcon_core.shell:Creating environment hook '/media/ros/fedora/home/maylis/Dokumente/TeleNav/project_ws/install/telerobot_interfaces/share/telerobot_interfaces/hook/ld_library_path_lib.ps1'
[1.043s] INFO:colcon.colcon_core.shell:Creating environment descriptor '/media/ros/fedora/home/maylis/Dokumente/TeleNav/project_ws/install/telerobot_interfaces/share/telerobot_interfaces/hook/ld_library_path_lib.dsv'
[1.043s] INFO:colcon.colcon_core.shell:Creating environment hook '/media/ros/fedora/home/maylis/Dokumente/TeleNav/project_ws/install/telerobot_interfaces/share/telerobot_interfaces/hook/ld_library_path_lib.sh'
[1.043s] Level 1:colcon.colcon_core.environment:checking '/media/ros/fedora/home/maylis/Dokumente/TeleNav/project_ws/install/telerobot_interfaces/bin'
[1.043s] Level 1:colcon.colcon_core.environment:checking '/media/ros/fedora/home/maylis/Dokumente/TeleNav/project_ws/install/telerobot_interfaces/lib/pkgconfig/telerobot_interfaces.pc'
[1.044s] Level 1:colcon.colcon_core.environment:checking '/media/ros/fedora/home/maylis/Dokumente/TeleNav/project_ws/install/telerobot_interfaces/lib/python3.10/site-packages'
[1.044s] Level 1:colcon.colcon_core.environment:checking '/media/ros/fedora/home/maylis/Dokumente/TeleNav/project_ws/install/telerobot_interfaces/bin'
[1.044s] INFO:colcon.colcon_core.shell:Creating package script '/media/ros/fedora/home/maylis/Dokumente/TeleNav/project_ws/install/telerobot_interfaces/share/telerobot_interfaces/package.ps1'
[1.045s] INFO:colcon.colcon_core.shell:Creating package descriptor '/media/ros/fedora/home/maylis/Dokumente/TeleNav/project_ws/install/telerobot_interfaces/share/telerobot_interfaces/package.dsv'
[1.045s] INFO:colcon.colcon_core.shell:Creating package script '/media/ros/fedora/home/maylis/Dokumente/TeleNav/project_ws/install/telerobot_interfaces/share/telerobot_interfaces/package.sh'
[1.046s] INFO:colcon.colcon_core.shell:Creating package script '/media/ros/fedora/home/maylis/Dokumente/TeleNav/project_ws/install/telerobot_interfaces/share/telerobot_interfaces/package.bash'
[1.046s] INFO:colcon.colcon_core.shell:Creating package script '/media/ros/fedora/home/maylis/Dokumente/TeleNav/project_ws/install/telerobot_interfaces/share/telerobot_interfaces/package.zsh'
[1.047s] Level 1:colcon.colcon_core.environment:create_file_with_runtime_dependencies(/media/ros/fedora/home/maylis/Dokumente/TeleNav/project_ws/install/telerobot_interfaces/share/colcon-core/packages/telerobot_interfaces)
[1.047s] INFO:colcon.colcon_ros.task.ament_python.build:Building ROS package in '/media/ros/fedora/home/maylis/Dokumente/TeleNav/project_ws/src/telerobot_controller' with build type 'ament_python'
[1.047s] Level 1:colcon.colcon_core.shell:create_environment_hook('telerobot_controller', 'ament_prefix_path')
[1.048s] INFO:colcon.colcon_core.shell:Creating environment hook '/media/ros/fedora/home/maylis/Dokumente/TeleNav/project_ws/install/telerobot_controller/share/telerobot_controller/hook/ament_prefix_path.ps1'
[1.048s] INFO:colcon.colcon_core.shell:Creating environment descriptor '/media/ros/fedora/home/maylis/Dokumente/TeleNav/project_ws/install/telerobot_controller/share/telerobot_controller/hook/ament_prefix_path.dsv'
[1.049s] INFO:colcon.colcon_core.shell:Creating environment hook '/media/ros/fedora/home/maylis/Dokumente/TeleNav/project_ws/install/telerobot_controller/share/telerobot_controller/hook/ament_prefix_path.sh'
[1.049s] INFO:colcon.colcon_core.shell:Skip shell extension 'powershell' for command environment: Not usable outside of PowerShell
[1.049s] DEBUG:colcon.colcon_core.shell:Skip shell extension 'dsv' for command environment
[1.385s] INFO:colcon.colcon_core.task.python.build:Building Python package in '/media/ros/fedora/home/maylis/Dokumente/TeleNav/project_ws/src/telerobot_controller'
[1.386s] INFO:colcon.colcon_core.shell:Skip shell extension 'powershell' for command environment: Not usable outside of PowerShell
[1.386s] DEBUG:colcon.colcon_core.shell:Skip shell extension 'dsv' for command environment
[1.802s] DEBUG:colcon.colcon_core.event_handler.log_command:Invoking command in '/media/ros/fedora/home/maylis/Dokumente/TeleNav/project_ws/src/telerobot_controller': PYTHONPATH=/media/ros/fedora/home/maylis/Dokumente/TeleNav/project_ws/build/telerobot_controller/prefix_override:/usr/lib/python3/dist-packages/colcon_core/task/python/colcon_distutils_commands:/media/ros/fedora/home/maylis/Dokumente/TeleNav/project_ws/install/telerobot_controller/lib/python3.10/site-packages:${PYTHONPATH} /usr/bin/python3 -W ignore:setup.py install is deprecated -W ignore:easy_install command is deprecated setup.py egg_info --egg-base ../../build/telerobot_controller build --build-base /media/ros/fedora/home/maylis/Dokumente/TeleNav/project_ws/build/telerobot_controller/build install --record /media/ros/fedora/home/maylis/Dokumente/TeleNav/project_ws/build/telerobot_controller/install.log --single-version-externally-managed install_data
[2.167s] Level 1:colcon.colcon_core.environment:checking '/media/ros/fedora/home/maylis/Dokumente/TeleNav/project_ws/install/telerobot_controller' for CMake module files
[2.168s] DEBUG:colcon.colcon_core.event_handler.log_command:Invoked command in '/media/ros/fedora/home/maylis/Dokumente/TeleNav/project_ws/src/telerobot_controller' returned '0': PYTHONPATH=/media/ros/fedora/home/maylis/Dokumente/TeleNav/project_ws/build/telerobot_controller/prefix_override:/usr/lib/python3/dist-packages/colcon_core/task/python/colcon_distutils_commands:/media/ros/fedora/home/maylis/Dokumente/TeleNav/project_ws/install/telerobot_controller/lib/python3.10/site-packages:${PYTHONPATH} /usr/bin/python3 -W ignore:setup.py install is deprecated -W ignore:easy_install command is deprecated setup.py egg_info --egg-base ../../build/telerobot_controller build --build-base /media/ros/fedora/home/maylis/Dokumente/TeleNav/project_ws/build/telerobot_controller/build install --record /media/ros/fedora/home/maylis/Dokumente/TeleNav/project_ws/build/telerobot_controller/install.log --single-version-externally-managed install_data
[2.168s] Level 1:colcon.colcon_core.environment:checking '/media/ros/fedora/home/maylis/Dokumente/TeleNav/project_ws/install/telerobot_controller' for CMake config files
[2.169s] Level 1:colcon.colcon_core.environment:checking '/media/ros/fedora/home/maylis/Dokumente/TeleNav/project_ws/install/telerobot_controller/lib'
[2.169s] Level 1:colcon.colcon_core.environment:checking '/media/ros/fedora/home/maylis/Dokumente/TeleNav/project_ws/install/telerobot_controller/bin'
[2.169s] Level 1:colcon.colcon_core.environment:checking '/media/ros/fedora/home/maylis/Dokumente/TeleNav/project_ws/install/telerobot_controller/lib/pkgconfig/telerobot_controller.pc'
[2.169s] Level 1:colcon.colcon_core.environment:checking '/media/ros/fedora/home/maylis/Dokumente/TeleNav/project_ws/install/telerobot_controller/lib/python3.10/site-packages'
[2.169s] Level 1:colcon.colcon_core.shell:create_environment_hook('telerobot_controller', 'pythonpath')
[2.169s] INFO:colcon.colcon_core.shell:Creating environment hook '/media/ros/fedora/home/maylis/Dokumente/TeleNav/project_ws/install/telerobot_controller/share/telerobot_controller/hook/pythonpath.ps1'
[2.170s] INFO:colcon.colcon_core.shell:Creating environment descriptor '/media/ros/fedora/home/maylis/Dokumente/TeleNav/project_ws/install/telerobot_controller/share/telerobot_controller/hook/pythonpath.dsv'
[2.170s] INFO:colcon.colcon_core.shell:Creating environment hook '/media/ros/fedora/home/maylis/Dokumente/TeleNav/project_ws/install/telerobot_controller/share/telerobot_controller/hook/pythonpath.sh'
[2.171s] Level 1:colcon.colcon_core.environment:checking '/media/ros/fedora/home/maylis/Dokumente/TeleNav/project_ws/install/telerobot_controller/bin'
[2.171s] Level 1:colcon.colcon_core.environment:create_environment_scripts_only(telerobot_controller)
[2.171s] INFO:colcon.colcon_core.shell:Creating package script '/media/ros/fedora/home/maylis/Dokumente/TeleNav/project_ws/install/telerobot_controller/share/telerobot_controller/package.ps1'
[2.172s] INFO:colcon.colcon_core.shell:Creating package descriptor '/media/ros/fedora/home/maylis/Dokumente/TeleNav/project_ws/install/telerobot_controller/share/telerobot_controller/package.dsv'
[2.172s] INFO:colcon.colcon_core.shell:Creating package script '/media/ros/fedora/home/maylis/Dokumente/TeleNav/project_ws/install/telerobot_controller/share/telerobot_controller/package.sh'
[2.173s] INFO:colcon.colcon_core.shell:Creating package script '/media/ros/fedora/home/maylis/Dokumente/TeleNav/project_ws/install/telerobot_controller/share/telerobot_controller/package.bash'
[2.173s] INFO:colcon.colcon_core.shell:Creating package script '/media/ros/fedora/home/maylis/Dokumente/TeleNav/project_ws/install/telerobot_controller/share/telerobot_controller/package.zsh'
[2.173s] Level 1:colcon.colcon_core.environment:create_file_with_runtime_dependencies(/media/ros/fedora/home/maylis/Dokumente/TeleNav/project_ws/install/telerobot_controller/share/colcon-core/packages/telerobot_controller)
[2.174s] DEBUG:colcon.colcon_parallel_executor.executor.parallel:closing loop
[2.174s] DEBUG:colcon.colcon_parallel_executor.executor.parallel:loop closed
[2.174s] DEBUG:colcon.colcon_parallel_executor.executor.parallel:run_until_complete finished with '0'
[2.174s] DEBUG:colcon.colcon_core.event_reactor:joining thread
[2.180s] INFO:colcon.colcon_core.plugin_system:Skipping extension 'colcon_notification.desktop_notification.terminal_notifier': Not used on non-Darwin systems
[2.181s] INFO:colcon.colcon_core.plugin_system:Skipping extension 'colcon_notification.desktop_notification.win32': Not used on non-Windows systems
[2.181s] INFO:colcon.colcon_notification.desktop_notification:Sending desktop notification using 'notify2'
[2.194s] DEBUG:colcon.colcon_core.event_reactor:joined thread
[2.195s] INFO:colcon.colcon_core.shell:Creating prefix script '/media/ros/fedora/home/maylis/Dokumente/TeleNav/project_ws/install/local_setup.ps1'
[2.196s] INFO:colcon.colcon_core.shell:Creating prefix util module '/media/ros/fedora/home/maylis/Dokumente/TeleNav/project_ws/install/_local_setup_util_ps1.py'
[2.198s] INFO:colcon.colcon_core.shell:Creating prefix chain script '/media/ros/fedora/home/maylis/Dokumente/TeleNav/project_ws/install/setup.ps1'
[2.200s] INFO:colcon.colcon_core.shell:Creating prefix script '/media/ros/fedora/home/maylis/Dokumente/TeleNav/project_ws/install/local_setup.sh'
[2.201s] INFO:colcon.colcon_core.shell:Creating prefix util module '/media/ros/fedora/home/maylis/Dokumente/TeleNav/project_ws/install/_local_setup_util_sh.py'
[2.202s] INFO:colcon.colcon_core.shell:Creating prefix chain script '/media/ros/fedora/home/maylis/Dokumente/TeleNav/project_ws/install/setup.sh'
[2.204s] INFO:colcon.colcon_core.shell:Creating prefix script '/media/ros/fedora/home/maylis/Dokumente/TeleNav/project_ws/install/local_setup.bash'
[2.205s] INFO:colcon.colcon_core.shell:Creating prefix chain script '/media/ros/fedora/home/maylis/Dokumente/TeleNav/project_ws/install/setup.bash'
[2.206s] INFO:colcon.colcon_core.shell:Creating prefix script '/media/ros/fedora/home/maylis/Dokumente/TeleNav/project_ws/install/local_setup.zsh'
[2.207s] INFO:colcon.colcon_core.shell:Creating prefix chain script '/media/ros/fedora/home/maylis/Dokumente/TeleNav/project_ws/install/setup.zsh'
