[0.017s] Invoking command in '/media/ros/fedora/home/maylis/Dokumente/TeleNav/project_ws/src/telerobot_interfaces/build/telerobot_interfaces': /usr/bin/cmake /media/ros/fedora/home/maylis/Dokumente/TeleNav/project_ws/src/telerobot_interfaces -DCMAKE_INSTALL_PREFIX=/media/ros/fedora/home/maylis/Dokumente/TeleNav/project_ws/src/telerobot_interfaces/install/telerobot_interfaces
[0.035s] -- Found ament_cmake: 1.3.12 (/opt/ros/humble/share/ament_cmake/cmake)
[0.229s] -- Found rosidl_default_generators: 1.2.0 (/opt/ros/humble/share/rosidl_default_generators/cmake)
[0.232s] -- Using all available rosidl_typesupport_c: rosidl_typesupport_fastrtps_c;rosidl_typesupport_introspection_c
[0.238s] -- Found rosidl_adapter: 3.1.7 (/opt/ros/humble/share/rosidl_adapter/cmake)
[0.289s] -- Using all available rosidl_typesupport_cpp: rosidl_typesupport_fastrtps_cpp;rosidl_typesupport_introspection_cpp
[0.585s] [31mCMake Error at /opt/ros/humble/share/rosidl_adapter/cmake/rosidl_adapt_interfaces.cmake:59 (message):
[0.585s]   execute_process(/usr/bin/python3 -m rosidl_adapter --package-name
[0.585s]   telerobot_interfaces --arguments-file
[0.585s]   /media/ros/fedora/home/maylis/Dokumente/TeleNav/project_ws/src/telerobot_interfaces/build/telerobot_interfaces/rosidl_adapter__arguments__telerobot_interfaces.json
[0.586s]   --output-dir
[0.586s]   /media/ros/fedora/home/maylis/Dokumente/TeleNav/project_ws/src/telerobot_interfaces/build/telerobot_interfaces/rosidl_adapter/telerobot_interfaces
[0.586s]   --output-file
[0.586s]   /media/ros/fedora/home/maylis/Dokumente/TeleNav/project_ws/src/telerobot_interfaces/build/telerobot_interfaces/rosidl_adapter/telerobot_interfaces.idls)
[0.586s]   returned error code 1:
[0.586s] 
[0.586s]   Traceback (most recent call last):
[0.587s] 
[0.587s]     File "/usr/lib/python3.10/runpy.py", line 196, in _run_module_as_main
[0.587s]       return _run_code(code, main_globals, None,
[0.587s]     File "/usr/lib/python3.10/runpy.py", line 86, in _run_code
[0.587s]       exec(code, run_globals)
[0.587s]     File "/opt/ros/humble/local/lib/python3.10/dist-packages/rosidl_adapter/__main__.py", line 19, in <module>
[0.587s]       sys.exit(main())
[0.588s]     File "/opt/ros/humble/local/lib/python3.10/dist-packages/rosidl_adapter/main.py", line 53, in main
[0.588s]       abs_idl_file = convert_to_idl(
[0.588s]     File "/opt/ros/humble/local/lib/python3.10/dist-packages/rosidl_adapter/__init__.py", line 19, in convert_to_idl
[0.588s]       return convert_msg_to_idl(
[0.588s]     File "/opt/ros/humble/local/lib/python3.10/dist-packages/rosidl_adapter/msg/__init__.py", line 28, in convert_msg_to_idl
[0.588s]       msg = parse_message_string(package_name, input_file.stem, content)
[0.588s]     File "/opt/ros/humble/local/lib/python3.10/dist-packages/rosidl_adapter/parser.py", line 544, in parse_message_string
[0.588s]       msg = MessageSpecification(pkg_name, msg_name, fields, constants)
[0.589s]     File "/opt/ros/humble/local/lib/python3.10/dist-packages/rosidl_adapter/parser.py", line 388, in __init__
[0.589s]       self.base_type = BaseType(
[0.589s]     File "/opt/ros/humble/local/lib/python3.10/dist-packages/rosidl_adapter/parser.py", line 205, in __init__
[0.589s]       raise InvalidResourceName(
[0.589s] 
[0.589s]   rosidl_adapter.parser.InvalidResourceName: 'move_cmd' is an invalid message
[0.589s]   name.  It should have the pattern '^[A-Z][A-Za-z0-9]*$'
[0.590s] 
[0.590s] Call Stack (most recent call first):
[0.590s]   /opt/ros/humble/share/rosidl_cmake/cmake/rosidl_generate_interfaces.cmake:130 (rosidl_adapt_interfaces)
[0.590s]   CMakeLists.txt:16 (rosidl_generate_interfaces)
[0.590s] 
[0.590s] [0m
[0.590s] -- Configuring incomplete, errors occurred!
[0.590s] See also "/media/ros/fedora/home/maylis/Dokumente/TeleNav/project_ws/src/telerobot_interfaces/build/telerobot_interfaces/CMakeFiles/CMakeOutput.log".
[0.595s] Invoked command in '/media/ros/fedora/home/maylis/Dokumente/TeleNav/project_ws/src/telerobot_interfaces/build/telerobot_interfaces' returned '1': /usr/bin/cmake /media/ros/fedora/home/maylis/Dokumente/TeleNav/project_ws/src/telerobot_interfaces -DCMAKE_INSTALL_PREFIX=/media/ros/fedora/home/maylis/Dokumente/TeleNav/project_ws/src/telerobot_interfaces/install/telerobot_interfaces
