[0.689s] Invoking command in '/media/ros/fedora/home/maylis/Dokumente/TeleNav/build/turtle_interfaces': CMAKE_PREFIX_PATH=${CMAKE_PREFIX_PATH}:/media/ros/fedora/home/maylis/Dokumente/TeleNav/install/turtle_spawner:/media/ros/fedora/home/maylis/Dokumente/TeleNav/install/my_robot_controller:/opt/ros/humble /usr/bin/cmake /media/ros/fedora/home/maylis/Dokumente/TeleNav/turtle_follower_ws/src/turtle_interfaces -DCMAKE_INSTALL_PREFIX=/media/ros/fedora/home/maylis/Dokumente/TeleNav/install/turtle_interfaces
[0.741s] -- The C compiler identification is GNU 11.4.0
[0.802s] -- The CXX compiler identification is GNU 11.4.0
[0.809s] -- Detecting C compiler ABI info
[0.888s] -- Detecting C compiler ABI info - done
[0.896s] -- Check for working C compiler: /usr/bin/cc - skipped
[0.896s] -- Detecting C compile features
[0.897s] -- Detecting C compile features - done
[0.904s] -- Detecting CXX compiler ABI info
[0.994s] -- Detecting CXX compiler ABI info - done
[1.004s] -- Check for working CXX compiler: /usr/bin/c++ - skipped
[1.005s] -- Detecting CXX compile features
[1.005s] -- Detecting CXX compile features - done
[1.010s] -- Found ament_cmake: 1.3.11 (/opt/ros/humble/share/ament_cmake/cmake)
[1.150s] -- Found Python3: /usr/bin/python3 (found version "3.10.12") found components: Interpreter 
[1.274s] -- Found rosidl_default_generators: 1.2.0 (/opt/ros/humble/share/rosidl_default_generators/cmake)
[1.281s] -- Using all available rosidl_typesupport_c: rosidl_typesupport_fastrtps_c;rosidl_typesupport_introspection_c
[1.297s] -- Found rosidl_adapter: 3.1.6 (/opt/ros/humble/share/rosidl_adapter/cmake)
[1.366s] -- Using all available rosidl_typesupport_cpp: rosidl_typesupport_fastrtps_cpp;rosidl_typesupport_introspection_cpp
[1.688s] -- Found ament_cmake_ros: 0.10.0 (/opt/ros/humble/share/ament_cmake_ros/cmake)
[1.852s] -- Using all available rosidl_typesupport_c: rosidl_typesupport_fastrtps_c;rosidl_typesupport_introspection_c
[2.068s] -- Using all available rosidl_typesupport_cpp: rosidl_typesupport_fastrtps_cpp;rosidl_typesupport_introspection_cpp
[2.088s] -- Found PythonInterp: /usr/bin/python3 (found suitable version "3.10.12", minimum required is "3.6") 
[2.090s] -- Found python_cmake_module: 0.10.0 (/opt/ros/humble/share/python_cmake_module/cmake)
[2.113s] -- Found PythonLibs: /usr/lib/x86_64-linux-gnu/libpython3.10.so (found suitable version "3.10.12", minimum required is "3.5") 
[2.113s] -- Using PYTHON_EXECUTABLE: /usr/bin/python3
[2.114s] -- Using PYTHON_INCLUDE_DIRS: /usr/include/python3.10
[2.114s] -- Using PYTHON_LIBRARIES: /usr/lib/x86_64-linux-gnu/libpython3.10.so
[2.134s] -- Found PythonExtra: .so  
[2.173s] -- Configuring done
[2.201s] -- Generating done
[2.211s] -- Build files have been written to: /media/ros/fedora/home/maylis/Dokumente/TeleNav/build/turtle_interfaces
[2.217s] Invoked command in '/media/ros/fedora/home/maylis/Dokumente/TeleNav/build/turtle_interfaces' returned '0': CMAKE_PREFIX_PATH=${CMAKE_PREFIX_PATH}:/media/ros/fedora/home/maylis/Dokumente/TeleNav/install/turtle_spawner:/media/ros/fedora/home/maylis/Dokumente/TeleNav/install/my_robot_controller:/opt/ros/humble /usr/bin/cmake /media/ros/fedora/home/maylis/Dokumente/TeleNav/turtle_follower_ws/src/turtle_interfaces -DCMAKE_INSTALL_PREFIX=/media/ros/fedora/home/maylis/Dokumente/TeleNav/install/turtle_interfaces
[2.219s] Invoking command in '/media/ros/fedora/home/maylis/Dokumente/TeleNav/build/turtle_interfaces': CMAKE_PREFIX_PATH=${CMAKE_PREFIX_PATH}:/media/ros/fedora/home/maylis/Dokumente/TeleNav/install/turtle_spawner:/media/ros/fedora/home/maylis/Dokumente/TeleNav/install/my_robot_controller:/opt/ros/humble /usr/bin/cmake --build /media/ros/fedora/home/maylis/Dokumente/TeleNav/build/turtle_interfaces -- -j6 -l6
[2.257s] [  2%] [34m[1mGenerating C code for ROS interfaces[0m
[2.276s] [  5%] [34m[1mGenerating C++ code for ROS interfaces[0m
[2.277s] [  5%] Built target ament_cmake_python_copy_turtle_interfaces
[2.558s] running egg_info
[2.560s] creating turtle_interfaces.egg-info
[2.560s] writing turtle_interfaces.egg-info/PKG-INFO
[2.561s] writing dependency_links to turtle_interfaces.egg-info/dependency_links.txt
[2.561s] writing top-level names to turtle_interfaces.egg-info/top_level.txt
[2.561s] writing manifest file 'turtle_interfaces.egg-info/SOURCES.txt'
[2.564s] reading manifest file 'turtle_interfaces.egg-info/SOURCES.txt'
[2.568s] writing manifest file 'turtle_interfaces.egg-info/SOURCES.txt'
[2.612s] [  7%] [32mBuilding C object CMakeFiles/turtle_interfaces__rosidl_generator_c.dir/rosidl_generator_c/turtle_interfaces/msg/detail/turtle_position__functions.c.o[0m
[2.619s] [ 10%] [32mBuilding C object CMakeFiles/turtle_interfaces__rosidl_generator_c.dir/rosidl_generator_c/turtle_interfaces/msg/detail/turtles_alive__functions.c.o[0m
[2.632s] In file included from [01m[K/media/ros/fedora/home/maylis/Dokumente/TeleNav/build/turtle_interfaces/rosidl_generator_c/turtle_interfaces/msg/detail/turtles_alive__struct.h:22[m[K,
[2.633s]                  from [01m[K/media/ros/fedora/home/maylis/Dokumente/TeleNav/build/turtle_interfaces/rosidl_generator_c/turtle_interfaces/msg/detail/turtles_alive__functions.h:19[m[K,
[2.633s]                  from [01m[K/media/ros/fedora/home/maylis/Dokumente/TeleNav/build/turtle_interfaces/rosidl_generator_c/turtle_interfaces/msg/detail/turtles_alive__functions.c:4[m[K:
[2.633s] [01m[K/media/ros/fedora/home/maylis/Dokumente/TeleNav/build/turtle_interfaces/rosidl_generator_c/turtle_interfaces/msg/detail/turtle_position__struct.h:22:10:[m[K [01;31m[Kfatal error: [m[Kturtle_interfaces/msg/detail/string__struct.h: Datei oder Verzeichnis nicht gefunden
[2.633s]    22 | #include [01;31m[K"turtle_interfaces/msg/detail/string__struct.h"[m[K
[2.633s]       |          [01;31m[K^~~~~~~~~~~~~~~~~~~~~~~~~~~~~~~~~~~~~~~~~~~~~~~[m[K
[2.633s] compilation terminated.
[2.634s] gmake[2]: *** [CMakeFiles/turtle_interfaces__rosidl_generator_c.dir/build.make:135: CMakeFiles/turtle_interfaces__rosidl_generator_c.dir/rosidl_generator_c/turtle_interfaces/msg/detail/turtles_alive__functions.c.o] Fehler 1
[2.634s] gmake[2]: *** Auf noch nicht beendete Prozesse wird gewartet …
[2.634s] [ 10%] Built target turtle_interfaces__cpp
[2.636s] In file included from [01m[K/media/ros/fedora/home/maylis/Dokumente/TeleNav/build/turtle_interfaces/rosidl_generator_c/turtle_interfaces/msg/detail/turtle_position__functions.h:19[m[K,
[2.636s]                  from [01m[K/media/ros/fedora/home/maylis/Dokumente/TeleNav/build/turtle_interfaces/rosidl_generator_c/turtle_interfaces/msg/detail/turtle_position__functions.c:4[m[K:
[2.636s] [01m[K/media/ros/fedora/home/maylis/Dokumente/TeleNav/build/turtle_interfaces/rosidl_generator_c/turtle_interfaces/msg/detail/turtle_position__struct.h:22:10:[m[K [01;31m[Kfatal error: [m[Kturtle_interfaces/msg/detail/string__struct.h: Datei oder Verzeichnis nicht gefunden
[2.636s]    22 | #include [01;31m[K"turtle_interfaces/msg/detail/string__struct.h"[m[K
[2.636s]       |          [01;31m[K^~~~~~~~~~~~~~~~~~~~~~~~~~~~~~~~~~~~~~~~~~~~~~~[m[K
[2.636s] compilation terminated.
[2.637s] [ 10%] Built target ament_cmake_python_build_turtle_interfaces_egg
[2.637s] gmake[2]: *** [CMakeFiles/turtle_interfaces__rosidl_generator_c.dir/build.make:121: CMakeFiles/turtle_interfaces__rosidl_generator_c.dir/rosidl_generator_c/turtle_interfaces/msg/detail/turtle_position__functions.c.o] Fehler 1
[2.638s] gmake[1]: *** [CMakeFiles/Makefile2:213: CMakeFiles/turtle_interfaces__rosidl_generator_c.dir/all] Fehler 2
[2.638s] gmake[1]: *** Auf noch nicht beendete Prozesse wird gewartet …
[2.646s] [ 12%] [34m[1mGenerating C++ type support dispatch for ROS interfaces[0m
[2.649s] [ 15%] [34m[1mGenerating C++ type support for eProsima Fast-RTPS[0m
[2.888s] [ 17%] [32mBuilding CXX object CMakeFiles/turtle_interfaces__rosidl_typesupport_cpp.dir/rosidl_typesupport_cpp/turtle_interfaces/msg/turtle_position__type_support.cpp.o[0m
[2.896s] [ 20%] [32mBuilding CXX object CMakeFiles/turtle_interfaces__rosidl_typesupport_cpp.dir/rosidl_typesupport_cpp/turtle_interfaces/msg/turtles_alive__type_support.cpp.o[0m
[2.932s] [ 23%] [32mBuilding CXX object CMakeFiles/turtle_interfaces__rosidl_typesupport_fastrtps_cpp.dir/rosidl_typesupport_fastrtps_cpp/turtle_interfaces/msg/detail/dds_fastrtps/turtle_position__type_support.cpp.o[0m
[2.933s] [ 25%] [32mBuilding CXX object CMakeFiles/turtle_interfaces__rosidl_typesupport_fastrtps_cpp.dir/rosidl_typesupport_fastrtps_cpp/turtle_interfaces/msg/detail/dds_fastrtps/turtles_alive__type_support.cpp.o[0m
[2.937s] In file included from [01m[K/media/ros/fedora/home/maylis/Dokumente/TeleNav/build/turtle_interfaces/rosidl_typesupport_cpp/turtle_interfaces/msg/turtle_position__type_support.cpp:7[m[K:
[2.937s] [01m[K/media/ros/fedora/home/maylis/Dokumente/TeleNav/build/turtle_interfaces/rosidl_generator_cpp/turtle_interfaces/msg/detail/turtle_position__struct.hpp:20:10:[m[K [01;31m[Kfatal error: [m[Kturtle_interfaces/msg/detail/string__struct.hpp: Datei oder Verzeichnis nicht gefunden
[2.937s]    20 | #include [01;31m[K"turtle_interfaces/msg/detail/string__struct.hpp"[m[K
[2.938s]       |          [01;31m[K^~~~~~~~~~~~~~~~~~~~~~~~~~~~~~~~~~~~~~~~~~~~~~~~~[m[K
[2.938s] compilation terminated.
[2.941s] gmake[2]: *** [CMakeFiles/turtle_interfaces__rosidl_typesupport_cpp.dir/build.make:90: CMakeFiles/turtle_interfaces__rosidl_typesupport_cpp.dir/rosidl_typesupport_cpp/turtle_interfaces/msg/turtle_position__type_support.cpp.o] Fehler 1
[2.941s] gmake[2]: *** Auf noch nicht beendete Prozesse wird gewartet …
[2.952s] In file included from [01m[K/media/ros/fedora/home/maylis/Dokumente/TeleNav/build/turtle_interfaces/rosidl_generator_cpp/turtle_interfaces/msg/detail/turtles_alive__struct.hpp:20[m[K,
[2.952s]                  from [01m[K/media/ros/fedora/home/maylis/Dokumente/TeleNav/build/turtle_interfaces/rosidl_typesupport_cpp/turtle_interfaces/msg/turtles_alive__type_support.cpp:7[m[K:
[2.952s] [01m[K/media/ros/fedora/home/maylis/Dokumente/TeleNav/build/turtle_interfaces/rosidl_generator_cpp/turtle_interfaces/msg/detail/turtle_position__struct.hpp:20:10:[m[K [01;31m[Kfatal error: [m[Kturtle_interfaces/msg/detail/string__struct.hpp: Datei oder Verzeichnis nicht gefunden
[2.952s]    20 | #include [01;31m[K"turtle_interfaces/msg/detail/string__struct.hpp"[m[K
[2.953s]       |          [01;31m[K^~~~~~~~~~~~~~~~~~~~~~~~~~~~~~~~~~~~~~~~~~~~~~~~~[m[K
[2.953s] compilation terminated.
[2.956s] gmake[2]: *** [CMakeFiles/turtle_interfaces__rosidl_typesupport_cpp.dir/build.make:104: CMakeFiles/turtle_interfaces__rosidl_typesupport_cpp.dir/rosidl_typesupport_cpp/turtle_interfaces/msg/turtles_alive__type_support.cpp.o] Fehler 1
[2.956s] gmake[1]: *** [CMakeFiles/Makefile2:395: CMakeFiles/turtle_interfaces__rosidl_typesupport_cpp.dir/all] Fehler 2
[2.984s] In file included from [01m[K/media/ros/fedora/home/maylis/Dokumente/TeleNav/build/turtle_interfaces/rosidl_generator_cpp/turtle_interfaces/msg/detail/turtles_alive__struct.hpp:20[m[K,
[2.984s]                  from [01m[K/media/ros/fedora/home/maylis/Dokumente/TeleNav/build/turtle_interfaces/rosidl_typesupport_fastrtps_cpp/turtle_interfaces/msg/detail/turtles_alive__rosidl_typesupport_fastrtps_cpp.hpp:11[m[K,
[2.984s]                  from [01m[K/media/ros/fedora/home/maylis/Dokumente/TeleNav/build/turtle_interfaces/rosidl_typesupport_fastrtps_cpp/turtle_interfaces/msg/detail/dds_fastrtps/turtles_alive__type_support.cpp:4[m[K:
[2.985s] [01m[K/media/ros/fedora/home/maylis/Dokumente/TeleNav/build/turtle_interfaces/rosidl_generator_cpp/turtle_interfaces/msg/detail/turtle_position__struct.hpp:20:10:[m[K [01;31m[Kfatal error: [m[Kturtle_interfaces/msg/detail/string__struct.hpp: Datei oder Verzeichnis nicht gefunden
[2.985s]    20 | #include [01;31m[K"turtle_interfaces/msg/detail/string__struct.hpp"[m[K
[2.985s]       |          [01;31m[K^~~~~~~~~~~~~~~~~~~~~~~~~~~~~~~~~~~~~~~~~~~~~~~~~[m[K
[2.985s] compilation terminated.
[2.985s] In file included from [01m[K/media/ros/fedora/home/maylis/Dokumente/TeleNav/build/turtle_interfaces/rosidl_typesupport_fastrtps_cpp/turtle_interfaces/msg/detail/turtle_position__rosidl_typesupport_fastrtps_cpp.hpp:11[m[K,
[2.985s]                  from [01m[K/media/ros/fedora/home/maylis/Dokumente/TeleNav/build/turtle_interfaces/rosidl_typesupport_fastrtps_cpp/turtle_interfaces/msg/detail/dds_fastrtps/turtle_position__type_support.cpp:4[m[K:
[2.985s] [01m[K/media/ros/fedora/home/maylis/Dokumente/TeleNav/build/turtle_interfaces/rosidl_generator_cpp/turtle_interfaces/msg/detail/turtle_position__struct.hpp:20:10:[m[K [01;31m[Kfatal error: [m[Kturtle_interfaces/msg/detail/string__struct.hpp: Datei oder Verzeichnis nicht gefunden
[2.985s]    20 | #include [01;31m[K"turtle_interfaces/msg/detail/string__struct.hpp"[m[K
[2.985s]       |          [01;31m[K^~~~~~~~~~~~~~~~~~~~~~~~~~~~~~~~~~~~~~~~~~~~~~~~~[m[K
[2.985s] compilation terminated.
[2.985s] gmake[2]: *** [CMakeFiles/turtle_interfaces__rosidl_typesupport_fastrtps_cpp.dir/build.make:112: CMakeFiles/turtle_interfaces__rosidl_typesupport_fastrtps_cpp.dir/rosidl_typesupport_fastrtps_cpp/turtle_interfaces/msg/detail/dds_fastrtps/turtles_alive__type_support.cpp.o] Fehler 1
[2.986s] gmake[2]: *** Auf noch nicht beendete Prozesse wird gewartet …
[2.986s] gmake[2]: *** [CMakeFiles/turtle_interfaces__rosidl_typesupport_fastrtps_cpp.dir/build.make:98: CMakeFiles/turtle_interfaces__rosidl_typesupport_fastrtps_cpp.dir/rosidl_typesupport_fastrtps_cpp/turtle_interfaces/msg/detail/dds_fastrtps/turtle_position__type_support.cpp.o] Fehler 1
[2.986s] gmake[1]: *** [CMakeFiles/Makefile2:343: CMakeFiles/turtle_interfaces__rosidl_typesupport_fastrtps_cpp.dir/all] Fehler 2
[2.986s] gmake: *** [Makefile:146: all] Fehler 2
[2.989s] Invoked command in '/media/ros/fedora/home/maylis/Dokumente/TeleNav/build/turtle_interfaces' returned '2': CMAKE_PREFIX_PATH=${CMAKE_PREFIX_PATH}:/media/ros/fedora/home/maylis/Dokumente/TeleNav/install/turtle_spawner:/media/ros/fedora/home/maylis/Dokumente/TeleNav/install/my_robot_controller:/opt/ros/humble /usr/bin/cmake --build /media/ros/fedora/home/maylis/Dokumente/TeleNav/build/turtle_interfaces -- -j6 -l6
