[0.919s] Invoking command in '/media/ros/fedora/home/maylis/Dokumente/TeleNav/turtle_follower_ws/src/turtle_controller': PYTHONPATH=/media/ros/fedora/home/maylis/Dokumente/TeleNav/build/turtle_controller/prefix_override:/usr/lib/python3/dist-packages/colcon_core/task/python/colcon_distutils_commands:/media/ros/fedora/home/maylis/Dokumente/TeleNav/install/turtle_controller/lib/python3.10/site-packages:${PYTHONPATH} /usr/bin/python3 -W ignore:setup.py install is deprecated -W ignore:easy_install command is deprecated setup.py egg_info --egg-base ../../../build/turtle_controller build --build-base /media/ros/fedora/home/maylis/Dokumente/TeleNav/build/turtle_controller/build install --record /media/ros/fedora/home/maylis/Dokumente/TeleNav/build/turtle_controller/install.log --single-version-externally-managed install_data
[1.116s] running egg_info
[1.117s] writing ../../../build/turtle_controller/turtle_controller.egg-info/PKG-INFO
[1.117s] writing dependency_links to ../../../build/turtle_controller/turtle_controller.egg-info/dependency_links.txt
[1.117s] writing entry points to ../../../build/turtle_controller/turtle_controller.egg-info/entry_points.txt
[1.117s] writing requirements to ../../../build/turtle_controller/turtle_controller.egg-info/requires.txt
[1.117s] writing top-level names to ../../../build/turtle_controller/turtle_controller.egg-info/top_level.txt
[1.119s] reading manifest file '../../../build/turtle_controller/turtle_controller.egg-info/SOURCES.txt'
[1.120s] writing manifest file '../../../build/turtle_controller/turtle_controller.egg-info/SOURCES.txt'
[1.120s] running build
[1.120s] running build_py
[1.121s] copying turtle_controller/turtle_controller.py -> /media/ros/fedora/home/maylis/Dokumente/TeleNav/build/turtle_controller/build/lib/turtle_controller
[1.121s] running install
[1.121s] running install_lib
[1.122s] copying /media/ros/fedora/home/maylis/Dokumente/TeleNav/build/turtle_controller/build/lib/turtle_controller/turtle_controller.py -> /media/ros/fedora/home/maylis/Dokumente/TeleNav/install/turtle_controller/lib/python3.10/site-packages/turtle_controller
[1.123s] byte-compiling /media/ros/fedora/home/maylis/Dokumente/TeleNav/install/turtle_controller/lib/python3.10/site-packages/turtle_controller/turtle_controller.py to turtle_controller.cpython-310.pyc
[1.124s] running install_data
[1.124s] running install_egg_info
[1.126s] removing '/media/ros/fedora/home/maylis/Dokumente/TeleNav/install/turtle_controller/lib/python3.10/site-packages/turtle_controller-0.0.0-py3.10.egg-info' (and everything under it)
[1.126s] Copying ../../../build/turtle_controller/turtle_controller.egg-info to /media/ros/fedora/home/maylis/Dokumente/TeleNav/install/turtle_controller/lib/python3.10/site-packages/turtle_controller-0.0.0-py3.10.egg-info
[1.127s] running install_scripts
[1.145s] Installing turtle_controller script to /media/ros/fedora/home/maylis/Dokumente/TeleNav/install/turtle_controller/lib/turtle_controller
[1.146s] writing list of installed files to '/media/ros/fedora/home/maylis/Dokumente/TeleNav/build/turtle_controller/install.log'
[1.181s] Invoked command in '/media/ros/fedora/home/maylis/Dokumente/TeleNav/turtle_follower_ws/src/turtle_controller' returned '0': PYTHONPATH=/media/ros/fedora/home/maylis/Dokumente/TeleNav/build/turtle_controller/prefix_override:/usr/lib/python3/dist-packages/colcon_core/task/python/colcon_distutils_commands:/media/ros/fedora/home/maylis/Dokumente/TeleNav/install/turtle_controller/lib/python3.10/site-packages:${PYTHONPATH} /usr/bin/python3 -W ignore:setup.py install is deprecated -W ignore:easy_install command is deprecated setup.py egg_info --egg-base ../../../build/turtle_controller build --build-base /media/ros/fedora/home/maylis/Dokumente/TeleNav/build/turtle_controller/build install --record /media/ros/fedora/home/maylis/Dokumente/TeleNav/build/turtle_controller/install.log --single-version-externally-managed install_data
