[0.025s] Invoking command in '/media/ros/fedora/home/maylis/Dokumente/TeleNav/project_ws/build/telerobot_description': CMAKE_PREFIX_PATH=${CMAKE_PREFIX_PATH}:/media/ros/fedora/home/maylis/Dokumente/TeleNav/project_ws/install/telerobot_controller:/opt/ros/humble /usr/bin/cmake /media/ros/fedora/home/maylis/Dokumente/TeleNav/project_ws/src/telerobot_description -DCMAKE_INSTALL_PREFIX=/media/ros/fedora/home/maylis/Dokumente/TeleNav/project_ws/install/telerobot_description
[0.041s] -- Found ament_cmake: 1.3.12 (/opt/ros/humble/share/ament_cmake/cmake)
[0.367s] -- Override CMake install command with custom implementation using symlinks instead of copying resources
[0.386s] -- Found rclpy: 3.3.17 (/opt/ros/humble/share/rclpy/cmake)
[0.387s] -- Found ament_lint_auto: 0.12.14 (/opt/ros/humble/share/ament_lint_auto/cmake)
[0.489s] -- Added test 'lint_cmake' to check CMake code style
[0.490s] -- Added test 'xmllint' to check XML markup files
[0.491s] -- Configuring done
[0.496s] -- Generating done
[0.498s] -- Build files have been written to: /media/ros/fedora/home/maylis/Dokumente/TeleNav/project_ws/build/telerobot_description
[0.502s] Invoked command in '/media/ros/fedora/home/maylis/Dokumente/TeleNav/project_ws/build/telerobot_description' returned '0': CMAKE_PREFIX_PATH=${CMAKE_PREFIX_PATH}:/media/ros/fedora/home/maylis/Dokumente/TeleNav/project_ws/install/telerobot_controller:/opt/ros/humble /usr/bin/cmake /media/ros/fedora/home/maylis/Dokumente/TeleNav/project_ws/src/telerobot_description -DCMAKE_INSTALL_PREFIX=/media/ros/fedora/home/maylis/Dokumente/TeleNav/project_ws/install/telerobot_description
[0.503s] Invoking command in '/media/ros/fedora/home/maylis/Dokumente/TeleNav/project_ws/build/telerobot_description': CMAKE_PREFIX_PATH=${CMAKE_PREFIX_PATH}:/media/ros/fedora/home/maylis/Dokumente/TeleNav/project_ws/install/telerobot_controller:/opt/ros/humble /usr/bin/cmake --build /media/ros/fedora/home/maylis/Dokumente/TeleNav/project_ws/build/telerobot_description -- -j6 -l6
[0.568s] Invoked command in '/media/ros/fedora/home/maylis/Dokumente/TeleNav/project_ws/build/telerobot_description' returned '0': CMAKE_PREFIX_PATH=${CMAKE_PREFIX_PATH}:/media/ros/fedora/home/maylis/Dokumente/TeleNav/project_ws/install/telerobot_controller:/opt/ros/humble /usr/bin/cmake --build /media/ros/fedora/home/maylis/Dokumente/TeleNav/project_ws/build/telerobot_description -- -j6 -l6
[0.570s] Invoking command in '/media/ros/fedora/home/maylis/Dokumente/TeleNav/project_ws/build/telerobot_description': CMAKE_PREFIX_PATH=${CMAKE_PREFIX_PATH}:/media/ros/fedora/home/maylis/Dokumente/TeleNav/project_ws/install/telerobot_controller:/opt/ros/humble /usr/bin/cmake --install /media/ros/fedora/home/maylis/Dokumente/TeleNav/project_ws/build/telerobot_description
[0.580s] -- Install configuration: ""
[0.582s] -- Execute custom install script
[0.583s] -- Up-to-date symlink: /media/ros/fedora/home/maylis/Dokumente/TeleNav/project_ws/install/telerobot_description/share/telerobot_description//urdf/camera.xacro
[0.583s] -- Up-to-date symlink: /media/ros/fedora/home/maylis/Dokumente/TeleNav/project_ws/install/telerobot_description/share/telerobot_description//urdf/common_properties.xacro
[0.583s] -- Up-to-date symlink: /media/ros/fedora/home/maylis/Dokumente/TeleNav/project_ws/install/telerobot_description/share/telerobot_description//urdf/lidar.xacro
[0.583s] -- Up-to-date symlink: /media/ros/fedora/home/maylis/Dokumente/TeleNav/project_ws/install/telerobot_description/share/telerobot_description//urdf/my_robot.urdf.xacro
[0.584s] -- Up-to-date symlink: /media/ros/fedora/home/maylis/Dokumente/TeleNav/project_ws/install/telerobot_description/share/telerobot_description//urdf/robot_base.xacro
[0.584s] -- Up-to-date symlink: /media/ros/fedora/home/maylis/Dokumente/TeleNav/project_ws/install/telerobot_description/share/telerobot_description//urdf/robot_base_gazebo.xacro
[0.585s] -- Up-to-date symlink: /media/ros/fedora/home/maylis/Dokumente/TeleNav/project_ws/install/telerobot_description/share/telerobot_description//urdf/simple_distance.xacro
[0.585s] -- Up-to-date symlink: /media/ros/fedora/home/maylis/Dokumente/TeleNav/project_ws/install/telerobot_description/share/telerobot_description//urdf/simple_robot.urdf.xacro
[0.585s] -- Up-to-date symlink: /media/ros/fedora/home/maylis/Dokumente/TeleNav/project_ws/install/telerobot_description/share/telerobot_description//launch/display.launch.xml
[0.585s] -- Up-to-date symlink: /media/ros/fedora/home/maylis/Dokumente/TeleNav/project_ws/install/telerobot_description/share/telerobot_description//launch/display_simple.launch.xml
[0.585s] -- Up-to-date symlink: /media/ros/fedora/home/maylis/Dokumente/TeleNav/project_ws/install/telerobot_description/share/telerobot_description//rviz/urdf_config.rviz
[0.585s] -- Up-to-date symlink: /media/ros/fedora/home/maylis/Dokumente/TeleNav/project_ws/install/telerobot_description/share/ament_index/resource_index/package_run_dependencies/telerobot_description
[0.585s] -- Up-to-date symlink: /media/ros/fedora/home/maylis/Dokumente/TeleNav/project_ws/install/telerobot_description/share/ament_index/resource_index/parent_prefix_path/telerobot_description
[0.586s] -- Up-to-date symlink: /media/ros/fedora/home/maylis/Dokumente/TeleNav/project_ws/install/telerobot_description/share/telerobot_description/environment/ament_prefix_path.sh
[0.586s] -- Up-to-date symlink: /media/ros/fedora/home/maylis/Dokumente/TeleNav/project_ws/install/telerobot_description/share/telerobot_description/environment/ament_prefix_path.dsv
[0.586s] -- Up-to-date symlink: /media/ros/fedora/home/maylis/Dokumente/TeleNav/project_ws/install/telerobot_description/share/telerobot_description/environment/path.sh
[0.586s] -- Up-to-date symlink: /media/ros/fedora/home/maylis/Dokumente/TeleNav/project_ws/install/telerobot_description/share/telerobot_description/environment/path.dsv
[0.586s] -- Up-to-date symlink: /media/ros/fedora/home/maylis/Dokumente/TeleNav/project_ws/install/telerobot_description/share/telerobot_description/local_setup.bash
[0.586s] -- Up-to-date symlink: /media/ros/fedora/home/maylis/Dokumente/TeleNav/project_ws/install/telerobot_description/share/telerobot_description/local_setup.sh
[0.586s] -- Up-to-date symlink: /media/ros/fedora/home/maylis/Dokumente/TeleNav/project_ws/install/telerobot_description/share/telerobot_description/local_setup.zsh
[0.586s] -- Up-to-date symlink: /media/ros/fedora/home/maylis/Dokumente/TeleNav/project_ws/install/telerobot_description/share/telerobot_description/local_setup.dsv
[0.586s] -- Symlinking: /media/ros/fedora/home/maylis/Dokumente/TeleNav/project_ws/install/telerobot_description/share/telerobot_description/package.dsv
[0.597s] -- Up-to-date symlink: /media/ros/fedora/home/maylis/Dokumente/TeleNav/project_ws/install/telerobot_description/share/ament_index/resource_index/packages/telerobot_description
[0.597s] -- Up-to-date symlink: /media/ros/fedora/home/maylis/Dokumente/TeleNav/project_ws/install/telerobot_description/share/telerobot_description/cmake/telerobot_descriptionConfig.cmake
[0.597s] -- Up-to-date symlink: /media/ros/fedora/home/maylis/Dokumente/TeleNav/project_ws/install/telerobot_description/share/telerobot_description/cmake/telerobot_descriptionConfig-version.cmake
[0.597s] -- Up-to-date symlink: /media/ros/fedora/home/maylis/Dokumente/TeleNav/project_ws/install/telerobot_description/share/telerobot_description/package.xml
[0.607s] Invoked command in '/media/ros/fedora/home/maylis/Dokumente/TeleNav/project_ws/build/telerobot_description' returned '0': CMAKE_PREFIX_PATH=${CMAKE_PREFIX_PATH}:/media/ros/fedora/home/maylis/Dokumente/TeleNav/project_ws/install/telerobot_controller:/opt/ros/humble /usr/bin/cmake --install /media/ros/fedora/home/maylis/Dokumente/TeleNav/project_ws/build/telerobot_description
