running egg_info
creating ../../build/first_package/first_package.egg-info
writing ../../build/first_package/first_package.egg-info/PKG-INFO
writing dependency_links to ../../build/first_package/first_package.egg-info/dependency_links.txt
writing entry points to ../../build/first_package/first_package.egg-info/entry_points.txt
writing requirements to ../../build/first_package/first_package.egg-info/requires.txt
writing top-level names to ../../build/first_package/first_package.egg-info/top_level.txt
writing manifest file '../../build/first_package/first_package.egg-info/SOURCES.txt'
reading manifest file '../../build/first_package/first_package.egg-info/SOURCES.txt'
writing manifest file '../../build/first_package/first_package.egg-info/SOURCES.txt'
running build
running build_py
creating /media/ros/fedora/home/maylis/Dokumente/TeleNav/build/first_package/build
creating /media/ros/fedora/home/maylis/Dokumente/TeleNav/build/first_package/build/lib
creating /media/ros/fedora/home/maylis/Dokumente/TeleNav/build/first_package/build/lib/first_package
copying first_package/__init__.py -> /media/ros/fedora/home/maylis/Dokumente/TeleNav/build/first_package/build/lib/first_package
copying first_package/publisher.py -> /media/ros/fedora/home/maylis/Dokumente/TeleNav/build/first_package/build/lib/first_package
copying first_package/subscriber.py -> /media/ros/fedora/home/maylis/Dokumente/TeleNav/build/first_package/build/lib/first_package
running install
running install_lib
creating /media/ros/fedora/home/maylis/Dokumente/TeleNav/install/first_package/lib/python3.10/site-packages/first_package
copying /media/ros/fedora/home/maylis/Dokumente/TeleNav/build/first_package/build/lib/first_package/__init__.py -> /media/ros/fedora/home/maylis/Dokumente/TeleNav/install/first_package/lib/python3.10/site-packages/first_package
copying /media/ros/fedora/home/maylis/Dokumente/TeleNav/build/first_package/build/lib/first_package/publisher.py -> /media/ros/fedora/home/maylis/Dokumente/TeleNav/install/first_package/lib/python3.10/site-packages/first_package
copying /media/ros/fedora/home/maylis/Dokumente/TeleNav/build/first_package/build/lib/first_package/subscriber.py -> /media/ros/fedora/home/maylis/Dokumente/TeleNav/install/first_package/lib/python3.10/site-packages/first_package
byte-compiling /media/ros/fedora/home/maylis/Dokumente/TeleNav/install/first_package/lib/python3.10/site-packages/first_package/__init__.py to __init__.cpython-310.pyc
byte-compiling /media/ros/fedora/home/maylis/Dokumente/TeleNav/install/first_package/lib/python3.10/site-packages/first_package/publisher.py to publisher.cpython-310.pyc
byte-compiling /media/ros/fedora/home/maylis/Dokumente/TeleNav/install/first_package/lib/python3.10/site-packages/first_package/subscriber.py to subscriber.cpython-310.pyc
running install_data
creating /media/ros/fedora/home/maylis/Dokumente/TeleNav/install/first_package/share/ament_index
creating /media/ros/fedora/home/maylis/Dokumente/TeleNav/install/first_package/share/ament_index/resource_index
creating /media/ros/fedora/home/maylis/Dokumente/TeleNav/install/first_package/share/ament_index/resource_index/packages
copying resource/first_package -> /media/ros/fedora/home/maylis/Dokumente/TeleNav/install/first_package/share/ament_index/resource_index/packages
copying package.xml -> /media/ros/fedora/home/maylis/Dokumente/TeleNav/install/first_package/share/first_package
running install_egg_info
Copying ../../build/first_package/first_package.egg-info to /media/ros/fedora/home/maylis/Dokumente/TeleNav/install/first_package/lib/python3.10/site-packages/first_package-0.0.0-py3.10.egg-info
running install_scripts
Installing listener script to /media/ros/fedora/home/maylis/Dokumente/TeleNav/install/first_package/lib/first_package
Installing talker script to /media/ros/fedora/home/maylis/Dokumente/TeleNav/install/first_package/lib/first_package
writing list of installed files to '/media/ros/fedora/home/maylis/Dokumente/TeleNav/build/first_package/install.log'
