[0.023s] Invoking command in '/media/ros/fedora/home/maylis/Dokumente/TeleNav/project_ws/build/telerobot_interfaces': CMAKE_PREFIX_PATH=${CMAKE_PREFIX_PATH}:/media/ros/fedora/home/maylis/Dokumente/TeleNav/project_ws/install/telerobot_controller:/opt/ros/humble /usr/bin/cmake --build /media/ros/fedora/home/maylis/Dokumente/TeleNav/project_ws/build/telerobot_interfaces -- -j6 -l6
[0.081s] [  3%] Built target telerobot_interfaces__cpp
[0.091s] [ 12%] Built target telerobot_interfaces__rosidl_generator_c
[0.104s] [ 12%] Built target ament_cmake_python_copy_telerobot_interfaces
[0.120s] [ 22%] Built target telerobot_interfaces__rosidl_typesupport_fastrtps_cpp
[0.126s] [ 32%] Built target telerobot_interfaces__rosidl_typesupport_introspection_c
[0.127s] [ 41%] Built target telerobot_interfaces__rosidl_typesupport_cpp
[0.129s] [ 51%] Built target telerobot_interfaces__rosidl_typesupport_introspection_cpp
[0.144s] [ 61%] Built target telerobot_interfaces__rosidl_typesupport_fastrtps_c
[0.153s] [ 70%] Built target telerobot_interfaces__rosidl_typesupport_c
[0.182s] [ 70%] Built target telerobot_interfaces
[0.207s] [ 74%] Built target telerobot_interfaces__py
[0.237s] [ 80%] Built target telerobot_interfaces__rosidl_generator_py
[0.265s] [ 87%] Built target telerobot_interfaces__rosidl_typesupport_introspection_c__pyext
[0.265s] [ 93%] Built target telerobot_interfaces__rosidl_typesupport_c__pyext
[0.266s] [100%] Built target telerobot_interfaces__rosidl_typesupport_fastrtps_c__pyext
[0.407s] running egg_info
[0.408s] writing telerobot_interfaces.egg-info/PKG-INFO
[0.408s] writing dependency_links to telerobot_interfaces.egg-info/dependency_links.txt
[0.409s] writing top-level names to telerobot_interfaces.egg-info/top_level.txt
[0.413s] reading manifest file 'telerobot_interfaces.egg-info/SOURCES.txt'
[0.413s] writing manifest file 'telerobot_interfaces.egg-info/SOURCES.txt'
[0.465s] [100%] Built target ament_cmake_python_build_telerobot_interfaces_egg
[0.477s] Invoked command in '/media/ros/fedora/home/maylis/Dokumente/TeleNav/project_ws/build/telerobot_interfaces' returned '0': CMAKE_PREFIX_PATH=${CMAKE_PREFIX_PATH}:/media/ros/fedora/home/maylis/Dokumente/TeleNav/project_ws/install/telerobot_controller:/opt/ros/humble /usr/bin/cmake --build /media/ros/fedora/home/maylis/Dokumente/TeleNav/project_ws/build/telerobot_interfaces -- -j6 -l6
[0.480s] Invoking command in '/media/ros/fedora/home/maylis/Dokumente/TeleNav/project_ws/build/telerobot_interfaces': CMAKE_PREFIX_PATH=${CMAKE_PREFIX_PATH}:/media/ros/fedora/home/maylis/Dokumente/TeleNav/project_ws/install/telerobot_controller:/opt/ros/humble /usr/bin/cmake --install /media/ros/fedora/home/maylis/Dokumente/TeleNav/project_ws/build/telerobot_interfaces
[0.489s] -- Install configuration: ""
[0.490s] -- Up-to-date: /media/ros/fedora/home/maylis/Dokumente/TeleNav/project_ws/install/telerobot_interfaces/share/ament_index/resource_index/rosidl_interfaces/telerobot_interfaces
[0.490s] -- Up-to-date: /media/ros/fedora/home/maylis/Dokumente/TeleNav/project_ws/install/telerobot_interfaces/include/telerobot_interfaces/telerobot_interfaces
[0.490s] -- Up-to-date: /media/ros/fedora/home/maylis/Dokumente/TeleNav/project_ws/install/telerobot_interfaces/include/telerobot_interfaces/telerobot_interfaces/msg
[0.490s] -- Up-to-date: /media/ros/fedora/home/maylis/Dokumente/TeleNav/project_ws/install/telerobot_interfaces/include/telerobot_interfaces/telerobot_interfaces/msg/rosidl_generator_c__visibility_control.h
[0.490s] -- Up-to-date: /media/ros/fedora/home/maylis/Dokumente/TeleNav/project_ws/install/telerobot_interfaces/include/telerobot_interfaces/telerobot_interfaces/msg/move_cmd.h
[0.490s] -- Up-to-date: /media/ros/fedora/home/maylis/Dokumente/TeleNav/project_ws/install/telerobot_interfaces/include/telerobot_interfaces/telerobot_interfaces/msg/detail
[0.490s] -- Up-to-date: /media/ros/fedora/home/maylis/Dokumente/TeleNav/project_ws/install/telerobot_interfaces/include/telerobot_interfaces/telerobot_interfaces/msg/detail/move_cmd__functions.c
[0.491s] -- Up-to-date: /media/ros/fedora/home/maylis/Dokumente/TeleNav/project_ws/install/telerobot_interfaces/include/telerobot_interfaces/telerobot_interfaces/msg/detail/move_cmd__functions.h
[0.491s] -- Up-to-date: /media/ros/fedora/home/maylis/Dokumente/TeleNav/project_ws/install/telerobot_interfaces/include/telerobot_interfaces/telerobot_interfaces/msg/detail/move_cmd__struct.h
[0.492s] -- Up-to-date: /media/ros/fedora/home/maylis/Dokumente/TeleNav/project_ws/install/telerobot_interfaces/include/telerobot_interfaces/telerobot_interfaces/msg/detail/move_cmd__type_support.h
[0.492s] -- Up-to-date: /media/ros/fedora/home/maylis/Dokumente/TeleNav/project_ws/install/telerobot_interfaces/share/telerobot_interfaces/environment/library_path.sh
[0.492s] -- Up-to-date: /media/ros/fedora/home/maylis/Dokumente/TeleNav/project_ws/install/telerobot_interfaces/share/telerobot_interfaces/environment/library_path.dsv
[0.492s] -- Up-to-date: /media/ros/fedora/home/maylis/Dokumente/TeleNav/project_ws/install/telerobot_interfaces/lib/libtelerobot_interfaces__rosidl_generator_c.so
[0.492s] -- Up-to-date: /media/ros/fedora/home/maylis/Dokumente/TeleNav/project_ws/install/telerobot_interfaces/include/telerobot_interfaces/telerobot_interfaces
[0.493s] -- Up-to-date: /media/ros/fedora/home/maylis/Dokumente/TeleNav/project_ws/install/telerobot_interfaces/include/telerobot_interfaces/telerobot_interfaces/msg
[0.493s] -- Up-to-date: /media/ros/fedora/home/maylis/Dokumente/TeleNav/project_ws/install/telerobot_interfaces/include/telerobot_interfaces/telerobot_interfaces/msg/rosidl_typesupport_fastrtps_c__visibility_control.h
[0.493s] -- Up-to-date: /media/ros/fedora/home/maylis/Dokumente/TeleNav/project_ws/install/telerobot_interfaces/include/telerobot_interfaces/telerobot_interfaces/msg/detail
[0.493s] -- Up-to-date: /media/ros/fedora/home/maylis/Dokumente/TeleNav/project_ws/install/telerobot_interfaces/include/telerobot_interfaces/telerobot_interfaces/msg/detail/move_cmd__rosidl_typesupport_fastrtps_c.h
[0.493s] -- Up-to-date: /media/ros/fedora/home/maylis/Dokumente/TeleNav/project_ws/install/telerobot_interfaces/lib/libtelerobot_interfaces__rosidl_typesupport_fastrtps_c.so
[0.493s] -- Up-to-date: /media/ros/fedora/home/maylis/Dokumente/TeleNav/project_ws/install/telerobot_interfaces/include/telerobot_interfaces/telerobot_interfaces
[0.493s] -- Up-to-date: /media/ros/fedora/home/maylis/Dokumente/TeleNav/project_ws/install/telerobot_interfaces/include/telerobot_interfaces/telerobot_interfaces/msg
[0.493s] -- Up-to-date: /media/ros/fedora/home/maylis/Dokumente/TeleNav/project_ws/install/telerobot_interfaces/include/telerobot_interfaces/telerobot_interfaces/msg/rosidl_typesupport_introspection_c__visibility_control.h
[0.493s] -- Up-to-date: /media/ros/fedora/home/maylis/Dokumente/TeleNav/project_ws/install/telerobot_interfaces/include/telerobot_interfaces/telerobot_interfaces/msg/detail
[0.494s] -- Up-to-date: /media/ros/fedora/home/maylis/Dokumente/TeleNav/project_ws/install/telerobot_interfaces/include/telerobot_interfaces/telerobot_interfaces/msg/detail/move_cmd__rosidl_typesupport_introspection_c.h
[0.494s] -- Up-to-date: /media/ros/fedora/home/maylis/Dokumente/TeleNav/project_ws/install/telerobot_interfaces/include/telerobot_interfaces/telerobot_interfaces/msg/detail/move_cmd__type_support.c
[0.494s] -- Up-to-date: /media/ros/fedora/home/maylis/Dokumente/TeleNav/project_ws/install/telerobot_interfaces/lib/libtelerobot_interfaces__rosidl_typesupport_introspection_c.so
[0.494s] -- Up-to-date: /media/ros/fedora/home/maylis/Dokumente/TeleNav/project_ws/install/telerobot_interfaces/lib/libtelerobot_interfaces__rosidl_typesupport_c.so
[0.494s] -- Up-to-date: /media/ros/fedora/home/maylis/Dokumente/TeleNav/project_ws/install/telerobot_interfaces/include/telerobot_interfaces/telerobot_interfaces
[0.494s] -- Up-to-date: /media/ros/fedora/home/maylis/Dokumente/TeleNav/project_ws/install/telerobot_interfaces/include/telerobot_interfaces/telerobot_interfaces/msg
[0.494s] -- Up-to-date: /media/ros/fedora/home/maylis/Dokumente/TeleNav/project_ws/install/telerobot_interfaces/include/telerobot_interfaces/telerobot_interfaces/msg/rosidl_generator_cpp__visibility_control.hpp
[0.494s] -- Up-to-date: /media/ros/fedora/home/maylis/Dokumente/TeleNav/project_ws/install/telerobot_interfaces/include/telerobot_interfaces/telerobot_interfaces/msg/move_cmd.hpp
[0.494s] -- Up-to-date: /media/ros/fedora/home/maylis/Dokumente/TeleNav/project_ws/install/telerobot_interfaces/include/telerobot_interfaces/telerobot_interfaces/msg/detail
[0.495s] -- Up-to-date: /media/ros/fedora/home/maylis/Dokumente/TeleNav/project_ws/install/telerobot_interfaces/include/telerobot_interfaces/telerobot_interfaces/msg/detail/move_cmd__builder.hpp
[0.495s] -- Up-to-date: /media/ros/fedora/home/maylis/Dokumente/TeleNav/project_ws/install/telerobot_interfaces/include/telerobot_interfaces/telerobot_interfaces/msg/detail/move_cmd__struct.hpp
[0.495s] -- Up-to-date: /media/ros/fedora/home/maylis/Dokumente/TeleNav/project_ws/install/telerobot_interfaces/include/telerobot_interfaces/telerobot_interfaces/msg/detail/move_cmd__traits.hpp
[0.495s] -- Up-to-date: /media/ros/fedora/home/maylis/Dokumente/TeleNav/project_ws/install/telerobot_interfaces/include/telerobot_interfaces/telerobot_interfaces/msg/detail/move_cmd__type_support.hpp
[0.496s] -- Up-to-date: /media/ros/fedora/home/maylis/Dokumente/TeleNav/project_ws/install/telerobot_interfaces/include/telerobot_interfaces/telerobot_interfaces
[0.496s] -- Up-to-date: /media/ros/fedora/home/maylis/Dokumente/TeleNav/project_ws/install/telerobot_interfaces/include/telerobot_interfaces/telerobot_interfaces/msg
[0.496s] -- Up-to-date: /media/ros/fedora/home/maylis/Dokumente/TeleNav/project_ws/install/telerobot_interfaces/include/telerobot_interfaces/telerobot_interfaces/msg/rosidl_typesupport_fastrtps_cpp__visibility_control.h
[0.496s] -- Up-to-date: /media/ros/fedora/home/maylis/Dokumente/TeleNav/project_ws/install/telerobot_interfaces/include/telerobot_interfaces/telerobot_interfaces/msg/detail
[0.496s] -- Up-to-date: /media/ros/fedora/home/maylis/Dokumente/TeleNav/project_ws/install/telerobot_interfaces/include/telerobot_interfaces/telerobot_interfaces/msg/detail/move_cmd__rosidl_typesupport_fastrtps_cpp.hpp
[0.496s] -- Up-to-date: /media/ros/fedora/home/maylis/Dokumente/TeleNav/project_ws/install/telerobot_interfaces/include/telerobot_interfaces/telerobot_interfaces/msg/detail/dds_fastrtps
[0.496s] -- Up-to-date: /media/ros/fedora/home/maylis/Dokumente/TeleNav/project_ws/install/telerobot_interfaces/lib/libtelerobot_interfaces__rosidl_typesupport_fastrtps_cpp.so
[0.496s] -- Up-to-date: /media/ros/fedora/home/maylis/Dokumente/TeleNav/project_ws/install/telerobot_interfaces/include/telerobot_interfaces/telerobot_interfaces
[0.496s] -- Up-to-date: /media/ros/fedora/home/maylis/Dokumente/TeleNav/project_ws/install/telerobot_interfaces/include/telerobot_interfaces/telerobot_interfaces/msg
[0.496s] -- Up-to-date: /media/ros/fedora/home/maylis/Dokumente/TeleNav/project_ws/install/telerobot_interfaces/include/telerobot_interfaces/telerobot_interfaces/msg/detail
[0.496s] -- Up-to-date: /media/ros/fedora/home/maylis/Dokumente/TeleNav/project_ws/install/telerobot_interfaces/include/telerobot_interfaces/telerobot_interfaces/msg/detail/move_cmd__rosidl_typesupport_introspection_cpp.hpp
[0.496s] -- Up-to-date: /media/ros/fedora/home/maylis/Dokumente/TeleNav/project_ws/install/telerobot_interfaces/include/telerobot_interfaces/telerobot_interfaces/msg/detail/move_cmd__type_support.cpp
[0.496s] -- Up-to-date: /media/ros/fedora/home/maylis/Dokumente/TeleNav/project_ws/install/telerobot_interfaces/lib/libtelerobot_interfaces__rosidl_typesupport_introspection_cpp.so
[0.496s] -- Up-to-date: /media/ros/fedora/home/maylis/Dokumente/TeleNav/project_ws/install/telerobot_interfaces/lib/libtelerobot_interfaces__rosidl_typesupport_cpp.so
[0.496s] -- Up-to-date: /media/ros/fedora/home/maylis/Dokumente/TeleNav/project_ws/install/telerobot_interfaces/share/telerobot_interfaces/environment/pythonpath.sh
[0.496s] -- Up-to-date: /media/ros/fedora/home/maylis/Dokumente/TeleNav/project_ws/install/telerobot_interfaces/share/telerobot_interfaces/environment/pythonpath.dsv
[0.497s] -- Up-to-date: /media/ros/fedora/home/maylis/Dokumente/TeleNav/project_ws/install/telerobot_interfaces/local/lib/python3.10/dist-packages/telerobot_interfaces-0.0.0-py3.10.egg-info
[0.497s] -- Installing: /media/ros/fedora/home/maylis/Dokumente/TeleNav/project_ws/install/telerobot_interfaces/local/lib/python3.10/dist-packages/telerobot_interfaces-0.0.0-py3.10.egg-info/PKG-INFO
[0.497s] -- Installing: /media/ros/fedora/home/maylis/Dokumente/TeleNav/project_ws/install/telerobot_interfaces/local/lib/python3.10/dist-packages/telerobot_interfaces-0.0.0-py3.10.egg-info/dependency_links.txt
[0.497s] -- Installing: /media/ros/fedora/home/maylis/Dokumente/TeleNav/project_ws/install/telerobot_interfaces/local/lib/python3.10/dist-packages/telerobot_interfaces-0.0.0-py3.10.egg-info/top_level.txt
[0.497s] -- Installing: /media/ros/fedora/home/maylis/Dokumente/TeleNav/project_ws/install/telerobot_interfaces/local/lib/python3.10/dist-packages/telerobot_interfaces-0.0.0-py3.10.egg-info/SOURCES.txt
[0.497s] -- Up-to-date: /media/ros/fedora/home/maylis/Dokumente/TeleNav/project_ws/install/telerobot_interfaces/local/lib/python3.10/dist-packages/telerobot_interfaces
[0.497s] -- Up-to-date: /media/ros/fedora/home/maylis/Dokumente/TeleNav/project_ws/install/telerobot_interfaces/local/lib/python3.10/dist-packages/telerobot_interfaces/__init__.py
[0.497s] -- Up-to-date: /media/ros/fedora/home/maylis/Dokumente/TeleNav/project_ws/install/telerobot_interfaces/local/lib/python3.10/dist-packages/telerobot_interfaces/msg
[0.497s] -- Up-to-date: /media/ros/fedora/home/maylis/Dokumente/TeleNav/project_ws/install/telerobot_interfaces/local/lib/python3.10/dist-packages/telerobot_interfaces/msg/_move_cmd.py
[0.497s] -- Up-to-date: /media/ros/fedora/home/maylis/Dokumente/TeleNav/project_ws/install/telerobot_interfaces/local/lib/python3.10/dist-packages/telerobot_interfaces/msg/_move_cmd_s.c
[0.497s] -- Up-to-date: /media/ros/fedora/home/maylis/Dokumente/TeleNav/project_ws/install/telerobot_interfaces/local/lib/python3.10/dist-packages/telerobot_interfaces/msg/__init__.py
[0.497s] -- Up-to-date: /media/ros/fedora/home/maylis/Dokumente/TeleNav/project_ws/install/telerobot_interfaces/local/lib/python3.10/dist-packages/telerobot_interfaces/_telerobot_interfaces_s.ep.rosidl_typesupport_fastrtps_c.c
[0.497s] -- Up-to-date: /media/ros/fedora/home/maylis/Dokumente/TeleNav/project_ws/install/telerobot_interfaces/local/lib/python3.10/dist-packages/telerobot_interfaces/_telerobot_interfaces_s.ep.rosidl_typesupport_introspection_c.c
[0.497s] -- Up-to-date: /media/ros/fedora/home/maylis/Dokumente/TeleNav/project_ws/install/telerobot_interfaces/local/lib/python3.10/dist-packages/telerobot_interfaces/_telerobot_interfaces_s.ep.rosidl_typesupport_c.c
[0.497s] -- Up-to-date: /media/ros/fedora/home/maylis/Dokumente/TeleNav/project_ws/install/telerobot_interfaces/local/lib/python3.10/dist-packages/telerobot_interfaces/libtelerobot_interfaces__rosidl_generator_py.so
[0.497s] -- Up-to-date: /media/ros/fedora/home/maylis/Dokumente/TeleNav/project_ws/install/telerobot_interfaces/local/lib/python3.10/dist-packages/telerobot_interfaces/telerobot_interfaces_s__rosidl_typesupport_c.cpython-310-x86_64-linux-gnu.so
[0.497s] -- Up-to-date: /media/ros/fedora/home/maylis/Dokumente/TeleNav/project_ws/install/telerobot_interfaces/local/lib/python3.10/dist-packages/telerobot_interfaces/telerobot_interfaces_s__rosidl_typesupport_introspection_c.cpython-310-x86_64-linux-gnu.so
[0.497s] -- Up-to-date: /media/ros/fedora/home/maylis/Dokumente/TeleNav/project_ws/install/telerobot_interfaces/local/lib/python3.10/dist-packages/telerobot_interfaces/telerobot_interfaces_s__rosidl_typesupport_fastrtps_c.cpython-310-x86_64-linux-gnu.so
[0.528s] Listing '/media/ros/fedora/home/maylis/Dokumente/TeleNav/project_ws/install/telerobot_interfaces/local/lib/python3.10/dist-packages/telerobot_interfaces'...
[0.528s] Listing '/media/ros/fedora/home/maylis/Dokumente/TeleNav/project_ws/install/telerobot_interfaces/local/lib/python3.10/dist-packages/telerobot_interfaces/msg'...
[0.538s] -- Up-to-date: /media/ros/fedora/home/maylis/Dokumente/TeleNav/project_ws/install/telerobot_interfaces/local/lib/python3.10/dist-packages/telerobot_interfaces/telerobot_interfaces_s__rosidl_typesupport_fastrtps_c.cpython-310-x86_64-linux-gnu.so
[0.538s] -- Up-to-date: /media/ros/fedora/home/maylis/Dokumente/TeleNav/project_ws/install/telerobot_interfaces/local/lib/python3.10/dist-packages/telerobot_interfaces/telerobot_interfaces_s__rosidl_typesupport_introspection_c.cpython-310-x86_64-linux-gnu.so
[0.538s] -- Up-to-date: /media/ros/fedora/home/maylis/Dokumente/TeleNav/project_ws/install/telerobot_interfaces/local/lib/python3.10/dist-packages/telerobot_interfaces/telerobot_interfaces_s__rosidl_typesupport_c.cpython-310-x86_64-linux-gnu.so
[0.538s] -- Up-to-date: /media/ros/fedora/home/maylis/Dokumente/TeleNav/project_ws/install/telerobot_interfaces/lib/libtelerobot_interfaces__rosidl_generator_py.so
[0.539s] -- Up-to-date: /media/ros/fedora/home/maylis/Dokumente/TeleNav/project_ws/install/telerobot_interfaces/share/telerobot_interfaces/msg/MoveCmd.idl
[0.539s] -- Up-to-date: /media/ros/fedora/home/maylis/Dokumente/TeleNav/project_ws/install/telerobot_interfaces/share/telerobot_interfaces/msg/MoveCmd.msg
[0.539s] -- Up-to-date: /media/ros/fedora/home/maylis/Dokumente/TeleNav/project_ws/install/telerobot_interfaces/share/ament_index/resource_index/package_run_dependencies/telerobot_interfaces
[0.539s] -- Up-to-date: /media/ros/fedora/home/maylis/Dokumente/TeleNav/project_ws/install/telerobot_interfaces/share/ament_index/resource_index/parent_prefix_path/telerobot_interfaces
[0.540s] -- Up-to-date: /media/ros/fedora/home/maylis/Dokumente/TeleNav/project_ws/install/telerobot_interfaces/share/telerobot_interfaces/environment/ament_prefix_path.sh
[0.540s] -- Up-to-date: /media/ros/fedora/home/maylis/Dokumente/TeleNav/project_ws/install/telerobot_interfaces/share/telerobot_interfaces/environment/ament_prefix_path.dsv
[0.540s] -- Up-to-date: /media/ros/fedora/home/maylis/Dokumente/TeleNav/project_ws/install/telerobot_interfaces/share/telerobot_interfaces/environment/path.sh
[0.540s] -- Up-to-date: /media/ros/fedora/home/maylis/Dokumente/TeleNav/project_ws/install/telerobot_interfaces/share/telerobot_interfaces/environment/path.dsv
[0.540s] -- Up-to-date: /media/ros/fedora/home/maylis/Dokumente/TeleNav/project_ws/install/telerobot_interfaces/share/telerobot_interfaces/local_setup.bash
[0.540s] -- Up-to-date: /media/ros/fedora/home/maylis/Dokumente/TeleNav/project_ws/install/telerobot_interfaces/share/telerobot_interfaces/local_setup.sh
[0.541s] -- Up-to-date: /media/ros/fedora/home/maylis/Dokumente/TeleNav/project_ws/install/telerobot_interfaces/share/telerobot_interfaces/local_setup.zsh
[0.541s] -- Up-to-date: /media/ros/fedora/home/maylis/Dokumente/TeleNav/project_ws/install/telerobot_interfaces/share/telerobot_interfaces/local_setup.dsv
[0.541s] -- Up-to-date: /media/ros/fedora/home/maylis/Dokumente/TeleNav/project_ws/install/telerobot_interfaces/share/telerobot_interfaces/package.dsv
[0.541s] -- Up-to-date: /media/ros/fedora/home/maylis/Dokumente/TeleNav/project_ws/install/telerobot_interfaces/share/ament_index/resource_index/packages/telerobot_interfaces
[0.541s] -- Up-to-date: /media/ros/fedora/home/maylis/Dokumente/TeleNav/project_ws/install/telerobot_interfaces/share/telerobot_interfaces/cmake/export_telerobot_interfaces__rosidl_generator_cExport.cmake
[0.541s] -- Up-to-date: /media/ros/fedora/home/maylis/Dokumente/TeleNav/project_ws/install/telerobot_interfaces/share/telerobot_interfaces/cmake/export_telerobot_interfaces__rosidl_generator_cExport-noconfig.cmake
[0.541s] -- Up-to-date: /media/ros/fedora/home/maylis/Dokumente/TeleNav/project_ws/install/telerobot_interfaces/share/telerobot_interfaces/cmake/export_telerobot_interfaces__rosidl_typesupport_fastrtps_cExport.cmake
[0.541s] -- Up-to-date: /media/ros/fedora/home/maylis/Dokumente/TeleNav/project_ws/install/telerobot_interfaces/share/telerobot_interfaces/cmake/export_telerobot_interfaces__rosidl_typesupport_fastrtps_cExport-noconfig.cmake
[0.542s] -- Up-to-date: /media/ros/fedora/home/maylis/Dokumente/TeleNav/project_ws/install/telerobot_interfaces/share/telerobot_interfaces/cmake/telerobot_interfaces__rosidl_typesupport_introspection_cExport.cmake
[0.542s] -- Up-to-date: /media/ros/fedora/home/maylis/Dokumente/TeleNav/project_ws/install/telerobot_interfaces/share/telerobot_interfaces/cmake/telerobot_interfaces__rosidl_typesupport_introspection_cExport-noconfig.cmake
[0.542s] -- Up-to-date: /media/ros/fedora/home/maylis/Dokumente/TeleNav/project_ws/install/telerobot_interfaces/share/telerobot_interfaces/cmake/telerobot_interfaces__rosidl_typesupport_cExport.cmake
[0.543s] -- Up-to-date: /media/ros/fedora/home/maylis/Dokumente/TeleNav/project_ws/install/telerobot_interfaces/share/telerobot_interfaces/cmake/telerobot_interfaces__rosidl_typesupport_cExport-noconfig.cmake
[0.543s] -- Up-to-date: /media/ros/fedora/home/maylis/Dokumente/TeleNav/project_ws/install/telerobot_interfaces/share/telerobot_interfaces/cmake/export_telerobot_interfaces__rosidl_generator_cppExport.cmake
[0.543s] -- Up-to-date: /media/ros/fedora/home/maylis/Dokumente/TeleNav/project_ws/install/telerobot_interfaces/share/telerobot_interfaces/cmake/export_telerobot_interfaces__rosidl_typesupport_fastrtps_cppExport.cmake
[0.543s] -- Up-to-date: /media/ros/fedora/home/maylis/Dokumente/TeleNav/project_ws/install/telerobot_interfaces/share/telerobot_interfaces/cmake/export_telerobot_interfaces__rosidl_typesupport_fastrtps_cppExport-noconfig.cmake
[0.545s] -- Up-to-date: /media/ros/fedora/home/maylis/Dokumente/TeleNav/project_ws/install/telerobot_interfaces/share/telerobot_interfaces/cmake/telerobot_interfaces__rosidl_typesupport_introspection_cppExport.cmake
[0.545s] -- Up-to-date: /media/ros/fedora/home/maylis/Dokumente/TeleNav/project_ws/install/telerobot_interfaces/share/telerobot_interfaces/cmake/telerobot_interfaces__rosidl_typesupport_introspection_cppExport-noconfig.cmake
[0.545s] -- Up-to-date: /media/ros/fedora/home/maylis/Dokumente/TeleNav/project_ws/install/telerobot_interfaces/share/telerobot_interfaces/cmake/telerobot_interfaces__rosidl_typesupport_cppExport.cmake
[0.546s] -- Up-to-date: /media/ros/fedora/home/maylis/Dokumente/TeleNav/project_ws/install/telerobot_interfaces/share/telerobot_interfaces/cmake/telerobot_interfaces__rosidl_typesupport_cppExport-noconfig.cmake
[0.546s] -- Up-to-date: /media/ros/fedora/home/maylis/Dokumente/TeleNav/project_ws/install/telerobot_interfaces/share/telerobot_interfaces/cmake/export_telerobot_interfaces__rosidl_generator_pyExport.cmake
[0.546s] -- Up-to-date: /media/ros/fedora/home/maylis/Dokumente/TeleNav/project_ws/install/telerobot_interfaces/share/telerobot_interfaces/cmake/export_telerobot_interfaces__rosidl_generator_pyExport-noconfig.cmake
[0.546s] -- Up-to-date: /media/ros/fedora/home/maylis/Dokumente/TeleNav/project_ws/install/telerobot_interfaces/share/telerobot_interfaces/cmake/rosidl_cmake-extras.cmake
[0.546s] -- Up-to-date: /media/ros/fedora/home/maylis/Dokumente/TeleNav/project_ws/install/telerobot_interfaces/share/telerobot_interfaces/cmake/ament_cmake_export_include_directories-extras.cmake
[0.546s] -- Up-to-date: /media/ros/fedora/home/maylis/Dokumente/TeleNav/project_ws/install/telerobot_interfaces/share/telerobot_interfaces/cmake/ament_cmake_export_libraries-extras.cmake
[0.546s] -- Up-to-date: /media/ros/fedora/home/maylis/Dokumente/TeleNav/project_ws/install/telerobot_interfaces/share/telerobot_interfaces/cmake/ament_cmake_export_targets-extras.cmake
[0.546s] -- Up-to-date: /media/ros/fedora/home/maylis/Dokumente/TeleNav/project_ws/install/telerobot_interfaces/share/telerobot_interfaces/cmake/rosidl_cmake_export_typesupport_targets-extras.cmake
[0.546s] -- Up-to-date: /media/ros/fedora/home/maylis/Dokumente/TeleNav/project_ws/install/telerobot_interfaces/share/telerobot_interfaces/cmake/ament_cmake_export_dependencies-extras.cmake
[0.546s] -- Up-to-date: /media/ros/fedora/home/maylis/Dokumente/TeleNav/project_ws/install/telerobot_interfaces/share/telerobot_interfaces/cmake/rosidl_cmake_export_typesupport_libraries-extras.cmake
[0.546s] -- Up-to-date: /media/ros/fedora/home/maylis/Dokumente/TeleNav/project_ws/install/telerobot_interfaces/share/telerobot_interfaces/cmake/telerobot_interfacesConfig.cmake
[0.546s] -- Up-to-date: /media/ros/fedora/home/maylis/Dokumente/TeleNav/project_ws/install/telerobot_interfaces/share/telerobot_interfaces/cmake/telerobot_interfacesConfig-version.cmake
[0.547s] -- Up-to-date: /media/ros/fedora/home/maylis/Dokumente/TeleNav/project_ws/install/telerobot_interfaces/share/telerobot_interfaces/package.xml
[0.547s] Invoked command in '/media/ros/fedora/home/maylis/Dokumente/TeleNav/project_ws/build/telerobot_interfaces' returned '0': CMAKE_PREFIX_PATH=${CMAKE_PREFIX_PATH}:/media/ros/fedora/home/maylis/Dokumente/TeleNav/project_ws/install/telerobot_controller:/opt/ros/humble /usr/bin/cmake --install /media/ros/fedora/home/maylis/Dokumente/TeleNav/project_ws/build/telerobot_interfaces
