[1.720s] Invoking command in '/media/ros/fedora/home/maylis/Dokumente/TeleNav/turtle_follower_ws/src/turtle_controller': PYTHONPATH=/media/ros/fedora/home/maylis/Dokumente/TeleNav/build/turtle_controller/prefix_override:/usr/lib/python3/dist-packages/colcon_core/task/python/colcon_distutils_commands:/media/ros/fedora/home/maylis/Dokumente/TeleNav/install/turtle_controller/lib/python3.10/site-packages:${PYTHONPATH} /usr/bin/python3 -W ignore:setup.py install is deprecated -W ignore:easy_install command is deprecated setup.py egg_info --egg-base ../../../build/turtle_controller build --build-base /media/ros/fedora/home/maylis/Dokumente/TeleNav/build/turtle_controller/build install --record /media/ros/fedora/home/maylis/Dokumente/TeleNav/build/turtle_controller/install.log --single-version-externally-managed install_data
[2.072s] running egg_info
[2.073s] writing ../../../build/turtle_controller/turtle_controller.egg-info/PKG-INFO
[2.075s] writing dependency_links to ../../../build/turtle_controller/turtle_controller.egg-info/dependency_links.txt
[2.075s] writing entry points to ../../../build/turtle_controller/turtle_controller.egg-info/entry_points.txt
[2.075s] writing requirements to ../../../build/turtle_controller/turtle_controller.egg-info/requires.txt
[2.075s] writing top-level names to ../../../build/turtle_controller/turtle_controller.egg-info/top_level.txt
[2.077s] reading manifest file '../../../build/turtle_controller/turtle_controller.egg-info/SOURCES.txt'
[2.078s] writing manifest file '../../../build/turtle_controller/turtle_controller.egg-info/SOURCES.txt'
[2.080s] running build
[2.080s] running build_py
[2.080s] running install
[2.080s] running install_lib
[2.084s] running install_data
[2.084s] running install_egg_info
[2.087s] removing '/media/ros/fedora/home/maylis/Dokumente/TeleNav/install/turtle_controller/lib/python3.10/site-packages/turtle_controller-0.0.0-py3.10.egg-info' (and everything under it)
[2.088s] Copying ../../../build/turtle_controller/turtle_controller.egg-info to /media/ros/fedora/home/maylis/Dokumente/TeleNav/install/turtle_controller/lib/python3.10/site-packages/turtle_controller-0.0.0-py3.10.egg-info
[2.092s] running install_scripts
[2.117s] Installing turtle_controller script to /media/ros/fedora/home/maylis/Dokumente/TeleNav/install/turtle_controller/lib/turtle_controller
[2.118s] writing list of installed files to '/media/ros/fedora/home/maylis/Dokumente/TeleNav/build/turtle_controller/install.log'
[2.169s] Invoked command in '/media/ros/fedora/home/maylis/Dokumente/TeleNav/turtle_follower_ws/src/turtle_controller' returned '0': PYTHONPATH=/media/ros/fedora/home/maylis/Dokumente/TeleNav/build/turtle_controller/prefix_override:/usr/lib/python3/dist-packages/colcon_core/task/python/colcon_distutils_commands:/media/ros/fedora/home/maylis/Dokumente/TeleNav/install/turtle_controller/lib/python3.10/site-packages:${PYTHONPATH} /usr/bin/python3 -W ignore:setup.py install is deprecated -W ignore:easy_install command is deprecated setup.py egg_info --egg-base ../../../build/turtle_controller build --build-base /media/ros/fedora/home/maylis/Dokumente/TeleNav/build/turtle_controller/build install --record /media/ros/fedora/home/maylis/Dokumente/TeleNav/build/turtle_controller/install.log --single-version-externally-managed install_data
