[0.101s] DEBUG:colcon:Command line arguments: ['/usr/bin/colcon', 'build']
[0.101s] DEBUG:colcon:Parsed command line arguments: Namespace(log_base=None, log_level=None, verb_name='build', build_base='build', install_base='install', merge_install=False, symlink_install=False, test_result_base=None, continue_on_error=False, executor='parallel', parallel_workers=6, event_handlers=None, ignore_user_meta=False, metas=['./colcon.meta'], base_paths=['.'], packages_ignore=None, packages_ignore_regex=None, paths=None, packages_up_to=None, packages_up_to_regex=None, packages_above=None, packages_above_and_dependencies=None, packages_above_depth=None, packages_select_by_dep=None, packages_skip_by_dep=None, packages_skip_up_to=None, packages_select_build_failed=False, packages_skip_build_finished=False, packages_select_test_failures=False, packages_skip_test_passed=False, packages_select=None, packages_skip=None, packages_select_regex=None, packages_skip_regex=None, packages_start=None, packages_end=None, allow_overriding=[], cmake_args=None, cmake_target=None, cmake_target_skip_unavailable=False, cmake_clean_cache=False, cmake_clean_first=False, cmake_force_configure=False, ament_cmake_args=None, catkin_cmake_args=None, catkin_skip_building_tests=False, mixin_files=None, mixin=None, verb_parser=<colcon_mixin.mixin.mixin_argument.MixinArgumentDecorator object at 0x770162a1e8f0>, verb_extension=<colcon_core.verb.build.BuildVerb object at 0x770162b0eb90>, main=<bound method BuildVerb.main of <colcon_core.verb.build.BuildVerb object at 0x770162b0eb90>>, mixin_verb=('build',))
[0.231s] Level 1:colcon.colcon_core.package_discovery:discover_packages(colcon_meta) check parameters
[0.231s] Level 1:colcon.colcon_core.package_discovery:discover_packages(recursive) check parameters
[0.231s] Level 1:colcon.colcon_core.package_discovery:discover_packages(ignore) check parameters
[0.231s] Level 1:colcon.colcon_core.package_discovery:discover_packages(path) check parameters
[0.231s] Level 1:colcon.colcon_core.package_discovery:discover_packages(colcon_meta) discover
[0.231s] Level 1:colcon.colcon_core.package_discovery:discover_packages(recursive) discover
[0.231s] INFO:colcon.colcon_core.package_discovery:Crawling recursively for packages in '/media/ros/fedora/home/maylis/Dokumente/TeleNav/turtle_follower_ws/src'
[0.231s] Level 1:colcon.colcon_core.package_identification:_identify(.) by extensions ['ignore', 'ignore_ament_install']
[0.231s] Level 1:colcon.colcon_core.package_identification:_identify(.) by extension 'ignore'
[0.231s] Level 1:colcon.colcon_core.package_identification:_identify(.) by extension 'ignore_ament_install'
[0.231s] Level 1:colcon.colcon_core.package_identification:_identify(.) by extensions ['colcon_pkg']
[0.231s] Level 1:colcon.colcon_core.package_identification:_identify(.) by extension 'colcon_pkg'
[0.232s] Level 1:colcon.colcon_core.package_identification:_identify(.) by extensions ['colcon_meta']
[0.232s] Level 1:colcon.colcon_core.package_identification:_identify(.) by extension 'colcon_meta'
[0.232s] Level 1:colcon.colcon_core.package_identification:_identify(.) by extensions ['ros']
[0.232s] Level 1:colcon.colcon_core.package_identification:_identify(.) by extension 'ros'
[0.240s] Level 1:colcon.colcon_core.package_identification:_identify(.) by extensions ['cmake', 'python']
[0.240s] Level 1:colcon.colcon_core.package_identification:_identify(.) by extension 'cmake'
[0.240s] Level 1:colcon.colcon_core.package_identification:_identify(.) by extension 'python'
[0.240s] Level 1:colcon.colcon_core.package_identification:_identify(.) by extensions ['python_setup_py']
[0.240s] Level 1:colcon.colcon_core.package_identification:_identify(.) by extension 'python_setup_py'
[0.240s] Level 1:colcon.colcon_core.package_identification:_identify(build) by extensions ['ignore', 'ignore_ament_install']
[0.240s] Level 1:colcon.colcon_core.package_identification:_identify(build) by extension 'ignore'
[0.240s] Level 1:colcon.colcon_core.package_identification:_identify(build) ignored
[0.241s] Level 1:colcon.colcon_core.package_identification:_identify(install) by extensions ['ignore', 'ignore_ament_install']
[0.241s] Level 1:colcon.colcon_core.package_identification:_identify(install) by extension 'ignore'
[0.241s] Level 1:colcon.colcon_core.package_identification:_identify(install) ignored
[0.241s] Level 1:colcon.colcon_core.package_identification:_identify(log) by extensions ['ignore', 'ignore_ament_install']
[0.241s] Level 1:colcon.colcon_core.package_identification:_identify(log) by extension 'ignore'
[0.241s] Level 1:colcon.colcon_core.package_identification:_identify(log) ignored
[0.241s] Level 1:colcon.colcon_core.package_identification:_identify(turtle_bringup) by extensions ['ignore', 'ignore_ament_install']
[0.241s] Level 1:colcon.colcon_core.package_identification:_identify(turtle_bringup) by extension 'ignore'
[0.241s] Level 1:colcon.colcon_core.package_identification:_identify(turtle_bringup) by extension 'ignore_ament_install'
[0.241s] Level 1:colcon.colcon_core.package_identification:_identify(turtle_bringup) by extensions ['colcon_pkg']
[0.241s] Level 1:colcon.colcon_core.package_identification:_identify(turtle_bringup) by extension 'colcon_pkg'
[0.241s] Level 1:colcon.colcon_core.package_identification:_identify(turtle_bringup) by extensions ['colcon_meta']
[0.241s] Level 1:colcon.colcon_core.package_identification:_identify(turtle_bringup) by extension 'colcon_meta'
[0.241s] Level 1:colcon.colcon_core.package_identification:_identify(turtle_bringup) by extensions ['ros']
[0.241s] Level 1:colcon.colcon_core.package_identification:_identify(turtle_bringup) by extension 'ros'
[0.243s] DEBUG:colcon.colcon_core.package_identification:Package 'turtle_bringup' with type 'ros.ament_cmake' and name 'turtle_bringup'
[0.243s] Level 1:colcon.colcon_core.package_identification:_identify(turtle_controller) by extensions ['ignore', 'ignore_ament_install']
[0.243s] Level 1:colcon.colcon_core.package_identification:_identify(turtle_controller) by extension 'ignore'
[0.243s] Level 1:colcon.colcon_core.package_identification:_identify(turtle_controller) by extension 'ignore_ament_install'
[0.244s] Level 1:colcon.colcon_core.package_identification:_identify(turtle_controller) by extensions ['colcon_pkg']
[0.244s] Level 1:colcon.colcon_core.package_identification:_identify(turtle_controller) by extension 'colcon_pkg'
[0.244s] Level 1:colcon.colcon_core.package_identification:_identify(turtle_controller) by extensions ['colcon_meta']
[0.244s] Level 1:colcon.colcon_core.package_identification:_identify(turtle_controller) by extension 'colcon_meta'
[0.244s] Level 1:colcon.colcon_core.package_identification:_identify(turtle_controller) by extensions ['ros']
[0.244s] Level 1:colcon.colcon_core.package_identification:_identify(turtle_controller) by extension 'ros'
[0.244s] DEBUG:colcon.colcon_core.package_identification:Package 'turtle_controller' with type 'ros.ament_python' and name 'turtle_controller'
[0.244s] Level 1:colcon.colcon_core.package_identification:_identify(turtle_interfaces) by extensions ['ignore', 'ignore_ament_install']
[0.244s] Level 1:colcon.colcon_core.package_identification:_identify(turtle_interfaces) by extension 'ignore'
[0.244s] Level 1:colcon.colcon_core.package_identification:_identify(turtle_interfaces) by extension 'ignore_ament_install'
[0.244s] Level 1:colcon.colcon_core.package_identification:_identify(turtle_interfaces) by extensions ['colcon_pkg']
[0.244s] Level 1:colcon.colcon_core.package_identification:_identify(turtle_interfaces) by extension 'colcon_pkg'
[0.244s] Level 1:colcon.colcon_core.package_identification:_identify(turtle_interfaces) by extensions ['colcon_meta']
[0.244s] Level 1:colcon.colcon_core.package_identification:_identify(turtle_interfaces) by extension 'colcon_meta'
[0.245s] Level 1:colcon.colcon_core.package_identification:_identify(turtle_interfaces) by extensions ['ros']
[0.245s] Level 1:colcon.colcon_core.package_identification:_identify(turtle_interfaces) by extension 'ros'
[0.245s] DEBUG:colcon.colcon_core.package_identification:Package 'turtle_interfaces' with type 'ros.ament_cmake' and name 'turtle_interfaces'
[0.245s] Level 1:colcon.colcon_core.package_identification:_identify(turtle_spawner) by extensions ['ignore', 'ignore_ament_install']
[0.245s] Level 1:colcon.colcon_core.package_identification:_identify(turtle_spawner) by extension 'ignore'
[0.245s] Level 1:colcon.colcon_core.package_identification:_identify(turtle_spawner) by extension 'ignore_ament_install'
[0.245s] Level 1:colcon.colcon_core.package_identification:_identify(turtle_spawner) by extensions ['colcon_pkg']
[0.245s] Level 1:colcon.colcon_core.package_identification:_identify(turtle_spawner) by extension 'colcon_pkg'
[0.245s] Level 1:colcon.colcon_core.package_identification:_identify(turtle_spawner) by extensions ['colcon_meta']
[0.245s] Level 1:colcon.colcon_core.package_identification:_identify(turtle_spawner) by extension 'colcon_meta'
[0.245s] Level 1:colcon.colcon_core.package_identification:_identify(turtle_spawner) by extensions ['ros']
[0.245s] Level 1:colcon.colcon_core.package_identification:_identify(turtle_spawner) by extension 'ros'
[0.246s] DEBUG:colcon.colcon_core.package_identification:Package 'turtle_spawner' with type 'ros.ament_python' and name 'turtle_spawner'
[0.246s] Level 1:colcon.colcon_core.package_discovery:discover_packages(recursive) using defaults
[0.246s] Level 1:colcon.colcon_core.package_discovery:discover_packages(ignore) discover
[0.246s] Level 1:colcon.colcon_core.package_discovery:discover_packages(ignore) using defaults
[0.246s] Level 1:colcon.colcon_core.package_discovery:discover_packages(path) discover
[0.246s] Level 1:colcon.colcon_core.package_discovery:discover_packages(path) using defaults
[0.275s] Level 1:colcon.colcon_core.package_discovery:discover_packages(prefix_path) check parameters
[0.275s] Level 1:colcon.colcon_core.package_discovery:discover_packages(prefix_path) discover
[0.277s] DEBUG:colcon.colcon_installed_package_information.package_discovery:Found 0 installed packages in /media/ros/fedora/home/maylis/Dokumente/TeleNav/turtle_follower_ws/install
[0.277s] DEBUG:colcon.colcon_installed_package_information.package_discovery:Found 6 installed packages in /media/ros/fedora/home/maylis/Dokumente/TeleNav/install
[0.278s] DEBUG:colcon.colcon_installed_package_information.package_discovery:Found 298 installed packages in /opt/ros/humble
[0.280s] Level 1:colcon.colcon_core.package_discovery:discover_packages(prefix_path) using defaults
[0.312s] Level 5:colcon.colcon_core.verb:set package 'turtle_controller' build argument 'cmake_args' from command line to 'None'
[0.312s] Level 5:colcon.colcon_core.verb:set package 'turtle_controller' build argument 'cmake_target' from command line to 'None'
[0.312s] Level 5:colcon.colcon_core.verb:set package 'turtle_controller' build argument 'cmake_target_skip_unavailable' from command line to 'False'
[0.312s] Level 5:colcon.colcon_core.verb:set package 'turtle_controller' build argument 'cmake_clean_cache' from command line to 'False'
[0.312s] Level 5:colcon.colcon_core.verb:set package 'turtle_controller' build argument 'cmake_clean_first' from command line to 'False'
[0.312s] Level 5:colcon.colcon_core.verb:set package 'turtle_controller' build argument 'cmake_force_configure' from command line to 'False'
[0.312s] Level 5:colcon.colcon_core.verb:set package 'turtle_controller' build argument 'ament_cmake_args' from command line to 'None'
[0.312s] Level 5:colcon.colcon_core.verb:set package 'turtle_controller' build argument 'catkin_cmake_args' from command line to 'None'
[0.312s] Level 5:colcon.colcon_core.verb:set package 'turtle_controller' build argument 'catkin_skip_building_tests' from command line to 'False'
[0.312s] DEBUG:colcon.colcon_core.verb:Building package 'turtle_controller' with the following arguments: {'ament_cmake_args': None, 'build_base': '/media/ros/fedora/home/maylis/Dokumente/TeleNav/turtle_follower_ws/src/build/turtle_controller', 'catkin_cmake_args': None, 'catkin_skip_building_tests': False, 'cmake_args': None, 'cmake_clean_cache': False, 'cmake_clean_first': False, 'cmake_force_configure': False, 'cmake_target': None, 'cmake_target_skip_unavailable': False, 'install_base': '/media/ros/fedora/home/maylis/Dokumente/TeleNav/turtle_follower_ws/src/install/turtle_controller', 'merge_install': False, 'path': '/media/ros/fedora/home/maylis/Dokumente/TeleNav/turtle_follower_ws/src/turtle_controller', 'symlink_install': False, 'test_result_base': None}
[0.313s] Level 5:colcon.colcon_core.verb:set package 'turtle_interfaces' build argument 'cmake_args' from command line to 'None'
[0.313s] Level 5:colcon.colcon_core.verb:set package 'turtle_interfaces' build argument 'cmake_target' from command line to 'None'
[0.313s] Level 5:colcon.colcon_core.verb:set package 'turtle_interfaces' build argument 'cmake_target_skip_unavailable' from command line to 'False'
[0.313s] Level 5:colcon.colcon_core.verb:set package 'turtle_interfaces' build argument 'cmake_clean_cache' from command line to 'False'
[0.313s] Level 5:colcon.colcon_core.verb:set package 'turtle_interfaces' build argument 'cmake_clean_first' from command line to 'False'
[0.313s] Level 5:colcon.colcon_core.verb:set package 'turtle_interfaces' build argument 'cmake_force_configure' from command line to 'False'
[0.313s] Level 5:colcon.colcon_core.verb:set package 'turtle_interfaces' build argument 'ament_cmake_args' from command line to 'None'
[0.313s] Level 5:colcon.colcon_core.verb:set package 'turtle_interfaces' build argument 'catkin_cmake_args' from command line to 'None'
[0.313s] Level 5:colcon.colcon_core.verb:set package 'turtle_interfaces' build argument 'catkin_skip_building_tests' from command line to 'False'
[0.313s] DEBUG:colcon.colcon_core.verb:Building package 'turtle_interfaces' with the following arguments: {'ament_cmake_args': None, 'build_base': '/media/ros/fedora/home/maylis/Dokumente/TeleNav/turtle_follower_ws/src/build/turtle_interfaces', 'catkin_cmake_args': None, 'catkin_skip_building_tests': False, 'cmake_args': None, 'cmake_clean_cache': False, 'cmake_clean_first': False, 'cmake_force_configure': False, 'cmake_target': None, 'cmake_target_skip_unavailable': False, 'install_base': '/media/ros/fedora/home/maylis/Dokumente/TeleNav/turtle_follower_ws/src/install/turtle_interfaces', 'merge_install': False, 'path': '/media/ros/fedora/home/maylis/Dokumente/TeleNav/turtle_follower_ws/src/turtle_interfaces', 'symlink_install': False, 'test_result_base': None}
[0.313s] Level 5:colcon.colcon_core.verb:set package 'turtle_spawner' build argument 'cmake_args' from command line to 'None'
[0.313s] Level 5:colcon.colcon_core.verb:set package 'turtle_spawner' build argument 'cmake_target' from command line to 'None'
[0.313s] Level 5:colcon.colcon_core.verb:set package 'turtle_spawner' build argument 'cmake_target_skip_unavailable' from command line to 'False'
[0.313s] Level 5:colcon.colcon_core.verb:set package 'turtle_spawner' build argument 'cmake_clean_cache' from command line to 'False'
[0.313s] Level 5:colcon.colcon_core.verb:set package 'turtle_spawner' build argument 'cmake_clean_first' from command line to 'False'
[0.313s] Level 5:colcon.colcon_core.verb:set package 'turtle_spawner' build argument 'cmake_force_configure' from command line to 'False'
[0.313s] Level 5:colcon.colcon_core.verb:set package 'turtle_spawner' build argument 'ament_cmake_args' from command line to 'None'
[0.313s] Level 5:colcon.colcon_core.verb:set package 'turtle_spawner' build argument 'catkin_cmake_args' from command line to 'None'
[0.313s] Level 5:colcon.colcon_core.verb:set package 'turtle_spawner' build argument 'catkin_skip_building_tests' from command line to 'False'
[0.313s] DEBUG:colcon.colcon_core.verb:Building package 'turtle_spawner' with the following arguments: {'ament_cmake_args': None, 'build_base': '/media/ros/fedora/home/maylis/Dokumente/TeleNav/turtle_follower_ws/src/build/turtle_spawner', 'catkin_cmake_args': None, 'catkin_skip_building_tests': False, 'cmake_args': None, 'cmake_clean_cache': False, 'cmake_clean_first': False, 'cmake_force_configure': False, 'cmake_target': None, 'cmake_target_skip_unavailable': False, 'install_base': '/media/ros/fedora/home/maylis/Dokumente/TeleNav/turtle_follower_ws/src/install/turtle_spawner', 'merge_install': False, 'path': '/media/ros/fedora/home/maylis/Dokumente/TeleNav/turtle_follower_ws/src/turtle_spawner', 'symlink_install': False, 'test_result_base': None}
[0.313s] Level 5:colcon.colcon_core.verb:set package 'turtle_bringup' build argument 'cmake_args' from command line to 'None'
[0.313s] Level 5:colcon.colcon_core.verb:set package 'turtle_bringup' build argument 'cmake_target' from command line to 'None'
[0.314s] Level 5:colcon.colcon_core.verb:set package 'turtle_bringup' build argument 'cmake_target_skip_unavailable' from command line to 'False'
[0.314s] Level 5:colcon.colcon_core.verb:set package 'turtle_bringup' build argument 'cmake_clean_cache' from command line to 'False'
[0.314s] Level 5:colcon.colcon_core.verb:set package 'turtle_bringup' build argument 'cmake_clean_first' from command line to 'False'
[0.314s] Level 5:colcon.colcon_core.verb:set package 'turtle_bringup' build argument 'cmake_force_configure' from command line to 'False'
[0.314s] Level 5:colcon.colcon_core.verb:set package 'turtle_bringup' build argument 'ament_cmake_args' from command line to 'None'
[0.314s] Level 5:colcon.colcon_core.verb:set package 'turtle_bringup' build argument 'catkin_cmake_args' from command line to 'None'
[0.314s] Level 5:colcon.colcon_core.verb:set package 'turtle_bringup' build argument 'catkin_skip_building_tests' from command line to 'False'
[0.314s] DEBUG:colcon.colcon_core.verb:Building package 'turtle_bringup' with the following arguments: {'ament_cmake_args': None, 'build_base': '/media/ros/fedora/home/maylis/Dokumente/TeleNav/turtle_follower_ws/src/build/turtle_bringup', 'catkin_cmake_args': None, 'catkin_skip_building_tests': False, 'cmake_args': None, 'cmake_clean_cache': False, 'cmake_clean_first': False, 'cmake_force_configure': False, 'cmake_target': None, 'cmake_target_skip_unavailable': False, 'install_base': '/media/ros/fedora/home/maylis/Dokumente/TeleNav/turtle_follower_ws/src/install/turtle_bringup', 'merge_install': False, 'path': '/media/ros/fedora/home/maylis/Dokumente/TeleNav/turtle_follower_ws/src/turtle_bringup', 'symlink_install': False, 'test_result_base': None}
[0.314s] INFO:colcon.colcon_core.executor:Executing jobs using 'parallel' executor
[0.315s] DEBUG:colcon.colcon_parallel_executor.executor.parallel:run_until_complete
[0.315s] INFO:colcon.colcon_ros.task.ament_python.build:Building ROS package in '/media/ros/fedora/home/maylis/Dokumente/TeleNav/turtle_follower_ws/src/turtle_spawner' with build type 'ament_python'
[0.315s] Level 1:colcon.colcon_core.shell:create_environment_hook('turtle_spawner', 'ament_prefix_path')
[0.318s] INFO:colcon.colcon_core.plugin_system:Skipping extension 'colcon_core.shell.bat': Not used on non-Windows systems
[0.319s] INFO:colcon.colcon_core.shell:Creating environment hook '/media/ros/fedora/home/maylis/Dokumente/TeleNav/turtle_follower_ws/src/install/turtle_spawner/share/turtle_spawner/hook/ament_prefix_path.ps1'
[0.319s] INFO:colcon.colcon_core.shell:Creating environment descriptor '/media/ros/fedora/home/maylis/Dokumente/TeleNav/turtle_follower_ws/src/install/turtle_spawner/share/turtle_spawner/hook/ament_prefix_path.dsv'
[0.320s] INFO:colcon.colcon_core.shell:Creating environment hook '/media/ros/fedora/home/maylis/Dokumente/TeleNav/turtle_follower_ws/src/install/turtle_spawner/share/turtle_spawner/hook/ament_prefix_path.sh'
[0.321s] INFO:colcon.colcon_core.shell:Skip shell extension 'powershell' for command environment: Not usable outside of PowerShell
[0.321s] DEBUG:colcon.colcon_core.shell:Skip shell extension 'dsv' for command environment
[0.324s] INFO:colcon.colcon_ros.task.ament_python.build:Building ROS package in '/media/ros/fedora/home/maylis/Dokumente/TeleNav/turtle_follower_ws/src/turtle_controller' with build type 'ament_python'
[0.325s] Level 1:colcon.colcon_core.shell:create_environment_hook('turtle_controller', 'ament_prefix_path')
[0.325s] INFO:colcon.colcon_core.shell:Creating environment hook '/media/ros/fedora/home/maylis/Dokumente/TeleNav/turtle_follower_ws/src/install/turtle_controller/share/turtle_controller/hook/ament_prefix_path.ps1'
[0.325s] INFO:colcon.colcon_core.shell:Creating environment descriptor '/media/ros/fedora/home/maylis/Dokumente/TeleNav/turtle_follower_ws/src/install/turtle_controller/share/turtle_controller/hook/ament_prefix_path.dsv'
[0.326s] INFO:colcon.colcon_core.shell:Creating environment hook '/media/ros/fedora/home/maylis/Dokumente/TeleNav/turtle_follower_ws/src/install/turtle_controller/share/turtle_controller/hook/ament_prefix_path.sh'
[0.326s] INFO:colcon.colcon_core.shell:Skip shell extension 'powershell' for command environment: Not usable outside of PowerShell
[0.326s] DEBUG:colcon.colcon_core.shell:Skip shell extension 'dsv' for command environment
[0.330s] INFO:colcon.colcon_ros.task.ament_cmake.build:Building ROS package in '/media/ros/fedora/home/maylis/Dokumente/TeleNav/turtle_follower_ws/src/turtle_interfaces' with build type 'ament_cmake'
[0.330s] INFO:colcon.colcon_cmake.task.cmake.build:Building CMake package in '/media/ros/fedora/home/maylis/Dokumente/TeleNav/turtle_follower_ws/src/turtle_interfaces'
[0.330s] INFO:colcon.colcon_core.shell:Skip shell extension 'powershell' for command environment: Not usable outside of PowerShell
[0.330s] DEBUG:colcon.colcon_core.shell:Skip shell extension 'dsv' for command environment
[0.541s] INFO:colcon.colcon_core.task.python.build:Building Python package in '/media/ros/fedora/home/maylis/Dokumente/TeleNav/turtle_follower_ws/src/turtle_spawner'
[0.542s] INFO:colcon.colcon_core.shell:Skip shell extension 'powershell' for command environment: Not usable outside of PowerShell
[0.542s] DEBUG:colcon.colcon_core.shell:Skip shell extension 'dsv' for command environment
[0.755s] INFO:colcon.colcon_core.task.python.build:Building Python package in '/media/ros/fedora/home/maylis/Dokumente/TeleNav/turtle_follower_ws/src/turtle_controller'
[0.756s] INFO:colcon.colcon_core.shell:Skip shell extension 'powershell' for command environment: Not usable outside of PowerShell
[0.756s] DEBUG:colcon.colcon_core.shell:Skip shell extension 'dsv' for command environment
[0.764s] DEBUG:colcon.colcon_core.event_handler.log_command:Invoking command in '/media/ros/fedora/home/maylis/Dokumente/TeleNav/turtle_follower_ws/src/build/turtle_interfaces': CMAKE_PREFIX_PATH=${CMAKE_PREFIX_PATH}:/media/ros/fedora/home/maylis/Dokumente/TeleNav/install/turtle_spawner:/media/ros/fedora/home/maylis/Dokumente/TeleNav/install/my_robot_controller:/opt/ros/humble /usr/bin/cmake /media/ros/fedora/home/maylis/Dokumente/TeleNav/turtle_follower_ws/src/turtle_interfaces -DCMAKE_INSTALL_PREFIX=/media/ros/fedora/home/maylis/Dokumente/TeleNav/turtle_follower_ws/src/install/turtle_interfaces
[1.081s] DEBUG:colcon.colcon_core.event_handler.log_command:Invoking command in '/media/ros/fedora/home/maylis/Dokumente/TeleNav/turtle_follower_ws/src/turtle_controller': PYTHONPATH=/media/ros/fedora/home/maylis/Dokumente/TeleNav/turtle_follower_ws/src/build/turtle_controller/prefix_override:/usr/lib/python3/dist-packages/colcon_core/task/python/colcon_distutils_commands:/media/ros/fedora/home/maylis/Dokumente/TeleNav/turtle_follower_ws/src/install/turtle_controller/lib/python3.10/site-packages:${PYTHONPATH} /usr/bin/python3 -W ignore:setup.py install is deprecated -W ignore:easy_install command is deprecated setup.py egg_info --egg-base ../build/turtle_controller build --build-base /media/ros/fedora/home/maylis/Dokumente/TeleNav/turtle_follower_ws/src/build/turtle_controller/build install --record /media/ros/fedora/home/maylis/Dokumente/TeleNav/turtle_follower_ws/src/build/turtle_controller/install.log --single-version-externally-managed install_data
[1.083s] DEBUG:colcon.colcon_core.event_handler.log_command:Invoking command in '/media/ros/fedora/home/maylis/Dokumente/TeleNav/turtle_follower_ws/src/turtle_spawner': PYTHONPATH=/media/ros/fedora/home/maylis/Dokumente/TeleNav/turtle_follower_ws/src/build/turtle_spawner/prefix_override:/usr/lib/python3/dist-packages/colcon_core/task/python/colcon_distutils_commands:/media/ros/fedora/home/maylis/Dokumente/TeleNav/turtle_follower_ws/src/install/turtle_spawner/lib/python3.10/site-packages:${PYTHONPATH} /usr/bin/python3 -W ignore:setup.py install is deprecated -W ignore:easy_install command is deprecated setup.py egg_info --egg-base ../build/turtle_spawner build --build-base /media/ros/fedora/home/maylis/Dokumente/TeleNav/turtle_follower_ws/src/build/turtle_spawner/build install --record /media/ros/fedora/home/maylis/Dokumente/TeleNav/turtle_follower_ws/src/build/turtle_spawner/install.log --single-version-externally-managed install_data
[1.338s] DEBUG:colcon.colcon_core.event_handler.log_command:Invoked command in '/media/ros/fedora/home/maylis/Dokumente/TeleNav/turtle_follower_ws/src/turtle_spawner' returned '0': PYTHONPATH=/media/ros/fedora/home/maylis/Dokumente/TeleNav/turtle_follower_ws/src/build/turtle_spawner/prefix_override:/usr/lib/python3/dist-packages/colcon_core/task/python/colcon_distutils_commands:/media/ros/fedora/home/maylis/Dokumente/TeleNav/turtle_follower_ws/src/install/turtle_spawner/lib/python3.10/site-packages:${PYTHONPATH} /usr/bin/python3 -W ignore:setup.py install is deprecated -W ignore:easy_install command is deprecated setup.py egg_info --egg-base ../build/turtle_spawner build --build-base /media/ros/fedora/home/maylis/Dokumente/TeleNav/turtle_follower_ws/src/build/turtle_spawner/build install --record /media/ros/fedora/home/maylis/Dokumente/TeleNav/turtle_follower_ws/src/build/turtle_spawner/install.log --single-version-externally-managed install_data
[1.341s] Level 1:colcon.colcon_core.environment:checking '/media/ros/fedora/home/maylis/Dokumente/TeleNav/turtle_follower_ws/src/install/turtle_spawner' for CMake module files
[1.342s] Level 1:colcon.colcon_core.environment:checking '/media/ros/fedora/home/maylis/Dokumente/TeleNav/turtle_follower_ws/src/install/turtle_spawner' for CMake config files
[1.342s] Level 1:colcon.colcon_core.environment:checking '/media/ros/fedora/home/maylis/Dokumente/TeleNav/turtle_follower_ws/src/install/turtle_spawner/lib'
[1.343s] Level 1:colcon.colcon_core.environment:checking '/media/ros/fedora/home/maylis/Dokumente/TeleNav/turtle_follower_ws/src/install/turtle_spawner/bin'
[1.343s] Level 1:colcon.colcon_core.environment:checking '/media/ros/fedora/home/maylis/Dokumente/TeleNav/turtle_follower_ws/src/install/turtle_spawner/lib/pkgconfig/turtle_spawner.pc'
[1.343s] Level 1:colcon.colcon_core.environment:checking '/media/ros/fedora/home/maylis/Dokumente/TeleNav/turtle_follower_ws/src/install/turtle_spawner/lib/python3.10/site-packages'
[1.343s] Level 1:colcon.colcon_core.shell:create_environment_hook('turtle_spawner', 'pythonpath')
[1.343s] INFO:colcon.colcon_core.shell:Creating environment hook '/media/ros/fedora/home/maylis/Dokumente/TeleNav/turtle_follower_ws/src/install/turtle_spawner/share/turtle_spawner/hook/pythonpath.ps1'
[1.343s] INFO:colcon.colcon_core.shell:Creating environment descriptor '/media/ros/fedora/home/maylis/Dokumente/TeleNav/turtle_follower_ws/src/install/turtle_spawner/share/turtle_spawner/hook/pythonpath.dsv'
[1.344s] INFO:colcon.colcon_core.shell:Creating environment hook '/media/ros/fedora/home/maylis/Dokumente/TeleNav/turtle_follower_ws/src/install/turtle_spawner/share/turtle_spawner/hook/pythonpath.sh'
[1.344s] Level 1:colcon.colcon_core.environment:checking '/media/ros/fedora/home/maylis/Dokumente/TeleNav/turtle_follower_ws/src/install/turtle_spawner/bin'
[1.344s] Level 1:colcon.colcon_core.environment:create_environment_scripts_only(turtle_spawner)
[1.344s] INFO:colcon.colcon_core.shell:Creating package script '/media/ros/fedora/home/maylis/Dokumente/TeleNav/turtle_follower_ws/src/install/turtle_spawner/share/turtle_spawner/package.ps1'
[1.346s] INFO:colcon.colcon_core.shell:Creating package descriptor '/media/ros/fedora/home/maylis/Dokumente/TeleNav/turtle_follower_ws/src/install/turtle_spawner/share/turtle_spawner/package.dsv'
[1.347s] INFO:colcon.colcon_core.shell:Creating package script '/media/ros/fedora/home/maylis/Dokumente/TeleNav/turtle_follower_ws/src/install/turtle_spawner/share/turtle_spawner/package.sh'
[1.348s] INFO:colcon.colcon_core.shell:Creating package script '/media/ros/fedora/home/maylis/Dokumente/TeleNav/turtle_follower_ws/src/install/turtle_spawner/share/turtle_spawner/package.bash'
[1.349s] INFO:colcon.colcon_core.shell:Creating package script '/media/ros/fedora/home/maylis/Dokumente/TeleNav/turtle_follower_ws/src/install/turtle_spawner/share/turtle_spawner/package.zsh'
[1.350s] Level 1:colcon.colcon_core.environment:create_file_with_runtime_dependencies(/media/ros/fedora/home/maylis/Dokumente/TeleNav/turtle_follower_ws/src/install/turtle_spawner/share/colcon-core/packages/turtle_spawner)
[1.350s] INFO:colcon.colcon_ros.task.ament_cmake.build:Building ROS package in '/media/ros/fedora/home/maylis/Dokumente/TeleNav/turtle_follower_ws/src/turtle_bringup' with build type 'ament_cmake'
[1.350s] INFO:colcon.colcon_cmake.task.cmake.build:Building CMake package in '/media/ros/fedora/home/maylis/Dokumente/TeleNav/turtle_follower_ws/src/turtle_bringup'
[1.350s] INFO:colcon.colcon_core.shell:Skip shell extension 'powershell' for command environment: Not usable outside of PowerShell
[1.350s] DEBUG:colcon.colcon_core.shell:Skip shell extension 'dsv' for command environment
[1.355s] Level 1:colcon.colcon_core.environment:checking '/media/ros/fedora/home/maylis/Dokumente/TeleNav/turtle_follower_ws/src/install/turtle_controller' for CMake module files
[1.355s] DEBUG:colcon.colcon_core.event_handler.log_command:Invoked command in '/media/ros/fedora/home/maylis/Dokumente/TeleNav/turtle_follower_ws/src/turtle_controller' returned '0': PYTHONPATH=/media/ros/fedora/home/maylis/Dokumente/TeleNav/turtle_follower_ws/src/build/turtle_controller/prefix_override:/usr/lib/python3/dist-packages/colcon_core/task/python/colcon_distutils_commands:/media/ros/fedora/home/maylis/Dokumente/TeleNav/turtle_follower_ws/src/install/turtle_controller/lib/python3.10/site-packages:${PYTHONPATH} /usr/bin/python3 -W ignore:setup.py install is deprecated -W ignore:easy_install command is deprecated setup.py egg_info --egg-base ../build/turtle_controller build --build-base /media/ros/fedora/home/maylis/Dokumente/TeleNav/turtle_follower_ws/src/build/turtle_controller/build install --record /media/ros/fedora/home/maylis/Dokumente/TeleNav/turtle_follower_ws/src/build/turtle_controller/install.log --single-version-externally-managed install_data
[1.356s] Level 1:colcon.colcon_core.environment:checking '/media/ros/fedora/home/maylis/Dokumente/TeleNav/turtle_follower_ws/src/install/turtle_controller' for CMake config files
[1.356s] Level 1:colcon.colcon_core.environment:checking '/media/ros/fedora/home/maylis/Dokumente/TeleNav/turtle_follower_ws/src/install/turtle_controller/lib'
[1.356s] Level 1:colcon.colcon_core.environment:checking '/media/ros/fedora/home/maylis/Dokumente/TeleNav/turtle_follower_ws/src/install/turtle_controller/bin'
[1.356s] Level 1:colcon.colcon_core.environment:checking '/media/ros/fedora/home/maylis/Dokumente/TeleNav/turtle_follower_ws/src/install/turtle_controller/lib/pkgconfig/turtle_controller.pc'
[1.356s] Level 1:colcon.colcon_core.environment:checking '/media/ros/fedora/home/maylis/Dokumente/TeleNav/turtle_follower_ws/src/install/turtle_controller/lib/python3.10/site-packages'
[1.357s] Level 1:colcon.colcon_core.shell:create_environment_hook('turtle_controller', 'pythonpath')
[1.357s] INFO:colcon.colcon_core.shell:Creating environment hook '/media/ros/fedora/home/maylis/Dokumente/TeleNav/turtle_follower_ws/src/install/turtle_controller/share/turtle_controller/hook/pythonpath.ps1'
[1.358s] INFO:colcon.colcon_core.shell:Creating environment descriptor '/media/ros/fedora/home/maylis/Dokumente/TeleNav/turtle_follower_ws/src/install/turtle_controller/share/turtle_controller/hook/pythonpath.dsv'
[1.358s] INFO:colcon.colcon_core.shell:Creating environment hook '/media/ros/fedora/home/maylis/Dokumente/TeleNav/turtle_follower_ws/src/install/turtle_controller/share/turtle_controller/hook/pythonpath.sh'
[1.359s] Level 1:colcon.colcon_core.environment:checking '/media/ros/fedora/home/maylis/Dokumente/TeleNav/turtle_follower_ws/src/install/turtle_controller/bin'
[1.359s] Level 1:colcon.colcon_core.environment:create_environment_scripts_only(turtle_controller)
[1.359s] INFO:colcon.colcon_core.shell:Creating package script '/media/ros/fedora/home/maylis/Dokumente/TeleNav/turtle_follower_ws/src/install/turtle_controller/share/turtle_controller/package.ps1'
[1.360s] INFO:colcon.colcon_core.shell:Creating package descriptor '/media/ros/fedora/home/maylis/Dokumente/TeleNav/turtle_follower_ws/src/install/turtle_controller/share/turtle_controller/package.dsv'
[1.360s] INFO:colcon.colcon_core.shell:Creating package script '/media/ros/fedora/home/maylis/Dokumente/TeleNav/turtle_follower_ws/src/install/turtle_controller/share/turtle_controller/package.sh'
[1.361s] INFO:colcon.colcon_core.shell:Creating package script '/media/ros/fedora/home/maylis/Dokumente/TeleNav/turtle_follower_ws/src/install/turtle_controller/share/turtle_controller/package.bash'
[1.361s] INFO:colcon.colcon_core.shell:Creating package script '/media/ros/fedora/home/maylis/Dokumente/TeleNav/turtle_follower_ws/src/install/turtle_controller/share/turtle_controller/package.zsh'
[1.362s] Level 1:colcon.colcon_core.environment:create_file_with_runtime_dependencies(/media/ros/fedora/home/maylis/Dokumente/TeleNav/turtle_follower_ws/src/install/turtle_controller/share/colcon-core/packages/turtle_controller)
[1.367s] DEBUG:colcon.colcon_core.event_handler.log_command:Invoking command in '/media/ros/fedora/home/maylis/Dokumente/TeleNav/turtle_follower_ws/src/build/turtle_bringup': AMENT_PREFIX_PATH=/media/ros/fedora/home/maylis/Dokumente/TeleNav/turtle_follower_ws/src/install/turtle_spawner:${AMENT_PREFIX_PATH} CMAKE_PREFIX_PATH=${CMAKE_PREFIX_PATH}:/media/ros/fedora/home/maylis/Dokumente/TeleNav/install/turtle_spawner:/media/ros/fedora/home/maylis/Dokumente/TeleNav/install/my_robot_controller:/opt/ros/humble PYTHONPATH=/media/ros/fedora/home/maylis/Dokumente/TeleNav/turtle_follower_ws/src/install/turtle_spawner/lib/python3.10/site-packages:${PYTHONPATH} /usr/bin/cmake --build /media/ros/fedora/home/maylis/Dokumente/TeleNav/turtle_follower_ws/src/build/turtle_bringup -- -j6 -l6
[1.403s] DEBUG:colcon.colcon_core.event_handler.log_command:Invoked command in '/media/ros/fedora/home/maylis/Dokumente/TeleNav/turtle_follower_ws/src/build/turtle_bringup' returned '0': AMENT_PREFIX_PATH=/media/ros/fedora/home/maylis/Dokumente/TeleNav/turtle_follower_ws/src/install/turtle_spawner:${AMENT_PREFIX_PATH} CMAKE_PREFIX_PATH=${CMAKE_PREFIX_PATH}:/media/ros/fedora/home/maylis/Dokumente/TeleNav/install/turtle_spawner:/media/ros/fedora/home/maylis/Dokumente/TeleNav/install/my_robot_controller:/opt/ros/humble PYTHONPATH=/media/ros/fedora/home/maylis/Dokumente/TeleNav/turtle_follower_ws/src/install/turtle_spawner/lib/python3.10/site-packages:${PYTHONPATH} /usr/bin/cmake --build /media/ros/fedora/home/maylis/Dokumente/TeleNav/turtle_follower_ws/src/build/turtle_bringup -- -j6 -l6
[1.411s] DEBUG:colcon.colcon_core.event_handler.log_command:Invoking command in '/media/ros/fedora/home/maylis/Dokumente/TeleNav/turtle_follower_ws/src/build/turtle_bringup': AMENT_PREFIX_PATH=/media/ros/fedora/home/maylis/Dokumente/TeleNav/turtle_follower_ws/src/install/turtle_spawner:${AMENT_PREFIX_PATH} CMAKE_PREFIX_PATH=${CMAKE_PREFIX_PATH}:/media/ros/fedora/home/maylis/Dokumente/TeleNav/install/turtle_spawner:/media/ros/fedora/home/maylis/Dokumente/TeleNav/install/my_robot_controller:/opt/ros/humble PYTHONPATH=/media/ros/fedora/home/maylis/Dokumente/TeleNav/turtle_follower_ws/src/install/turtle_spawner/lib/python3.10/site-packages:${PYTHONPATH} /usr/bin/cmake --install /media/ros/fedora/home/maylis/Dokumente/TeleNav/turtle_follower_ws/src/build/turtle_bringup
[1.419s] Level 1:colcon.colcon_core.environment:create_environment_scripts_only(turtle_bringup)
[1.419s] Level 1:colcon.colcon_core.environment:checking '/media/ros/fedora/home/maylis/Dokumente/TeleNav/turtle_follower_ws/src/install/turtle_bringup' for CMake module files
[1.420s] DEBUG:colcon.colcon_core.event_handler.log_command:Invoked command in '/media/ros/fedora/home/maylis/Dokumente/TeleNav/turtle_follower_ws/src/build/turtle_bringup' returned '0': AMENT_PREFIX_PATH=/media/ros/fedora/home/maylis/Dokumente/TeleNav/turtle_follower_ws/src/install/turtle_spawner:${AMENT_PREFIX_PATH} CMAKE_PREFIX_PATH=${CMAKE_PREFIX_PATH}:/media/ros/fedora/home/maylis/Dokumente/TeleNav/install/turtle_spawner:/media/ros/fedora/home/maylis/Dokumente/TeleNav/install/my_robot_controller:/opt/ros/humble PYTHONPATH=/media/ros/fedora/home/maylis/Dokumente/TeleNav/turtle_follower_ws/src/install/turtle_spawner/lib/python3.10/site-packages:${PYTHONPATH} /usr/bin/cmake --install /media/ros/fedora/home/maylis/Dokumente/TeleNav/turtle_follower_ws/src/build/turtle_bringup
[1.420s] Level 1:colcon.colcon_core.environment:checking '/media/ros/fedora/home/maylis/Dokumente/TeleNav/turtle_follower_ws/src/install/turtle_bringup' for CMake config files
[1.420s] Level 1:colcon.colcon_core.shell:create_environment_hook('turtle_bringup', 'cmake_prefix_path')
[1.420s] INFO:colcon.colcon_core.shell:Creating environment hook '/media/ros/fedora/home/maylis/Dokumente/TeleNav/turtle_follower_ws/src/install/turtle_bringup/share/turtle_bringup/hook/cmake_prefix_path.ps1'
[1.421s] INFO:colcon.colcon_core.shell:Creating environment descriptor '/media/ros/fedora/home/maylis/Dokumente/TeleNav/turtle_follower_ws/src/install/turtle_bringup/share/turtle_bringup/hook/cmake_prefix_path.dsv'
[1.421s] INFO:colcon.colcon_core.shell:Creating environment hook '/media/ros/fedora/home/maylis/Dokumente/TeleNav/turtle_follower_ws/src/install/turtle_bringup/share/turtle_bringup/hook/cmake_prefix_path.sh'
[1.421s] Level 1:colcon.colcon_core.environment:checking '/media/ros/fedora/home/maylis/Dokumente/TeleNav/turtle_follower_ws/src/install/turtle_bringup/bin'
[1.421s] Level 1:colcon.colcon_core.environment:checking '/media/ros/fedora/home/maylis/Dokumente/TeleNav/turtle_follower_ws/src/install/turtle_bringup/lib/pkgconfig/turtle_bringup.pc'
[1.422s] Level 1:colcon.colcon_core.environment:checking '/media/ros/fedora/home/maylis/Dokumente/TeleNav/turtle_follower_ws/src/install/turtle_bringup/lib/python3.10/site-packages'
[1.422s] Level 1:colcon.colcon_core.environment:checking '/media/ros/fedora/home/maylis/Dokumente/TeleNav/turtle_follower_ws/src/install/turtle_bringup/bin'
[1.422s] INFO:colcon.colcon_core.shell:Creating package script '/media/ros/fedora/home/maylis/Dokumente/TeleNav/turtle_follower_ws/src/install/turtle_bringup/share/turtle_bringup/package.ps1'
[1.422s] INFO:colcon.colcon_core.shell:Creating package descriptor '/media/ros/fedora/home/maylis/Dokumente/TeleNav/turtle_follower_ws/src/install/turtle_bringup/share/turtle_bringup/package.dsv'
[1.423s] INFO:colcon.colcon_core.shell:Creating package script '/media/ros/fedora/home/maylis/Dokumente/TeleNav/turtle_follower_ws/src/install/turtle_bringup/share/turtle_bringup/package.sh'
[1.423s] INFO:colcon.colcon_core.shell:Creating package script '/media/ros/fedora/home/maylis/Dokumente/TeleNav/turtle_follower_ws/src/install/turtle_bringup/share/turtle_bringup/package.bash'
[1.423s] INFO:colcon.colcon_core.shell:Creating package script '/media/ros/fedora/home/maylis/Dokumente/TeleNav/turtle_follower_ws/src/install/turtle_bringup/share/turtle_bringup/package.zsh'
[1.423s] Level 1:colcon.colcon_core.environment:create_file_with_runtime_dependencies(/media/ros/fedora/home/maylis/Dokumente/TeleNav/turtle_follower_ws/src/install/turtle_bringup/share/colcon-core/packages/turtle_bringup)
[1.424s] Level 1:colcon.colcon_core.environment:create_environment_scripts_only(turtle_bringup)
[1.424s] Level 1:colcon.colcon_core.environment:checking '/media/ros/fedora/home/maylis/Dokumente/TeleNav/turtle_follower_ws/src/install/turtle_bringup' for CMake module files
[1.425s] Level 1:colcon.colcon_core.environment:checking '/media/ros/fedora/home/maylis/Dokumente/TeleNav/turtle_follower_ws/src/install/turtle_bringup' for CMake config files
[1.425s] Level 1:colcon.colcon_core.shell:create_environment_hook('turtle_bringup', 'cmake_prefix_path')
[1.425s] INFO:colcon.colcon_core.shell:Creating environment hook '/media/ros/fedora/home/maylis/Dokumente/TeleNav/turtle_follower_ws/src/install/turtle_bringup/share/turtle_bringup/hook/cmake_prefix_path.ps1'
[1.425s] INFO:colcon.colcon_core.shell:Creating environment descriptor '/media/ros/fedora/home/maylis/Dokumente/TeleNav/turtle_follower_ws/src/install/turtle_bringup/share/turtle_bringup/hook/cmake_prefix_path.dsv'
[1.426s] INFO:colcon.colcon_core.shell:Creating environment hook '/media/ros/fedora/home/maylis/Dokumente/TeleNav/turtle_follower_ws/src/install/turtle_bringup/share/turtle_bringup/hook/cmake_prefix_path.sh'
[1.426s] Level 1:colcon.colcon_core.environment:checking '/media/ros/fedora/home/maylis/Dokumente/TeleNav/turtle_follower_ws/src/install/turtle_bringup/bin'
[1.426s] Level 1:colcon.colcon_core.environment:checking '/media/ros/fedora/home/maylis/Dokumente/TeleNav/turtle_follower_ws/src/install/turtle_bringup/lib/pkgconfig/turtle_bringup.pc'
[1.427s] Level 1:colcon.colcon_core.environment:checking '/media/ros/fedora/home/maylis/Dokumente/TeleNav/turtle_follower_ws/src/install/turtle_bringup/lib/python3.10/site-packages'
[1.427s] Level 1:colcon.colcon_core.environment:checking '/media/ros/fedora/home/maylis/Dokumente/TeleNav/turtle_follower_ws/src/install/turtle_bringup/bin'
[1.427s] INFO:colcon.colcon_core.shell:Creating package script '/media/ros/fedora/home/maylis/Dokumente/TeleNav/turtle_follower_ws/src/install/turtle_bringup/share/turtle_bringup/package.ps1'
[1.428s] INFO:colcon.colcon_core.shell:Creating package descriptor '/media/ros/fedora/home/maylis/Dokumente/TeleNav/turtle_follower_ws/src/install/turtle_bringup/share/turtle_bringup/package.dsv'
[1.428s] INFO:colcon.colcon_core.shell:Creating package script '/media/ros/fedora/home/maylis/Dokumente/TeleNav/turtle_follower_ws/src/install/turtle_bringup/share/turtle_bringup/package.sh'
[1.428s] INFO:colcon.colcon_core.shell:Creating package script '/media/ros/fedora/home/maylis/Dokumente/TeleNav/turtle_follower_ws/src/install/turtle_bringup/share/turtle_bringup/package.bash'
[1.429s] INFO:colcon.colcon_core.shell:Creating package script '/media/ros/fedora/home/maylis/Dokumente/TeleNav/turtle_follower_ws/src/install/turtle_bringup/share/turtle_bringup/package.zsh'
[1.429s] Level 1:colcon.colcon_core.environment:create_file_with_runtime_dependencies(/media/ros/fedora/home/maylis/Dokumente/TeleNav/turtle_follower_ws/src/install/turtle_bringup/share/colcon-core/packages/turtle_bringup)
[2.331s] DEBUG:colcon.colcon_core.event_handler.log_command:Invoked command in '/media/ros/fedora/home/maylis/Dokumente/TeleNav/turtle_follower_ws/src/build/turtle_interfaces' returned '0': CMAKE_PREFIX_PATH=${CMAKE_PREFIX_PATH}:/media/ros/fedora/home/maylis/Dokumente/TeleNav/install/turtle_spawner:/media/ros/fedora/home/maylis/Dokumente/TeleNav/install/my_robot_controller:/opt/ros/humble /usr/bin/cmake /media/ros/fedora/home/maylis/Dokumente/TeleNav/turtle_follower_ws/src/turtle_interfaces -DCMAKE_INSTALL_PREFIX=/media/ros/fedora/home/maylis/Dokumente/TeleNav/turtle_follower_ws/src/install/turtle_interfaces
[2.332s] DEBUG:colcon.colcon_core.event_handler.log_command:Invoking command in '/media/ros/fedora/home/maylis/Dokumente/TeleNav/turtle_follower_ws/src/build/turtle_interfaces': CMAKE_PREFIX_PATH=${CMAKE_PREFIX_PATH}:/media/ros/fedora/home/maylis/Dokumente/TeleNav/install/turtle_spawner:/media/ros/fedora/home/maylis/Dokumente/TeleNav/install/my_robot_controller:/opt/ros/humble /usr/bin/cmake --build /media/ros/fedora/home/maylis/Dokumente/TeleNav/turtle_follower_ws/src/build/turtle_interfaces -- -j6 -l6
[2.959s] DEBUG:colcon.colcon_core.event_handler.log_command:Invoked command in '/media/ros/fedora/home/maylis/Dokumente/TeleNav/turtle_follower_ws/src/build/turtle_interfaces' returned '2': CMAKE_PREFIX_PATH=${CMAKE_PREFIX_PATH}:/media/ros/fedora/home/maylis/Dokumente/TeleNav/install/turtle_spawner:/media/ros/fedora/home/maylis/Dokumente/TeleNav/install/my_robot_controller:/opt/ros/humble /usr/bin/cmake --build /media/ros/fedora/home/maylis/Dokumente/TeleNav/turtle_follower_ws/src/build/turtle_interfaces -- -j6 -l6
[2.960s] Level 1:colcon.colcon_core.environment:create_environment_scripts_only(turtle_interfaces)
[2.960s] Level 1:colcon.colcon_core.environment:checking '/media/ros/fedora/home/maylis/Dokumente/TeleNav/turtle_follower_ws/src/install/turtle_interfaces' for CMake module files
[2.960s] Level 1:colcon.colcon_core.environment:checking '/media/ros/fedora/home/maylis/Dokumente/TeleNav/turtle_follower_ws/src/install/turtle_interfaces' for CMake config files
[2.960s] Level 1:colcon.colcon_core.environment:checking '/media/ros/fedora/home/maylis/Dokumente/TeleNav/turtle_follower_ws/src/install/turtle_interfaces/bin'
[2.960s] Level 1:colcon.colcon_core.environment:checking '/media/ros/fedora/home/maylis/Dokumente/TeleNav/turtle_follower_ws/src/install/turtle_interfaces/lib/pkgconfig/turtle_interfaces.pc'
[2.961s] Level 1:colcon.colcon_core.environment:checking '/media/ros/fedora/home/maylis/Dokumente/TeleNav/turtle_follower_ws/src/install/turtle_interfaces/lib/python3.10/site-packages'
[2.961s] Level 1:colcon.colcon_core.environment:checking '/media/ros/fedora/home/maylis/Dokumente/TeleNav/turtle_follower_ws/src/install/turtle_interfaces/bin'
[2.961s] INFO:colcon.colcon_core.shell:Creating package script '/media/ros/fedora/home/maylis/Dokumente/TeleNav/turtle_follower_ws/src/install/turtle_interfaces/share/turtle_interfaces/package.ps1'
[2.961s] INFO:colcon.colcon_core.shell:Creating package descriptor '/media/ros/fedora/home/maylis/Dokumente/TeleNav/turtle_follower_ws/src/install/turtle_interfaces/share/turtle_interfaces/package.dsv'
[2.962s] INFO:colcon.colcon_core.shell:Creating package script '/media/ros/fedora/home/maylis/Dokumente/TeleNav/turtle_follower_ws/src/install/turtle_interfaces/share/turtle_interfaces/package.sh'
[2.962s] INFO:colcon.colcon_core.shell:Creating package script '/media/ros/fedora/home/maylis/Dokumente/TeleNav/turtle_follower_ws/src/install/turtle_interfaces/share/turtle_interfaces/package.bash'
[2.962s] INFO:colcon.colcon_core.shell:Creating package script '/media/ros/fedora/home/maylis/Dokumente/TeleNav/turtle_follower_ws/src/install/turtle_interfaces/share/turtle_interfaces/package.zsh'
[2.962s] Level 1:colcon.colcon_core.environment:create_file_with_runtime_dependencies(/media/ros/fedora/home/maylis/Dokumente/TeleNav/turtle_follower_ws/src/install/turtle_interfaces/share/colcon-core/packages/turtle_interfaces)
[2.973s] DEBUG:colcon.colcon_parallel_executor.executor.parallel:closing loop
[2.973s] DEBUG:colcon.colcon_parallel_executor.executor.parallel:loop closed
[2.973s] DEBUG:colcon.colcon_parallel_executor.executor.parallel:run_until_complete finished with '2'
[2.973s] DEBUG:colcon.colcon_core.event_reactor:joining thread
[2.983s] INFO:colcon.colcon_core.plugin_system:Skipping extension 'colcon_notification.desktop_notification.terminal_notifier': Not used on non-Darwin systems
[2.983s] INFO:colcon.colcon_core.plugin_system:Skipping extension 'colcon_notification.desktop_notification.win32': Not used on non-Windows systems
[2.983s] INFO:colcon.colcon_notification.desktop_notification:Sending desktop notification using 'notify2'
[3.005s] DEBUG:colcon.colcon_core.event_reactor:joined thread
[3.006s] INFO:colcon.colcon_core.shell:Creating prefix script '/media/ros/fedora/home/maylis/Dokumente/TeleNav/turtle_follower_ws/src/install/local_setup.ps1'
[3.008s] INFO:colcon.colcon_core.shell:Creating prefix util module '/media/ros/fedora/home/maylis/Dokumente/TeleNav/turtle_follower_ws/src/install/_local_setup_util_ps1.py'
[3.012s] INFO:colcon.colcon_core.shell:Creating prefix chain script '/media/ros/fedora/home/maylis/Dokumente/TeleNav/turtle_follower_ws/src/install/setup.ps1'
[3.015s] INFO:colcon.colcon_core.shell:Creating prefix script '/media/ros/fedora/home/maylis/Dokumente/TeleNav/turtle_follower_ws/src/install/local_setup.sh'
[3.016s] INFO:colcon.colcon_core.shell:Creating prefix util module '/media/ros/fedora/home/maylis/Dokumente/TeleNav/turtle_follower_ws/src/install/_local_setup_util_sh.py'
[3.017s] INFO:colcon.colcon_core.shell:Creating prefix chain script '/media/ros/fedora/home/maylis/Dokumente/TeleNav/turtle_follower_ws/src/install/setup.sh'
[3.019s] INFO:colcon.colcon_core.shell:Creating prefix script '/media/ros/fedora/home/maylis/Dokumente/TeleNav/turtle_follower_ws/src/install/local_setup.bash'
[3.020s] INFO:colcon.colcon_core.shell:Creating prefix chain script '/media/ros/fedora/home/maylis/Dokumente/TeleNav/turtle_follower_ws/src/install/setup.bash'
[3.023s] INFO:colcon.colcon_core.shell:Creating prefix script '/media/ros/fedora/home/maylis/Dokumente/TeleNav/turtle_follower_ws/src/install/local_setup.zsh'
[3.024s] INFO:colcon.colcon_core.shell:Creating prefix chain script '/media/ros/fedora/home/maylis/Dokumente/TeleNav/turtle_follower_ws/src/install/setup.zsh'
