[0.147s] DEBUG:colcon:Command line arguments: ['/usr/bin/colcon', 'build']
[0.147s] DEBUG:colcon:Parsed command line arguments: Namespace(log_base=None, log_level=None, verb_name='build', build_base='build', install_base='install', merge_install=False, symlink_install=False, test_result_base=None, continue_on_error=False, executor='parallel', parallel_workers=6, event_handlers=None, ignore_user_meta=False, metas=['./colcon.meta'], base_paths=['.'], packages_ignore=None, packages_ignore_regex=None, paths=None, packages_up_to=None, packages_up_to_regex=None, packages_above=None, packages_above_and_dependencies=None, packages_above_depth=None, packages_select_by_dep=None, packages_skip_by_dep=None, packages_skip_up_to=None, packages_select_build_failed=False, packages_skip_build_finished=False, packages_select_test_failures=False, packages_skip_test_passed=False, packages_select=None, packages_skip=None, packages_select_regex=None, packages_skip_regex=None, packages_start=None, packages_end=None, allow_overriding=[], cmake_args=None, cmake_target=None, cmake_target_skip_unavailable=False, cmake_clean_cache=False, cmake_clean_first=False, cmake_force_configure=False, ament_cmake_args=None, catkin_cmake_args=None, catkin_skip_building_tests=False, mixin_files=None, mixin=None, verb_parser=<colcon_mixin.mixin.mixin_argument.MixinArgumentDecorator object at 0x778910505ff0>, verb_extension=<colcon_core.verb.build.BuildVerb object at 0x778910606200>, main=<bound method BuildVerb.main of <colcon_core.verb.build.BuildVerb object at 0x778910606200>>, mixin_verb=('build',))
[0.355s] Level 1:colcon.colcon_core.package_discovery:discover_packages(colcon_meta) check parameters
[0.356s] Level 1:colcon.colcon_core.package_discovery:discover_packages(recursive) check parameters
[0.356s] Level 1:colcon.colcon_core.package_discovery:discover_packages(ignore) check parameters
[0.356s] Level 1:colcon.colcon_core.package_discovery:discover_packages(path) check parameters
[0.356s] Level 1:colcon.colcon_core.package_discovery:discover_packages(colcon_meta) discover
[0.356s] Level 1:colcon.colcon_core.package_discovery:discover_packages(recursive) discover
[0.356s] INFO:colcon.colcon_core.package_discovery:Crawling recursively for packages in '/media/ros/fedora/home/maylis/Dokumente/TeleNav'
[0.356s] Level 1:colcon.colcon_core.package_identification:_identify(.) by extensions ['ignore', 'ignore_ament_install']
[0.356s] Level 1:colcon.colcon_core.package_identification:_identify(.) by extension 'ignore'
[0.356s] Level 1:colcon.colcon_core.package_identification:_identify(.) by extension 'ignore_ament_install'
[0.356s] Level 1:colcon.colcon_core.package_identification:_identify(.) by extensions ['colcon_pkg']
[0.356s] Level 1:colcon.colcon_core.package_identification:_identify(.) by extension 'colcon_pkg'
[0.356s] Level 1:colcon.colcon_core.package_identification:_identify(.) by extensions ['colcon_meta']
[0.356s] Level 1:colcon.colcon_core.package_identification:_identify(.) by extension 'colcon_meta'
[0.357s] Level 1:colcon.colcon_core.package_identification:_identify(.) by extensions ['ros']
[0.357s] Level 1:colcon.colcon_core.package_identification:_identify(.) by extension 'ros'
[0.370s] Level 1:colcon.colcon_core.package_identification:_identify(.) by extensions ['cmake', 'python']
[0.371s] Level 1:colcon.colcon_core.package_identification:_identify(.) by extension 'cmake'
[0.371s] Level 1:colcon.colcon_core.package_identification:_identify(.) by extension 'python'
[0.371s] Level 1:colcon.colcon_core.package_identification:_identify(.) by extensions ['python_setup_py']
[0.371s] Level 1:colcon.colcon_core.package_identification:_identify(.) by extension 'python_setup_py'
[0.371s] Level 1:colcon.colcon_core.package_identification:_identify(build) by extensions ['ignore', 'ignore_ament_install']
[0.371s] Level 1:colcon.colcon_core.package_identification:_identify(build) by extension 'ignore'
[0.371s] Level 1:colcon.colcon_core.package_identification:_identify(build) ignored
[0.371s] Level 1:colcon.colcon_core.package_identification:_identify(install) by extensions ['ignore', 'ignore_ament_install']
[0.372s] Level 1:colcon.colcon_core.package_identification:_identify(install) by extension 'ignore'
[0.372s] Level 1:colcon.colcon_core.package_identification:_identify(install) ignored
[0.372s] Level 1:colcon.colcon_core.package_identification:_identify(log) by extensions ['ignore', 'ignore_ament_install']
[0.372s] Level 1:colcon.colcon_core.package_identification:_identify(log) by extension 'ignore'
[0.372s] Level 1:colcon.colcon_core.package_identification:_identify(log) ignored
[0.372s] Level 1:colcon.colcon_core.package_identification:_identify(ros2_udemy_ws) by extensions ['ignore', 'ignore_ament_install']
[0.372s] Level 1:colcon.colcon_core.package_identification:_identify(ros2_udemy_ws) by extension 'ignore'
[0.372s] Level 1:colcon.colcon_core.package_identification:_identify(ros2_udemy_ws) by extension 'ignore_ament_install'
[0.372s] Level 1:colcon.colcon_core.package_identification:_identify(ros2_udemy_ws) by extensions ['colcon_pkg']
[0.372s] Level 1:colcon.colcon_core.package_identification:_identify(ros2_udemy_ws) by extension 'colcon_pkg'
[0.372s] Level 1:colcon.colcon_core.package_identification:_identify(ros2_udemy_ws) by extensions ['colcon_meta']
[0.372s] Level 1:colcon.colcon_core.package_identification:_identify(ros2_udemy_ws) by extension 'colcon_meta'
[0.372s] Level 1:colcon.colcon_core.package_identification:_identify(ros2_udemy_ws) by extensions ['ros']
[0.372s] Level 1:colcon.colcon_core.package_identification:_identify(ros2_udemy_ws) by extension 'ros'
[0.373s] Level 1:colcon.colcon_core.package_identification:_identify(ros2_udemy_ws) by extensions ['cmake', 'python']
[0.373s] Level 1:colcon.colcon_core.package_identification:_identify(ros2_udemy_ws) by extension 'cmake'
[0.373s] Level 1:colcon.colcon_core.package_identification:_identify(ros2_udemy_ws) by extension 'python'
[0.373s] Level 1:colcon.colcon_core.package_identification:_identify(ros2_udemy_ws) by extensions ['python_setup_py']
[0.373s] Level 1:colcon.colcon_core.package_identification:_identify(ros2_udemy_ws) by extension 'python_setup_py'
[0.373s] Level 1:colcon.colcon_core.package_identification:_identify(ros2_udemy_ws/build) by extensions ['ignore', 'ignore_ament_install']
[0.373s] Level 1:colcon.colcon_core.package_identification:_identify(ros2_udemy_ws/build) by extension 'ignore'
[0.373s] Level 1:colcon.colcon_core.package_identification:_identify(ros2_udemy_ws/build) ignored
[0.373s] Level 1:colcon.colcon_core.package_identification:_identify(ros2_udemy_ws/log) by extensions ['ignore', 'ignore_ament_install']
[0.373s] Level 1:colcon.colcon_core.package_identification:_identify(ros2_udemy_ws/log) by extension 'ignore'
[0.373s] Level 1:colcon.colcon_core.package_identification:_identify(ros2_udemy_ws/log) ignored
[0.373s] Level 1:colcon.colcon_core.package_identification:_identify(ros2_udemy_ws/src) by extensions ['ignore', 'ignore_ament_install']
[0.374s] Level 1:colcon.colcon_core.package_identification:_identify(ros2_udemy_ws/src) by extension 'ignore'
[0.374s] Level 1:colcon.colcon_core.package_identification:_identify(ros2_udemy_ws/src) by extension 'ignore_ament_install'
[0.374s] Level 1:colcon.colcon_core.package_identification:_identify(ros2_udemy_ws/src) by extensions ['colcon_pkg']
[0.374s] Level 1:colcon.colcon_core.package_identification:_identify(ros2_udemy_ws/src) by extension 'colcon_pkg'
[0.374s] Level 1:colcon.colcon_core.package_identification:_identify(ros2_udemy_ws/src) by extensions ['colcon_meta']
[0.374s] Level 1:colcon.colcon_core.package_identification:_identify(ros2_udemy_ws/src) by extension 'colcon_meta'
[0.374s] Level 1:colcon.colcon_core.package_identification:_identify(ros2_udemy_ws/src) by extensions ['ros']
[0.374s] Level 1:colcon.colcon_core.package_identification:_identify(ros2_udemy_ws/src) by extension 'ros'
[0.374s] Level 1:colcon.colcon_core.package_identification:_identify(ros2_udemy_ws/src) by extensions ['cmake', 'python']
[0.374s] Level 1:colcon.colcon_core.package_identification:_identify(ros2_udemy_ws/src) by extension 'cmake'
[0.374s] Level 1:colcon.colcon_core.package_identification:_identify(ros2_udemy_ws/src) by extension 'python'
[0.374s] Level 1:colcon.colcon_core.package_identification:_identify(ros2_udemy_ws/src) by extensions ['python_setup_py']
[0.374s] Level 1:colcon.colcon_core.package_identification:_identify(ros2_udemy_ws/src) by extension 'python_setup_py'
[0.374s] Level 1:colcon.colcon_core.package_identification:_identify(ros2_udemy_ws/src/build) by extensions ['ignore', 'ignore_ament_install']
[0.374s] Level 1:colcon.colcon_core.package_identification:_identify(ros2_udemy_ws/src/build) by extension 'ignore'
[0.374s] Level 1:colcon.colcon_core.package_identification:_identify(ros2_udemy_ws/src/build) ignored
[0.375s] Level 1:colcon.colcon_core.package_identification:_identify(ros2_udemy_ws/src/cpp_package) by extensions ['ignore', 'ignore_ament_install']
[0.375s] Level 1:colcon.colcon_core.package_identification:_identify(ros2_udemy_ws/src/cpp_package) by extension 'ignore'
[0.375s] Level 1:colcon.colcon_core.package_identification:_identify(ros2_udemy_ws/src/cpp_package) by extension 'ignore_ament_install'
[0.375s] Level 1:colcon.colcon_core.package_identification:_identify(ros2_udemy_ws/src/cpp_package) by extensions ['colcon_pkg']
[0.375s] Level 1:colcon.colcon_core.package_identification:_identify(ros2_udemy_ws/src/cpp_package) by extension 'colcon_pkg'
[0.375s] Level 1:colcon.colcon_core.package_identification:_identify(ros2_udemy_ws/src/cpp_package) by extensions ['colcon_meta']
[0.375s] Level 1:colcon.colcon_core.package_identification:_identify(ros2_udemy_ws/src/cpp_package) by extension 'colcon_meta'
[0.375s] Level 1:colcon.colcon_core.package_identification:_identify(ros2_udemy_ws/src/cpp_package) by extensions ['ros']
[0.375s] Level 1:colcon.colcon_core.package_identification:_identify(ros2_udemy_ws/src/cpp_package) by extension 'ros'
[0.378s] DEBUG:colcon.colcon_core.package_identification:Package 'ros2_udemy_ws/src/cpp_package' with type 'ros.ament_cmake' and name 'cpp_package'
[0.379s] Level 1:colcon.colcon_core.package_identification:_identify(ros2_udemy_ws/src/log) by extensions ['ignore', 'ignore_ament_install']
[0.379s] Level 1:colcon.colcon_core.package_identification:_identify(ros2_udemy_ws/src/log) by extension 'ignore'
[0.379s] Level 1:colcon.colcon_core.package_identification:_identify(ros2_udemy_ws/src/log) ignored
[0.379s] Level 1:colcon.colcon_core.package_identification:_identify(ros2_udemy_ws/src/my_robot_controller) by extensions ['ignore', 'ignore_ament_install']
[0.379s] Level 1:colcon.colcon_core.package_identification:_identify(ros2_udemy_ws/src/my_robot_controller) by extension 'ignore'
[0.379s] Level 1:colcon.colcon_core.package_identification:_identify(ros2_udemy_ws/src/my_robot_controller) by extension 'ignore_ament_install'
[0.379s] Level 1:colcon.colcon_core.package_identification:_identify(ros2_udemy_ws/src/my_robot_controller) by extensions ['colcon_pkg']
[0.379s] Level 1:colcon.colcon_core.package_identification:_identify(ros2_udemy_ws/src/my_robot_controller) by extension 'colcon_pkg'
[0.379s] Level 1:colcon.colcon_core.package_identification:_identify(ros2_udemy_ws/src/my_robot_controller) by extensions ['colcon_meta']
[0.379s] Level 1:colcon.colcon_core.package_identification:_identify(ros2_udemy_ws/src/my_robot_controller) by extension 'colcon_meta'
[0.379s] Level 1:colcon.colcon_core.package_identification:_identify(ros2_udemy_ws/src/my_robot_controller) by extensions ['ros']
[0.379s] Level 1:colcon.colcon_core.package_identification:_identify(ros2_udemy_ws/src/my_robot_controller) by extension 'ros'
[0.380s] DEBUG:colcon.colcon_core.package_identification:Package 'ros2_udemy_ws/src/my_robot_controller' with type 'ros.ament_python' and name 'my_robot_controller'
[0.380s] Level 1:colcon.colcon_core.package_identification:_identify(ros2_udemy_ws/src/my_robot_interfaces) by extensions ['ignore', 'ignore_ament_install']
[0.380s] Level 1:colcon.colcon_core.package_identification:_identify(ros2_udemy_ws/src/my_robot_interfaces) by extension 'ignore'
[0.380s] Level 1:colcon.colcon_core.package_identification:_identify(ros2_udemy_ws/src/my_robot_interfaces) by extension 'ignore_ament_install'
[0.380s] Level 1:colcon.colcon_core.package_identification:_identify(ros2_udemy_ws/src/my_robot_interfaces) by extensions ['colcon_pkg']
[0.380s] Level 1:colcon.colcon_core.package_identification:_identify(ros2_udemy_ws/src/my_robot_interfaces) by extension 'colcon_pkg'
[0.380s] Level 1:colcon.colcon_core.package_identification:_identify(ros2_udemy_ws/src/my_robot_interfaces) by extensions ['colcon_meta']
[0.381s] Level 1:colcon.colcon_core.package_identification:_identify(ros2_udemy_ws/src/my_robot_interfaces) by extension 'colcon_meta'
[0.381s] Level 1:colcon.colcon_core.package_identification:_identify(ros2_udemy_ws/src/my_robot_interfaces) by extensions ['ros']
[0.381s] Level 1:colcon.colcon_core.package_identification:_identify(ros2_udemy_ws/src/my_robot_interfaces) by extension 'ros'
[0.381s] DEBUG:colcon.colcon_core.package_identification:Package 'ros2_udemy_ws/src/my_robot_interfaces' with type 'ros.ament_cmake' and name 'my_robot_interfaces'
[0.381s] Level 1:colcon.colcon_core.package_discovery:discover_packages(recursive) using defaults
[0.381s] Level 1:colcon.colcon_core.package_discovery:discover_packages(ignore) discover
[0.381s] Level 1:colcon.colcon_core.package_discovery:discover_packages(ignore) using defaults
[0.381s] Level 1:colcon.colcon_core.package_discovery:discover_packages(path) discover
[0.381s] Level 1:colcon.colcon_core.package_discovery:discover_packages(path) using defaults
[0.439s] Level 1:colcon.colcon_core.package_discovery:discover_packages(prefix_path) check parameters
[0.439s] Level 1:colcon.colcon_core.package_discovery:discover_packages(prefix_path) discover
[0.441s] DEBUG:colcon.colcon_installed_package_information.package_discovery:Found 3 installed packages in /media/ros/fedora/home/maylis/Dokumente/TeleNav/install
[0.443s] DEBUG:colcon.colcon_installed_package_information.package_discovery:Found 298 installed packages in /opt/ros/humble
[0.445s] Level 1:colcon.colcon_core.package_discovery:discover_packages(prefix_path) using defaults
[0.497s] Level 5:colcon.colcon_core.verb:set package 'cpp_package' build argument 'cmake_args' from command line to 'None'
[0.497s] Level 5:colcon.colcon_core.verb:set package 'cpp_package' build argument 'cmake_target' from command line to 'None'
[0.497s] Level 5:colcon.colcon_core.verb:set package 'cpp_package' build argument 'cmake_target_skip_unavailable' from command line to 'False'
[0.497s] Level 5:colcon.colcon_core.verb:set package 'cpp_package' build argument 'cmake_clean_cache' from command line to 'False'
[0.497s] Level 5:colcon.colcon_core.verb:set package 'cpp_package' build argument 'cmake_clean_first' from command line to 'False'
[0.497s] Level 5:colcon.colcon_core.verb:set package 'cpp_package' build argument 'cmake_force_configure' from command line to 'False'
[0.497s] Level 5:colcon.colcon_core.verb:set package 'cpp_package' build argument 'ament_cmake_args' from command line to 'None'
[0.497s] Level 5:colcon.colcon_core.verb:set package 'cpp_package' build argument 'catkin_cmake_args' from command line to 'None'
[0.497s] Level 5:colcon.colcon_core.verb:set package 'cpp_package' build argument 'catkin_skip_building_tests' from command line to 'False'
[0.498s] DEBUG:colcon.colcon_core.verb:Building package 'cpp_package' with the following arguments: {'ament_cmake_args': None, 'build_base': '/media/ros/fedora/home/maylis/Dokumente/TeleNav/build/cpp_package', 'catkin_cmake_args': None, 'catkin_skip_building_tests': False, 'cmake_args': None, 'cmake_clean_cache': False, 'cmake_clean_first': False, 'cmake_force_configure': False, 'cmake_target': None, 'cmake_target_skip_unavailable': False, 'install_base': '/media/ros/fedora/home/maylis/Dokumente/TeleNav/install/cpp_package', 'merge_install': False, 'path': '/media/ros/fedora/home/maylis/Dokumente/TeleNav/ros2_udemy_ws/src/cpp_package', 'symlink_install': False, 'test_result_base': None}
[0.498s] Level 5:colcon.colcon_core.verb:set package 'my_robot_controller' build argument 'cmake_args' from command line to 'None'
[0.498s] Level 5:colcon.colcon_core.verb:set package 'my_robot_controller' build argument 'cmake_target' from command line to 'None'
[0.498s] Level 5:colcon.colcon_core.verb:set package 'my_robot_controller' build argument 'cmake_target_skip_unavailable' from command line to 'False'
[0.498s] Level 5:colcon.colcon_core.verb:set package 'my_robot_controller' build argument 'cmake_clean_cache' from command line to 'False'
[0.498s] Level 5:colcon.colcon_core.verb:set package 'my_robot_controller' build argument 'cmake_clean_first' from command line to 'False'
[0.498s] Level 5:colcon.colcon_core.verb:set package 'my_robot_controller' build argument 'cmake_force_configure' from command line to 'False'
[0.498s] Level 5:colcon.colcon_core.verb:set package 'my_robot_controller' build argument 'ament_cmake_args' from command line to 'None'
[0.498s] Level 5:colcon.colcon_core.verb:set package 'my_robot_controller' build argument 'catkin_cmake_args' from command line to 'None'
[0.498s] Level 5:colcon.colcon_core.verb:set package 'my_robot_controller' build argument 'catkin_skip_building_tests' from command line to 'False'
[0.498s] DEBUG:colcon.colcon_core.verb:Building package 'my_robot_controller' with the following arguments: {'ament_cmake_args': None, 'build_base': '/media/ros/fedora/home/maylis/Dokumente/TeleNav/build/my_robot_controller', 'catkin_cmake_args': None, 'catkin_skip_building_tests': False, 'cmake_args': None, 'cmake_clean_cache': False, 'cmake_clean_first': False, 'cmake_force_configure': False, 'cmake_target': None, 'cmake_target_skip_unavailable': False, 'install_base': '/media/ros/fedora/home/maylis/Dokumente/TeleNav/install/my_robot_controller', 'merge_install': False, 'path': '/media/ros/fedora/home/maylis/Dokumente/TeleNav/ros2_udemy_ws/src/my_robot_controller', 'symlink_install': False, 'test_result_base': None}
[0.499s] Level 5:colcon.colcon_core.verb:set package 'my_robot_interfaces' build argument 'cmake_args' from command line to 'None'
[0.499s] Level 5:colcon.colcon_core.verb:set package 'my_robot_interfaces' build argument 'cmake_target' from command line to 'None'
[0.499s] Level 5:colcon.colcon_core.verb:set package 'my_robot_interfaces' build argument 'cmake_target_skip_unavailable' from command line to 'False'
[0.499s] Level 5:colcon.colcon_core.verb:set package 'my_robot_interfaces' build argument 'cmake_clean_cache' from command line to 'False'
[0.499s] Level 5:colcon.colcon_core.verb:set package 'my_robot_interfaces' build argument 'cmake_clean_first' from command line to 'False'
[0.499s] Level 5:colcon.colcon_core.verb:set package 'my_robot_interfaces' build argument 'cmake_force_configure' from command line to 'False'
[0.499s] Level 5:colcon.colcon_core.verb:set package 'my_robot_interfaces' build argument 'ament_cmake_args' from command line to 'None'
[0.499s] Level 5:colcon.colcon_core.verb:set package 'my_robot_interfaces' build argument 'catkin_cmake_args' from command line to 'None'
[0.499s] Level 5:colcon.colcon_core.verb:set package 'my_robot_interfaces' build argument 'catkin_skip_building_tests' from command line to 'False'
[0.499s] DEBUG:colcon.colcon_core.verb:Building package 'my_robot_interfaces' with the following arguments: {'ament_cmake_args': None, 'build_base': '/media/ros/fedora/home/maylis/Dokumente/TeleNav/build/my_robot_interfaces', 'catkin_cmake_args': None, 'catkin_skip_building_tests': False, 'cmake_args': None, 'cmake_clean_cache': False, 'cmake_clean_first': False, 'cmake_force_configure': False, 'cmake_target': None, 'cmake_target_skip_unavailable': False, 'install_base': '/media/ros/fedora/home/maylis/Dokumente/TeleNav/install/my_robot_interfaces', 'merge_install': False, 'path': '/media/ros/fedora/home/maylis/Dokumente/TeleNav/ros2_udemy_ws/src/my_robot_interfaces', 'symlink_install': False, 'test_result_base': None}
[0.499s] INFO:colcon.colcon_core.executor:Executing jobs using 'parallel' executor
[0.501s] DEBUG:colcon.colcon_parallel_executor.executor.parallel:run_until_complete
[0.502s] INFO:colcon.colcon_ros.task.ament_cmake.build:Building ROS package in '/media/ros/fedora/home/maylis/Dokumente/TeleNav/ros2_udemy_ws/src/cpp_package' with build type 'ament_cmake'
[0.502s] INFO:colcon.colcon_cmake.task.cmake.build:Building CMake package in '/media/ros/fedora/home/maylis/Dokumente/TeleNav/ros2_udemy_ws/src/cpp_package'
[0.505s] INFO:colcon.colcon_core.plugin_system:Skipping extension 'colcon_core.shell.bat': Not used on non-Windows systems
[0.505s] INFO:colcon.colcon_core.shell:Skip shell extension 'powershell' for command environment: Not usable outside of PowerShell
[0.505s] DEBUG:colcon.colcon_core.shell:Skip shell extension 'dsv' for command environment
[0.510s] INFO:colcon.colcon_ros.task.ament_python.build:Building ROS package in '/media/ros/fedora/home/maylis/Dokumente/TeleNav/ros2_udemy_ws/src/my_robot_controller' with build type 'ament_python'
[0.511s] Level 1:colcon.colcon_core.shell:create_environment_hook('my_robot_controller', 'ament_prefix_path')
[0.511s] INFO:colcon.colcon_core.shell:Creating environment hook '/media/ros/fedora/home/maylis/Dokumente/TeleNav/install/my_robot_controller/share/my_robot_controller/hook/ament_prefix_path.ps1'
[0.513s] INFO:colcon.colcon_core.shell:Creating environment descriptor '/media/ros/fedora/home/maylis/Dokumente/TeleNav/install/my_robot_controller/share/my_robot_controller/hook/ament_prefix_path.dsv'
[0.513s] INFO:colcon.colcon_core.shell:Creating environment hook '/media/ros/fedora/home/maylis/Dokumente/TeleNav/install/my_robot_controller/share/my_robot_controller/hook/ament_prefix_path.sh'
[0.514s] INFO:colcon.colcon_core.shell:Skip shell extension 'powershell' for command environment: Not usable outside of PowerShell
[0.514s] DEBUG:colcon.colcon_core.shell:Skip shell extension 'dsv' for command environment
[0.518s] INFO:colcon.colcon_ros.task.ament_cmake.build:Building ROS package in '/media/ros/fedora/home/maylis/Dokumente/TeleNav/ros2_udemy_ws/src/my_robot_interfaces' with build type 'ament_cmake'
[0.519s] INFO:colcon.colcon_cmake.task.cmake.build:Building CMake package in '/media/ros/fedora/home/maylis/Dokumente/TeleNav/ros2_udemy_ws/src/my_robot_interfaces'
[0.520s] INFO:colcon.colcon_core.shell:Skip shell extension 'powershell' for command environment: Not usable outside of PowerShell
[0.520s] DEBUG:colcon.colcon_core.shell:Skip shell extension 'dsv' for command environment
[0.535s] DEBUG:colcon.colcon_core.event_handler.log_command:Invoking command in '/media/ros/fedora/home/maylis/Dokumente/TeleNav/build/cpp_package': CMAKE_PREFIX_PATH=${CMAKE_PREFIX_PATH}:/media/ros/fedora/home/maylis/Dokumente/TeleNav/install/my_robot_controller:/opt/ros/humble /usr/bin/cmake --build /media/ros/fedora/home/maylis/Dokumente/TeleNav/build/cpp_package -- -j6 -l6
[0.899s] INFO:colcon.colcon_core.task.python.build:Building Python package in '/media/ros/fedora/home/maylis/Dokumente/TeleNav/ros2_udemy_ws/src/my_robot_controller'
[0.900s] INFO:colcon.colcon_core.shell:Skip shell extension 'powershell' for command environment: Not usable outside of PowerShell
[0.900s] DEBUG:colcon.colcon_core.shell:Skip shell extension 'dsv' for command environment
[0.913s] DEBUG:colcon.colcon_core.event_handler.log_command:Invoking command in '/media/ros/fedora/home/maylis/Dokumente/TeleNav/build/my_robot_interfaces': CMAKE_PREFIX_PATH=${CMAKE_PREFIX_PATH}:/media/ros/fedora/home/maylis/Dokumente/TeleNav/install/my_robot_controller:/opt/ros/humble /usr/bin/cmake --build /media/ros/fedora/home/maylis/Dokumente/TeleNav/build/my_robot_interfaces -- -j6 -l6
[0.915s] DEBUG:colcon.colcon_core.event_handler.log_command:Invoked command in '/media/ros/fedora/home/maylis/Dokumente/TeleNav/build/cpp_package' returned '0': CMAKE_PREFIX_PATH=${CMAKE_PREFIX_PATH}:/media/ros/fedora/home/maylis/Dokumente/TeleNav/install/my_robot_controller:/opt/ros/humble /usr/bin/cmake --build /media/ros/fedora/home/maylis/Dokumente/TeleNav/build/cpp_package -- -j6 -l6
[0.932s] DEBUG:colcon.colcon_core.event_handler.log_command:Invoking command in '/media/ros/fedora/home/maylis/Dokumente/TeleNav/build/cpp_package': CMAKE_PREFIX_PATH=${CMAKE_PREFIX_PATH}:/media/ros/fedora/home/maylis/Dokumente/TeleNav/install/my_robot_controller:/opt/ros/humble /usr/bin/cmake --install /media/ros/fedora/home/maylis/Dokumente/TeleNav/build/cpp_package
[0.951s] Level 1:colcon.colcon_core.environment:create_environment_scripts_only(cpp_package)
[0.952s] DEBUG:colcon.colcon_core.event_handler.log_command:Invoked command in '/media/ros/fedora/home/maylis/Dokumente/TeleNav/build/cpp_package' returned '0': CMAKE_PREFIX_PATH=${CMAKE_PREFIX_PATH}:/media/ros/fedora/home/maylis/Dokumente/TeleNav/install/my_robot_controller:/opt/ros/humble /usr/bin/cmake --install /media/ros/fedora/home/maylis/Dokumente/TeleNav/build/cpp_package
[0.955s] Level 1:colcon.colcon_core.environment:checking '/media/ros/fedora/home/maylis/Dokumente/TeleNav/install/cpp_package' for CMake module files
[0.956s] Level 1:colcon.colcon_core.environment:checking '/media/ros/fedora/home/maylis/Dokumente/TeleNav/install/cpp_package' for CMake config files
[0.956s] Level 1:colcon.colcon_core.shell:create_environment_hook('cpp_package', 'cmake_prefix_path')
[0.956s] INFO:colcon.colcon_core.shell:Creating environment hook '/media/ros/fedora/home/maylis/Dokumente/TeleNav/install/cpp_package/share/cpp_package/hook/cmake_prefix_path.ps1'
[0.957s] INFO:colcon.colcon_core.shell:Creating environment descriptor '/media/ros/fedora/home/maylis/Dokumente/TeleNav/install/cpp_package/share/cpp_package/hook/cmake_prefix_path.dsv'
[0.957s] INFO:colcon.colcon_core.shell:Creating environment hook '/media/ros/fedora/home/maylis/Dokumente/TeleNav/install/cpp_package/share/cpp_package/hook/cmake_prefix_path.sh'
[0.959s] Level 1:colcon.colcon_core.environment:checking '/media/ros/fedora/home/maylis/Dokumente/TeleNav/install/cpp_package/lib'
[0.959s] Level 1:colcon.colcon_core.environment:checking '/media/ros/fedora/home/maylis/Dokumente/TeleNav/install/cpp_package/bin'
[0.959s] Level 1:colcon.colcon_core.environment:checking '/media/ros/fedora/home/maylis/Dokumente/TeleNav/install/cpp_package/lib/pkgconfig/cpp_package.pc'
[0.959s] Level 1:colcon.colcon_core.environment:checking '/media/ros/fedora/home/maylis/Dokumente/TeleNav/install/cpp_package/lib/python3.10/site-packages'
[0.959s] Level 1:colcon.colcon_core.environment:checking '/media/ros/fedora/home/maylis/Dokumente/TeleNav/install/cpp_package/bin'
[0.960s] INFO:colcon.colcon_core.shell:Creating package script '/media/ros/fedora/home/maylis/Dokumente/TeleNav/install/cpp_package/share/cpp_package/package.ps1'
[0.961s] INFO:colcon.colcon_core.shell:Creating package descriptor '/media/ros/fedora/home/maylis/Dokumente/TeleNav/install/cpp_package/share/cpp_package/package.dsv'
[0.962s] INFO:colcon.colcon_core.shell:Creating package script '/media/ros/fedora/home/maylis/Dokumente/TeleNav/install/cpp_package/share/cpp_package/package.sh'
[0.963s] INFO:colcon.colcon_core.shell:Creating package script '/media/ros/fedora/home/maylis/Dokumente/TeleNav/install/cpp_package/share/cpp_package/package.bash'
[0.964s] INFO:colcon.colcon_core.shell:Creating package script '/media/ros/fedora/home/maylis/Dokumente/TeleNav/install/cpp_package/share/cpp_package/package.zsh'
[0.965s] Level 1:colcon.colcon_core.environment:create_file_with_runtime_dependencies(/media/ros/fedora/home/maylis/Dokumente/TeleNav/install/cpp_package/share/colcon-core/packages/cpp_package)
[0.966s] Level 1:colcon.colcon_core.environment:create_environment_scripts_only(cpp_package)
[0.966s] Level 1:colcon.colcon_core.environment:checking '/media/ros/fedora/home/maylis/Dokumente/TeleNav/install/cpp_package' for CMake module files
[0.967s] Level 1:colcon.colcon_core.environment:checking '/media/ros/fedora/home/maylis/Dokumente/TeleNav/install/cpp_package' for CMake config files
[0.968s] Level 1:colcon.colcon_core.shell:create_environment_hook('cpp_package', 'cmake_prefix_path')
[0.968s] INFO:colcon.colcon_core.shell:Creating environment hook '/media/ros/fedora/home/maylis/Dokumente/TeleNav/install/cpp_package/share/cpp_package/hook/cmake_prefix_path.ps1'
[0.969s] INFO:colcon.colcon_core.shell:Creating environment descriptor '/media/ros/fedora/home/maylis/Dokumente/TeleNav/install/cpp_package/share/cpp_package/hook/cmake_prefix_path.dsv'
[0.969s] INFO:colcon.colcon_core.shell:Creating environment hook '/media/ros/fedora/home/maylis/Dokumente/TeleNav/install/cpp_package/share/cpp_package/hook/cmake_prefix_path.sh'
[0.970s] Level 1:colcon.colcon_core.environment:checking '/media/ros/fedora/home/maylis/Dokumente/TeleNav/install/cpp_package/lib'
[0.970s] Level 1:colcon.colcon_core.environment:checking '/media/ros/fedora/home/maylis/Dokumente/TeleNav/install/cpp_package/bin'
[0.970s] Level 1:colcon.colcon_core.environment:checking '/media/ros/fedora/home/maylis/Dokumente/TeleNav/install/cpp_package/lib/pkgconfig/cpp_package.pc'
[0.970s] Level 1:colcon.colcon_core.environment:checking '/media/ros/fedora/home/maylis/Dokumente/TeleNav/install/cpp_package/lib/python3.10/site-packages'
[0.971s] Level 1:colcon.colcon_core.environment:checking '/media/ros/fedora/home/maylis/Dokumente/TeleNav/install/cpp_package/bin'
[0.971s] INFO:colcon.colcon_core.shell:Creating package script '/media/ros/fedora/home/maylis/Dokumente/TeleNav/install/cpp_package/share/cpp_package/package.ps1'
[0.972s] INFO:colcon.colcon_core.shell:Creating package descriptor '/media/ros/fedora/home/maylis/Dokumente/TeleNav/install/cpp_package/share/cpp_package/package.dsv'
[0.973s] INFO:colcon.colcon_core.shell:Creating package script '/media/ros/fedora/home/maylis/Dokumente/TeleNav/install/cpp_package/share/cpp_package/package.sh'
[0.973s] INFO:colcon.colcon_core.shell:Creating package script '/media/ros/fedora/home/maylis/Dokumente/TeleNav/install/cpp_package/share/cpp_package/package.bash'
[0.974s] INFO:colcon.colcon_core.shell:Creating package script '/media/ros/fedora/home/maylis/Dokumente/TeleNav/install/cpp_package/share/cpp_package/package.zsh'
[0.975s] Level 1:colcon.colcon_core.environment:create_file_with_runtime_dependencies(/media/ros/fedora/home/maylis/Dokumente/TeleNav/install/cpp_package/share/colcon-core/packages/cpp_package)
[1.445s] DEBUG:colcon.colcon_core.event_handler.log_command:Invoking command in '/media/ros/fedora/home/maylis/Dokumente/TeleNav/ros2_udemy_ws/src/my_robot_controller': PYTHONPATH=/media/ros/fedora/home/maylis/Dokumente/TeleNav/build/my_robot_controller/prefix_override:/usr/lib/python3/dist-packages/colcon_core/task/python/colcon_distutils_commands:/media/ros/fedora/home/maylis/Dokumente/TeleNav/install/my_robot_controller/lib/python3.10/site-packages:${PYTHONPATH} /usr/bin/python3 -W ignore:setup.py install is deprecated -W ignore:easy_install command is deprecated setup.py egg_info --egg-base ../../../build/my_robot_controller build --build-base /media/ros/fedora/home/maylis/Dokumente/TeleNav/build/my_robot_controller/build install --record /media/ros/fedora/home/maylis/Dokumente/TeleNav/build/my_robot_controller/install.log --single-version-externally-managed install_data
[1.458s] DEBUG:colcon.colcon_core.event_handler.log_command:Invoked command in '/media/ros/fedora/home/maylis/Dokumente/TeleNav/build/my_robot_interfaces' returned '0': CMAKE_PREFIX_PATH=${CMAKE_PREFIX_PATH}:/media/ros/fedora/home/maylis/Dokumente/TeleNav/install/my_robot_controller:/opt/ros/humble /usr/bin/cmake --build /media/ros/fedora/home/maylis/Dokumente/TeleNav/build/my_robot_interfaces -- -j6 -l6
[1.460s] DEBUG:colcon.colcon_core.event_handler.log_command:Invoking command in '/media/ros/fedora/home/maylis/Dokumente/TeleNav/build/my_robot_interfaces': CMAKE_PREFIX_PATH=${CMAKE_PREFIX_PATH}:/media/ros/fedora/home/maylis/Dokumente/TeleNav/install/my_robot_controller:/opt/ros/humble /usr/bin/cmake --install /media/ros/fedora/home/maylis/Dokumente/TeleNav/build/my_robot_interfaces
[1.553s] Level 1:colcon.colcon_core.environment:create_environment_scripts_only(my_robot_interfaces)
[1.553s] Level 1:colcon.colcon_core.environment:checking '/media/ros/fedora/home/maylis/Dokumente/TeleNav/install/my_robot_interfaces' for CMake module files
[1.554s] DEBUG:colcon.colcon_core.event_handler.log_command:Invoked command in '/media/ros/fedora/home/maylis/Dokumente/TeleNav/build/my_robot_interfaces' returned '0': CMAKE_PREFIX_PATH=${CMAKE_PREFIX_PATH}:/media/ros/fedora/home/maylis/Dokumente/TeleNav/install/my_robot_controller:/opt/ros/humble /usr/bin/cmake --install /media/ros/fedora/home/maylis/Dokumente/TeleNav/build/my_robot_interfaces
[1.555s] Level 1:colcon.colcon_core.environment:checking '/media/ros/fedora/home/maylis/Dokumente/TeleNav/install/my_robot_interfaces' for CMake config files
[1.556s] Level 1:colcon.colcon_core.shell:create_environment_hook('my_robot_interfaces', 'cmake_prefix_path')
[1.556s] INFO:colcon.colcon_core.shell:Creating environment hook '/media/ros/fedora/home/maylis/Dokumente/TeleNav/install/my_robot_interfaces/share/my_robot_interfaces/hook/cmake_prefix_path.ps1'
[1.557s] INFO:colcon.colcon_core.shell:Creating environment descriptor '/media/ros/fedora/home/maylis/Dokumente/TeleNav/install/my_robot_interfaces/share/my_robot_interfaces/hook/cmake_prefix_path.dsv'
[1.557s] INFO:colcon.colcon_core.shell:Creating environment hook '/media/ros/fedora/home/maylis/Dokumente/TeleNav/install/my_robot_interfaces/share/my_robot_interfaces/hook/cmake_prefix_path.sh'
[1.558s] Level 1:colcon.colcon_core.environment:checking '/media/ros/fedora/home/maylis/Dokumente/TeleNav/install/my_robot_interfaces/lib'
[1.558s] Level 1:colcon.colcon_core.shell:create_environment_hook('my_robot_interfaces', 'ld_library_path_lib')
[1.558s] INFO:colcon.colcon_core.shell:Creating environment hook '/media/ros/fedora/home/maylis/Dokumente/TeleNav/install/my_robot_interfaces/share/my_robot_interfaces/hook/ld_library_path_lib.ps1'
[1.559s] INFO:colcon.colcon_core.shell:Creating environment descriptor '/media/ros/fedora/home/maylis/Dokumente/TeleNav/install/my_robot_interfaces/share/my_robot_interfaces/hook/ld_library_path_lib.dsv'
[1.559s] INFO:colcon.colcon_core.shell:Creating environment hook '/media/ros/fedora/home/maylis/Dokumente/TeleNav/install/my_robot_interfaces/share/my_robot_interfaces/hook/ld_library_path_lib.sh'
[1.560s] Level 1:colcon.colcon_core.environment:checking '/media/ros/fedora/home/maylis/Dokumente/TeleNav/install/my_robot_interfaces/bin'
[1.560s] Level 1:colcon.colcon_core.environment:checking '/media/ros/fedora/home/maylis/Dokumente/TeleNav/install/my_robot_interfaces/lib/pkgconfig/my_robot_interfaces.pc'
[1.560s] Level 1:colcon.colcon_core.environment:checking '/media/ros/fedora/home/maylis/Dokumente/TeleNav/install/my_robot_interfaces/lib/python3.10/site-packages'
[1.561s] Level 1:colcon.colcon_core.environment:checking '/media/ros/fedora/home/maylis/Dokumente/TeleNav/install/my_robot_interfaces/bin'
[1.561s] INFO:colcon.colcon_core.shell:Creating package script '/media/ros/fedora/home/maylis/Dokumente/TeleNav/install/my_robot_interfaces/share/my_robot_interfaces/package.ps1'
[1.562s] INFO:colcon.colcon_core.shell:Creating package descriptor '/media/ros/fedora/home/maylis/Dokumente/TeleNav/install/my_robot_interfaces/share/my_robot_interfaces/package.dsv'
[1.562s] INFO:colcon.colcon_core.shell:Creating package script '/media/ros/fedora/home/maylis/Dokumente/TeleNav/install/my_robot_interfaces/share/my_robot_interfaces/package.sh'
[1.563s] INFO:colcon.colcon_core.shell:Creating package script '/media/ros/fedora/home/maylis/Dokumente/TeleNav/install/my_robot_interfaces/share/my_robot_interfaces/package.bash'
[1.563s] INFO:colcon.colcon_core.shell:Creating package script '/media/ros/fedora/home/maylis/Dokumente/TeleNav/install/my_robot_interfaces/share/my_robot_interfaces/package.zsh'
[1.564s] Level 1:colcon.colcon_core.environment:create_file_with_runtime_dependencies(/media/ros/fedora/home/maylis/Dokumente/TeleNav/install/my_robot_interfaces/share/colcon-core/packages/my_robot_interfaces)
[1.564s] Level 1:colcon.colcon_core.environment:create_environment_scripts_only(my_robot_interfaces)
[1.565s] Level 1:colcon.colcon_core.environment:checking '/media/ros/fedora/home/maylis/Dokumente/TeleNav/install/my_robot_interfaces' for CMake module files
[1.565s] Level 1:colcon.colcon_core.environment:checking '/media/ros/fedora/home/maylis/Dokumente/TeleNav/install/my_robot_interfaces' for CMake config files
[1.566s] Level 1:colcon.colcon_core.shell:create_environment_hook('my_robot_interfaces', 'cmake_prefix_path')
[1.566s] INFO:colcon.colcon_core.shell:Creating environment hook '/media/ros/fedora/home/maylis/Dokumente/TeleNav/install/my_robot_interfaces/share/my_robot_interfaces/hook/cmake_prefix_path.ps1'
[1.567s] INFO:colcon.colcon_core.shell:Creating environment descriptor '/media/ros/fedora/home/maylis/Dokumente/TeleNav/install/my_robot_interfaces/share/my_robot_interfaces/hook/cmake_prefix_path.dsv'
[1.567s] INFO:colcon.colcon_core.shell:Creating environment hook '/media/ros/fedora/home/maylis/Dokumente/TeleNav/install/my_robot_interfaces/share/my_robot_interfaces/hook/cmake_prefix_path.sh'
[1.568s] Level 1:colcon.colcon_core.environment:checking '/media/ros/fedora/home/maylis/Dokumente/TeleNav/install/my_robot_interfaces/lib'
[1.568s] Level 1:colcon.colcon_core.shell:create_environment_hook('my_robot_interfaces', 'ld_library_path_lib')
[1.568s] INFO:colcon.colcon_core.shell:Creating environment hook '/media/ros/fedora/home/maylis/Dokumente/TeleNav/install/my_robot_interfaces/share/my_robot_interfaces/hook/ld_library_path_lib.ps1'
[1.569s] INFO:colcon.colcon_core.shell:Creating environment descriptor '/media/ros/fedora/home/maylis/Dokumente/TeleNav/install/my_robot_interfaces/share/my_robot_interfaces/hook/ld_library_path_lib.dsv'
[1.569s] INFO:colcon.colcon_core.shell:Creating environment hook '/media/ros/fedora/home/maylis/Dokumente/TeleNav/install/my_robot_interfaces/share/my_robot_interfaces/hook/ld_library_path_lib.sh'
[1.570s] Level 1:colcon.colcon_core.environment:checking '/media/ros/fedora/home/maylis/Dokumente/TeleNav/install/my_robot_interfaces/bin'
[1.570s] Level 1:colcon.colcon_core.environment:checking '/media/ros/fedora/home/maylis/Dokumente/TeleNav/install/my_robot_interfaces/lib/pkgconfig/my_robot_interfaces.pc'
[1.570s] Level 1:colcon.colcon_core.environment:checking '/media/ros/fedora/home/maylis/Dokumente/TeleNav/install/my_robot_interfaces/lib/python3.10/site-packages'
[1.570s] Level 1:colcon.colcon_core.environment:checking '/media/ros/fedora/home/maylis/Dokumente/TeleNav/install/my_robot_interfaces/bin'
[1.571s] INFO:colcon.colcon_core.shell:Creating package script '/media/ros/fedora/home/maylis/Dokumente/TeleNav/install/my_robot_interfaces/share/my_robot_interfaces/package.ps1'
[1.572s] INFO:colcon.colcon_core.shell:Creating package descriptor '/media/ros/fedora/home/maylis/Dokumente/TeleNav/install/my_robot_interfaces/share/my_robot_interfaces/package.dsv'
[1.572s] INFO:colcon.colcon_core.shell:Creating package script '/media/ros/fedora/home/maylis/Dokumente/TeleNav/install/my_robot_interfaces/share/my_robot_interfaces/package.sh'
[1.573s] INFO:colcon.colcon_core.shell:Creating package script '/media/ros/fedora/home/maylis/Dokumente/TeleNav/install/my_robot_interfaces/share/my_robot_interfaces/package.bash'
[1.573s] INFO:colcon.colcon_core.shell:Creating package script '/media/ros/fedora/home/maylis/Dokumente/TeleNav/install/my_robot_interfaces/share/my_robot_interfaces/package.zsh'
[1.574s] Level 1:colcon.colcon_core.environment:create_file_with_runtime_dependencies(/media/ros/fedora/home/maylis/Dokumente/TeleNav/install/my_robot_interfaces/share/colcon-core/packages/my_robot_interfaces)
[1.876s] Level 1:colcon.colcon_core.environment:checking '/media/ros/fedora/home/maylis/Dokumente/TeleNav/install/my_robot_controller' for CMake module files
[1.877s] DEBUG:colcon.colcon_core.event_handler.log_command:Invoked command in '/media/ros/fedora/home/maylis/Dokumente/TeleNav/ros2_udemy_ws/src/my_robot_controller' returned '0': PYTHONPATH=/media/ros/fedora/home/maylis/Dokumente/TeleNav/build/my_robot_controller/prefix_override:/usr/lib/python3/dist-packages/colcon_core/task/python/colcon_distutils_commands:/media/ros/fedora/home/maylis/Dokumente/TeleNav/install/my_robot_controller/lib/python3.10/site-packages:${PYTHONPATH} /usr/bin/python3 -W ignore:setup.py install is deprecated -W ignore:easy_install command is deprecated setup.py egg_info --egg-base ../../../build/my_robot_controller build --build-base /media/ros/fedora/home/maylis/Dokumente/TeleNav/build/my_robot_controller/build install --record /media/ros/fedora/home/maylis/Dokumente/TeleNav/build/my_robot_controller/install.log --single-version-externally-managed install_data
[1.878s] Level 1:colcon.colcon_core.environment:checking '/media/ros/fedora/home/maylis/Dokumente/TeleNav/install/my_robot_controller' for CMake config files
[1.879s] Level 1:colcon.colcon_core.environment:checking '/media/ros/fedora/home/maylis/Dokumente/TeleNav/install/my_robot_controller/lib'
[1.879s] Level 1:colcon.colcon_core.environment:checking '/media/ros/fedora/home/maylis/Dokumente/TeleNav/install/my_robot_controller/bin'
[1.879s] Level 1:colcon.colcon_core.environment:checking '/media/ros/fedora/home/maylis/Dokumente/TeleNav/install/my_robot_controller/lib/pkgconfig/my_robot_controller.pc'
[1.880s] Level 1:colcon.colcon_core.environment:checking '/media/ros/fedora/home/maylis/Dokumente/TeleNav/install/my_robot_controller/lib/python3.10/site-packages'
[1.880s] Level 1:colcon.colcon_core.shell:create_environment_hook('my_robot_controller', 'pythonpath')
[1.881s] INFO:colcon.colcon_core.shell:Creating environment hook '/media/ros/fedora/home/maylis/Dokumente/TeleNav/install/my_robot_controller/share/my_robot_controller/hook/pythonpath.ps1'
[1.881s] INFO:colcon.colcon_core.shell:Creating environment descriptor '/media/ros/fedora/home/maylis/Dokumente/TeleNav/install/my_robot_controller/share/my_robot_controller/hook/pythonpath.dsv'
[1.882s] INFO:colcon.colcon_core.shell:Creating environment hook '/media/ros/fedora/home/maylis/Dokumente/TeleNav/install/my_robot_controller/share/my_robot_controller/hook/pythonpath.sh'
[1.883s] Level 1:colcon.colcon_core.environment:checking '/media/ros/fedora/home/maylis/Dokumente/TeleNav/install/my_robot_controller/bin'
[1.883s] Level 1:colcon.colcon_core.environment:create_environment_scripts_only(my_robot_controller)
[1.884s] INFO:colcon.colcon_core.shell:Creating package script '/media/ros/fedora/home/maylis/Dokumente/TeleNav/install/my_robot_controller/share/my_robot_controller/package.ps1'
[1.885s] INFO:colcon.colcon_core.shell:Creating package descriptor '/media/ros/fedora/home/maylis/Dokumente/TeleNav/install/my_robot_controller/share/my_robot_controller/package.dsv'
[1.886s] INFO:colcon.colcon_core.shell:Creating package script '/media/ros/fedora/home/maylis/Dokumente/TeleNav/install/my_robot_controller/share/my_robot_controller/package.sh'
[1.887s] INFO:colcon.colcon_core.shell:Creating package script '/media/ros/fedora/home/maylis/Dokumente/TeleNav/install/my_robot_controller/share/my_robot_controller/package.bash'
[1.888s] INFO:colcon.colcon_core.shell:Creating package script '/media/ros/fedora/home/maylis/Dokumente/TeleNav/install/my_robot_controller/share/my_robot_controller/package.zsh'
[1.889s] Level 1:colcon.colcon_core.environment:create_file_with_runtime_dependencies(/media/ros/fedora/home/maylis/Dokumente/TeleNav/install/my_robot_controller/share/colcon-core/packages/my_robot_controller)
[1.889s] DEBUG:colcon.colcon_parallel_executor.executor.parallel:closing loop
[1.890s] DEBUG:colcon.colcon_parallel_executor.executor.parallel:loop closed
[1.890s] DEBUG:colcon.colcon_parallel_executor.executor.parallel:run_until_complete finished with '0'
[1.890s] DEBUG:colcon.colcon_core.event_reactor:joining thread
[1.903s] INFO:colcon.colcon_core.plugin_system:Skipping extension 'colcon_notification.desktop_notification.terminal_notifier': Not used on non-Darwin systems
[1.903s] INFO:colcon.colcon_core.plugin_system:Skipping extension 'colcon_notification.desktop_notification.win32': Not used on non-Windows systems
[1.903s] INFO:colcon.colcon_notification.desktop_notification:Sending desktop notification using 'notify2'
[1.930s] DEBUG:colcon.colcon_core.event_reactor:joined thread
[1.931s] INFO:colcon.colcon_core.shell:Creating prefix script '/media/ros/fedora/home/maylis/Dokumente/TeleNav/install/local_setup.ps1'
[1.933s] INFO:colcon.colcon_core.shell:Creating prefix util module '/media/ros/fedora/home/maylis/Dokumente/TeleNav/install/_local_setup_util_ps1.py'
[1.937s] INFO:colcon.colcon_core.shell:Creating prefix chain script '/media/ros/fedora/home/maylis/Dokumente/TeleNav/install/setup.ps1'
[1.940s] INFO:colcon.colcon_core.shell:Creating prefix script '/media/ros/fedora/home/maylis/Dokumente/TeleNav/install/local_setup.sh'
[1.941s] INFO:colcon.colcon_core.shell:Creating prefix util module '/media/ros/fedora/home/maylis/Dokumente/TeleNav/install/_local_setup_util_sh.py'
[1.942s] INFO:colcon.colcon_core.shell:Creating prefix chain script '/media/ros/fedora/home/maylis/Dokumente/TeleNav/install/setup.sh'
[1.944s] INFO:colcon.colcon_core.shell:Creating prefix script '/media/ros/fedora/home/maylis/Dokumente/TeleNav/install/local_setup.bash'
[1.945s] INFO:colcon.colcon_core.shell:Creating prefix chain script '/media/ros/fedora/home/maylis/Dokumente/TeleNav/install/setup.bash'
[1.947s] INFO:colcon.colcon_core.shell:Creating prefix script '/media/ros/fedora/home/maylis/Dokumente/TeleNav/install/local_setup.zsh'
[1.948s] INFO:colcon.colcon_core.shell:Creating prefix chain script '/media/ros/fedora/home/maylis/Dokumente/TeleNav/install/setup.zsh'
