[0.015s] Invoking command in '/media/ros/fedora/home/maylis/Dokumente/simulation_dtour/src/build/my_robot_bringup': CMAKE_PREFIX_PATH=${CMAKE_PREFIX_PATH}:/media/ros/fedora/home/maylis/Dokumente/TeleNav/install/turtle_spawner:/media/ros/fedora/home/maylis/Dokumente/TeleNav/install/turtle_controller:/media/ros/fedora/home/maylis/Dokumente/TeleNav/install/my_robot_controller:/opt/ros/humble /usr/bin/cmake /media/ros/fedora/home/maylis/Dokumente/simulation_dtour/src/my_robot_bringup -DCMAKE_INSTALL_PREFIX=/media/ros/fedora/home/maylis/Dokumente/simulation_dtour/src/install/my_robot_bringup
[0.070s] -- The C compiler identification is GNU 11.4.0
[0.122s] -- The CXX compiler identification is GNU 11.4.0
[0.131s] -- Detecting C compiler ABI info
[0.200s] -- Detecting C compiler ABI info - done
[0.207s] -- Check for working C compiler: /usr/bin/cc - skipped
[0.207s] -- Detecting C compile features
[0.208s] -- Detecting C compile features - done
[0.211s] -- Detecting CXX compiler ABI info
[0.279s] -- Detecting CXX compiler ABI info - done
[0.286s] -- Check for working CXX compiler: /usr/bin/c++ - skipped
[0.287s] -- Detecting CXX compile features
[0.287s] -- Detecting CXX compile features - done
[0.290s] -- Found ament_cmake: 1.3.11 (/opt/ros/humble/share/ament_cmake/cmake)
[0.442s] -- Found Python3: /usr/bin/python3 (found version "3.10.12") found components: Interpreter 
[0.602s] -- Configuring done
[0.606s] -- Generating done
[0.607s] -- Build files have been written to: /media/ros/fedora/home/maylis/Dokumente/simulation_dtour/src/build/my_robot_bringup
[0.610s] Invoked command in '/media/ros/fedora/home/maylis/Dokumente/simulation_dtour/src/build/my_robot_bringup' returned '0': CMAKE_PREFIX_PATH=${CMAKE_PREFIX_PATH}:/media/ros/fedora/home/maylis/Dokumente/TeleNav/install/turtle_spawner:/media/ros/fedora/home/maylis/Dokumente/TeleNav/install/turtle_controller:/media/ros/fedora/home/maylis/Dokumente/TeleNav/install/my_robot_controller:/opt/ros/humble /usr/bin/cmake /media/ros/fedora/home/maylis/Dokumente/simulation_dtour/src/my_robot_bringup -DCMAKE_INSTALL_PREFIX=/media/ros/fedora/home/maylis/Dokumente/simulation_dtour/src/install/my_robot_bringup
[0.611s] Invoking command in '/media/ros/fedora/home/maylis/Dokumente/simulation_dtour/src/build/my_robot_bringup': CMAKE_PREFIX_PATH=${CMAKE_PREFIX_PATH}:/media/ros/fedora/home/maylis/Dokumente/TeleNav/install/turtle_spawner:/media/ros/fedora/home/maylis/Dokumente/TeleNav/install/turtle_controller:/media/ros/fedora/home/maylis/Dokumente/TeleNav/install/my_robot_controller:/opt/ros/humble /usr/bin/cmake --build /media/ros/fedora/home/maylis/Dokumente/simulation_dtour/src/build/my_robot_bringup -- -j6 -l6
[0.664s] Invoked command in '/media/ros/fedora/home/maylis/Dokumente/simulation_dtour/src/build/my_robot_bringup' returned '0': CMAKE_PREFIX_PATH=${CMAKE_PREFIX_PATH}:/media/ros/fedora/home/maylis/Dokumente/TeleNav/install/turtle_spawner:/media/ros/fedora/home/maylis/Dokumente/TeleNav/install/turtle_controller:/media/ros/fedora/home/maylis/Dokumente/TeleNav/install/my_robot_controller:/opt/ros/humble /usr/bin/cmake --build /media/ros/fedora/home/maylis/Dokumente/simulation_dtour/src/build/my_robot_bringup -- -j6 -l6
[0.666s] Invoking command in '/media/ros/fedora/home/maylis/Dokumente/simulation_dtour/src/build/my_robot_bringup': CMAKE_PREFIX_PATH=${CMAKE_PREFIX_PATH}:/media/ros/fedora/home/maylis/Dokumente/TeleNav/install/turtle_spawner:/media/ros/fedora/home/maylis/Dokumente/TeleNav/install/turtle_controller:/media/ros/fedora/home/maylis/Dokumente/TeleNav/install/my_robot_controller:/opt/ros/humble /usr/bin/cmake --install /media/ros/fedora/home/maylis/Dokumente/simulation_dtour/src/build/my_robot_bringup
[0.679s] -- Install configuration: ""
[0.680s] -- Installing: /media/ros/fedora/home/maylis/Dokumente/simulation_dtour/src/install/my_robot_bringup/share/my_robot_bringup//launch
[0.680s] -- Installing: /media/ros/fedora/home/maylis/Dokumente/simulation_dtour/src/install/my_robot_bringup/share/my_robot_bringup//launch/my_robot_gazebo.launch.xml
[0.680s] -- Installing: /media/ros/fedora/home/maylis/Dokumente/simulation_dtour/src/install/my_robot_bringup/share/ament_index/resource_index/package_run_dependencies/my_robot_bringup
[0.680s] -- Installing: /media/ros/fedora/home/maylis/Dokumente/simulation_dtour/src/install/my_robot_bringup/share/ament_index/resource_index/parent_prefix_path/my_robot_bringup
[0.681s] -- Installing: /media/ros/fedora/home/maylis/Dokumente/simulation_dtour/src/install/my_robot_bringup/share/my_robot_bringup/environment/ament_prefix_path.sh
[0.681s] -- Installing: /media/ros/fedora/home/maylis/Dokumente/simulation_dtour/src/install/my_robot_bringup/share/my_robot_bringup/environment/ament_prefix_path.dsv
[0.681s] -- Installing: /media/ros/fedora/home/maylis/Dokumente/simulation_dtour/src/install/my_robot_bringup/share/my_robot_bringup/environment/path.sh
[0.682s] -- Installing: /media/ros/fedora/home/maylis/Dokumente/simulation_dtour/src/install/my_robot_bringup/share/my_robot_bringup/environment/path.dsv
[0.682s] -- Installing: /media/ros/fedora/home/maylis/Dokumente/simulation_dtour/src/install/my_robot_bringup/share/my_robot_bringup/local_setup.bash
[0.682s] -- Installing: /media/ros/fedora/home/maylis/Dokumente/simulation_dtour/src/install/my_robot_bringup/share/my_robot_bringup/local_setup.sh
[0.682s] -- Installing: /media/ros/fedora/home/maylis/Dokumente/simulation_dtour/src/install/my_robot_bringup/share/my_robot_bringup/local_setup.zsh
[0.683s] -- Installing: /media/ros/fedora/home/maylis/Dokumente/simulation_dtour/src/install/my_robot_bringup/share/my_robot_bringup/local_setup.dsv
[0.683s] -- Installing: /media/ros/fedora/home/maylis/Dokumente/simulation_dtour/src/install/my_robot_bringup/share/my_robot_bringup/package.dsv
[0.683s] -- Installing: /media/ros/fedora/home/maylis/Dokumente/simulation_dtour/src/install/my_robot_bringup/share/ament_index/resource_index/packages/my_robot_bringup
[0.684s] -- Installing: /media/ros/fedora/home/maylis/Dokumente/simulation_dtour/src/install/my_robot_bringup/share/my_robot_bringup/cmake/my_robot_bringupConfig.cmake
[0.684s] -- Installing: /media/ros/fedora/home/maylis/Dokumente/simulation_dtour/src/install/my_robot_bringup/share/my_robot_bringup/cmake/my_robot_bringupConfig-version.cmake
[0.684s] -- Installing: /media/ros/fedora/home/maylis/Dokumente/simulation_dtour/src/install/my_robot_bringup/share/my_robot_bringup/package.xml
[0.687s] Invoked command in '/media/ros/fedora/home/maylis/Dokumente/simulation_dtour/src/build/my_robot_bringup' returned '0': CMAKE_PREFIX_PATH=${CMAKE_PREFIX_PATH}:/media/ros/fedora/home/maylis/Dokumente/TeleNav/install/turtle_spawner:/media/ros/fedora/home/maylis/Dokumente/TeleNav/install/turtle_controller:/media/ros/fedora/home/maylis/Dokumente/TeleNav/install/my_robot_controller:/opt/ros/humble /usr/bin/cmake --install /media/ros/fedora/home/maylis/Dokumente/simulation_dtour/src/build/my_robot_bringup
