[0.766s] Invoking command in '/media/ros/fedora/home/maylis/Dokumente/TeleNav/project_ws/src/telerobot_controller': PYTHONPATH=/media/ros/fedora/home/maylis/Dokumente/TeleNav/project_ws/src/telerobot_controller/build/telerobot_controller/prefix_override:/usr/lib/python3/dist-packages/colcon_core/task/python/colcon_distutils_commands:/media/ros/fedora/home/maylis/Dokumente/TeleNav/project_ws/src/telerobot_controller/install/telerobot_controller/lib/python3.10/site-packages:${PYTHONPATH} /usr/bin/python3 -W ignore:setup.py install is deprecated -W ignore:easy_install command is deprecated setup.py egg_info --egg-base build/telerobot_controller build --build-base /media/ros/fedora/home/maylis/Dokumente/TeleNav/project_ws/src/telerobot_controller/build/telerobot_controller/build install --record /media/ros/fedora/home/maylis/Dokumente/TeleNav/project_ws/src/telerobot_controller/build/telerobot_controller/install.log --single-version-externally-managed install_data
[1.045s] running egg_info
[1.046s] writing build/telerobot_controller/telerobot_controller.egg-info/PKG-INFO
[1.046s] writing dependency_links to build/telerobot_controller/telerobot_controller.egg-info/dependency_links.txt
[1.046s] writing entry points to build/telerobot_controller/telerobot_controller.egg-info/entry_points.txt
[1.047s] writing requirements to build/telerobot_controller/telerobot_controller.egg-info/requires.txt
[1.047s] writing top-level names to build/telerobot_controller/telerobot_controller.egg-info/top_level.txt
[1.049s] reading manifest file 'build/telerobot_controller/telerobot_controller.egg-info/SOURCES.txt'
[1.050s] writing manifest file 'build/telerobot_controller/telerobot_controller.egg-info/SOURCES.txt'
[1.050s] running build
[1.050s] running build_py
[1.050s] copying telerobot_controller/interface.py -> /media/ros/fedora/home/maylis/Dokumente/TeleNav/project_ws/src/telerobot_controller/build/telerobot_controller/build/lib/telerobot_controller
[1.051s] running install
[1.051s] running install_lib
[1.052s] copying /media/ros/fedora/home/maylis/Dokumente/TeleNav/project_ws/src/telerobot_controller/build/telerobot_controller/build/lib/telerobot_controller/interface.py -> /media/ros/fedora/home/maylis/Dokumente/TeleNav/project_ws/src/telerobot_controller/install/telerobot_controller/lib/python3.10/site-packages/telerobot_controller
[1.053s] byte-compiling /media/ros/fedora/home/maylis/Dokumente/TeleNav/project_ws/src/telerobot_controller/install/telerobot_controller/lib/python3.10/site-packages/telerobot_controller/interface.py to interface.cpython-310.pyc
[1.054s] running install_data
[1.054s] creating /media/ros/fedora/home/maylis/Dokumente/TeleNav/project_ws/src/telerobot_controller/install/telerobot_controller/share/telerobot_controller/templates
[1.054s] copying templates/index.html -> /media/ros/fedora/home/maylis/Dokumente/TeleNav/project_ws/src/telerobot_controller/install/telerobot_controller/share/telerobot_controller/templates
[1.054s] creating /media/ros/fedora/home/maylis/Dokumente/TeleNav/project_ws/src/telerobot_controller/install/telerobot_controller/share/telerobot_controller/static
[1.055s] copying static/main.js -> /media/ros/fedora/home/maylis/Dokumente/TeleNav/project_ws/src/telerobot_controller/install/telerobot_controller/share/telerobot_controller/static
[1.055s] running install_egg_info
[1.056s] removing '/media/ros/fedora/home/maylis/Dokumente/TeleNav/project_ws/src/telerobot_controller/install/telerobot_controller/lib/python3.10/site-packages/telerobot_controller-0.0.0-py3.10.egg-info' (and everything under it)
[1.057s] Copying build/telerobot_controller/telerobot_controller.egg-info to /media/ros/fedora/home/maylis/Dokumente/TeleNav/project_ws/src/telerobot_controller/install/telerobot_controller/lib/python3.10/site-packages/telerobot_controller-0.0.0-py3.10.egg-info
[1.058s] running install_scripts
[1.080s] Installing controller script to /media/ros/fedora/home/maylis/Dokumente/TeleNav/project_ws/src/telerobot_controller/install/telerobot_controller/lib/telerobot_controller
[1.081s] Installing interface script to /media/ros/fedora/home/maylis/Dokumente/TeleNav/project_ws/src/telerobot_controller/install/telerobot_controller/lib/telerobot_controller
[1.081s] writing list of installed files to '/media/ros/fedora/home/maylis/Dokumente/TeleNav/project_ws/src/telerobot_controller/build/telerobot_controller/install.log'
[1.120s] Invoked command in '/media/ros/fedora/home/maylis/Dokumente/TeleNav/project_ws/src/telerobot_controller' returned '0': PYTHONPATH=/media/ros/fedora/home/maylis/Dokumente/TeleNav/project_ws/src/telerobot_controller/build/telerobot_controller/prefix_override:/usr/lib/python3/dist-packages/colcon_core/task/python/colcon_distutils_commands:/media/ros/fedora/home/maylis/Dokumente/TeleNav/project_ws/src/telerobot_controller/install/telerobot_controller/lib/python3.10/site-packages:${PYTHONPATH} /usr/bin/python3 -W ignore:setup.py install is deprecated -W ignore:easy_install command is deprecated setup.py egg_info --egg-base build/telerobot_controller build --build-base /media/ros/fedora/home/maylis/Dokumente/TeleNav/project_ws/src/telerobot_controller/build/telerobot_controller/build install --record /media/ros/fedora/home/maylis/Dokumente/TeleNav/project_ws/src/telerobot_controller/build/telerobot_controller/install.log --single-version-externally-managed install_data
