[0.524s] Invoking command in '/media/ros/fedora/home/maylis/Dokumente/TeleNav/ros2_udemy_ws/build/cpp_package': CMAKE_PREFIX_PATH=/opt/ros/humble /usr/bin/cmake --build /media/ros/fedora/home/maylis/Dokumente/TeleNav/ros2_udemy_ws/build/cpp_package -- -j6 -l6
[0.621s] -- Found ament_cmake: 1.3.12 (/opt/ros/humble/share/ament_cmake/cmake)
[0.854s] -- Found rclcpp: 16.0.14 (/opt/ros/humble/share/rclcpp/cmake)
[0.923s] -- Found rosidl_generator_c: 3.1.7 (/opt/ros/humble/share/rosidl_generator_c/cmake)
[0.930s] -- Found rosidl_adapter: 3.1.7 (/opt/ros/humble/share/rosidl_adapter/cmake)
[0.947s] -- Found rosidl_generator_cpp: 3.1.7 (/opt/ros/humble/share/rosidl_generator_cpp/cmake)
[0.966s] -- Using all available rosidl_typesupport_c: rosidl_typesupport_fastrtps_c;rosidl_typesupport_introspection_c
[0.993s] -- Using all available rosidl_typesupport_cpp: rosidl_typesupport_fastrtps_cpp;rosidl_typesupport_introspection_cpp
[1.071s] -- Found rmw_implementation_cmake: 6.1.2 (/opt/ros/humble/share/rmw_implementation_cmake/cmake)
[1.079s] -- Found rmw_cyclonedds_cpp: 1.3.4 (/opt/ros/humble/share/rmw_cyclonedds_cpp/cmake)
[1.126s] -- Using RMW implementation 'rmw_cyclonedds_cpp' as default
[1.359s] -- Configuring done
[1.373s] -- Generating done
[1.378s] -- Build files have been written to: /media/ros/fedora/home/maylis/Dokumente/TeleNav/ros2_udemy_ws/build/cpp_package
[1.417s] [35m[1mConsolidate compiler generated dependencies of target my_first_cpp_node[0m
[1.446s] [ 50%] [32mBuilding CXX object CMakeFiles/my_first_cpp_node.dir/src/my_first_cpp_note.cpp.o[0m
[5.954s] [100%] [32m[1mLinking CXX executable my_first_cpp_node[0m
[6.288s] [100%] Built target my_first_cpp_node
[6.329s] Invoked command in '/media/ros/fedora/home/maylis/Dokumente/TeleNav/ros2_udemy_ws/build/cpp_package' returned '0': CMAKE_PREFIX_PATH=/opt/ros/humble /usr/bin/cmake --build /media/ros/fedora/home/maylis/Dokumente/TeleNav/ros2_udemy_ws/build/cpp_package -- -j6 -l6
[6.330s] Invoking command in '/media/ros/fedora/home/maylis/Dokumente/TeleNav/ros2_udemy_ws/build/cpp_package': CMAKE_PREFIX_PATH=/opt/ros/humble /usr/bin/cmake --install /media/ros/fedora/home/maylis/Dokumente/TeleNav/ros2_udemy_ws/build/cpp_package
[6.349s] -- Install configuration: ""
[6.350s] -- Installing: /media/ros/fedora/home/maylis/Dokumente/TeleNav/ros2_udemy_ws/install/cpp_package/lib/cpp_package/my_first_cpp_node
[6.351s] -- Set runtime path of "/media/ros/fedora/home/maylis/Dokumente/TeleNav/ros2_udemy_ws/install/cpp_package/lib/cpp_package/my_first_cpp_node" to ""
[6.352s] -- Installing: /media/ros/fedora/home/maylis/Dokumente/TeleNav/ros2_udemy_ws/install/cpp_package/share/ament_index/resource_index/package_run_dependencies/cpp_package
[6.354s] -- Installing: /media/ros/fedora/home/maylis/Dokumente/TeleNav/ros2_udemy_ws/install/cpp_package/share/ament_index/resource_index/parent_prefix_path/cpp_package
[6.354s] -- Installing: /media/ros/fedora/home/maylis/Dokumente/TeleNav/ros2_udemy_ws/install/cpp_package/share/cpp_package/environment/ament_prefix_path.sh
[6.355s] -- Installing: /media/ros/fedora/home/maylis/Dokumente/TeleNav/ros2_udemy_ws/install/cpp_package/share/cpp_package/environment/ament_prefix_path.dsv
[6.355s] -- Installing: /media/ros/fedora/home/maylis/Dokumente/TeleNav/ros2_udemy_ws/install/cpp_package/share/cpp_package/environment/path.sh
[6.355s] -- Installing: /media/ros/fedora/home/maylis/Dokumente/TeleNav/ros2_udemy_ws/install/cpp_package/share/cpp_package/environment/path.dsv
[6.355s] -- Installing: /media/ros/fedora/home/maylis/Dokumente/TeleNav/ros2_udemy_ws/install/cpp_package/share/cpp_package/local_setup.bash
[6.355s] -- Installing: /media/ros/fedora/home/maylis/Dokumente/TeleNav/ros2_udemy_ws/install/cpp_package/share/cpp_package/local_setup.sh
[6.355s] -- Installing: /media/ros/fedora/home/maylis/Dokumente/TeleNav/ros2_udemy_ws/install/cpp_package/share/cpp_package/local_setup.zsh
[6.355s] -- Installing: /media/ros/fedora/home/maylis/Dokumente/TeleNav/ros2_udemy_ws/install/cpp_package/share/cpp_package/local_setup.dsv
[6.355s] -- Installing: /media/ros/fedora/home/maylis/Dokumente/TeleNav/ros2_udemy_ws/install/cpp_package/share/cpp_package/package.dsv
[6.355s] -- Installing: /media/ros/fedora/home/maylis/Dokumente/TeleNav/ros2_udemy_ws/install/cpp_package/share/ament_index/resource_index/packages/cpp_package
[6.355s] -- Installing: /media/ros/fedora/home/maylis/Dokumente/TeleNav/ros2_udemy_ws/install/cpp_package/share/cpp_package/cmake/cpp_packageConfig.cmake
[6.355s] -- Installing: /media/ros/fedora/home/maylis/Dokumente/TeleNav/ros2_udemy_ws/install/cpp_package/share/cpp_package/cmake/cpp_packageConfig-version.cmake
[6.356s] -- Installing: /media/ros/fedora/home/maylis/Dokumente/TeleNav/ros2_udemy_ws/install/cpp_package/share/cpp_package/package.xml
[6.360s] Invoked command in '/media/ros/fedora/home/maylis/Dokumente/TeleNav/ros2_udemy_ws/build/cpp_package' returned '0': CMAKE_PREFIX_PATH=/opt/ros/humble /usr/bin/cmake --install /media/ros/fedora/home/maylis/Dokumente/TeleNav/ros2_udemy_ws/build/cpp_package
