[0.981s] Invoking command in '/media/ros/fedora/home/maylis/Dokumente/TeleNav/project_ws/src/telerobot_controller': PYTHONPATH=/media/ros/fedora/home/maylis/Dokumente/TeleNav/project_ws/build/telerobot_controller/prefix_override:/usr/lib/python3/dist-packages/colcon_core/task/python/colcon_distutils_commands:/media/ros/fedora/home/maylis/Dokumente/TeleNav/project_ws/install/telerobot_controller/lib/python3.10/site-packages:${PYTHONPATH} /usr/bin/python3 -W ignore:setup.py install is deprecated -W ignore:easy_install command is deprecated setup.py egg_info --egg-base ../../build/telerobot_controller build --build-base /media/ros/fedora/home/maylis/Dokumente/TeleNav/project_ws/build/telerobot_controller/build install --record /media/ros/fedora/home/maylis/Dokumente/TeleNav/project_ws/build/telerobot_controller/install.log --single-version-externally-managed install_data
[1.338s] running egg_info
[1.339s] writing ../../build/telerobot_controller/telerobot_controller.egg-info/PKG-INFO
[1.339s] writing dependency_links to ../../build/telerobot_controller/telerobot_controller.egg-info/dependency_links.txt
[1.339s] writing entry points to ../../build/telerobot_controller/telerobot_controller.egg-info/entry_points.txt
[1.340s] writing requirements to ../../build/telerobot_controller/telerobot_controller.egg-info/requires.txt
[1.340s] writing top-level names to ../../build/telerobot_controller/telerobot_controller.egg-info/top_level.txt
[1.343s] reading manifest file '../../build/telerobot_controller/telerobot_controller.egg-info/SOURCES.txt'
[1.344s] writing manifest file '../../build/telerobot_controller/telerobot_controller.egg-info/SOURCES.txt'
[1.344s] running build
[1.345s] running build_py
[1.346s] running install
[1.346s] running install_lib
[1.347s] running install_data
[1.348s] copying templates/index.html -> /media/ros/fedora/home/maylis/Dokumente/TeleNav/project_ws/install/telerobot_controller/share/telerobot_controller/templates
[1.348s] running install_egg_info
[1.351s] removing '/media/ros/fedora/home/maylis/Dokumente/TeleNav/project_ws/install/telerobot_controller/lib/python3.10/site-packages/telerobot_controller-0.0.0-py3.10.egg-info' (and everything under it)
[1.351s] Copying ../../build/telerobot_controller/telerobot_controller.egg-info to /media/ros/fedora/home/maylis/Dokumente/TeleNav/project_ws/install/telerobot_controller/lib/python3.10/site-packages/telerobot_controller-0.0.0-py3.10.egg-info
[1.352s] running install_scripts
[1.382s] Installing controller script to /media/ros/fedora/home/maylis/Dokumente/TeleNav/project_ws/install/telerobot_controller/lib/telerobot_controller
[1.382s] Installing interface script to /media/ros/fedora/home/maylis/Dokumente/TeleNav/project_ws/install/telerobot_controller/lib/telerobot_controller
[1.382s] writing list of installed files to '/media/ros/fedora/home/maylis/Dokumente/TeleNav/project_ws/build/telerobot_controller/install.log'
[1.430s] Invoked command in '/media/ros/fedora/home/maylis/Dokumente/TeleNav/project_ws/src/telerobot_controller' returned '0': PYTHONPATH=/media/ros/fedora/home/maylis/Dokumente/TeleNav/project_ws/build/telerobot_controller/prefix_override:/usr/lib/python3/dist-packages/colcon_core/task/python/colcon_distutils_commands:/media/ros/fedora/home/maylis/Dokumente/TeleNav/project_ws/install/telerobot_controller/lib/python3.10/site-packages:${PYTHONPATH} /usr/bin/python3 -W ignore:setup.py install is deprecated -W ignore:easy_install command is deprecated setup.py egg_info --egg-base ../../build/telerobot_controller build --build-base /media/ros/fedora/home/maylis/Dokumente/TeleNav/project_ws/build/telerobot_controller/build install --record /media/ros/fedora/home/maylis/Dokumente/TeleNav/project_ws/build/telerobot_controller/install.log --single-version-externally-managed install_data
