[0.749s] Invoking command in '/media/ros/fedora/home/maylis/Dokumente/TeleNav/project_ws/src/telerobot_controller': PYTHONPATH=/media/ros/fedora/home/maylis/Dokumente/TeleNav/project_ws/src/telerobot_controller/build/telerobot_controller/prefix_override:/usr/lib/python3/dist-packages/colcon_core/task/python/colcon_distutils_commands:/media/ros/fedora/home/maylis/Dokumente/TeleNav/project_ws/src/telerobot_controller/install/telerobot_controller/lib/python3.10/site-packages:${PYTHONPATH} /usr/bin/python3 -W ignore:setup.py install is deprecated -W ignore:easy_install command is deprecated setup.py egg_info --egg-base build/telerobot_controller build --build-base /media/ros/fedora/home/maylis/Dokumente/TeleNav/project_ws/src/telerobot_controller/build/telerobot_controller/build install --record /media/ros/fedora/home/maylis/Dokumente/TeleNav/project_ws/src/telerobot_controller/build/telerobot_controller/install.log --single-version-externally-managed install_data
[0.997s] running egg_info
[0.997s] writing build/telerobot_controller/telerobot_controller.egg-info/PKG-INFO
[0.998s] writing dependency_links to build/telerobot_controller/telerobot_controller.egg-info/dependency_links.txt
[0.998s] writing entry points to build/telerobot_controller/telerobot_controller.egg-info/entry_points.txt
[0.998s] writing requirements to build/telerobot_controller/telerobot_controller.egg-info/requires.txt
[0.998s] writing top-level names to build/telerobot_controller/telerobot_controller.egg-info/top_level.txt
[1.000s] reading manifest file 'build/telerobot_controller/telerobot_controller.egg-info/SOURCES.txt'
[1.001s] writing manifest file 'build/telerobot_controller/telerobot_controller.egg-info/SOURCES.txt'
[1.001s] running build
[1.001s] running build_py
[1.001s] copying telerobot_controller/distance_messurement.py -> /media/ros/fedora/home/maylis/Dokumente/TeleNav/project_ws/src/telerobot_controller/build/telerobot_controller/build/lib/telerobot_controller
[1.001s] running install
[1.002s] running install_lib
[1.003s] copying /media/ros/fedora/home/maylis/Dokumente/TeleNav/project_ws/src/telerobot_controller/build/telerobot_controller/build/lib/telerobot_controller/distance_messurement.py -> /media/ros/fedora/home/maylis/Dokumente/TeleNav/project_ws/src/telerobot_controller/install/telerobot_controller/lib/python3.10/site-packages/telerobot_controller
[1.004s] byte-compiling /media/ros/fedora/home/maylis/Dokumente/TeleNav/project_ws/src/telerobot_controller/install/telerobot_controller/lib/python3.10/site-packages/telerobot_controller/distance_messurement.py to distance_messurement.cpython-310.pyc
[1.004s] running install_data
[1.004s] running install_egg_info
[1.008s] removing '/media/ros/fedora/home/maylis/Dokumente/TeleNav/project_ws/src/telerobot_controller/install/telerobot_controller/lib/python3.10/site-packages/telerobot_controller-0.0.0-py3.10.egg-info' (and everything under it)
[1.008s] Copying build/telerobot_controller/telerobot_controller.egg-info to /media/ros/fedora/home/maylis/Dokumente/TeleNav/project_ws/src/telerobot_controller/install/telerobot_controller/lib/python3.10/site-packages/telerobot_controller-0.0.0-py3.10.egg-info
[1.009s] running install_scripts
[1.031s] Installing controller script to /media/ros/fedora/home/maylis/Dokumente/TeleNav/project_ws/src/telerobot_controller/install/telerobot_controller/lib/telerobot_controller
[1.032s] writing list of installed files to '/media/ros/fedora/home/maylis/Dokumente/TeleNav/project_ws/src/telerobot_controller/build/telerobot_controller/install.log'
[1.082s] Invoked command in '/media/ros/fedora/home/maylis/Dokumente/TeleNav/project_ws/src/telerobot_controller' returned '0': PYTHONPATH=/media/ros/fedora/home/maylis/Dokumente/TeleNav/project_ws/src/telerobot_controller/build/telerobot_controller/prefix_override:/usr/lib/python3/dist-packages/colcon_core/task/python/colcon_distutils_commands:/media/ros/fedora/home/maylis/Dokumente/TeleNav/project_ws/src/telerobot_controller/install/telerobot_controller/lib/python3.10/site-packages:${PYTHONPATH} /usr/bin/python3 -W ignore:setup.py install is deprecated -W ignore:easy_install command is deprecated setup.py egg_info --egg-base build/telerobot_controller build --build-base /media/ros/fedora/home/maylis/Dokumente/TeleNav/project_ws/src/telerobot_controller/build/telerobot_controller/build install --record /media/ros/fedora/home/maylis/Dokumente/TeleNav/project_ws/src/telerobot_controller/build/telerobot_controller/install.log --single-version-externally-managed install_data
