-- Install configuration: ""
-- Execute custom install script
-- Up-to-date symlink: /media/ros/fedora/home/maylis/Dokumente/TeleNav/simulation_ws/src/simulation_bringup/install/simulation_bringup/share/simulation_bringup/launch/build/.built_by
-- Up-to-date symlink: /media/ros/fedora/home/maylis/Dokumente/TeleNav/simulation_ws/src/simulation_bringup/install/simulation_bringup/share/simulation_bringup/launch/build/COLCON_IGNORE
-- Up-to-date symlink: /media/ros/fedora/home/maylis/Dokumente/TeleNav/simulation_ws/src/simulation_bringup/install/simulation_bringup/share/simulation_bringup/launch/course_simple.launch.xml
-- Up-to-date symlink: /media/ros/fedora/home/maylis/Dokumente/TeleNav/simulation_ws/src/simulation_bringup/install/simulation_bringup/share/simulation_bringup/launch/install/.colcon_install_layout
-- Up-to-date symlink: /media/ros/fedora/home/maylis/Dokumente/TeleNav/simulation_ws/src/simulation_bringup/install/simulation_bringup/share/simulation_bringup/launch/install/COLCON_IGNORE
-- Up-to-date symlink: /media/ros/fedora/home/maylis/Dokumente/TeleNav/simulation_ws/src/simulation_bringup/install/simulation_bringup/share/simulation_bringup/launch/install/_local_setup_util_ps1.py
-- Up-to-date symlink: /media/ros/fedora/home/maylis/Dokumente/TeleNav/simulation_ws/src/simulation_bringup/install/simulation_bringup/share/simulation_bringup/launch/install/_local_setup_util_sh.py
-- Up-to-date symlink: /media/ros/fedora/home/maylis/Dokumente/TeleNav/simulation_ws/src/simulation_bringup/install/simulation_bringup/share/simulation_bringup/launch/install/local_setup.bash
-- Up-to-date symlink: /media/ros/fedora/home/maylis/Dokumente/TeleNav/simulation_ws/src/simulation_bringup/install/simulation_bringup/share/simulation_bringup/launch/install/local_setup.ps1
-- Up-to-date symlink: /media/ros/fedora/home/maylis/Dokumente/TeleNav/simulation_ws/src/simulation_bringup/install/simulation_bringup/share/simulation_bringup/launch/install/local_setup.sh
-- Up-to-date symlink: /media/ros/fedora/home/maylis/Dokumente/TeleNav/simulation_ws/src/simulation_bringup/install/simulation_bringup/share/simulation_bringup/launch/install/local_setup.zsh
-- Up-to-date symlink: /media/ros/fedora/home/maylis/Dokumente/TeleNav/simulation_ws/src/simulation_bringup/install/simulation_bringup/share/simulation_bringup/launch/install/setup.bash
-- Up-to-date symlink: /media/ros/fedora/home/maylis/Dokumente/TeleNav/simulation_ws/src/simulation_bringup/install/simulation_bringup/share/simulation_bringup/launch/install/setup.ps1
-- Up-to-date symlink: /media/ros/fedora/home/maylis/Dokumente/TeleNav/simulation_ws/src/simulation_bringup/install/simulation_bringup/share/simulation_bringup/launch/install/setup.sh
-- Up-to-date symlink: /media/ros/fedora/home/maylis/Dokumente/TeleNav/simulation_ws/src/simulation_bringup/install/simulation_bringup/share/simulation_bringup/launch/install/setup.zsh
-- Up-to-date symlink: /media/ros/fedora/home/maylis/Dokumente/TeleNav/simulation_ws/src/simulation_bringup/install/simulation_bringup/share/simulation_bringup/launch/log/COLCON_IGNORE
-- Up-to-date symlink: /media/ros/fedora/home/maylis/Dokumente/TeleNav/simulation_ws/src/simulation_bringup/install/simulation_bringup/share/simulation_bringup/launch/log/build_2025-07-08_14-21-47/events.log
-- Up-to-date symlink: /media/ros/fedora/home/maylis/Dokumente/TeleNav/simulation_ws/src/simulation_bringup/install/simulation_bringup/share/simulation_bringup/launch/log/build_2025-07-08_14-21-47/logger_all.log
-- Up-to-date symlink: /media/ros/fedora/home/maylis/Dokumente/TeleNav/simulation_ws/src/simulation_bringup/install/simulation_bringup/share/simulation_bringup/launch/log/latest/events.log
-- Up-to-date symlink: /media/ros/fedora/home/maylis/Dokumente/TeleNav/simulation_ws/src/simulation_bringup/install/simulation_bringup/share/simulation_bringup/launch/log/latest/logger_all.log
-- Up-to-date symlink: /media/ros/fedora/home/maylis/Dokumente/TeleNav/simulation_ws/src/simulation_bringup/install/simulation_bringup/share/simulation_bringup/launch/log/latest_build/events.log
-- Up-to-date symlink: /media/ros/fedora/home/maylis/Dokumente/TeleNav/simulation_ws/src/simulation_bringup/install/simulation_bringup/share/simulation_bringup/launch/log/latest_build/logger_all.log
-- Up-to-date symlink: /media/ros/fedora/home/maylis/Dokumente/TeleNav/simulation_ws/src/simulation_bringup/install/simulation_bringup/share/simulation_bringup/launch/simple.launch.xml
-- Up-to-date symlink: /media/ros/fedora/home/maylis/Dokumente/TeleNav/simulation_ws/src/simulation_bringup/install/simulation_bringup/share/simulation_bringup/launch/simulation_gazebo_launch.xml
-- Up-to-date symlink: /media/ros/fedora/home/maylis/Dokumente/TeleNav/simulation_ws/src/simulation_bringup/install/simulation_bringup/share/ament_index/resource_index/package_run_dependencies/simulation_bringup
-- Up-to-date symlink: /media/ros/fedora/home/maylis/Dokumente/TeleNav/simulation_ws/src/simulation_bringup/install/simulation_bringup/share/ament_index/resource_index/parent_prefix_path/simulation_bringup
-- Up-to-date symlink: /media/ros/fedora/home/maylis/Dokumente/TeleNav/simulation_ws/src/simulation_bringup/install/simulation_bringup/share/simulation_bringup/environment/ament_prefix_path.sh
-- Up-to-date symlink: /media/ros/fedora/home/maylis/Dokumente/TeleNav/simulation_ws/src/simulation_bringup/install/simulation_bringup/share/simulation_bringup/environment/ament_prefix_path.dsv
-- Up-to-date symlink: /media/ros/fedora/home/maylis/Dokumente/TeleNav/simulation_ws/src/simulation_bringup/install/simulation_bringup/share/simulation_bringup/environment/path.sh
-- Up-to-date symlink: /media/ros/fedora/home/maylis/Dokumente/TeleNav/simulation_ws/src/simulation_bringup/install/simulation_bringup/share/simulation_bringup/environment/path.dsv
-- Up-to-date symlink: /media/ros/fedora/home/maylis/Dokumente/TeleNav/simulation_ws/src/simulation_bringup/install/simulation_bringup/share/simulation_bringup/local_setup.bash
-- Up-to-date symlink: /media/ros/fedora/home/maylis/Dokumente/TeleNav/simulation_ws/src/simulation_bringup/install/simulation_bringup/share/simulation_bringup/local_setup.sh
-- Up-to-date symlink: /media/ros/fedora/home/maylis/Dokumente/TeleNav/simulation_ws/src/simulation_bringup/install/simulation_bringup/share/simulation_bringup/local_setup.zsh
-- Up-to-date symlink: /media/ros/fedora/home/maylis/Dokumente/TeleNav/simulation_ws/src/simulation_bringup/install/simulation_bringup/share/simulation_bringup/local_setup.dsv
-- Symlinking: /media/ros/fedora/home/maylis/Dokumente/TeleNav/simulation_ws/src/simulation_bringup/install/simulation_bringup/share/simulation_bringup/package.dsv
-- Up-to-date symlink: /media/ros/fedora/home/maylis/Dokumente/TeleNav/simulation_ws/src/simulation_bringup/install/simulation_bringup/share/ament_index/resource_index/packages/simulation_bringup
-- Up-to-date symlink: /media/ros/fedora/home/maylis/Dokumente/TeleNav/simulation_ws/src/simulation_bringup/install/simulation_bringup/share/simulation_bringup/cmake/simulation_bringupConfig.cmake
-- Up-to-date symlink: /media/ros/fedora/home/maylis/Dokumente/TeleNav/simulation_ws/src/simulation_bringup/install/simulation_bringup/share/simulation_bringup/cmake/simulation_bringupConfig-version.cmake
-- Up-to-date symlink: /media/ros/fedora/home/maylis/Dokumente/TeleNav/simulation_ws/src/simulation_bringup/install/simulation_bringup/share/simulation_bringup/package.xml
