[0.013s] Invoking command in '/media/ros/fedora/home/maylis/Dokumente/TeleNav/simulation_ws/build/my_robot_description': CMAKE_PREFIX_PATH=${CMAKE_PREFIX_PATH}:/media/ros/fedora/home/maylis/Dokumente/TeleNav/install/turtle_spawner:/media/ros/fedora/home/maylis/Dokumente/TeleNav/install/turtle_controller:/media/ros/fedora/home/maylis/Dokumente/TeleNav/install/my_robot_controller:/opt/ros/humble /usr/bin/cmake --build /media/ros/fedora/home/maylis/Dokumente/TeleNav/simulation_ws/build/my_robot_description -- -j6 -l6
[0.031s] -- Found ament_cmake: 1.3.11 (/opt/ros/humble/share/ament_cmake/cmake)
[0.148s] -- Override CMake install command with custom implementation using symlinks instead of copying resources
[0.164s] -- Found xacro: 2.0.8 (/opt/ros/humble/share/xacro/cmake)
[0.231s] -- Configuring done
[0.237s] -- Generating done
[0.241s] -- Build files have been written to: /media/ros/fedora/home/maylis/Dokumente/TeleNav/simulation_ws/build/my_robot_description
[0.274s] [100%] Built target generate_urdf
[0.291s] Invoked command in '/media/ros/fedora/home/maylis/Dokumente/TeleNav/simulation_ws/build/my_robot_description' returned '0': CMAKE_PREFIX_PATH=${CMAKE_PREFIX_PATH}:/media/ros/fedora/home/maylis/Dokumente/TeleNav/install/turtle_spawner:/media/ros/fedora/home/maylis/Dokumente/TeleNav/install/turtle_controller:/media/ros/fedora/home/maylis/Dokumente/TeleNav/install/my_robot_controller:/opt/ros/humble /usr/bin/cmake --build /media/ros/fedora/home/maylis/Dokumente/TeleNav/simulation_ws/build/my_robot_description -- -j6 -l6
[0.301s] Invoking command in '/media/ros/fedora/home/maylis/Dokumente/TeleNav/simulation_ws/build/my_robot_description': CMAKE_PREFIX_PATH=${CMAKE_PREFIX_PATH}:/media/ros/fedora/home/maylis/Dokumente/TeleNav/install/turtle_spawner:/media/ros/fedora/home/maylis/Dokumente/TeleNav/install/turtle_controller:/media/ros/fedora/home/maylis/Dokumente/TeleNav/install/my_robot_controller:/opt/ros/humble /usr/bin/cmake --install /media/ros/fedora/home/maylis/Dokumente/TeleNav/simulation_ws/build/my_robot_description
[0.313s] -- Install configuration: ""
[0.314s] -- Execute custom install script
[0.315s] -- Up-to-date symlink: /media/ros/fedora/home/maylis/Dokumente/TeleNav/simulation_ws/install/my_robot_description/share/my_robot_description//urdf/common_properties.xacro
[0.316s] -- Up-to-date symlink: /media/ros/fedora/home/maylis/Dokumente/TeleNav/simulation_ws/install/my_robot_description/share/my_robot_description//urdf/mobile_base.xacro
[0.316s] -- Up-to-date symlink: /media/ros/fedora/home/maylis/Dokumente/TeleNav/simulation_ws/install/my_robot_description/share/my_robot_description//urdf/mosro.xacro
[0.316s] -- Up-to-date symlink: /media/ros/fedora/home/maylis/Dokumente/TeleNav/simulation_ws/install/my_robot_description/share/my_robot_description//urdf/robot.urdf
[0.316s] -- Up-to-date symlink: /media/ros/fedora/home/maylis/Dokumente/TeleNav/simulation_ws/install/my_robot_description/share/my_robot_description//urdf/robot.urdf.xacro
[0.317s] -- Symlinking: /media/ros/fedora/home/maylis/Dokumente/TeleNav/simulation_ws/install/my_robot_description/share/my_robot_description//urdf_course/common_properties.xacro
[0.326s] -- Symlinking: /media/ros/fedora/home/maylis/Dokumente/TeleNav/simulation_ws/install/my_robot_description/share/my_robot_description//urdf_course/mobile_base.xacro
[0.334s] -- Symlinking: /media/ros/fedora/home/maylis/Dokumente/TeleNav/simulation_ws/install/my_robot_description/share/my_robot_description//urdf_course/my_robot.urdf.xacro
[0.342s] -- Up-to-date symlink: /media/ros/fedora/home/maylis/Dokumente/TeleNav/simulation_ws/install/my_robot_description/share/my_robot_description//launch/display.launch.xml
[0.342s] -- Up-to-date symlink: /media/ros/fedora/home/maylis/Dokumente/TeleNav/simulation_ws/install/my_robot_description/share/my_robot_description//launch/mosro.launch copy.xml
[0.343s] -- Up-to-date symlink: /media/ros/fedora/home/maylis/Dokumente/TeleNav/simulation_ws/install/my_robot_description/share/my_robot_description//meshes/mosro.stl
[0.343s] -- Up-to-date symlink: /media/ros/fedora/home/maylis/Dokumente/TeleNav/simulation_ws/install/my_robot_description/share/my_robot_description//rviz/robot.rviz
[0.344s] -- Up-to-date symlink: /media/ros/fedora/home/maylis/Dokumente/TeleNav/simulation_ws/install/my_robot_description/share/my_robot_description/urdf/robot.urdf
[0.344s] -- Up-to-date symlink: /media/ros/fedora/home/maylis/Dokumente/TeleNav/simulation_ws/install/my_robot_description/share/ament_index/resource_index/package_run_dependencies/my_robot_description
[0.344s] -- Up-to-date symlink: /media/ros/fedora/home/maylis/Dokumente/TeleNav/simulation_ws/install/my_robot_description/share/ament_index/resource_index/parent_prefix_path/my_robot_description
[0.345s] -- Up-to-date symlink: /media/ros/fedora/home/maylis/Dokumente/TeleNav/simulation_ws/install/my_robot_description/share/my_robot_description/environment/ament_prefix_path.sh
[0.345s] -- Up-to-date symlink: /media/ros/fedora/home/maylis/Dokumente/TeleNav/simulation_ws/install/my_robot_description/share/my_robot_description/environment/ament_prefix_path.dsv
[0.345s] -- Up-to-date symlink: /media/ros/fedora/home/maylis/Dokumente/TeleNav/simulation_ws/install/my_robot_description/share/my_robot_description/environment/path.sh
[0.345s] -- Up-to-date symlink: /media/ros/fedora/home/maylis/Dokumente/TeleNav/simulation_ws/install/my_robot_description/share/my_robot_description/environment/path.dsv
[0.345s] -- Up-to-date symlink: /media/ros/fedora/home/maylis/Dokumente/TeleNav/simulation_ws/install/my_robot_description/share/my_robot_description/local_setup.bash
[0.345s] -- Up-to-date symlink: /media/ros/fedora/home/maylis/Dokumente/TeleNav/simulation_ws/install/my_robot_description/share/my_robot_description/local_setup.sh
[0.346s] -- Up-to-date symlink: /media/ros/fedora/home/maylis/Dokumente/TeleNav/simulation_ws/install/my_robot_description/share/my_robot_description/local_setup.zsh
[0.346s] -- Up-to-date symlink: /media/ros/fedora/home/maylis/Dokumente/TeleNav/simulation_ws/install/my_robot_description/share/my_robot_description/local_setup.dsv
[0.346s] -- Symlinking: /media/ros/fedora/home/maylis/Dokumente/TeleNav/simulation_ws/install/my_robot_description/share/my_robot_description/package.dsv
[0.356s] -- Up-to-date symlink: /media/ros/fedora/home/maylis/Dokumente/TeleNav/simulation_ws/install/my_robot_description/share/ament_index/resource_index/packages/my_robot_description
[0.356s] -- Up-to-date symlink: /media/ros/fedora/home/maylis/Dokumente/TeleNav/simulation_ws/install/my_robot_description/share/my_robot_description/cmake/my_robot_descriptionConfig.cmake
[0.356s] -- Up-to-date symlink: /media/ros/fedora/home/maylis/Dokumente/TeleNav/simulation_ws/install/my_robot_description/share/my_robot_description/cmake/my_robot_descriptionConfig-version.cmake
[0.356s] -- Up-to-date symlink: /media/ros/fedora/home/maylis/Dokumente/TeleNav/simulation_ws/install/my_robot_description/share/my_robot_description/package.xml
[0.358s] Invoked command in '/media/ros/fedora/home/maylis/Dokumente/TeleNav/simulation_ws/build/my_robot_description' returned '0': CMAKE_PREFIX_PATH=${CMAKE_PREFIX_PATH}:/media/ros/fedora/home/maylis/Dokumente/TeleNav/install/turtle_spawner:/media/ros/fedora/home/maylis/Dokumente/TeleNav/install/turtle_controller:/media/ros/fedora/home/maylis/Dokumente/TeleNav/install/my_robot_controller:/opt/ros/humble /usr/bin/cmake --install /media/ros/fedora/home/maylis/Dokumente/TeleNav/simulation_ws/build/my_robot_description
