[0.031s] Invoking command in '/media/ros/fedora/home/maylis/Dokumente/TeleNav/ros2_udemy_ws/src/build/cpp_package': CMAKE_PREFIX_PATH=${CMAKE_PREFIX_PATH}:/media/ros/fedora/home/maylis/Dokumente/TeleNav/ros2_udemy_ws/install/my_robot_controller:/opt/ros/humble /usr/bin/cmake /media/ros/fedora/home/maylis/Dokumente/TeleNav/ros2_udemy_ws/src/cpp_package -DCMAKE_INSTALL_PREFIX=/media/ros/fedora/home/maylis/Dokumente/TeleNav/ros2_udemy_ws/src/install/cpp_package
[0.422s] -- The C compiler identification is GNU 11.4.0
[0.422s] -- The CXX compiler identification is GNU 11.4.0
[0.423s] -- Detecting C compiler ABI info
[0.448s] -- Detecting C compiler ABI info - done
[0.460s] -- Check for working C compiler: /usr/bin/cc - skipped
[0.460s] -- Detecting C compile features
[0.462s] -- Detecting C compile features - done
[0.470s] -- Detecting CXX compiler ABI info
[0.590s] -- Detecting CXX compiler ABI info - done
[0.611s] -- Check for working CXX compiler: /usr/bin/c++ - skipped
[0.612s] -- Detecting CXX compile features
[0.615s] -- Detecting CXX compile features - done
[0.622s] -- Found ament_cmake: 1.3.11 (/opt/ros/humble/share/ament_cmake/cmake)
[0.845s] -- Found Python3: /usr/bin/python3 (found version "3.10.12") found components: Interpreter 
[1.001s] -- Found rclcpp: 16.0.11 (/opt/ros/humble/share/rclcpp/cmake)
[1.060s] -- Found rosidl_generator_c: 3.1.6 (/opt/ros/humble/share/rosidl_generator_c/cmake)
[1.068s] -- Found rosidl_adapter: 3.1.6 (/opt/ros/humble/share/rosidl_adapter/cmake)
[1.080s] -- Found rosidl_generator_cpp: 3.1.6 (/opt/ros/humble/share/rosidl_generator_cpp/cmake)
[1.098s] -- Using all available rosidl_typesupport_c: rosidl_typesupport_fastrtps_c;rosidl_typesupport_introspection_c
[1.124s] -- Using all available rosidl_typesupport_cpp: rosidl_typesupport_fastrtps_cpp;rosidl_typesupport_introspection_cpp
[1.187s] -- Found rmw_implementation_cmake: 6.1.2 (/opt/ros/humble/share/rmw_implementation_cmake/cmake)
[1.190s] -- Found rmw_fastrtps_cpp: 6.2.7 (/opt/ros/humble/share/rmw_fastrtps_cpp/cmake)
[1.339s] -- Found OpenSSL: /usr/lib/x86_64-linux-gnu/libcrypto.so (found version "3.0.2")  
[1.387s] -- Found FastRTPS: /opt/ros/humble/include  
[1.445s] -- Using RMW implementation 'rmw_fastrtps_cpp' as default
[1.459s] -- Looking for pthread.h
[1.570s] -- Looking for pthread.h - found
[1.570s] -- Performing Test CMAKE_HAVE_LIBC_PTHREAD
[1.684s] -- Performing Test CMAKE_HAVE_LIBC_PTHREAD - Success
[1.685s] -- Found Threads: TRUE  
[1.854s] -- Configuring done
[1.870s] -- Generating done
[1.876s] -- Build files have been written to: /media/ros/fedora/home/maylis/Dokumente/TeleNav/ros2_udemy_ws/src/build/cpp_package
[1.893s] Invoked command in '/media/ros/fedora/home/maylis/Dokumente/TeleNav/ros2_udemy_ws/src/build/cpp_package' returned '0': CMAKE_PREFIX_PATH=${CMAKE_PREFIX_PATH}:/media/ros/fedora/home/maylis/Dokumente/TeleNav/ros2_udemy_ws/install/my_robot_controller:/opt/ros/humble /usr/bin/cmake /media/ros/fedora/home/maylis/Dokumente/TeleNav/ros2_udemy_ws/src/cpp_package -DCMAKE_INSTALL_PREFIX=/media/ros/fedora/home/maylis/Dokumente/TeleNav/ros2_udemy_ws/src/install/cpp_package
[1.894s] Invoking command in '/media/ros/fedora/home/maylis/Dokumente/TeleNav/ros2_udemy_ws/src/build/cpp_package': CMAKE_PREFIX_PATH=${CMAKE_PREFIX_PATH}:/media/ros/fedora/home/maylis/Dokumente/TeleNav/ros2_udemy_ws/install/my_robot_controller:/opt/ros/humble /usr/bin/cmake --build /media/ros/fedora/home/maylis/Dokumente/TeleNav/ros2_udemy_ws/src/build/cpp_package -- -j6 -l6
[1.958s] [ 50%] [32mBuilding CXX object CMakeFiles/my_first_cpp_node.dir/src/my_first_cpp_note.cpp.o[0m
[5.806s] [100%] [32m[1mLinking CXX executable my_first_cpp_node[0m
[5.992s] [100%] Built target my_first_cpp_node
[6.005s] Invoked command in '/media/ros/fedora/home/maylis/Dokumente/TeleNav/ros2_udemy_ws/src/build/cpp_package' returned '0': CMAKE_PREFIX_PATH=${CMAKE_PREFIX_PATH}:/media/ros/fedora/home/maylis/Dokumente/TeleNav/ros2_udemy_ws/install/my_robot_controller:/opt/ros/humble /usr/bin/cmake --build /media/ros/fedora/home/maylis/Dokumente/TeleNav/ros2_udemy_ws/src/build/cpp_package -- -j6 -l6
[6.008s] Invoking command in '/media/ros/fedora/home/maylis/Dokumente/TeleNav/ros2_udemy_ws/src/build/cpp_package': CMAKE_PREFIX_PATH=${CMAKE_PREFIX_PATH}:/media/ros/fedora/home/maylis/Dokumente/TeleNav/ros2_udemy_ws/install/my_robot_controller:/opt/ros/humble /usr/bin/cmake --install /media/ros/fedora/home/maylis/Dokumente/TeleNav/ros2_udemy_ws/src/build/cpp_package
[6.017s] -- Install configuration: ""
[6.017s] -- Installing: /media/ros/fedora/home/maylis/Dokumente/TeleNav/ros2_udemy_ws/src/install/cpp_package/lib/cpp_package/my_first_cpp_node
[6.024s] -- Set runtime path of "/media/ros/fedora/home/maylis/Dokumente/TeleNav/ros2_udemy_ws/src/install/cpp_package/lib/cpp_package/my_first_cpp_node" to ""
[6.024s] -- Installing: /media/ros/fedora/home/maylis/Dokumente/TeleNav/ros2_udemy_ws/src/install/cpp_package/share/ament_index/resource_index/package_run_dependencies/cpp_package
[6.025s] -- Installing: /media/ros/fedora/home/maylis/Dokumente/TeleNav/ros2_udemy_ws/src/install/cpp_package/share/ament_index/resource_index/parent_prefix_path/cpp_package
[6.025s] -- Installing: /media/ros/fedora/home/maylis/Dokumente/TeleNav/ros2_udemy_ws/src/install/cpp_package/share/cpp_package/environment/ament_prefix_path.sh
[6.025s] -- Installing: /media/ros/fedora/home/maylis/Dokumente/TeleNav/ros2_udemy_ws/src/install/cpp_package/share/cpp_package/environment/ament_prefix_path.dsv
[6.025s] -- Installing: /media/ros/fedora/home/maylis/Dokumente/TeleNav/ros2_udemy_ws/src/install/cpp_package/share/cpp_package/environment/path.sh
[6.026s] -- Installing: /media/ros/fedora/home/maylis/Dokumente/TeleNav/ros2_udemy_ws/src/install/cpp_package/share/cpp_package/environment/path.dsv
[6.026s] -- Installing: /media/ros/fedora/home/maylis/Dokumente/TeleNav/ros2_udemy_ws/src/install/cpp_package/share/cpp_package/local_setup.bash
[6.026s] -- Installing: /media/ros/fedora/home/maylis/Dokumente/TeleNav/ros2_udemy_ws/src/install/cpp_package/share/cpp_package/local_setup.sh
[6.026s] -- Installing: /media/ros/fedora/home/maylis/Dokumente/TeleNav/ros2_udemy_ws/src/install/cpp_package/share/cpp_package/local_setup.zsh
[6.026s] -- Installing: /media/ros/fedora/home/maylis/Dokumente/TeleNav/ros2_udemy_ws/src/install/cpp_package/share/cpp_package/local_setup.dsv
[6.026s] -- Installing: /media/ros/fedora/home/maylis/Dokumente/TeleNav/ros2_udemy_ws/src/install/cpp_package/share/cpp_package/package.dsv
[6.027s] -- Installing: /media/ros/fedora/home/maylis/Dokumente/TeleNav/ros2_udemy_ws/src/install/cpp_package/share/ament_index/resource_index/packages/cpp_package
[6.027s] -- Installing: /media/ros/fedora/home/maylis/Dokumente/TeleNav/ros2_udemy_ws/src/install/cpp_package/share/cpp_package/cmake/cpp_packageConfig.cmake
[6.027s] -- Installing: /media/ros/fedora/home/maylis/Dokumente/TeleNav/ros2_udemy_ws/src/install/cpp_package/share/cpp_package/cmake/cpp_packageConfig-version.cmake
[6.028s] -- Installing: /media/ros/fedora/home/maylis/Dokumente/TeleNav/ros2_udemy_ws/src/install/cpp_package/share/cpp_package/package.xml
[6.030s] Invoked command in '/media/ros/fedora/home/maylis/Dokumente/TeleNav/ros2_udemy_ws/src/build/cpp_package' returned '0': CMAKE_PREFIX_PATH=${CMAKE_PREFIX_PATH}:/media/ros/fedora/home/maylis/Dokumente/TeleNav/ros2_udemy_ws/install/my_robot_controller:/opt/ros/humble /usr/bin/cmake --install /media/ros/fedora/home/maylis/Dokumente/TeleNav/ros2_udemy_ws/src/build/cpp_package
