[0.022s] Invoking command in '/media/ros/fedora/home/maylis/Dokumente/TeleNav/bumberbot_ws/src/build/bumperbot_cpp_examples': CMAKE_PREFIX_PATH=${CMAKE_PREFIX_PATH}:/media/ros/fedora/home/maylis/Dokumente/TeleNav/bumberbot_ws/install/bumperbot_py_examples:/opt/ros/iron /usr/bin/cmake --build /media/ros/fedora/home/maylis/Dokumente/TeleNav/bumberbot_ws/src/build/bumperbot_cpp_examples -- -j6 -l6
[0.271s] Invoked command in '/media/ros/fedora/home/maylis/Dokumente/TeleNav/bumberbot_ws/src/build/bumperbot_cpp_examples' returned '0': CMAKE_PREFIX_PATH=${CMAKE_PREFIX_PATH}:/media/ros/fedora/home/maylis/Dokumente/TeleNav/bumberbot_ws/install/bumperbot_py_examples:/opt/ros/iron /usr/bin/cmake --build /media/ros/fedora/home/maylis/Dokumente/TeleNav/bumberbot_ws/src/build/bumperbot_cpp_examples -- -j6 -l6
[0.279s] Invoking command in '/media/ros/fedora/home/maylis/Dokumente/TeleNav/bumberbot_ws/src/build/bumperbot_cpp_examples': CMAKE_PREFIX_PATH=${CMAKE_PREFIX_PATH}:/media/ros/fedora/home/maylis/Dokumente/TeleNav/bumberbot_ws/install/bumperbot_py_examples:/opt/ros/iron /usr/bin/cmake --install /media/ros/fedora/home/maylis/Dokumente/TeleNav/bumberbot_ws/src/build/bumperbot_cpp_examples
[0.288s] -- Install configuration: ""
[0.289s] -- Up-to-date: /media/ros/fedora/home/maylis/Dokumente/TeleNav/bumberbot_ws/src/install/bumperbot_cpp_examples/share/ament_index/resource_index/package_run_dependencies/bumperbot_cpp_examples
[0.289s] -- Up-to-date: /media/ros/fedora/home/maylis/Dokumente/TeleNav/bumberbot_ws/src/install/bumperbot_cpp_examples/share/ament_index/resource_index/parent_prefix_path/bumperbot_cpp_examples
[0.289s] -- Up-to-date: /media/ros/fedora/home/maylis/Dokumente/TeleNav/bumberbot_ws/src/install/bumperbot_cpp_examples/share/bumperbot_cpp_examples/environment/ament_prefix_path.sh
[0.289s] -- Up-to-date: /media/ros/fedora/home/maylis/Dokumente/TeleNav/bumberbot_ws/src/install/bumperbot_cpp_examples/share/bumperbot_cpp_examples/environment/ament_prefix_path.dsv
[0.289s] -- Up-to-date: /media/ros/fedora/home/maylis/Dokumente/TeleNav/bumberbot_ws/src/install/bumperbot_cpp_examples/share/bumperbot_cpp_examples/environment/path.sh
[0.289s] -- Up-to-date: /media/ros/fedora/home/maylis/Dokumente/TeleNav/bumberbot_ws/src/install/bumperbot_cpp_examples/share/bumperbot_cpp_examples/environment/path.dsv
[0.289s] -- Up-to-date: /media/ros/fedora/home/maylis/Dokumente/TeleNav/bumberbot_ws/src/install/bumperbot_cpp_examples/share/bumperbot_cpp_examples/local_setup.bash
[0.290s] -- Up-to-date: /media/ros/fedora/home/maylis/Dokumente/TeleNav/bumberbot_ws/src/install/bumperbot_cpp_examples/share/bumperbot_cpp_examples/local_setup.sh
[0.290s] -- Up-to-date: /media/ros/fedora/home/maylis/Dokumente/TeleNav/bumberbot_ws/src/install/bumperbot_cpp_examples/share/bumperbot_cpp_examples/local_setup.zsh
[0.290s] -- Up-to-date: /media/ros/fedora/home/maylis/Dokumente/TeleNav/bumberbot_ws/src/install/bumperbot_cpp_examples/share/bumperbot_cpp_examples/local_setup.dsv
[0.290s] -- Up-to-date: /media/ros/fedora/home/maylis/Dokumente/TeleNav/bumberbot_ws/src/install/bumperbot_cpp_examples/share/bumperbot_cpp_examples/package.dsv
[0.290s] -- Up-to-date: /media/ros/fedora/home/maylis/Dokumente/TeleNav/bumberbot_ws/src/install/bumperbot_cpp_examples/share/ament_index/resource_index/packages/bumperbot_cpp_examples
[0.290s] -- Up-to-date: /media/ros/fedora/home/maylis/Dokumente/TeleNav/bumberbot_ws/src/install/bumperbot_cpp_examples/share/bumperbot_cpp_examples/cmake/bumperbot_cpp_examplesConfig.cmake
[0.290s] -- Up-to-date: /media/ros/fedora/home/maylis/Dokumente/TeleNav/bumberbot_ws/src/install/bumperbot_cpp_examples/share/bumperbot_cpp_examples/cmake/bumperbot_cpp_examplesConfig-version.cmake
[0.290s] -- Up-to-date: /media/ros/fedora/home/maylis/Dokumente/TeleNav/bumberbot_ws/src/install/bumperbot_cpp_examples/share/bumperbot_cpp_examples/package.xml
[0.292s] Invoked command in '/media/ros/fedora/home/maylis/Dokumente/TeleNav/bumberbot_ws/src/build/bumperbot_cpp_examples' returned '0': CMAKE_PREFIX_PATH=${CMAKE_PREFIX_PATH}:/media/ros/fedora/home/maylis/Dokumente/TeleNav/bumberbot_ws/install/bumperbot_py_examples:/opt/ros/iron /usr/bin/cmake --install /media/ros/fedora/home/maylis/Dokumente/TeleNav/bumberbot_ws/src/build/bumperbot_cpp_examples
