[0.041s] Invoking command in '/media/ros/fedora/home/maylis/Dokumente/TeleNav/build/turtle_interfaces': CMAKE_PREFIX_PATH=/opt/ros/humble /usr/bin/cmake --build /media/ros/fedora/home/maylis/Dokumente/TeleNav/build/turtle_interfaces -- -j6 -l6
[0.463s] [  2%] [32mBuilding C object CMakeFiles/turtle_interfaces__rosidl_generator_c.dir/rosidl_generator_c/turtle_interfaces/srv/detail/catch__functions.c.o[0m
[0.465s] [  4%] [32mBuilding C object CMakeFiles/turtle_interfaces__rosidl_generator_c.dir/rosidl_generator_c/turtle_interfaces/msg/detail/turtle_position__functions.c.o[0m
[0.467s] [  6%] [32mBuilding C object CMakeFiles/turtle_interfaces__rosidl_generator_c.dir/rosidl_generator_c/turtle_interfaces/msg/detail/turtles_alive__functions.c.o[0m
[0.468s] [  8%] Built target turtle_interfaces__cpp
[0.469s] [  8%] Built target ament_cmake_python_copy_turtle_interfaces
[0.475s] [ 10%] [32mBuilding CXX object CMakeFiles/turtle_interfaces__rosidl_typesupport_introspection_cpp.dir/rosidl_typesupport_introspection_cpp/turtle_interfaces/msg/detail/turtle_position__type_support.cpp.o[0m
[0.477s] [ 12%] [32mBuilding CXX object CMakeFiles/turtle_interfaces__rosidl_typesupport_fastrtps_cpp.dir/rosidl_typesupport_fastrtps_cpp/turtle_interfaces/msg/detail/dds_fastrtps/turtle_position__type_support.cpp.o[0m
[0.478s] [ 14%] [32mBuilding CXX object CMakeFiles/turtle_interfaces__rosidl_typesupport_cpp.dir/rosidl_typesupport_cpp/turtle_interfaces/msg/turtle_position__type_support.cpp.o[0m
[0.479s] [ 17%] [32m[1mLinking C shared library libturtle_interfaces__rosidl_generator_c.so[0m
[0.480s] [ 19%] [32mBuilding CXX object CMakeFiles/turtle_interfaces__rosidl_typesupport_fastrtps_cpp.dir/rosidl_typesupport_fastrtps_cpp/turtle_interfaces/msg/detail/dds_fastrtps/turtles_alive__type_support.cpp.o[0m
[0.480s] [ 21%] Built target turtle_interfaces__rosidl_generator_c
[0.480s] [ 23%] [32mBuilding CXX object CMakeFiles/turtle_interfaces__rosidl_typesupport_cpp.dir/rosidl_typesupport_cpp/turtle_interfaces/msg/turtles_alive__type_support.cpp.o[0m
[0.580s] running egg_info
[0.580s] writing turtle_interfaces.egg-info/PKG-INFO
[0.587s] writing dependency_links to turtle_interfaces.egg-info/dependency_links.txt
[0.587s] writing top-level names to turtle_interfaces.egg-info/top_level.txt
[0.587s] reading manifest file 'turtle_interfaces.egg-info/SOURCES.txt'
[0.587s] writing manifest file 'turtle_interfaces.egg-info/SOURCES.txt'
[0.624s] [ 25%] [32mBuilding CXX object CMakeFiles/turtle_interfaces__rosidl_typesupport_introspection_cpp.dir/rosidl_typesupport_introspection_cpp/turtle_interfaces/msg/detail/turtles_alive__type_support.cpp.o[0m
[0.731s] [ 25%] Built target ament_cmake_python_build_turtle_interfaces_egg
[0.852s] [ 27%] [32mBuilding CXX object CMakeFiles/turtle_interfaces__rosidl_typesupport_fastrtps_cpp.dir/rosidl_typesupport_fastrtps_cpp/turtle_interfaces/srv/detail/dds_fastrtps/catch__type_support.cpp.o[0m
[0.853s] [ 29%] [32mBuilding CXX object CMakeFiles/turtle_interfaces__rosidl_typesupport_fastrtps_c.dir/rosidl_typesupport_fastrtps_c/turtle_interfaces/msg/detail/turtle_position__type_support_c.cpp.o[0m
[0.895s] [ 31%] [32mBuilding CXX object CMakeFiles/turtle_interfaces__rosidl_typesupport_cpp.dir/rosidl_typesupport_cpp/turtle_interfaces/srv/catch__type_support.cpp.o[0m
[1.145s] [ 34%] [32mBuilding C object CMakeFiles/turtle_interfaces__rosidl_typesupport_introspection_c.dir/rosidl_typesupport_introspection_c/turtle_interfaces/msg/detail/turtle_position__type_support.c.o[0m
[1.245s] [ 36%] [32mBuilding CXX object CMakeFiles/turtle_interfaces__rosidl_typesupport_c.dir/rosidl_typesupport_c/turtle_interfaces/msg/turtle_position__type_support.cpp.o[0m
[1.338s] [ 38%] [32mBuilding C object CMakeFiles/turtle_interfaces__rosidl_typesupport_introspection_c.dir/rosidl_typesupport_introspection_c/turtle_interfaces/msg/detail/turtles_alive__type_support.c.o[0m
[1.371s] [ 40%] [32mBuilding CXX object CMakeFiles/turtle_interfaces__rosidl_typesupport_c.dir/rosidl_typesupport_c/turtle_interfaces/msg/turtles_alive__type_support.cpp.o[0m
[1.525s] [ 42%] [32mBuilding CXX object CMakeFiles/turtle_interfaces__rosidl_typesupport_c.dir/rosidl_typesupport_c/turtle_interfaces/srv/catch__type_support.cpp.o[0m
[1.530s] [ 44%] [32mBuilding C object CMakeFiles/turtle_interfaces__rosidl_typesupport_introspection_c.dir/rosidl_typesupport_introspection_c/turtle_interfaces/srv/detail/catch__type_support.c.o[0m
[1.626s] [ 46%] [32m[1mLinking CXX shared library libturtle_interfaces__rosidl_typesupport_fastrtps_cpp.so[0m
[1.724s] [ 48%] [32m[1mLinking CXX shared library libturtle_interfaces__rosidl_typesupport_c.so[0m
[1.790s] [ 51%] [32m[1mLinking C shared library libturtle_interfaces__rosidl_typesupport_introspection_c.so[0m
[1.859s] [ 53%] Built target turtle_interfaces__rosidl_typesupport_introspection_c
[1.859s] [ 55%] Built target turtle_interfaces__rosidl_typesupport_fastrtps_cpp
[1.868s] [ 57%] [32mBuilding CXX object CMakeFiles/turtle_interfaces__rosidl_typesupport_introspection_cpp.dir/rosidl_typesupport_introspection_cpp/turtle_interfaces/srv/detail/catch__type_support.cpp.o[0m
[1.879s] [ 59%] [32m[1mLinking CXX shared library libturtle_interfaces__rosidl_typesupport_cpp.so[0m
[1.906s] [ 61%] [32mBuilding CXX object CMakeFiles/turtle_interfaces__rosidl_typesupport_fastrtps_c.dir/rosidl_typesupport_fastrtps_c/turtle_interfaces/msg/detail/turtles_alive__type_support_c.cpp.o[0m
[2.005s] [ 63%] Built target turtle_interfaces__rosidl_typesupport_c
[2.019s] [ 65%] Built target turtle_interfaces__rosidl_typesupport_cpp
[2.035s] [ 68%] [32mBuilding CXX object CMakeFiles/turtle_interfaces__rosidl_typesupport_fastrtps_c.dir/rosidl_typesupport_fastrtps_c/turtle_interfaces/srv/detail/catch__type_support_c.cpp.o[0m
[3.016s] [ 70%] [32m[1mLinking CXX shared library libturtle_interfaces__rosidl_typesupport_introspection_cpp.so[0m
[3.307s] [ 72%] Built target turtle_interfaces__rosidl_typesupport_introspection_cpp
[3.586s] [ 74%] [32m[1mLinking CXX shared library libturtle_interfaces__rosidl_typesupport_fastrtps_c.so[0m
[4.023s] [ 76%] Built target turtle_interfaces__rosidl_typesupport_fastrtps_c
[4.108s] [ 76%] Built target turtle_interfaces
[4.203s] [ 78%] Built target turtle_interfaces__py
[4.290s] [ 80%] [32mBuilding C object CMakeFiles/turtle_interfaces__rosidl_generator_py.dir/rosidl_generator_py/turtle_interfaces/msg/_turtle_position_s.c.o[0m
[4.309s] [ 82%] [32mBuilding C object CMakeFiles/turtle_interfaces__rosidl_generator_py.dir/rosidl_generator_py/turtle_interfaces/msg/_turtles_alive_s.c.o[0m
[4.346s] [ 85%] [32mBuilding C object CMakeFiles/turtle_interfaces__rosidl_generator_py.dir/rosidl_generator_py/turtle_interfaces/srv/_catch_s.c.o[0m
[4.711s] [ 87%] [32m[1mLinking C shared library rosidl_generator_py/turtle_interfaces/libturtle_interfaces__rosidl_generator_py.so[0m
[4.798s] [ 87%] Built target turtle_interfaces__rosidl_generator_py
[4.872s] [ 89%] [32mBuilding C object CMakeFiles/turtle_interfaces__rosidl_typesupport_c__pyext.dir/rosidl_generator_py/turtle_interfaces/_turtle_interfaces_s.ep.rosidl_typesupport_c.c.o[0m
[4.877s] [ 91%] [32mBuilding C object CMakeFiles/turtle_interfaces__rosidl_typesupport_introspection_c__pyext.dir/rosidl_generator_py/turtle_interfaces/_turtle_interfaces_s.ep.rosidl_typesupport_introspection_c.c.o[0m
[4.909s] [ 93%] [32mBuilding C object CMakeFiles/turtle_interfaces__rosidl_typesupport_fastrtps_c__pyext.dir/rosidl_generator_py/turtle_interfaces/_turtle_interfaces_s.ep.rosidl_typesupport_fastrtps_c.c.o[0m
[5.204s] [ 95%] [32m[1mLinking C shared library rosidl_generator_py/turtle_interfaces/turtle_interfaces_s__rosidl_typesupport_c.cpython-310-x86_64-linux-gnu.so[0m
[5.221s] [ 97%] [32m[1mLinking C shared library rosidl_generator_py/turtle_interfaces/turtle_interfaces_s__rosidl_typesupport_introspection_c.cpython-310-x86_64-linux-gnu.so[0m
[5.293s] [ 97%] Built target turtle_interfaces__rosidl_typesupport_introspection_c__pyext
[5.303s] [ 97%] Built target turtle_interfaces__rosidl_typesupport_c__pyext
[5.314s] [100%] [32m[1mLinking C shared library rosidl_generator_py/turtle_interfaces/turtle_interfaces_s__rosidl_typesupport_fastrtps_c.cpython-310-x86_64-linux-gnu.so[0m
[5.406s] [100%] Built target turtle_interfaces__rosidl_typesupport_fastrtps_c__pyext
[5.431s] Invoked command in '/media/ros/fedora/home/maylis/Dokumente/TeleNav/build/turtle_interfaces' returned '0': CMAKE_PREFIX_PATH=/opt/ros/humble /usr/bin/cmake --build /media/ros/fedora/home/maylis/Dokumente/TeleNav/build/turtle_interfaces -- -j6 -l6
[5.436s] Invoking command in '/media/ros/fedora/home/maylis/Dokumente/TeleNav/build/turtle_interfaces': CMAKE_PREFIX_PATH=/opt/ros/humble /usr/bin/cmake --install /media/ros/fedora/home/maylis/Dokumente/TeleNav/build/turtle_interfaces
[5.448s] -- Install configuration: ""
[5.450s] -- Installing: /media/ros/fedora/home/maylis/Dokumente/TeleNav/install/turtle_interfaces/share/ament_index/resource_index/rosidl_interfaces/turtle_interfaces
[5.450s] -- Installing: /media/ros/fedora/home/maylis/Dokumente/TeleNav/install/turtle_interfaces/include/turtle_interfaces/turtle_interfaces
[5.450s] -- Installing: /media/ros/fedora/home/maylis/Dokumente/TeleNav/install/turtle_interfaces/include/turtle_interfaces/turtle_interfaces/msg
[5.450s] -- Installing: /media/ros/fedora/home/maylis/Dokumente/TeleNav/install/turtle_interfaces/include/turtle_interfaces/turtle_interfaces/msg/rosidl_generator_c__visibility_control.h
[5.450s] -- Installing: /media/ros/fedora/home/maylis/Dokumente/TeleNav/install/turtle_interfaces/include/turtle_interfaces/turtle_interfaces/msg/turtle_position.h
[5.451s] -- Installing: /media/ros/fedora/home/maylis/Dokumente/TeleNav/install/turtle_interfaces/include/turtle_interfaces/turtle_interfaces/msg/detail
[5.451s] -- Installing: /media/ros/fedora/home/maylis/Dokumente/TeleNav/install/turtle_interfaces/include/turtle_interfaces/turtle_interfaces/msg/detail/turtle_position__functions.c
[5.451s] -- Installing: /media/ros/fedora/home/maylis/Dokumente/TeleNav/install/turtle_interfaces/include/turtle_interfaces/turtle_interfaces/msg/detail/turtle_position__functions.h
[5.451s] -- Installing: /media/ros/fedora/home/maylis/Dokumente/TeleNav/install/turtle_interfaces/include/turtle_interfaces/turtle_interfaces/msg/detail/turtle_position__struct.h
[5.451s] -- Installing: /media/ros/fedora/home/maylis/Dokumente/TeleNav/install/turtle_interfaces/include/turtle_interfaces/turtle_interfaces/msg/detail/turtle_position__type_support.h
[5.451s] -- Installing: /media/ros/fedora/home/maylis/Dokumente/TeleNav/install/turtle_interfaces/include/turtle_interfaces/turtle_interfaces/msg/detail/turtles_alive__functions.c
[5.451s] -- Installing: /media/ros/fedora/home/maylis/Dokumente/TeleNav/install/turtle_interfaces/include/turtle_interfaces/turtle_interfaces/msg/detail/turtles_alive__functions.h
[5.451s] -- Installing: /media/ros/fedora/home/maylis/Dokumente/TeleNav/install/turtle_interfaces/include/turtle_interfaces/turtle_interfaces/msg/detail/turtles_alive__struct.h
[5.451s] -- Installing: /media/ros/fedora/home/maylis/Dokumente/TeleNav/install/turtle_interfaces/include/turtle_interfaces/turtle_interfaces/msg/detail/turtles_alive__type_support.h
[5.451s] -- Installing: /media/ros/fedora/home/maylis/Dokumente/TeleNav/install/turtle_interfaces/include/turtle_interfaces/turtle_interfaces/msg/turtles_alive.h
[5.451s] -- Installing: /media/ros/fedora/home/maylis/Dokumente/TeleNav/install/turtle_interfaces/include/turtle_interfaces/turtle_interfaces/srv
[5.452s] -- Installing: /media/ros/fedora/home/maylis/Dokumente/TeleNav/install/turtle_interfaces/include/turtle_interfaces/turtle_interfaces/srv/catch.h
[5.452s] -- Installing: /media/ros/fedora/home/maylis/Dokumente/TeleNav/install/turtle_interfaces/include/turtle_interfaces/turtle_interfaces/srv/detail
[5.452s] -- Installing: /media/ros/fedora/home/maylis/Dokumente/TeleNav/install/turtle_interfaces/include/turtle_interfaces/turtle_interfaces/srv/detail/catch__functions.c
[5.452s] -- Installing: /media/ros/fedora/home/maylis/Dokumente/TeleNav/install/turtle_interfaces/include/turtle_interfaces/turtle_interfaces/srv/detail/catch__functions.h
[5.452s] -- Installing: /media/ros/fedora/home/maylis/Dokumente/TeleNav/install/turtle_interfaces/include/turtle_interfaces/turtle_interfaces/srv/detail/catch__struct.h
[5.452s] -- Installing: /media/ros/fedora/home/maylis/Dokumente/TeleNav/install/turtle_interfaces/include/turtle_interfaces/turtle_interfaces/srv/detail/catch__type_support.h
[5.453s] -- Installing: /media/ros/fedora/home/maylis/Dokumente/TeleNav/install/turtle_interfaces/share/turtle_interfaces/environment/library_path.sh
[5.454s] -- Installing: /media/ros/fedora/home/maylis/Dokumente/TeleNav/install/turtle_interfaces/share/turtle_interfaces/environment/library_path.dsv
[5.454s] -- Installing: /media/ros/fedora/home/maylis/Dokumente/TeleNav/install/turtle_interfaces/lib/libturtle_interfaces__rosidl_generator_c.so
[5.456s] -- Set runtime path of "/media/ros/fedora/home/maylis/Dokumente/TeleNav/install/turtle_interfaces/lib/libturtle_interfaces__rosidl_generator_c.so" to ""
[5.456s] -- Up-to-date: /media/ros/fedora/home/maylis/Dokumente/TeleNav/install/turtle_interfaces/include/turtle_interfaces/turtle_interfaces
[5.456s] -- Up-to-date: /media/ros/fedora/home/maylis/Dokumente/TeleNav/install/turtle_interfaces/include/turtle_interfaces/turtle_interfaces/msg
[5.456s] -- Installing: /media/ros/fedora/home/maylis/Dokumente/TeleNav/install/turtle_interfaces/include/turtle_interfaces/turtle_interfaces/msg/rosidl_typesupport_fastrtps_c__visibility_control.h
[5.457s] -- Up-to-date: /media/ros/fedora/home/maylis/Dokumente/TeleNav/install/turtle_interfaces/include/turtle_interfaces/turtle_interfaces/msg/detail
[5.458s] -- Installing: /media/ros/fedora/home/maylis/Dokumente/TeleNav/install/turtle_interfaces/include/turtle_interfaces/turtle_interfaces/msg/detail/turtle_position__rosidl_typesupport_fastrtps_c.h
[5.458s] -- Installing: /media/ros/fedora/home/maylis/Dokumente/TeleNav/install/turtle_interfaces/include/turtle_interfaces/turtle_interfaces/msg/detail/turtles_alive__rosidl_typesupport_fastrtps_c.h
[5.458s] -- Up-to-date: /media/ros/fedora/home/maylis/Dokumente/TeleNav/install/turtle_interfaces/include/turtle_interfaces/turtle_interfaces/srv
[5.458s] -- Up-to-date: /media/ros/fedora/home/maylis/Dokumente/TeleNav/install/turtle_interfaces/include/turtle_interfaces/turtle_interfaces/srv/detail
[5.458s] -- Installing: /media/ros/fedora/home/maylis/Dokumente/TeleNav/install/turtle_interfaces/include/turtle_interfaces/turtle_interfaces/srv/detail/catch__rosidl_typesupport_fastrtps_c.h
[5.459s] -- Installing: /media/ros/fedora/home/maylis/Dokumente/TeleNav/install/turtle_interfaces/lib/libturtle_interfaces__rosidl_typesupport_fastrtps_c.so
[5.460s] -- Set runtime path of "/media/ros/fedora/home/maylis/Dokumente/TeleNav/install/turtle_interfaces/lib/libturtle_interfaces__rosidl_typesupport_fastrtps_c.so" to ""
[5.460s] -- Up-to-date: /media/ros/fedora/home/maylis/Dokumente/TeleNav/install/turtle_interfaces/include/turtle_interfaces/turtle_interfaces
[5.461s] -- Up-to-date: /media/ros/fedora/home/maylis/Dokumente/TeleNav/install/turtle_interfaces/include/turtle_interfaces/turtle_interfaces/msg
[5.461s] -- Installing: /media/ros/fedora/home/maylis/Dokumente/TeleNav/install/turtle_interfaces/include/turtle_interfaces/turtle_interfaces/msg/rosidl_typesupport_introspection_c__visibility_control.h
[5.461s] -- Up-to-date: /media/ros/fedora/home/maylis/Dokumente/TeleNav/install/turtle_interfaces/include/turtle_interfaces/turtle_interfaces/msg/detail
[5.461s] -- Installing: /media/ros/fedora/home/maylis/Dokumente/TeleNav/install/turtle_interfaces/include/turtle_interfaces/turtle_interfaces/msg/detail/turtle_position__rosidl_typesupport_introspection_c.h
[5.461s] -- Installing: /media/ros/fedora/home/maylis/Dokumente/TeleNav/install/turtle_interfaces/include/turtle_interfaces/turtle_interfaces/msg/detail/turtle_position__type_support.c
[5.462s] -- Installing: /media/ros/fedora/home/maylis/Dokumente/TeleNav/install/turtle_interfaces/include/turtle_interfaces/turtle_interfaces/msg/detail/turtles_alive__rosidl_typesupport_introspection_c.h
[5.462s] -- Installing: /media/ros/fedora/home/maylis/Dokumente/TeleNav/install/turtle_interfaces/include/turtle_interfaces/turtle_interfaces/msg/detail/turtles_alive__type_support.c
[5.462s] -- Up-to-date: /media/ros/fedora/home/maylis/Dokumente/TeleNav/install/turtle_interfaces/include/turtle_interfaces/turtle_interfaces/srv
[5.462s] -- Up-to-date: /media/ros/fedora/home/maylis/Dokumente/TeleNav/install/turtle_interfaces/include/turtle_interfaces/turtle_interfaces/srv/detail
[5.462s] -- Installing: /media/ros/fedora/home/maylis/Dokumente/TeleNav/install/turtle_interfaces/include/turtle_interfaces/turtle_interfaces/srv/detail/catch__rosidl_typesupport_introspection_c.h
[5.462s] -- Installing: /media/ros/fedora/home/maylis/Dokumente/TeleNav/install/turtle_interfaces/include/turtle_interfaces/turtle_interfaces/srv/detail/catch__type_support.c
[5.462s] -- Installing: /media/ros/fedora/home/maylis/Dokumente/TeleNav/install/turtle_interfaces/lib/libturtle_interfaces__rosidl_typesupport_introspection_c.so
[5.466s] -- Set runtime path of "/media/ros/fedora/home/maylis/Dokumente/TeleNav/install/turtle_interfaces/lib/libturtle_interfaces__rosidl_typesupport_introspection_c.so" to ""
[5.467s] -- Installing: /media/ros/fedora/home/maylis/Dokumente/TeleNav/install/turtle_interfaces/lib/libturtle_interfaces__rosidl_typesupport_c.so
[5.467s] -- Set runtime path of "/media/ros/fedora/home/maylis/Dokumente/TeleNav/install/turtle_interfaces/lib/libturtle_interfaces__rosidl_typesupport_c.so" to ""
[5.467s] -- Up-to-date: /media/ros/fedora/home/maylis/Dokumente/TeleNav/install/turtle_interfaces/include/turtle_interfaces/turtle_interfaces
[5.467s] -- Up-to-date: /media/ros/fedora/home/maylis/Dokumente/TeleNav/install/turtle_interfaces/include/turtle_interfaces/turtle_interfaces/msg
[5.467s] -- Installing: /media/ros/fedora/home/maylis/Dokumente/TeleNav/install/turtle_interfaces/include/turtle_interfaces/turtle_interfaces/msg/rosidl_generator_cpp__visibility_control.hpp
[5.467s] -- Up-to-date: /media/ros/fedora/home/maylis/Dokumente/TeleNav/install/turtle_interfaces/include/turtle_interfaces/turtle_interfaces/msg/detail
[5.467s] -- Installing: /media/ros/fedora/home/maylis/Dokumente/TeleNav/install/turtle_interfaces/include/turtle_interfaces/turtle_interfaces/msg/detail/turtle_position__builder.hpp
[5.467s] -- Installing: /media/ros/fedora/home/maylis/Dokumente/TeleNav/install/turtle_interfaces/include/turtle_interfaces/turtle_interfaces/msg/detail/turtle_position__struct.hpp
[5.467s] -- Installing: /media/ros/fedora/home/maylis/Dokumente/TeleNav/install/turtle_interfaces/include/turtle_interfaces/turtle_interfaces/msg/detail/turtle_position__traits.hpp
[5.467s] -- Installing: /media/ros/fedora/home/maylis/Dokumente/TeleNav/install/turtle_interfaces/include/turtle_interfaces/turtle_interfaces/msg/detail/turtle_position__type_support.hpp
[5.467s] -- Installing: /media/ros/fedora/home/maylis/Dokumente/TeleNav/install/turtle_interfaces/include/turtle_interfaces/turtle_interfaces/msg/detail/turtles_alive__builder.hpp
[5.467s] -- Installing: /media/ros/fedora/home/maylis/Dokumente/TeleNav/install/turtle_interfaces/include/turtle_interfaces/turtle_interfaces/msg/detail/turtles_alive__struct.hpp
[5.467s] -- Installing: /media/ros/fedora/home/maylis/Dokumente/TeleNav/install/turtle_interfaces/include/turtle_interfaces/turtle_interfaces/msg/detail/turtles_alive__traits.hpp
[5.467s] -- Installing: /media/ros/fedora/home/maylis/Dokumente/TeleNav/install/turtle_interfaces/include/turtle_interfaces/turtle_interfaces/msg/detail/turtles_alive__type_support.hpp
[5.467s] -- Installing: /media/ros/fedora/home/maylis/Dokumente/TeleNav/install/turtle_interfaces/include/turtle_interfaces/turtle_interfaces/msg/turtles_alive.hpp
[5.467s] -- Installing: /media/ros/fedora/home/maylis/Dokumente/TeleNav/install/turtle_interfaces/include/turtle_interfaces/turtle_interfaces/msg/turtle_position.hpp
[5.467s] -- Up-to-date: /media/ros/fedora/home/maylis/Dokumente/TeleNav/install/turtle_interfaces/include/turtle_interfaces/turtle_interfaces/srv
[5.467s] -- Installing: /media/ros/fedora/home/maylis/Dokumente/TeleNav/install/turtle_interfaces/include/turtle_interfaces/turtle_interfaces/srv/catch.hpp
[5.468s] -- Up-to-date: /media/ros/fedora/home/maylis/Dokumente/TeleNav/install/turtle_interfaces/include/turtle_interfaces/turtle_interfaces/srv/detail
[5.468s] -- Installing: /media/ros/fedora/home/maylis/Dokumente/TeleNav/install/turtle_interfaces/include/turtle_interfaces/turtle_interfaces/srv/detail/catch__builder.hpp
[5.468s] -- Installing: /media/ros/fedora/home/maylis/Dokumente/TeleNav/install/turtle_interfaces/include/turtle_interfaces/turtle_interfaces/srv/detail/catch__struct.hpp
[5.468s] -- Installing: /media/ros/fedora/home/maylis/Dokumente/TeleNav/install/turtle_interfaces/include/turtle_interfaces/turtle_interfaces/srv/detail/catch__traits.hpp
[5.468s] -- Installing: /media/ros/fedora/home/maylis/Dokumente/TeleNav/install/turtle_interfaces/include/turtle_interfaces/turtle_interfaces/srv/detail/catch__type_support.hpp
[5.468s] -- Up-to-date: /media/ros/fedora/home/maylis/Dokumente/TeleNav/install/turtle_interfaces/include/turtle_interfaces/turtle_interfaces
[5.468s] -- Up-to-date: /media/ros/fedora/home/maylis/Dokumente/TeleNav/install/turtle_interfaces/include/turtle_interfaces/turtle_interfaces/msg
[5.468s] -- Installing: /media/ros/fedora/home/maylis/Dokumente/TeleNav/install/turtle_interfaces/include/turtle_interfaces/turtle_interfaces/msg/rosidl_typesupport_fastrtps_cpp__visibility_control.h
[5.468s] -- Up-to-date: /media/ros/fedora/home/maylis/Dokumente/TeleNav/install/turtle_interfaces/include/turtle_interfaces/turtle_interfaces/msg/detail
[5.468s] -- Installing: /media/ros/fedora/home/maylis/Dokumente/TeleNav/install/turtle_interfaces/include/turtle_interfaces/turtle_interfaces/msg/detail/turtle_position__rosidl_typesupport_fastrtps_cpp.hpp
[5.469s] -- Installing: /media/ros/fedora/home/maylis/Dokumente/TeleNav/install/turtle_interfaces/include/turtle_interfaces/turtle_interfaces/msg/detail/dds_fastrtps
[5.471s] -- Installing: /media/ros/fedora/home/maylis/Dokumente/TeleNav/install/turtle_interfaces/include/turtle_interfaces/turtle_interfaces/msg/detail/turtles_alive__rosidl_typesupport_fastrtps_cpp.hpp
[5.471s] -- Up-to-date: /media/ros/fedora/home/maylis/Dokumente/TeleNav/install/turtle_interfaces/include/turtle_interfaces/turtle_interfaces/srv
[5.471s] -- Up-to-date: /media/ros/fedora/home/maylis/Dokumente/TeleNav/install/turtle_interfaces/include/turtle_interfaces/turtle_interfaces/srv/detail
[5.471s] -- Installing: /media/ros/fedora/home/maylis/Dokumente/TeleNav/install/turtle_interfaces/include/turtle_interfaces/turtle_interfaces/srv/detail/catch__rosidl_typesupport_fastrtps_cpp.hpp
[5.471s] -- Installing: /media/ros/fedora/home/maylis/Dokumente/TeleNav/install/turtle_interfaces/include/turtle_interfaces/turtle_interfaces/srv/detail/dds_fastrtps
[5.471s] -- Installing: /media/ros/fedora/home/maylis/Dokumente/TeleNav/install/turtle_interfaces/lib/libturtle_interfaces__rosidl_typesupport_fastrtps_cpp.so
[5.473s] -- Set runtime path of "/media/ros/fedora/home/maylis/Dokumente/TeleNav/install/turtle_interfaces/lib/libturtle_interfaces__rosidl_typesupport_fastrtps_cpp.so" to ""
[5.473s] -- Up-to-date: /media/ros/fedora/home/maylis/Dokumente/TeleNav/install/turtle_interfaces/include/turtle_interfaces/turtle_interfaces
[5.473s] -- Up-to-date: /media/ros/fedora/home/maylis/Dokumente/TeleNav/install/turtle_interfaces/include/turtle_interfaces/turtle_interfaces/msg
[5.473s] -- Up-to-date: /media/ros/fedora/home/maylis/Dokumente/TeleNav/install/turtle_interfaces/include/turtle_interfaces/turtle_interfaces/msg/detail
[5.473s] -- Installing: /media/ros/fedora/home/maylis/Dokumente/TeleNav/install/turtle_interfaces/include/turtle_interfaces/turtle_interfaces/msg/detail/turtle_position__rosidl_typesupport_introspection_cpp.hpp
[5.473s] -- Installing: /media/ros/fedora/home/maylis/Dokumente/TeleNav/install/turtle_interfaces/include/turtle_interfaces/turtle_interfaces/msg/detail/turtle_position__type_support.cpp
[5.474s] -- Installing: /media/ros/fedora/home/maylis/Dokumente/TeleNav/install/turtle_interfaces/include/turtle_interfaces/turtle_interfaces/msg/detail/turtles_alive__rosidl_typesupport_introspection_cpp.hpp
[5.475s] -- Installing: /media/ros/fedora/home/maylis/Dokumente/TeleNav/install/turtle_interfaces/include/turtle_interfaces/turtle_interfaces/msg/detail/turtles_alive__type_support.cpp
[5.475s] -- Up-to-date: /media/ros/fedora/home/maylis/Dokumente/TeleNav/install/turtle_interfaces/include/turtle_interfaces/turtle_interfaces/srv
[5.475s] -- Up-to-date: /media/ros/fedora/home/maylis/Dokumente/TeleNav/install/turtle_interfaces/include/turtle_interfaces/turtle_interfaces/srv/detail
[5.475s] -- Installing: /media/ros/fedora/home/maylis/Dokumente/TeleNav/install/turtle_interfaces/include/turtle_interfaces/turtle_interfaces/srv/detail/catch__rosidl_typesupport_introspection_cpp.hpp
[5.475s] -- Installing: /media/ros/fedora/home/maylis/Dokumente/TeleNav/install/turtle_interfaces/include/turtle_interfaces/turtle_interfaces/srv/detail/catch__type_support.cpp
[5.475s] -- Installing: /media/ros/fedora/home/maylis/Dokumente/TeleNav/install/turtle_interfaces/lib/libturtle_interfaces__rosidl_typesupport_introspection_cpp.so
[5.476s] -- Set runtime path of "/media/ros/fedora/home/maylis/Dokumente/TeleNav/install/turtle_interfaces/lib/libturtle_interfaces__rosidl_typesupport_introspection_cpp.so" to ""
[5.476s] -- Installing: /media/ros/fedora/home/maylis/Dokumente/TeleNav/install/turtle_interfaces/lib/libturtle_interfaces__rosidl_typesupport_cpp.so
[5.477s] -- Set runtime path of "/media/ros/fedora/home/maylis/Dokumente/TeleNav/install/turtle_interfaces/lib/libturtle_interfaces__rosidl_typesupport_cpp.so" to ""
[5.477s] -- Installing: /media/ros/fedora/home/maylis/Dokumente/TeleNav/install/turtle_interfaces/share/turtle_interfaces/environment/pythonpath.sh
[5.483s] -- Installing: /media/ros/fedora/home/maylis/Dokumente/TeleNav/install/turtle_interfaces/share/turtle_interfaces/environment/pythonpath.dsv
[5.483s] -- Installing: /media/ros/fedora/home/maylis/Dokumente/TeleNav/install/turtle_interfaces/local/lib/python3.10/dist-packages/turtle_interfaces-0.0.0-py3.10.egg-info
[5.483s] -- Installing: /media/ros/fedora/home/maylis/Dokumente/TeleNav/install/turtle_interfaces/local/lib/python3.10/dist-packages/turtle_interfaces-0.0.0-py3.10.egg-info/PKG-INFO
[5.483s] -- Installing: /media/ros/fedora/home/maylis/Dokumente/TeleNav/install/turtle_interfaces/local/lib/python3.10/dist-packages/turtle_interfaces-0.0.0-py3.10.egg-info/dependency_links.txt
[5.484s] -- Installing: /media/ros/fedora/home/maylis/Dokumente/TeleNav/install/turtle_interfaces/local/lib/python3.10/dist-packages/turtle_interfaces-0.0.0-py3.10.egg-info/top_level.txt
[5.484s] -- Installing: /media/ros/fedora/home/maylis/Dokumente/TeleNav/install/turtle_interfaces/local/lib/python3.10/dist-packages/turtle_interfaces-0.0.0-py3.10.egg-info/SOURCES.txt
[5.484s] -- Installing: /media/ros/fedora/home/maylis/Dokumente/TeleNav/install/turtle_interfaces/local/lib/python3.10/dist-packages/turtle_interfaces
[5.484s] -- Installing: /media/ros/fedora/home/maylis/Dokumente/TeleNav/install/turtle_interfaces/local/lib/python3.10/dist-packages/turtle_interfaces/__init__.py
[5.484s] -- Installing: /media/ros/fedora/home/maylis/Dokumente/TeleNav/install/turtle_interfaces/local/lib/python3.10/dist-packages/turtle_interfaces/msg
[5.484s] -- Installing: /media/ros/fedora/home/maylis/Dokumente/TeleNav/install/turtle_interfaces/local/lib/python3.10/dist-packages/turtle_interfaces/msg/_turtle_position.py
[5.484s] -- Installing: /media/ros/fedora/home/maylis/Dokumente/TeleNav/install/turtle_interfaces/local/lib/python3.10/dist-packages/turtle_interfaces/msg/_turtle_position_s.c
[5.484s] -- Installing: /media/ros/fedora/home/maylis/Dokumente/TeleNav/install/turtle_interfaces/local/lib/python3.10/dist-packages/turtle_interfaces/msg/_turtles_alive.py
[5.484s] -- Installing: /media/ros/fedora/home/maylis/Dokumente/TeleNav/install/turtle_interfaces/local/lib/python3.10/dist-packages/turtle_interfaces/msg/_turtles_alive_s.c
[5.484s] -- Installing: /media/ros/fedora/home/maylis/Dokumente/TeleNav/install/turtle_interfaces/local/lib/python3.10/dist-packages/turtle_interfaces/msg/__init__.py
[5.484s] -- Installing: /media/ros/fedora/home/maylis/Dokumente/TeleNav/install/turtle_interfaces/local/lib/python3.10/dist-packages/turtle_interfaces/_turtle_interfaces_s.ep.rosidl_typesupport_introspection_c.c
[5.484s] -- Installing: /media/ros/fedora/home/maylis/Dokumente/TeleNav/install/turtle_interfaces/local/lib/python3.10/dist-packages/turtle_interfaces/_turtle_interfaces_s.ep.rosidl_typesupport_c.c
[5.484s] -- Installing: /media/ros/fedora/home/maylis/Dokumente/TeleNav/install/turtle_interfaces/local/lib/python3.10/dist-packages/turtle_interfaces/srv
[5.487s] -- Installing: /media/ros/fedora/home/maylis/Dokumente/TeleNav/install/turtle_interfaces/local/lib/python3.10/dist-packages/turtle_interfaces/srv/_catch.py
[5.487s] -- Installing: /media/ros/fedora/home/maylis/Dokumente/TeleNav/install/turtle_interfaces/local/lib/python3.10/dist-packages/turtle_interfaces/srv/_catch_s.c
[5.487s] -- Installing: /media/ros/fedora/home/maylis/Dokumente/TeleNav/install/turtle_interfaces/local/lib/python3.10/dist-packages/turtle_interfaces/srv/__init__.py
[5.487s] -- Installing: /media/ros/fedora/home/maylis/Dokumente/TeleNav/install/turtle_interfaces/local/lib/python3.10/dist-packages/turtle_interfaces/_turtle_interfaces_s.ep.rosidl_typesupport_fastrtps_c.c
[5.488s] -- Installing: /media/ros/fedora/home/maylis/Dokumente/TeleNav/install/turtle_interfaces/local/lib/python3.10/dist-packages/turtle_interfaces/libturtle_interfaces__rosidl_generator_py.so
[5.490s] -- Installing: /media/ros/fedora/home/maylis/Dokumente/TeleNav/install/turtle_interfaces/local/lib/python3.10/dist-packages/turtle_interfaces/turtle_interfaces_s__rosidl_typesupport_c.cpython-310-x86_64-linux-gnu.so
[5.490s] -- Installing: /media/ros/fedora/home/maylis/Dokumente/TeleNav/install/turtle_interfaces/local/lib/python3.10/dist-packages/turtle_interfaces/turtle_interfaces_s__rosidl_typesupport_introspection_c.cpython-310-x86_64-linux-gnu.so
[5.491s] -- Installing: /media/ros/fedora/home/maylis/Dokumente/TeleNav/install/turtle_interfaces/local/lib/python3.10/dist-packages/turtle_interfaces/turtle_interfaces_s__rosidl_typesupport_fastrtps_c.cpython-310-x86_64-linux-gnu.so
[5.539s] Listing '/media/ros/fedora/home/maylis/Dokumente/TeleNav/install/turtle_interfaces/local/lib/python3.10/dist-packages/turtle_interfaces'...
[5.539s] Compiling '/media/ros/fedora/home/maylis/Dokumente/TeleNav/install/turtle_interfaces/local/lib/python3.10/dist-packages/turtle_interfaces/__init__.py'...
[5.539s] Listing '/media/ros/fedora/home/maylis/Dokumente/TeleNav/install/turtle_interfaces/local/lib/python3.10/dist-packages/turtle_interfaces/msg'...
[5.539s] Compiling '/media/ros/fedora/home/maylis/Dokumente/TeleNav/install/turtle_interfaces/local/lib/python3.10/dist-packages/turtle_interfaces/msg/__init__.py'...
[5.539s] Compiling '/media/ros/fedora/home/maylis/Dokumente/TeleNav/install/turtle_interfaces/local/lib/python3.10/dist-packages/turtle_interfaces/msg/_turtle_position.py'...
[5.539s] Compiling '/media/ros/fedora/home/maylis/Dokumente/TeleNav/install/turtle_interfaces/local/lib/python3.10/dist-packages/turtle_interfaces/msg/_turtles_alive.py'...
[5.539s] Listing '/media/ros/fedora/home/maylis/Dokumente/TeleNav/install/turtle_interfaces/local/lib/python3.10/dist-packages/turtle_interfaces/srv'...
[5.539s] Compiling '/media/ros/fedora/home/maylis/Dokumente/TeleNav/install/turtle_interfaces/local/lib/python3.10/dist-packages/turtle_interfaces/srv/__init__.py'...
[5.539s] Compiling '/media/ros/fedora/home/maylis/Dokumente/TeleNav/install/turtle_interfaces/local/lib/python3.10/dist-packages/turtle_interfaces/srv/_catch.py'...
[5.548s] -- Installing: /media/ros/fedora/home/maylis/Dokumente/TeleNav/install/turtle_interfaces/local/lib/python3.10/dist-packages/turtle_interfaces/turtle_interfaces_s__rosidl_typesupport_fastrtps_c.cpython-310-x86_64-linux-gnu.so
[5.548s] -- Set runtime path of "/media/ros/fedora/home/maylis/Dokumente/TeleNav/install/turtle_interfaces/local/lib/python3.10/dist-packages/turtle_interfaces/turtle_interfaces_s__rosidl_typesupport_fastrtps_c.cpython-310-x86_64-linux-gnu.so" to ""
[5.549s] -- Installing: /media/ros/fedora/home/maylis/Dokumente/TeleNav/install/turtle_interfaces/local/lib/python3.10/dist-packages/turtle_interfaces/turtle_interfaces_s__rosidl_typesupport_introspection_c.cpython-310-x86_64-linux-gnu.so
[5.549s] -- Set runtime path of "/media/ros/fedora/home/maylis/Dokumente/TeleNav/install/turtle_interfaces/local/lib/python3.10/dist-packages/turtle_interfaces/turtle_interfaces_s__rosidl_typesupport_introspection_c.cpython-310-x86_64-linux-gnu.so" to ""
[5.550s] -- Installing: /media/ros/fedora/home/maylis/Dokumente/TeleNav/install/turtle_interfaces/local/lib/python3.10/dist-packages/turtle_interfaces/turtle_interfaces_s__rosidl_typesupport_c.cpython-310-x86_64-linux-gnu.so
[5.551s] -- Set runtime path of "/media/ros/fedora/home/maylis/Dokumente/TeleNav/install/turtle_interfaces/local/lib/python3.10/dist-packages/turtle_interfaces/turtle_interfaces_s__rosidl_typesupport_c.cpython-310-x86_64-linux-gnu.so" to ""
[5.551s] -- Installing: /media/ros/fedora/home/maylis/Dokumente/TeleNav/install/turtle_interfaces/lib/libturtle_interfaces__rosidl_generator_py.so
[5.553s] -- Set runtime path of "/media/ros/fedora/home/maylis/Dokumente/TeleNav/install/turtle_interfaces/lib/libturtle_interfaces__rosidl_generator_py.so" to ""
[5.554s] -- Installing: /media/ros/fedora/home/maylis/Dokumente/TeleNav/install/turtle_interfaces/share/turtle_interfaces/msg/TurtlePosition.idl
[5.554s] -- Installing: /media/ros/fedora/home/maylis/Dokumente/TeleNav/install/turtle_interfaces/share/turtle_interfaces/msg/TurtlesAlive.idl
[5.554s] -- Installing: /media/ros/fedora/home/maylis/Dokumente/TeleNav/install/turtle_interfaces/share/turtle_interfaces/srv/Catch.idl
[5.554s] -- Installing: /media/ros/fedora/home/maylis/Dokumente/TeleNav/install/turtle_interfaces/share/turtle_interfaces/msg/TurtlePosition.msg
[5.554s] -- Installing: /media/ros/fedora/home/maylis/Dokumente/TeleNav/install/turtle_interfaces/share/turtle_interfaces/msg/TurtlesAlive.msg
[5.554s] -- Installing: /media/ros/fedora/home/maylis/Dokumente/TeleNav/install/turtle_interfaces/share/turtle_interfaces/srv/Catch.srv
[5.554s] -- Installing: /media/ros/fedora/home/maylis/Dokumente/TeleNav/install/turtle_interfaces/share/turtle_interfaces/srv/Catch_Request.msg
[5.554s] -- Installing: /media/ros/fedora/home/maylis/Dokumente/TeleNav/install/turtle_interfaces/share/turtle_interfaces/srv/Catch_Response.msg
[5.554s] -- Installing: /media/ros/fedora/home/maylis/Dokumente/TeleNav/install/turtle_interfaces/share/ament_index/resource_index/package_run_dependencies/turtle_interfaces
[5.554s] -- Installing: /media/ros/fedora/home/maylis/Dokumente/TeleNav/install/turtle_interfaces/share/ament_index/resource_index/parent_prefix_path/turtle_interfaces
[5.554s] -- Installing: /media/ros/fedora/home/maylis/Dokumente/TeleNav/install/turtle_interfaces/share/turtle_interfaces/environment/ament_prefix_path.sh
[5.554s] -- Installing: /media/ros/fedora/home/maylis/Dokumente/TeleNav/install/turtle_interfaces/share/turtle_interfaces/environment/ament_prefix_path.dsv
[5.554s] -- Installing: /media/ros/fedora/home/maylis/Dokumente/TeleNav/install/turtle_interfaces/share/turtle_interfaces/environment/path.sh
[5.554s] -- Installing: /media/ros/fedora/home/maylis/Dokumente/TeleNav/install/turtle_interfaces/share/turtle_interfaces/environment/path.dsv
[5.557s] -- Installing: /media/ros/fedora/home/maylis/Dokumente/TeleNav/install/turtle_interfaces/share/turtle_interfaces/local_setup.bash
[5.558s] -- Installing: /media/ros/fedora/home/maylis/Dokumente/TeleNav/install/turtle_interfaces/share/turtle_interfaces/local_setup.sh
[5.558s] -- Installing: /media/ros/fedora/home/maylis/Dokumente/TeleNav/install/turtle_interfaces/share/turtle_interfaces/local_setup.zsh
[5.558s] -- Installing: /media/ros/fedora/home/maylis/Dokumente/TeleNav/install/turtle_interfaces/share/turtle_interfaces/local_setup.dsv
[5.558s] -- Installing: /media/ros/fedora/home/maylis/Dokumente/TeleNav/install/turtle_interfaces/share/turtle_interfaces/package.dsv
[5.558s] -- Installing: /media/ros/fedora/home/maylis/Dokumente/TeleNav/install/turtle_interfaces/share/ament_index/resource_index/packages/turtle_interfaces
[5.558s] -- Installing: /media/ros/fedora/home/maylis/Dokumente/TeleNav/install/turtle_interfaces/share/turtle_interfaces/cmake/export_turtle_interfaces__rosidl_generator_cExport.cmake
[5.558s] -- Installing: /media/ros/fedora/home/maylis/Dokumente/TeleNav/install/turtle_interfaces/share/turtle_interfaces/cmake/export_turtle_interfaces__rosidl_generator_cExport-noconfig.cmake
[5.558s] -- Installing: /media/ros/fedora/home/maylis/Dokumente/TeleNav/install/turtle_interfaces/share/turtle_interfaces/cmake/export_turtle_interfaces__rosidl_typesupport_fastrtps_cExport.cmake
[5.558s] -- Installing: /media/ros/fedora/home/maylis/Dokumente/TeleNav/install/turtle_interfaces/share/turtle_interfaces/cmake/export_turtle_interfaces__rosidl_typesupport_fastrtps_cExport-noconfig.cmake
[5.558s] -- Installing: /media/ros/fedora/home/maylis/Dokumente/TeleNav/install/turtle_interfaces/share/turtle_interfaces/cmake/turtle_interfaces__rosidl_typesupport_introspection_cExport.cmake
[5.558s] -- Installing: /media/ros/fedora/home/maylis/Dokumente/TeleNav/install/turtle_interfaces/share/turtle_interfaces/cmake/turtle_interfaces__rosidl_typesupport_introspection_cExport-noconfig.cmake
[5.558s] -- Installing: /media/ros/fedora/home/maylis/Dokumente/TeleNav/install/turtle_interfaces/share/turtle_interfaces/cmake/turtle_interfaces__rosidl_typesupport_cExport.cmake
[5.560s] -- Installing: /media/ros/fedora/home/maylis/Dokumente/TeleNav/install/turtle_interfaces/share/turtle_interfaces/cmake/turtle_interfaces__rosidl_typesupport_cExport-noconfig.cmake
[5.560s] -- Installing: /media/ros/fedora/home/maylis/Dokumente/TeleNav/install/turtle_interfaces/share/turtle_interfaces/cmake/export_turtle_interfaces__rosidl_generator_cppExport.cmake
[5.560s] -- Installing: /media/ros/fedora/home/maylis/Dokumente/TeleNav/install/turtle_interfaces/share/turtle_interfaces/cmake/export_turtle_interfaces__rosidl_typesupport_fastrtps_cppExport.cmake
[5.560s] -- Installing: /media/ros/fedora/home/maylis/Dokumente/TeleNav/install/turtle_interfaces/share/turtle_interfaces/cmake/export_turtle_interfaces__rosidl_typesupport_fastrtps_cppExport-noconfig.cmake
[5.560s] -- Installing: /media/ros/fedora/home/maylis/Dokumente/TeleNav/install/turtle_interfaces/share/turtle_interfaces/cmake/turtle_interfaces__rosidl_typesupport_introspection_cppExport.cmake
[5.563s] -- Installing: /media/ros/fedora/home/maylis/Dokumente/TeleNav/install/turtle_interfaces/share/turtle_interfaces/cmake/turtle_interfaces__rosidl_typesupport_introspection_cppExport-noconfig.cmake
[5.563s] -- Installing: /media/ros/fedora/home/maylis/Dokumente/TeleNav/install/turtle_interfaces/share/turtle_interfaces/cmake/turtle_interfaces__rosidl_typesupport_cppExport.cmake
[5.563s] -- Installing: /media/ros/fedora/home/maylis/Dokumente/TeleNav/install/turtle_interfaces/share/turtle_interfaces/cmake/turtle_interfaces__rosidl_typesupport_cppExport-noconfig.cmake
[5.563s] -- Installing: /media/ros/fedora/home/maylis/Dokumente/TeleNav/install/turtle_interfaces/share/turtle_interfaces/cmake/export_turtle_interfaces__rosidl_generator_pyExport.cmake
[5.563s] -- Installing: /media/ros/fedora/home/maylis/Dokumente/TeleNav/install/turtle_interfaces/share/turtle_interfaces/cmake/export_turtle_interfaces__rosidl_generator_pyExport-noconfig.cmake
[5.564s] -- Installing: /media/ros/fedora/home/maylis/Dokumente/TeleNav/install/turtle_interfaces/share/turtle_interfaces/cmake/rosidl_cmake-extras.cmake
[5.564s] -- Installing: /media/ros/fedora/home/maylis/Dokumente/TeleNav/install/turtle_interfaces/share/turtle_interfaces/cmake/ament_cmake_export_include_directories-extras.cmake
[5.564s] -- Installing: /media/ros/fedora/home/maylis/Dokumente/TeleNav/install/turtle_interfaces/share/turtle_interfaces/cmake/ament_cmake_export_libraries-extras.cmake
[5.564s] -- Installing: /media/ros/fedora/home/maylis/Dokumente/TeleNav/install/turtle_interfaces/share/turtle_interfaces/cmake/ament_cmake_export_targets-extras.cmake
[5.564s] -- Installing: /media/ros/fedora/home/maylis/Dokumente/TeleNav/install/turtle_interfaces/share/turtle_interfaces/cmake/rosidl_cmake_export_typesupport_targets-extras.cmake
[5.564s] -- Installing: /media/ros/fedora/home/maylis/Dokumente/TeleNav/install/turtle_interfaces/share/turtle_interfaces/cmake/ament_cmake_export_dependencies-extras.cmake
[5.564s] -- Installing: /media/ros/fedora/home/maylis/Dokumente/TeleNav/install/turtle_interfaces/share/turtle_interfaces/cmake/rosidl_cmake_export_typesupport_libraries-extras.cmake
[5.564s] -- Installing: /media/ros/fedora/home/maylis/Dokumente/TeleNav/install/turtle_interfaces/share/turtle_interfaces/cmake/turtle_interfacesConfig.cmake
[5.564s] -- Installing: /media/ros/fedora/home/maylis/Dokumente/TeleNav/install/turtle_interfaces/share/turtle_interfaces/cmake/turtle_interfacesConfig-version.cmake
[5.564s] -- Installing: /media/ros/fedora/home/maylis/Dokumente/TeleNav/install/turtle_interfaces/share/turtle_interfaces/package.xml
[5.571s] Invoked command in '/media/ros/fedora/home/maylis/Dokumente/TeleNav/build/turtle_interfaces' returned '0': CMAKE_PREFIX_PATH=/opt/ros/humble /usr/bin/cmake --install /media/ros/fedora/home/maylis/Dokumente/TeleNav/build/turtle_interfaces
