[0.644s] Invoking command in '/media/ros/fedora/home/maylis/Dokumente/TeleNav/project_ws/src/telerobot_controller': PYTHONPATH=/media/ros/fedora/home/maylis/Dokumente/TeleNav/project_ws/build/telerobot_controller/prefix_override:/usr/lib/python3/dist-packages/colcon_core/task/python/colcon_distutils_commands:/media/ros/fedora/home/maylis/Dokumente/TeleNav/project_ws/install/telerobot_controller/lib/python3.10/site-packages:${PYTHONPATH} /usr/bin/python3 -W ignore:setup.py install is deprecated -W ignore:easy_install command is deprecated setup.py egg_info --egg-base ../../build/telerobot_controller build --build-base /media/ros/fedora/home/maylis/Dokumente/TeleNav/project_ws/build/telerobot_controller/build install --record /media/ros/fedora/home/maylis/Dokumente/TeleNav/project_ws/build/telerobot_controller/install.log --single-version-externally-managed install_data
[0.878s] running egg_info
[0.878s] writing ../../build/telerobot_controller/telerobot_controller.egg-info/PKG-INFO
[0.879s] writing dependency_links to ../../build/telerobot_controller/telerobot_controller.egg-info/dependency_links.txt
[0.879s] writing entry points to ../../build/telerobot_controller/telerobot_controller.egg-info/entry_points.txt
[0.879s] writing requirements to ../../build/telerobot_controller/telerobot_controller.egg-info/requires.txt
[0.879s] writing top-level names to ../../build/telerobot_controller/telerobot_controller.egg-info/top_level.txt
[0.881s] reading manifest file '../../build/telerobot_controller/telerobot_controller.egg-info/SOURCES.txt'
[0.882s] writing manifest file '../../build/telerobot_controller/telerobot_controller.egg-info/SOURCES.txt'
[0.882s] running build
[0.882s] running build_py
[0.882s] copying telerobot_controller/interface.py -> /media/ros/fedora/home/maylis/Dokumente/TeleNav/project_ws/build/telerobot_controller/build/lib/telerobot_controller
[0.882s] running install
[0.882s] running install_lib
[0.883s] creating /media/ros/fedora/home/maylis/Dokumente/TeleNav/project_ws/install/telerobot_controller/lib/python3.10/site-packages/telerobot_controller
[0.883s] copying /media/ros/fedora/home/maylis/Dokumente/TeleNav/project_ws/build/telerobot_controller/build/lib/telerobot_controller/__init__.py -> /media/ros/fedora/home/maylis/Dokumente/TeleNav/project_ws/install/telerobot_controller/lib/python3.10/site-packages/telerobot_controller
[0.883s] copying /media/ros/fedora/home/maylis/Dokumente/TeleNav/project_ws/build/telerobot_controller/build/lib/telerobot_controller/distance_messurement.py -> /media/ros/fedora/home/maylis/Dokumente/TeleNav/project_ws/install/telerobot_controller/lib/python3.10/site-packages/telerobot_controller
[0.883s] creating /media/ros/fedora/home/maylis/Dokumente/TeleNav/project_ws/install/telerobot_controller/lib/python3.10/site-packages/telerobot_controller/helpers
[0.883s] copying /media/ros/fedora/home/maylis/Dokumente/TeleNav/project_ws/build/telerobot_controller/build/lib/telerobot_controller/helpers/__init__.py -> /media/ros/fedora/home/maylis/Dokumente/TeleNav/project_ws/install/telerobot_controller/lib/python3.10/site-packages/telerobot_controller/helpers
[0.883s] copying /media/ros/fedora/home/maylis/Dokumente/TeleNav/project_ws/build/telerobot_controller/build/lib/telerobot_controller/helpers/webrtc.py -> /media/ros/fedora/home/maylis/Dokumente/TeleNav/project_ws/install/telerobot_controller/lib/python3.10/site-packages/telerobot_controller/helpers
[0.884s] copying /media/ros/fedora/home/maylis/Dokumente/TeleNav/project_ws/build/telerobot_controller/build/lib/telerobot_controller/interface.py -> /media/ros/fedora/home/maylis/Dokumente/TeleNav/project_ws/install/telerobot_controller/lib/python3.10/site-packages/telerobot_controller
[0.884s] byte-compiling /media/ros/fedora/home/maylis/Dokumente/TeleNav/project_ws/install/telerobot_controller/lib/python3.10/site-packages/telerobot_controller/__init__.py to __init__.cpython-310.pyc
[0.884s] byte-compiling /media/ros/fedora/home/maylis/Dokumente/TeleNav/project_ws/install/telerobot_controller/lib/python3.10/site-packages/telerobot_controller/distance_messurement.py to distance_messurement.cpython-310.pyc
[0.885s] byte-compiling /media/ros/fedora/home/maylis/Dokumente/TeleNav/project_ws/install/telerobot_controller/lib/python3.10/site-packages/telerobot_controller/helpers/__init__.py to __init__.cpython-310.pyc
[0.885s] byte-compiling /media/ros/fedora/home/maylis/Dokumente/TeleNav/project_ws/install/telerobot_controller/lib/python3.10/site-packages/telerobot_controller/helpers/webrtc.py to webrtc.cpython-310.pyc
[0.885s] byte-compiling /media/ros/fedora/home/maylis/Dokumente/TeleNav/project_ws/install/telerobot_controller/lib/python3.10/site-packages/telerobot_controller/interface.py to interface.cpython-310.pyc
[0.886s] running install_data
[0.886s] creating /media/ros/fedora/home/maylis/Dokumente/TeleNav/project_ws/install/telerobot_controller/share/ament_index
[0.886s] creating /media/ros/fedora/home/maylis/Dokumente/TeleNav/project_ws/install/telerobot_controller/share/ament_index/resource_index
[0.886s] creating /media/ros/fedora/home/maylis/Dokumente/TeleNav/project_ws/install/telerobot_controller/share/ament_index/resource_index/packages
[0.886s] copying resource/telerobot_controller -> /media/ros/fedora/home/maylis/Dokumente/TeleNav/project_ws/install/telerobot_controller/share/ament_index/resource_index/packages
[0.886s] copying package.xml -> /media/ros/fedora/home/maylis/Dokumente/TeleNav/project_ws/install/telerobot_controller/share/telerobot_controller
[0.886s] creating /media/ros/fedora/home/maylis/Dokumente/TeleNav/project_ws/install/telerobot_controller/share/telerobot_controller/templates
[0.886s] copying templates/index.html -> /media/ros/fedora/home/maylis/Dokumente/TeleNav/project_ws/install/telerobot_controller/share/telerobot_controller/templates
[0.887s] creating /media/ros/fedora/home/maylis/Dokumente/TeleNav/project_ws/install/telerobot_controller/share/telerobot_controller/static
[0.887s] copying static/main.js -> /media/ros/fedora/home/maylis/Dokumente/TeleNav/project_ws/install/telerobot_controller/share/telerobot_controller/static
[0.887s] copying static/joy.js -> /media/ros/fedora/home/maylis/Dokumente/TeleNav/project_ws/install/telerobot_controller/share/telerobot_controller/static
[0.887s] creating /media/ros/fedora/home/maylis/Dokumente/TeleNav/project_ws/install/telerobot_controller/lib/telerobot_controller
[0.887s] creating /media/ros/fedora/home/maylis/Dokumente/TeleNav/project_ws/install/telerobot_controller/lib/telerobot_controller/helpers
[0.887s] copying telerobot_controller/helpers/__init__.py -> /media/ros/fedora/home/maylis/Dokumente/TeleNav/project_ws/install/telerobot_controller/lib/telerobot_controller/helpers
[0.887s] copying telerobot_controller/helpers/webrtc.py -> /media/ros/fedora/home/maylis/Dokumente/TeleNav/project_ws/install/telerobot_controller/lib/telerobot_controller/helpers
[0.887s] running install_egg_info
[0.889s] Copying ../../build/telerobot_controller/telerobot_controller.egg-info to /media/ros/fedora/home/maylis/Dokumente/TeleNav/project_ws/install/telerobot_controller/lib/python3.10/site-packages/telerobot_controller-0.0.0-py3.10.egg-info
[0.890s] running install_scripts
[0.909s] Installing controller script to /media/ros/fedora/home/maylis/Dokumente/TeleNav/project_ws/install/telerobot_controller/lib/telerobot_controller
[0.909s] Installing interface script to /media/ros/fedora/home/maylis/Dokumente/TeleNav/project_ws/install/telerobot_controller/lib/telerobot_controller
[0.910s] writing list of installed files to '/media/ros/fedora/home/maylis/Dokumente/TeleNav/project_ws/build/telerobot_controller/install.log'
[0.945s] Invoked command in '/media/ros/fedora/home/maylis/Dokumente/TeleNav/project_ws/src/telerobot_controller' returned '0': PYTHONPATH=/media/ros/fedora/home/maylis/Dokumente/TeleNav/project_ws/build/telerobot_controller/prefix_override:/usr/lib/python3/dist-packages/colcon_core/task/python/colcon_distutils_commands:/media/ros/fedora/home/maylis/Dokumente/TeleNav/project_ws/install/telerobot_controller/lib/python3.10/site-packages:${PYTHONPATH} /usr/bin/python3 -W ignore:setup.py install is deprecated -W ignore:easy_install command is deprecated setup.py egg_info --egg-base ../../build/telerobot_controller build --build-base /media/ros/fedora/home/maylis/Dokumente/TeleNav/project_ws/build/telerobot_controller/build install --record /media/ros/fedora/home/maylis/Dokumente/TeleNav/project_ws/build/telerobot_controller/install.log --single-version-externally-managed install_data
