[0.205s] DEBUG:colcon:Command line arguments: ['/usr/bin/colcon', 'build']
[0.205s] DEBUG:colcon:Parsed command line arguments: Namespace(log_base=None, log_level=None, verb_name='build', build_base='build', install_base='install', merge_install=False, symlink_install=False, test_result_base=None, continue_on_error=False, executor='parallel', parallel_workers=4, event_handlers=None, ignore_user_meta=False, metas=['./colcon.meta'], base_paths=['.'], packages_ignore=None, packages_ignore_regex=None, paths=None, packages_up_to=None, packages_up_to_regex=None, packages_above=None, packages_above_and_dependencies=None, packages_above_depth=None, packages_select_by_dep=None, packages_skip_by_dep=None, packages_skip_up_to=None, packages_select_build_failed=False, packages_skip_build_finished=False, packages_select_test_failures=False, packages_skip_test_passed=False, packages_select=None, packages_skip=None, packages_select_regex=None, packages_skip_regex=None, packages_start=None, packages_end=None, allow_overriding=[], cmake_args=None, cmake_target=None, cmake_target_skip_unavailable=False, cmake_clean_cache=False, cmake_clean_first=False, cmake_force_configure=False, ament_cmake_args=None, catkin_cmake_args=None, catkin_skip_building_tests=False, mixin_files=None, mixin=None, verb_parser=<colcon_mixin.mixin.mixin_argument.MixinArgumentDecorator object at 0x72e70a94ce30>, verb_extension=<colcon_core.verb.build.BuildVerb object at 0x72e70a94cb30>, main=<bound method BuildVerb.main of <colcon_core.verb.build.BuildVerb object at 0x72e70a94cb30>>, mixin_verb=('build',))
[0.280s] Level 1:colcon.colcon_core.package_discovery:discover_packages(colcon_meta) check parameters
[0.280s] Level 1:colcon.colcon_core.package_discovery:discover_packages(recursive) check parameters
[0.280s] Level 1:colcon.colcon_core.package_discovery:discover_packages(ignore) check parameters
[0.280s] Level 1:colcon.colcon_core.package_discovery:discover_packages(path) check parameters
[0.280s] Level 1:colcon.colcon_core.package_discovery:discover_packages(colcon_meta) discover
[0.281s] Level 1:colcon.colcon_core.package_discovery:discover_packages(recursive) discover
[0.281s] INFO:colcon.colcon_core.package_discovery:Crawling recursively for packages in '/home/ros/Schreibtisch/Ros/TeleNav/simulation_dtour_ws'
[0.281s] Level 1:colcon.colcon_core.package_identification:_identify(.) by extensions ['ignore', 'ignore_ament_install']
[0.281s] Level 1:colcon.colcon_core.package_identification:_identify(.) by extension 'ignore'
[0.281s] Level 1:colcon.colcon_core.package_identification:_identify(.) by extension 'ignore_ament_install'
[0.281s] Level 1:colcon.colcon_core.package_identification:_identify(.) by extensions ['colcon_pkg']
[0.281s] Level 1:colcon.colcon_core.package_identification:_identify(.) by extension 'colcon_pkg'
[0.281s] Level 1:colcon.colcon_core.package_identification:_identify(.) by extensions ['colcon_meta']
[0.281s] Level 1:colcon.colcon_core.package_identification:_identify(.) by extension 'colcon_meta'
[0.281s] Level 1:colcon.colcon_core.package_identification:_identify(.) by extensions ['ros']
[0.281s] Level 1:colcon.colcon_core.package_identification:_identify(.) by extension 'ros'
[0.325s] Level 1:colcon.colcon_core.package_identification:_identify(.) by extensions ['cmake', 'python']
[0.325s] Level 1:colcon.colcon_core.package_identification:_identify(.) by extension 'cmake'
[0.325s] Level 1:colcon.colcon_core.package_identification:_identify(.) by extension 'python'
[0.325s] Level 1:colcon.colcon_core.package_identification:_identify(.) by extensions ['python_setup_py']
[0.325s] Level 1:colcon.colcon_core.package_identification:_identify(.) by extension 'python_setup_py'
[0.325s] Level 1:colcon.colcon_core.package_identification:_identify(build) by extensions ['ignore', 'ignore_ament_install']
[0.326s] Level 1:colcon.colcon_core.package_identification:_identify(build) by extension 'ignore'
[0.326s] Level 1:colcon.colcon_core.package_identification:_identify(build) ignored
[0.326s] Level 1:colcon.colcon_core.package_identification:_identify(install) by extensions ['ignore', 'ignore_ament_install']
[0.326s] Level 1:colcon.colcon_core.package_identification:_identify(install) by extension 'ignore'
[0.326s] Level 1:colcon.colcon_core.package_identification:_identify(install) ignored
[0.326s] Level 1:colcon.colcon_core.package_identification:_identify(log) by extensions ['ignore', 'ignore_ament_install']
[0.326s] Level 1:colcon.colcon_core.package_identification:_identify(log) by extension 'ignore'
[0.326s] Level 1:colcon.colcon_core.package_identification:_identify(log) ignored
[0.327s] Level 1:colcon.colcon_core.package_identification:_identify(src) by extensions ['ignore', 'ignore_ament_install']
[0.327s] Level 1:colcon.colcon_core.package_identification:_identify(src) by extension 'ignore'
[0.327s] Level 1:colcon.colcon_core.package_identification:_identify(src) by extension 'ignore_ament_install'
[0.327s] Level 1:colcon.colcon_core.package_identification:_identify(src) by extensions ['colcon_pkg']
[0.327s] Level 1:colcon.colcon_core.package_identification:_identify(src) by extension 'colcon_pkg'
[0.327s] Level 1:colcon.colcon_core.package_identification:_identify(src) by extensions ['colcon_meta']
[0.327s] Level 1:colcon.colcon_core.package_identification:_identify(src) by extension 'colcon_meta'
[0.327s] Level 1:colcon.colcon_core.package_identification:_identify(src) by extensions ['ros']
[0.327s] Level 1:colcon.colcon_core.package_identification:_identify(src) by extension 'ros'
[0.327s] Level 1:colcon.colcon_core.package_identification:_identify(src) by extensions ['cmake', 'python']
[0.327s] Level 1:colcon.colcon_core.package_identification:_identify(src) by extension 'cmake'
[0.327s] Level 1:colcon.colcon_core.package_identification:_identify(src) by extension 'python'
[0.328s] Level 1:colcon.colcon_core.package_identification:_identify(src) by extensions ['python_setup_py']
[0.328s] Level 1:colcon.colcon_core.package_identification:_identify(src) by extension 'python_setup_py'
[0.328s] Level 1:colcon.colcon_core.package_identification:_identify(src/build) by extensions ['ignore', 'ignore_ament_install']
[0.328s] Level 1:colcon.colcon_core.package_identification:_identify(src/build) by extension 'ignore'
[0.328s] Level 1:colcon.colcon_core.package_identification:_identify(src/build) ignored
[0.328s] Level 1:colcon.colcon_core.package_identification:_identify(src/log) by extensions ['ignore', 'ignore_ament_install']
[0.328s] Level 1:colcon.colcon_core.package_identification:_identify(src/log) by extension 'ignore'
[0.328s] Level 1:colcon.colcon_core.package_identification:_identify(src/log) ignored
[0.328s] Level 1:colcon.colcon_core.package_identification:_identify(src/turtlebot_description) by extensions ['ignore', 'ignore_ament_install']
[0.329s] Level 1:colcon.colcon_core.package_identification:_identify(src/turtlebot_description) by extension 'ignore'
[0.329s] Level 1:colcon.colcon_core.package_identification:_identify(src/turtlebot_description) by extension 'ignore_ament_install'
[0.329s] Level 1:colcon.colcon_core.package_identification:_identify(src/turtlebot_description) by extensions ['colcon_pkg']
[0.329s] Level 1:colcon.colcon_core.package_identification:_identify(src/turtlebot_description) by extension 'colcon_pkg'
[0.329s] Level 1:colcon.colcon_core.package_identification:_identify(src/turtlebot_description) by extensions ['colcon_meta']
[0.329s] Level 1:colcon.colcon_core.package_identification:_identify(src/turtlebot_description) by extension 'colcon_meta'
[0.329s] Level 1:colcon.colcon_core.package_identification:_identify(src/turtlebot_description) by extensions ['ros']
[0.329s] Level 1:colcon.colcon_core.package_identification:_identify(src/turtlebot_description) by extension 'ros'
[0.333s] DEBUG:colcon.colcon_core.package_identification:Package 'src/turtlebot_description' with type 'ros.ament_cmake' and name 'turtlebot_description'
[0.333s] Level 1:colcon.colcon_core.package_identification:_identify(src/udemy_robot_bringup) by extensions ['ignore', 'ignore_ament_install']
[0.333s] Level 1:colcon.colcon_core.package_identification:_identify(src/udemy_robot_bringup) by extension 'ignore'
[0.333s] Level 1:colcon.colcon_core.package_identification:_identify(src/udemy_robot_bringup) by extension 'ignore_ament_install'
[0.333s] Level 1:colcon.colcon_core.package_identification:_identify(src/udemy_robot_bringup) by extensions ['colcon_pkg']
[0.333s] Level 1:colcon.colcon_core.package_identification:_identify(src/udemy_robot_bringup) by extension 'colcon_pkg'
[0.333s] Level 1:colcon.colcon_core.package_identification:_identify(src/udemy_robot_bringup) by extensions ['colcon_meta']
[0.334s] Level 1:colcon.colcon_core.package_identification:_identify(src/udemy_robot_bringup) by extension 'colcon_meta'
[0.334s] Level 1:colcon.colcon_core.package_identification:_identify(src/udemy_robot_bringup) by extensions ['ros']
[0.334s] Level 1:colcon.colcon_core.package_identification:_identify(src/udemy_robot_bringup) by extension 'ros'
[0.334s] DEBUG:colcon.colcon_core.package_identification:Package 'src/udemy_robot_bringup' with type 'ros.ament_cmake' and name 'my_robot_bringup'
[0.335s] Level 1:colcon.colcon_core.package_discovery:discover_packages(recursive) using defaults
[0.335s] Level 1:colcon.colcon_core.package_discovery:discover_packages(ignore) discover
[0.335s] Level 1:colcon.colcon_core.package_discovery:discover_packages(ignore) using defaults
[0.335s] Level 1:colcon.colcon_core.package_discovery:discover_packages(path) discover
[0.335s] Level 1:colcon.colcon_core.package_discovery:discover_packages(path) using defaults
[0.364s] Level 1:colcon.colcon_core.package_discovery:discover_packages(prefix_path) check parameters
[0.364s] Level 1:colcon.colcon_core.package_discovery:discover_packages(prefix_path) discover
[0.365s] WARNING:colcon.colcon_ros.prefix_path.ament:The path '/home/ros/Schreibtisch/Ros/TeleNav/simulation_dtour_ws/install/turtlebot_description' in the environment variable AMENT_PREFIX_PATH doesn't exist
[0.365s] WARNING:colcon.colcon_ros.prefix_path.ament:The path '/home/ros/Schreibtisch/Ros/TeleNav/simulation_dtour_ws/install/my_robot_bringup' in the environment variable AMENT_PREFIX_PATH doesn't exist
[0.366s] WARNING:colcon.colcon_ros.prefix_path.catkin:The path '/home/ros/Schreibtisch/Ros/TeleNav/simulation_dtour_ws/install/turtlebot_description' in the environment variable CMAKE_PREFIX_PATH doesn't exist
[0.366s] WARNING:colcon.colcon_ros.prefix_path.catkin:The path '/home/ros/Schreibtisch/Ros/TeleNav/simulation_dtour_ws/install/my_robot_bringup' in the environment variable CMAKE_PREFIX_PATH doesn't exist
[0.368s] DEBUG:colcon.colcon_installed_package_information.package_discovery:Found 0 installed packages in /home/ros/Schreibtisch/Ros/TeleNav/simulation_dtour_ws/install
[0.371s] DEBUG:colcon.colcon_installed_package_information.package_discovery:Found 319 installed packages in /opt/ros/jazzy
[0.373s] Level 1:colcon.colcon_core.package_discovery:discover_packages(prefix_path) using defaults
[0.451s] Level 5:colcon.colcon_core.verb:set package 'my_robot_bringup' build argument 'cmake_args' from command line to 'None'
[0.452s] Level 5:colcon.colcon_core.verb:set package 'my_robot_bringup' build argument 'cmake_target' from command line to 'None'
[0.452s] Level 5:colcon.colcon_core.verb:set package 'my_robot_bringup' build argument 'cmake_target_skip_unavailable' from command line to 'False'
[0.452s] Level 5:colcon.colcon_core.verb:set package 'my_robot_bringup' build argument 'cmake_clean_cache' from command line to 'False'
[0.452s] Level 5:colcon.colcon_core.verb:set package 'my_robot_bringup' build argument 'cmake_clean_first' from command line to 'False'
[0.452s] Level 5:colcon.colcon_core.verb:set package 'my_robot_bringup' build argument 'cmake_force_configure' from command line to 'False'
[0.452s] Level 5:colcon.colcon_core.verb:set package 'my_robot_bringup' build argument 'ament_cmake_args' from command line to 'None'
[0.452s] Level 5:colcon.colcon_core.verb:set package 'my_robot_bringup' build argument 'catkin_cmake_args' from command line to 'None'
[0.452s] Level 5:colcon.colcon_core.verb:set package 'my_robot_bringup' build argument 'catkin_skip_building_tests' from command line to 'False'
[0.452s] DEBUG:colcon.colcon_core.verb:Building package 'my_robot_bringup' with the following arguments: {'ament_cmake_args': None, 'build_base': '/home/ros/Schreibtisch/Ros/TeleNav/simulation_dtour_ws/build/my_robot_bringup', 'catkin_cmake_args': None, 'catkin_skip_building_tests': False, 'cmake_args': None, 'cmake_clean_cache': False, 'cmake_clean_first': False, 'cmake_force_configure': False, 'cmake_target': None, 'cmake_target_skip_unavailable': False, 'install_base': '/home/ros/Schreibtisch/Ros/TeleNav/simulation_dtour_ws/install/my_robot_bringup', 'merge_install': False, 'path': '/home/ros/Schreibtisch/Ros/TeleNav/simulation_dtour_ws/src/udemy_robot_bringup', 'symlink_install': False, 'test_result_base': None}
[0.452s] Level 5:colcon.colcon_core.verb:set package 'turtlebot_description' build argument 'cmake_args' from command line to 'None'
[0.453s] Level 5:colcon.colcon_core.verb:set package 'turtlebot_description' build argument 'cmake_target' from command line to 'None'
[0.453s] Level 5:colcon.colcon_core.verb:set package 'turtlebot_description' build argument 'cmake_target_skip_unavailable' from command line to 'False'
[0.453s] Level 5:colcon.colcon_core.verb:set package 'turtlebot_description' build argument 'cmake_clean_cache' from command line to 'False'
[0.453s] Level 5:colcon.colcon_core.verb:set package 'turtlebot_description' build argument 'cmake_clean_first' from command line to 'False'
[0.453s] Level 5:colcon.colcon_core.verb:set package 'turtlebot_description' build argument 'cmake_force_configure' from command line to 'False'
[0.453s] Level 5:colcon.colcon_core.verb:set package 'turtlebot_description' build argument 'ament_cmake_args' from command line to 'None'
[0.453s] Level 5:colcon.colcon_core.verb:set package 'turtlebot_description' build argument 'catkin_cmake_args' from command line to 'None'
[0.453s] Level 5:colcon.colcon_core.verb:set package 'turtlebot_description' build argument 'catkin_skip_building_tests' from command line to 'False'
[0.453s] DEBUG:colcon.colcon_core.verb:Building package 'turtlebot_description' with the following arguments: {'ament_cmake_args': None, 'build_base': '/home/ros/Schreibtisch/Ros/TeleNav/simulation_dtour_ws/build/turtlebot_description', 'catkin_cmake_args': None, 'catkin_skip_building_tests': False, 'cmake_args': None, 'cmake_clean_cache': False, 'cmake_clean_first': False, 'cmake_force_configure': False, 'cmake_target': None, 'cmake_target_skip_unavailable': False, 'install_base': '/home/ros/Schreibtisch/Ros/TeleNav/simulation_dtour_ws/install/turtlebot_description', 'merge_install': False, 'path': '/home/ros/Schreibtisch/Ros/TeleNav/simulation_dtour_ws/src/turtlebot_description', 'symlink_install': False, 'test_result_base': None}
[0.453s] INFO:colcon.colcon_core.executor:Executing jobs using 'parallel' executor
[0.455s] DEBUG:colcon.colcon_parallel_executor.executor.parallel:run_until_complete
[0.456s] INFO:colcon.colcon_ros.task.ament_cmake.build:Building ROS package in '/home/ros/Schreibtisch/Ros/TeleNav/simulation_dtour_ws/src/udemy_robot_bringup' with build type 'ament_cmake'
[0.456s] INFO:colcon.colcon_cmake.task.cmake.build:Building CMake package in '/home/ros/Schreibtisch/Ros/TeleNav/simulation_dtour_ws/src/udemy_robot_bringup'
[0.460s] INFO:colcon.colcon_core.plugin_system:Skipping extension 'colcon_core.shell.bat': Not used on non-Windows systems
[0.460s] INFO:colcon.colcon_core.shell:Skip shell extension 'powershell' for command environment: Not usable outside of PowerShell
[0.460s] DEBUG:colcon.colcon_core.shell:Skip shell extension 'dsv' for command environment
[0.466s] INFO:colcon.colcon_ros.task.ament_cmake.build:Building ROS package in '/home/ros/Schreibtisch/Ros/TeleNav/simulation_dtour_ws/src/turtlebot_description' with build type 'ament_cmake'
[0.467s] INFO:colcon.colcon_cmake.task.cmake.build:Building CMake package in '/home/ros/Schreibtisch/Ros/TeleNav/simulation_dtour_ws/src/turtlebot_description'
[0.467s] INFO:colcon.colcon_core.shell:Skip shell extension 'powershell' for command environment: Not usable outside of PowerShell
[0.467s] DEBUG:colcon.colcon_core.shell:Skip shell extension 'dsv' for command environment
[0.480s] DEBUG:colcon.colcon_core.event_handler.log_command:Invoking command in '/home/ros/Schreibtisch/Ros/TeleNav/simulation_dtour_ws/build/my_robot_bringup': CMAKE_PREFIX_PATH=${CMAKE_PREFIX_PATH}:/opt/ros/jazzy DEBUGINFOD_URLS=https://debuginfod.ubuntu.com /usr/bin/cmake /home/ros/Schreibtisch/Ros/TeleNav/simulation_dtour_ws/src/udemy_robot_bringup -DCMAKE_INSTALL_PREFIX=/home/ros/Schreibtisch/Ros/TeleNav/simulation_dtour_ws/install/my_robot_bringup
[0.499s] DEBUG:colcon.colcon_core.event_handler.log_command:Invoking command in '/home/ros/Schreibtisch/Ros/TeleNav/simulation_dtour_ws/build/turtlebot_description': CMAKE_PREFIX_PATH=${CMAKE_PREFIX_PATH}:/opt/ros/jazzy DEBUGINFOD_URLS=https://debuginfod.ubuntu.com /usr/bin/cmake /home/ros/Schreibtisch/Ros/TeleNav/simulation_dtour_ws/src/turtlebot_description -DCMAKE_INSTALL_PREFIX=/home/ros/Schreibtisch/Ros/TeleNav/simulation_dtour_ws/install/turtlebot_description
[2.647s] DEBUG:colcon.colcon_core.event_handler.log_command:Invoked command in '/home/ros/Schreibtisch/Ros/TeleNav/simulation_dtour_ws/build/my_robot_bringup' returned '0': CMAKE_PREFIX_PATH=${CMAKE_PREFIX_PATH}:/opt/ros/jazzy DEBUGINFOD_URLS=https://debuginfod.ubuntu.com /usr/bin/cmake /home/ros/Schreibtisch/Ros/TeleNav/simulation_dtour_ws/src/udemy_robot_bringup -DCMAKE_INSTALL_PREFIX=/home/ros/Schreibtisch/Ros/TeleNav/simulation_dtour_ws/install/my_robot_bringup
[2.650s] DEBUG:colcon.colcon_core.event_handler.log_command:Invoking command in '/home/ros/Schreibtisch/Ros/TeleNav/simulation_dtour_ws/build/my_robot_bringup': CMAKE_PREFIX_PATH=${CMAKE_PREFIX_PATH}:/opt/ros/jazzy DEBUGINFOD_URLS=https://debuginfod.ubuntu.com /usr/bin/cmake --build /home/ros/Schreibtisch/Ros/TeleNav/simulation_dtour_ws/build/my_robot_bringup -- -j4 -l4
[2.658s] DEBUG:colcon.colcon_core.event_handler.log_command:Invoked command in '/home/ros/Schreibtisch/Ros/TeleNav/simulation_dtour_ws/build/turtlebot_description' returned '0': CMAKE_PREFIX_PATH=${CMAKE_PREFIX_PATH}:/opt/ros/jazzy DEBUGINFOD_URLS=https://debuginfod.ubuntu.com /usr/bin/cmake /home/ros/Schreibtisch/Ros/TeleNav/simulation_dtour_ws/src/turtlebot_description -DCMAKE_INSTALL_PREFIX=/home/ros/Schreibtisch/Ros/TeleNav/simulation_dtour_ws/install/turtlebot_description
[2.659s] DEBUG:colcon.colcon_core.event_handler.log_command:Invoking command in '/home/ros/Schreibtisch/Ros/TeleNav/simulation_dtour_ws/build/turtlebot_description': CMAKE_PREFIX_PATH=${CMAKE_PREFIX_PATH}:/opt/ros/jazzy DEBUGINFOD_URLS=https://debuginfod.ubuntu.com /usr/bin/cmake --build /home/ros/Schreibtisch/Ros/TeleNav/simulation_dtour_ws/build/turtlebot_description -- -j4 -l4
[2.809s] DEBUG:colcon.colcon_core.event_handler.log_command:Invoked command in '/home/ros/Schreibtisch/Ros/TeleNav/simulation_dtour_ws/build/my_robot_bringup' returned '0': CMAKE_PREFIX_PATH=${CMAKE_PREFIX_PATH}:/opt/ros/jazzy DEBUGINFOD_URLS=https://debuginfod.ubuntu.com /usr/bin/cmake --build /home/ros/Schreibtisch/Ros/TeleNav/simulation_dtour_ws/build/my_robot_bringup -- -j4 -l4
[2.843s] DEBUG:colcon.colcon_core.event_handler.log_command:Invoking command in '/home/ros/Schreibtisch/Ros/TeleNav/simulation_dtour_ws/build/my_robot_bringup': CMAKE_PREFIX_PATH=${CMAKE_PREFIX_PATH}:/opt/ros/jazzy DEBUGINFOD_URLS=https://debuginfod.ubuntu.com /usr/bin/cmake --install /home/ros/Schreibtisch/Ros/TeleNav/simulation_dtour_ws/build/my_robot_bringup
[2.855s] DEBUG:colcon.colcon_core.event_handler.log_command:Invoked command in '/home/ros/Schreibtisch/Ros/TeleNav/simulation_dtour_ws/build/turtlebot_description' returned '0': CMAKE_PREFIX_PATH=${CMAKE_PREFIX_PATH}:/opt/ros/jazzy DEBUGINFOD_URLS=https://debuginfod.ubuntu.com /usr/bin/cmake --build /home/ros/Schreibtisch/Ros/TeleNav/simulation_dtour_ws/build/turtlebot_description -- -j4 -l4
[2.856s] DEBUG:colcon.colcon_core.event_handler.log_command:Invoking command in '/home/ros/Schreibtisch/Ros/TeleNav/simulation_dtour_ws/build/turtlebot_description': CMAKE_PREFIX_PATH=${CMAKE_PREFIX_PATH}:/opt/ros/jazzy DEBUGINFOD_URLS=https://debuginfod.ubuntu.com /usr/bin/cmake --install /home/ros/Schreibtisch/Ros/TeleNav/simulation_dtour_ws/build/turtlebot_description
[2.903s] Level 1:colcon.colcon_core.environment:create_environment_scripts_only(turtlebot_description)
[2.912s] DEBUG:colcon.colcon_core.event_handler.log_command:Invoked command in '/home/ros/Schreibtisch/Ros/TeleNav/simulation_dtour_ws/build/turtlebot_description' returned '0': CMAKE_PREFIX_PATH=${CMAKE_PREFIX_PATH}:/opt/ros/jazzy DEBUGINFOD_URLS=https://debuginfod.ubuntu.com /usr/bin/cmake --install /home/ros/Schreibtisch/Ros/TeleNav/simulation_dtour_ws/build/turtlebot_description
[2.917s] Level 1:colcon.colcon_core.environment:checking '/home/ros/Schreibtisch/Ros/TeleNav/simulation_dtour_ws/install/turtlebot_description' for CMake module files
[2.918s] Level 1:colcon.colcon_core.environment:checking '/home/ros/Schreibtisch/Ros/TeleNav/simulation_dtour_ws/install/turtlebot_description' for CMake config files
[2.920s] Level 1:colcon.colcon_core.shell:create_environment_hook('turtlebot_description', 'cmake_prefix_path')
[2.921s] INFO:colcon.colcon_core.shell:Creating environment hook '/home/ros/Schreibtisch/Ros/TeleNav/simulation_dtour_ws/install/turtlebot_description/share/turtlebot_description/hook/cmake_prefix_path.ps1'
[2.922s] INFO:colcon.colcon_core.shell:Creating environment descriptor '/home/ros/Schreibtisch/Ros/TeleNav/simulation_dtour_ws/install/turtlebot_description/share/turtlebot_description/hook/cmake_prefix_path.dsv'
[2.922s] INFO:colcon.colcon_core.shell:Creating environment hook '/home/ros/Schreibtisch/Ros/TeleNav/simulation_dtour_ws/install/turtlebot_description/share/turtlebot_description/hook/cmake_prefix_path.sh'
[2.924s] Level 1:colcon.colcon_core.environment:checking '/home/ros/Schreibtisch/Ros/TeleNav/simulation_dtour_ws/install/turtlebot_description/bin'
[2.924s] Level 1:colcon.colcon_core.environment:checking '/home/ros/Schreibtisch/Ros/TeleNav/simulation_dtour_ws/install/turtlebot_description/lib/pkgconfig/turtlebot_description.pc'
[2.924s] Level 1:colcon.colcon_core.environment:checking '/home/ros/Schreibtisch/Ros/TeleNav/simulation_dtour_ws/install/turtlebot_description/lib/python3.12/site-packages'
[2.925s] Level 1:colcon.colcon_core.environment:checking '/home/ros/Schreibtisch/Ros/TeleNav/simulation_dtour_ws/install/turtlebot_description/bin'
[2.925s] INFO:colcon.colcon_core.shell:Creating package script '/home/ros/Schreibtisch/Ros/TeleNav/simulation_dtour_ws/install/turtlebot_description/share/turtlebot_description/package.ps1'
[2.926s] INFO:colcon.colcon_core.shell:Creating package descriptor '/home/ros/Schreibtisch/Ros/TeleNav/simulation_dtour_ws/install/turtlebot_description/share/turtlebot_description/package.dsv'
[2.927s] INFO:colcon.colcon_core.shell:Creating package script '/home/ros/Schreibtisch/Ros/TeleNav/simulation_dtour_ws/install/turtlebot_description/share/turtlebot_description/package.sh'
[2.930s] INFO:colcon.colcon_core.shell:Creating package script '/home/ros/Schreibtisch/Ros/TeleNav/simulation_dtour_ws/install/turtlebot_description/share/turtlebot_description/package.bash'
[2.931s] INFO:colcon.colcon_core.shell:Creating package script '/home/ros/Schreibtisch/Ros/TeleNav/simulation_dtour_ws/install/turtlebot_description/share/turtlebot_description/package.zsh'
[2.933s] Level 1:colcon.colcon_core.environment:create_file_with_runtime_dependencies(/home/ros/Schreibtisch/Ros/TeleNav/simulation_dtour_ws/install/turtlebot_description/share/colcon-core/packages/turtlebot_description)
[2.934s] Level 1:colcon.colcon_core.environment:create_environment_scripts_only(turtlebot_description)
[2.934s] Level 1:colcon.colcon_core.environment:checking '/home/ros/Schreibtisch/Ros/TeleNav/simulation_dtour_ws/install/turtlebot_description' for CMake module files
[2.936s] Level 1:colcon.colcon_core.environment:checking '/home/ros/Schreibtisch/Ros/TeleNav/simulation_dtour_ws/install/turtlebot_description' for CMake config files
[2.936s] Level 1:colcon.colcon_core.shell:create_environment_hook('turtlebot_description', 'cmake_prefix_path')
[2.937s] INFO:colcon.colcon_core.shell:Creating environment hook '/home/ros/Schreibtisch/Ros/TeleNav/simulation_dtour_ws/install/turtlebot_description/share/turtlebot_description/hook/cmake_prefix_path.ps1'
[2.937s] INFO:colcon.colcon_core.shell:Creating environment descriptor '/home/ros/Schreibtisch/Ros/TeleNav/simulation_dtour_ws/install/turtlebot_description/share/turtlebot_description/hook/cmake_prefix_path.dsv'
[2.938s] INFO:colcon.colcon_core.shell:Creating environment hook '/home/ros/Schreibtisch/Ros/TeleNav/simulation_dtour_ws/install/turtlebot_description/share/turtlebot_description/hook/cmake_prefix_path.sh'
[2.939s] Level 1:colcon.colcon_core.environment:checking '/home/ros/Schreibtisch/Ros/TeleNav/simulation_dtour_ws/install/turtlebot_description/bin'
[2.939s] Level 1:colcon.colcon_core.environment:checking '/home/ros/Schreibtisch/Ros/TeleNav/simulation_dtour_ws/install/turtlebot_description/lib/pkgconfig/turtlebot_description.pc'
[2.940s] Level 1:colcon.colcon_core.environment:checking '/home/ros/Schreibtisch/Ros/TeleNav/simulation_dtour_ws/install/turtlebot_description/lib/python3.12/site-packages'
[2.940s] Level 1:colcon.colcon_core.environment:checking '/home/ros/Schreibtisch/Ros/TeleNav/simulation_dtour_ws/install/turtlebot_description/bin'
[2.940s] INFO:colcon.colcon_core.shell:Creating package script '/home/ros/Schreibtisch/Ros/TeleNav/simulation_dtour_ws/install/turtlebot_description/share/turtlebot_description/package.ps1'
[2.941s] INFO:colcon.colcon_core.shell:Creating package descriptor '/home/ros/Schreibtisch/Ros/TeleNav/simulation_dtour_ws/install/turtlebot_description/share/turtlebot_description/package.dsv'
[2.942s] INFO:colcon.colcon_core.shell:Creating package script '/home/ros/Schreibtisch/Ros/TeleNav/simulation_dtour_ws/install/turtlebot_description/share/turtlebot_description/package.sh'
[2.943s] INFO:colcon.colcon_core.shell:Creating package script '/home/ros/Schreibtisch/Ros/TeleNav/simulation_dtour_ws/install/turtlebot_description/share/turtlebot_description/package.bash'
[2.944s] INFO:colcon.colcon_core.shell:Creating package script '/home/ros/Schreibtisch/Ros/TeleNav/simulation_dtour_ws/install/turtlebot_description/share/turtlebot_description/package.zsh'
[2.945s] Level 1:colcon.colcon_core.environment:create_file_with_runtime_dependencies(/home/ros/Schreibtisch/Ros/TeleNav/simulation_dtour_ws/install/turtlebot_description/share/colcon-core/packages/turtlebot_description)
[2.949s] Level 1:colcon.colcon_core.environment:create_environment_scripts_only(my_robot_bringup)
[2.949s] Level 1:colcon.colcon_core.environment:checking '/home/ros/Schreibtisch/Ros/TeleNav/simulation_dtour_ws/install/my_robot_bringup' for CMake module files
[2.952s] DEBUG:colcon.colcon_core.event_handler.log_command:Invoked command in '/home/ros/Schreibtisch/Ros/TeleNav/simulation_dtour_ws/build/my_robot_bringup' returned '0': CMAKE_PREFIX_PATH=${CMAKE_PREFIX_PATH}:/opt/ros/jazzy DEBUGINFOD_URLS=https://debuginfod.ubuntu.com /usr/bin/cmake --install /home/ros/Schreibtisch/Ros/TeleNav/simulation_dtour_ws/build/my_robot_bringup
[2.954s] Level 1:colcon.colcon_core.environment:checking '/home/ros/Schreibtisch/Ros/TeleNav/simulation_dtour_ws/install/my_robot_bringup' for CMake config files
[2.954s] Level 1:colcon.colcon_core.shell:create_environment_hook('my_robot_bringup', 'cmake_prefix_path')
[2.955s] INFO:colcon.colcon_core.shell:Creating environment hook '/home/ros/Schreibtisch/Ros/TeleNav/simulation_dtour_ws/install/my_robot_bringup/share/my_robot_bringup/hook/cmake_prefix_path.ps1'
[2.956s] INFO:colcon.colcon_core.shell:Creating environment descriptor '/home/ros/Schreibtisch/Ros/TeleNav/simulation_dtour_ws/install/my_robot_bringup/share/my_robot_bringup/hook/cmake_prefix_path.dsv'
[2.957s] INFO:colcon.colcon_core.shell:Creating environment hook '/home/ros/Schreibtisch/Ros/TeleNav/simulation_dtour_ws/install/my_robot_bringup/share/my_robot_bringup/hook/cmake_prefix_path.sh'
[2.960s] Level 1:colcon.colcon_core.environment:checking '/home/ros/Schreibtisch/Ros/TeleNav/simulation_dtour_ws/install/my_robot_bringup/bin'
[2.960s] Level 1:colcon.colcon_core.environment:checking '/home/ros/Schreibtisch/Ros/TeleNav/simulation_dtour_ws/install/my_robot_bringup/lib/pkgconfig/my_robot_bringup.pc'
[2.961s] Level 1:colcon.colcon_core.environment:checking '/home/ros/Schreibtisch/Ros/TeleNav/simulation_dtour_ws/install/my_robot_bringup/lib/python3.12/site-packages'
[2.961s] Level 1:colcon.colcon_core.environment:checking '/home/ros/Schreibtisch/Ros/TeleNav/simulation_dtour_ws/install/my_robot_bringup/bin'
[2.962s] INFO:colcon.colcon_core.shell:Creating package script '/home/ros/Schreibtisch/Ros/TeleNav/simulation_dtour_ws/install/my_robot_bringup/share/my_robot_bringup/package.ps1'
[2.964s] INFO:colcon.colcon_core.shell:Creating package descriptor '/home/ros/Schreibtisch/Ros/TeleNav/simulation_dtour_ws/install/my_robot_bringup/share/my_robot_bringup/package.dsv'
[2.966s] INFO:colcon.colcon_core.shell:Creating package script '/home/ros/Schreibtisch/Ros/TeleNav/simulation_dtour_ws/install/my_robot_bringup/share/my_robot_bringup/package.sh'
[2.968s] INFO:colcon.colcon_core.shell:Creating package script '/home/ros/Schreibtisch/Ros/TeleNav/simulation_dtour_ws/install/my_robot_bringup/share/my_robot_bringup/package.bash'
[2.969s] INFO:colcon.colcon_core.shell:Creating package script '/home/ros/Schreibtisch/Ros/TeleNav/simulation_dtour_ws/install/my_robot_bringup/share/my_robot_bringup/package.zsh'
[2.970s] Level 1:colcon.colcon_core.environment:create_file_with_runtime_dependencies(/home/ros/Schreibtisch/Ros/TeleNav/simulation_dtour_ws/install/my_robot_bringup/share/colcon-core/packages/my_robot_bringup)
[2.971s] Level 1:colcon.colcon_core.environment:create_environment_scripts_only(my_robot_bringup)
[2.971s] Level 1:colcon.colcon_core.environment:checking '/home/ros/Schreibtisch/Ros/TeleNav/simulation_dtour_ws/install/my_robot_bringup' for CMake module files
[2.972s] Level 1:colcon.colcon_core.environment:checking '/home/ros/Schreibtisch/Ros/TeleNav/simulation_dtour_ws/install/my_robot_bringup' for CMake config files
[2.973s] Level 1:colcon.colcon_core.shell:create_environment_hook('my_robot_bringup', 'cmake_prefix_path')
[2.973s] INFO:colcon.colcon_core.shell:Creating environment hook '/home/ros/Schreibtisch/Ros/TeleNav/simulation_dtour_ws/install/my_robot_bringup/share/my_robot_bringup/hook/cmake_prefix_path.ps1'
[2.974s] INFO:colcon.colcon_core.shell:Creating environment descriptor '/home/ros/Schreibtisch/Ros/TeleNav/simulation_dtour_ws/install/my_robot_bringup/share/my_robot_bringup/hook/cmake_prefix_path.dsv'
[2.974s] INFO:colcon.colcon_core.shell:Creating environment hook '/home/ros/Schreibtisch/Ros/TeleNav/simulation_dtour_ws/install/my_robot_bringup/share/my_robot_bringup/hook/cmake_prefix_path.sh'
[2.975s] Level 1:colcon.colcon_core.environment:checking '/home/ros/Schreibtisch/Ros/TeleNav/simulation_dtour_ws/install/my_robot_bringup/bin'
[2.975s] Level 1:colcon.colcon_core.environment:checking '/home/ros/Schreibtisch/Ros/TeleNav/simulation_dtour_ws/install/my_robot_bringup/lib/pkgconfig/my_robot_bringup.pc'
[2.976s] Level 1:colcon.colcon_core.environment:checking '/home/ros/Schreibtisch/Ros/TeleNav/simulation_dtour_ws/install/my_robot_bringup/lib/python3.12/site-packages'
[2.976s] Level 1:colcon.colcon_core.environment:checking '/home/ros/Schreibtisch/Ros/TeleNav/simulation_dtour_ws/install/my_robot_bringup/bin'
[2.977s] INFO:colcon.colcon_core.shell:Creating package script '/home/ros/Schreibtisch/Ros/TeleNav/simulation_dtour_ws/install/my_robot_bringup/share/my_robot_bringup/package.ps1'
[2.978s] INFO:colcon.colcon_core.shell:Creating package descriptor '/home/ros/Schreibtisch/Ros/TeleNav/simulation_dtour_ws/install/my_robot_bringup/share/my_robot_bringup/package.dsv'
[2.978s] INFO:colcon.colcon_core.shell:Creating package script '/home/ros/Schreibtisch/Ros/TeleNav/simulation_dtour_ws/install/my_robot_bringup/share/my_robot_bringup/package.sh'
[2.979s] INFO:colcon.colcon_core.shell:Creating package script '/home/ros/Schreibtisch/Ros/TeleNav/simulation_dtour_ws/install/my_robot_bringup/share/my_robot_bringup/package.bash'
[2.980s] INFO:colcon.colcon_core.shell:Creating package script '/home/ros/Schreibtisch/Ros/TeleNav/simulation_dtour_ws/install/my_robot_bringup/share/my_robot_bringup/package.zsh'
[2.981s] Level 1:colcon.colcon_core.environment:create_file_with_runtime_dependencies(/home/ros/Schreibtisch/Ros/TeleNav/simulation_dtour_ws/install/my_robot_bringup/share/colcon-core/packages/my_robot_bringup)
[2.981s] DEBUG:colcon.colcon_parallel_executor.executor.parallel:closing loop
[2.983s] DEBUG:colcon.colcon_parallel_executor.executor.parallel:loop closed
[2.983s] DEBUG:colcon.colcon_parallel_executor.executor.parallel:run_until_complete finished with '0'
[2.983s] DEBUG:colcon.colcon_core.event_reactor:joining thread
[2.996s] INFO:colcon.colcon_core.plugin_system:Skipping extension 'colcon_notification.desktop_notification.terminal_notifier': Not used on non-Darwin systems
[2.996s] INFO:colcon.colcon_core.plugin_system:Skipping extension 'colcon_notification.desktop_notification.win32': Not used on non-Windows systems
[2.996s] INFO:colcon.colcon_notification.desktop_notification:Sending desktop notification using 'notify2'
[3.037s] DEBUG:colcon.colcon_core.event_reactor:joined thread
[3.037s] INFO:colcon.colcon_core.shell:Creating prefix script '/home/ros/Schreibtisch/Ros/TeleNav/simulation_dtour_ws/install/local_setup.ps1'
[3.039s] INFO:colcon.colcon_core.shell:Creating prefix util module '/home/ros/Schreibtisch/Ros/TeleNav/simulation_dtour_ws/install/_local_setup_util_ps1.py'
[3.046s] INFO:colcon.colcon_core.shell:Creating prefix chain script '/home/ros/Schreibtisch/Ros/TeleNav/simulation_dtour_ws/install/setup.ps1'
[3.048s] INFO:colcon.colcon_core.shell:Creating prefix script '/home/ros/Schreibtisch/Ros/TeleNav/simulation_dtour_ws/install/local_setup.sh'
[3.049s] INFO:colcon.colcon_core.shell:Creating prefix util module '/home/ros/Schreibtisch/Ros/TeleNav/simulation_dtour_ws/install/_local_setup_util_sh.py'
[3.050s] INFO:colcon.colcon_core.shell:Creating prefix chain script '/home/ros/Schreibtisch/Ros/TeleNav/simulation_dtour_ws/install/setup.sh'
[3.053s] INFO:colcon.colcon_core.shell:Creating prefix script '/home/ros/Schreibtisch/Ros/TeleNav/simulation_dtour_ws/install/local_setup.bash'
[3.055s] INFO:colcon.colcon_core.shell:Creating prefix chain script '/home/ros/Schreibtisch/Ros/TeleNav/simulation_dtour_ws/install/setup.bash'
[3.057s] INFO:colcon.colcon_core.shell:Creating prefix script '/home/ros/Schreibtisch/Ros/TeleNav/simulation_dtour_ws/install/local_setup.zsh'
[3.058s] INFO:colcon.colcon_core.shell:Creating prefix chain script '/home/ros/Schreibtisch/Ros/TeleNav/simulation_dtour_ws/install/setup.zsh'
