[0.013s] Invoking command in '/media/ros/fedora/home/maylis/Dokumente/TeleNav/simulation_ws/build/simulation_bringup': CMAKE_PREFIX_PATH=${CMAKE_PREFIX_PATH}:/media/ros/fedora/home/maylis/Dokumente/TeleNav/install/turtle_spawner:/media/ros/fedora/home/maylis/Dokumente/TeleNav/install/turtle_controller:/media/ros/fedora/home/maylis/Dokumente/TeleNav/install/my_robot_controller:/opt/ros/humble /usr/bin/cmake --build /media/ros/fedora/home/maylis/Dokumente/TeleNav/simulation_ws/build/simulation_bringup -- -j6 -l6
[0.057s] Invoked command in '/media/ros/fedora/home/maylis/Dokumente/TeleNav/simulation_ws/build/simulation_bringup' returned '0': CMAKE_PREFIX_PATH=${CMAKE_PREFIX_PATH}:/media/ros/fedora/home/maylis/Dokumente/TeleNav/install/turtle_spawner:/media/ros/fedora/home/maylis/Dokumente/TeleNav/install/turtle_controller:/media/ros/fedora/home/maylis/Dokumente/TeleNav/install/my_robot_controller:/opt/ros/humble /usr/bin/cmake --build /media/ros/fedora/home/maylis/Dokumente/TeleNav/simulation_ws/build/simulation_bringup -- -j6 -l6
[0.058s] Invoking command in '/media/ros/fedora/home/maylis/Dokumente/TeleNav/simulation_ws/build/simulation_bringup': CMAKE_PREFIX_PATH=${CMAKE_PREFIX_PATH}:/media/ros/fedora/home/maylis/Dokumente/TeleNav/install/turtle_spawner:/media/ros/fedora/home/maylis/Dokumente/TeleNav/install/turtle_controller:/media/ros/fedora/home/maylis/Dokumente/TeleNav/install/my_robot_controller:/opt/ros/humble /usr/bin/cmake --install /media/ros/fedora/home/maylis/Dokumente/TeleNav/simulation_ws/build/simulation_bringup
[0.064s] -- Install configuration: ""
[0.065s] -- Execute custom install script
[0.065s] -- Up-to-date symlink: /media/ros/fedora/home/maylis/Dokumente/TeleNav/simulation_ws/install/simulation_bringup/share/simulation_bringup/launch/simple.launch.xml
[0.065s] -- Up-to-date symlink: /media/ros/fedora/home/maylis/Dokumente/TeleNav/simulation_ws/install/simulation_bringup/share/ament_index/resource_index/package_run_dependencies/simulation_bringup
[0.065s] -- Up-to-date symlink: /media/ros/fedora/home/maylis/Dokumente/TeleNav/simulation_ws/install/simulation_bringup/share/ament_index/resource_index/parent_prefix_path/simulation_bringup
[0.065s] -- Up-to-date symlink: /media/ros/fedora/home/maylis/Dokumente/TeleNav/simulation_ws/install/simulation_bringup/share/simulation_bringup/environment/ament_prefix_path.sh
[0.065s] -- Up-to-date symlink: /media/ros/fedora/home/maylis/Dokumente/TeleNav/simulation_ws/install/simulation_bringup/share/simulation_bringup/environment/ament_prefix_path.dsv
[0.066s] -- Up-to-date symlink: /media/ros/fedora/home/maylis/Dokumente/TeleNav/simulation_ws/install/simulation_bringup/share/simulation_bringup/environment/path.sh
[0.066s] -- Up-to-date symlink: /media/ros/fedora/home/maylis/Dokumente/TeleNav/simulation_ws/install/simulation_bringup/share/simulation_bringup/environment/path.dsv
[0.066s] -- Up-to-date symlink: /media/ros/fedora/home/maylis/Dokumente/TeleNav/simulation_ws/install/simulation_bringup/share/simulation_bringup/local_setup.bash
[0.066s] -- Up-to-date symlink: /media/ros/fedora/home/maylis/Dokumente/TeleNav/simulation_ws/install/simulation_bringup/share/simulation_bringup/local_setup.sh
[0.067s] -- Up-to-date symlink: /media/ros/fedora/home/maylis/Dokumente/TeleNav/simulation_ws/install/simulation_bringup/share/simulation_bringup/local_setup.zsh
[0.067s] -- Up-to-date symlink: /media/ros/fedora/home/maylis/Dokumente/TeleNav/simulation_ws/install/simulation_bringup/share/simulation_bringup/local_setup.dsv
[0.067s] -- Symlinking: /media/ros/fedora/home/maylis/Dokumente/TeleNav/simulation_ws/install/simulation_bringup/share/simulation_bringup/package.dsv
[0.074s] -- Up-to-date symlink: /media/ros/fedora/home/maylis/Dokumente/TeleNav/simulation_ws/install/simulation_bringup/share/ament_index/resource_index/packages/simulation_bringup
[0.075s] -- Up-to-date symlink: /media/ros/fedora/home/maylis/Dokumente/TeleNav/simulation_ws/install/simulation_bringup/share/simulation_bringup/cmake/simulation_bringupConfig.cmake
[0.075s] -- Up-to-date symlink: /media/ros/fedora/home/maylis/Dokumente/TeleNav/simulation_ws/install/simulation_bringup/share/simulation_bringup/cmake/simulation_bringupConfig-version.cmake
[0.075s] -- Up-to-date symlink: /media/ros/fedora/home/maylis/Dokumente/TeleNav/simulation_ws/install/simulation_bringup/share/simulation_bringup/package.xml
[0.077s] Invoked command in '/media/ros/fedora/home/maylis/Dokumente/TeleNav/simulation_ws/build/simulation_bringup' returned '0': CMAKE_PREFIX_PATH=${CMAKE_PREFIX_PATH}:/media/ros/fedora/home/maylis/Dokumente/TeleNav/install/turtle_spawner:/media/ros/fedora/home/maylis/Dokumente/TeleNav/install/turtle_controller:/media/ros/fedora/home/maylis/Dokumente/TeleNav/install/my_robot_controller:/opt/ros/humble /usr/bin/cmake --install /media/ros/fedora/home/maylis/Dokumente/TeleNav/simulation_ws/build/simulation_bringup
