[0.427s] Invoking command in '/media/ros/fedora/home/maylis/Dokumente/TeleNav/build/my_robot_interfaces': CMAKE_PREFIX_PATH=${CMAKE_PREFIX_PATH}:/media/ros/fedora/home/maylis/Dokumente/TeleNav/install/my_robot_controller:/opt/ros/humble /usr/bin/cmake --build /media/ros/fedora/home/maylis/Dokumente/TeleNav/build/my_robot_interfaces -- -j6 -l6
[0.495s] [ 10%] Built target my_robot_interfaces__rosidl_generator_c
[0.496s] [ 12%] Built target my_robot_interfaces__cpp
[0.517s] [ 12%] Built target ament_cmake_python_copy_my_robot_interfaces
[0.545s] [ 23%] Built target my_robot_interfaces__rosidl_typesupport_fastrtps_c
[0.549s] [ 34%] Built target my_robot_interfaces__rosidl_typesupport_introspection_c
[0.551s] [ 45%] Built target my_robot_interfaces__rosidl_typesupport_fastrtps_cpp
[0.553s] [ 56%] Built target my_robot_interfaces__rosidl_typesupport_c
[0.554s] [ 67%] Built target my_robot_interfaces__rosidl_typesupport_introspection_cpp
[0.563s] [ 78%] Built target my_robot_interfaces__rosidl_typesupport_cpp
[0.592s] [ 78%] Built target my_robot_interfaces
[0.622s] [ 80%] Built target my_robot_interfaces__py
[0.657s] [ 89%] Built target my_robot_interfaces__rosidl_generator_py
[0.687s] [ 94%] Built target my_robot_interfaces__rosidl_typesupport_c__pyext
[0.687s] [ 96%] Built target my_robot_interfaces__rosidl_typesupport_fastrtps_c__pyext
[0.687s] [100%] Built target my_robot_interfaces__rosidl_typesupport_introspection_c__pyext
[0.878s] running egg_info
[0.880s] writing my_robot_interfaces.egg-info/PKG-INFO
[0.880s] writing dependency_links to my_robot_interfaces.egg-info/dependency_links.txt
[0.880s] writing top-level names to my_robot_interfaces.egg-info/top_level.txt
[0.884s] reading manifest file 'my_robot_interfaces.egg-info/SOURCES.txt'
[0.885s] writing manifest file 'my_robot_interfaces.egg-info/SOURCES.txt'
[0.957s] [100%] Built target ament_cmake_python_build_my_robot_interfaces_egg
[0.977s] Invoked command in '/media/ros/fedora/home/maylis/Dokumente/TeleNav/build/my_robot_interfaces' returned '0': CMAKE_PREFIX_PATH=${CMAKE_PREFIX_PATH}:/media/ros/fedora/home/maylis/Dokumente/TeleNav/install/my_robot_controller:/opt/ros/humble /usr/bin/cmake --build /media/ros/fedora/home/maylis/Dokumente/TeleNav/build/my_robot_interfaces -- -j6 -l6
[0.979s] Invoking command in '/media/ros/fedora/home/maylis/Dokumente/TeleNav/build/my_robot_interfaces': CMAKE_PREFIX_PATH=${CMAKE_PREFIX_PATH}:/media/ros/fedora/home/maylis/Dokumente/TeleNav/install/my_robot_controller:/opt/ros/humble /usr/bin/cmake --install /media/ros/fedora/home/maylis/Dokumente/TeleNav/build/my_robot_interfaces
[0.990s] -- Install configuration: ""
[0.990s] -- Up-to-date: /media/ros/fedora/home/maylis/Dokumente/TeleNav/install/my_robot_interfaces/share/ament_index/resource_index/rosidl_interfaces/my_robot_interfaces
[0.990s] -- Up-to-date: /media/ros/fedora/home/maylis/Dokumente/TeleNav/install/my_robot_interfaces/include/my_robot_interfaces/my_robot_interfaces
[0.991s] -- Up-to-date: /media/ros/fedora/home/maylis/Dokumente/TeleNav/install/my_robot_interfaces/include/my_robot_interfaces/my_robot_interfaces/msg
[0.991s] -- Up-to-date: /media/ros/fedora/home/maylis/Dokumente/TeleNav/install/my_robot_interfaces/include/my_robot_interfaces/my_robot_interfaces/msg/rosidl_generator_c__visibility_control.h
[0.991s] -- Up-to-date: /media/ros/fedora/home/maylis/Dokumente/TeleNav/install/my_robot_interfaces/include/my_robot_interfaces/my_robot_interfaces/msg/hardware_status.h
[0.991s] -- Up-to-date: /media/ros/fedora/home/maylis/Dokumente/TeleNav/install/my_robot_interfaces/include/my_robot_interfaces/my_robot_interfaces/msg/detail
[0.991s] -- Up-to-date: /media/ros/fedora/home/maylis/Dokumente/TeleNav/install/my_robot_interfaces/include/my_robot_interfaces/my_robot_interfaces/msg/detail/hardware_status__functions.c
[0.992s] -- Up-to-date: /media/ros/fedora/home/maylis/Dokumente/TeleNav/install/my_robot_interfaces/include/my_robot_interfaces/my_robot_interfaces/msg/detail/hardware_status__functions.h
[0.992s] -- Up-to-date: /media/ros/fedora/home/maylis/Dokumente/TeleNav/install/my_robot_interfaces/include/my_robot_interfaces/my_robot_interfaces/msg/detail/hardware_status__struct.h
[0.992s] -- Up-to-date: /media/ros/fedora/home/maylis/Dokumente/TeleNav/install/my_robot_interfaces/include/my_robot_interfaces/my_robot_interfaces/msg/detail/hardware_status__type_support.h
[0.992s] -- Up-to-date: /media/ros/fedora/home/maylis/Dokumente/TeleNav/install/my_robot_interfaces/include/my_robot_interfaces/my_robot_interfaces/msg/detail/led_state__functions.c
[0.992s] -- Up-to-date: /media/ros/fedora/home/maylis/Dokumente/TeleNav/install/my_robot_interfaces/include/my_robot_interfaces/my_robot_interfaces/msg/detail/led_state__functions.h
[0.992s] -- Up-to-date: /media/ros/fedora/home/maylis/Dokumente/TeleNav/install/my_robot_interfaces/include/my_robot_interfaces/my_robot_interfaces/msg/detail/led_state__struct.h
[0.992s] -- Up-to-date: /media/ros/fedora/home/maylis/Dokumente/TeleNav/install/my_robot_interfaces/include/my_robot_interfaces/my_robot_interfaces/msg/detail/led_state__type_support.h
[0.993s] -- Up-to-date: /media/ros/fedora/home/maylis/Dokumente/TeleNav/install/my_robot_interfaces/include/my_robot_interfaces/my_robot_interfaces/msg/led_state.h
[0.993s] -- Up-to-date: /media/ros/fedora/home/maylis/Dokumente/TeleNav/install/my_robot_interfaces/include/my_robot_interfaces/my_robot_interfaces/srv
[0.993s] -- Up-to-date: /media/ros/fedora/home/maylis/Dokumente/TeleNav/install/my_robot_interfaces/include/my_robot_interfaces/my_robot_interfaces/srv/compute_rectangle_area.h
[0.993s] -- Up-to-date: /media/ros/fedora/home/maylis/Dokumente/TeleNav/install/my_robot_interfaces/include/my_robot_interfaces/my_robot_interfaces/srv/detail
[0.993s] -- Up-to-date: /media/ros/fedora/home/maylis/Dokumente/TeleNav/install/my_robot_interfaces/include/my_robot_interfaces/my_robot_interfaces/srv/detail/compute_rectangle_area__functions.c
[0.994s] -- Up-to-date: /media/ros/fedora/home/maylis/Dokumente/TeleNav/install/my_robot_interfaces/include/my_robot_interfaces/my_robot_interfaces/srv/detail/compute_rectangle_area__functions.h
[0.995s] -- Up-to-date: /media/ros/fedora/home/maylis/Dokumente/TeleNav/install/my_robot_interfaces/include/my_robot_interfaces/my_robot_interfaces/srv/detail/compute_rectangle_area__struct.h
[0.995s] -- Up-to-date: /media/ros/fedora/home/maylis/Dokumente/TeleNav/install/my_robot_interfaces/include/my_robot_interfaces/my_robot_interfaces/srv/detail/compute_rectangle_area__type_support.h
[0.995s] -- Up-to-date: /media/ros/fedora/home/maylis/Dokumente/TeleNav/install/my_robot_interfaces/include/my_robot_interfaces/my_robot_interfaces/srv/detail/set_led__functions.c
[0.995s] -- Up-to-date: /media/ros/fedora/home/maylis/Dokumente/TeleNav/install/my_robot_interfaces/include/my_robot_interfaces/my_robot_interfaces/srv/detail/set_led__functions.h
[0.995s] -- Up-to-date: /media/ros/fedora/home/maylis/Dokumente/TeleNav/install/my_robot_interfaces/include/my_robot_interfaces/my_robot_interfaces/srv/detail/set_led__struct.h
[0.996s] -- Up-to-date: /media/ros/fedora/home/maylis/Dokumente/TeleNav/install/my_robot_interfaces/include/my_robot_interfaces/my_robot_interfaces/srv/detail/set_led__type_support.h
[0.996s] -- Up-to-date: /media/ros/fedora/home/maylis/Dokumente/TeleNav/install/my_robot_interfaces/include/my_robot_interfaces/my_robot_interfaces/srv/set_led.h
[0.996s] -- Up-to-date: /media/ros/fedora/home/maylis/Dokumente/TeleNav/install/my_robot_interfaces/share/my_robot_interfaces/environment/library_path.sh
[0.996s] -- Up-to-date: /media/ros/fedora/home/maylis/Dokumente/TeleNav/install/my_robot_interfaces/share/my_robot_interfaces/environment/library_path.dsv
[0.996s] -- Up-to-date: /media/ros/fedora/home/maylis/Dokumente/TeleNav/install/my_robot_interfaces/lib/libmy_robot_interfaces__rosidl_generator_c.so
[0.997s] -- Up-to-date: /media/ros/fedora/home/maylis/Dokumente/TeleNav/install/my_robot_interfaces/include/my_robot_interfaces/my_robot_interfaces
[0.997s] -- Up-to-date: /media/ros/fedora/home/maylis/Dokumente/TeleNav/install/my_robot_interfaces/include/my_robot_interfaces/my_robot_interfaces/msg
[0.997s] -- Up-to-date: /media/ros/fedora/home/maylis/Dokumente/TeleNav/install/my_robot_interfaces/include/my_robot_interfaces/my_robot_interfaces/msg/rosidl_typesupport_fastrtps_c__visibility_control.h
[0.997s] -- Up-to-date: /media/ros/fedora/home/maylis/Dokumente/TeleNav/install/my_robot_interfaces/include/my_robot_interfaces/my_robot_interfaces/msg/detail
[0.998s] -- Up-to-date: /media/ros/fedora/home/maylis/Dokumente/TeleNav/install/my_robot_interfaces/include/my_robot_interfaces/my_robot_interfaces/msg/detail/hardware_status__rosidl_typesupport_fastrtps_c.h
[0.998s] -- Up-to-date: /media/ros/fedora/home/maylis/Dokumente/TeleNav/install/my_robot_interfaces/include/my_robot_interfaces/my_robot_interfaces/msg/detail/led_state__rosidl_typesupport_fastrtps_c.h
[0.998s] -- Up-to-date: /media/ros/fedora/home/maylis/Dokumente/TeleNav/install/my_robot_interfaces/include/my_robot_interfaces/my_robot_interfaces/srv
[0.998s] -- Up-to-date: /media/ros/fedora/home/maylis/Dokumente/TeleNav/install/my_robot_interfaces/include/my_robot_interfaces/my_robot_interfaces/srv/detail
[0.998s] -- Up-to-date: /media/ros/fedora/home/maylis/Dokumente/TeleNav/install/my_robot_interfaces/include/my_robot_interfaces/my_robot_interfaces/srv/detail/compute_rectangle_area__rosidl_typesupport_fastrtps_c.h
[0.999s] -- Up-to-date: /media/ros/fedora/home/maylis/Dokumente/TeleNav/install/my_robot_interfaces/include/my_robot_interfaces/my_robot_interfaces/srv/detail/set_led__rosidl_typesupport_fastrtps_c.h
[0.999s] -- Up-to-date: /media/ros/fedora/home/maylis/Dokumente/TeleNav/install/my_robot_interfaces/lib/libmy_robot_interfaces__rosidl_typesupport_fastrtps_c.so
[0.999s] -- Up-to-date: /media/ros/fedora/home/maylis/Dokumente/TeleNav/install/my_robot_interfaces/include/my_robot_interfaces/my_robot_interfaces
[0.999s] -- Up-to-date: /media/ros/fedora/home/maylis/Dokumente/TeleNav/install/my_robot_interfaces/include/my_robot_interfaces/my_robot_interfaces/msg
[1.000s] -- Up-to-date: /media/ros/fedora/home/maylis/Dokumente/TeleNav/install/my_robot_interfaces/include/my_robot_interfaces/my_robot_interfaces/msg/rosidl_typesupport_introspection_c__visibility_control.h
[1.000s] -- Up-to-date: /media/ros/fedora/home/maylis/Dokumente/TeleNav/install/my_robot_interfaces/include/my_robot_interfaces/my_robot_interfaces/msg/detail
[1.000s] -- Up-to-date: /media/ros/fedora/home/maylis/Dokumente/TeleNav/install/my_robot_interfaces/include/my_robot_interfaces/my_robot_interfaces/msg/detail/hardware_status__rosidl_typesupport_introspection_c.h
[1.000s] -- Up-to-date: /media/ros/fedora/home/maylis/Dokumente/TeleNav/install/my_robot_interfaces/include/my_robot_interfaces/my_robot_interfaces/msg/detail/hardware_status__type_support.c
[1.000s] -- Up-to-date: /media/ros/fedora/home/maylis/Dokumente/TeleNav/install/my_robot_interfaces/include/my_robot_interfaces/my_robot_interfaces/msg/detail/led_state__rosidl_typesupport_introspection_c.h
[1.001s] -- Up-to-date: /media/ros/fedora/home/maylis/Dokumente/TeleNav/install/my_robot_interfaces/include/my_robot_interfaces/my_robot_interfaces/msg/detail/led_state__type_support.c
[1.001s] -- Up-to-date: /media/ros/fedora/home/maylis/Dokumente/TeleNav/install/my_robot_interfaces/include/my_robot_interfaces/my_robot_interfaces/srv
[1.001s] -- Up-to-date: /media/ros/fedora/home/maylis/Dokumente/TeleNav/install/my_robot_interfaces/include/my_robot_interfaces/my_robot_interfaces/srv/detail
[1.001s] -- Up-to-date: /media/ros/fedora/home/maylis/Dokumente/TeleNav/install/my_robot_interfaces/include/my_robot_interfaces/my_robot_interfaces/srv/detail/compute_rectangle_area__rosidl_typesupport_introspection_c.h
[1.001s] -- Up-to-date: /media/ros/fedora/home/maylis/Dokumente/TeleNav/install/my_robot_interfaces/include/my_robot_interfaces/my_robot_interfaces/srv/detail/compute_rectangle_area__type_support.c
[1.001s] -- Up-to-date: /media/ros/fedora/home/maylis/Dokumente/TeleNav/install/my_robot_interfaces/include/my_robot_interfaces/my_robot_interfaces/srv/detail/set_led__rosidl_typesupport_introspection_c.h
[1.001s] -- Up-to-date: /media/ros/fedora/home/maylis/Dokumente/TeleNav/install/my_robot_interfaces/include/my_robot_interfaces/my_robot_interfaces/srv/detail/set_led__type_support.c
[1.001s] -- Up-to-date: /media/ros/fedora/home/maylis/Dokumente/TeleNav/install/my_robot_interfaces/lib/libmy_robot_interfaces__rosidl_typesupport_introspection_c.so
[1.001s] -- Up-to-date: /media/ros/fedora/home/maylis/Dokumente/TeleNav/install/my_robot_interfaces/lib/libmy_robot_interfaces__rosidl_typesupport_c.so
[1.002s] -- Up-to-date: /media/ros/fedora/home/maylis/Dokumente/TeleNav/install/my_robot_interfaces/include/my_robot_interfaces/my_robot_interfaces
[1.002s] -- Up-to-date: /media/ros/fedora/home/maylis/Dokumente/TeleNav/install/my_robot_interfaces/include/my_robot_interfaces/my_robot_interfaces/msg
[1.002s] -- Up-to-date: /media/ros/fedora/home/maylis/Dokumente/TeleNav/install/my_robot_interfaces/include/my_robot_interfaces/my_robot_interfaces/msg/rosidl_generator_cpp__visibility_control.hpp
[1.002s] -- Up-to-date: /media/ros/fedora/home/maylis/Dokumente/TeleNav/install/my_robot_interfaces/include/my_robot_interfaces/my_robot_interfaces/msg/detail
[1.002s] -- Up-to-date: /media/ros/fedora/home/maylis/Dokumente/TeleNav/install/my_robot_interfaces/include/my_robot_interfaces/my_robot_interfaces/msg/detail/hardware_status__builder.hpp
[1.002s] -- Up-to-date: /media/ros/fedora/home/maylis/Dokumente/TeleNav/install/my_robot_interfaces/include/my_robot_interfaces/my_robot_interfaces/msg/detail/hardware_status__struct.hpp
[1.002s] -- Up-to-date: /media/ros/fedora/home/maylis/Dokumente/TeleNav/install/my_robot_interfaces/include/my_robot_interfaces/my_robot_interfaces/msg/detail/hardware_status__traits.hpp
[1.002s] -- Up-to-date: /media/ros/fedora/home/maylis/Dokumente/TeleNav/install/my_robot_interfaces/include/my_robot_interfaces/my_robot_interfaces/msg/detail/hardware_status__type_support.hpp
[1.002s] -- Up-to-date: /media/ros/fedora/home/maylis/Dokumente/TeleNav/install/my_robot_interfaces/include/my_robot_interfaces/my_robot_interfaces/msg/detail/led_state__builder.hpp
[1.002s] -- Up-to-date: /media/ros/fedora/home/maylis/Dokumente/TeleNav/install/my_robot_interfaces/include/my_robot_interfaces/my_robot_interfaces/msg/detail/led_state__struct.hpp
[1.002s] -- Up-to-date: /media/ros/fedora/home/maylis/Dokumente/TeleNav/install/my_robot_interfaces/include/my_robot_interfaces/my_robot_interfaces/msg/detail/led_state__traits.hpp
[1.002s] -- Up-to-date: /media/ros/fedora/home/maylis/Dokumente/TeleNav/install/my_robot_interfaces/include/my_robot_interfaces/my_robot_interfaces/msg/detail/led_state__type_support.hpp
[1.002s] -- Up-to-date: /media/ros/fedora/home/maylis/Dokumente/TeleNav/install/my_robot_interfaces/include/my_robot_interfaces/my_robot_interfaces/msg/hardware_status.hpp
[1.003s] -- Up-to-date: /media/ros/fedora/home/maylis/Dokumente/TeleNav/install/my_robot_interfaces/include/my_robot_interfaces/my_robot_interfaces/msg/led_state.hpp
[1.003s] -- Up-to-date: /media/ros/fedora/home/maylis/Dokumente/TeleNav/install/my_robot_interfaces/include/my_robot_interfaces/my_robot_interfaces/srv
[1.003s] -- Up-to-date: /media/ros/fedora/home/maylis/Dokumente/TeleNav/install/my_robot_interfaces/include/my_robot_interfaces/my_robot_interfaces/srv/compute_rectangle_area.hpp
[1.003s] -- Up-to-date: /media/ros/fedora/home/maylis/Dokumente/TeleNav/install/my_robot_interfaces/include/my_robot_interfaces/my_robot_interfaces/srv/detail
[1.003s] -- Up-to-date: /media/ros/fedora/home/maylis/Dokumente/TeleNav/install/my_robot_interfaces/include/my_robot_interfaces/my_robot_interfaces/srv/detail/compute_rectangle_area__builder.hpp
[1.003s] -- Up-to-date: /media/ros/fedora/home/maylis/Dokumente/TeleNav/install/my_robot_interfaces/include/my_robot_interfaces/my_robot_interfaces/srv/detail/compute_rectangle_area__struct.hpp
[1.003s] -- Up-to-date: /media/ros/fedora/home/maylis/Dokumente/TeleNav/install/my_robot_interfaces/include/my_robot_interfaces/my_robot_interfaces/srv/detail/compute_rectangle_area__traits.hpp
[1.003s] -- Up-to-date: /media/ros/fedora/home/maylis/Dokumente/TeleNav/install/my_robot_interfaces/include/my_robot_interfaces/my_robot_interfaces/srv/detail/compute_rectangle_area__type_support.hpp
[1.003s] -- Up-to-date: /media/ros/fedora/home/maylis/Dokumente/TeleNav/install/my_robot_interfaces/include/my_robot_interfaces/my_robot_interfaces/srv/detail/set_led__builder.hpp
[1.003s] -- Up-to-date: /media/ros/fedora/home/maylis/Dokumente/TeleNav/install/my_robot_interfaces/include/my_robot_interfaces/my_robot_interfaces/srv/detail/set_led__struct.hpp
[1.003s] -- Up-to-date: /media/ros/fedora/home/maylis/Dokumente/TeleNav/install/my_robot_interfaces/include/my_robot_interfaces/my_robot_interfaces/srv/detail/set_led__traits.hpp
[1.003s] -- Up-to-date: /media/ros/fedora/home/maylis/Dokumente/TeleNav/install/my_robot_interfaces/include/my_robot_interfaces/my_robot_interfaces/srv/detail/set_led__type_support.hpp
[1.003s] -- Up-to-date: /media/ros/fedora/home/maylis/Dokumente/TeleNav/install/my_robot_interfaces/include/my_robot_interfaces/my_robot_interfaces/srv/set_led.hpp
[1.004s] -- Up-to-date: /media/ros/fedora/home/maylis/Dokumente/TeleNav/install/my_robot_interfaces/include/my_robot_interfaces/my_robot_interfaces
[1.004s] -- Up-to-date: /media/ros/fedora/home/maylis/Dokumente/TeleNav/install/my_robot_interfaces/include/my_robot_interfaces/my_robot_interfaces/msg
[1.004s] -- Up-to-date: /media/ros/fedora/home/maylis/Dokumente/TeleNav/install/my_robot_interfaces/include/my_robot_interfaces/my_robot_interfaces/msg/rosidl_typesupport_fastrtps_cpp__visibility_control.h
[1.004s] -- Up-to-date: /media/ros/fedora/home/maylis/Dokumente/TeleNav/install/my_robot_interfaces/include/my_robot_interfaces/my_robot_interfaces/msg/detail
[1.004s] -- Up-to-date: /media/ros/fedora/home/maylis/Dokumente/TeleNav/install/my_robot_interfaces/include/my_robot_interfaces/my_robot_interfaces/msg/detail/hardware_status__rosidl_typesupport_fastrtps_cpp.hpp
[1.004s] -- Up-to-date: /media/ros/fedora/home/maylis/Dokumente/TeleNav/install/my_robot_interfaces/include/my_robot_interfaces/my_robot_interfaces/msg/detail/dds_fastrtps
[1.004s] -- Up-to-date: /media/ros/fedora/home/maylis/Dokumente/TeleNav/install/my_robot_interfaces/include/my_robot_interfaces/my_robot_interfaces/msg/detail/led_state__rosidl_typesupport_fastrtps_cpp.hpp
[1.004s] -- Up-to-date: /media/ros/fedora/home/maylis/Dokumente/TeleNav/install/my_robot_interfaces/include/my_robot_interfaces/my_robot_interfaces/srv
[1.004s] -- Up-to-date: /media/ros/fedora/home/maylis/Dokumente/TeleNav/install/my_robot_interfaces/include/my_robot_interfaces/my_robot_interfaces/srv/detail
[1.004s] -- Up-to-date: /media/ros/fedora/home/maylis/Dokumente/TeleNav/install/my_robot_interfaces/include/my_robot_interfaces/my_robot_interfaces/srv/detail/compute_rectangle_area__rosidl_typesupport_fastrtps_cpp.hpp
[1.004s] -- Up-to-date: /media/ros/fedora/home/maylis/Dokumente/TeleNav/install/my_robot_interfaces/include/my_robot_interfaces/my_robot_interfaces/srv/detail/dds_fastrtps
[1.004s] -- Up-to-date: /media/ros/fedora/home/maylis/Dokumente/TeleNav/install/my_robot_interfaces/include/my_robot_interfaces/my_robot_interfaces/srv/detail/set_led__rosidl_typesupport_fastrtps_cpp.hpp
[1.004s] -- Up-to-date: /media/ros/fedora/home/maylis/Dokumente/TeleNav/install/my_robot_interfaces/lib/libmy_robot_interfaces__rosidl_typesupport_fastrtps_cpp.so
[1.005s] -- Up-to-date: /media/ros/fedora/home/maylis/Dokumente/TeleNav/install/my_robot_interfaces/include/my_robot_interfaces/my_robot_interfaces
[1.005s] -- Up-to-date: /media/ros/fedora/home/maylis/Dokumente/TeleNav/install/my_robot_interfaces/include/my_robot_interfaces/my_robot_interfaces/msg
[1.005s] -- Up-to-date: /media/ros/fedora/home/maylis/Dokumente/TeleNav/install/my_robot_interfaces/include/my_robot_interfaces/my_robot_interfaces/msg/detail
[1.005s] -- Up-to-date: /media/ros/fedora/home/maylis/Dokumente/TeleNav/install/my_robot_interfaces/include/my_robot_interfaces/my_robot_interfaces/msg/detail/hardware_status__rosidl_typesupport_introspection_cpp.hpp
[1.005s] -- Up-to-date: /media/ros/fedora/home/maylis/Dokumente/TeleNav/install/my_robot_interfaces/include/my_robot_interfaces/my_robot_interfaces/msg/detail/hardware_status__type_support.cpp
[1.005s] -- Up-to-date: /media/ros/fedora/home/maylis/Dokumente/TeleNav/install/my_robot_interfaces/include/my_robot_interfaces/my_robot_interfaces/msg/detail/led_state__rosidl_typesupport_introspection_cpp.hpp
[1.005s] -- Up-to-date: /media/ros/fedora/home/maylis/Dokumente/TeleNav/install/my_robot_interfaces/include/my_robot_interfaces/my_robot_interfaces/msg/detail/led_state__type_support.cpp
[1.005s] -- Up-to-date: /media/ros/fedora/home/maylis/Dokumente/TeleNav/install/my_robot_interfaces/include/my_robot_interfaces/my_robot_interfaces/srv
[1.005s] -- Up-to-date: /media/ros/fedora/home/maylis/Dokumente/TeleNav/install/my_robot_interfaces/include/my_robot_interfaces/my_robot_interfaces/srv/detail
[1.005s] -- Up-to-date: /media/ros/fedora/home/maylis/Dokumente/TeleNav/install/my_robot_interfaces/include/my_robot_interfaces/my_robot_interfaces/srv/detail/compute_rectangle_area__rosidl_typesupport_introspection_cpp.hpp
[1.005s] -- Up-to-date: /media/ros/fedora/home/maylis/Dokumente/TeleNav/install/my_robot_interfaces/include/my_robot_interfaces/my_robot_interfaces/srv/detail/compute_rectangle_area__type_support.cpp
[1.005s] -- Up-to-date: /media/ros/fedora/home/maylis/Dokumente/TeleNav/install/my_robot_interfaces/include/my_robot_interfaces/my_robot_interfaces/srv/detail/set_led__rosidl_typesupport_introspection_cpp.hpp
[1.006s] -- Up-to-date: /media/ros/fedora/home/maylis/Dokumente/TeleNav/install/my_robot_interfaces/include/my_robot_interfaces/my_robot_interfaces/srv/detail/set_led__type_support.cpp
[1.006s] -- Up-to-date: /media/ros/fedora/home/maylis/Dokumente/TeleNav/install/my_robot_interfaces/lib/libmy_robot_interfaces__rosidl_typesupport_introspection_cpp.so
[1.006s] -- Up-to-date: /media/ros/fedora/home/maylis/Dokumente/TeleNav/install/my_robot_interfaces/lib/libmy_robot_interfaces__rosidl_typesupport_cpp.so
[1.006s] -- Up-to-date: /media/ros/fedora/home/maylis/Dokumente/TeleNav/install/my_robot_interfaces/share/my_robot_interfaces/environment/pythonpath.sh
[1.006s] -- Up-to-date: /media/ros/fedora/home/maylis/Dokumente/TeleNav/install/my_robot_interfaces/share/my_robot_interfaces/environment/pythonpath.dsv
[1.006s] -- Up-to-date: /media/ros/fedora/home/maylis/Dokumente/TeleNav/install/my_robot_interfaces/local/lib/python3.10/dist-packages/my_robot_interfaces-0.0.0-py3.10.egg-info
[1.006s] -- Installing: /media/ros/fedora/home/maylis/Dokumente/TeleNav/install/my_robot_interfaces/local/lib/python3.10/dist-packages/my_robot_interfaces-0.0.0-py3.10.egg-info/PKG-INFO
[1.006s] -- Installing: /media/ros/fedora/home/maylis/Dokumente/TeleNav/install/my_robot_interfaces/local/lib/python3.10/dist-packages/my_robot_interfaces-0.0.0-py3.10.egg-info/dependency_links.txt
[1.006s] -- Installing: /media/ros/fedora/home/maylis/Dokumente/TeleNav/install/my_robot_interfaces/local/lib/python3.10/dist-packages/my_robot_interfaces-0.0.0-py3.10.egg-info/top_level.txt
[1.006s] -- Installing: /media/ros/fedora/home/maylis/Dokumente/TeleNav/install/my_robot_interfaces/local/lib/python3.10/dist-packages/my_robot_interfaces-0.0.0-py3.10.egg-info/SOURCES.txt
[1.006s] -- Up-to-date: /media/ros/fedora/home/maylis/Dokumente/TeleNav/install/my_robot_interfaces/local/lib/python3.10/dist-packages/my_robot_interfaces
[1.006s] -- Up-to-date: /media/ros/fedora/home/maylis/Dokumente/TeleNav/install/my_robot_interfaces/local/lib/python3.10/dist-packages/my_robot_interfaces/__init__.py
[1.007s] -- Up-to-date: /media/ros/fedora/home/maylis/Dokumente/TeleNav/install/my_robot_interfaces/local/lib/python3.10/dist-packages/my_robot_interfaces/msg
[1.007s] -- Up-to-date: /media/ros/fedora/home/maylis/Dokumente/TeleNav/install/my_robot_interfaces/local/lib/python3.10/dist-packages/my_robot_interfaces/msg/_hardware_status.py
[1.007s] -- Up-to-date: /media/ros/fedora/home/maylis/Dokumente/TeleNav/install/my_robot_interfaces/local/lib/python3.10/dist-packages/my_robot_interfaces/msg/_hardware_status_s.c
[1.007s] -- Up-to-date: /media/ros/fedora/home/maylis/Dokumente/TeleNav/install/my_robot_interfaces/local/lib/python3.10/dist-packages/my_robot_interfaces/msg/__init__.py
[1.007s] -- Up-to-date: /media/ros/fedora/home/maylis/Dokumente/TeleNav/install/my_robot_interfaces/local/lib/python3.10/dist-packages/my_robot_interfaces/msg/_led_state.py
[1.007s] -- Up-to-date: /media/ros/fedora/home/maylis/Dokumente/TeleNav/install/my_robot_interfaces/local/lib/python3.10/dist-packages/my_robot_interfaces/msg/_led_state_s.c
[1.007s] -- Up-to-date: /media/ros/fedora/home/maylis/Dokumente/TeleNav/install/my_robot_interfaces/local/lib/python3.10/dist-packages/my_robot_interfaces/srv
[1.007s] -- Up-to-date: /media/ros/fedora/home/maylis/Dokumente/TeleNav/install/my_robot_interfaces/local/lib/python3.10/dist-packages/my_robot_interfaces/srv/_compute_rectangle_area.py
[1.007s] -- Up-to-date: /media/ros/fedora/home/maylis/Dokumente/TeleNav/install/my_robot_interfaces/local/lib/python3.10/dist-packages/my_robot_interfaces/srv/_compute_rectangle_area_s.c
[1.007s] -- Up-to-date: /media/ros/fedora/home/maylis/Dokumente/TeleNav/install/my_robot_interfaces/local/lib/python3.10/dist-packages/my_robot_interfaces/srv/__init__.py
[1.007s] -- Up-to-date: /media/ros/fedora/home/maylis/Dokumente/TeleNav/install/my_robot_interfaces/local/lib/python3.10/dist-packages/my_robot_interfaces/srv/_set_led.py
[1.007s] -- Up-to-date: /media/ros/fedora/home/maylis/Dokumente/TeleNav/install/my_robot_interfaces/local/lib/python3.10/dist-packages/my_robot_interfaces/srv/_set_led_s.c
[1.007s] -- Up-to-date: /media/ros/fedora/home/maylis/Dokumente/TeleNav/install/my_robot_interfaces/local/lib/python3.10/dist-packages/my_robot_interfaces/_my_robot_interfaces_s.ep.rosidl_typesupport_introspection_c.c
[1.008s] -- Up-to-date: /media/ros/fedora/home/maylis/Dokumente/TeleNav/install/my_robot_interfaces/local/lib/python3.10/dist-packages/my_robot_interfaces/_my_robot_interfaces_s.ep.rosidl_typesupport_c.c
[1.008s] -- Up-to-date: /media/ros/fedora/home/maylis/Dokumente/TeleNav/install/my_robot_interfaces/local/lib/python3.10/dist-packages/my_robot_interfaces/_my_robot_interfaces_s.ep.rosidl_typesupport_fastrtps_c.c
[1.008s] -- Up-to-date: /media/ros/fedora/home/maylis/Dokumente/TeleNav/install/my_robot_interfaces/local/lib/python3.10/dist-packages/my_robot_interfaces/libmy_robot_interfaces__rosidl_generator_py.so
[1.008s] -- Up-to-date: /media/ros/fedora/home/maylis/Dokumente/TeleNav/install/my_robot_interfaces/local/lib/python3.10/dist-packages/my_robot_interfaces/my_robot_interfaces_s__rosidl_typesupport_introspection_c.cpython-310-x86_64-linux-gnu.so
[1.008s] -- Up-to-date: /media/ros/fedora/home/maylis/Dokumente/TeleNav/install/my_robot_interfaces/local/lib/python3.10/dist-packages/my_robot_interfaces/my_robot_interfaces_s__rosidl_typesupport_c.cpython-310-x86_64-linux-gnu.so
[1.008s] -- Up-to-date: /media/ros/fedora/home/maylis/Dokumente/TeleNav/install/my_robot_interfaces/local/lib/python3.10/dist-packages/my_robot_interfaces/my_robot_interfaces_s__rosidl_typesupport_fastrtps_c.cpython-310-x86_64-linux-gnu.so
[1.047s] Listing '/media/ros/fedora/home/maylis/Dokumente/TeleNav/install/my_robot_interfaces/local/lib/python3.10/dist-packages/my_robot_interfaces'...
[1.047s] Listing '/media/ros/fedora/home/maylis/Dokumente/TeleNav/install/my_robot_interfaces/local/lib/python3.10/dist-packages/my_robot_interfaces/msg'...
[1.047s] Listing '/media/ros/fedora/home/maylis/Dokumente/TeleNav/install/my_robot_interfaces/local/lib/python3.10/dist-packages/my_robot_interfaces/srv'...
[1.056s] -- Up-to-date: /media/ros/fedora/home/maylis/Dokumente/TeleNav/install/my_robot_interfaces/local/lib/python3.10/dist-packages/my_robot_interfaces/my_robot_interfaces_s__rosidl_typesupport_fastrtps_c.cpython-310-x86_64-linux-gnu.so
[1.056s] -- Up-to-date: /media/ros/fedora/home/maylis/Dokumente/TeleNav/install/my_robot_interfaces/local/lib/python3.10/dist-packages/my_robot_interfaces/my_robot_interfaces_s__rosidl_typesupport_introspection_c.cpython-310-x86_64-linux-gnu.so
[1.057s] -- Up-to-date: /media/ros/fedora/home/maylis/Dokumente/TeleNav/install/my_robot_interfaces/local/lib/python3.10/dist-packages/my_robot_interfaces/my_robot_interfaces_s__rosidl_typesupport_c.cpython-310-x86_64-linux-gnu.so
[1.057s] -- Up-to-date: /media/ros/fedora/home/maylis/Dokumente/TeleNav/install/my_robot_interfaces/lib/libmy_robot_interfaces__rosidl_generator_py.so
[1.058s] -- Up-to-date: /media/ros/fedora/home/maylis/Dokumente/TeleNav/install/my_robot_interfaces/share/my_robot_interfaces/msg/HardwareStatus.idl
[1.058s] -- Up-to-date: /media/ros/fedora/home/maylis/Dokumente/TeleNav/install/my_robot_interfaces/share/my_robot_interfaces/srv/ComputeRectangleArea.idl
[1.058s] -- Up-to-date: /media/ros/fedora/home/maylis/Dokumente/TeleNav/install/my_robot_interfaces/share/my_robot_interfaces/msg/LedState.idl
[1.058s] -- Up-to-date: /media/ros/fedora/home/maylis/Dokumente/TeleNav/install/my_robot_interfaces/share/my_robot_interfaces/srv/SetLed.idl
[1.058s] -- Up-to-date: /media/ros/fedora/home/maylis/Dokumente/TeleNav/install/my_robot_interfaces/share/my_robot_interfaces/msg/HardwareStatus.msg
[1.059s] -- Up-to-date: /media/ros/fedora/home/maylis/Dokumente/TeleNav/install/my_robot_interfaces/share/my_robot_interfaces/srv/ComputeRectangleArea.srv
[1.059s] -- Up-to-date: /media/ros/fedora/home/maylis/Dokumente/TeleNav/install/my_robot_interfaces/share/my_robot_interfaces/srv/ComputeRectangleArea_Request.msg
[1.059s] -- Up-to-date: /media/ros/fedora/home/maylis/Dokumente/TeleNav/install/my_robot_interfaces/share/my_robot_interfaces/srv/ComputeRectangleArea_Response.msg
[1.059s] -- Up-to-date: /media/ros/fedora/home/maylis/Dokumente/TeleNav/install/my_robot_interfaces/share/my_robot_interfaces/msg/LedState.msg
[1.059s] -- Up-to-date: /media/ros/fedora/home/maylis/Dokumente/TeleNav/install/my_robot_interfaces/share/my_robot_interfaces/srv/SetLed.srv
[1.059s] -- Up-to-date: /media/ros/fedora/home/maylis/Dokumente/TeleNav/install/my_robot_interfaces/share/my_robot_interfaces/srv/SetLed_Request.msg
[1.059s] -- Up-to-date: /media/ros/fedora/home/maylis/Dokumente/TeleNav/install/my_robot_interfaces/share/my_robot_interfaces/srv/SetLed_Response.msg
[1.059s] -- Up-to-date: /media/ros/fedora/home/maylis/Dokumente/TeleNav/install/my_robot_interfaces/share/ament_index/resource_index/package_run_dependencies/my_robot_interfaces
[1.059s] -- Up-to-date: /media/ros/fedora/home/maylis/Dokumente/TeleNav/install/my_robot_interfaces/share/ament_index/resource_index/parent_prefix_path/my_robot_interfaces
[1.059s] -- Up-to-date: /media/ros/fedora/home/maylis/Dokumente/TeleNav/install/my_robot_interfaces/share/my_robot_interfaces/environment/ament_prefix_path.sh
[1.060s] -- Up-to-date: /media/ros/fedora/home/maylis/Dokumente/TeleNav/install/my_robot_interfaces/share/my_robot_interfaces/environment/ament_prefix_path.dsv
[1.060s] -- Up-to-date: /media/ros/fedora/home/maylis/Dokumente/TeleNav/install/my_robot_interfaces/share/my_robot_interfaces/environment/path.sh
[1.060s] -- Up-to-date: /media/ros/fedora/home/maylis/Dokumente/TeleNav/install/my_robot_interfaces/share/my_robot_interfaces/environment/path.dsv
[1.060s] -- Up-to-date: /media/ros/fedora/home/maylis/Dokumente/TeleNav/install/my_robot_interfaces/share/my_robot_interfaces/local_setup.bash
[1.060s] -- Up-to-date: /media/ros/fedora/home/maylis/Dokumente/TeleNav/install/my_robot_interfaces/share/my_robot_interfaces/local_setup.sh
[1.060s] -- Up-to-date: /media/ros/fedora/home/maylis/Dokumente/TeleNav/install/my_robot_interfaces/share/my_robot_interfaces/local_setup.zsh
[1.060s] -- Up-to-date: /media/ros/fedora/home/maylis/Dokumente/TeleNav/install/my_robot_interfaces/share/my_robot_interfaces/local_setup.dsv
[1.060s] -- Installing: /media/ros/fedora/home/maylis/Dokumente/TeleNav/install/my_robot_interfaces/share/my_robot_interfaces/package.dsv
[1.060s] -- Up-to-date: /media/ros/fedora/home/maylis/Dokumente/TeleNav/install/my_robot_interfaces/share/ament_index/resource_index/packages/my_robot_interfaces
[1.060s] -- Up-to-date: /media/ros/fedora/home/maylis/Dokumente/TeleNav/install/my_robot_interfaces/share/my_robot_interfaces/cmake/export_my_robot_interfaces__rosidl_generator_cExport.cmake
[1.061s] -- Up-to-date: /media/ros/fedora/home/maylis/Dokumente/TeleNav/install/my_robot_interfaces/share/my_robot_interfaces/cmake/export_my_robot_interfaces__rosidl_generator_cExport-noconfig.cmake
[1.061s] -- Up-to-date: /media/ros/fedora/home/maylis/Dokumente/TeleNav/install/my_robot_interfaces/share/my_robot_interfaces/cmake/export_my_robot_interfaces__rosidl_typesupport_fastrtps_cExport.cmake
[1.061s] -- Up-to-date: /media/ros/fedora/home/maylis/Dokumente/TeleNav/install/my_robot_interfaces/share/my_robot_interfaces/cmake/export_my_robot_interfaces__rosidl_typesupport_fastrtps_cExport-noconfig.cmake
[1.061s] -- Up-to-date: /media/ros/fedora/home/maylis/Dokumente/TeleNav/install/my_robot_interfaces/share/my_robot_interfaces/cmake/my_robot_interfaces__rosidl_typesupport_introspection_cExport.cmake
[1.061s] -- Up-to-date: /media/ros/fedora/home/maylis/Dokumente/TeleNav/install/my_robot_interfaces/share/my_robot_interfaces/cmake/my_robot_interfaces__rosidl_typesupport_introspection_cExport-noconfig.cmake
[1.061s] -- Up-to-date: /media/ros/fedora/home/maylis/Dokumente/TeleNav/install/my_robot_interfaces/share/my_robot_interfaces/cmake/my_robot_interfaces__rosidl_typesupport_cExport.cmake
[1.061s] -- Up-to-date: /media/ros/fedora/home/maylis/Dokumente/TeleNav/install/my_robot_interfaces/share/my_robot_interfaces/cmake/my_robot_interfaces__rosidl_typesupport_cExport-noconfig.cmake
[1.061s] -- Up-to-date: /media/ros/fedora/home/maylis/Dokumente/TeleNav/install/my_robot_interfaces/share/my_robot_interfaces/cmake/export_my_robot_interfaces__rosidl_generator_cppExport.cmake
[1.061s] -- Up-to-date: /media/ros/fedora/home/maylis/Dokumente/TeleNav/install/my_robot_interfaces/share/my_robot_interfaces/cmake/export_my_robot_interfaces__rosidl_typesupport_fastrtps_cppExport.cmake
[1.061s] -- Up-to-date: /media/ros/fedora/home/maylis/Dokumente/TeleNav/install/my_robot_interfaces/share/my_robot_interfaces/cmake/export_my_robot_interfaces__rosidl_typesupport_fastrtps_cppExport-noconfig.cmake
[1.062s] -- Up-to-date: /media/ros/fedora/home/maylis/Dokumente/TeleNav/install/my_robot_interfaces/share/my_robot_interfaces/cmake/my_robot_interfaces__rosidl_typesupport_introspection_cppExport.cmake
[1.062s] -- Up-to-date: /media/ros/fedora/home/maylis/Dokumente/TeleNav/install/my_robot_interfaces/share/my_robot_interfaces/cmake/my_robot_interfaces__rosidl_typesupport_introspection_cppExport-noconfig.cmake
[1.062s] -- Up-to-date: /media/ros/fedora/home/maylis/Dokumente/TeleNav/install/my_robot_interfaces/share/my_robot_interfaces/cmake/my_robot_interfaces__rosidl_typesupport_cppExport.cmake
[1.062s] -- Up-to-date: /media/ros/fedora/home/maylis/Dokumente/TeleNav/install/my_robot_interfaces/share/my_robot_interfaces/cmake/my_robot_interfaces__rosidl_typesupport_cppExport-noconfig.cmake
[1.062s] -- Up-to-date: /media/ros/fedora/home/maylis/Dokumente/TeleNav/install/my_robot_interfaces/share/my_robot_interfaces/cmake/export_my_robot_interfaces__rosidl_generator_pyExport.cmake
[1.062s] -- Up-to-date: /media/ros/fedora/home/maylis/Dokumente/TeleNav/install/my_robot_interfaces/share/my_robot_interfaces/cmake/export_my_robot_interfaces__rosidl_generator_pyExport-noconfig.cmake
[1.062s] -- Up-to-date: /media/ros/fedora/home/maylis/Dokumente/TeleNav/install/my_robot_interfaces/share/my_robot_interfaces/cmake/rosidl_cmake-extras.cmake
[1.062s] -- Up-to-date: /media/ros/fedora/home/maylis/Dokumente/TeleNav/install/my_robot_interfaces/share/my_robot_interfaces/cmake/ament_cmake_export_include_directories-extras.cmake
[1.062s] -- Up-to-date: /media/ros/fedora/home/maylis/Dokumente/TeleNav/install/my_robot_interfaces/share/my_robot_interfaces/cmake/ament_cmake_export_libraries-extras.cmake
[1.062s] -- Up-to-date: /media/ros/fedora/home/maylis/Dokumente/TeleNav/install/my_robot_interfaces/share/my_robot_interfaces/cmake/ament_cmake_export_targets-extras.cmake
[1.062s] -- Up-to-date: /media/ros/fedora/home/maylis/Dokumente/TeleNav/install/my_robot_interfaces/share/my_robot_interfaces/cmake/rosidl_cmake_export_typesupport_targets-extras.cmake
[1.062s] -- Up-to-date: /media/ros/fedora/home/maylis/Dokumente/TeleNav/install/my_robot_interfaces/share/my_robot_interfaces/cmake/ament_cmake_export_dependencies-extras.cmake
[1.063s] -- Up-to-date: /media/ros/fedora/home/maylis/Dokumente/TeleNav/install/my_robot_interfaces/share/my_robot_interfaces/cmake/rosidl_cmake_export_typesupport_libraries-extras.cmake
[1.063s] -- Up-to-date: /media/ros/fedora/home/maylis/Dokumente/TeleNav/install/my_robot_interfaces/share/my_robot_interfaces/cmake/my_robot_interfacesConfig.cmake
[1.063s] -- Up-to-date: /media/ros/fedora/home/maylis/Dokumente/TeleNav/install/my_robot_interfaces/share/my_robot_interfaces/cmake/my_robot_interfacesConfig-version.cmake
[1.063s] -- Up-to-date: /media/ros/fedora/home/maylis/Dokumente/TeleNav/install/my_robot_interfaces/share/my_robot_interfaces/package.xml
[1.064s] Invoked command in '/media/ros/fedora/home/maylis/Dokumente/TeleNav/build/my_robot_interfaces' returned '0': CMAKE_PREFIX_PATH=${CMAKE_PREFIX_PATH}:/media/ros/fedora/home/maylis/Dokumente/TeleNav/install/my_robot_controller:/opt/ros/humble /usr/bin/cmake --install /media/ros/fedora/home/maylis/Dokumente/TeleNav/build/my_robot_interfaces
