[1.385s] Invoking command in '/media/ros/fedora/home/maylis/Dokumente/TeleNav/turtle_follower_ws/src/turtle_controller': PYTHONPATH=/media/ros/fedora/home/maylis/Dokumente/TeleNav/build/turtle_controller/prefix_override:/usr/lib/python3/dist-packages/colcon_core/task/python/colcon_distutils_commands:/media/ros/fedora/home/maylis/Dokumente/TeleNav/install/turtle_controller/lib/python3.10/site-packages:${PYTHONPATH} /usr/bin/python3 -W ignore:setup.py install is deprecated -W ignore:easy_install command is deprecated setup.py egg_info --egg-base ../../../build/turtle_controller build --build-base /media/ros/fedora/home/maylis/Dokumente/TeleNav/build/turtle_controller/build install --record /media/ros/fedora/home/maylis/Dokumente/TeleNav/build/turtle_controller/install.log --single-version-externally-managed install_data
[1.695s] running egg_info
[1.696s] writing ../../../build/turtle_controller/turtle_controller.egg-info/PKG-INFO
[1.697s] writing dependency_links to ../../../build/turtle_controller/turtle_controller.egg-info/dependency_links.txt
[1.698s] writing entry points to ../../../build/turtle_controller/turtle_controller.egg-info/entry_points.txt
[1.699s] writing requirements to ../../../build/turtle_controller/turtle_controller.egg-info/requires.txt
[1.699s] writing top-level names to ../../../build/turtle_controller/turtle_controller.egg-info/top_level.txt
[1.701s] reading manifest file '../../../build/turtle_controller/turtle_controller.egg-info/SOURCES.txt'
[1.701s] writing manifest file '../../../build/turtle_controller/turtle_controller.egg-info/SOURCES.txt'
[1.702s] running build
[1.702s] running build_py
[1.702s] copying turtle_controller/turtle_controller.py -> /media/ros/fedora/home/maylis/Dokumente/TeleNav/build/turtle_controller/build/lib/turtle_controller
[1.706s] running install
[1.707s] running install_lib
[1.709s] copying /media/ros/fedora/home/maylis/Dokumente/TeleNav/build/turtle_controller/build/lib/turtle_controller/turtle_controller.py -> /media/ros/fedora/home/maylis/Dokumente/TeleNav/install/turtle_controller/lib/python3.10/site-packages/turtle_controller
[1.710s] byte-compiling /media/ros/fedora/home/maylis/Dokumente/TeleNav/install/turtle_controller/lib/python3.10/site-packages/turtle_controller/turtle_controller.py to turtle_controller.cpython-310.pyc
[1.711s] running install_data
[1.711s] running install_egg_info
[1.714s] removing '/media/ros/fedora/home/maylis/Dokumente/TeleNav/install/turtle_controller/lib/python3.10/site-packages/turtle_controller-0.0.0-py3.10.egg-info' (and everything under it)
[1.714s] Copying ../../../build/turtle_controller/turtle_controller.egg-info to /media/ros/fedora/home/maylis/Dokumente/TeleNav/install/turtle_controller/lib/python3.10/site-packages/turtle_controller-0.0.0-py3.10.egg-info
[1.715s] running install_scripts
[1.741s] Installing turtle_controller script to /media/ros/fedora/home/maylis/Dokumente/TeleNav/install/turtle_controller/lib/turtle_controller
[1.742s] writing list of installed files to '/media/ros/fedora/home/maylis/Dokumente/TeleNav/build/turtle_controller/install.log'
[1.784s] Invoked command in '/media/ros/fedora/home/maylis/Dokumente/TeleNav/turtle_follower_ws/src/turtle_controller' returned '0': PYTHONPATH=/media/ros/fedora/home/maylis/Dokumente/TeleNav/build/turtle_controller/prefix_override:/usr/lib/python3/dist-packages/colcon_core/task/python/colcon_distutils_commands:/media/ros/fedora/home/maylis/Dokumente/TeleNav/install/turtle_controller/lib/python3.10/site-packages:${PYTHONPATH} /usr/bin/python3 -W ignore:setup.py install is deprecated -W ignore:easy_install command is deprecated setup.py egg_info --egg-base ../../../build/turtle_controller build --build-base /media/ros/fedora/home/maylis/Dokumente/TeleNav/build/turtle_controller/build install --record /media/ros/fedora/home/maylis/Dokumente/TeleNav/build/turtle_controller/install.log --single-version-externally-managed install_data
