running egg_info
creating ../build/bumperbot_py_examples/bumperbot_py_examples.egg-info
writing ../build/bumperbot_py_examples/bumperbot_py_examples.egg-info/PKG-INFO
writing dependency_links to ../build/bumperbot_py_examples/bumperbot_py_examples.egg-info/dependency_links.txt
writing entry points to ../build/bumperbot_py_examples/bumperbot_py_examples.egg-info/entry_points.txt
writing requirements to ../build/bumperbot_py_examples/bumperbot_py_examples.egg-info/requires.txt
writing top-level names to ../build/bumperbot_py_examples/bumperbot_py_examples.egg-info/top_level.txt
writing manifest file '../build/bumperbot_py_examples/bumperbot_py_examples.egg-info/SOURCES.txt'
reading manifest file '../build/bumperbot_py_examples/bumperbot_py_examples.egg-info/SOURCES.txt'
writing manifest file '../build/bumperbot_py_examples/bumperbot_py_examples.egg-info/SOURCES.txt'
running build
running build_py
creating /media/ros/fedora/home/maylis/Dokumente/TeleNav/bumberbot_ws/build/bumperbot_py_examples/build
creating /media/ros/fedora/home/maylis/Dokumente/TeleNav/bumberbot_ws/build/bumperbot_py_examples/build/lib
creating /media/ros/fedora/home/maylis/Dokumente/TeleNav/bumberbot_ws/build/bumperbot_py_examples/build/lib/bumperbot_py_examples
copying bumperbot_py_examples/__init__.py -> /media/ros/fedora/home/maylis/Dokumente/TeleNav/bumberbot_ws/build/bumperbot_py_examples/build/lib/bumperbot_py_examples
running install
running install_lib
creating /media/ros/fedora/home/maylis/Dokumente/TeleNav/bumberbot_ws/install/bumperbot_py_examples/lib/python3.10/site-packages/bumperbot_py_examples
copying /media/ros/fedora/home/maylis/Dokumente/TeleNav/bumberbot_ws/build/bumperbot_py_examples/build/lib/bumperbot_py_examples/__init__.py -> /media/ros/fedora/home/maylis/Dokumente/TeleNav/bumberbot_ws/install/bumperbot_py_examples/lib/python3.10/site-packages/bumperbot_py_examples
byte-compiling /media/ros/fedora/home/maylis/Dokumente/TeleNav/bumberbot_ws/install/bumperbot_py_examples/lib/python3.10/site-packages/bumperbot_py_examples/__init__.py to __init__.cpython-310.pyc
running install_data
creating /media/ros/fedora/home/maylis/Dokumente/TeleNav/bumberbot_ws/install/bumperbot_py_examples/share/ament_index
creating /media/ros/fedora/home/maylis/Dokumente/TeleNav/bumberbot_ws/install/bumperbot_py_examples/share/ament_index/resource_index
creating /media/ros/fedora/home/maylis/Dokumente/TeleNav/bumberbot_ws/install/bumperbot_py_examples/share/ament_index/resource_index/packages
copying resource/bumperbot_py_examples -> /media/ros/fedora/home/maylis/Dokumente/TeleNav/bumberbot_ws/install/bumperbot_py_examples/share/ament_index/resource_index/packages
copying package.xml -> /media/ros/fedora/home/maylis/Dokumente/TeleNav/bumberbot_ws/install/bumperbot_py_examples/share/bumperbot_py_examples
running install_egg_info
Copying ../build/bumperbot_py_examples/bumperbot_py_examples.egg-info to /media/ros/fedora/home/maylis/Dokumente/TeleNav/bumberbot_ws/install/bumperbot_py_examples/lib/python3.10/site-packages/bumperbot_py_examples-0.0.0-py3.10.egg-info
running install_scripts
writing list of installed files to '/media/ros/fedora/home/maylis/Dokumente/TeleNav/bumberbot_ws/build/bumperbot_py_examples/install.log'
