[0.542s] Invoking command in '/media/ros/fedora/home/maylis/Dokumente/TeleNav/bumberbot_ws/bumperbot_py_examples': PYTHONPATH=/media/ros/fedora/home/maylis/Dokumente/TeleNav/bumberbot_ws/build/bumperbot_py_examples/prefix_override:/usr/lib/python3/dist-packages/colcon_core/task/python/colcon_distutils_commands:/media/ros/fedora/home/maylis/Dokumente/TeleNav/bumberbot_ws/install/bumperbot_py_examples/lib/python3.10/site-packages:${PYTHONPATH} /usr/bin/python3 -W ignore:setup.py install is deprecated -W ignore:easy_install command is deprecated setup.py egg_info --egg-base ../build/bumperbot_py_examples build --build-base /media/ros/fedora/home/maylis/Dokumente/TeleNav/bumberbot_ws/build/bumperbot_py_examples/build install --record /media/ros/fedora/home/maylis/Dokumente/TeleNav/bumberbot_ws/build/bumperbot_py_examples/install.log --single-version-externally-managed install_data
[0.738s] running egg_info
[0.739s] creating ../build/bumperbot_py_examples/bumperbot_py_examples.egg-info
[0.739s] writing ../build/bumperbot_py_examples/bumperbot_py_examples.egg-info/PKG-INFO
[0.739s] writing dependency_links to ../build/bumperbot_py_examples/bumperbot_py_examples.egg-info/dependency_links.txt
[0.739s] writing entry points to ../build/bumperbot_py_examples/bumperbot_py_examples.egg-info/entry_points.txt
[0.740s] writing requirements to ../build/bumperbot_py_examples/bumperbot_py_examples.egg-info/requires.txt
[0.740s] writing top-level names to ../build/bumperbot_py_examples/bumperbot_py_examples.egg-info/top_level.txt
[0.740s] writing manifest file '../build/bumperbot_py_examples/bumperbot_py_examples.egg-info/SOURCES.txt'
[0.741s] reading manifest file '../build/bumperbot_py_examples/bumperbot_py_examples.egg-info/SOURCES.txt'
[0.742s] writing manifest file '../build/bumperbot_py_examples/bumperbot_py_examples.egg-info/SOURCES.txt'
[0.742s] running build
[0.742s] running build_py
[0.742s] creating /media/ros/fedora/home/maylis/Dokumente/TeleNav/bumberbot_ws/build/bumperbot_py_examples/build
[0.742s] creating /media/ros/fedora/home/maylis/Dokumente/TeleNav/bumberbot_ws/build/bumperbot_py_examples/build/lib
[0.742s] creating /media/ros/fedora/home/maylis/Dokumente/TeleNav/bumberbot_ws/build/bumperbot_py_examples/build/lib/bumperbot_py_examples
[0.742s] copying bumperbot_py_examples/__init__.py -> /media/ros/fedora/home/maylis/Dokumente/TeleNav/bumberbot_ws/build/bumperbot_py_examples/build/lib/bumperbot_py_examples
[0.743s] running install
[0.745s] running install_lib
[0.745s] creating /media/ros/fedora/home/maylis/Dokumente/TeleNav/bumberbot_ws/install/bumperbot_py_examples/lib/python3.10/site-packages/bumperbot_py_examples
[0.745s] copying /media/ros/fedora/home/maylis/Dokumente/TeleNav/bumberbot_ws/build/bumperbot_py_examples/build/lib/bumperbot_py_examples/__init__.py -> /media/ros/fedora/home/maylis/Dokumente/TeleNav/bumberbot_ws/install/bumperbot_py_examples/lib/python3.10/site-packages/bumperbot_py_examples
[0.747s] byte-compiling /media/ros/fedora/home/maylis/Dokumente/TeleNav/bumberbot_ws/install/bumperbot_py_examples/lib/python3.10/site-packages/bumperbot_py_examples/__init__.py to __init__.cpython-310.pyc
[0.747s] running install_data
[0.747s] creating /media/ros/fedora/home/maylis/Dokumente/TeleNav/bumberbot_ws/install/bumperbot_py_examples/share/ament_index
[0.747s] creating /media/ros/fedora/home/maylis/Dokumente/TeleNav/bumberbot_ws/install/bumperbot_py_examples/share/ament_index/resource_index
[0.747s] creating /media/ros/fedora/home/maylis/Dokumente/TeleNav/bumberbot_ws/install/bumperbot_py_examples/share/ament_index/resource_index/packages
[0.747s] copying resource/bumperbot_py_examples -> /media/ros/fedora/home/maylis/Dokumente/TeleNav/bumberbot_ws/install/bumperbot_py_examples/share/ament_index/resource_index/packages
[0.747s] copying package.xml -> /media/ros/fedora/home/maylis/Dokumente/TeleNav/bumberbot_ws/install/bumperbot_py_examples/share/bumperbot_py_examples
[0.748s] running install_egg_info
[0.748s] Copying ../build/bumperbot_py_examples/bumperbot_py_examples.egg-info to /media/ros/fedora/home/maylis/Dokumente/TeleNav/bumberbot_ws/install/bumperbot_py_examples/lib/python3.10/site-packages/bumperbot_py_examples-0.0.0-py3.10.egg-info
[0.749s] running install_scripts
[0.769s] writing list of installed files to '/media/ros/fedora/home/maylis/Dokumente/TeleNav/bumberbot_ws/build/bumperbot_py_examples/install.log'
[0.804s] Invoked command in '/media/ros/fedora/home/maylis/Dokumente/TeleNav/bumberbot_ws/bumperbot_py_examples' returned '0': PYTHONPATH=/media/ros/fedora/home/maylis/Dokumente/TeleNav/bumberbot_ws/build/bumperbot_py_examples/prefix_override:/usr/lib/python3/dist-packages/colcon_core/task/python/colcon_distutils_commands:/media/ros/fedora/home/maylis/Dokumente/TeleNav/bumberbot_ws/install/bumperbot_py_examples/lib/python3.10/site-packages:${PYTHONPATH} /usr/bin/python3 -W ignore:setup.py install is deprecated -W ignore:easy_install command is deprecated setup.py egg_info --egg-base ../build/bumperbot_py_examples build --build-base /media/ros/fedora/home/maylis/Dokumente/TeleNav/bumberbot_ws/build/bumperbot_py_examples/build install --record /media/ros/fedora/home/maylis/Dokumente/TeleNav/bumberbot_ws/build/bumperbot_py_examples/install.log --single-version-externally-managed install_data
