-- Found ament_cmake: 1.3.11 (/opt/ros/humble/share/ament_cmake/cmake)
-- Found xacro: 2.0.8 (/opt/ros/humble/share/xacro/cmake)
-- Configuring done
-- Generating done
-- Build files have been written to: /media/ros/fedora/home/maylis/Dokumente/TeleNav/build/my_robot_description
[100%] [34m[1mGenerating /media/ros/fedora/home/maylis/Dokumente/TeleNav/simulation_ws/src/my_robot_description/urdf/robot.urdf[0m
[100%] Built target generate_urdf
-- Install configuration: ""
-- Up-to-date: /media/ros/fedora/home/maylis/Dokumente/TeleNav/install/my_robot_description/share/my_robot_description//urdf
-- Up-to-date: /media/ros/fedora/home/maylis/Dokumente/TeleNav/install/my_robot_description/share/my_robot_description//urdf/robot.urdf.xacro
-- Up-to-date: /media/ros/fedora/home/maylis/Dokumente/TeleNav/install/my_robot_description/share/my_robot_description//urdf/mobile_base.xacro
-- Up-to-date: /media/ros/fedora/home/maylis/Dokumente/TeleNav/install/my_robot_description/share/my_robot_description//urdf/common_properties.xacro
-- Up-to-date: /media/ros/fedora/home/maylis/Dokumente/TeleNav/install/my_robot_description/share/my_robot_description//urdf/mosro.xacro
-- Installing: /media/ros/fedora/home/maylis/Dokumente/TeleNav/install/my_robot_description/share/my_robot_description//urdf/robot.urdf
-- Up-to-date: /media/ros/fedora/home/maylis/Dokumente/TeleNav/install/my_robot_description/share/my_robot_description//launch
-- Up-to-date: /media/ros/fedora/home/maylis/Dokumente/TeleNav/install/my_robot_description/share/my_robot_description//launch/display.launch.xml
-- Up-to-date: /media/ros/fedora/home/maylis/Dokumente/TeleNav/install/my_robot_description/share/my_robot_description//launch/mosro.launch copy.xml
-- Up-to-date: /media/ros/fedora/home/maylis/Dokumente/TeleNav/install/my_robot_description/share/my_robot_description//meshes
-- Up-to-date: /media/ros/fedora/home/maylis/Dokumente/TeleNav/install/my_robot_description/share/my_robot_description//meshes/mosro.stl
-- Up-to-date: /media/ros/fedora/home/maylis/Dokumente/TeleNav/install/my_robot_description/share/my_robot_description//rviz
-- Up-to-date: /media/ros/fedora/home/maylis/Dokumente/TeleNav/install/my_robot_description/share/my_robot_description//rviz/robot.rviz
-- Up-to-date: /media/ros/fedora/home/maylis/Dokumente/TeleNav/install/my_robot_description/share/my_robot_description/urdf/robot.urdf
-- Up-to-date: /media/ros/fedora/home/maylis/Dokumente/TeleNav/install/my_robot_description/share/ament_index/resource_index/package_run_dependencies/my_robot_description
-- Up-to-date: /media/ros/fedora/home/maylis/Dokumente/TeleNav/install/my_robot_description/share/ament_index/resource_index/parent_prefix_path/my_robot_description
-- Up-to-date: /media/ros/fedora/home/maylis/Dokumente/TeleNav/install/my_robot_description/share/my_robot_description/environment/ament_prefix_path.sh
-- Installing: /media/ros/fedora/home/maylis/Dokumente/TeleNav/install/my_robot_description/share/my_robot_description/environment/ament_prefix_path.dsv
-- Up-to-date: /media/ros/fedora/home/maylis/Dokumente/TeleNav/install/my_robot_description/share/my_robot_description/environment/path.sh
-- Installing: /media/ros/fedora/home/maylis/Dokumente/TeleNav/install/my_robot_description/share/my_robot_description/environment/path.dsv
-- Up-to-date: /media/ros/fedora/home/maylis/Dokumente/TeleNav/install/my_robot_description/share/my_robot_description/local_setup.bash
-- Up-to-date: /media/ros/fedora/home/maylis/Dokumente/TeleNav/install/my_robot_description/share/my_robot_description/local_setup.sh
-- Up-to-date: /media/ros/fedora/home/maylis/Dokumente/TeleNav/install/my_robot_description/share/my_robot_description/local_setup.zsh
-- Installing: /media/ros/fedora/home/maylis/Dokumente/TeleNav/install/my_robot_description/share/my_robot_description/local_setup.dsv
-- Installing: /media/ros/fedora/home/maylis/Dokumente/TeleNav/install/my_robot_description/share/my_robot_description/package.dsv
-- Up-to-date: /media/ros/fedora/home/maylis/Dokumente/TeleNav/install/my_robot_description/share/ament_index/resource_index/packages/my_robot_description
-- Up-to-date: /media/ros/fedora/home/maylis/Dokumente/TeleNav/install/my_robot_description/share/my_robot_description/cmake/my_robot_descriptionConfig.cmake
-- Up-to-date: /media/ros/fedora/home/maylis/Dokumente/TeleNav/install/my_robot_description/share/my_robot_description/cmake/my_robot_descriptionConfig-version.cmake
-- Up-to-date: /media/ros/fedora/home/maylis/Dokumente/TeleNav/install/my_robot_description/share/my_robot_description/package.xml
