[0.884s] Invoking command in '/media/ros/fedora/home/maylis/Dokumente/TeleNav/ros2_udemy_ws/src/my_robot_controller': PYTHONPATH=/media/ros/fedora/home/maylis/Dokumente/TeleNav/build/my_robot_controller/prefix_override:/usr/lib/python3/dist-packages/colcon_core/task/python/colcon_distutils_commands:/media/ros/fedora/home/maylis/Dokumente/TeleNav/install/my_robot_controller/lib/python3.10/site-packages:${PYTHONPATH} /usr/bin/python3 -W ignore:setup.py install is deprecated -W ignore:easy_install command is deprecated setup.py egg_info --egg-base ../../../build/my_robot_controller build --build-base /media/ros/fedora/home/maylis/Dokumente/TeleNav/build/my_robot_controller/build install --record /media/ros/fedora/home/maylis/Dokumente/TeleNav/build/my_robot_controller/install.log --single-version-externally-managed install_data
[1.197s] running egg_info
[1.198s] writing ../../../build/my_robot_controller/my_robot_controller.egg-info/PKG-INFO
[1.198s] writing dependency_links to ../../../build/my_robot_controller/my_robot_controller.egg-info/dependency_links.txt
[1.199s] writing entry points to ../../../build/my_robot_controller/my_robot_controller.egg-info/entry_points.txt
[1.199s] writing requirements to ../../../build/my_robot_controller/my_robot_controller.egg-info/requires.txt
[1.199s] writing top-level names to ../../../build/my_robot_controller/my_robot_controller.egg-info/top_level.txt
[1.202s] reading manifest file '../../../build/my_robot_controller/my_robot_controller.egg-info/SOURCES.txt'
[1.203s] writing manifest file '../../../build/my_robot_controller/my_robot_controller.egg-info/SOURCES.txt'
[1.203s] running build
[1.204s] running build_py
[1.204s] copying my_robot_controller/battery_node.py -> /media/ros/fedora/home/maylis/Dokumente/TeleNav/build/my_robot_controller/build/lib/my_robot_controller
[1.205s] running install
[1.206s] running install_lib
[1.206s] copying /media/ros/fedora/home/maylis/Dokumente/TeleNav/build/my_robot_controller/build/lib/my_robot_controller/battery_node.py -> /media/ros/fedora/home/maylis/Dokumente/TeleNav/install/my_robot_controller/lib/python3.10/site-packages/my_robot_controller
[1.207s] byte-compiling /media/ros/fedora/home/maylis/Dokumente/TeleNav/install/my_robot_controller/lib/python3.10/site-packages/my_robot_controller/battery_node.py to battery_node.cpython-310.pyc
[1.208s] running install_data
[1.208s] running install_egg_info
[1.210s] removing '/media/ros/fedora/home/maylis/Dokumente/TeleNav/install/my_robot_controller/lib/python3.10/site-packages/my_robot_controller-0.0.0-py3.10.egg-info' (and everything under it)
[1.211s] Copying ../../../build/my_robot_controller/my_robot_controller.egg-info to /media/ros/fedora/home/maylis/Dokumente/TeleNav/install/my_robot_controller/lib/python3.10/site-packages/my_robot_controller-0.0.0-py3.10.egg-info
[1.212s] running install_scripts
[1.245s] Installing add_two_number_client script to /media/ros/fedora/home/maylis/Dokumente/TeleNav/install/my_robot_controller/lib/my_robot_controller
[1.246s] Installing add_two_numbers script to /media/ros/fedora/home/maylis/Dokumente/TeleNav/install/my_robot_controller/lib/my_robot_controller
[1.246s] Installing compute_rectangle_service script to /media/ros/fedora/home/maylis/Dokumente/TeleNav/install/my_robot_controller/lib/my_robot_controller
[1.246s] Installing hw_status_publisher script to /media/ros/fedora/home/maylis/Dokumente/TeleNav/install/my_robot_controller/lib/my_robot_controller
[1.246s] Installing number_counter script to /media/ros/fedora/home/maylis/Dokumente/TeleNav/install/my_robot_controller/lib/my_robot_controller
[1.246s] Installing py_node script to /media/ros/fedora/home/maylis/Dokumente/TeleNav/install/my_robot_controller/lib/my_robot_controller
[1.246s] writing list of installed files to '/media/ros/fedora/home/maylis/Dokumente/TeleNav/build/my_robot_controller/install.log'
[1.289s] Invoked command in '/media/ros/fedora/home/maylis/Dokumente/TeleNav/ros2_udemy_ws/src/my_robot_controller' returned '0': PYTHONPATH=/media/ros/fedora/home/maylis/Dokumente/TeleNav/build/my_robot_controller/prefix_override:/usr/lib/python3/dist-packages/colcon_core/task/python/colcon_distutils_commands:/media/ros/fedora/home/maylis/Dokumente/TeleNav/install/my_robot_controller/lib/python3.10/site-packages:${PYTHONPATH} /usr/bin/python3 -W ignore:setup.py install is deprecated -W ignore:easy_install command is deprecated setup.py egg_info --egg-base ../../../build/my_robot_controller build --build-base /media/ros/fedora/home/maylis/Dokumente/TeleNav/build/my_robot_controller/build install --record /media/ros/fedora/home/maylis/Dokumente/TeleNav/build/my_robot_controller/install.log --single-version-externally-managed install_data
