[0.010s] Invoking command in '/media/ros/fedora/home/maylis/Dokumente/TeleNav/simulation_dtour_ws/build/udemy_robot_bringup': CMAKE_PREFIX_PATH=${CMAKE_PREFIX_PATH}:/opt/ros/humble /usr/bin/cmake --build /media/ros/fedora/home/maylis/Dokumente/TeleNav/simulation_dtour_ws/build/udemy_robot_bringup -- -j6 -l6
[0.054s] Invoked command in '/media/ros/fedora/home/maylis/Dokumente/TeleNav/simulation_dtour_ws/build/udemy_robot_bringup' returned '0': CMAKE_PREFIX_PATH=${CMAKE_PREFIX_PATH}:/opt/ros/humble /usr/bin/cmake --build /media/ros/fedora/home/maylis/Dokumente/TeleNav/simulation_dtour_ws/build/udemy_robot_bringup -- -j6 -l6
[0.055s] Invoking command in '/media/ros/fedora/home/maylis/Dokumente/TeleNav/simulation_dtour_ws/build/udemy_robot_bringup': CMAKE_PREFIX_PATH=${CMAKE_PREFIX_PATH}:/opt/ros/humble /usr/bin/cmake --install /media/ros/fedora/home/maylis/Dokumente/TeleNav/simulation_dtour_ws/build/udemy_robot_bringup
[0.062s] -- Install configuration: ""
[0.062s] -- Up-to-date: /media/ros/fedora/home/maylis/Dokumente/TeleNav/simulation_dtour_ws/install/udemy_robot_bringup/share/udemy_robot_bringup//launch
[0.062s] -- Up-to-date: /media/ros/fedora/home/maylis/Dokumente/TeleNav/simulation_dtour_ws/install/udemy_robot_bringup/share/udemy_robot_bringup//launch/my_robot_gazebo.launch.xml
[0.062s] -- Up-to-date: /media/ros/fedora/home/maylis/Dokumente/TeleNav/simulation_dtour_ws/install/udemy_robot_bringup/share/udemy_robot_bringup//config
[0.062s] -- Up-to-date: /media/ros/fedora/home/maylis/Dokumente/TeleNav/simulation_dtour_ws/install/udemy_robot_bringup/share/udemy_robot_bringup//config/gazebo_bridge.yaml
[0.062s] -- Up-to-date: /media/ros/fedora/home/maylis/Dokumente/TeleNav/simulation_dtour_ws/install/udemy_robot_bringup/share/udemy_robot_bringup//worlds
[0.063s] -- Up-to-date: /media/ros/fedora/home/maylis/Dokumente/TeleNav/simulation_dtour_ws/install/udemy_robot_bringup/share/udemy_robot_bringup//worlds/school.sdf
[0.063s] -- Up-to-date: /media/ros/fedora/home/maylis/Dokumente/TeleNav/simulation_dtour_ws/install/udemy_robot_bringup/share/ament_index/resource_index/package_run_dependencies/udemy_robot_bringup
[0.063s] -- Up-to-date: /media/ros/fedora/home/maylis/Dokumente/TeleNav/simulation_dtour_ws/install/udemy_robot_bringup/share/ament_index/resource_index/parent_prefix_path/udemy_robot_bringup
[0.063s] -- Up-to-date: /media/ros/fedora/home/maylis/Dokumente/TeleNav/simulation_dtour_ws/install/udemy_robot_bringup/share/udemy_robot_bringup/environment/ament_prefix_path.sh
[0.063s] -- Up-to-date: /media/ros/fedora/home/maylis/Dokumente/TeleNav/simulation_dtour_ws/install/udemy_robot_bringup/share/udemy_robot_bringup/environment/ament_prefix_path.dsv
[0.063s] -- Up-to-date: /media/ros/fedora/home/maylis/Dokumente/TeleNav/simulation_dtour_ws/install/udemy_robot_bringup/share/udemy_robot_bringup/environment/path.sh
[0.063s] -- Up-to-date: /media/ros/fedora/home/maylis/Dokumente/TeleNav/simulation_dtour_ws/install/udemy_robot_bringup/share/udemy_robot_bringup/environment/path.dsv
[0.063s] -- Up-to-date: /media/ros/fedora/home/maylis/Dokumente/TeleNav/simulation_dtour_ws/install/udemy_robot_bringup/share/udemy_robot_bringup/local_setup.bash
[0.063s] -- Up-to-date: /media/ros/fedora/home/maylis/Dokumente/TeleNav/simulation_dtour_ws/install/udemy_robot_bringup/share/udemy_robot_bringup/local_setup.sh
[0.064s] -- Up-to-date: /media/ros/fedora/home/maylis/Dokumente/TeleNav/simulation_dtour_ws/install/udemy_robot_bringup/share/udemy_robot_bringup/local_setup.zsh
[0.064s] -- Up-to-date: /media/ros/fedora/home/maylis/Dokumente/TeleNav/simulation_dtour_ws/install/udemy_robot_bringup/share/udemy_robot_bringup/local_setup.dsv
[0.064s] -- Installing: /media/ros/fedora/home/maylis/Dokumente/TeleNav/simulation_dtour_ws/install/udemy_robot_bringup/share/udemy_robot_bringup/package.dsv
[0.064s] -- Up-to-date: /media/ros/fedora/home/maylis/Dokumente/TeleNav/simulation_dtour_ws/install/udemy_robot_bringup/share/ament_index/resource_index/packages/udemy_robot_bringup
[0.064s] -- Up-to-date: /media/ros/fedora/home/maylis/Dokumente/TeleNav/simulation_dtour_ws/install/udemy_robot_bringup/share/udemy_robot_bringup/cmake/udemy_robot_bringupConfig.cmake
[0.064s] -- Up-to-date: /media/ros/fedora/home/maylis/Dokumente/TeleNav/simulation_dtour_ws/install/udemy_robot_bringup/share/udemy_robot_bringup/cmake/udemy_robot_bringupConfig-version.cmake
[0.064s] -- Up-to-date: /media/ros/fedora/home/maylis/Dokumente/TeleNav/simulation_dtour_ws/install/udemy_robot_bringup/share/udemy_robot_bringup/package.xml
[0.078s] Invoked command in '/media/ros/fedora/home/maylis/Dokumente/TeleNav/simulation_dtour_ws/build/udemy_robot_bringup' returned '0': CMAKE_PREFIX_PATH=${CMAKE_PREFIX_PATH}:/opt/ros/humble /usr/bin/cmake --install /media/ros/fedora/home/maylis/Dokumente/TeleNav/simulation_dtour_ws/build/udemy_robot_bringup
