[0.104s] DEBUG:colcon:Command line arguments: ['/usr/bin/colcon', 'build']
[0.104s] DEBUG:colcon:Parsed command line arguments: Namespace(log_base=None, log_level=None, verb_name='build', build_base='build', install_base='install', merge_install=False, symlink_install=False, test_result_base=None, continue_on_error=False, executor='parallel', parallel_workers=6, event_handlers=None, ignore_user_meta=False, metas=['./colcon.meta'], base_paths=['.'], packages_ignore=None, packages_ignore_regex=None, paths=None, packages_up_to=None, packages_up_to_regex=None, packages_above=None, packages_above_and_dependencies=None, packages_above_depth=None, packages_select_by_dep=None, packages_skip_by_dep=None, packages_skip_up_to=None, packages_select_build_failed=False, packages_skip_build_finished=False, packages_select_test_failures=False, packages_skip_test_passed=False, packages_select=None, packages_skip=None, packages_select_regex=None, packages_skip_regex=None, packages_start=None, packages_end=None, allow_overriding=[], cmake_args=None, cmake_target=None, cmake_target_skip_unavailable=False, cmake_clean_cache=False, cmake_clean_first=False, cmake_force_configure=False, ament_cmake_args=None, catkin_cmake_args=None, catkin_skip_building_tests=False, mixin_files=None, mixin=None, verb_parser=<colcon_mixin.mixin.mixin_argument.MixinArgumentDecorator object at 0x75aef28889d0>, verb_extension=<colcon_core.verb.build.BuildVerb object at 0x75aef285be50>, main=<bound method BuildVerb.main of <colcon_core.verb.build.BuildVerb object at 0x75aef285be50>>, mixin_verb=('build',))
[0.257s] Level 1:colcon.colcon_core.package_discovery:discover_packages(colcon_meta) check parameters
[0.257s] Level 1:colcon.colcon_core.package_discovery:discover_packages(recursive) check parameters
[0.257s] Level 1:colcon.colcon_core.package_discovery:discover_packages(ignore) check parameters
[0.257s] Level 1:colcon.colcon_core.package_discovery:discover_packages(path) check parameters
[0.257s] Level 1:colcon.colcon_core.package_discovery:discover_packages(colcon_meta) discover
[0.257s] Level 1:colcon.colcon_core.package_discovery:discover_packages(recursive) discover
[0.257s] INFO:colcon.colcon_core.package_discovery:Crawling recursively for packages in '/media/ros/fedora/home/maylis/Dokumente/TeleNav/project_ws'
[0.257s] Level 1:colcon.colcon_core.package_identification:_identify(.) by extensions ['ignore', 'ignore_ament_install']
[0.257s] Level 1:colcon.colcon_core.package_identification:_identify(.) by extension 'ignore'
[0.257s] Level 1:colcon.colcon_core.package_identification:_identify(.) by extension 'ignore_ament_install'
[0.257s] Level 1:colcon.colcon_core.package_identification:_identify(.) by extensions ['colcon_pkg']
[0.257s] Level 1:colcon.colcon_core.package_identification:_identify(.) by extension 'colcon_pkg'
[0.257s] Level 1:colcon.colcon_core.package_identification:_identify(.) by extensions ['colcon_meta']
[0.257s] Level 1:colcon.colcon_core.package_identification:_identify(.) by extension 'colcon_meta'
[0.257s] Level 1:colcon.colcon_core.package_identification:_identify(.) by extensions ['ros']
[0.257s] Level 1:colcon.colcon_core.package_identification:_identify(.) by extension 'ros'
[0.268s] Level 1:colcon.colcon_core.package_identification:_identify(.) by extensions ['cmake', 'python']
[0.268s] Level 1:colcon.colcon_core.package_identification:_identify(.) by extension 'cmake'
[0.268s] Level 1:colcon.colcon_core.package_identification:_identify(.) by extension 'python'
[0.268s] Level 1:colcon.colcon_core.package_identification:_identify(.) by extensions ['python_setup_py']
[0.268s] Level 1:colcon.colcon_core.package_identification:_identify(.) by extension 'python_setup_py'
[0.269s] Level 1:colcon.colcon_core.package_identification:_identify(build) by extensions ['ignore', 'ignore_ament_install']
[0.269s] Level 1:colcon.colcon_core.package_identification:_identify(build) by extension 'ignore'
[0.269s] Level 1:colcon.colcon_core.package_identification:_identify(build) ignored
[0.269s] Level 1:colcon.colcon_core.package_identification:_identify(install) by extensions ['ignore', 'ignore_ament_install']
[0.269s] Level 1:colcon.colcon_core.package_identification:_identify(install) by extension 'ignore'
[0.269s] Level 1:colcon.colcon_core.package_identification:_identify(install) ignored
[0.269s] Level 1:colcon.colcon_core.package_identification:_identify(log) by extensions ['ignore', 'ignore_ament_install']
[0.269s] Level 1:colcon.colcon_core.package_identification:_identify(log) by extension 'ignore'
[0.269s] Level 1:colcon.colcon_core.package_identification:_identify(log) ignored
[0.269s] Level 1:colcon.colcon_core.package_identification:_identify(src) by extensions ['ignore', 'ignore_ament_install']
[0.269s] Level 1:colcon.colcon_core.package_identification:_identify(src) by extension 'ignore'
[0.269s] Level 1:colcon.colcon_core.package_identification:_identify(src) by extension 'ignore_ament_install'
[0.269s] Level 1:colcon.colcon_core.package_identification:_identify(src) by extensions ['colcon_pkg']
[0.269s] Level 1:colcon.colcon_core.package_identification:_identify(src) by extension 'colcon_pkg'
[0.269s] Level 1:colcon.colcon_core.package_identification:_identify(src) by extensions ['colcon_meta']
[0.269s] Level 1:colcon.colcon_core.package_identification:_identify(src) by extension 'colcon_meta'
[0.269s] Level 1:colcon.colcon_core.package_identification:_identify(src) by extensions ['ros']
[0.269s] Level 1:colcon.colcon_core.package_identification:_identify(src) by extension 'ros'
[0.269s] Level 1:colcon.colcon_core.package_identification:_identify(src) by extensions ['cmake', 'python']
[0.269s] Level 1:colcon.colcon_core.package_identification:_identify(src) by extension 'cmake'
[0.269s] Level 1:colcon.colcon_core.package_identification:_identify(src) by extension 'python'
[0.270s] Level 1:colcon.colcon_core.package_identification:_identify(src) by extensions ['python_setup_py']
[0.270s] Level 1:colcon.colcon_core.package_identification:_identify(src) by extension 'python_setup_py'
[0.270s] Level 1:colcon.colcon_core.package_identification:_identify(src/telerobot_bringup) by extensions ['ignore', 'ignore_ament_install']
[0.270s] Level 1:colcon.colcon_core.package_identification:_identify(src/telerobot_bringup) by extension 'ignore'
[0.270s] Level 1:colcon.colcon_core.package_identification:_identify(src/telerobot_bringup) by extension 'ignore_ament_install'
[0.270s] Level 1:colcon.colcon_core.package_identification:_identify(src/telerobot_bringup) by extensions ['colcon_pkg']
[0.270s] Level 1:colcon.colcon_core.package_identification:_identify(src/telerobot_bringup) by extension 'colcon_pkg'
[0.270s] Level 1:colcon.colcon_core.package_identification:_identify(src/telerobot_bringup) by extensions ['colcon_meta']
[0.270s] Level 1:colcon.colcon_core.package_identification:_identify(src/telerobot_bringup) by extension 'colcon_meta'
[0.270s] Level 1:colcon.colcon_core.package_identification:_identify(src/telerobot_bringup) by extensions ['ros']
[0.270s] Level 1:colcon.colcon_core.package_identification:_identify(src/telerobot_bringup) by extension 'ros'
[0.284s] DEBUG:colcon.colcon_core.package_identification:Package 'src/telerobot_bringup' with type 'ros.ament_cmake' and name 'telerobot_bringup'
[0.284s] Level 1:colcon.colcon_core.package_identification:_identify(src/telerobot_controller) by extensions ['ignore', 'ignore_ament_install']
[0.284s] Level 1:colcon.colcon_core.package_identification:_identify(src/telerobot_controller) by extension 'ignore'
[0.284s] Level 1:colcon.colcon_core.package_identification:_identify(src/telerobot_controller) by extension 'ignore_ament_install'
[0.284s] Level 1:colcon.colcon_core.package_identification:_identify(src/telerobot_controller) by extensions ['colcon_pkg']
[0.284s] Level 1:colcon.colcon_core.package_identification:_identify(src/telerobot_controller) by extension 'colcon_pkg'
[0.284s] Level 1:colcon.colcon_core.package_identification:_identify(src/telerobot_controller) by extensions ['colcon_meta']
[0.284s] Level 1:colcon.colcon_core.package_identification:_identify(src/telerobot_controller) by extension 'colcon_meta'
[0.284s] Level 1:colcon.colcon_core.package_identification:_identify(src/telerobot_controller) by extensions ['ros']
[0.284s] Level 1:colcon.colcon_core.package_identification:_identify(src/telerobot_controller) by extension 'ros'
[0.285s] DEBUG:colcon.colcon_core.package_identification:Package 'src/telerobot_controller' with type 'ros.ament_python' and name 'telerobot_controller'
[0.285s] Level 1:colcon.colcon_core.package_identification:_identify(src/telerobot_description) by extensions ['ignore', 'ignore_ament_install']
[0.285s] Level 1:colcon.colcon_core.package_identification:_identify(src/telerobot_description) by extension 'ignore'
[0.285s] Level 1:colcon.colcon_core.package_identification:_identify(src/telerobot_description) by extension 'ignore_ament_install'
[0.285s] Level 1:colcon.colcon_core.package_identification:_identify(src/telerobot_description) by extensions ['colcon_pkg']
[0.285s] Level 1:colcon.colcon_core.package_identification:_identify(src/telerobot_description) by extension 'colcon_pkg'
[0.285s] Level 1:colcon.colcon_core.package_identification:_identify(src/telerobot_description) by extensions ['colcon_meta']
[0.285s] Level 1:colcon.colcon_core.package_identification:_identify(src/telerobot_description) by extension 'colcon_meta'
[0.285s] Level 1:colcon.colcon_core.package_identification:_identify(src/telerobot_description) by extensions ['ros']
[0.285s] Level 1:colcon.colcon_core.package_identification:_identify(src/telerobot_description) by extension 'ros'
[0.286s] DEBUG:colcon.colcon_core.package_identification:Package 'src/telerobot_description' with type 'ros.ament_cmake' and name 'telerobot_description'
[0.286s] Level 1:colcon.colcon_core.package_identification:_identify(src/telerobot_interfaces) by extensions ['ignore', 'ignore_ament_install']
[0.286s] Level 1:colcon.colcon_core.package_identification:_identify(src/telerobot_interfaces) by extension 'ignore'
[0.286s] Level 1:colcon.colcon_core.package_identification:_identify(src/telerobot_interfaces) by extension 'ignore_ament_install'
[0.286s] Level 1:colcon.colcon_core.package_identification:_identify(src/telerobot_interfaces) by extensions ['colcon_pkg']
[0.286s] Level 1:colcon.colcon_core.package_identification:_identify(src/telerobot_interfaces) by extension 'colcon_pkg'
[0.286s] Level 1:colcon.colcon_core.package_identification:_identify(src/telerobot_interfaces) by extensions ['colcon_meta']
[0.286s] Level 1:colcon.colcon_core.package_identification:_identify(src/telerobot_interfaces) by extension 'colcon_meta'
[0.286s] Level 1:colcon.colcon_core.package_identification:_identify(src/telerobot_interfaces) by extensions ['ros']
[0.286s] Level 1:colcon.colcon_core.package_identification:_identify(src/telerobot_interfaces) by extension 'ros'
[0.287s] DEBUG:colcon.colcon_core.package_identification:Package 'src/telerobot_interfaces' with type 'ros.ament_cmake' and name 'telerobot_interfaces'
[0.287s] Level 1:colcon.colcon_core.package_discovery:discover_packages(recursive) using defaults
[0.287s] Level 1:colcon.colcon_core.package_discovery:discover_packages(ignore) discover
[0.287s] Level 1:colcon.colcon_core.package_discovery:discover_packages(ignore) using defaults
[0.287s] Level 1:colcon.colcon_core.package_discovery:discover_packages(path) discover
[0.287s] Level 1:colcon.colcon_core.package_discovery:discover_packages(path) using defaults
[0.305s] Level 1:colcon.colcon_core.package_discovery:discover_packages(prefix_path) check parameters
[0.305s] Level 1:colcon.colcon_core.package_discovery:discover_packages(prefix_path) discover
[0.306s] DEBUG:colcon.colcon_installed_package_information.package_discovery:Found 4 installed packages in /media/ros/fedora/home/maylis/Dokumente/TeleNav/project_ws/install
[0.308s] DEBUG:colcon.colcon_installed_package_information.package_discovery:Found 470 installed packages in /opt/ros/humble
[0.310s] Level 1:colcon.colcon_core.package_discovery:discover_packages(prefix_path) using defaults
[0.358s] Level 5:colcon.colcon_core.verb:set package 'telerobot_bringup' build argument 'cmake_args' from command line to 'None'
[0.358s] Level 5:colcon.colcon_core.verb:set package 'telerobot_bringup' build argument 'cmake_target' from command line to 'None'
[0.358s] Level 5:colcon.colcon_core.verb:set package 'telerobot_bringup' build argument 'cmake_target_skip_unavailable' from command line to 'False'
[0.358s] Level 5:colcon.colcon_core.verb:set package 'telerobot_bringup' build argument 'cmake_clean_cache' from command line to 'False'
[0.358s] Level 5:colcon.colcon_core.verb:set package 'telerobot_bringup' build argument 'cmake_clean_first' from command line to 'False'
[0.358s] Level 5:colcon.colcon_core.verb:set package 'telerobot_bringup' build argument 'cmake_force_configure' from command line to 'False'
[0.358s] Level 5:colcon.colcon_core.verb:set package 'telerobot_bringup' build argument 'ament_cmake_args' from command line to 'None'
[0.358s] Level 5:colcon.colcon_core.verb:set package 'telerobot_bringup' build argument 'catkin_cmake_args' from command line to 'None'
[0.358s] Level 5:colcon.colcon_core.verb:set package 'telerobot_bringup' build argument 'catkin_skip_building_tests' from command line to 'False'
[0.358s] DEBUG:colcon.colcon_core.verb:Building package 'telerobot_bringup' with the following arguments: {'ament_cmake_args': None, 'build_base': '/media/ros/fedora/home/maylis/Dokumente/TeleNav/project_ws/build/telerobot_bringup', 'catkin_cmake_args': None, 'catkin_skip_building_tests': False, 'cmake_args': None, 'cmake_clean_cache': False, 'cmake_clean_first': False, 'cmake_force_configure': False, 'cmake_target': None, 'cmake_target_skip_unavailable': False, 'install_base': '/media/ros/fedora/home/maylis/Dokumente/TeleNav/project_ws/install/telerobot_bringup', 'merge_install': False, 'path': '/media/ros/fedora/home/maylis/Dokumente/TeleNav/project_ws/src/telerobot_bringup', 'symlink_install': False, 'test_result_base': None}
[0.358s] Level 5:colcon.colcon_core.verb:set package 'telerobot_description' build argument 'cmake_args' from command line to 'None'
[0.358s] Level 5:colcon.colcon_core.verb:set package 'telerobot_description' build argument 'cmake_target' from command line to 'None'
[0.358s] Level 5:colcon.colcon_core.verb:set package 'telerobot_description' build argument 'cmake_target_skip_unavailable' from command line to 'False'
[0.358s] Level 5:colcon.colcon_core.verb:set package 'telerobot_description' build argument 'cmake_clean_cache' from command line to 'False'
[0.358s] Level 5:colcon.colcon_core.verb:set package 'telerobot_description' build argument 'cmake_clean_first' from command line to 'False'
[0.358s] Level 5:colcon.colcon_core.verb:set package 'telerobot_description' build argument 'cmake_force_configure' from command line to 'False'
[0.358s] Level 5:colcon.colcon_core.verb:set package 'telerobot_description' build argument 'ament_cmake_args' from command line to 'None'
[0.358s] Level 5:colcon.colcon_core.verb:set package 'telerobot_description' build argument 'catkin_cmake_args' from command line to 'None'
[0.358s] Level 5:colcon.colcon_core.verb:set package 'telerobot_description' build argument 'catkin_skip_building_tests' from command line to 'False'
[0.358s] DEBUG:colcon.colcon_core.verb:Building package 'telerobot_description' with the following arguments: {'ament_cmake_args': None, 'build_base': '/media/ros/fedora/home/maylis/Dokumente/TeleNav/project_ws/build/telerobot_description', 'catkin_cmake_args': None, 'catkin_skip_building_tests': False, 'cmake_args': None, 'cmake_clean_cache': False, 'cmake_clean_first': False, 'cmake_force_configure': False, 'cmake_target': None, 'cmake_target_skip_unavailable': False, 'install_base': '/media/ros/fedora/home/maylis/Dokumente/TeleNav/project_ws/install/telerobot_description', 'merge_install': False, 'path': '/media/ros/fedora/home/maylis/Dokumente/TeleNav/project_ws/src/telerobot_description', 'symlink_install': False, 'test_result_base': None}
[0.359s] Level 5:colcon.colcon_core.verb:set package 'telerobot_interfaces' build argument 'cmake_args' from command line to 'None'
[0.359s] Level 5:colcon.colcon_core.verb:set package 'telerobot_interfaces' build argument 'cmake_target' from command line to 'None'
[0.359s] Level 5:colcon.colcon_core.verb:set package 'telerobot_interfaces' build argument 'cmake_target_skip_unavailable' from command line to 'False'
[0.359s] Level 5:colcon.colcon_core.verb:set package 'telerobot_interfaces' build argument 'cmake_clean_cache' from command line to 'False'
[0.359s] Level 5:colcon.colcon_core.verb:set package 'telerobot_interfaces' build argument 'cmake_clean_first' from command line to 'False'
[0.359s] Level 5:colcon.colcon_core.verb:set package 'telerobot_interfaces' build argument 'cmake_force_configure' from command line to 'False'
[0.359s] Level 5:colcon.colcon_core.verb:set package 'telerobot_interfaces' build argument 'ament_cmake_args' from command line to 'None'
[0.359s] Level 5:colcon.colcon_core.verb:set package 'telerobot_interfaces' build argument 'catkin_cmake_args' from command line to 'None'
[0.359s] Level 5:colcon.colcon_core.verb:set package 'telerobot_interfaces' build argument 'catkin_skip_building_tests' from command line to 'False'
[0.359s] DEBUG:colcon.colcon_core.verb:Building package 'telerobot_interfaces' with the following arguments: {'ament_cmake_args': None, 'build_base': '/media/ros/fedora/home/maylis/Dokumente/TeleNav/project_ws/build/telerobot_interfaces', 'catkin_cmake_args': None, 'catkin_skip_building_tests': False, 'cmake_args': None, 'cmake_clean_cache': False, 'cmake_clean_first': False, 'cmake_force_configure': False, 'cmake_target': None, 'cmake_target_skip_unavailable': False, 'install_base': '/media/ros/fedora/home/maylis/Dokumente/TeleNav/project_ws/install/telerobot_interfaces', 'merge_install': False, 'path': '/media/ros/fedora/home/maylis/Dokumente/TeleNav/project_ws/src/telerobot_interfaces', 'symlink_install': False, 'test_result_base': None}
[0.359s] Level 5:colcon.colcon_core.verb:set package 'telerobot_controller' build argument 'cmake_args' from command line to 'None'
[0.359s] Level 5:colcon.colcon_core.verb:set package 'telerobot_controller' build argument 'cmake_target' from command line to 'None'
[0.359s] Level 5:colcon.colcon_core.verb:set package 'telerobot_controller' build argument 'cmake_target_skip_unavailable' from command line to 'False'
[0.359s] Level 5:colcon.colcon_core.verb:set package 'telerobot_controller' build argument 'cmake_clean_cache' from command line to 'False'
[0.359s] Level 5:colcon.colcon_core.verb:set package 'telerobot_controller' build argument 'cmake_clean_first' from command line to 'False'
[0.359s] Level 5:colcon.colcon_core.verb:set package 'telerobot_controller' build argument 'cmake_force_configure' from command line to 'False'
[0.359s] Level 5:colcon.colcon_core.verb:set package 'telerobot_controller' build argument 'ament_cmake_args' from command line to 'None'
[0.359s] Level 5:colcon.colcon_core.verb:set package 'telerobot_controller' build argument 'catkin_cmake_args' from command line to 'None'
[0.360s] Level 5:colcon.colcon_core.verb:set package 'telerobot_controller' build argument 'catkin_skip_building_tests' from command line to 'False'
[0.360s] DEBUG:colcon.colcon_core.verb:Building package 'telerobot_controller' with the following arguments: {'ament_cmake_args': None, 'build_base': '/media/ros/fedora/home/maylis/Dokumente/TeleNav/project_ws/build/telerobot_controller', 'catkin_cmake_args': None, 'catkin_skip_building_tests': False, 'cmake_args': None, 'cmake_clean_cache': False, 'cmake_clean_first': False, 'cmake_force_configure': False, 'cmake_target': None, 'cmake_target_skip_unavailable': False, 'install_base': '/media/ros/fedora/home/maylis/Dokumente/TeleNav/project_ws/install/telerobot_controller', 'merge_install': False, 'path': '/media/ros/fedora/home/maylis/Dokumente/TeleNav/project_ws/src/telerobot_controller', 'symlink_install': False, 'test_result_base': None}
[0.360s] INFO:colcon.colcon_core.executor:Executing jobs using 'parallel' executor
[0.361s] DEBUG:colcon.colcon_parallel_executor.executor.parallel:run_until_complete
[0.361s] INFO:colcon.colcon_ros.task.ament_cmake.build:Building ROS package in '/media/ros/fedora/home/maylis/Dokumente/TeleNav/project_ws/src/telerobot_interfaces' with build type 'ament_cmake'
[0.361s] INFO:colcon.colcon_cmake.task.cmake.build:Building CMake package in '/media/ros/fedora/home/maylis/Dokumente/TeleNav/project_ws/src/telerobot_interfaces'
[0.363s] INFO:colcon.colcon_core.plugin_system:Skipping extension 'colcon_core.shell.bat': Not used on non-Windows systems
[0.363s] INFO:colcon.colcon_core.shell:Skip shell extension 'powershell' for command environment: Not usable outside of PowerShell
[0.363s] DEBUG:colcon.colcon_core.shell:Skip shell extension 'dsv' for command environment
[0.367s] INFO:colcon.colcon_ros.task.ament_cmake.build:Building ROS package in '/media/ros/fedora/home/maylis/Dokumente/TeleNav/project_ws/src/telerobot_bringup' with build type 'ament_cmake'
[0.367s] INFO:colcon.colcon_cmake.task.cmake.build:Building CMake package in '/media/ros/fedora/home/maylis/Dokumente/TeleNav/project_ws/src/telerobot_bringup'
[0.367s] INFO:colcon.colcon_core.shell:Skip shell extension 'powershell' for command environment: Not usable outside of PowerShell
[0.367s] DEBUG:colcon.colcon_core.shell:Skip shell extension 'dsv' for command environment
[0.372s] INFO:colcon.colcon_ros.task.ament_cmake.build:Building ROS package in '/media/ros/fedora/home/maylis/Dokumente/TeleNav/project_ws/src/telerobot_description' with build type 'ament_cmake'
[0.372s] INFO:colcon.colcon_cmake.task.cmake.build:Building CMake package in '/media/ros/fedora/home/maylis/Dokumente/TeleNav/project_ws/src/telerobot_description'
[0.372s] INFO:colcon.colcon_core.shell:Skip shell extension 'powershell' for command environment: Not usable outside of PowerShell
[0.372s] DEBUG:colcon.colcon_core.shell:Skip shell extension 'dsv' for command environment
[0.380s] DEBUG:colcon.colcon_core.event_handler.log_command:Invoking command in '/media/ros/fedora/home/maylis/Dokumente/TeleNav/project_ws/build/telerobot_interfaces': CMAKE_PREFIX_PATH=${CMAKE_PREFIX_PATH}:/media/ros/fedora/home/maylis/Dokumente/TeleNav/project_ws/install/telerobot_controller:/opt/ros/humble /usr/bin/cmake --build /media/ros/fedora/home/maylis/Dokumente/TeleNav/project_ws/build/telerobot_interfaces -- -j6 -l6
[0.385s] DEBUG:colcon.colcon_core.event_handler.log_command:Invoking command in '/media/ros/fedora/home/maylis/Dokumente/TeleNav/project_ws/build/telerobot_bringup': CMAKE_PREFIX_PATH=${CMAKE_PREFIX_PATH}:/media/ros/fedora/home/maylis/Dokumente/TeleNav/project_ws/install/telerobot_controller:/opt/ros/humble /usr/bin/cmake --build /media/ros/fedora/home/maylis/Dokumente/TeleNav/project_ws/build/telerobot_bringup -- -j6 -l6
[0.398s] DEBUG:colcon.colcon_core.event_handler.log_command:Invoking command in '/media/ros/fedora/home/maylis/Dokumente/TeleNav/project_ws/build/telerobot_description': CMAKE_PREFIX_PATH=${CMAKE_PREFIX_PATH}:/media/ros/fedora/home/maylis/Dokumente/TeleNav/project_ws/install/telerobot_controller:/opt/ros/humble /usr/bin/cmake --build /media/ros/fedora/home/maylis/Dokumente/TeleNav/project_ws/build/telerobot_description -- -j6 -l6
[0.441s] DEBUG:colcon.colcon_core.event_handler.log_command:Invoked command in '/media/ros/fedora/home/maylis/Dokumente/TeleNav/project_ws/build/telerobot_bringup' returned '0': CMAKE_PREFIX_PATH=${CMAKE_PREFIX_PATH}:/media/ros/fedora/home/maylis/Dokumente/TeleNav/project_ws/install/telerobot_controller:/opt/ros/humble /usr/bin/cmake --build /media/ros/fedora/home/maylis/Dokumente/TeleNav/project_ws/build/telerobot_bringup -- -j6 -l6
[0.454s] DEBUG:colcon.colcon_core.event_handler.log_command:Invoking command in '/media/ros/fedora/home/maylis/Dokumente/TeleNav/project_ws/build/telerobot_bringup': CMAKE_PREFIX_PATH=${CMAKE_PREFIX_PATH}:/media/ros/fedora/home/maylis/Dokumente/TeleNav/project_ws/install/telerobot_controller:/opt/ros/humble /usr/bin/cmake --install /media/ros/fedora/home/maylis/Dokumente/TeleNav/project_ws/build/telerobot_bringup
[0.459s] DEBUG:colcon.colcon_core.event_handler.log_command:Invoked command in '/media/ros/fedora/home/maylis/Dokumente/TeleNav/project_ws/build/telerobot_description' returned '0': CMAKE_PREFIX_PATH=${CMAKE_PREFIX_PATH}:/media/ros/fedora/home/maylis/Dokumente/TeleNav/project_ws/install/telerobot_controller:/opt/ros/humble /usr/bin/cmake --build /media/ros/fedora/home/maylis/Dokumente/TeleNav/project_ws/build/telerobot_description -- -j6 -l6
[0.461s] DEBUG:colcon.colcon_core.event_handler.log_command:Invoking command in '/media/ros/fedora/home/maylis/Dokumente/TeleNav/project_ws/build/telerobot_description': CMAKE_PREFIX_PATH=${CMAKE_PREFIX_PATH}:/media/ros/fedora/home/maylis/Dokumente/TeleNav/project_ws/install/telerobot_controller:/opt/ros/humble /usr/bin/cmake --install /media/ros/fedora/home/maylis/Dokumente/TeleNav/project_ws/build/telerobot_description
[0.470s] Level 1:colcon.colcon_core.environment:create_environment_scripts_only(telerobot_bringup)
[0.473s] Level 1:colcon.colcon_core.environment:checking '/media/ros/fedora/home/maylis/Dokumente/TeleNav/project_ws/install/telerobot_bringup' for CMake module files
[0.473s] DEBUG:colcon.colcon_core.event_handler.log_command:Invoked command in '/media/ros/fedora/home/maylis/Dokumente/TeleNav/project_ws/build/telerobot_bringup' returned '0': CMAKE_PREFIX_PATH=${CMAKE_PREFIX_PATH}:/media/ros/fedora/home/maylis/Dokumente/TeleNav/project_ws/install/telerobot_controller:/opt/ros/humble /usr/bin/cmake --install /media/ros/fedora/home/maylis/Dokumente/TeleNav/project_ws/build/telerobot_bringup
[0.475s] Level 1:colcon.colcon_core.environment:checking '/media/ros/fedora/home/maylis/Dokumente/TeleNav/project_ws/install/telerobot_bringup' for CMake config files
[0.475s] Level 1:colcon.colcon_core.shell:create_environment_hook('telerobot_bringup', 'cmake_prefix_path')
[0.476s] INFO:colcon.colcon_core.shell:Creating environment hook '/media/ros/fedora/home/maylis/Dokumente/TeleNav/project_ws/install/telerobot_bringup/share/telerobot_bringup/hook/cmake_prefix_path.ps1'
[0.478s] INFO:colcon.colcon_core.shell:Creating environment descriptor '/media/ros/fedora/home/maylis/Dokumente/TeleNav/project_ws/install/telerobot_bringup/share/telerobot_bringup/hook/cmake_prefix_path.dsv'
[0.479s] INFO:colcon.colcon_core.shell:Creating environment hook '/media/ros/fedora/home/maylis/Dokumente/TeleNav/project_ws/install/telerobot_bringup/share/telerobot_bringup/hook/cmake_prefix_path.sh'
[0.481s] Level 1:colcon.colcon_core.environment:checking '/media/ros/fedora/home/maylis/Dokumente/TeleNav/project_ws/install/telerobot_bringup/bin'
[0.482s] Level 1:colcon.colcon_core.environment:checking '/media/ros/fedora/home/maylis/Dokumente/TeleNav/project_ws/install/telerobot_bringup/lib/pkgconfig/telerobot_bringup.pc'
[0.482s] Level 1:colcon.colcon_core.environment:checking '/media/ros/fedora/home/maylis/Dokumente/TeleNav/project_ws/install/telerobot_bringup/lib/python3.10/site-packages'
[0.483s] Level 1:colcon.colcon_core.environment:checking '/media/ros/fedora/home/maylis/Dokumente/TeleNav/project_ws/install/telerobot_bringup/bin'
[0.484s] INFO:colcon.colcon_core.shell:Creating package script '/media/ros/fedora/home/maylis/Dokumente/TeleNav/project_ws/install/telerobot_bringup/share/telerobot_bringup/package.ps1'
[0.487s] INFO:colcon.colcon_core.shell:Creating package descriptor '/media/ros/fedora/home/maylis/Dokumente/TeleNav/project_ws/install/telerobot_bringup/share/telerobot_bringup/package.dsv'
[0.488s] INFO:colcon.colcon_core.shell:Creating package script '/media/ros/fedora/home/maylis/Dokumente/TeleNav/project_ws/install/telerobot_bringup/share/telerobot_bringup/package.sh'
[0.489s] INFO:colcon.colcon_core.shell:Creating package script '/media/ros/fedora/home/maylis/Dokumente/TeleNav/project_ws/install/telerobot_bringup/share/telerobot_bringup/package.bash'
[0.493s] INFO:colcon.colcon_core.shell:Creating package script '/media/ros/fedora/home/maylis/Dokumente/TeleNav/project_ws/install/telerobot_bringup/share/telerobot_bringup/package.zsh'
[0.494s] Level 1:colcon.colcon_core.environment:create_file_with_runtime_dependencies(/media/ros/fedora/home/maylis/Dokumente/TeleNav/project_ws/install/telerobot_bringup/share/colcon-core/packages/telerobot_bringup)
[0.495s] Level 1:colcon.colcon_core.environment:create_environment_scripts_only(telerobot_bringup)
[0.495s] Level 1:colcon.colcon_core.environment:checking '/media/ros/fedora/home/maylis/Dokumente/TeleNav/project_ws/install/telerobot_bringup' for CMake module files
[0.496s] Level 1:colcon.colcon_core.environment:checking '/media/ros/fedora/home/maylis/Dokumente/TeleNav/project_ws/install/telerobot_bringup' for CMake config files
[0.497s] Level 1:colcon.colcon_core.shell:create_environment_hook('telerobot_bringup', 'cmake_prefix_path')
[0.497s] INFO:colcon.colcon_core.shell:Creating environment hook '/media/ros/fedora/home/maylis/Dokumente/TeleNav/project_ws/install/telerobot_bringup/share/telerobot_bringup/hook/cmake_prefix_path.ps1'
[0.498s] INFO:colcon.colcon_core.shell:Creating environment descriptor '/media/ros/fedora/home/maylis/Dokumente/TeleNav/project_ws/install/telerobot_bringup/share/telerobot_bringup/hook/cmake_prefix_path.dsv'
[0.498s] INFO:colcon.colcon_core.shell:Creating environment hook '/media/ros/fedora/home/maylis/Dokumente/TeleNav/project_ws/install/telerobot_bringup/share/telerobot_bringup/hook/cmake_prefix_path.sh'
[0.499s] Level 1:colcon.colcon_core.environment:checking '/media/ros/fedora/home/maylis/Dokumente/TeleNav/project_ws/install/telerobot_bringup/bin'
[0.499s] Level 1:colcon.colcon_core.environment:checking '/media/ros/fedora/home/maylis/Dokumente/TeleNav/project_ws/install/telerobot_bringup/lib/pkgconfig/telerobot_bringup.pc'
[0.499s] Level 1:colcon.colcon_core.environment:checking '/media/ros/fedora/home/maylis/Dokumente/TeleNav/project_ws/install/telerobot_bringup/lib/python3.10/site-packages'
[0.499s] Level 1:colcon.colcon_core.environment:checking '/media/ros/fedora/home/maylis/Dokumente/TeleNav/project_ws/install/telerobot_bringup/bin'
[0.499s] INFO:colcon.colcon_core.shell:Creating package script '/media/ros/fedora/home/maylis/Dokumente/TeleNav/project_ws/install/telerobot_bringup/share/telerobot_bringup/package.ps1'
[0.500s] INFO:colcon.colcon_core.shell:Creating package descriptor '/media/ros/fedora/home/maylis/Dokumente/TeleNav/project_ws/install/telerobot_bringup/share/telerobot_bringup/package.dsv'
[0.500s] INFO:colcon.colcon_core.shell:Creating package script '/media/ros/fedora/home/maylis/Dokumente/TeleNav/project_ws/install/telerobot_bringup/share/telerobot_bringup/package.sh'
[0.501s] INFO:colcon.colcon_core.shell:Creating package script '/media/ros/fedora/home/maylis/Dokumente/TeleNav/project_ws/install/telerobot_bringup/share/telerobot_bringup/package.bash'
[0.501s] INFO:colcon.colcon_core.shell:Creating package script '/media/ros/fedora/home/maylis/Dokumente/TeleNav/project_ws/install/telerobot_bringup/share/telerobot_bringup/package.zsh'
[0.504s] Level 1:colcon.colcon_core.environment:create_file_with_runtime_dependencies(/media/ros/fedora/home/maylis/Dokumente/TeleNav/project_ws/install/telerobot_bringup/share/colcon-core/packages/telerobot_bringup)
[0.508s] Level 1:colcon.colcon_core.environment:create_environment_scripts_only(telerobot_description)
[0.509s] Level 1:colcon.colcon_core.environment:checking '/media/ros/fedora/home/maylis/Dokumente/TeleNav/project_ws/install/telerobot_description' for CMake module files
[0.510s] Level 1:colcon.colcon_core.environment:checking '/media/ros/fedora/home/maylis/Dokumente/TeleNav/project_ws/install/telerobot_description' for CMake config files
[0.508s] DEBUG:colcon.colcon_core.event_handler.log_command:Invoked command in '/media/ros/fedora/home/maylis/Dokumente/TeleNav/project_ws/build/telerobot_description' returned '0': CMAKE_PREFIX_PATH=${CMAKE_PREFIX_PATH}:/media/ros/fedora/home/maylis/Dokumente/TeleNav/project_ws/install/telerobot_controller:/opt/ros/humble /usr/bin/cmake --install /media/ros/fedora/home/maylis/Dokumente/TeleNav/project_ws/build/telerobot_description
[0.512s] Level 1:colcon.colcon_core.shell:create_environment_hook('telerobot_description', 'cmake_prefix_path')
[0.512s] INFO:colcon.colcon_core.shell:Creating environment hook '/media/ros/fedora/home/maylis/Dokumente/TeleNav/project_ws/install/telerobot_description/share/telerobot_description/hook/cmake_prefix_path.ps1'
[0.513s] INFO:colcon.colcon_core.shell:Creating environment descriptor '/media/ros/fedora/home/maylis/Dokumente/TeleNav/project_ws/install/telerobot_description/share/telerobot_description/hook/cmake_prefix_path.dsv'
[0.513s] INFO:colcon.colcon_core.shell:Creating environment hook '/media/ros/fedora/home/maylis/Dokumente/TeleNav/project_ws/install/telerobot_description/share/telerobot_description/hook/cmake_prefix_path.sh'
[0.514s] Level 1:colcon.colcon_core.environment:checking '/media/ros/fedora/home/maylis/Dokumente/TeleNav/project_ws/install/telerobot_description/bin'
[0.514s] Level 1:colcon.colcon_core.environment:checking '/media/ros/fedora/home/maylis/Dokumente/TeleNav/project_ws/install/telerobot_description/lib/pkgconfig/telerobot_description.pc'
[0.514s] Level 1:colcon.colcon_core.environment:checking '/media/ros/fedora/home/maylis/Dokumente/TeleNav/project_ws/install/telerobot_description/lib/python3.10/site-packages'
[0.515s] Level 1:colcon.colcon_core.environment:checking '/media/ros/fedora/home/maylis/Dokumente/TeleNav/project_ws/install/telerobot_description/bin'
[0.515s] INFO:colcon.colcon_core.shell:Creating package script '/media/ros/fedora/home/maylis/Dokumente/TeleNav/project_ws/install/telerobot_description/share/telerobot_description/package.ps1'
[0.516s] INFO:colcon.colcon_core.shell:Creating package descriptor '/media/ros/fedora/home/maylis/Dokumente/TeleNav/project_ws/install/telerobot_description/share/telerobot_description/package.dsv'
[0.517s] INFO:colcon.colcon_core.shell:Creating package script '/media/ros/fedora/home/maylis/Dokumente/TeleNav/project_ws/install/telerobot_description/share/telerobot_description/package.sh'
[0.521s] INFO:colcon.colcon_core.shell:Creating package script '/media/ros/fedora/home/maylis/Dokumente/TeleNav/project_ws/install/telerobot_description/share/telerobot_description/package.bash'
[0.522s] INFO:colcon.colcon_core.shell:Creating package script '/media/ros/fedora/home/maylis/Dokumente/TeleNav/project_ws/install/telerobot_description/share/telerobot_description/package.zsh'
[0.522s] Level 1:colcon.colcon_core.environment:create_file_with_runtime_dependencies(/media/ros/fedora/home/maylis/Dokumente/TeleNav/project_ws/install/telerobot_description/share/colcon-core/packages/telerobot_description)
[0.523s] Level 1:colcon.colcon_core.environment:create_environment_scripts_only(telerobot_description)
[0.523s] Level 1:colcon.colcon_core.environment:checking '/media/ros/fedora/home/maylis/Dokumente/TeleNav/project_ws/install/telerobot_description' for CMake module files
[0.523s] Level 1:colcon.colcon_core.environment:checking '/media/ros/fedora/home/maylis/Dokumente/TeleNav/project_ws/install/telerobot_description' for CMake config files
[0.524s] Level 1:colcon.colcon_core.shell:create_environment_hook('telerobot_description', 'cmake_prefix_path')
[0.524s] INFO:colcon.colcon_core.shell:Creating environment hook '/media/ros/fedora/home/maylis/Dokumente/TeleNav/project_ws/install/telerobot_description/share/telerobot_description/hook/cmake_prefix_path.ps1'
[0.524s] INFO:colcon.colcon_core.shell:Creating environment descriptor '/media/ros/fedora/home/maylis/Dokumente/TeleNav/project_ws/install/telerobot_description/share/telerobot_description/hook/cmake_prefix_path.dsv'
[0.525s] INFO:colcon.colcon_core.shell:Creating environment hook '/media/ros/fedora/home/maylis/Dokumente/TeleNav/project_ws/install/telerobot_description/share/telerobot_description/hook/cmake_prefix_path.sh'
[0.525s] Level 1:colcon.colcon_core.environment:checking '/media/ros/fedora/home/maylis/Dokumente/TeleNav/project_ws/install/telerobot_description/bin'
[0.525s] Level 1:colcon.colcon_core.environment:checking '/media/ros/fedora/home/maylis/Dokumente/TeleNav/project_ws/install/telerobot_description/lib/pkgconfig/telerobot_description.pc'
[0.525s] Level 1:colcon.colcon_core.environment:checking '/media/ros/fedora/home/maylis/Dokumente/TeleNav/project_ws/install/telerobot_description/lib/python3.10/site-packages'
[0.526s] Level 1:colcon.colcon_core.environment:checking '/media/ros/fedora/home/maylis/Dokumente/TeleNav/project_ws/install/telerobot_description/bin'
[0.526s] INFO:colcon.colcon_core.shell:Creating package script '/media/ros/fedora/home/maylis/Dokumente/TeleNav/project_ws/install/telerobot_description/share/telerobot_description/package.ps1'
[0.527s] INFO:colcon.colcon_core.shell:Creating package descriptor '/media/ros/fedora/home/maylis/Dokumente/TeleNav/project_ws/install/telerobot_description/share/telerobot_description/package.dsv'
[0.528s] INFO:colcon.colcon_core.shell:Creating package script '/media/ros/fedora/home/maylis/Dokumente/TeleNav/project_ws/install/telerobot_description/share/telerobot_description/package.sh'
[0.528s] INFO:colcon.colcon_core.shell:Creating package script '/media/ros/fedora/home/maylis/Dokumente/TeleNav/project_ws/install/telerobot_description/share/telerobot_description/package.bash'
[0.529s] INFO:colcon.colcon_core.shell:Creating package script '/media/ros/fedora/home/maylis/Dokumente/TeleNav/project_ws/install/telerobot_description/share/telerobot_description/package.zsh'
[0.529s] Level 1:colcon.colcon_core.environment:create_file_with_runtime_dependencies(/media/ros/fedora/home/maylis/Dokumente/TeleNav/project_ws/install/telerobot_description/share/colcon-core/packages/telerobot_description)
[0.871s] DEBUG:colcon.colcon_core.event_handler.log_command:Invoked command in '/media/ros/fedora/home/maylis/Dokumente/TeleNav/project_ws/build/telerobot_interfaces' returned '0': CMAKE_PREFIX_PATH=${CMAKE_PREFIX_PATH}:/media/ros/fedora/home/maylis/Dokumente/TeleNav/project_ws/install/telerobot_controller:/opt/ros/humble /usr/bin/cmake --build /media/ros/fedora/home/maylis/Dokumente/TeleNav/project_ws/build/telerobot_interfaces -- -j6 -l6
[0.874s] DEBUG:colcon.colcon_core.event_handler.log_command:Invoking command in '/media/ros/fedora/home/maylis/Dokumente/TeleNav/project_ws/build/telerobot_interfaces': CMAKE_PREFIX_PATH=${CMAKE_PREFIX_PATH}:/media/ros/fedora/home/maylis/Dokumente/TeleNav/project_ws/install/telerobot_controller:/opt/ros/humble /usr/bin/cmake --install /media/ros/fedora/home/maylis/Dokumente/TeleNav/project_ws/build/telerobot_interfaces
[0.937s] Level 1:colcon.colcon_core.environment:create_environment_scripts_only(telerobot_interfaces)
[0.937s] Level 1:colcon.colcon_core.environment:checking '/media/ros/fedora/home/maylis/Dokumente/TeleNav/project_ws/install/telerobot_interfaces' for CMake module files
[0.938s] DEBUG:colcon.colcon_core.event_handler.log_command:Invoked command in '/media/ros/fedora/home/maylis/Dokumente/TeleNav/project_ws/build/telerobot_interfaces' returned '0': CMAKE_PREFIX_PATH=${CMAKE_PREFIX_PATH}:/media/ros/fedora/home/maylis/Dokumente/TeleNav/project_ws/install/telerobot_controller:/opt/ros/humble /usr/bin/cmake --install /media/ros/fedora/home/maylis/Dokumente/TeleNav/project_ws/build/telerobot_interfaces
[0.938s] Level 1:colcon.colcon_core.environment:checking '/media/ros/fedora/home/maylis/Dokumente/TeleNav/project_ws/install/telerobot_interfaces' for CMake config files
[0.938s] Level 1:colcon.colcon_core.shell:create_environment_hook('telerobot_interfaces', 'cmake_prefix_path')
[0.938s] INFO:colcon.colcon_core.shell:Creating environment hook '/media/ros/fedora/home/maylis/Dokumente/TeleNav/project_ws/install/telerobot_interfaces/share/telerobot_interfaces/hook/cmake_prefix_path.ps1'
[0.939s] INFO:colcon.colcon_core.shell:Creating environment descriptor '/media/ros/fedora/home/maylis/Dokumente/TeleNav/project_ws/install/telerobot_interfaces/share/telerobot_interfaces/hook/cmake_prefix_path.dsv'
[0.939s] INFO:colcon.colcon_core.shell:Creating environment hook '/media/ros/fedora/home/maylis/Dokumente/TeleNav/project_ws/install/telerobot_interfaces/share/telerobot_interfaces/hook/cmake_prefix_path.sh'
[0.939s] Level 1:colcon.colcon_core.environment:checking '/media/ros/fedora/home/maylis/Dokumente/TeleNav/project_ws/install/telerobot_interfaces/lib'
[0.940s] Level 1:colcon.colcon_core.shell:create_environment_hook('telerobot_interfaces', 'ld_library_path_lib')
[0.940s] INFO:colcon.colcon_core.shell:Creating environment hook '/media/ros/fedora/home/maylis/Dokumente/TeleNav/project_ws/install/telerobot_interfaces/share/telerobot_interfaces/hook/ld_library_path_lib.ps1'
[0.940s] INFO:colcon.colcon_core.shell:Creating environment descriptor '/media/ros/fedora/home/maylis/Dokumente/TeleNav/project_ws/install/telerobot_interfaces/share/telerobot_interfaces/hook/ld_library_path_lib.dsv'
[0.940s] INFO:colcon.colcon_core.shell:Creating environment hook '/media/ros/fedora/home/maylis/Dokumente/TeleNav/project_ws/install/telerobot_interfaces/share/telerobot_interfaces/hook/ld_library_path_lib.sh'
[0.941s] Level 1:colcon.colcon_core.environment:checking '/media/ros/fedora/home/maylis/Dokumente/TeleNav/project_ws/install/telerobot_interfaces/bin'
[0.941s] Level 1:colcon.colcon_core.environment:checking '/media/ros/fedora/home/maylis/Dokumente/TeleNav/project_ws/install/telerobot_interfaces/lib/pkgconfig/telerobot_interfaces.pc'
[0.941s] Level 1:colcon.colcon_core.environment:checking '/media/ros/fedora/home/maylis/Dokumente/TeleNav/project_ws/install/telerobot_interfaces/lib/python3.10/site-packages'
[0.941s] Level 1:colcon.colcon_core.environment:checking '/media/ros/fedora/home/maylis/Dokumente/TeleNav/project_ws/install/telerobot_interfaces/bin'
[0.941s] INFO:colcon.colcon_core.shell:Creating package script '/media/ros/fedora/home/maylis/Dokumente/TeleNav/project_ws/install/telerobot_interfaces/share/telerobot_interfaces/package.ps1'
[0.942s] INFO:colcon.colcon_core.shell:Creating package descriptor '/media/ros/fedora/home/maylis/Dokumente/TeleNav/project_ws/install/telerobot_interfaces/share/telerobot_interfaces/package.dsv'
[0.942s] INFO:colcon.colcon_core.shell:Creating package script '/media/ros/fedora/home/maylis/Dokumente/TeleNav/project_ws/install/telerobot_interfaces/share/telerobot_interfaces/package.sh'
[0.943s] INFO:colcon.colcon_core.shell:Creating package script '/media/ros/fedora/home/maylis/Dokumente/TeleNav/project_ws/install/telerobot_interfaces/share/telerobot_interfaces/package.bash'
[0.943s] INFO:colcon.colcon_core.shell:Creating package script '/media/ros/fedora/home/maylis/Dokumente/TeleNav/project_ws/install/telerobot_interfaces/share/telerobot_interfaces/package.zsh'
[0.943s] Level 1:colcon.colcon_core.environment:create_file_with_runtime_dependencies(/media/ros/fedora/home/maylis/Dokumente/TeleNav/project_ws/install/telerobot_interfaces/share/colcon-core/packages/telerobot_interfaces)
[0.943s] Level 1:colcon.colcon_core.environment:create_environment_scripts_only(telerobot_interfaces)
[0.944s] Level 1:colcon.colcon_core.environment:checking '/media/ros/fedora/home/maylis/Dokumente/TeleNav/project_ws/install/telerobot_interfaces' for CMake module files
[0.944s] Level 1:colcon.colcon_core.environment:checking '/media/ros/fedora/home/maylis/Dokumente/TeleNav/project_ws/install/telerobot_interfaces' for CMake config files
[0.944s] Level 1:colcon.colcon_core.shell:create_environment_hook('telerobot_interfaces', 'cmake_prefix_path')
[0.944s] INFO:colcon.colcon_core.shell:Creating environment hook '/media/ros/fedora/home/maylis/Dokumente/TeleNav/project_ws/install/telerobot_interfaces/share/telerobot_interfaces/hook/cmake_prefix_path.ps1'
[0.945s] INFO:colcon.colcon_core.shell:Creating environment descriptor '/media/ros/fedora/home/maylis/Dokumente/TeleNav/project_ws/install/telerobot_interfaces/share/telerobot_interfaces/hook/cmake_prefix_path.dsv'
[0.945s] INFO:colcon.colcon_core.shell:Creating environment hook '/media/ros/fedora/home/maylis/Dokumente/TeleNav/project_ws/install/telerobot_interfaces/share/telerobot_interfaces/hook/cmake_prefix_path.sh'
[0.945s] Level 1:colcon.colcon_core.environment:checking '/media/ros/fedora/home/maylis/Dokumente/TeleNav/project_ws/install/telerobot_interfaces/lib'
[0.946s] Level 1:colcon.colcon_core.shell:create_environment_hook('telerobot_interfaces', 'ld_library_path_lib')
[0.946s] INFO:colcon.colcon_core.shell:Creating environment hook '/media/ros/fedora/home/maylis/Dokumente/TeleNav/project_ws/install/telerobot_interfaces/share/telerobot_interfaces/hook/ld_library_path_lib.ps1'
[0.946s] INFO:colcon.colcon_core.shell:Creating environment descriptor '/media/ros/fedora/home/maylis/Dokumente/TeleNav/project_ws/install/telerobot_interfaces/share/telerobot_interfaces/hook/ld_library_path_lib.dsv'
[0.946s] INFO:colcon.colcon_core.shell:Creating environment hook '/media/ros/fedora/home/maylis/Dokumente/TeleNav/project_ws/install/telerobot_interfaces/share/telerobot_interfaces/hook/ld_library_path_lib.sh'
[0.947s] Level 1:colcon.colcon_core.environment:checking '/media/ros/fedora/home/maylis/Dokumente/TeleNav/project_ws/install/telerobot_interfaces/bin'
[0.947s] Level 1:colcon.colcon_core.environment:checking '/media/ros/fedora/home/maylis/Dokumente/TeleNav/project_ws/install/telerobot_interfaces/lib/pkgconfig/telerobot_interfaces.pc'
[0.947s] Level 1:colcon.colcon_core.environment:checking '/media/ros/fedora/home/maylis/Dokumente/TeleNav/project_ws/install/telerobot_interfaces/lib/python3.10/site-packages'
[0.947s] Level 1:colcon.colcon_core.environment:checking '/media/ros/fedora/home/maylis/Dokumente/TeleNav/project_ws/install/telerobot_interfaces/bin'
[0.947s] INFO:colcon.colcon_core.shell:Creating package script '/media/ros/fedora/home/maylis/Dokumente/TeleNav/project_ws/install/telerobot_interfaces/share/telerobot_interfaces/package.ps1'
[0.948s] INFO:colcon.colcon_core.shell:Creating package descriptor '/media/ros/fedora/home/maylis/Dokumente/TeleNav/project_ws/install/telerobot_interfaces/share/telerobot_interfaces/package.dsv'
[0.948s] INFO:colcon.colcon_core.shell:Creating package script '/media/ros/fedora/home/maylis/Dokumente/TeleNav/project_ws/install/telerobot_interfaces/share/telerobot_interfaces/package.sh'
[0.949s] INFO:colcon.colcon_core.shell:Creating package script '/media/ros/fedora/home/maylis/Dokumente/TeleNav/project_ws/install/telerobot_interfaces/share/telerobot_interfaces/package.bash'
[0.949s] INFO:colcon.colcon_core.shell:Creating package script '/media/ros/fedora/home/maylis/Dokumente/TeleNav/project_ws/install/telerobot_interfaces/share/telerobot_interfaces/package.zsh'
[0.949s] Level 1:colcon.colcon_core.environment:create_file_with_runtime_dependencies(/media/ros/fedora/home/maylis/Dokumente/TeleNav/project_ws/install/telerobot_interfaces/share/colcon-core/packages/telerobot_interfaces)
[0.950s] INFO:colcon.colcon_ros.task.ament_python.build:Building ROS package in '/media/ros/fedora/home/maylis/Dokumente/TeleNav/project_ws/src/telerobot_controller' with build type 'ament_python'
[0.950s] Level 1:colcon.colcon_core.shell:create_environment_hook('telerobot_controller', 'ament_prefix_path')
[0.951s] INFO:colcon.colcon_core.shell:Creating environment hook '/media/ros/fedora/home/maylis/Dokumente/TeleNav/project_ws/install/telerobot_controller/share/telerobot_controller/hook/ament_prefix_path.ps1'
[0.952s] INFO:colcon.colcon_core.shell:Creating environment descriptor '/media/ros/fedora/home/maylis/Dokumente/TeleNav/project_ws/install/telerobot_controller/share/telerobot_controller/hook/ament_prefix_path.dsv'
[0.953s] INFO:colcon.colcon_core.shell:Creating environment hook '/media/ros/fedora/home/maylis/Dokumente/TeleNav/project_ws/install/telerobot_controller/share/telerobot_controller/hook/ament_prefix_path.sh'
[0.954s] INFO:colcon.colcon_core.shell:Skip shell extension 'powershell' for command environment: Not usable outside of PowerShell
[0.954s] DEBUG:colcon.colcon_core.shell:Skip shell extension 'dsv' for command environment
[1.206s] INFO:colcon.colcon_core.task.python.build:Building Python package in '/media/ros/fedora/home/maylis/Dokumente/TeleNav/project_ws/src/telerobot_controller'
[1.206s] INFO:colcon.colcon_core.shell:Skip shell extension 'powershell' for command environment: Not usable outside of PowerShell
[1.206s] DEBUG:colcon.colcon_core.shell:Skip shell extension 'dsv' for command environment
[1.537s] DEBUG:colcon.colcon_core.event_handler.log_command:Invoking command in '/media/ros/fedora/home/maylis/Dokumente/TeleNav/project_ws/src/telerobot_controller': PYTHONPATH=/media/ros/fedora/home/maylis/Dokumente/TeleNav/project_ws/build/telerobot_controller/prefix_override:/usr/lib/python3/dist-packages/colcon_core/task/python/colcon_distutils_commands:/media/ros/fedora/home/maylis/Dokumente/TeleNav/project_ws/install/telerobot_controller/lib/python3.10/site-packages:${PYTHONPATH} /usr/bin/python3 -W ignore:setup.py install is deprecated -W ignore:easy_install command is deprecated setup.py egg_info --egg-base ../../build/telerobot_controller build --build-base /media/ros/fedora/home/maylis/Dokumente/TeleNav/project_ws/build/telerobot_controller/build install --record /media/ros/fedora/home/maylis/Dokumente/TeleNav/project_ws/build/telerobot_controller/install.log --single-version-externally-managed install_data
[1.817s] Level 1:colcon.colcon_core.environment:checking '/media/ros/fedora/home/maylis/Dokumente/TeleNav/project_ws/install/telerobot_controller' for CMake module files
[1.818s] DEBUG:colcon.colcon_core.event_handler.log_command:Invoked command in '/media/ros/fedora/home/maylis/Dokumente/TeleNav/project_ws/src/telerobot_controller' returned '0': PYTHONPATH=/media/ros/fedora/home/maylis/Dokumente/TeleNav/project_ws/build/telerobot_controller/prefix_override:/usr/lib/python3/dist-packages/colcon_core/task/python/colcon_distutils_commands:/media/ros/fedora/home/maylis/Dokumente/TeleNav/project_ws/install/telerobot_controller/lib/python3.10/site-packages:${PYTHONPATH} /usr/bin/python3 -W ignore:setup.py install is deprecated -W ignore:easy_install command is deprecated setup.py egg_info --egg-base ../../build/telerobot_controller build --build-base /media/ros/fedora/home/maylis/Dokumente/TeleNav/project_ws/build/telerobot_controller/build install --record /media/ros/fedora/home/maylis/Dokumente/TeleNav/project_ws/build/telerobot_controller/install.log --single-version-externally-managed install_data
[1.818s] Level 1:colcon.colcon_core.environment:checking '/media/ros/fedora/home/maylis/Dokumente/TeleNav/project_ws/install/telerobot_controller' for CMake config files
[1.818s] Level 1:colcon.colcon_core.environment:checking '/media/ros/fedora/home/maylis/Dokumente/TeleNav/project_ws/install/telerobot_controller/lib'
[1.819s] Level 1:colcon.colcon_core.environment:checking '/media/ros/fedora/home/maylis/Dokumente/TeleNav/project_ws/install/telerobot_controller/bin'
[1.819s] Level 1:colcon.colcon_core.environment:checking '/media/ros/fedora/home/maylis/Dokumente/TeleNav/project_ws/install/telerobot_controller/lib/pkgconfig/telerobot_controller.pc'
[1.819s] Level 1:colcon.colcon_core.environment:checking '/media/ros/fedora/home/maylis/Dokumente/TeleNav/project_ws/install/telerobot_controller/lib/python3.10/site-packages'
[1.819s] Level 1:colcon.colcon_core.shell:create_environment_hook('telerobot_controller', 'pythonpath')
[1.819s] INFO:colcon.colcon_core.shell:Creating environment hook '/media/ros/fedora/home/maylis/Dokumente/TeleNav/project_ws/install/telerobot_controller/share/telerobot_controller/hook/pythonpath.ps1'
[1.819s] INFO:colcon.colcon_core.shell:Creating environment descriptor '/media/ros/fedora/home/maylis/Dokumente/TeleNav/project_ws/install/telerobot_controller/share/telerobot_controller/hook/pythonpath.dsv'
[1.820s] INFO:colcon.colcon_core.shell:Creating environment hook '/media/ros/fedora/home/maylis/Dokumente/TeleNav/project_ws/install/telerobot_controller/share/telerobot_controller/hook/pythonpath.sh'
[1.820s] Level 1:colcon.colcon_core.environment:checking '/media/ros/fedora/home/maylis/Dokumente/TeleNav/project_ws/install/telerobot_controller/bin'
[1.820s] Level 1:colcon.colcon_core.environment:create_environment_scripts_only(telerobot_controller)
[1.821s] INFO:colcon.colcon_core.shell:Creating package script '/media/ros/fedora/home/maylis/Dokumente/TeleNav/project_ws/install/telerobot_controller/share/telerobot_controller/package.ps1'
[1.821s] INFO:colcon.colcon_core.shell:Creating package descriptor '/media/ros/fedora/home/maylis/Dokumente/TeleNav/project_ws/install/telerobot_controller/share/telerobot_controller/package.dsv'
[1.822s] INFO:colcon.colcon_core.shell:Creating package script '/media/ros/fedora/home/maylis/Dokumente/TeleNav/project_ws/install/telerobot_controller/share/telerobot_controller/package.sh'
[1.822s] INFO:colcon.colcon_core.shell:Creating package script '/media/ros/fedora/home/maylis/Dokumente/TeleNav/project_ws/install/telerobot_controller/share/telerobot_controller/package.bash'
[1.822s] INFO:colcon.colcon_core.shell:Creating package script '/media/ros/fedora/home/maylis/Dokumente/TeleNav/project_ws/install/telerobot_controller/share/telerobot_controller/package.zsh'
[1.823s] Level 1:colcon.colcon_core.environment:create_file_with_runtime_dependencies(/media/ros/fedora/home/maylis/Dokumente/TeleNav/project_ws/install/telerobot_controller/share/colcon-core/packages/telerobot_controller)
[1.823s] DEBUG:colcon.colcon_parallel_executor.executor.parallel:closing loop
[1.823s] DEBUG:colcon.colcon_parallel_executor.executor.parallel:loop closed
[1.824s] DEBUG:colcon.colcon_parallel_executor.executor.parallel:run_until_complete finished with '0'
[1.824s] DEBUG:colcon.colcon_core.event_reactor:joining thread
[1.828s] INFO:colcon.colcon_core.plugin_system:Skipping extension 'colcon_notification.desktop_notification.terminal_notifier': Not used on non-Darwin systems
[1.828s] INFO:colcon.colcon_core.plugin_system:Skipping extension 'colcon_notification.desktop_notification.win32': Not used on non-Windows systems
[1.828s] INFO:colcon.colcon_notification.desktop_notification:Sending desktop notification using 'notify2'
[1.849s] DEBUG:colcon.colcon_core.event_reactor:joined thread
[1.850s] INFO:colcon.colcon_core.shell:Creating prefix script '/media/ros/fedora/home/maylis/Dokumente/TeleNav/project_ws/install/local_setup.ps1'
[1.852s] INFO:colcon.colcon_core.shell:Creating prefix util module '/media/ros/fedora/home/maylis/Dokumente/TeleNav/project_ws/install/_local_setup_util_ps1.py'
[1.855s] INFO:colcon.colcon_core.shell:Creating prefix chain script '/media/ros/fedora/home/maylis/Dokumente/TeleNav/project_ws/install/setup.ps1'
[1.857s] INFO:colcon.colcon_core.shell:Creating prefix script '/media/ros/fedora/home/maylis/Dokumente/TeleNav/project_ws/install/local_setup.sh'
[1.858s] INFO:colcon.colcon_core.shell:Creating prefix util module '/media/ros/fedora/home/maylis/Dokumente/TeleNav/project_ws/install/_local_setup_util_sh.py'
[1.859s] INFO:colcon.colcon_core.shell:Creating prefix chain script '/media/ros/fedora/home/maylis/Dokumente/TeleNav/project_ws/install/setup.sh'
[1.862s] INFO:colcon.colcon_core.shell:Creating prefix script '/media/ros/fedora/home/maylis/Dokumente/TeleNav/project_ws/install/local_setup.bash'
[1.863s] INFO:colcon.colcon_core.shell:Creating prefix chain script '/media/ros/fedora/home/maylis/Dokumente/TeleNav/project_ws/install/setup.bash'
[1.865s] INFO:colcon.colcon_core.shell:Creating prefix script '/media/ros/fedora/home/maylis/Dokumente/TeleNav/project_ws/install/local_setup.zsh'
[1.866s] INFO:colcon.colcon_core.shell:Creating prefix chain script '/media/ros/fedora/home/maylis/Dokumente/TeleNav/project_ws/install/setup.zsh'
