[0.064s] Invoking command in '/media/ros/fedora/home/maylis/Dokumente/TeleNav/build/turtle_interfaces': CMAKE_PREFIX_PATH=${CMAKE_PREFIX_PATH}:/media/ros/fedora/home/maylis/Dokumente/TeleNav/install/turtle_spawner:/media/ros/fedora/home/maylis/Dokumente/TeleNav/install/turtle_controller:/media/ros/fedora/home/maylis/Dokumente/TeleNav/install/my_robot_controller:/opt/ros/humble /usr/bin/cmake --build /media/ros/fedora/home/maylis/Dokumente/TeleNav/build/turtle_interfaces -- -j6 -l6
[0.516s] [ 10%] Built target turtle_interfaces__rosidl_generator_c
[0.516s] [ 12%] Built target turtle_interfaces__cpp
[0.516s] [ 12%] Built target ament_cmake_python_copy_turtle_interfaces
[0.516s] [ 23%] Built target turtle_interfaces__rosidl_typesupport_c
[0.516s] [ 34%] Built target turtle_interfaces__rosidl_typesupport_introspection_c
[0.516s] [ 48%] Built target turtle_interfaces__rosidl_typesupport_introspection_cpp
[0.516s] [ 55%] Built target turtle_interfaces__rosidl_typesupport_fastrtps_cpp
[0.517s] [ 72%] Built target turtle_interfaces__rosidl_typesupport_cpp
[0.517s] [ 76%] Built target turtle_interfaces__rosidl_typesupport_fastrtps_c
[0.517s] [ 76%] Built target turtle_interfaces
[0.517s] [ 78%] Built target turtle_interfaces__py
[0.517s] [ 87%] Built target turtle_interfaces__rosidl_generator_py
[0.517s] [ 97%] Built target turtle_interfaces__rosidl_typesupport_introspection_c__pyext
[0.517s] [100%] Built target turtle_interfaces__rosidl_typesupport_c__pyext
[0.517s] [100%] Built target turtle_interfaces__rosidl_typesupport_fastrtps_c__pyext
[0.580s] running egg_info
[0.580s] writing turtle_interfaces.egg-info/PKG-INFO
[0.580s] writing dependency_links to turtle_interfaces.egg-info/dependency_links.txt
[0.580s] writing top-level names to turtle_interfaces.egg-info/top_level.txt
[0.591s] reading manifest file 'turtle_interfaces.egg-info/SOURCES.txt'
[0.593s] writing manifest file 'turtle_interfaces.egg-info/SOURCES.txt'
[0.727s] [100%] Built target ament_cmake_python_build_turtle_interfaces_egg
[1.053s] Invoked command in '/media/ros/fedora/home/maylis/Dokumente/TeleNav/build/turtle_interfaces' returned '0': CMAKE_PREFIX_PATH=${CMAKE_PREFIX_PATH}:/media/ros/fedora/home/maylis/Dokumente/TeleNav/install/turtle_spawner:/media/ros/fedora/home/maylis/Dokumente/TeleNav/install/turtle_controller:/media/ros/fedora/home/maylis/Dokumente/TeleNav/install/my_robot_controller:/opt/ros/humble /usr/bin/cmake --build /media/ros/fedora/home/maylis/Dokumente/TeleNav/build/turtle_interfaces -- -j6 -l6
[1.065s] Invoking command in '/media/ros/fedora/home/maylis/Dokumente/TeleNav/build/turtle_interfaces': CMAKE_PREFIX_PATH=${CMAKE_PREFIX_PATH}:/media/ros/fedora/home/maylis/Dokumente/TeleNav/install/turtle_spawner:/media/ros/fedora/home/maylis/Dokumente/TeleNav/install/turtle_controller:/media/ros/fedora/home/maylis/Dokumente/TeleNav/install/my_robot_controller:/opt/ros/humble /usr/bin/cmake --install /media/ros/fedora/home/maylis/Dokumente/TeleNav/build/turtle_interfaces
[1.070s] -- Install configuration: ""
[1.070s] -- Up-to-date: /media/ros/fedora/home/maylis/Dokumente/TeleNav/install/turtle_interfaces/share/ament_index/resource_index/rosidl_interfaces/turtle_interfaces
[1.071s] -- Up-to-date: /media/ros/fedora/home/maylis/Dokumente/TeleNav/install/turtle_interfaces/include/turtle_interfaces/turtle_interfaces
[1.072s] -- Up-to-date: /media/ros/fedora/home/maylis/Dokumente/TeleNav/install/turtle_interfaces/include/turtle_interfaces/turtle_interfaces/msg
[1.072s] -- Up-to-date: /media/ros/fedora/home/maylis/Dokumente/TeleNav/install/turtle_interfaces/include/turtle_interfaces/turtle_interfaces/msg/rosidl_generator_c__visibility_control.h
[1.073s] -- Up-to-date: /media/ros/fedora/home/maylis/Dokumente/TeleNav/install/turtle_interfaces/include/turtle_interfaces/turtle_interfaces/msg/turtle_position.h
[1.073s] -- Up-to-date: /media/ros/fedora/home/maylis/Dokumente/TeleNav/install/turtle_interfaces/include/turtle_interfaces/turtle_interfaces/msg/detail
[1.073s] -- Up-to-date: /media/ros/fedora/home/maylis/Dokumente/TeleNav/install/turtle_interfaces/include/turtle_interfaces/turtle_interfaces/msg/detail/turtle_position__functions.c
[1.073s] -- Up-to-date: /media/ros/fedora/home/maylis/Dokumente/TeleNav/install/turtle_interfaces/include/turtle_interfaces/turtle_interfaces/msg/detail/turtle_position__functions.h
[1.073s] -- Up-to-date: /media/ros/fedora/home/maylis/Dokumente/TeleNav/install/turtle_interfaces/include/turtle_interfaces/turtle_interfaces/msg/detail/turtle_position__struct.h
[1.073s] -- Up-to-date: /media/ros/fedora/home/maylis/Dokumente/TeleNav/install/turtle_interfaces/include/turtle_interfaces/turtle_interfaces/msg/detail/turtle_position__type_support.h
[1.073s] -- Up-to-date: /media/ros/fedora/home/maylis/Dokumente/TeleNav/install/turtle_interfaces/include/turtle_interfaces/turtle_interfaces/msg/detail/turtles_alive__functions.c
[1.073s] -- Up-to-date: /media/ros/fedora/home/maylis/Dokumente/TeleNav/install/turtle_interfaces/include/turtle_interfaces/turtle_interfaces/msg/detail/turtles_alive__functions.h
[1.073s] -- Up-to-date: /media/ros/fedora/home/maylis/Dokumente/TeleNav/install/turtle_interfaces/include/turtle_interfaces/turtle_interfaces/msg/detail/turtles_alive__struct.h
[1.073s] -- Up-to-date: /media/ros/fedora/home/maylis/Dokumente/TeleNav/install/turtle_interfaces/include/turtle_interfaces/turtle_interfaces/msg/detail/turtles_alive__type_support.h
[1.073s] -- Up-to-date: /media/ros/fedora/home/maylis/Dokumente/TeleNav/install/turtle_interfaces/include/turtle_interfaces/turtle_interfaces/msg/turtles_alive.h
[1.073s] -- Up-to-date: /media/ros/fedora/home/maylis/Dokumente/TeleNav/install/turtle_interfaces/include/turtle_interfaces/turtle_interfaces/srv
[1.074s] -- Up-to-date: /media/ros/fedora/home/maylis/Dokumente/TeleNav/install/turtle_interfaces/include/turtle_interfaces/turtle_interfaces/srv/catch.h
[1.074s] -- Up-to-date: /media/ros/fedora/home/maylis/Dokumente/TeleNav/install/turtle_interfaces/include/turtle_interfaces/turtle_interfaces/srv/detail
[1.074s] -- Up-to-date: /media/ros/fedora/home/maylis/Dokumente/TeleNav/install/turtle_interfaces/include/turtle_interfaces/turtle_interfaces/srv/detail/catch__functions.c
[1.074s] -- Up-to-date: /media/ros/fedora/home/maylis/Dokumente/TeleNav/install/turtle_interfaces/include/turtle_interfaces/turtle_interfaces/srv/detail/catch__functions.h
[1.074s] -- Up-to-date: /media/ros/fedora/home/maylis/Dokumente/TeleNav/install/turtle_interfaces/include/turtle_interfaces/turtle_interfaces/srv/detail/catch__struct.h
[1.074s] -- Up-to-date: /media/ros/fedora/home/maylis/Dokumente/TeleNav/install/turtle_interfaces/include/turtle_interfaces/turtle_interfaces/srv/detail/catch__type_support.h
[1.074s] -- Up-to-date: /media/ros/fedora/home/maylis/Dokumente/TeleNav/install/turtle_interfaces/share/turtle_interfaces/environment/library_path.sh
[1.074s] -- Up-to-date: /media/ros/fedora/home/maylis/Dokumente/TeleNav/install/turtle_interfaces/share/turtle_interfaces/environment/library_path.dsv
[1.080s] -- Up-to-date: /media/ros/fedora/home/maylis/Dokumente/TeleNav/install/turtle_interfaces/lib/libturtle_interfaces__rosidl_generator_c.so
[1.080s] -- Up-to-date: /media/ros/fedora/home/maylis/Dokumente/TeleNav/install/turtle_interfaces/include/turtle_interfaces/turtle_interfaces
[1.080s] -- Up-to-date: /media/ros/fedora/home/maylis/Dokumente/TeleNav/install/turtle_interfaces/include/turtle_interfaces/turtle_interfaces/msg
[1.080s] -- Up-to-date: /media/ros/fedora/home/maylis/Dokumente/TeleNav/install/turtle_interfaces/include/turtle_interfaces/turtle_interfaces/msg/rosidl_typesupport_fastrtps_c__visibility_control.h
[1.080s] -- Up-to-date: /media/ros/fedora/home/maylis/Dokumente/TeleNav/install/turtle_interfaces/include/turtle_interfaces/turtle_interfaces/msg/detail
[1.080s] -- Up-to-date: /media/ros/fedora/home/maylis/Dokumente/TeleNav/install/turtle_interfaces/include/turtle_interfaces/turtle_interfaces/msg/detail/turtle_position__rosidl_typesupport_fastrtps_c.h
[1.083s] -- Up-to-date: /media/ros/fedora/home/maylis/Dokumente/TeleNav/install/turtle_interfaces/include/turtle_interfaces/turtle_interfaces/msg/detail/turtles_alive__rosidl_typesupport_fastrtps_c.h
[1.083s] -- Up-to-date: /media/ros/fedora/home/maylis/Dokumente/TeleNav/install/turtle_interfaces/include/turtle_interfaces/turtle_interfaces/srv
[1.083s] -- Up-to-date: /media/ros/fedora/home/maylis/Dokumente/TeleNav/install/turtle_interfaces/include/turtle_interfaces/turtle_interfaces/srv/detail
[1.084s] -- Up-to-date: /media/ros/fedora/home/maylis/Dokumente/TeleNav/install/turtle_interfaces/include/turtle_interfaces/turtle_interfaces/srv/detail/catch__rosidl_typesupport_fastrtps_c.h
[1.084s] -- Up-to-date: /media/ros/fedora/home/maylis/Dokumente/TeleNav/install/turtle_interfaces/lib/libturtle_interfaces__rosidl_typesupport_fastrtps_c.so
[1.084s] -- Up-to-date: /media/ros/fedora/home/maylis/Dokumente/TeleNav/install/turtle_interfaces/include/turtle_interfaces/turtle_interfaces
[1.084s] -- Up-to-date: /media/ros/fedora/home/maylis/Dokumente/TeleNav/install/turtle_interfaces/include/turtle_interfaces/turtle_interfaces/msg
[1.084s] -- Up-to-date: /media/ros/fedora/home/maylis/Dokumente/TeleNav/install/turtle_interfaces/include/turtle_interfaces/turtle_interfaces/msg/rosidl_typesupport_introspection_c__visibility_control.h
[1.084s] -- Up-to-date: /media/ros/fedora/home/maylis/Dokumente/TeleNav/install/turtle_interfaces/include/turtle_interfaces/turtle_interfaces/msg/detail
[1.084s] -- Up-to-date: /media/ros/fedora/home/maylis/Dokumente/TeleNav/install/turtle_interfaces/include/turtle_interfaces/turtle_interfaces/msg/detail/turtle_position__rosidl_typesupport_introspection_c.h
[1.084s] -- Up-to-date: /media/ros/fedora/home/maylis/Dokumente/TeleNav/install/turtle_interfaces/include/turtle_interfaces/turtle_interfaces/msg/detail/turtle_position__type_support.c
[1.085s] -- Up-to-date: /media/ros/fedora/home/maylis/Dokumente/TeleNav/install/turtle_interfaces/include/turtle_interfaces/turtle_interfaces/msg/detail/turtles_alive__rosidl_typesupport_introspection_c.h
[1.085s] -- Up-to-date: /media/ros/fedora/home/maylis/Dokumente/TeleNav/install/turtle_interfaces/include/turtle_interfaces/turtle_interfaces/msg/detail/turtles_alive__type_support.c
[1.085s] -- Up-to-date: /media/ros/fedora/home/maylis/Dokumente/TeleNav/install/turtle_interfaces/include/turtle_interfaces/turtle_interfaces/srv
[1.085s] -- Up-to-date: /media/ros/fedora/home/maylis/Dokumente/TeleNav/install/turtle_interfaces/include/turtle_interfaces/turtle_interfaces/srv/detail
[1.085s] -- Up-to-date: /media/ros/fedora/home/maylis/Dokumente/TeleNav/install/turtle_interfaces/include/turtle_interfaces/turtle_interfaces/srv/detail/catch__rosidl_typesupport_introspection_c.h
[1.085s] -- Up-to-date: /media/ros/fedora/home/maylis/Dokumente/TeleNav/install/turtle_interfaces/include/turtle_interfaces/turtle_interfaces/srv/detail/catch__type_support.c
[1.085s] -- Up-to-date: /media/ros/fedora/home/maylis/Dokumente/TeleNav/install/turtle_interfaces/lib/libturtle_interfaces__rosidl_typesupport_introspection_c.so
[1.088s] -- Up-to-date: /media/ros/fedora/home/maylis/Dokumente/TeleNav/install/turtle_interfaces/lib/libturtle_interfaces__rosidl_typesupport_c.so
[1.088s] -- Up-to-date: /media/ros/fedora/home/maylis/Dokumente/TeleNav/install/turtle_interfaces/include/turtle_interfaces/turtle_interfaces
[1.088s] -- Up-to-date: /media/ros/fedora/home/maylis/Dokumente/TeleNav/install/turtle_interfaces/include/turtle_interfaces/turtle_interfaces/msg
[1.088s] -- Up-to-date: /media/ros/fedora/home/maylis/Dokumente/TeleNav/install/turtle_interfaces/include/turtle_interfaces/turtle_interfaces/msg/rosidl_generator_cpp__visibility_control.hpp
[1.088s] -- Up-to-date: /media/ros/fedora/home/maylis/Dokumente/TeleNav/install/turtle_interfaces/include/turtle_interfaces/turtle_interfaces/msg/detail
[1.089s] -- Up-to-date: /media/ros/fedora/home/maylis/Dokumente/TeleNav/install/turtle_interfaces/include/turtle_interfaces/turtle_interfaces/msg/detail/turtle_position__builder.hpp
[1.089s] -- Up-to-date: /media/ros/fedora/home/maylis/Dokumente/TeleNav/install/turtle_interfaces/include/turtle_interfaces/turtle_interfaces/msg/detail/turtle_position__struct.hpp
[1.090s] -- Up-to-date: /media/ros/fedora/home/maylis/Dokumente/TeleNav/install/turtle_interfaces/include/turtle_interfaces/turtle_interfaces/msg/detail/turtle_position__traits.hpp
[1.091s] -- Up-to-date: /media/ros/fedora/home/maylis/Dokumente/TeleNav/install/turtle_interfaces/include/turtle_interfaces/turtle_interfaces/msg/detail/turtle_position__type_support.hpp
[1.092s] -- Up-to-date: /media/ros/fedora/home/maylis/Dokumente/TeleNav/install/turtle_interfaces/include/turtle_interfaces/turtle_interfaces/msg/detail/turtles_alive__builder.hpp
[1.093s] -- Up-to-date: /media/ros/fedora/home/maylis/Dokumente/TeleNav/install/turtle_interfaces/include/turtle_interfaces/turtle_interfaces/msg/detail/turtles_alive__struct.hpp
[1.093s] -- Up-to-date: /media/ros/fedora/home/maylis/Dokumente/TeleNav/install/turtle_interfaces/include/turtle_interfaces/turtle_interfaces/msg/detail/turtles_alive__traits.hpp
[1.093s] -- Up-to-date: /media/ros/fedora/home/maylis/Dokumente/TeleNav/install/turtle_interfaces/include/turtle_interfaces/turtle_interfaces/msg/detail/turtles_alive__type_support.hpp
[1.093s] -- Up-to-date: /media/ros/fedora/home/maylis/Dokumente/TeleNav/install/turtle_interfaces/include/turtle_interfaces/turtle_interfaces/msg/turtles_alive.hpp
[1.093s] -- Up-to-date: /media/ros/fedora/home/maylis/Dokumente/TeleNav/install/turtle_interfaces/include/turtle_interfaces/turtle_interfaces/msg/turtle_position.hpp
[1.093s] -- Up-to-date: /media/ros/fedora/home/maylis/Dokumente/TeleNav/install/turtle_interfaces/include/turtle_interfaces/turtle_interfaces/srv
[1.093s] -- Up-to-date: /media/ros/fedora/home/maylis/Dokumente/TeleNav/install/turtle_interfaces/include/turtle_interfaces/turtle_interfaces/srv/catch.hpp
[1.093s] -- Up-to-date: /media/ros/fedora/home/maylis/Dokumente/TeleNav/install/turtle_interfaces/include/turtle_interfaces/turtle_interfaces/srv/detail
[1.093s] -- Up-to-date: /media/ros/fedora/home/maylis/Dokumente/TeleNav/install/turtle_interfaces/include/turtle_interfaces/turtle_interfaces/srv/detail/catch__builder.hpp
[1.093s] -- Up-to-date: /media/ros/fedora/home/maylis/Dokumente/TeleNav/install/turtle_interfaces/include/turtle_interfaces/turtle_interfaces/srv/detail/catch__struct.hpp
[1.094s] -- Up-to-date: /media/ros/fedora/home/maylis/Dokumente/TeleNav/install/turtle_interfaces/include/turtle_interfaces/turtle_interfaces/srv/detail/catch__traits.hpp
[1.094s] -- Up-to-date: /media/ros/fedora/home/maylis/Dokumente/TeleNav/install/turtle_interfaces/include/turtle_interfaces/turtle_interfaces/srv/detail/catch__type_support.hpp
[1.094s] -- Up-to-date: /media/ros/fedora/home/maylis/Dokumente/TeleNav/install/turtle_interfaces/include/turtle_interfaces/turtle_interfaces
[1.094s] -- Up-to-date: /media/ros/fedora/home/maylis/Dokumente/TeleNav/install/turtle_interfaces/include/turtle_interfaces/turtle_interfaces/msg
[1.094s] -- Up-to-date: /media/ros/fedora/home/maylis/Dokumente/TeleNav/install/turtle_interfaces/include/turtle_interfaces/turtle_interfaces/msg/rosidl_typesupport_fastrtps_cpp__visibility_control.h
[1.094s] -- Up-to-date: /media/ros/fedora/home/maylis/Dokumente/TeleNav/install/turtle_interfaces/include/turtle_interfaces/turtle_interfaces/msg/detail
[1.097s] -- Up-to-date: /media/ros/fedora/home/maylis/Dokumente/TeleNav/install/turtle_interfaces/include/turtle_interfaces/turtle_interfaces/msg/detail/turtle_position__rosidl_typesupport_fastrtps_cpp.hpp
[1.098s] -- Up-to-date: /media/ros/fedora/home/maylis/Dokumente/TeleNav/install/turtle_interfaces/include/turtle_interfaces/turtle_interfaces/msg/detail/dds_fastrtps
[1.098s] -- Up-to-date: /media/ros/fedora/home/maylis/Dokumente/TeleNav/install/turtle_interfaces/include/turtle_interfaces/turtle_interfaces/msg/detail/turtles_alive__rosidl_typesupport_fastrtps_cpp.hpp
[1.098s] -- Up-to-date: /media/ros/fedora/home/maylis/Dokumente/TeleNav/install/turtle_interfaces/include/turtle_interfaces/turtle_interfaces/srv
[1.098s] -- Up-to-date: /media/ros/fedora/home/maylis/Dokumente/TeleNav/install/turtle_interfaces/include/turtle_interfaces/turtle_interfaces/srv/detail
[1.098s] -- Up-to-date: /media/ros/fedora/home/maylis/Dokumente/TeleNav/install/turtle_interfaces/include/turtle_interfaces/turtle_interfaces/srv/detail/catch__rosidl_typesupport_fastrtps_cpp.hpp
[1.098s] -- Up-to-date: /media/ros/fedora/home/maylis/Dokumente/TeleNav/install/turtle_interfaces/include/turtle_interfaces/turtle_interfaces/srv/detail/dds_fastrtps
[1.098s] -- Up-to-date: /media/ros/fedora/home/maylis/Dokumente/TeleNav/install/turtle_interfaces/lib/libturtle_interfaces__rosidl_typesupport_fastrtps_cpp.so
[1.098s] -- Up-to-date: /media/ros/fedora/home/maylis/Dokumente/TeleNav/install/turtle_interfaces/include/turtle_interfaces/turtle_interfaces
[1.098s] -- Up-to-date: /media/ros/fedora/home/maylis/Dokumente/TeleNav/install/turtle_interfaces/include/turtle_interfaces/turtle_interfaces/msg
[1.099s] -- Up-to-date: /media/ros/fedora/home/maylis/Dokumente/TeleNav/install/turtle_interfaces/include/turtle_interfaces/turtle_interfaces/msg/detail
[1.099s] -- Up-to-date: /media/ros/fedora/home/maylis/Dokumente/TeleNav/install/turtle_interfaces/include/turtle_interfaces/turtle_interfaces/msg/detail/turtle_position__rosidl_typesupport_introspection_cpp.hpp
[1.099s] -- Up-to-date: /media/ros/fedora/home/maylis/Dokumente/TeleNav/install/turtle_interfaces/include/turtle_interfaces/turtle_interfaces/msg/detail/turtle_position__type_support.cpp
[1.099s] -- Up-to-date: /media/ros/fedora/home/maylis/Dokumente/TeleNav/install/turtle_interfaces/include/turtle_interfaces/turtle_interfaces/msg/detail/turtles_alive__rosidl_typesupport_introspection_cpp.hpp
[1.099s] -- Up-to-date: /media/ros/fedora/home/maylis/Dokumente/TeleNav/install/turtle_interfaces/include/turtle_interfaces/turtle_interfaces/msg/detail/turtles_alive__type_support.cpp
[1.099s] -- Up-to-date: /media/ros/fedora/home/maylis/Dokumente/TeleNav/install/turtle_interfaces/include/turtle_interfaces/turtle_interfaces/srv
[1.099s] -- Up-to-date: /media/ros/fedora/home/maylis/Dokumente/TeleNav/install/turtle_interfaces/include/turtle_interfaces/turtle_interfaces/srv/detail
[1.099s] -- Up-to-date: /media/ros/fedora/home/maylis/Dokumente/TeleNav/install/turtle_interfaces/include/turtle_interfaces/turtle_interfaces/srv/detail/catch__rosidl_typesupport_introspection_cpp.hpp
[1.099s] -- Up-to-date: /media/ros/fedora/home/maylis/Dokumente/TeleNav/install/turtle_interfaces/include/turtle_interfaces/turtle_interfaces/srv/detail/catch__type_support.cpp
[1.099s] -- Up-to-date: /media/ros/fedora/home/maylis/Dokumente/TeleNav/install/turtle_interfaces/lib/libturtle_interfaces__rosidl_typesupport_introspection_cpp.so
[1.099s] -- Up-to-date: /media/ros/fedora/home/maylis/Dokumente/TeleNav/install/turtle_interfaces/lib/libturtle_interfaces__rosidl_typesupport_cpp.so
[1.099s] -- Up-to-date: /media/ros/fedora/home/maylis/Dokumente/TeleNav/install/turtle_interfaces/share/turtle_interfaces/environment/pythonpath.sh
[1.100s] -- Up-to-date: /media/ros/fedora/home/maylis/Dokumente/TeleNav/install/turtle_interfaces/share/turtle_interfaces/environment/pythonpath.dsv
[1.100s] -- Up-to-date: /media/ros/fedora/home/maylis/Dokumente/TeleNav/install/turtle_interfaces/local/lib/python3.10/dist-packages/turtle_interfaces-0.0.0-py3.10.egg-info
[1.100s] -- Installing: /media/ros/fedora/home/maylis/Dokumente/TeleNav/install/turtle_interfaces/local/lib/python3.10/dist-packages/turtle_interfaces-0.0.0-py3.10.egg-info/PKG-INFO
[1.100s] -- Installing: /media/ros/fedora/home/maylis/Dokumente/TeleNav/install/turtle_interfaces/local/lib/python3.10/dist-packages/turtle_interfaces-0.0.0-py3.10.egg-info/dependency_links.txt
[1.100s] -- Installing: /media/ros/fedora/home/maylis/Dokumente/TeleNav/install/turtle_interfaces/local/lib/python3.10/dist-packages/turtle_interfaces-0.0.0-py3.10.egg-info/top_level.txt
[1.102s] -- Installing: /media/ros/fedora/home/maylis/Dokumente/TeleNav/install/turtle_interfaces/local/lib/python3.10/dist-packages/turtle_interfaces-0.0.0-py3.10.egg-info/SOURCES.txt
[1.102s] -- Up-to-date: /media/ros/fedora/home/maylis/Dokumente/TeleNav/install/turtle_interfaces/local/lib/python3.10/dist-packages/turtle_interfaces
[1.103s] -- Up-to-date: /media/ros/fedora/home/maylis/Dokumente/TeleNav/install/turtle_interfaces/local/lib/python3.10/dist-packages/turtle_interfaces/__init__.py
[1.103s] -- Up-to-date: /media/ros/fedora/home/maylis/Dokumente/TeleNav/install/turtle_interfaces/local/lib/python3.10/dist-packages/turtle_interfaces/msg
[1.103s] -- Up-to-date: /media/ros/fedora/home/maylis/Dokumente/TeleNav/install/turtle_interfaces/local/lib/python3.10/dist-packages/turtle_interfaces/msg/_turtle_position.py
[1.103s] -- Up-to-date: /media/ros/fedora/home/maylis/Dokumente/TeleNav/install/turtle_interfaces/local/lib/python3.10/dist-packages/turtle_interfaces/msg/_turtle_position_s.c
[1.103s] -- Up-to-date: /media/ros/fedora/home/maylis/Dokumente/TeleNav/install/turtle_interfaces/local/lib/python3.10/dist-packages/turtle_interfaces/msg/_turtles_alive.py
[1.103s] -- Up-to-date: /media/ros/fedora/home/maylis/Dokumente/TeleNav/install/turtle_interfaces/local/lib/python3.10/dist-packages/turtle_interfaces/msg/_turtles_alive_s.c
[1.103s] -- Up-to-date: /media/ros/fedora/home/maylis/Dokumente/TeleNav/install/turtle_interfaces/local/lib/python3.10/dist-packages/turtle_interfaces/msg/__init__.py
[1.103s] -- Up-to-date: /media/ros/fedora/home/maylis/Dokumente/TeleNav/install/turtle_interfaces/local/lib/python3.10/dist-packages/turtle_interfaces/_turtle_interfaces_s.ep.rosidl_typesupport_introspection_c.c
[1.103s] -- Up-to-date: /media/ros/fedora/home/maylis/Dokumente/TeleNav/install/turtle_interfaces/local/lib/python3.10/dist-packages/turtle_interfaces/_turtle_interfaces_s.ep.rosidl_typesupport_c.c
[1.104s] -- Up-to-date: /media/ros/fedora/home/maylis/Dokumente/TeleNav/install/turtle_interfaces/local/lib/python3.10/dist-packages/turtle_interfaces/srv
[1.104s] -- Up-to-date: /media/ros/fedora/home/maylis/Dokumente/TeleNav/install/turtle_interfaces/local/lib/python3.10/dist-packages/turtle_interfaces/srv/_catch.py
[1.104s] -- Up-to-date: /media/ros/fedora/home/maylis/Dokumente/TeleNav/install/turtle_interfaces/local/lib/python3.10/dist-packages/turtle_interfaces/srv/_catch_s.c
[1.104s] -- Up-to-date: /media/ros/fedora/home/maylis/Dokumente/TeleNav/install/turtle_interfaces/local/lib/python3.10/dist-packages/turtle_interfaces/srv/__init__.py
[1.114s] -- Up-to-date: /media/ros/fedora/home/maylis/Dokumente/TeleNav/install/turtle_interfaces/local/lib/python3.10/dist-packages/turtle_interfaces/_turtle_interfaces_s.ep.rosidl_typesupport_fastrtps_c.c
[1.114s] -- Up-to-date: /media/ros/fedora/home/maylis/Dokumente/TeleNav/install/turtle_interfaces/local/lib/python3.10/dist-packages/turtle_interfaces/libturtle_interfaces__rosidl_generator_py.so
[1.114s] -- Up-to-date: /media/ros/fedora/home/maylis/Dokumente/TeleNav/install/turtle_interfaces/local/lib/python3.10/dist-packages/turtle_interfaces/turtle_interfaces_s__rosidl_typesupport_introspection_c.cpython-310-x86_64-linux-gnu.so
[1.114s] -- Up-to-date: /media/ros/fedora/home/maylis/Dokumente/TeleNav/install/turtle_interfaces/local/lib/python3.10/dist-packages/turtle_interfaces/turtle_interfaces_s__rosidl_typesupport_c.cpython-310-x86_64-linux-gnu.so
[1.114s] -- Up-to-date: /media/ros/fedora/home/maylis/Dokumente/TeleNav/install/turtle_interfaces/local/lib/python3.10/dist-packages/turtle_interfaces/turtle_interfaces_s__rosidl_typesupport_fastrtps_c.cpython-310-x86_64-linux-gnu.so
[1.167s] Listing '/media/ros/fedora/home/maylis/Dokumente/TeleNav/install/turtle_interfaces/local/lib/python3.10/dist-packages/turtle_interfaces'...
[1.167s] Listing '/media/ros/fedora/home/maylis/Dokumente/TeleNav/install/turtle_interfaces/local/lib/python3.10/dist-packages/turtle_interfaces/msg'...
[1.167s] Listing '/media/ros/fedora/home/maylis/Dokumente/TeleNav/install/turtle_interfaces/local/lib/python3.10/dist-packages/turtle_interfaces/srv'...
[1.174s] -- Up-to-date: /media/ros/fedora/home/maylis/Dokumente/TeleNav/install/turtle_interfaces/local/lib/python3.10/dist-packages/turtle_interfaces/turtle_interfaces_s__rosidl_typesupport_fastrtps_c.cpython-310-x86_64-linux-gnu.so
[1.177s] -- Up-to-date: /media/ros/fedora/home/maylis/Dokumente/TeleNav/install/turtle_interfaces/local/lib/python3.10/dist-packages/turtle_interfaces/turtle_interfaces_s__rosidl_typesupport_introspection_c.cpython-310-x86_64-linux-gnu.so
[1.179s] -- Up-to-date: /media/ros/fedora/home/maylis/Dokumente/TeleNav/install/turtle_interfaces/local/lib/python3.10/dist-packages/turtle_interfaces/turtle_interfaces_s__rosidl_typesupport_c.cpython-310-x86_64-linux-gnu.so
[1.180s] -- Up-to-date: /media/ros/fedora/home/maylis/Dokumente/TeleNav/install/turtle_interfaces/lib/libturtle_interfaces__rosidl_generator_py.so
[1.180s] -- Up-to-date: /media/ros/fedora/home/maylis/Dokumente/TeleNav/install/turtle_interfaces/share/turtle_interfaces/msg/TurtlePosition.idl
[1.181s] -- Up-to-date: /media/ros/fedora/home/maylis/Dokumente/TeleNav/install/turtle_interfaces/share/turtle_interfaces/msg/TurtlesAlive.idl
[1.181s] -- Up-to-date: /media/ros/fedora/home/maylis/Dokumente/TeleNav/install/turtle_interfaces/share/turtle_interfaces/srv/Catch.idl
[1.181s] -- Up-to-date: /media/ros/fedora/home/maylis/Dokumente/TeleNav/install/turtle_interfaces/share/turtle_interfaces/msg/TurtlePosition.msg
[1.182s] -- Up-to-date: /media/ros/fedora/home/maylis/Dokumente/TeleNav/install/turtle_interfaces/share/turtle_interfaces/msg/TurtlesAlive.msg
[1.183s] -- Up-to-date: /media/ros/fedora/home/maylis/Dokumente/TeleNav/install/turtle_interfaces/share/turtle_interfaces/srv/Catch.srv
[1.184s] -- Up-to-date: /media/ros/fedora/home/maylis/Dokumente/TeleNav/install/turtle_interfaces/share/turtle_interfaces/srv/Catch_Request.msg
[1.189s] -- Up-to-date: /media/ros/fedora/home/maylis/Dokumente/TeleNav/install/turtle_interfaces/share/turtle_interfaces/srv/Catch_Response.msg
[1.189s] -- Up-to-date: /media/ros/fedora/home/maylis/Dokumente/TeleNav/install/turtle_interfaces/share/ament_index/resource_index/package_run_dependencies/turtle_interfaces
[1.189s] -- Up-to-date: /media/ros/fedora/home/maylis/Dokumente/TeleNav/install/turtle_interfaces/share/ament_index/resource_index/parent_prefix_path/turtle_interfaces
[1.189s] -- Up-to-date: /media/ros/fedora/home/maylis/Dokumente/TeleNav/install/turtle_interfaces/share/turtle_interfaces/environment/ament_prefix_path.sh
[1.189s] -- Up-to-date: /media/ros/fedora/home/maylis/Dokumente/TeleNav/install/turtle_interfaces/share/turtle_interfaces/environment/ament_prefix_path.dsv
[1.189s] -- Up-to-date: /media/ros/fedora/home/maylis/Dokumente/TeleNav/install/turtle_interfaces/share/turtle_interfaces/environment/path.sh
[1.189s] -- Up-to-date: /media/ros/fedora/home/maylis/Dokumente/TeleNav/install/turtle_interfaces/share/turtle_interfaces/environment/path.dsv
[1.189s] -- Up-to-date: /media/ros/fedora/home/maylis/Dokumente/TeleNav/install/turtle_interfaces/share/turtle_interfaces/local_setup.bash
[1.190s] -- Up-to-date: /media/ros/fedora/home/maylis/Dokumente/TeleNav/install/turtle_interfaces/share/turtle_interfaces/local_setup.sh
[1.190s] -- Up-to-date: /media/ros/fedora/home/maylis/Dokumente/TeleNav/install/turtle_interfaces/share/turtle_interfaces/local_setup.zsh
[1.190s] -- Up-to-date: /media/ros/fedora/home/maylis/Dokumente/TeleNav/install/turtle_interfaces/share/turtle_interfaces/local_setup.dsv
[1.190s] -- Installing: /media/ros/fedora/home/maylis/Dokumente/TeleNav/install/turtle_interfaces/share/turtle_interfaces/package.dsv
[1.190s] -- Up-to-date: /media/ros/fedora/home/maylis/Dokumente/TeleNav/install/turtle_interfaces/share/ament_index/resource_index/packages/turtle_interfaces
[1.191s] -- Up-to-date: /media/ros/fedora/home/maylis/Dokumente/TeleNav/install/turtle_interfaces/share/turtle_interfaces/cmake/export_turtle_interfaces__rosidl_generator_cExport.cmake
[1.192s] -- Up-to-date: /media/ros/fedora/home/maylis/Dokumente/TeleNav/install/turtle_interfaces/share/turtle_interfaces/cmake/export_turtle_interfaces__rosidl_generator_cExport-noconfig.cmake
[1.193s] -- Up-to-date: /media/ros/fedora/home/maylis/Dokumente/TeleNav/install/turtle_interfaces/share/turtle_interfaces/cmake/export_turtle_interfaces__rosidl_typesupport_fastrtps_cExport.cmake
[1.194s] -- Up-to-date: /media/ros/fedora/home/maylis/Dokumente/TeleNav/install/turtle_interfaces/share/turtle_interfaces/cmake/export_turtle_interfaces__rosidl_typesupport_fastrtps_cExport-noconfig.cmake
[1.195s] -- Up-to-date: /media/ros/fedora/home/maylis/Dokumente/TeleNav/install/turtle_interfaces/share/turtle_interfaces/cmake/turtle_interfaces__rosidl_typesupport_introspection_cExport.cmake
[1.196s] -- Up-to-date: /media/ros/fedora/home/maylis/Dokumente/TeleNav/install/turtle_interfaces/share/turtle_interfaces/cmake/turtle_interfaces__rosidl_typesupport_introspection_cExport-noconfig.cmake
[1.196s] -- Up-to-date: /media/ros/fedora/home/maylis/Dokumente/TeleNav/install/turtle_interfaces/share/turtle_interfaces/cmake/turtle_interfaces__rosidl_typesupport_cExport.cmake
[1.196s] -- Up-to-date: /media/ros/fedora/home/maylis/Dokumente/TeleNav/install/turtle_interfaces/share/turtle_interfaces/cmake/turtle_interfaces__rosidl_typesupport_cExport-noconfig.cmake
[1.196s] -- Up-to-date: /media/ros/fedora/home/maylis/Dokumente/TeleNav/install/turtle_interfaces/share/turtle_interfaces/cmake/export_turtle_interfaces__rosidl_generator_cppExport.cmake
[1.197s] -- Up-to-date: /media/ros/fedora/home/maylis/Dokumente/TeleNav/install/turtle_interfaces/share/turtle_interfaces/cmake/export_turtle_interfaces__rosidl_typesupport_fastrtps_cppExport.cmake
[1.197s] -- Up-to-date: /media/ros/fedora/home/maylis/Dokumente/TeleNav/install/turtle_interfaces/share/turtle_interfaces/cmake/export_turtle_interfaces__rosidl_typesupport_fastrtps_cppExport-noconfig.cmake
[1.197s] -- Up-to-date: /media/ros/fedora/home/maylis/Dokumente/TeleNav/install/turtle_interfaces/share/turtle_interfaces/cmake/turtle_interfaces__rosidl_typesupport_introspection_cppExport.cmake
[1.197s] -- Up-to-date: /media/ros/fedora/home/maylis/Dokumente/TeleNav/install/turtle_interfaces/share/turtle_interfaces/cmake/turtle_interfaces__rosidl_typesupport_introspection_cppExport-noconfig.cmake
[1.208s] -- Up-to-date: /media/ros/fedora/home/maylis/Dokumente/TeleNav/install/turtle_interfaces/share/turtle_interfaces/cmake/turtle_interfaces__rosidl_typesupport_cppExport.cmake
[1.219s] -- Up-to-date: /media/ros/fedora/home/maylis/Dokumente/TeleNav/install/turtle_interfaces/share/turtle_interfaces/cmake/turtle_interfaces__rosidl_typesupport_cppExport-noconfig.cmake
[1.233s] -- Up-to-date: /media/ros/fedora/home/maylis/Dokumente/TeleNav/install/turtle_interfaces/share/turtle_interfaces/cmake/export_turtle_interfaces__rosidl_generator_pyExport.cmake
[1.233s] -- Up-to-date: /media/ros/fedora/home/maylis/Dokumente/TeleNav/install/turtle_interfaces/share/turtle_interfaces/cmake/export_turtle_interfaces__rosidl_generator_pyExport-noconfig.cmake
[1.233s] -- Up-to-date: /media/ros/fedora/home/maylis/Dokumente/TeleNav/install/turtle_interfaces/share/turtle_interfaces/cmake/rosidl_cmake-extras.cmake
[1.233s] -- Up-to-date: /media/ros/fedora/home/maylis/Dokumente/TeleNav/install/turtle_interfaces/share/turtle_interfaces/cmake/ament_cmake_export_include_directories-extras.cmake
[1.233s] -- Up-to-date: /media/ros/fedora/home/maylis/Dokumente/TeleNav/install/turtle_interfaces/share/turtle_interfaces/cmake/ament_cmake_export_libraries-extras.cmake
[1.233s] -- Up-to-date: /media/ros/fedora/home/maylis/Dokumente/TeleNav/install/turtle_interfaces/share/turtle_interfaces/cmake/ament_cmake_export_targets-extras.cmake
[1.239s] -- Up-to-date: /media/ros/fedora/home/maylis/Dokumente/TeleNav/install/turtle_interfaces/share/turtle_interfaces/cmake/rosidl_cmake_export_typesupport_targets-extras.cmake
[1.239s] -- Up-to-date: /media/ros/fedora/home/maylis/Dokumente/TeleNav/install/turtle_interfaces/share/turtle_interfaces/cmake/ament_cmake_export_dependencies-extras.cmake
[1.239s] -- Up-to-date: /media/ros/fedora/home/maylis/Dokumente/TeleNav/install/turtle_interfaces/share/turtle_interfaces/cmake/rosidl_cmake_export_typesupport_libraries-extras.cmake
[1.239s] -- Up-to-date: /media/ros/fedora/home/maylis/Dokumente/TeleNav/install/turtle_interfaces/share/turtle_interfaces/cmake/turtle_interfacesConfig.cmake
[1.239s] -- Up-to-date: /media/ros/fedora/home/maylis/Dokumente/TeleNav/install/turtle_interfaces/share/turtle_interfaces/cmake/turtle_interfacesConfig-version.cmake
[1.239s] -- Up-to-date: /media/ros/fedora/home/maylis/Dokumente/TeleNav/install/turtle_interfaces/share/turtle_interfaces/package.xml
[1.239s] Invoked command in '/media/ros/fedora/home/maylis/Dokumente/TeleNav/build/turtle_interfaces' returned '0': CMAKE_PREFIX_PATH=${CMAKE_PREFIX_PATH}:/media/ros/fedora/home/maylis/Dokumente/TeleNav/install/turtle_spawner:/media/ros/fedora/home/maylis/Dokumente/TeleNav/install/turtle_controller:/media/ros/fedora/home/maylis/Dokumente/TeleNav/install/my_robot_controller:/opt/ros/humble /usr/bin/cmake --install /media/ros/fedora/home/maylis/Dokumente/TeleNav/build/turtle_interfaces
