[0.027s] Invoking command in '/home/ros/Schreibtisch/Ros/TeleNav/simulation_dtour_ws/build/my_robot_bringup': CMAKE_PREFIX_PATH=${CMAKE_PREFIX_PATH}:/opt/ros/jazzy DEBUGINFOD_URLS=https://debuginfod.ubuntu.com /usr/bin/cmake /home/ros/Schreibtisch/Ros/TeleNav/simulation_dtour_ws/src/udemy_robot_bringup -DCMAKE_INSTALL_PREFIX=/home/ros/Schreibtisch/Ros/TeleNav/simulation_dtour_ws/install/my_robot_bringup
[0.329s] -- The C compiler identification is GNU 13.3.0
[0.593s] -- The CXX compiler identification is GNU 13.3.0
[0.663s] -- Detecting C compiler ABI info
[0.903s] -- Detecting C compiler ABI info - done
[0.920s] -- Check for working C compiler: /usr/bin/cc - skipped
[0.923s] -- Detecting C compile features
[0.929s] -- Detecting C compile features - done
[0.965s] -- Detecting CXX compiler ABI info
[1.252s] -- Detecting CXX compiler ABI info - done
[1.271s] -- Check for working CXX compiler: /usr/bin/c++ - skipped
[1.272s] -- Detecting CXX compile features
[1.273s] -- Detecting CXX compile features - done
[1.308s] -- Found ament_cmake: 2.5.4 (/opt/ros/jazzy/share/ament_cmake/cmake)
[2.137s] -- Found Python3: /usr/bin/python3 (found version "3.12.3") found components: Interpreter 
[2.683s] -- Configuring done (2.6s)
[2.692s] -- Generating done (0.0s)
[2.704s] -- Build files have been written to: /home/ros/Schreibtisch/Ros/TeleNav/simulation_dtour_ws/build/my_robot_bringup
[2.742s] Invoked command in '/home/ros/Schreibtisch/Ros/TeleNav/simulation_dtour_ws/build/my_robot_bringup' returned '0': CMAKE_PREFIX_PATH=${CMAKE_PREFIX_PATH}:/opt/ros/jazzy DEBUGINFOD_URLS=https://debuginfod.ubuntu.com /usr/bin/cmake /home/ros/Schreibtisch/Ros/TeleNav/simulation_dtour_ws/src/udemy_robot_bringup -DCMAKE_INSTALL_PREFIX=/home/ros/Schreibtisch/Ros/TeleNav/simulation_dtour_ws/install/my_robot_bringup
[2.742s] Invoking command in '/home/ros/Schreibtisch/Ros/TeleNav/simulation_dtour_ws/build/my_robot_bringup': CMAKE_PREFIX_PATH=${CMAKE_PREFIX_PATH}:/opt/ros/jazzy DEBUGINFOD_URLS=https://debuginfod.ubuntu.com /usr/bin/cmake --build /home/ros/Schreibtisch/Ros/TeleNav/simulation_dtour_ws/build/my_robot_bringup -- -j4 -l4
[2.853s] Invoked command in '/home/ros/Schreibtisch/Ros/TeleNav/simulation_dtour_ws/build/my_robot_bringup' returned '0': CMAKE_PREFIX_PATH=${CMAKE_PREFIX_PATH}:/opt/ros/jazzy DEBUGINFOD_URLS=https://debuginfod.ubuntu.com /usr/bin/cmake --build /home/ros/Schreibtisch/Ros/TeleNav/simulation_dtour_ws/build/my_robot_bringup -- -j4 -l4
[2.888s] Invoking command in '/home/ros/Schreibtisch/Ros/TeleNav/simulation_dtour_ws/build/my_robot_bringup': CMAKE_PREFIX_PATH=${CMAKE_PREFIX_PATH}:/opt/ros/jazzy DEBUGINFOD_URLS=https://debuginfod.ubuntu.com /usr/bin/cmake --install /home/ros/Schreibtisch/Ros/TeleNav/simulation_dtour_ws/build/my_robot_bringup
[2.919s] -- Install configuration: ""
[2.920s] -- Installing: /home/ros/Schreibtisch/Ros/TeleNav/simulation_dtour_ws/install/my_robot_bringup/share/my_robot_bringup//launch
[2.920s] -- Installing: /home/ros/Schreibtisch/Ros/TeleNav/simulation_dtour_ws/install/my_robot_bringup/share/my_robot_bringup//launch/my_robot_gazebo.launch.xml
[2.921s] -- Installing: /home/ros/Schreibtisch/Ros/TeleNav/simulation_dtour_ws/install/my_robot_bringup/share/my_robot_bringup//config
[2.922s] -- Installing: /home/ros/Schreibtisch/Ros/TeleNav/simulation_dtour_ws/install/my_robot_bringup/share/my_robot_bringup//config/gazebo_bridge.yaml
[2.922s] -- Installing: /home/ros/Schreibtisch/Ros/TeleNav/simulation_dtour_ws/install/my_robot_bringup/share/ament_index/resource_index/package_run_dependencies/my_robot_bringup
[2.923s] -- Installing: /home/ros/Schreibtisch/Ros/TeleNav/simulation_dtour_ws/install/my_robot_bringup/share/ament_index/resource_index/parent_prefix_path/my_robot_bringup
[2.923s] -- Installing: /home/ros/Schreibtisch/Ros/TeleNav/simulation_dtour_ws/install/my_robot_bringup/share/my_robot_bringup/environment/ament_prefix_path.sh
[2.925s] -- Installing: /home/ros/Schreibtisch/Ros/TeleNav/simulation_dtour_ws/install/my_robot_bringup/share/my_robot_bringup/environment/ament_prefix_path.dsv
[2.926s] -- Installing: /home/ros/Schreibtisch/Ros/TeleNav/simulation_dtour_ws/install/my_robot_bringup/share/my_robot_bringup/environment/path.sh
[2.926s] -- Installing: /home/ros/Schreibtisch/Ros/TeleNav/simulation_dtour_ws/install/my_robot_bringup/share/my_robot_bringup/environment/path.dsv
[2.926s] -- Installing: /home/ros/Schreibtisch/Ros/TeleNav/simulation_dtour_ws/install/my_robot_bringup/share/my_robot_bringup/local_setup.bash
[2.927s] -- Installing: /home/ros/Schreibtisch/Ros/TeleNav/simulation_dtour_ws/install/my_robot_bringup/share/my_robot_bringup/local_setup.sh
[2.927s] -- Installing: /home/ros/Schreibtisch/Ros/TeleNav/simulation_dtour_ws/install/my_robot_bringup/share/my_robot_bringup/local_setup.zsh
[2.929s] -- Installing: /home/ros/Schreibtisch/Ros/TeleNav/simulation_dtour_ws/install/my_robot_bringup/share/my_robot_bringup/local_setup.dsv
[2.929s] -- Installing: /home/ros/Schreibtisch/Ros/TeleNav/simulation_dtour_ws/install/my_robot_bringup/share/my_robot_bringup/package.dsv
[2.929s] -- Installing: /home/ros/Schreibtisch/Ros/TeleNav/simulation_dtour_ws/install/my_robot_bringup/share/ament_index/resource_index/packages/my_robot_bringup
[2.929s] -- Installing: /home/ros/Schreibtisch/Ros/TeleNav/simulation_dtour_ws/install/my_robot_bringup/share/my_robot_bringup/cmake/my_robot_bringupConfig.cmake
[2.929s] -- Installing: /home/ros/Schreibtisch/Ros/TeleNav/simulation_dtour_ws/install/my_robot_bringup/share/my_robot_bringup/cmake/my_robot_bringupConfig-version.cmake
[2.929s] -- Installing: /home/ros/Schreibtisch/Ros/TeleNav/simulation_dtour_ws/install/my_robot_bringup/share/my_robot_bringup/package.xml
[2.936s] Invoked command in '/home/ros/Schreibtisch/Ros/TeleNav/simulation_dtour_ws/build/my_robot_bringup' returned '0': CMAKE_PREFIX_PATH=${CMAKE_PREFIX_PATH}:/opt/ros/jazzy DEBUGINFOD_URLS=https://debuginfod.ubuntu.com /usr/bin/cmake --install /home/ros/Schreibtisch/Ros/TeleNav/simulation_dtour_ws/build/my_robot_bringup
