[0.020s] Invoking command in '/media/ros/fedora/home/maylis/Dokumente/TeleNav/project_ws/build/telerobot_description': CMAKE_PREFIX_PATH=${CMAKE_PREFIX_PATH}:/media/ros/fedora/home/maylis/Dokumente/TeleNav/project_ws/install/telerobot_controller:/opt/ros/humble /usr/bin/cmake --build /media/ros/fedora/home/maylis/Dokumente/TeleNav/project_ws/build/telerobot_description -- -j6 -l6
[0.053s] -- Found ament_cmake: 1.3.12 (/opt/ros/humble/share/ament_cmake/cmake)
[0.202s] -- Override CMake install command with custom implementation using symlinks instead of copying resources
[0.238s] -- Found rclpy: 3.3.17 (/opt/ros/humble/share/rclpy/cmake)
[0.238s] -- Found ament_lint_auto: 0.12.14 (/opt/ros/humble/share/ament_lint_auto/cmake)
[0.329s] -- Added test 'lint_cmake' to check CMake code style
[0.332s] -- Added test 'xmllint' to check XML markup files
[0.337s] -- Configuring done
[0.346s] -- Generating done
[0.348s] -- Build files have been written to: /media/ros/fedora/home/maylis/Dokumente/TeleNav/project_ws/build/telerobot_description
[0.389s] Invoked command in '/media/ros/fedora/home/maylis/Dokumente/TeleNav/project_ws/build/telerobot_description' returned '0': CMAKE_PREFIX_PATH=${CMAKE_PREFIX_PATH}:/media/ros/fedora/home/maylis/Dokumente/TeleNav/project_ws/install/telerobot_controller:/opt/ros/humble /usr/bin/cmake --build /media/ros/fedora/home/maylis/Dokumente/TeleNav/project_ws/build/telerobot_description -- -j6 -l6
[0.392s] Invoking command in '/media/ros/fedora/home/maylis/Dokumente/TeleNav/project_ws/build/telerobot_description': CMAKE_PREFIX_PATH=${CMAKE_PREFIX_PATH}:/media/ros/fedora/home/maylis/Dokumente/TeleNav/project_ws/install/telerobot_controller:/opt/ros/humble /usr/bin/cmake --install /media/ros/fedora/home/maylis/Dokumente/TeleNav/project_ws/build/telerobot_description
[0.398s] -- Install configuration: ""
[0.399s] -- Execute custom install script
[0.400s] -- Up-to-date symlink: /media/ros/fedora/home/maylis/Dokumente/TeleNav/project_ws/install/telerobot_description/share/telerobot_description//urdf/camera.xacro
[0.400s] -- Up-to-date symlink: /media/ros/fedora/home/maylis/Dokumente/TeleNav/project_ws/install/telerobot_description/share/telerobot_description//urdf/common_properties.xacro
[0.400s] -- Up-to-date symlink: /media/ros/fedora/home/maylis/Dokumente/TeleNav/project_ws/install/telerobot_description/share/telerobot_description//urdf/lidar.xacro
[0.401s] -- Symlinking: /media/ros/fedora/home/maylis/Dokumente/TeleNav/project_ws/install/telerobot_description/share/telerobot_description//urdf/mosro.urdf.xacro
[0.416s] -- Up-to-date symlink: /media/ros/fedora/home/maylis/Dokumente/TeleNav/project_ws/install/telerobot_description/share/telerobot_description//urdf/my_robot.urdf.xacro
[0.416s] -- Up-to-date symlink: /media/ros/fedora/home/maylis/Dokumente/TeleNav/project_ws/install/telerobot_description/share/telerobot_description//urdf/robot_base.xacro
[0.416s] -- Up-to-date symlink: /media/ros/fedora/home/maylis/Dokumente/TeleNav/project_ws/install/telerobot_description/share/telerobot_description//urdf/robot_base_gazebo.xacro
[0.416s] -- Up-to-date symlink: /media/ros/fedora/home/maylis/Dokumente/TeleNav/project_ws/install/telerobot_description/share/telerobot_description//urdf/simple_distance.xacro
[0.416s] -- Up-to-date symlink: /media/ros/fedora/home/maylis/Dokumente/TeleNav/project_ws/install/telerobot_description/share/telerobot_description//urdf/simple_robot.urdf.xacro
[0.416s] -- Symlinking: /media/ros/fedora/home/maylis/Dokumente/TeleNav/project_ws/install/telerobot_description/share/telerobot_description//urdf/telerobot_mosro_base.xacro
[0.425s] -- Up-to-date symlink: /media/ros/fedora/home/maylis/Dokumente/TeleNav/project_ws/install/telerobot_description/share/telerobot_description//launch/display.launch.xml
[0.425s] -- Symlinking: /media/ros/fedora/home/maylis/Dokumente/TeleNav/project_ws/install/telerobot_description/share/telerobot_description//launch/display_mosro.xml
[0.434s] -- Up-to-date symlink: /media/ros/fedora/home/maylis/Dokumente/TeleNav/project_ws/install/telerobot_description/share/telerobot_description//launch/display_simple.launch.xml
[0.436s] -- Up-to-date symlink: /media/ros/fedora/home/maylis/Dokumente/TeleNav/project_ws/install/telerobot_description/share/telerobot_description//rviz/urdf_config.rviz
[0.436s] -- Symlinking: /media/ros/fedora/home/maylis/Dokumente/TeleNav/project_ws/install/telerobot_description/share/telerobot_description//meshes/Mosro-PartReifen.stl
[0.444s] -- Symlinking: /media/ros/fedora/home/maylis/Dokumente/TeleNav/project_ws/install/telerobot_description/share/telerobot_description//meshes/Mosro.stl
[0.454s] -- Up-to-date symlink: /media/ros/fedora/home/maylis/Dokumente/TeleNav/project_ws/install/telerobot_description/share/ament_index/resource_index/package_run_dependencies/telerobot_description
[0.455s] -- Up-to-date symlink: /media/ros/fedora/home/maylis/Dokumente/TeleNav/project_ws/install/telerobot_description/share/ament_index/resource_index/parent_prefix_path/telerobot_description
[0.455s] -- Up-to-date symlink: /media/ros/fedora/home/maylis/Dokumente/TeleNav/project_ws/install/telerobot_description/share/telerobot_description/environment/ament_prefix_path.sh
[0.455s] -- Up-to-date symlink: /media/ros/fedora/home/maylis/Dokumente/TeleNav/project_ws/install/telerobot_description/share/telerobot_description/environment/ament_prefix_path.dsv
[0.456s] -- Up-to-date symlink: /media/ros/fedora/home/maylis/Dokumente/TeleNav/project_ws/install/telerobot_description/share/telerobot_description/environment/path.sh
[0.456s] -- Up-to-date symlink: /media/ros/fedora/home/maylis/Dokumente/TeleNav/project_ws/install/telerobot_description/share/telerobot_description/environment/path.dsv
[0.456s] -- Up-to-date symlink: /media/ros/fedora/home/maylis/Dokumente/TeleNav/project_ws/install/telerobot_description/share/telerobot_description/local_setup.bash
[0.456s] -- Up-to-date symlink: /media/ros/fedora/home/maylis/Dokumente/TeleNav/project_ws/install/telerobot_description/share/telerobot_description/local_setup.sh
[0.456s] -- Up-to-date symlink: /media/ros/fedora/home/maylis/Dokumente/TeleNav/project_ws/install/telerobot_description/share/telerobot_description/local_setup.zsh
[0.457s] -- Up-to-date symlink: /media/ros/fedora/home/maylis/Dokumente/TeleNav/project_ws/install/telerobot_description/share/telerobot_description/local_setup.dsv
[0.457s] -- Symlinking: /media/ros/fedora/home/maylis/Dokumente/TeleNav/project_ws/install/telerobot_description/share/telerobot_description/package.dsv
[0.466s] -- Up-to-date symlink: /media/ros/fedora/home/maylis/Dokumente/TeleNav/project_ws/install/telerobot_description/share/ament_index/resource_index/packages/telerobot_description
[0.466s] -- Up-to-date symlink: /media/ros/fedora/home/maylis/Dokumente/TeleNav/project_ws/install/telerobot_description/share/telerobot_description/cmake/telerobot_descriptionConfig.cmake
[0.466s] -- Up-to-date symlink: /media/ros/fedora/home/maylis/Dokumente/TeleNav/project_ws/install/telerobot_description/share/telerobot_description/cmake/telerobot_descriptionConfig-version.cmake
[0.467s] -- Up-to-date symlink: /media/ros/fedora/home/maylis/Dokumente/TeleNav/project_ws/install/telerobot_description/share/telerobot_description/package.xml
[0.474s] Invoked command in '/media/ros/fedora/home/maylis/Dokumente/TeleNav/project_ws/build/telerobot_description' returned '0': CMAKE_PREFIX_PATH=${CMAKE_PREFIX_PATH}:/media/ros/fedora/home/maylis/Dokumente/TeleNav/project_ws/install/telerobot_controller:/opt/ros/humble /usr/bin/cmake --install /media/ros/fedora/home/maylis/Dokumente/TeleNav/project_ws/build/telerobot_description
