[0.026s] Invoking command in '/home/ros/Schreibtisch/Ros/TeleNav/simulation_dtour_ws/build/turtlebot_description': CMAKE_PREFIX_PATH=${CMAKE_PREFIX_PATH}:/opt/ros/jazzy DEBUGINFOD_URLS=https://debuginfod.ubuntu.com /usr/bin/cmake --build /home/ros/Schreibtisch/Ros/TeleNav/simulation_dtour_ws/build/turtlebot_description -- -j4 -l4
[0.160s] Invoked command in '/home/ros/Schreibtisch/Ros/TeleNav/simulation_dtour_ws/build/turtlebot_description' returned '0': CMAKE_PREFIX_PATH=${CMAKE_PREFIX_PATH}:/opt/ros/jazzy DEBUGINFOD_URLS=https://debuginfod.ubuntu.com /usr/bin/cmake --build /home/ros/Schreibtisch/Ros/TeleNav/simulation_dtour_ws/build/turtlebot_description -- -j4 -l4
[0.161s] Invoking command in '/home/ros/Schreibtisch/Ros/TeleNav/simulation_dtour_ws/build/turtlebot_description': CMAKE_PREFIX_PATH=${CMAKE_PREFIX_PATH}:/opt/ros/jazzy DEBUGINFOD_URLS=https://debuginfod.ubuntu.com /usr/bin/cmake --install /home/ros/Schreibtisch/Ros/TeleNav/simulation_dtour_ws/build/turtlebot_description
[0.209s] -- Install configuration: ""
[0.209s] -- Up-to-date: /home/ros/Schreibtisch/Ros/TeleNav/simulation_dtour_ws/install/turtlebot_description/share/turtlebot_description//urdf
[0.209s] -- Up-to-date: /home/ros/Schreibtisch/Ros/TeleNav/simulation_dtour_ws/install/turtlebot_description/share/turtlebot_description//urdf/mobile_base_gazebo.xacro
[0.210s] -- Up-to-date: /home/ros/Schreibtisch/Ros/TeleNav/simulation_dtour_ws/install/turtlebot_description/share/turtlebot_description//urdf/common_properties.xacro
[0.210s] -- Up-to-date: /home/ros/Schreibtisch/Ros/TeleNav/simulation_dtour_ws/install/turtlebot_description/share/turtlebot_description//urdf/my_robot.urdf.xacro
[0.210s] -- Up-to-date: /home/ros/Schreibtisch/Ros/TeleNav/simulation_dtour_ws/install/turtlebot_description/share/turtlebot_description//urdf/mobile_base.xacro
[0.210s] -- Up-to-date: /home/ros/Schreibtisch/Ros/TeleNav/simulation_dtour_ws/install/turtlebot_description/share/turtlebot_description//launch
[0.210s] -- Up-to-date: /home/ros/Schreibtisch/Ros/TeleNav/simulation_dtour_ws/install/turtlebot_description/share/turtlebot_description//launch/display.launch.xml
[0.213s] -- Up-to-date: /home/ros/Schreibtisch/Ros/TeleNav/simulation_dtour_ws/install/turtlebot_description/share/turtlebot_description//launch/display.launch.py
[0.213s] -- Up-to-date: /home/ros/Schreibtisch/Ros/TeleNav/simulation_dtour_ws/install/turtlebot_description/share/turtlebot_description//rviz
[0.214s] -- Up-to-date: /home/ros/Schreibtisch/Ros/TeleNav/simulation_dtour_ws/install/turtlebot_description/share/turtlebot_description//rviz/urdf_config.rviz
[0.214s] -- Up-to-date: /home/ros/Schreibtisch/Ros/TeleNav/simulation_dtour_ws/install/turtlebot_description/share/ament_index/resource_index/package_run_dependencies/turtlebot_description
[0.215s] -- Up-to-date: /home/ros/Schreibtisch/Ros/TeleNav/simulation_dtour_ws/install/turtlebot_description/share/ament_index/resource_index/parent_prefix_path/turtlebot_description
[0.221s] -- Up-to-date: /home/ros/Schreibtisch/Ros/TeleNav/simulation_dtour_ws/install/turtlebot_description/share/turtlebot_description/environment/ament_prefix_path.sh
[0.221s] -- Up-to-date: /home/ros/Schreibtisch/Ros/TeleNav/simulation_dtour_ws/install/turtlebot_description/share/turtlebot_description/environment/ament_prefix_path.dsv
[0.221s] -- Up-to-date: /home/ros/Schreibtisch/Ros/TeleNav/simulation_dtour_ws/install/turtlebot_description/share/turtlebot_description/environment/path.sh
[0.221s] -- Up-to-date: /home/ros/Schreibtisch/Ros/TeleNav/simulation_dtour_ws/install/turtlebot_description/share/turtlebot_description/environment/path.dsv
[0.221s] -- Up-to-date: /home/ros/Schreibtisch/Ros/TeleNav/simulation_dtour_ws/install/turtlebot_description/share/turtlebot_description/local_setup.bash
[0.221s] -- Up-to-date: /home/ros/Schreibtisch/Ros/TeleNav/simulation_dtour_ws/install/turtlebot_description/share/turtlebot_description/local_setup.sh
[0.222s] -- Up-to-date: /home/ros/Schreibtisch/Ros/TeleNav/simulation_dtour_ws/install/turtlebot_description/share/turtlebot_description/local_setup.zsh
[0.222s] -- Up-to-date: /home/ros/Schreibtisch/Ros/TeleNav/simulation_dtour_ws/install/turtlebot_description/share/turtlebot_description/local_setup.dsv
[0.222s] -- Installing: /home/ros/Schreibtisch/Ros/TeleNav/simulation_dtour_ws/install/turtlebot_description/share/turtlebot_description/package.dsv
[0.222s] -- Up-to-date: /home/ros/Schreibtisch/Ros/TeleNav/simulation_dtour_ws/install/turtlebot_description/share/ament_index/resource_index/packages/turtlebot_description
[0.222s] -- Up-to-date: /home/ros/Schreibtisch/Ros/TeleNav/simulation_dtour_ws/install/turtlebot_description/share/turtlebot_description/cmake/turtlebot_descriptionConfig.cmake
[0.222s] -- Up-to-date: /home/ros/Schreibtisch/Ros/TeleNav/simulation_dtour_ws/install/turtlebot_description/share/turtlebot_description/cmake/turtlebot_descriptionConfig-version.cmake
[0.223s] -- Up-to-date: /home/ros/Schreibtisch/Ros/TeleNav/simulation_dtour_ws/install/turtlebot_description/share/turtlebot_description/package.xml
[0.249s] Invoked command in '/home/ros/Schreibtisch/Ros/TeleNav/simulation_dtour_ws/build/turtlebot_description' returned '0': CMAKE_PREFIX_PATH=${CMAKE_PREFIX_PATH}:/opt/ros/jazzy DEBUGINFOD_URLS=https://debuginfod.ubuntu.com /usr/bin/cmake --install /home/ros/Schreibtisch/Ros/TeleNav/simulation_dtour_ws/build/turtlebot_description
