[0.721s] Invoking command in '/media/ros/fedora/home/maylis/Dokumente/TeleNav/project_ws/src/telerobot_controller': PYTHONPATH=/media/ros/fedora/home/maylis/Dokumente/TeleNav/project_ws/build/telerobot_controller/prefix_override:/usr/lib/python3/dist-packages/colcon_core/task/python/colcon_distutils_commands:/media/ros/fedora/home/maylis/Dokumente/TeleNav/project_ws/install/telerobot_controller/lib/python3.10/site-packages:${PYTHONPATH} /usr/bin/python3 -W ignore:setup.py install is deprecated -W ignore:easy_install command is deprecated setup.py egg_info --egg-base ../../build/telerobot_controller build --build-base /media/ros/fedora/home/maylis/Dokumente/TeleNav/project_ws/build/telerobot_controller/build install --record /media/ros/fedora/home/maylis/Dokumente/TeleNav/project_ws/build/telerobot_controller/install.log --single-version-externally-managed install_data
[0.965s] running egg_info
[0.965s] writing ../../build/telerobot_controller/telerobot_controller.egg-info/PKG-INFO
[0.966s] writing dependency_links to ../../build/telerobot_controller/telerobot_controller.egg-info/dependency_links.txt
[0.966s] writing entry points to ../../build/telerobot_controller/telerobot_controller.egg-info/entry_points.txt
[0.966s] writing requirements to ../../build/telerobot_controller/telerobot_controller.egg-info/requires.txt
[0.966s] writing top-level names to ../../build/telerobot_controller/telerobot_controller.egg-info/top_level.txt
[0.968s] reading manifest file '../../build/telerobot_controller/telerobot_controller.egg-info/SOURCES.txt'
[0.969s] writing manifest file '../../build/telerobot_controller/telerobot_controller.egg-info/SOURCES.txt'
[0.969s] running build
[0.969s] running build_py
[0.969s] copying telerobot_controller/interface.py -> /media/ros/fedora/home/maylis/Dokumente/TeleNav/project_ws/build/telerobot_controller/build/lib/telerobot_controller
[0.969s] running install
[0.970s] running install_lib
[0.971s] copying /media/ros/fedora/home/maylis/Dokumente/TeleNav/project_ws/build/telerobot_controller/build/lib/telerobot_controller/interface.py -> /media/ros/fedora/home/maylis/Dokumente/TeleNav/project_ws/install/telerobot_controller/lib/python3.10/site-packages/telerobot_controller
[0.972s] byte-compiling /media/ros/fedora/home/maylis/Dokumente/TeleNav/project_ws/install/telerobot_controller/lib/python3.10/site-packages/telerobot_controller/interface.py to interface.cpython-310.pyc
[0.973s] running install_data
[0.973s] creating /media/ros/fedora/home/maylis/Dokumente/TeleNav/project_ws/install/telerobot_controller/share/telerobot_controller/templates
[0.973s] creating /media/ros/fedora/home/maylis/Dokumente/TeleNav/project_ws/install/telerobot_controller/share/telerobot_controller/static
[0.973s] running install_egg_info
[0.975s] removing '/media/ros/fedora/home/maylis/Dokumente/TeleNav/project_ws/install/telerobot_controller/lib/python3.10/site-packages/telerobot_controller-0.0.0-py3.10.egg-info' (and everything under it)
[0.975s] Copying ../../build/telerobot_controller/telerobot_controller.egg-info to /media/ros/fedora/home/maylis/Dokumente/TeleNav/project_ws/install/telerobot_controller/lib/python3.10/site-packages/telerobot_controller-0.0.0-py3.10.egg-info
[0.976s] running install_scripts
[0.995s] Installing controller script to /media/ros/fedora/home/maylis/Dokumente/TeleNav/project_ws/install/telerobot_controller/lib/telerobot_controller
[0.996s] Installing interface script to /media/ros/fedora/home/maylis/Dokumente/TeleNav/project_ws/install/telerobot_controller/lib/telerobot_controller
[0.996s] writing list of installed files to '/media/ros/fedora/home/maylis/Dokumente/TeleNav/project_ws/build/telerobot_controller/install.log'
[1.037s] Invoked command in '/media/ros/fedora/home/maylis/Dokumente/TeleNav/project_ws/src/telerobot_controller' returned '0': PYTHONPATH=/media/ros/fedora/home/maylis/Dokumente/TeleNav/project_ws/build/telerobot_controller/prefix_override:/usr/lib/python3/dist-packages/colcon_core/task/python/colcon_distutils_commands:/media/ros/fedora/home/maylis/Dokumente/TeleNav/project_ws/install/telerobot_controller/lib/python3.10/site-packages:${PYTHONPATH} /usr/bin/python3 -W ignore:setup.py install is deprecated -W ignore:easy_install command is deprecated setup.py egg_info --egg-base ../../build/telerobot_controller build --build-base /media/ros/fedora/home/maylis/Dokumente/TeleNav/project_ws/build/telerobot_controller/build install --record /media/ros/fedora/home/maylis/Dokumente/TeleNav/project_ws/build/telerobot_controller/install.log --single-version-externally-managed install_data
