[0.016s] Invoking command in '/media/ros/fedora/home/maylis/Dokumente/TeleNav/bumberbot_ws/build/bumperbot_cpp_examples': CMAKE_PREFIX_PATH=/opt/ros/iron /usr/bin/cmake /media/ros/fedora/home/maylis/Dokumente/TeleNav/bumberbot_ws/bumperbot_cpp_examples -DCMAKE_INSTALL_PREFIX=/media/ros/fedora/home/maylis/Dokumente/TeleNav/bumberbot_ws/install/bumperbot_cpp_examples
[0.065s] -- The C compiler identification is GNU 11.4.0
[0.121s] -- The CXX compiler identification is GNU 11.4.0
[0.133s] -- Detecting C compiler ABI info
[0.202s] -- Detecting C compiler ABI info - done
[0.218s] -- Check for working C compiler: /usr/bin/cc - skipped
[0.218s] -- Detecting C compile features
[0.219s] -- Detecting C compile features - done
[0.226s] -- Detecting CXX compiler ABI info
[0.303s] -- Detecting CXX compiler ABI info - done
[0.311s] -- Check for working CXX compiler: /usr/bin/c++ - skipped
[0.312s] -- Detecting CXX compile features
[0.312s] -- Detecting CXX compile features - done
[0.316s] -- Found ament_cmake: 2.0.7 (/opt/ros/iron/share/ament_cmake/cmake)
[0.474s] -- Found Python3: /usr/bin/python3.10 (found version "3.10.12") found components: Interpreter 
[0.559s] -- Found ament_lint_auto: 0.14.4 (/opt/ros/iron/share/ament_lint_auto/cmake)
[0.626s] -- Added test 'lint_cmake' to check CMake code style
[0.628s] -- Added test 'xmllint' to check XML markup files
[0.628s] -- Configuring done
[0.631s] -- Generating done
[0.634s] -- Build files have been written to: /media/ros/fedora/home/maylis/Dokumente/TeleNav/bumberbot_ws/build/bumperbot_cpp_examples
[0.639s] Invoked command in '/media/ros/fedora/home/maylis/Dokumente/TeleNav/bumberbot_ws/build/bumperbot_cpp_examples' returned '0': CMAKE_PREFIX_PATH=/opt/ros/iron /usr/bin/cmake /media/ros/fedora/home/maylis/Dokumente/TeleNav/bumberbot_ws/bumperbot_cpp_examples -DCMAKE_INSTALL_PREFIX=/media/ros/fedora/home/maylis/Dokumente/TeleNav/bumberbot_ws/install/bumperbot_cpp_examples
[0.641s] Invoking command in '/media/ros/fedora/home/maylis/Dokumente/TeleNav/bumberbot_ws/build/bumperbot_cpp_examples': CMAKE_PREFIX_PATH=/opt/ros/iron /usr/bin/cmake --build /media/ros/fedora/home/maylis/Dokumente/TeleNav/bumberbot_ws/build/bumperbot_cpp_examples -- -j6 -l6
[0.676s] Invoked command in '/media/ros/fedora/home/maylis/Dokumente/TeleNav/bumberbot_ws/build/bumperbot_cpp_examples' returned '0': CMAKE_PREFIX_PATH=/opt/ros/iron /usr/bin/cmake --build /media/ros/fedora/home/maylis/Dokumente/TeleNav/bumberbot_ws/build/bumperbot_cpp_examples -- -j6 -l6
[0.686s] Invoking command in '/media/ros/fedora/home/maylis/Dokumente/TeleNav/bumberbot_ws/build/bumperbot_cpp_examples': CMAKE_PREFIX_PATH=/opt/ros/iron /usr/bin/cmake --install /media/ros/fedora/home/maylis/Dokumente/TeleNav/bumberbot_ws/build/bumperbot_cpp_examples
[0.691s] -- Install configuration: ""
[0.692s] -- Installing: /media/ros/fedora/home/maylis/Dokumente/TeleNav/bumberbot_ws/install/bumperbot_cpp_examples/share/ament_index/resource_index/package_run_dependencies/bumperbot_cpp_examples
[0.692s] -- Installing: /media/ros/fedora/home/maylis/Dokumente/TeleNav/bumberbot_ws/install/bumperbot_cpp_examples/share/ament_index/resource_index/parent_prefix_path/bumperbot_cpp_examples
[0.692s] -- Installing: /media/ros/fedora/home/maylis/Dokumente/TeleNav/bumberbot_ws/install/bumperbot_cpp_examples/share/bumperbot_cpp_examples/environment/ament_prefix_path.sh
[0.692s] -- Installing: /media/ros/fedora/home/maylis/Dokumente/TeleNav/bumberbot_ws/install/bumperbot_cpp_examples/share/bumperbot_cpp_examples/environment/ament_prefix_path.dsv
[0.692s] -- Installing: /media/ros/fedora/home/maylis/Dokumente/TeleNav/bumberbot_ws/install/bumperbot_cpp_examples/share/bumperbot_cpp_examples/environment/path.sh
[0.692s] -- Installing: /media/ros/fedora/home/maylis/Dokumente/TeleNav/bumberbot_ws/install/bumperbot_cpp_examples/share/bumperbot_cpp_examples/environment/path.dsv
[0.693s] -- Installing: /media/ros/fedora/home/maylis/Dokumente/TeleNav/bumberbot_ws/install/bumperbot_cpp_examples/share/bumperbot_cpp_examples/local_setup.bash
[0.693s] -- Installing: /media/ros/fedora/home/maylis/Dokumente/TeleNav/bumberbot_ws/install/bumperbot_cpp_examples/share/bumperbot_cpp_examples/local_setup.sh
[0.693s] -- Installing: /media/ros/fedora/home/maylis/Dokumente/TeleNav/bumberbot_ws/install/bumperbot_cpp_examples/share/bumperbot_cpp_examples/local_setup.zsh
[0.693s] -- Installing: /media/ros/fedora/home/maylis/Dokumente/TeleNav/bumberbot_ws/install/bumperbot_cpp_examples/share/bumperbot_cpp_examples/local_setup.dsv
[0.693s] -- Installing: /media/ros/fedora/home/maylis/Dokumente/TeleNav/bumberbot_ws/install/bumperbot_cpp_examples/share/bumperbot_cpp_examples/package.dsv
[0.693s] -- Installing: /media/ros/fedora/home/maylis/Dokumente/TeleNav/bumberbot_ws/install/bumperbot_cpp_examples/share/ament_index/resource_index/packages/bumperbot_cpp_examples
[0.693s] -- Installing: /media/ros/fedora/home/maylis/Dokumente/TeleNav/bumberbot_ws/install/bumperbot_cpp_examples/share/bumperbot_cpp_examples/cmake/bumperbot_cpp_examplesConfig.cmake
[0.693s] -- Installing: /media/ros/fedora/home/maylis/Dokumente/TeleNav/bumberbot_ws/install/bumperbot_cpp_examples/share/bumperbot_cpp_examples/cmake/bumperbot_cpp_examplesConfig-version.cmake
[0.693s] -- Installing: /media/ros/fedora/home/maylis/Dokumente/TeleNav/bumberbot_ws/install/bumperbot_cpp_examples/share/bumperbot_cpp_examples/package.xml
[0.695s] Invoked command in '/media/ros/fedora/home/maylis/Dokumente/TeleNav/bumberbot_ws/build/bumperbot_cpp_examples' returned '0': CMAKE_PREFIX_PATH=/opt/ros/iron /usr/bin/cmake --install /media/ros/fedora/home/maylis/Dokumente/TeleNav/bumberbot_ws/build/bumperbot_cpp_examples
